<?xml version="1.0" encoding="UTF-8"?>
<testsuite xmlns:xsi="http://www.w3.org/2001/XMLSchema-instance" xsi:schemaLocation="https://maven.apache.org/surefire/maven-surefire-plugin/xsd/surefire-test-report.xsd" name="cn.wizzer.test.SimpleTest" time="10.288" tests="37" errors="37" skipped="0" failures="0">
  <properties>
    <property name="idea.version" value="2018.2.4"/>
    <property name="java.runtime.name" value="Java(TM) SE Runtime Environment"/>
    <property name="sun.boot.library.path" value="C:\Program Files\Java\jdk1.8.0_161\jre\bin"/>
    <property name="java.vm.version" value="25.161-b12"/>
    <property name="java.vm.vendor" value="Oracle Corporation"/>
    <property name="maven.multiModuleProjectDirectory" value="C:\Users\Administrator\IdeaProjects\XA-Instrument"/>
    <property name="java.vendor.url" value="http://java.oracle.com/"/>
    <property name="path.separator" value=";"/>
    <property name="guice.disable.misplaced.annotation.check" value="true"/>
    <property name="java.vm.name" value="Java HotSpot(TM) 64-Bit Server VM"/>
    <property name="file.encoding.pkg" value="sun.io"/>
    <property name="user.script" value=""/>
    <property name="user.country" value="CN"/>
    <property name="sun.java.launcher" value="SUN_STANDARD"/>
    <property name="sun.os.patch.level" value=""/>
    <property name="java.vm.specification.name" value="Java Virtual Machine Specification"/>
    <property name="user.dir" value="C:\Users\Administrator\IdeaProjects\XA-Instrument"/>
    <property name="java.runtime.version" value="1.8.0_161-b12"/>
    <property name="java.awt.graphicsenv" value="sun.awt.Win32GraphicsEnvironment"/>
    <property name="java.endorsed.dirs" value="C:\Program Files\Java\jdk1.8.0_161\jre\lib\endorsed"/>
    <property name="os.arch" value="amd64"/>
    <property name="java.io.tmpdir" value="C:\Users\ADMINI~1\AppData\Local\Temp\"/>
    <property name="line.separator" value="&#10;"/>
    <property name="java.vm.specification.vendor" value="Oracle Corporation"/>
    <property name="user.variant" value=""/>
    <property name="os.name" value="Windows 10"/>
    <property name="classworlds.conf" value="C:\Program Files\JetBrains\IntelliJ IDEA 2018.2.4\plugins\maven\lib\maven3\bin\m2.conf"/>
    <property name="sun.jnu.encoding" value="GBK"/>
    <property name="java.library.path" value="C:\Program Files\Java\jdk1.8.0_161\bin;C:\Windows\Sun\Java\bin;C:\Windows\system32;C:\Windows;C:\ProgramData\Oracle\Java\javapath;C:\Windows\system32;C:\Windows;C:\Windows\System32\Wbem;C:\Windows\System32\WindowsPowerShell\v1.0\;D:\Download\DataBase\mysql-5.7.23-winx64\bin;C:\Program Files\Java\jdk1.8.0_161\bin;C:\Program Files\Java\jdk1.8.0_161\jre\bin;D:\Download\Maven\apache-maven-3.5.2\bin;C:\Program Files\Git\cmd;C:\Users\Administrator\AppData\Local\Microsoft\WindowsApps;;."/>
    <property name="java.specification.name" value="Java Platform API Specification"/>
    <property name="java.class.version" value="52.0"/>
    <property name="sun.management.compiler" value="HotSpot 64-Bit Tiered Compilers"/>
    <property name="os.version" value="10.0"/>
    <property name="user.home" value="C:\Users\Administrator"/>
    <property name="user.timezone" value="Asia/Shanghai"/>
    <property name="java.awt.printerjob" value="sun.awt.windows.WPrinterJob"/>
    <property name="java.specification.version" value="1.8"/>
    <property name="file.encoding" value="UTF-8"/>
    <property name="user.name" value="Administrator"/>
    <property name="java.class.path" value="C:\Program Files\JetBrains\IntelliJ IDEA 2018.2.4\plugins\maven\lib\maven3\boot\plexus-classworlds-2.5.2.jar;C:\Program Files\JetBrains\IntelliJ IDEA 2018.2.4\lib\idea_rt.jar"/>
    <property name="java.vm.specification.version" value="1.8"/>
    <property name="sun.arch.data.model" value="64"/>
    <property name="java.home" value="C:\Program Files\Java\jdk1.8.0_161\jre"/>
    <property name="sun.java.command" value="org.codehaus.classworlds.Launcher -Didea.version=2018.2.4 install"/>
    <property name="java.specification.vendor" value="Oracle Corporation"/>
    <property name="user.language" value="zh"/>
    <property name="awt.toolkit" value="sun.awt.windows.WToolkit"/>
    <property name="java.vm.info" value="mixed mode"/>
    <property name="java.version" value="1.8.0_161"/>
    <property name="java.ext.dirs" value="C:\Program Files\Java\jdk1.8.0_161\jre\lib\ext;C:\Windows\Sun\Java\lib\ext"/>
    <property name="sun.boot.class.path" value="C:\Program Files\Java\jdk1.8.0_161\jre\lib\resources.jar;C:\Program Files\Java\jdk1.8.0_161\jre\lib\rt.jar;C:\Program Files\Java\jdk1.8.0_161\jre\lib\sunrsasign.jar;C:\Program Files\Java\jdk1.8.0_161\jre\lib\jsse.jar;C:\Program Files\Java\jdk1.8.0_161\jre\lib\jce.jar;C:\Program Files\Java\jdk1.8.0_161\jre\lib\charsets.jar;C:\Program Files\Java\jdk1.8.0_161\jre\lib\jfr.jar;C:\Program Files\Java\jdk1.8.0_161\jre\classes"/>
    <property name="java.vendor" value="Oracle Corporation"/>
    <property name="maven.home" value="C:\Program Files\JetBrains\IntelliJ IDEA 2018.2.4\plugins\maven\lib\maven3"/>
    <property name="file.separator" value="\"/>
    <property name="java.vendor.url.bug" value="http://bugreport.sun.com/bugreport/"/>
    <property name="sun.cpu.endian" value="little"/>
    <property name="sun.io.unicode.encoding" value="UnicodeLittle"/>
    <property name="sun.desktop" value="windows"/>
    <property name="sun.cpu.isalist" value="amd64"/>
  </properties>
  <testcase name="testOrderAndOrderEntry" classname="cn.wizzer.test.SimpleTest" time="0.005">
    <error message="IocBean[simpleTest] throw Exception when creating" type="org.nutz.ioc.IocException">org.nutz.ioc.IocException: IocBean[simpleTest] throw Exception when creating
Caused by: java.lang.RuntimeException: IocBean[simpleTest] fail at field=[dao]
Caused by: org.nutz.ioc.IocException: IocBean[dao -> dataSource] throw Exception when creating
Caused by: java.lang.IllegalArgumentException: Failed to decrypt.
Caused by: java.lang.IllegalArgumentException: String length must be a multiple of four.
</error>
    <system-out><![CDATA[[DEBUG] 2018-10-15 16:13:17,221 org.nutz.resource.Scans.printLocations(Scans.java:521) - Locations count=91 time use 58ms
[DEBUG] 2018-10-15 16:13:17,233 org.nutz.resource.Scans.scan(Scans.java:274) - Found 4 resource by src( config/ioc/ ) , regex( ^(.+[.])(js|json)$ )
[DEBUG] 2018-10-15 16:13:17,233 org.nutz.ioc.loader.json.JsonLoader.<init>(JsonLoader.java:49) - loading [dao.json]
[DEBUG] 2018-10-15 16:13:17,269 org.nutz.castor.Castors.reload(Castors.java:115) - Using 95 castor for Castors
[DEBUG] 2018-10-15 16:13:17,273 org.nutz.ioc.loader.json.JsonLoader.<init>(JsonLoader.java:49) - loading [ehcache.json]
[DEBUG] 2018-10-15 16:13:17,274 org.nutz.ioc.loader.json.JsonLoader.<init>(JsonLoader.java:49) - loading [mail.json]
[DEBUG] 2018-10-15 16:13:17,274 org.nutz.ioc.loader.json.JsonLoader.<init>(JsonLoader.java:49) - loading [upload.json]
[DEBUG] 2018-10-15 16:13:17,276 org.nutz.ioc.loader.json.JsonLoader.<init>(JsonLoader.java:57) - Loaded 15 bean define from path=[config/ioc/] --> [videoUpload, conf, uploadVideoContext, imageUpload, fileUpload, cacheManager, dao, cacheProvider, emailAuthenticator, uploadFileContext, htmlEmail, cacheExecutor, tmpFilePool, uploadImageContext, dataSource]
[DEBUG] 2018-10-15 16:13:17,536 org.nutz.resource.Scans.scan(Scans.java:274) - Found 452 resource by src( cn/wizzer/ ) , regex( ^.+[.]class$ )
[DEBUG] 2018-10-15 16:13:17,778 org.nutz.ioc.loader.annotation.AnnotationIocLoader.addClass(AnnotationIocLoader.java:76) - Found @IocBean : class cn.wizzer.framework.util.StringUtil
[DEBUG] 2018-10-15 16:13:17,780 org.nutz.ioc.loader.annotation.AnnotationIocLoader.addClass(AnnotationIocLoader.java:76) - Found @IocBean : class cn.wizzer.framework.util.CookieUtil
[DEBUG] 2018-10-15 16:13:17,783 org.nutz.ioc.loader.annotation.AnnotationIocLoader.addClass(AnnotationIocLoader.java:76) - Found @IocBean : class cn.wizzer.framework.ig.RedisIdGenerator
[DEBUG] 2018-10-15 16:13:17,787 org.nutz.ioc.loader.annotation.AnnotationIocLoader.addClass(AnnotationIocLoader.java:76) - Found @IocBean : class cn.wizzer.framework.util.DateUtil
[DEBUG] 2018-10-15 16:13:17,788 org.nutz.ioc.loader.annotation.AnnotationIocLoader.addClass(AnnotationIocLoader.java:76) - Found @IocBean : class cn.wizzer.framework.shiro.interceptor.NutShiroMethodInterceptor
[DEBUG] 2018-10-15 16:13:17,790 org.nutz.ioc.loader.annotation.AnnotationIocLoader.addClass(AnnotationIocLoader.java:76) - Found @IocBean : class cn.wizzer.framework.util.IdcardUtil
[DEBUG] 2018-10-15 16:13:17,791 org.nutz.ioc.loader.annotation.AnnotationIocLoader.addClass(AnnotationIocLoader.java:76) - Found @IocBean : class cn.wizzer.framework.rabbit.RabbitProducer
[DEBUG] 2018-10-15 16:13:17,795 org.nutz.ioc.loader.annotation.AnnotationIocLoader.addClass(AnnotationIocLoader.java:76) - Found @IocBean : class cn.wizzer.framework.util.RSAUtil
[DEBUG] 2018-10-15 16:13:17,872 org.nutz.ioc.loader.annotation.AnnotationIocLoader.addClass(AnnotationIocLoader.java:76) - Found @IocBean : class cn.wizzer.framework.util.ShiroUtil
[DEBUG] 2018-10-15 16:13:17,874 org.nutz.ioc.loader.annotation.AnnotationIocLoader.addClass(AnnotationIocLoader.java:76) - Found @IocBean : class cn.wizzer.framework.util.Code128Util
[DEBUG] 2018-10-15 16:13:17,879 org.nutz.ioc.loader.annotation.AnnotationIocLoader.addClass(AnnotationIocLoader.java:76) - Found @IocBean : class cn.wizzer.app.base.modules.services.impl.BaseAirmeterialServiceImpl
[DEBUG] 2018-10-15 16:13:17,890 org.nutz.ioc.loader.annotation.AnnotationIocLoader.addClass(AnnotationIocLoader.java:76) - Found @IocBean : class cn.wizzer.app.base.modules.services.impl.BaseAirportServiceImpl
[DEBUG] 2018-10-15 16:13:17,892 org.nutz.ioc.loader.annotation.AnnotationIocLoader.addClass(AnnotationIocLoader.java:76) - Found @IocBean : class cn.wizzer.app.base.modules.services.impl.BaseCnctobjServiceImpl
[DEBUG] 2018-10-15 16:13:17,894 org.nutz.ioc.loader.annotation.AnnotationIocLoader.addClass(AnnotationIocLoader.java:76) - Found @IocBean : class cn.wizzer.app.base.modules.services.impl.BaseCustomerServiceImpl
[DEBUG] 2018-10-15 16:13:17,896 org.nutz.ioc.loader.annotation.AnnotationIocLoader.addClass(AnnotationIocLoader.java:76) - Found @IocBean : class cn.wizzer.app.base.modules.services.impl.BaseDeptServiceImpl
[DEBUG] 2018-10-15 16:13:17,898 org.nutz.ioc.loader.annotation.AnnotationIocLoader.addClass(AnnotationIocLoader.java:76) - Found @IocBean : class cn.wizzer.app.base.modules.services.impl.BaseJobServiceImpl
[DEBUG] 2018-10-15 16:13:17,899 org.nutz.ioc.loader.annotation.AnnotationIocLoader.addClass(AnnotationIocLoader.java:76) - Found @IocBean : class cn.wizzer.app.base.modules.services.impl.BasePersonpoolServiceImpl
[DEBUG] 2018-10-15 16:13:17,901 org.nutz.ioc.loader.annotation.AnnotationIocLoader.addClass(AnnotationIocLoader.java:76) - Found @IocBean : class cn.wizzer.app.base.modules.services.impl.BasePersonServiceImpl
[DEBUG] 2018-10-15 16:13:17,903 org.nutz.ioc.loader.annotation.AnnotationIocLoader.addClass(AnnotationIocLoader.java:76) - Found @IocBean : class cn.wizzer.app.base.modules.services.impl.BasePlaceServiceImpl
[DEBUG] 2018-10-15 16:13:17,906 org.nutz.ioc.loader.annotation.AnnotationIocLoader.addClass(AnnotationIocLoader.java:76) - Found @IocBean : class cn.wizzer.app.base.modules.services.impl.BasePostServiceImpl
[DEBUG] 2018-10-15 16:13:17,916 org.nutz.ioc.loader.annotation.AnnotationIocLoader.addClass(AnnotationIocLoader.java:76) - Found @IocBean : class cn.wizzer.app.base.modules.services.impl.BaseRowofficeentryServiceImpl
[DEBUG] 2018-10-15 16:13:17,918 org.nutz.ioc.loader.annotation.AnnotationIocLoader.addClass(AnnotationIocLoader.java:76) - Found @IocBean : class cn.wizzer.app.base.modules.services.impl.BaseRowofficeServiceImpl
[DEBUG] 2018-10-15 16:13:17,919 org.nutz.ioc.loader.annotation.AnnotationIocLoader.addClass(AnnotationIocLoader.java:76) - Found @IocBean : class cn.wizzer.app.base.modules.services.impl.BaseVehicleServiceImpl
[DEBUG] 2018-10-15 16:13:17,920 org.nutz.ioc.loader.annotation.AnnotationIocLoader.addClass(AnnotationIocLoader.java:76) - Found @IocBean : class cn.wizzer.app.base.modules.services.impl.BaseWarehouseServiceImpl
[DEBUG] 2018-10-15 16:13:17,922 org.nutz.ioc.loader.annotation.AnnotationIocLoader.addClass(AnnotationIocLoader.java:76) - Found @IocBean : class cn.wizzer.app.cms.modules.services.impl.CmsArticleServiceImpl
[DEBUG] 2018-10-15 16:13:17,923 org.nutz.ioc.loader.annotation.AnnotationIocLoader.addClass(AnnotationIocLoader.java:76) - Found @IocBean : class cn.wizzer.app.cms.modules.services.impl.CmsChannelServiceImpl
[DEBUG] 2018-10-15 16:13:17,924 org.nutz.ioc.loader.annotation.AnnotationIocLoader.addClass(AnnotationIocLoader.java:76) - Found @IocBean : class cn.wizzer.app.cms.modules.services.impl.CmsLinkClassServiceImpl
[DEBUG] 2018-10-15 16:13:17,925 org.nutz.ioc.loader.annotation.AnnotationIocLoader.addClass(AnnotationIocLoader.java:76) - Found @IocBean : class cn.wizzer.app.cms.modules.services.impl.CmsLinkServiceImpl
[DEBUG] 2018-10-15 16:13:17,927 org.nutz.ioc.loader.annotation.AnnotationIocLoader.addClass(AnnotationIocLoader.java:76) - Found @IocBean : class cn.wizzer.app.cms.modules.services.impl.CmsSiteServiceImpl
[DEBUG] 2018-10-15 16:13:17,929 org.nutz.ioc.loader.annotation.AnnotationIocLoader.addClass(AnnotationIocLoader.java:76) - Found @IocBean : class cn.wizzer.app.ins.modules.services.impl.InsBaseinsServiceImpl
[DEBUG] 2018-10-15 16:13:17,932 org.nutz.ioc.loader.annotation.AnnotationIocLoader.addClass(AnnotationIocLoader.java:76) - Found @IocBean : class cn.wizzer.app.ins.modules.services.impl.InsBaseinsSpaceServiceImpl
[DEBUG] 2018-10-15 16:13:17,933 org.nutz.ioc.loader.annotation.AnnotationIocLoader.addClass(AnnotationIocLoader.java:76) - Found @IocBean : class cn.wizzer.app.ins.modules.services.impl.InsCabinetServiceImpl
[DEBUG] 2018-10-15 16:13:17,934 org.nutz.ioc.loader.annotation.AnnotationIocLoader.addClass(AnnotationIocLoader.java:76) - Found @IocBean : class cn.wizzer.app.ins.modules.services.impl.InsCommonServiceImpl
[DEBUG] 2018-10-15 16:13:17,936 org.nutz.ioc.loader.annotation.AnnotationIocLoader.addClass(AnnotationIocLoader.java:76) - Found @IocBean : class cn.wizzer.app.ins.modules.services.impl.InsInstrumentServiceImpl
[DEBUG] 2018-10-15 16:13:17,939 org.nutz.ioc.loader.annotation.AnnotationIocLoader.addClass(AnnotationIocLoader.java:76) - Found @IocBean : class cn.wizzer.app.ins.modules.services.impl.InsLockServiceImpl
[DEBUG] 2018-10-15 16:13:17,941 org.nutz.ioc.loader.annotation.AnnotationIocLoader.addClass(AnnotationIocLoader.java:76) - Found @IocBean : class cn.wizzer.app.ins.modules.services.impl.InsOrderentryServiceImpl
[DEBUG] 2018-10-15 16:13:17,943 org.nutz.ioc.loader.annotation.AnnotationIocLoader.addClass(AnnotationIocLoader.java:76) - Found @IocBean : class cn.wizzer.app.ins.modules.services.impl.InsOrderServiceImpl
[DEBUG] 2018-10-15 16:13:17,946 org.nutz.ioc.loader.annotation.AnnotationIocLoader.addClass(AnnotationIocLoader.java:76) - Found @IocBean : class cn.wizzer.app.ins.modules.services.impl.InsRepairServiceImpl
[DEBUG] 2018-10-15 16:13:17,947 org.nutz.ioc.loader.annotation.AnnotationIocLoader.addClass(AnnotationIocLoader.java:76) - Found @IocBean : class cn.wizzer.app.ins.modules.services.impl.InsRepairtrackServiceImpl
[DEBUG] 2018-10-15 16:13:17,948 org.nutz.ioc.loader.annotation.AnnotationIocLoader.addClass(AnnotationIocLoader.java:76) - Found @IocBean : class cn.wizzer.app.ins.modules.services.impl.InsRfheadServiceImpl
[DEBUG] 2018-10-15 16:13:17,948 org.nutz.ioc.loader.annotation.AnnotationIocLoader.addClass(AnnotationIocLoader.java:76) - Found @IocBean : class cn.wizzer.app.ins.modules.services.impl.InsRfidServiceImpl
[DEBUG] 2018-10-15 16:13:17,949 org.nutz.ioc.loader.annotation.AnnotationIocLoader.addClass(AnnotationIocLoader.java:76) - Found @IocBean : class cn.wizzer.app.ins.modules.services.impl.InsSpaceServiceImpl
[DEBUG] 2018-10-15 16:13:17,951 org.nutz.ioc.loader.annotation.AnnotationIocLoader.addClass(AnnotationIocLoader.java:76) - Found @IocBean : class cn.wizzer.app.ins.modules.services.impl.InsToolcabinetServiceImpl
[DEBUG] 2018-10-15 16:13:17,952 org.nutz.ioc.loader.annotation.AnnotationIocLoader.addClass(AnnotationIocLoader.java:76) - Found @IocBean : class cn.wizzer.app.ins.modules.services.impl.InsTransmitServiceImpl
[DEBUG] 2018-10-15 16:13:17,954 org.nutz.ioc.loader.annotation.AnnotationIocLoader.addClass(AnnotationIocLoader.java:76) - Found @IocBean : class cn.wizzer.app.logistics.modules.services.impl.LogisticsDeliveryorderentryServiceImpl
[DEBUG] 2018-10-15 16:13:17,956 org.nutz.ioc.loader.annotation.AnnotationIocLoader.addClass(AnnotationIocLoader.java:76) - Found @IocBean : class cn.wizzer.app.logistics.modules.services.impl.LogisticsDeliveryorderServiceImpl
[DEBUG] 2018-10-15 16:13:17,958 org.nutz.ioc.loader.annotation.AnnotationIocLoader.addClass(AnnotationIocLoader.java:76) - Found @IocBean : class cn.wizzer.app.logistics.modules.services.impl.LogisticsEntourageServiceImpl
[DEBUG] 2018-10-15 16:13:17,959 org.nutz.ioc.loader.annotation.AnnotationIocLoader.addClass(AnnotationIocLoader.java:76) - Found @IocBean : class cn.wizzer.app.logistics.modules.services.impl.LogisticsOrderdeliveryServiceImpl
[DEBUG] 2018-10-15 16:13:17,960 org.nutz.ioc.loader.annotation.AnnotationIocLoader.addClass(AnnotationIocLoader.java:76) - Found @IocBean : class cn.wizzer.app.logistics.modules.services.impl.LogisticsOrderentryServiceImpl
[DEBUG] 2018-10-15 16:13:17,961 org.nutz.ioc.loader.annotation.AnnotationIocLoader.addClass(AnnotationIocLoader.java:76) - Found @IocBean : class cn.wizzer.app.logistics.modules.services.impl.LogisticsOrderplanentryServiceImpl
[DEBUG] 2018-10-15 16:13:17,962 org.nutz.ioc.loader.annotation.AnnotationIocLoader.addClass(AnnotationIocLoader.java:76) - Found @IocBean : class cn.wizzer.app.logistics.modules.services.impl.LogisticsOrderplanServiceImpl
[DEBUG] 2018-10-15 16:13:17,963 org.nutz.ioc.loader.annotation.AnnotationIocLoader.addClass(AnnotationIocLoader.java:76) - Found @IocBean : class cn.wizzer.app.logistics.modules.services.impl.LogisticsOrderrejectServiceImpl
[DEBUG] 2018-10-15 16:13:17,964 org.nutz.ioc.loader.annotation.AnnotationIocLoader.addClass(AnnotationIocLoader.java:76) - Found @IocBean : class cn.wizzer.app.logistics.modules.services.impl.LogisticsOrderServiceImpl
[DEBUG] 2018-10-15 16:13:17,967 org.nutz.ioc.loader.annotation.AnnotationIocLoader.addClass(AnnotationIocLoader.java:76) - Found @IocBean : class cn.wizzer.app.logistics.modules.services.impl.LogisticsOrderstepServiceImpl
[DEBUG] 2018-10-15 16:13:17,968 org.nutz.ioc.loader.annotation.AnnotationIocLoader.addClass(AnnotationIocLoader.java:76) - Found @IocBean : class cn.wizzer.app.logistics.modules.services.impl.LogisticsSendapprovalServiceImpl
[DEBUG] 2018-10-15 16:13:17,969 org.nutz.ioc.loader.annotation.AnnotationIocLoader.addClass(AnnotationIocLoader.java:76) - Found @IocBean : class cn.wizzer.app.logistics.modules.services.impl.LogisticsSendgoodsServiceImpl
[DEBUG] 2018-10-15 16:13:17,970 org.nutz.ioc.loader.annotation.AnnotationIocLoader.addClass(AnnotationIocLoader.java:76) - Found @IocBean : class cn.wizzer.app.logistics.modules.services.impl.LogisticsSendplanServiceImpl
[DEBUG] 2018-10-15 16:13:17,971 org.nutz.ioc.loader.annotation.AnnotationIocLoader.addClass(AnnotationIocLoader.java:76) - Found @IocBean : class cn.wizzer.app.logistics.modules.services.impl.LogisticsSendtraceServiceImpl
[DEBUG] 2018-10-15 16:13:17,972 org.nutz.ioc.loader.annotation.AnnotationIocLoader.addClass(AnnotationIocLoader.java:76) - Found @IocBean : class cn.wizzer.app.logistics.modules.services.impl.LogisticsUnplanServiceImpl
[DEBUG] 2018-10-15 16:13:17,976 org.nutz.ioc.loader.annotation.AnnotationIocLoader.addClass(AnnotationIocLoader.java:76) - Found @IocBean : class cn.wizzer.app.sys.modules.services.impl.SysApiServiceImpl
[DEBUG] 2018-10-15 16:13:17,977 org.nutz.ioc.loader.annotation.AnnotationIocLoader.addClass(AnnotationIocLoader.java:76) - Found @IocBean : class cn.wizzer.app.sys.modules.services.impl.SysBarcodeServiceImpl
[DEBUG] 2018-10-15 16:13:17,977 org.nutz.ioc.loader.annotation.AnnotationIocLoader.addClass(AnnotationIocLoader.java:76) - Found @IocBean : class cn.wizzer.app.sys.modules.services.impl.SysConfigServiceImpl
[DEBUG] 2018-10-15 16:13:17,977 org.nutz.ioc.loader.annotation.AnnotationIocLoader.addClass(AnnotationIocLoader.java:76) - Found @IocBean : class cn.wizzer.app.sys.modules.services.impl.SysDictServiceImpl
[DEBUG] 2018-10-15 16:13:17,978 org.nutz.ioc.loader.annotation.AnnotationIocLoader.addClass(AnnotationIocLoader.java:76) - Found @IocBean : class cn.wizzer.app.sys.modules.services.impl.SysLogServiceImpl
[DEBUG] 2018-10-15 16:13:17,978 org.nutz.ioc.loader.annotation.AnnotationIocLoader.addClass(AnnotationIocLoader.java:76) - Found @IocBean : class cn.wizzer.app.sys.modules.services.impl.SysMenuServiceImpl
[DEBUG] 2018-10-15 16:13:17,979 org.nutz.ioc.loader.annotation.AnnotationIocLoader.addClass(AnnotationIocLoader.java:76) - Found @IocBean : class cn.wizzer.app.sys.modules.services.impl.SysMobileServiceImpl
[DEBUG] 2018-10-15 16:13:17,979 org.nutz.ioc.loader.annotation.AnnotationIocLoader.addClass(AnnotationIocLoader.java:76) - Found @IocBean : class cn.wizzer.app.sys.modules.services.impl.SysPluginServiceImpl
[DEBUG] 2018-10-15 16:13:17,980 org.nutz.ioc.loader.annotation.AnnotationIocLoader.addClass(AnnotationIocLoader.java:76) - Found @IocBean : class cn.wizzer.app.sys.modules.services.impl.SysRegistauditServiceImpl
[DEBUG] 2018-10-15 16:13:17,981 org.nutz.ioc.loader.annotation.AnnotationIocLoader.addClass(AnnotationIocLoader.java:76) - Found @IocBean : class cn.wizzer.app.sys.modules.services.impl.SysRoleServiceImpl
[DEBUG] 2018-10-15 16:13:17,982 org.nutz.ioc.loader.annotation.AnnotationIocLoader.addClass(AnnotationIocLoader.java:76) - Found @IocBean : class cn.wizzer.app.sys.modules.services.impl.SysRouteServiceImpl
[DEBUG] 2018-10-15 16:13:17,982 org.nutz.ioc.loader.annotation.AnnotationIocLoader.addClass(AnnotationIocLoader.java:76) - Found @IocBean : class cn.wizzer.app.sys.modules.services.impl.SysTaskServiceImpl
[DEBUG] 2018-10-15 16:13:17,983 org.nutz.ioc.loader.annotation.AnnotationIocLoader.addClass(AnnotationIocLoader.java:76) - Found @IocBean : class cn.wizzer.app.sys.modules.services.impl.SysTempuserServiceImpl
[DEBUG] 2018-10-15 16:13:17,984 org.nutz.ioc.loader.annotation.AnnotationIocLoader.addClass(AnnotationIocLoader.java:76) - Found @IocBean : class cn.wizzer.app.sys.modules.services.impl.SysUnitServiceImpl
[DEBUG] 2018-10-15 16:13:17,985 org.nutz.ioc.loader.annotation.AnnotationIocLoader.addClass(AnnotationIocLoader.java:76) - Found @IocBean : class cn.wizzer.app.sys.modules.services.impl.SysUserServiceImpl
[DEBUG] 2018-10-15 16:13:17,986 org.nutz.ioc.loader.annotation.AnnotationIocLoader.addClass(AnnotationIocLoader.java:76) - Found @IocBean : class cn.wizzer.app.sys.modules.services.impl.SysVersionServiceImpl
[DEBUG] 2018-10-15 16:13:17,987 org.nutz.ioc.loader.annotation.AnnotationIocLoader.addClass(AnnotationIocLoader.java:76) - Found @IocBean : class cn.wizzer.app.sys.modules.services.impl.SysWxDeptServiceImpl
[DEBUG] 2018-10-15 16:13:17,988 org.nutz.ioc.loader.annotation.AnnotationIocLoader.addClass(AnnotationIocLoader.java:76) - Found @IocBean : class cn.wizzer.app.sys.modules.services.impl.SysWxServiceImpl
[DEBUG] 2018-10-15 16:13:17,989 org.nutz.ioc.loader.annotation.AnnotationIocLoader.addClass(AnnotationIocLoader.java:76) - Found @IocBean : class cn.wizzer.app.sys.modules.services.impl.SysWxUserServiceImpl
[DEBUG] 2018-10-15 16:13:17,990 org.nutz.ioc.loader.annotation.AnnotationIocLoader.addClass(AnnotationIocLoader.java:76) - Found @IocBean : class cn.wizzer.app.web.commons.plugin.DynamicInterceptor
[DEBUG] 2018-10-15 16:13:17,991 org.nutz.ioc.loader.annotation.AnnotationIocLoader.addClass(AnnotationIocLoader.java:76) - Found @IocBean : class cn.wizzer.app.web.commons.plugin.PluginAopConfigure
[DEBUG] 2018-10-15 16:13:17,995 org.nutz.ioc.loader.annotation.AnnotationIocLoader.addClass(AnnotationIocLoader.java:76) - Found @IocBean : class cn.wizzer.app.web.commons.plugin.PluginMaster
[DEBUG] 2018-10-15 16:13:17,997 org.nutz.ioc.loader.annotation.AnnotationIocLoader.addClass(AnnotationIocLoader.java:76) - Found @IocBean : class cn.wizzer.app.web.commons.quartz.job.orderExecute
[DEBUG] 2018-10-15 16:13:18,000 org.nutz.ioc.loader.annotation.AnnotationIocLoader.addClass(AnnotationIocLoader.java:76) - Found @IocBean : class cn.wizzer.app.web.commons.quartz.job.TestJob
[DEBUG] 2018-10-15 16:13:18,002 org.nutz.ioc.loader.annotation.AnnotationIocLoader.addClass(AnnotationIocLoader.java:76) - Found @IocBean : class cn.wizzer.app.web.commons.services.email.EmailService
[DEBUG] 2018-10-15 16:13:18,002 org.nutz.ioc.loader.annotation.AnnotationIocLoader.addClass(AnnotationIocLoader.java:76) - Found @IocBean : class cn.wizzer.app.web.commons.services.qrcode.QrcodeService
[DEBUG] 2018-10-15 16:13:18,008 org.nutz.ioc.loader.annotation.AnnotationIocLoader.addClass(AnnotationIocLoader.java:76) - Found @IocBean : class cn.wizzer.app.web.commons.services.wx.TplService
[DEBUG] 2018-10-15 16:13:18,009 org.nutz.ioc.loader.annotation.AnnotationIocLoader.addClass(AnnotationIocLoader.java:76) - Found @IocBean : class cn.wizzer.app.web.commons.services.wx.WxHandler
[DEBUG] 2018-10-15 16:13:18,019 org.nutz.ioc.loader.annotation.AnnotationIocLoader.addClass(AnnotationIocLoader.java:76) - Found @IocBean : class cn.wizzer.app.web.commons.shiro.realm.PlatformAuthorizingRealm
[DEBUG] 2018-10-15 16:13:18,027 org.nutz.ioc.loader.annotation.AnnotationIocLoader.addClass(AnnotationIocLoader.java:76) - Found @IocBean : class cn.wizzer.app.web.commons.slog.SLogAopConfigration
[DEBUG] 2018-10-15 16:13:18,029 org.nutz.ioc.loader.annotation.AnnotationIocLoader.addClass(AnnotationIocLoader.java:76) - Found @IocBean : class cn.wizzer.app.web.commons.slog.SLogService
[DEBUG] 2018-10-15 16:13:18,032 org.nutz.ioc.loader.annotation.AnnotationIocLoader.addClass(AnnotationIocLoader.java:76) - Found @IocBean : class cn.wizzer.app.web.modules.controllers.front.wx.CmsController
[DEBUG] 2018-10-15 16:13:18,034 org.nutz.ioc.loader.annotation.AnnotationIocLoader.addClass(AnnotationIocLoader.java:76) - Found @IocBean : class cn.wizzer.app.web.modules.controllers.front.wx.WechatController
[DEBUG] 2018-10-15 16:13:18,046 org.nutz.ioc.loader.annotation.AnnotationIocLoader.addClass(AnnotationIocLoader.java:76) - Found @IocBean : class cn.wizzer.app.web.modules.controllers.open.api.mobile.MobileBaseController
[DEBUG] 2018-10-15 16:13:18,049 org.nutz.ioc.loader.annotation.AnnotationIocLoader.addClass(AnnotationIocLoader.java:76) - Found @IocBean : class cn.wizzer.app.web.modules.controllers.open.api.mobile.MobileInsController
[DEBUG] 2018-10-15 16:13:18,053 org.nutz.ioc.loader.annotation.AnnotationIocLoader.addClass(AnnotationIocLoader.java:76) - Found @IocBean : class cn.wizzer.app.web.modules.controllers.open.api.mobile.MobileOrderController
[DEBUG] 2018-10-15 16:13:18,062 org.nutz.ioc.loader.annotation.AnnotationIocLoader.addClass(AnnotationIocLoader.java:76) - Found @IocBean : class cn.wizzer.app.web.modules.controllers.open.api.mobile.MobileSysController
[DEBUG] 2018-10-15 16:13:18,066 org.nutz.ioc.loader.annotation.AnnotationIocLoader.addClass(AnnotationIocLoader.java:76) - Found @IocBean : class cn.wizzer.app.web.modules.controllers.open.api.pad.PadInsController
[DEBUG] 2018-10-15 16:13:18,068 org.nutz.ioc.loader.annotation.AnnotationIocLoader.addClass(AnnotationIocLoader.java:76) - Found @IocBean : class cn.wizzer.app.web.modules.controllers.open.api.pad.PadOrderController
[DEBUG] 2018-10-15 16:13:18,070 org.nutz.ioc.loader.annotation.AnnotationIocLoader.addClass(AnnotationIocLoader.java:76) - Found @IocBean : class cn.wizzer.app.web.modules.controllers.open.api.pad.PadSysController
[DEBUG] 2018-10-15 16:13:18,072 org.nutz.ioc.loader.annotation.AnnotationIocLoader.addClass(AnnotationIocLoader.java:76) - Found @IocBean : class cn.wizzer.app.web.modules.controllers.open.api.test.ApiTestController
[DEBUG] 2018-10-15 16:13:18,074 org.nutz.ioc.loader.annotation.AnnotationIocLoader.addClass(AnnotationIocLoader.java:76) - Found @IocBean : class cn.wizzer.app.web.modules.controllers.open.api.token.TokenController
[DEBUG] 2018-10-15 16:13:18,075 org.nutz.ioc.loader.annotation.AnnotationIocLoader.addClass(AnnotationIocLoader.java:76) - Found @IocBean : class cn.wizzer.app.web.modules.controllers.open.api.userpermission.UserpermissionController
[DEBUG] 2018-10-15 16:13:18,077 org.nutz.ioc.loader.annotation.AnnotationIocLoader.addClass(AnnotationIocLoader.java:76) - Found @IocBean : class cn.wizzer.app.web.modules.controllers.open.file.UploadController
[DEBUG] 2018-10-15 16:13:18,084 org.nutz.ioc.loader.annotation.AnnotationIocLoader.addClass(AnnotationIocLoader.java:76) - Found @IocBean : class cn.wizzer.app.web.modules.controllers.open.pay.WxPayBackController
[DEBUG] 2018-10-15 16:13:18,086 org.nutz.ioc.loader.annotation.AnnotationIocLoader.addClass(AnnotationIocLoader.java:76) - Found @IocBean : class cn.wizzer.app.web.modules.controllers.open.ueditor.BdController
[DEBUG] 2018-10-15 16:13:18,086 org.nutz.ioc.loader.annotation.AnnotationIocLoader.addClass(AnnotationIocLoader.java:76) - Found @IocBean : class cn.wizzer.app.web.modules.controllers.open.ueditor.WxController
[DEBUG] 2018-10-15 16:13:18,087 org.nutz.ioc.loader.annotation.AnnotationIocLoader.addClass(AnnotationIocLoader.java:76) - Found @IocBean : class cn.wizzer.app.web.modules.controllers.open.wx.WeixinController
[DEBUG] 2018-10-15 16:13:18,088 org.nutz.ioc.loader.annotation.AnnotationIocLoader.addClass(AnnotationIocLoader.java:76) - Found @IocBean : class cn.wizzer.app.web.modules.controllers.platform.base.BaseAirmeterialController
[DEBUG] 2018-10-15 16:13:18,094 org.nutz.ioc.loader.annotation.AnnotationIocLoader.addClass(AnnotationIocLoader.java:76) - Found @IocBean : class cn.wizzer.app.web.modules.controllers.platform.base.BaseAirportController
[DEBUG] 2018-10-15 16:13:18,096 org.nutz.ioc.loader.annotation.AnnotationIocLoader.addClass(AnnotationIocLoader.java:76) - Found @IocBean : class cn.wizzer.app.web.modules.controllers.platform.base.BaseCnctobjController
[DEBUG] 2018-10-15 16:13:18,096 org.nutz.ioc.loader.annotation.AnnotationIocLoader.addClass(AnnotationIocLoader.java:76) - Found @IocBean : class cn.wizzer.app.web.modules.controllers.platform.base.BaseCustomerController
[DEBUG] 2018-10-15 16:13:18,097 org.nutz.ioc.loader.annotation.AnnotationIocLoader.addClass(AnnotationIocLoader.java:76) - Found @IocBean : class cn.wizzer.app.web.modules.controllers.platform.base.BaseDeptController
[DEBUG] 2018-10-15 16:13:18,098 org.nutz.ioc.loader.annotation.AnnotationIocLoader.addClass(AnnotationIocLoader.java:76) - Found @IocBean : class cn.wizzer.app.web.modules.controllers.platform.base.BaseJobController
[DEBUG] 2018-10-15 16:13:18,099 org.nutz.ioc.loader.annotation.AnnotationIocLoader.addClass(AnnotationIocLoader.java:76) - Found @IocBean : class cn.wizzer.app.web.modules.controllers.platform.base.BasePersonController
[DEBUG] 2018-10-15 16:13:18,100 org.nutz.ioc.loader.annotation.AnnotationIocLoader.addClass(AnnotationIocLoader.java:76) - Found @IocBean : class cn.wizzer.app.web.modules.controllers.platform.base.BasePersonpoolController
[DEBUG] 2018-10-15 16:13:18,101 org.nutz.ioc.loader.annotation.AnnotationIocLoader.addClass(AnnotationIocLoader.java:76) - Found @IocBean : class cn.wizzer.app.web.modules.controllers.platform.base.BasePlaceController
[DEBUG] 2018-10-15 16:13:18,102 org.nutz.ioc.loader.annotation.AnnotationIocLoader.addClass(AnnotationIocLoader.java:76) - Found @IocBean : class cn.wizzer.app.web.modules.controllers.platform.base.BasePostController
[DEBUG] 2018-10-15 16:13:18,103 org.nutz.ioc.loader.annotation.AnnotationIocLoader.addClass(AnnotationIocLoader.java:76) - Found @IocBean : class cn.wizzer.app.web.modules.controllers.platform.base.BaseRowofficeController
[DEBUG] 2018-10-15 16:13:18,105 org.nutz.ioc.loader.annotation.AnnotationIocLoader.addClass(AnnotationIocLoader.java:76) - Found @IocBean : class cn.wizzer.app.web.modules.controllers.platform.base.BaseRowofficeentryController
[DEBUG] 2018-10-15 16:13:18,106 org.nutz.ioc.loader.annotation.AnnotationIocLoader.addClass(AnnotationIocLoader.java:76) - Found @IocBean : class cn.wizzer.app.web.modules.controllers.platform.base.BaseVehicleController
[DEBUG] 2018-10-15 16:13:18,107 org.nutz.ioc.loader.annotation.AnnotationIocLoader.addClass(AnnotationIocLoader.java:76) - Found @IocBean : class cn.wizzer.app.web.modules.controllers.platform.base.BaseWarehouseController
[DEBUG] 2018-10-15 16:13:18,109 org.nutz.ioc.loader.annotation.AnnotationIocLoader.addClass(AnnotationIocLoader.java:76) - Found @IocBean : class cn.wizzer.app.web.modules.controllers.platform.cms.CmsArticleController
[DEBUG] 2018-10-15 16:13:18,111 org.nutz.ioc.loader.annotation.AnnotationIocLoader.addClass(AnnotationIocLoader.java:76) - Found @IocBean : class cn.wizzer.app.web.modules.controllers.platform.cms.CmsChannelController
[DEBUG] 2018-10-15 16:13:18,112 org.nutz.ioc.loader.annotation.AnnotationIocLoader.addClass(AnnotationIocLoader.java:76) - Found @IocBean : class cn.wizzer.app.web.modules.controllers.platform.cms.CmsLinkClassController
[DEBUG] 2018-10-15 16:13:18,113 org.nutz.ioc.loader.annotation.AnnotationIocLoader.addClass(AnnotationIocLoader.java:76) - Found @IocBean : class cn.wizzer.app.web.modules.controllers.platform.cms.CmsLinkController
[DEBUG] 2018-10-15 16:13:18,114 org.nutz.ioc.loader.annotation.AnnotationIocLoader.addClass(AnnotationIocLoader.java:76) - Found @IocBean : class cn.wizzer.app.web.modules.controllers.platform.cms.CmsSiteController
[DEBUG] 2018-10-15 16:13:18,114 org.nutz.ioc.loader.annotation.AnnotationIocLoader.addClass(AnnotationIocLoader.java:76) - Found @IocBean : class cn.wizzer.app.web.modules.controllers.platform.ins.InsBaseinsController
[DEBUG] 2018-10-15 16:13:18,115 org.nutz.ioc.loader.annotation.AnnotationIocLoader.addClass(AnnotationIocLoader.java:76) - Found @IocBean : class cn.wizzer.app.web.modules.controllers.platform.ins.InsBaseinsSpaceController
[DEBUG] 2018-10-15 16:13:18,116 org.nutz.ioc.loader.annotation.AnnotationIocLoader.addClass(AnnotationIocLoader.java:76) - Found @IocBean : class cn.wizzer.app.web.modules.controllers.platform.ins.InsCabinetController
[DEBUG] 2018-10-15 16:13:18,117 org.nutz.ioc.loader.annotation.AnnotationIocLoader.addClass(AnnotationIocLoader.java:76) - Found @IocBean : class cn.wizzer.app.web.modules.controllers.platform.ins.InsCommonController
[DEBUG] 2018-10-15 16:13:18,118 org.nutz.ioc.loader.annotation.AnnotationIocLoader.addClass(AnnotationIocLoader.java:76) - Found @IocBean : class cn.wizzer.app.web.modules.controllers.platform.ins.InsInstrumentController
[DEBUG] 2018-10-15 16:13:18,119 org.nutz.ioc.loader.annotation.AnnotationIocLoader.addClass(AnnotationIocLoader.java:76) - Found @IocBean : class cn.wizzer.app.web.modules.controllers.platform.ins.InsLockController
[DEBUG] 2018-10-15 16:13:18,119 org.nutz.ioc.loader.annotation.AnnotationIocLoader.addClass(AnnotationIocLoader.java:76) - Found @IocBean : class cn.wizzer.app.web.modules.controllers.platform.ins.InsOrderController
[DEBUG] 2018-10-15 16:13:18,120 org.nutz.ioc.loader.annotation.AnnotationIocLoader.addClass(AnnotationIocLoader.java:76) - Found @IocBean : class cn.wizzer.app.web.modules.controllers.platform.ins.InsOrderentryController
[DEBUG] 2018-10-15 16:13:18,121 org.nutz.ioc.loader.annotation.AnnotationIocLoader.addClass(AnnotationIocLoader.java:76) - Found @IocBean : class cn.wizzer.app.web.modules.controllers.platform.ins.InsRepairController
[DEBUG] 2018-10-15 16:13:18,121 org.nutz.ioc.loader.annotation.AnnotationIocLoader.addClass(AnnotationIocLoader.java:76) - Found @IocBean : class cn.wizzer.app.web.modules.controllers.platform.ins.InsRepairtrackController
[DEBUG] 2018-10-15 16:13:18,122 org.nutz.ioc.loader.annotation.AnnotationIocLoader.addClass(AnnotationIocLoader.java:76) - Found @IocBean : class cn.wizzer.app.web.modules.controllers.platform.ins.InsRfheadController
[DEBUG] 2018-10-15 16:13:18,123 org.nutz.ioc.loader.annotation.AnnotationIocLoader.addClass(AnnotationIocLoader.java:76) - Found @IocBean : class cn.wizzer.app.web.modules.controllers.platform.ins.InsRfidController
[DEBUG] 2018-10-15 16:13:18,124 org.nutz.ioc.loader.annotation.AnnotationIocLoader.addClass(AnnotationIocLoader.java:76) - Found @IocBean : class cn.wizzer.app.web.modules.controllers.platform.ins.InsSpaceController
[DEBUG] 2018-10-15 16:13:18,125 org.nutz.ioc.loader.annotation.AnnotationIocLoader.addClass(AnnotationIocLoader.java:76) - Found @IocBean : class cn.wizzer.app.web.modules.controllers.platform.ins.InsToolcabinetController
[DEBUG] 2018-10-15 16:13:18,126 org.nutz.ioc.loader.annotation.AnnotationIocLoader.addClass(AnnotationIocLoader.java:76) - Found @IocBean : class cn.wizzer.app.web.modules.controllers.platform.ins.InsTransmitController
[DEBUG] 2018-10-15 16:13:18,127 org.nutz.ioc.loader.annotation.AnnotationIocLoader.addClass(AnnotationIocLoader.java:76) - Found @IocBean : class cn.wizzer.app.web.modules.controllers.platform.logistics.LogisticsDeliveryorderController
[DEBUG] 2018-10-15 16:13:18,128 org.nutz.ioc.loader.annotation.AnnotationIocLoader.addClass(AnnotationIocLoader.java:76) - Found @IocBean : class cn.wizzer.app.web.modules.controllers.platform.logistics.LogisticsDeliveryorderentryController
[DEBUG] 2018-10-15 16:13:18,129 org.nutz.ioc.loader.annotation.AnnotationIocLoader.addClass(AnnotationIocLoader.java:76) - Found @IocBean : class cn.wizzer.app.web.modules.controllers.platform.logistics.LogisticsEntourageController
[DEBUG] 2018-10-15 16:13:18,129 org.nutz.ioc.loader.annotation.AnnotationIocLoader.addClass(AnnotationIocLoader.java:76) - Found @IocBean : class cn.wizzer.app.web.modules.controllers.platform.logistics.LogisticsOrderController
[DEBUG] 2018-10-15 16:13:18,131 org.nutz.ioc.loader.annotation.AnnotationIocLoader.addClass(AnnotationIocLoader.java:76) - Found @IocBean : class cn.wizzer.app.web.modules.controllers.platform.logistics.LogisticsOrderdeliveryController
[DEBUG] 2018-10-15 16:13:18,132 org.nutz.ioc.loader.annotation.AnnotationIocLoader.addClass(AnnotationIocLoader.java:76) - Found @IocBean : class cn.wizzer.app.web.modules.controllers.platform.logistics.LogisticsOrderentryController
[DEBUG] 2018-10-15 16:13:18,133 org.nutz.ioc.loader.annotation.AnnotationIocLoader.addClass(AnnotationIocLoader.java:76) - Found @IocBean : class cn.wizzer.app.web.modules.controllers.platform.logistics.LogisticsOrderplanController
[DEBUG] 2018-10-15 16:13:18,134 org.nutz.ioc.loader.annotation.AnnotationIocLoader.addClass(AnnotationIocLoader.java:76) - Found @IocBean : class cn.wizzer.app.web.modules.controllers.platform.logistics.LogisticsOrderplanentryController
[DEBUG] 2018-10-15 16:13:18,135 org.nutz.ioc.loader.annotation.AnnotationIocLoader.addClass(AnnotationIocLoader.java:76) - Found @IocBean : class cn.wizzer.app.web.modules.controllers.platform.logistics.LogisticsOrderrejectController
[DEBUG] 2018-10-15 16:13:18,135 org.nutz.ioc.loader.annotation.AnnotationIocLoader.addClass(AnnotationIocLoader.java:76) - Found @IocBean : class cn.wizzer.app.web.modules.controllers.platform.logistics.LogisticsOrderstepController
[DEBUG] 2018-10-15 16:13:18,136 org.nutz.ioc.loader.annotation.AnnotationIocLoader.addClass(AnnotationIocLoader.java:76) - Found @IocBean : class cn.wizzer.app.web.modules.controllers.platform.logistics.LogisticsSendapprovalController
[DEBUG] 2018-10-15 16:13:18,137 org.nutz.ioc.loader.annotation.AnnotationIocLoader.addClass(AnnotationIocLoader.java:76) - Found @IocBean : class cn.wizzer.app.web.modules.controllers.platform.logistics.LogisticsSendgoodsController
[DEBUG] 2018-10-15 16:13:18,140 org.nutz.ioc.loader.annotation.AnnotationIocLoader.addClass(AnnotationIocLoader.java:76) - Found @IocBean : class cn.wizzer.app.web.modules.controllers.platform.logistics.LogisticsSendplanController
[DEBUG] 2018-10-15 16:13:18,141 org.nutz.ioc.loader.annotation.AnnotationIocLoader.addClass(AnnotationIocLoader.java:76) - Found @IocBean : class cn.wizzer.app.web.modules.controllers.platform.logistics.LogisticsSendtraceController
[DEBUG] 2018-10-15 16:13:18,142 org.nutz.ioc.loader.annotation.AnnotationIocLoader.addClass(AnnotationIocLoader.java:76) - Found @IocBean : class cn.wizzer.app.web.modules.controllers.platform.logistics.LogisticsUnplanController
[DEBUG] 2018-10-15 16:13:18,143 org.nutz.ioc.loader.annotation.AnnotationIocLoader.addClass(AnnotationIocLoader.java:76) - Found @IocBean : class cn.wizzer.app.web.modules.controllers.platform.sys.SysApiController
[DEBUG] 2018-10-15 16:13:18,144 org.nutz.ioc.loader.annotation.AnnotationIocLoader.addClass(AnnotationIocLoader.java:76) - Found @IocBean : class cn.wizzer.app.web.modules.controllers.platform.sys.SysBarcodeController
[DEBUG] 2018-10-15 16:13:18,145 org.nutz.ioc.loader.annotation.AnnotationIocLoader.addClass(AnnotationIocLoader.java:76) - Found @IocBean : class cn.wizzer.app.web.modules.controllers.platform.sys.SysConfController
[DEBUG] 2018-10-15 16:13:18,146 org.nutz.ioc.loader.annotation.AnnotationIocLoader.addClass(AnnotationIocLoader.java:76) - Found @IocBean : class cn.wizzer.app.web.modules.controllers.platform.sys.SysDictController
[DEBUG] 2018-10-15 16:13:18,147 org.nutz.ioc.loader.annotation.AnnotationIocLoader.addClass(AnnotationIocLoader.java:76) - Found @IocBean : class cn.wizzer.app.web.modules.controllers.platform.sys.SysHomeController
[DEBUG] 2018-10-15 16:13:18,148 org.nutz.ioc.loader.annotation.AnnotationIocLoader.addClass(AnnotationIocLoader.java:76) - Found @IocBean : class cn.wizzer.app.web.modules.controllers.platform.sys.SysLogController
[DEBUG] 2018-10-15 16:13:18,148 org.nutz.ioc.loader.annotation.AnnotationIocLoader.addClass(AnnotationIocLoader.java:76) - Found @IocBean : class cn.wizzer.app.web.modules.controllers.platform.sys.SysLoginController
[DEBUG] 2018-10-15 16:13:18,149 org.nutz.ioc.loader.annotation.AnnotationIocLoader.addClass(AnnotationIocLoader.java:76) - Found @IocBean : class cn.wizzer.app.web.modules.controllers.platform.sys.SysMenuController
[DEBUG] 2018-10-15 16:13:18,150 org.nutz.ioc.loader.annotation.AnnotationIocLoader.addClass(AnnotationIocLoader.java:76) - Found @IocBean : class cn.wizzer.app.web.modules.controllers.platform.sys.SysMobileController
[DEBUG] 2018-10-15 16:13:18,151 org.nutz.ioc.loader.annotation.AnnotationIocLoader.addClass(AnnotationIocLoader.java:76) - Found @IocBean : class cn.wizzer.app.web.modules.controllers.platform.sys.SysPluginController
[DEBUG] 2018-10-15 16:13:18,152 org.nutz.ioc.loader.annotation.AnnotationIocLoader.addClass(AnnotationIocLoader.java:76) - Found @IocBean : class cn.wizzer.app.web.modules.controllers.platform.sys.SysRegistauditController
[DEBUG] 2018-10-15 16:13:18,152 org.nutz.ioc.loader.annotation.AnnotationIocLoader.addClass(AnnotationIocLoader.java:76) - Found @IocBean : class cn.wizzer.app.web.modules.controllers.platform.sys.SysRoleController
[DEBUG] 2018-10-15 16:13:18,153 org.nutz.ioc.loader.annotation.AnnotationIocLoader.addClass(AnnotationIocLoader.java:76) - Found @IocBean : class cn.wizzer.app.web.modules.controllers.platform.sys.SysRouteController
[DEBUG] 2018-10-15 16:13:18,154 org.nutz.ioc.loader.annotation.AnnotationIocLoader.addClass(AnnotationIocLoader.java:76) - Found @IocBean : class cn.wizzer.app.web.modules.controllers.platform.sys.SysTaskController
[DEBUG] 2018-10-15 16:13:18,155 org.nutz.ioc.loader.annotation.AnnotationIocLoader.addClass(AnnotationIocLoader.java:76) - Found @IocBean : class cn.wizzer.app.web.modules.controllers.platform.sys.SysTempuserController
[DEBUG] 2018-10-15 16:13:18,155 org.nutz.ioc.loader.annotation.AnnotationIocLoader.addClass(AnnotationIocLoader.java:76) - Found @IocBean : class cn.wizzer.app.web.modules.controllers.platform.sys.SysUnitController
[DEBUG] 2018-10-15 16:13:18,156 org.nutz.ioc.loader.annotation.AnnotationIocLoader.addClass(AnnotationIocLoader.java:76) - Found @IocBean : class cn.wizzer.app.web.modules.controllers.platform.sys.SysUserController
[DEBUG] 2018-10-15 16:13:18,157 org.nutz.ioc.loader.annotation.AnnotationIocLoader.addClass(AnnotationIocLoader.java:76) - Found @IocBean : class cn.wizzer.app.web.modules.controllers.platform.sys.SysVersionController
[DEBUG] 2018-10-15 16:13:18,157 org.nutz.ioc.loader.annotation.AnnotationIocLoader.addClass(AnnotationIocLoader.java:76) - Found @IocBean : class cn.wizzer.app.web.modules.controllers.platform.sys.SysWxController
[DEBUG] 2018-10-15 16:13:18,158 org.nutz.ioc.loader.annotation.AnnotationIocLoader.addClass(AnnotationIocLoader.java:76) - Found @IocBean : class cn.wizzer.app.web.modules.controllers.platform.sys.SysWxDeptController
[DEBUG] 2018-10-15 16:13:18,158 org.nutz.ioc.loader.annotation.AnnotationIocLoader.addClass(AnnotationIocLoader.java:76) - Found @IocBean : class cn.wizzer.app.web.modules.controllers.platform.sys.SysWxUserController
[DEBUG] 2018-10-15 16:13:18,159 org.nutz.ioc.loader.annotation.AnnotationIocLoader.addClass(AnnotationIocLoader.java:76) - Found @IocBean : class cn.wizzer.app.web.modules.controllers.platform.wx.WxConfigController
[DEBUG] 2018-10-15 16:13:18,159 org.nutz.ioc.loader.annotation.AnnotationIocLoader.addClass(AnnotationIocLoader.java:76) - Found @IocBean : class cn.wizzer.app.web.modules.controllers.platform.wx.WxMassController
[DEBUG] 2018-10-15 16:13:18,160 org.nutz.ioc.loader.annotation.AnnotationIocLoader.addClass(AnnotationIocLoader.java:76) - Found @IocBean : class cn.wizzer.app.web.modules.controllers.platform.wx.WxMenuController
[DEBUG] 2018-10-15 16:13:18,161 org.nutz.ioc.loader.annotation.AnnotationIocLoader.addClass(AnnotationIocLoader.java:76) - Found @IocBean : class cn.wizzer.app.web.modules.controllers.platform.wx.WxMsgUserController
[DEBUG] 2018-10-15 16:13:18,161 org.nutz.ioc.loader.annotation.AnnotationIocLoader.addClass(AnnotationIocLoader.java:76) - Found @IocBean : class cn.wizzer.app.web.modules.controllers.platform.wx.WxPayTestController
[DEBUG] 2018-10-15 16:13:18,162 org.nutz.ioc.loader.annotation.AnnotationIocLoader.addClass(AnnotationIocLoader.java:76) - Found @IocBean : class cn.wizzer.app.web.modules.controllers.platform.wx.WxReplyController
[DEBUG] 2018-10-15 16:13:18,162 org.nutz.ioc.loader.annotation.AnnotationIocLoader.addClass(AnnotationIocLoader.java:76) - Found @IocBean : class cn.wizzer.app.web.modules.controllers.platform.wx.WxReplyNewsController
[DEBUG] 2018-10-15 16:13:18,163 org.nutz.ioc.loader.annotation.AnnotationIocLoader.addClass(AnnotationIocLoader.java:76) - Found @IocBean : class cn.wizzer.app.web.modules.controllers.platform.wx.WxReplyTxtController
[DEBUG] 2018-10-15 16:13:18,163 org.nutz.ioc.loader.annotation.AnnotationIocLoader.addClass(AnnotationIocLoader.java:76) - Found @IocBean : class cn.wizzer.app.web.modules.controllers.platform.wx.WxTplIdController
[DEBUG] 2018-10-15 16:13:18,163 org.nutz.ioc.loader.annotation.AnnotationIocLoader.addClass(AnnotationIocLoader.java:76) - Found @IocBean : class cn.wizzer.app.web.modules.controllers.platform.wx.WxTplListController
[DEBUG] 2018-10-15 16:13:18,164 org.nutz.ioc.loader.annotation.AnnotationIocLoader.addClass(AnnotationIocLoader.java:76) - Found @IocBean : class cn.wizzer.app.web.modules.controllers.platform.wx.WxTplLogController
[DEBUG] 2018-10-15 16:13:18,164 org.nutz.ioc.loader.annotation.AnnotationIocLoader.addClass(AnnotationIocLoader.java:76) - Found @IocBean : class cn.wizzer.app.web.modules.controllers.platform.wx.WxUserController
[DEBUG] 2018-10-15 16:13:18,165 org.nutz.ioc.loader.annotation.AnnotationIocLoader.addClass(AnnotationIocLoader.java:76) - Found @IocBean : class cn.wizzer.app.wx.modules.services.impl.WxConfigServiceImpl
[DEBUG] 2018-10-15 16:13:18,165 org.nutz.ioc.loader.annotation.AnnotationIocLoader.addClass(AnnotationIocLoader.java:76) - Found @IocBean : class cn.wizzer.app.wx.modules.services.impl.WxMassNewsServiceImpl
[DEBUG] 2018-10-15 16:13:18,166 org.nutz.ioc.loader.annotation.AnnotationIocLoader.addClass(AnnotationIocLoader.java:76) - Found @IocBean : class cn.wizzer.app.wx.modules.services.impl.WxMassSendServiceImpl
[DEBUG] 2018-10-15 16:13:18,166 org.nutz.ioc.loader.annotation.AnnotationIocLoader.addClass(AnnotationIocLoader.java:76) - Found @IocBean : class cn.wizzer.app.wx.modules.services.impl.WxMassServiceImpl
[DEBUG] 2018-10-15 16:13:18,166 org.nutz.ioc.loader.annotation.AnnotationIocLoader.addClass(AnnotationIocLoader.java:76) - Found @IocBean : class cn.wizzer.app.wx.modules.services.impl.WxMenuServiceImpl
[DEBUG] 2018-10-15 16:13:18,166 org.nutz.ioc.loader.annotation.AnnotationIocLoader.addClass(AnnotationIocLoader.java:76) - Found @IocBean : class cn.wizzer.app.wx.modules.services.impl.WxMsgReplyServiceImpl
[DEBUG] 2018-10-15 16:13:18,167 org.nutz.ioc.loader.annotation.AnnotationIocLoader.addClass(AnnotationIocLoader.java:76) - Found @IocBean : class cn.wizzer.app.wx.modules.services.impl.WxMsgServiceImpl
[DEBUG] 2018-10-15 16:13:18,167 org.nutz.ioc.loader.annotation.AnnotationIocLoader.addClass(AnnotationIocLoader.java:76) - Found @IocBean : class cn.wizzer.app.wx.modules.services.impl.WxReplyNewsServiceImpl
[DEBUG] 2018-10-15 16:13:18,167 org.nutz.ioc.loader.annotation.AnnotationIocLoader.addClass(AnnotationIocLoader.java:76) - Found @IocBean : class cn.wizzer.app.wx.modules.services.impl.WxReplyServiceImpl
[DEBUG] 2018-10-15 16:13:18,167 org.nutz.ioc.loader.annotation.AnnotationIocLoader.addClass(AnnotationIocLoader.java:76) - Found @IocBean : class cn.wizzer.app.wx.modules.services.impl.WxReplyTxtServiceImpl
[DEBUG] 2018-10-15 16:13:18,168 org.nutz.ioc.loader.annotation.AnnotationIocLoader.addClass(AnnotationIocLoader.java:76) - Found @IocBean : class cn.wizzer.app.wx.modules.services.impl.WxTplIdServiceImpl
[DEBUG] 2018-10-15 16:13:18,168 org.nutz.ioc.loader.annotation.AnnotationIocLoader.addClass(AnnotationIocLoader.java:76) - Found @IocBean : class cn.wizzer.app.wx.modules.services.impl.WxTplListServiceImpl
[DEBUG] 2018-10-15 16:13:18,168 org.nutz.ioc.loader.annotation.AnnotationIocLoader.addClass(AnnotationIocLoader.java:76) - Found @IocBean : class cn.wizzer.app.wx.modules.services.impl.WxTplLogServiceImpl
[DEBUG] 2018-10-15 16:13:18,168 org.nutz.ioc.loader.annotation.AnnotationIocLoader.addClass(AnnotationIocLoader.java:76) - Found @IocBean : class cn.wizzer.app.wx.modules.services.impl.WxUserServiceImpl
[DEBUG] 2018-10-15 16:13:18,168 org.nutz.ioc.loader.annotation.AnnotationIocLoader.addClass(AnnotationIocLoader.java:76) - Found @IocBean : class cn.wizzer.test.SimpleTest
[DEBUG] 2018-10-15 16:13:18,172 org.nutz.resource.Scans.scan(Scans.java:274) - Found 0 resource by src( org/nutz/apidoc/ ) , regex( ^.+[.]class$ )
[INFO ] 2018-10-15 16:13:18,174 org.nutz.ioc.loader.annotation.AnnotationIocLoader.<init>(AnnotationIocLoader.java:52) - Found 204 classes in 2 base-packages!
beans = ["wxTplListController", "uploadController", "wxReplyTxtServiceImpl", "logisticsSendplanController", "baseJobServiceImpl", "dateUtil", "qrcodeService", "logisticsSendgoodsServiceImpl", "logisticsOrderentryController", "insLockController", "baseRowofficeentryServiceImpl", "cmsChannelServiceImpl", "insBaseinsServiceImpl", "orderExecute", "cmsArticleController", "basePostController", "baseAirmeterialServiceImpl", "basePersonController", "logisticsOrderplanServiceImpl", "cmsLinkClassController", "basePostServiceImpl", "baseRowofficeServiceImpl", "baseJobController", "baseRowofficeController", "wxReplyController", "insRepairController", "sysConfigServiceImpl", "basePersonpoolController", "baseVehicleController", "wxMsgServiceImpl", "wxPayBackController", "logisticsUnplanController", "mobileInsController", "sysTaskController", "sysBarcodeController", "insTransmitController", "sysDictServiceImpl", "wxConfigServiceImpl", "baseAirportServiceImpl", "apiTestController", "sysMenuController", "cmsSiteServiceImpl", "mobileSysController", "cmsLinkController", "insCommonController", "logisticsOrderplanentryServiceImpl", "insInstrumentController", "sysRegistauditServiceImpl", "insLockServiceImpl", "insOrderController", "wechatController", "wxMsgUserController", "sysDictController", "sysWxUserController", "logisticsDeliveryorderentryController", "basePersonServiceImpl", "insOrderentryServiceImpl", "insRepairtrackController", "insInstrumentServiceImpl", "logisticsSendapprovalServiceImpl", "logisticsOrderdeliveryController", "wxTplListServiceImpl", "tplService", "sysPluginServiceImpl", "insRfheadController", "logisticsSendgoodsController", "mobileBaseController", "baseCnctobjServiceImpl", "nutShiroMethodInterceptor", "insCabinetServiceImpl", "basePlaceServiceImpl", "baseVehicleServiceImpl", "cmsLinkClassServiceImpl", "sysHomeController", "insRfheadServiceImpl", "sysMobileController", "wxMassServiceImpl", "logisticsOrderentryServiceImpl", "logisticsSendplanServiceImpl", "logisticsOrderrejectServiceImpl", "wxHandler", "cmsChannelController", "wxController", "rabbitProducer", "sysTaskServiceImpl", "sysVersionController", "shiroUtil", "wxReplyTxtController", "sysPluginController", "logisticsSendtraceController", "sysApiServiceImpl", "logisticsEntourageServiceImpl", "sLogService", "baseAirportController", "sysApiController", "wxTplIdController", "insSpaceServiceImpl", "logisticsOrderController", "sysTempuserController", "sysUserController", "platformAuthorizingRealm", "testJob", "$aop_1_plugin", "sysRegistauditController", "wxReplyNewsServiceImpl", "insTransmitServiceImpl", "sysLoginController", "wxTplLogServiceImpl", "sysUserServiceImpl", "sysRoleServiceImpl", "sysRouteController", "idcardUtil", "basePlaceController", "sysWxDeptController", "logisticsOrderplanentryController", "userpermissionController", "sysWxServiceImpl", "cmsController", "logisticsSendtraceServiceImpl", "insOrderentryController", "logisticsSendapprovalController", "wxMenuController", "insOrderServiceImpl", "weixinController", "code128Util", "insRepairServiceImpl", "logisticsOrderplanController", "wxMsgReplyServiceImpl", "logisticsOrderdeliveryServiceImpl", "cmsArticleServiceImpl", "baseCnctobjController", "baseCustomerController", "insBaseinsController", "insRfidServiceImpl", "cookieUtil", "baseRowofficeentryController", "logisticsOrderstepServiceImpl", "wxReplyServiceImpl", "bdController", "redisIdGenerator", "insBaseinsSpaceServiceImpl", "cmsSiteController", "logisticsDeliveryorderServiceImpl", "insCabinetController", "logisticsOrderServiceImpl", "sysWxDeptServiceImpl", "sysWxController", "mobileOrderController", "sysRoleController", "logisticsEntourageController", "insCommonServiceImpl", "sysUnitController", "padInsController", "wxMassSendServiceImpl", "logisticsDeliveryorderController", "rSAUtil", "wxConfigController", "stringUtil", "baseCustomerServiceImpl", "basePersonpoolServiceImpl", "insBaseinsSpaceController", "wxUserServiceImpl", "insSpaceController", "sysTempuserServiceImpl", "baseWarehouseServiceImpl", "insToolcabinetController", "sysWxUserServiceImpl", "dynamicInterceptor", "sysLogController", "wxMassController", "emailService", "baseWarehouseController", "insToolcabinetServiceImpl", "wxMenuServiceImpl", "wxReplyNewsController", "baseDeptServiceImpl", "sysRouteServiceImpl", "insRepairtrackServiceImpl", "wxMassNewsServiceImpl", "baseAirmeterialController", "sysMenuServiceImpl", "sysMobileServiceImpl", "simpleTest", "logisticsOrderstepController", "sysLogServiceImpl", "logisticsUnplanServiceImpl", "wxTplIdServiceImpl", "logisticsDeliveryorderentryServiceImpl", "$aop_syslog", "padSysController", "baseDeptController", "logisticsOrderrejectController", "padOrderController", "sysBarcodeServiceImpl", "wxTplLogController", "wxUserController", "wxPayTestController", "tokenController", "sysVersionServiceImpl", "cmsLinkServiceImpl", "sysUnitServiceImpl", "insRfidController", "sysConfController", "pluginMaster"]
[DEBUG] 2018-10-15 16:13:18,175 org.nutz.ioc.loader.combo.ComboIocLoader.createIocLoader(ComboIocLoader.java:110) - found jedis -- org.nutz.integration.jedis.JedisIocLoader
[DEBUG] 2018-10-15 16:13:18,178 org.nutz.resource.Scans.scan(Scans.java:274) - Found 1 resource by src( org/nutz/integration/jedis/jedis.js ) , regex( ^(.+[.])(js|json)$ )
[DEBUG] 2018-10-15 16:13:18,178 org.nutz.ioc.loader.json.JsonLoader.<init>(JsonLoader.java:49) - loading [org/nutz/integration/jedis/jedis.js]
[DEBUG] 2018-10-15 16:13:18,179 org.nutz.ioc.loader.json.JsonLoader.<init>(JsonLoader.java:57) - Loaded 9 bean define from path=[org/nutz/integration/jedis/jedis.js] --> [redisService, jedisCluster, jedisClusterNodes, jedisClusterWrapper, pubSubService, jedisPoolConfig, jedisPool, jedisAgent, redis]
[DEBUG] 2018-10-15 16:13:18,183 org.nutz.ioc.loader.json.JsonLoader.<init>(JsonLoader.java:40) - Loaded 5 bean define from reader --
[txREPEATABLE_READ, txSERIALIZABLE, txNONE, txREAD_UNCOMMITTED, txREAD_COMMITTED]
[DEBUG] 2018-10-15 16:13:18,185 org.nutz.ioc.loader.combo.ComboIocLoader.createIocLoader(ComboIocLoader.java:110) - found quartz -- org.nutz.integration.quartz.QuartzIocLoader
[DEBUG] 2018-10-15 16:13:18,188 org.nutz.ioc.loader.json.JsonLoader.<init>(JsonLoader.java:57) - Loaded 0 bean define from path=[] --> []
[DEBUG] 2018-10-15 16:13:18,207 org.nutz.ioc.aop.SimpleAopMaker.<init>(SimpleAopMaker.java:79) - Load AopConfigure for anno=org.nutz.aop.interceptor.async.Async by type=org.nutz.aop.interceptor.async.AsyncAopIocLoader
[DEBUG] 2018-10-15 16:13:18,210 org.nutz.ioc.loader.combo.ComboIocLoader.createIocLoader(ComboIocLoader.java:110) - found rabbitmq -- org.nutz.integration.rabbitmq.RabbitmqIocLoader
[DEBUG] 2018-10-15 16:13:18,213 org.nutz.resource.Scans.scan(Scans.java:274) - Found 1 resource by src( org/nutz/integration/rabbitmq/rabbitmq.js ) , regex( ^(.+[.])(js|json)$ )
[DEBUG] 2018-10-15 16:13:18,214 org.nutz.ioc.loader.json.JsonLoader.<init>(JsonLoader.java:49) - loading [org/nutz/integration/rabbitmq/rabbitmq.js]
[DEBUG] 2018-10-15 16:13:18,215 org.nutz.ioc.loader.json.JsonLoader.<init>(JsonLoader.java:57) - Loaded 2 bean define from path=[org/nutz/integration/rabbitmq/rabbitmq.js] --> [rabbitmq, rabbitmq_cf]
[INFO ] 2018-10-15 16:13:18,219 org.nutz.ioc.impl.NutIoc.<init>(NutIoc.java:98) - NutIoc init begin ...
[INFO ] 2018-10-15 16:13:18,221 org.nutz.ioc.impl.NutIoc.<init>(NutIoc.java:115) - ... NutIoc init complete
[DEBUG] 2018-10-15 16:13:18,221 org.nutz.ioc.impl.NutIoc.get(NutIoc.java:151) - Get 'conf'<class org.nutz.ioc.impl.PropertiesProxy>
[DEBUG] 2018-10-15 16:13:18,222 org.nutz.ioc.impl.NutIoc.get(NutIoc.java:151) - Get '$aop_1_plugin'<interface org.nutz.ioc.aop.config.AopConfigration>
[DEBUG] 2018-10-15 16:13:18,223 org.nutz.ioc.impl.NutIoc.get(NutIoc.java:177) - 	 >> Load definition name=$aop_1_plugin
[DEBUG] 2018-10-15 16:13:18,223 org.nutz.ioc.loader.combo.ComboIocLoader.load(ComboIocLoader.java:161) - Found IocObject($aop_1_plugin) in AnnotationIocLoader(packages=[cn.wizzer, org.nutz.apidoc])
[DEBUG] 2018-10-15 16:13:18,223 org.nutz.ioc.impl.NutIoc.get(NutIoc.java:209) - 	 >> Make...'$aop_1_plugin'<interface org.nutz.ioc.aop.config.AopConfigration>
[DEBUG] 2018-10-15 16:13:18,224 org.nutz.ioc.impl.ScopeContext.save(ScopeContext.java:64) - Save object '$aop_1_plugin' to [app] 
[DEBUG] 2018-10-15 16:13:18,240 org.nutz.ioc.impl.NutIoc.get(NutIoc.java:151) - Get 'dynamicInterceptor'<class cn.wizzer.app.web.commons.plugin.DynamicInterceptor>
[DEBUG] 2018-10-15 16:13:18,240 org.nutz.ioc.impl.NutIoc.get(NutIoc.java:177) - 	 >> Load definition name=dynamicInterceptor
[DEBUG] 2018-10-15 16:13:18,240 org.nutz.ioc.loader.combo.ComboIocLoader.load(ComboIocLoader.java:161) - Found IocObject(dynamicInterceptor) in AnnotationIocLoader(packages=[cn.wizzer, org.nutz.apidoc])
[DEBUG] 2018-10-15 16:13:18,240 org.nutz.ioc.impl.NutIoc.get(NutIoc.java:209) - 	 >> Make...'dynamicInterceptor'<class cn.wizzer.app.web.commons.plugin.DynamicInterceptor>
[DEBUG] 2018-10-15 16:13:18,240 org.nutz.ioc.impl.ScopeContext.save(ScopeContext.java:64) - Save object 'dynamicInterceptor' to [app] 
[DEBUG] 2018-10-15 16:13:18,246 org.nutz.ioc.impl.NutIoc.get(NutIoc.java:151) - Get '$aop_async'<interface org.nutz.ioc.aop.config.AopConfigration>
[DEBUG] 2018-10-15 16:13:18,246 org.nutz.ioc.impl.NutIoc.get(NutIoc.java:177) - 	 >> Load definition name=$aop_async
[DEBUG] 2018-10-15 16:13:18,247 org.nutz.ioc.loader.combo.ComboIocLoader.load(ComboIocLoader.java:161) - Found IocObject($aop_async) in AsyncAopIocLoader@1443435931
[DEBUG] 2018-10-15 16:13:18,247 org.nutz.ioc.impl.NutIoc.get(NutIoc.java:209) - 	 >> Make...'$aop_async'<interface org.nutz.ioc.aop.config.AopConfigration>
[DEBUG] 2018-10-15 16:13:18,247 org.nutz.ioc.impl.ScopeContext.save(ScopeContext.java:64) - Save object '$aop_async' to [app] 
[DEBUG] 2018-10-15 16:13:18,248 org.nutz.ioc.impl.NutIoc.get(NutIoc.java:151) - Get '$aop_syslog'<interface org.nutz.ioc.aop.config.AopConfigration>
[DEBUG] 2018-10-15 16:13:18,249 org.nutz.ioc.impl.NutIoc.get(NutIoc.java:177) - 	 >> Load definition name=$aop_syslog
[DEBUG] 2018-10-15 16:13:18,249 org.nutz.ioc.loader.combo.ComboIocLoader.load(ComboIocLoader.java:161) - Found IocObject($aop_syslog) in AnnotationIocLoader(packages=[cn.wizzer, org.nutz.apidoc])
[DEBUG] 2018-10-15 16:13:18,249 org.nutz.ioc.impl.NutIoc.get(NutIoc.java:209) - 	 >> Make...'$aop_syslog'<interface org.nutz.ioc.aop.config.AopConfigration>
[DEBUG] 2018-10-15 16:13:18,249 org.nutz.ioc.impl.ScopeContext.save(ScopeContext.java:64) - Save object '$aop_syslog' to [app] 
[DEBUG] 2018-10-15 16:13:18,255 org.nutz.ioc.aop.SimpleAopMaker.<init>(SimpleAopMaker.java:79) - Load AopConfigure for anno=cn.wizzer.app.web.commons.slog.annotation.SLog by type=cn.wizzer.app.web.commons.slog.SLogAopConfigration
[DEBUG] 2018-10-15 16:13:18,255 org.nutz.ioc.aop.SimpleAopMaker.<init>(SimpleAopMaker.java:79) - Load AopConfigure for anno=org.nutz.ioc.aop.Aop by type=org.nutz.ioc.aop.config.impl.AnnotationAopConfigration
[DEBUG] 2018-10-15 16:13:18,255 org.nutz.ioc.impl.NutIoc.get(NutIoc.java:177) - 	 >> Load definition name=conf
[DEBUG] 2018-10-15 16:13:18,255 org.nutz.ioc.loader.map.MapLoader.load(MapLoader.java:67) - Loading define for name=conf
[DEBUG] 2018-10-15 16:13:18,267 org.nutz.ioc.loader.combo.ComboIocLoader.load(ComboIocLoader.java:161) - Found IocObject(conf) in JsonLoader(paths=[config/ioc/])
[DEBUG] 2018-10-15 16:13:18,267 org.nutz.ioc.impl.NutIoc.get(NutIoc.java:209) - 	 >> Make...'conf'<class org.nutz.ioc.impl.PropertiesProxy>
[DEBUG] 2018-10-15 16:13:18,268 cn.wizzer.app.web.commons.plugin.PluginAopConfigure.getInterceptorPairList(PluginAopConfigure.java:33) - skip -- org.nutz.ioc.impl.PropertiesProxy
[DEBUG] 2018-10-15 16:13:18,269 org.nutz.ioc.aop.impl.DefaultMirrorFactory.getMirror(DefaultMirrorFactory.java:70) - Load class org.nutz.ioc.impl.PropertiesProxy without AOP
[DEBUG] 2018-10-15 16:13:18,269 org.nutz.ioc.impl.ScopeContext.save(ScopeContext.java:64) - Save object 'conf' to [app] 
[DEBUG] 2018-10-15 16:13:18,337 org.nutz.resource.Scans.scan(Scans.java:274) - Found 4 resource by src( config/custom/ ) , regex( ^.+[.]properties$ )
[DEBUG] 2018-10-15 16:13:18,337 org.nutz.ioc.impl.PropertiesProxy.setPaths(PropertiesProxy.java:113) - load properties from File[C:\Users\Administrator\IdeaProjects\XA-Instrument\wk-app\wk-web\target\classes\config\custom\db.properties]
[DEBUG] 2018-10-15 16:13:18,338 org.nutz.ioc.impl.PropertiesProxy.setPaths(PropertiesProxy.java:113) - load properties from File[C:\Users\Administrator\IdeaProjects\XA-Instrument\wk-app\wk-web\target\classes\config\custom\mail.properties]
[DEBUG] 2018-10-15 16:13:18,339 org.nutz.ioc.impl.PropertiesProxy.setPaths(PropertiesProxy.java:113) - load properties from File[C:\Users\Administrator\IdeaProjects\XA-Instrument\wk-app\wk-web\target\classes\config\custom\rabbit.properties]
[DEBUG] 2018-10-15 16:13:18,340 org.nutz.ioc.impl.PropertiesProxy.setPaths(PropertiesProxy.java:113) - load properties from File[C:\Users\Administrator\IdeaProjects\XA-Instrument\wk-app\wk-web\target\classes\config\custom\redis.properties]
[DEBUG] 2018-10-15 16:13:18,342 org.nutz.ioc.impl.NutIoc.get(NutIoc.java:151) - Get 'simpleTest'<class cn.wizzer.test.SimpleTest>
[DEBUG] 2018-10-15 16:13:18,342 org.nutz.ioc.impl.NutIoc.get(NutIoc.java:177) - 	 >> Load definition name=simpleTest
[DEBUG] 2018-10-15 16:13:18,342 org.nutz.ioc.loader.combo.ComboIocLoader.load(ComboIocLoader.java:161) - Found IocObject(simpleTest) in AnnotationIocLoader(packages=[cn.wizzer, org.nutz.apidoc])
[DEBUG] 2018-10-15 16:13:18,343 org.nutz.ioc.impl.NutIoc.get(NutIoc.java:209) - 	 >> Make...'simpleTest'<class cn.wizzer.test.SimpleTest>
[DEBUG] 2018-10-15 16:13:18,343 cn.wizzer.app.web.commons.plugin.PluginAopConfigure.getInterceptorPairList(PluginAopConfigure.java:33) - skip -- cn.wizzer.test.SimpleTest
[DEBUG] 2018-10-15 16:13:18,343 org.nutz.ioc.aop.impl.DefaultMirrorFactory.getMirror(DefaultMirrorFactory.java:70) - Load class cn.wizzer.test.SimpleTest without AOP
[DEBUG] 2018-10-15 16:13:18,343 org.nutz.ioc.impl.ScopeContext.save(ScopeContext.java:64) - Save object 'simpleTest' to [app] 
[DEBUG] 2018-10-15 16:13:18,400 org.nutz.ioc.impl.NutIoc.get(NutIoc.java:151) - Get 'dao'<interface org.nutz.dao.Dao>
[DEBUG] 2018-10-15 16:13:18,400 org.nutz.ioc.impl.NutIoc.get(NutIoc.java:177) - 	 >> Load definition name=dao
[DEBUG] 2018-10-15 16:13:18,401 org.nutz.ioc.loader.map.MapLoader.load(MapLoader.java:67) - Loading define for name=dao
[DEBUG] 2018-10-15 16:13:18,407 org.nutz.ioc.loader.combo.ComboIocLoader.load(ComboIocLoader.java:161) - Found IocObject(dao) in JsonLoader(paths=[config/ioc/])
[DEBUG] 2018-10-15 16:13:18,408 org.nutz.ioc.impl.NutIoc.get(NutIoc.java:209) - 	 >> Make...'dao'<interface org.nutz.dao.Dao>
[DEBUG] 2018-10-15 16:13:18,408 cn.wizzer.app.web.commons.plugin.PluginAopConfigure.getInterceptorPairList(PluginAopConfigure.java:33) - skip -- org.nutz.dao.impl.NutDao
[DEBUG] 2018-10-15 16:13:18,419 org.nutz.ioc.aop.impl.DefaultMirrorFactory.getMirror(DefaultMirrorFactory.java:70) - Load class org.nutz.dao.impl.NutDao without AOP
[DEBUG] 2018-10-15 16:13:18,420 org.nutz.ioc.impl.ScopeContext.save(ScopeContext.java:64) - Save object 'dao' to [app] 
[DEBUG] 2018-10-15 16:13:18,421 org.nutz.ioc.impl.NutIoc.get(NutIoc.java:151) - Get 'dataSource'<>
[DEBUG] 2018-10-15 16:13:18,421 org.nutz.ioc.impl.NutIoc.get(NutIoc.java:177) - 	 >> Load definition name=dataSource
[DEBUG] 2018-10-15 16:13:18,421 org.nutz.ioc.loader.map.MapLoader.load(MapLoader.java:67) - Loading define for name=dataSource
[DEBUG] 2018-10-15 16:13:18,438 org.nutz.ioc.loader.combo.ComboIocLoader.load(ComboIocLoader.java:161) - Found IocObject(dataSource) in JsonLoader(paths=[config/ioc/])
[DEBUG] 2018-10-15 16:13:18,438 org.nutz.ioc.impl.NutIoc.get(NutIoc.java:209) - 	 >> Make...'dataSource'<>
[DEBUG] 2018-10-15 16:13:18,438 cn.wizzer.app.web.commons.plugin.PluginAopConfigure.getInterceptorPairList(PluginAopConfigure.java:33) - skip -- com.alibaba.druid.pool.DruidDataSource
[DEBUG] 2018-10-15 16:13:18,463 org.nutz.ioc.aop.impl.DefaultMirrorFactory.getMirror(DefaultMirrorFactory.java:70) - Load class com.alibaba.druid.pool.DruidDataSource without AOP
[DEBUG] 2018-10-15 16:13:18,464 org.nutz.ioc.impl.ScopeContext.save(ScopeContext.java:64) - Save object 'dataSource' to [app] 
[DEBUG] 2018-10-15 16:13:18,465 org.nutz.ioc.impl.NutIoc.get(NutIoc.java:151) - Get 'conf'<>
[DEBUG] 2018-10-15 16:13:19,169 org.nutz.ioc.impl.ScopeContext.remove(ScopeContext.java:84) - Remove object 'dataSource' from [app] 
[DEBUG] 2018-10-15 16:13:19,170 org.nutz.ioc.impl.ScopeContext.remove(ScopeContext.java:84) - Remove object 'dao' from [app] 
[DEBUG] 2018-10-15 16:13:19,170 org.nutz.ioc.impl.ScopeContext.remove(ScopeContext.java:84) - Remove object 'simpleTest' from [app] 
]]></system-out>
    <system-err><![CDATA[log4j:ERROR Could not find value for key log4j.appender.luckylog
log4j:ERROR Could not instantiate appender named "luckylog".
]]></system-err>
  </testcase>
  <testcase name="testOrder10" classname="cn.wizzer.test.SimpleTest" time="0.001">
    <error message="IocBean[simpleTest] throw Exception when creating" type="org.nutz.ioc.IocException">org.nutz.ioc.IocException: IocBean[simpleTest] throw Exception when creating
Caused by: java.lang.RuntimeException: IocBean[simpleTest] fail at field=[dao]
Caused by: org.nutz.ioc.IocException: IocBean[dao -> dataSource] throw Exception when creating
Caused by: java.lang.IllegalArgumentException: Failed to decrypt.
Caused by: java.lang.IllegalArgumentException: String length must be a multiple of four.
</error>
    <system-out><![CDATA[[INFO ] 2018-10-15 16:13:19,177 org.nutz.ioc.impl.NutIoc.depose(NutIoc.java:255) - org.nutz.ioc.impl.NutIoc@896982466 is closing. startup date [18-10-15 16:13:18.219]
[DEBUG] 2018-10-15 16:13:19,177 org.nutz.ioc.impl.ScopeContext.clear(ScopeContext.java:108) - Depose object 'conf' ...
[DEBUG] 2018-10-15 16:13:19,178 org.nutz.ioc.impl.ScopeContext.clear(ScopeContext.java:108) - Depose object '$aop_syslog' ...
[DEBUG] 2018-10-15 16:13:19,178 org.nutz.ioc.impl.ScopeContext.clear(ScopeContext.java:108) - Depose object '$aop_async' ...
[DEBUG] 2018-10-15 16:13:19,178 org.nutz.ioc.impl.ScopeContext.clear(ScopeContext.java:108) - Depose object 'dynamicInterceptor' ...
[DEBUG] 2018-10-15 16:13:19,178 org.nutz.ioc.impl.ScopeContext.clear(ScopeContext.java:108) - Depose object '$aop_1_plugin' ...
[INFO ] 2018-10-15 16:13:19,178 org.nutz.ioc.impl.NutIoc.depose(NutIoc.java:262) - org.nutz.ioc.impl.NutIoc@896982466 is deposed. startup date [18-10-15 16:13:18.219]
[DEBUG] 2018-10-15 16:13:19,181 org.nutz.resource.Scans.scan(Scans.java:274) - Found 4 resource by src( config/ioc/ ) , regex( ^(.+[.])(js|json)$ )
[DEBUG] 2018-10-15 16:13:19,181 org.nutz.ioc.loader.json.JsonLoader.<init>(JsonLoader.java:49) - loading [dao.json]
[DEBUG] 2018-10-15 16:13:19,181 org.nutz.ioc.loader.json.JsonLoader.<init>(JsonLoader.java:49) - loading [ehcache.json]
[DEBUG] 2018-10-15 16:13:19,182 org.nutz.ioc.loader.json.JsonLoader.<init>(JsonLoader.java:49) - loading [mail.json]
[DEBUG] 2018-10-15 16:13:19,182 org.nutz.ioc.loader.json.JsonLoader.<init>(JsonLoader.java:49) - loading [upload.json]
[DEBUG] 2018-10-15 16:13:19,183 org.nutz.ioc.loader.json.JsonLoader.<init>(JsonLoader.java:57) - Loaded 15 bean define from path=[config/ioc/] --> [videoUpload, conf, uploadVideoContext, imageUpload, fileUpload, cacheManager, dao, cacheProvider, emailAuthenticator, uploadFileContext, htmlEmail, cacheExecutor, tmpFilePool, uploadImageContext, dataSource]
[DEBUG] 2018-10-15 16:13:19,349 org.nutz.resource.Scans.scan(Scans.java:274) - Found 452 resource by src( cn/wizzer/ ) , regex( ^.+[.]class$ )
[DEBUG] 2018-10-15 16:13:19,352 org.nutz.ioc.loader.annotation.AnnotationIocLoader.addClass(AnnotationIocLoader.java:76) - Found @IocBean : class cn.wizzer.framework.util.StringUtil
[DEBUG] 2018-10-15 16:13:19,352 org.nutz.ioc.loader.annotation.AnnotationIocLoader.addClass(AnnotationIocLoader.java:76) - Found @IocBean : class cn.wizzer.framework.util.CookieUtil
[DEBUG] 2018-10-15 16:13:19,352 org.nutz.ioc.loader.annotation.AnnotationIocLoader.addClass(AnnotationIocLoader.java:76) - Found @IocBean : class cn.wizzer.framework.ig.RedisIdGenerator
[DEBUG] 2018-10-15 16:13:19,352 org.nutz.ioc.loader.annotation.AnnotationIocLoader.addClass(AnnotationIocLoader.java:76) - Found @IocBean : class cn.wizzer.framework.util.DateUtil
[DEBUG] 2018-10-15 16:13:19,353 org.nutz.ioc.loader.annotation.AnnotationIocLoader.addClass(AnnotationIocLoader.java:76) - Found @IocBean : class cn.wizzer.framework.shiro.interceptor.NutShiroMethodInterceptor
[DEBUG] 2018-10-15 16:13:19,353 org.nutz.ioc.loader.annotation.AnnotationIocLoader.addClass(AnnotationIocLoader.java:76) - Found @IocBean : class cn.wizzer.framework.util.IdcardUtil
[DEBUG] 2018-10-15 16:13:19,353 org.nutz.ioc.loader.annotation.AnnotationIocLoader.addClass(AnnotationIocLoader.java:76) - Found @IocBean : class cn.wizzer.framework.rabbit.RabbitProducer
[DEBUG] 2018-10-15 16:13:19,353 org.nutz.ioc.loader.annotation.AnnotationIocLoader.addClass(AnnotationIocLoader.java:76) - Found @IocBean : class cn.wizzer.framework.util.RSAUtil
[DEBUG] 2018-10-15 16:13:19,353 org.nutz.ioc.loader.annotation.AnnotationIocLoader.addClass(AnnotationIocLoader.java:76) - Found @IocBean : class cn.wizzer.framework.util.ShiroUtil
[DEBUG] 2018-10-15 16:13:19,353 org.nutz.ioc.loader.annotation.AnnotationIocLoader.addClass(AnnotationIocLoader.java:76) - Found @IocBean : class cn.wizzer.framework.util.Code128Util
[DEBUG] 2018-10-15 16:13:19,353 org.nutz.ioc.loader.annotation.AnnotationIocLoader.addClass(AnnotationIocLoader.java:76) - Found @IocBean : class cn.wizzer.app.base.modules.services.impl.BaseAirmeterialServiceImpl
[DEBUG] 2018-10-15 16:13:19,354 org.nutz.ioc.loader.annotation.AnnotationIocLoader.addClass(AnnotationIocLoader.java:76) - Found @IocBean : class cn.wizzer.app.base.modules.services.impl.BaseAirportServiceImpl
[DEBUG] 2018-10-15 16:13:19,354 org.nutz.ioc.loader.annotation.AnnotationIocLoader.addClass(AnnotationIocLoader.java:76) - Found @IocBean : class cn.wizzer.app.base.modules.services.impl.BaseCnctobjServiceImpl
[DEBUG] 2018-10-15 16:13:19,354 org.nutz.ioc.loader.annotation.AnnotationIocLoader.addClass(AnnotationIocLoader.java:76) - Found @IocBean : class cn.wizzer.app.base.modules.services.impl.BaseCustomerServiceImpl
[DEBUG] 2018-10-15 16:13:19,355 org.nutz.ioc.loader.annotation.AnnotationIocLoader.addClass(AnnotationIocLoader.java:76) - Found @IocBean : class cn.wizzer.app.base.modules.services.impl.BaseDeptServiceImpl
[DEBUG] 2018-10-15 16:13:19,355 org.nutz.ioc.loader.annotation.AnnotationIocLoader.addClass(AnnotationIocLoader.java:76) - Found @IocBean : class cn.wizzer.app.base.modules.services.impl.BaseJobServiceImpl
[DEBUG] 2018-10-15 16:13:19,355 org.nutz.ioc.loader.annotation.AnnotationIocLoader.addClass(AnnotationIocLoader.java:76) - Found @IocBean : class cn.wizzer.app.base.modules.services.impl.BasePersonpoolServiceImpl
[DEBUG] 2018-10-15 16:13:19,355 org.nutz.ioc.loader.annotation.AnnotationIocLoader.addClass(AnnotationIocLoader.java:76) - Found @IocBean : class cn.wizzer.app.base.modules.services.impl.BasePersonServiceImpl
[DEBUG] 2018-10-15 16:13:19,356 org.nutz.ioc.loader.annotation.AnnotationIocLoader.addClass(AnnotationIocLoader.java:76) - Found @IocBean : class cn.wizzer.app.base.modules.services.impl.BasePlaceServiceImpl
[DEBUG] 2018-10-15 16:13:19,356 org.nutz.ioc.loader.annotation.AnnotationIocLoader.addClass(AnnotationIocLoader.java:76) - Found @IocBean : class cn.wizzer.app.base.modules.services.impl.BasePostServiceImpl
[DEBUG] 2018-10-15 16:13:19,356 org.nutz.ioc.loader.annotation.AnnotationIocLoader.addClass(AnnotationIocLoader.java:76) - Found @IocBean : class cn.wizzer.app.base.modules.services.impl.BaseRowofficeentryServiceImpl
[DEBUG] 2018-10-15 16:13:19,356 org.nutz.ioc.loader.annotation.AnnotationIocLoader.addClass(AnnotationIocLoader.java:76) - Found @IocBean : class cn.wizzer.app.base.modules.services.impl.BaseRowofficeServiceImpl
[DEBUG] 2018-10-15 16:13:19,357 org.nutz.ioc.loader.annotation.AnnotationIocLoader.addClass(AnnotationIocLoader.java:76) - Found @IocBean : class cn.wizzer.app.base.modules.services.impl.BaseVehicleServiceImpl
[DEBUG] 2018-10-15 16:13:19,357 org.nutz.ioc.loader.annotation.AnnotationIocLoader.addClass(AnnotationIocLoader.java:76) - Found @IocBean : class cn.wizzer.app.base.modules.services.impl.BaseWarehouseServiceImpl
[DEBUG] 2018-10-15 16:13:19,357 org.nutz.ioc.loader.annotation.AnnotationIocLoader.addClass(AnnotationIocLoader.java:76) - Found @IocBean : class cn.wizzer.app.cms.modules.services.impl.CmsArticleServiceImpl
[DEBUG] 2018-10-15 16:13:19,357 org.nutz.ioc.loader.annotation.AnnotationIocLoader.addClass(AnnotationIocLoader.java:76) - Found @IocBean : class cn.wizzer.app.cms.modules.services.impl.CmsChannelServiceImpl
[DEBUG] 2018-10-15 16:13:19,357 org.nutz.ioc.loader.annotation.AnnotationIocLoader.addClass(AnnotationIocLoader.java:76) - Found @IocBean : class cn.wizzer.app.cms.modules.services.impl.CmsLinkClassServiceImpl
[DEBUG] 2018-10-15 16:13:19,358 org.nutz.ioc.loader.annotation.AnnotationIocLoader.addClass(AnnotationIocLoader.java:76) - Found @IocBean : class cn.wizzer.app.cms.modules.services.impl.CmsLinkServiceImpl
[DEBUG] 2018-10-15 16:13:19,358 org.nutz.ioc.loader.annotation.AnnotationIocLoader.addClass(AnnotationIocLoader.java:76) - Found @IocBean : class cn.wizzer.app.cms.modules.services.impl.CmsSiteServiceImpl
[DEBUG] 2018-10-15 16:13:19,358 org.nutz.ioc.loader.annotation.AnnotationIocLoader.addClass(AnnotationIocLoader.java:76) - Found @IocBean : class cn.wizzer.app.ins.modules.services.impl.InsBaseinsServiceImpl
[DEBUG] 2018-10-15 16:13:19,359 org.nutz.ioc.loader.annotation.AnnotationIocLoader.addClass(AnnotationIocLoader.java:76) - Found @IocBean : class cn.wizzer.app.ins.modules.services.impl.InsBaseinsSpaceServiceImpl
[DEBUG] 2018-10-15 16:13:19,359 org.nutz.ioc.loader.annotation.AnnotationIocLoader.addClass(AnnotationIocLoader.java:76) - Found @IocBean : class cn.wizzer.app.ins.modules.services.impl.InsCabinetServiceImpl
[DEBUG] 2018-10-15 16:13:19,359 org.nutz.ioc.loader.annotation.AnnotationIocLoader.addClass(AnnotationIocLoader.java:76) - Found @IocBean : class cn.wizzer.app.ins.modules.services.impl.InsCommonServiceImpl
[DEBUG] 2018-10-15 16:13:19,359 org.nutz.ioc.loader.annotation.AnnotationIocLoader.addClass(AnnotationIocLoader.java:76) - Found @IocBean : class cn.wizzer.app.ins.modules.services.impl.InsInstrumentServiceImpl
[DEBUG] 2018-10-15 16:13:19,359 org.nutz.ioc.loader.annotation.AnnotationIocLoader.addClass(AnnotationIocLoader.java:76) - Found @IocBean : class cn.wizzer.app.ins.modules.services.impl.InsLockServiceImpl
[DEBUG] 2018-10-15 16:13:19,360 org.nutz.ioc.loader.annotation.AnnotationIocLoader.addClass(AnnotationIocLoader.java:76) - Found @IocBean : class cn.wizzer.app.ins.modules.services.impl.InsOrderentryServiceImpl
[DEBUG] 2018-10-15 16:13:19,360 org.nutz.ioc.loader.annotation.AnnotationIocLoader.addClass(AnnotationIocLoader.java:76) - Found @IocBean : class cn.wizzer.app.ins.modules.services.impl.InsOrderServiceImpl
[DEBUG] 2018-10-15 16:13:19,360 org.nutz.ioc.loader.annotation.AnnotationIocLoader.addClass(AnnotationIocLoader.java:76) - Found @IocBean : class cn.wizzer.app.ins.modules.services.impl.InsRepairServiceImpl
[DEBUG] 2018-10-15 16:13:19,361 org.nutz.ioc.loader.annotation.AnnotationIocLoader.addClass(AnnotationIocLoader.java:76) - Found @IocBean : class cn.wizzer.app.ins.modules.services.impl.InsRepairtrackServiceImpl
[DEBUG] 2018-10-15 16:13:19,361 org.nutz.ioc.loader.annotation.AnnotationIocLoader.addClass(AnnotationIocLoader.java:76) - Found @IocBean : class cn.wizzer.app.ins.modules.services.impl.InsRfheadServiceImpl
[DEBUG] 2018-10-15 16:13:19,361 org.nutz.ioc.loader.annotation.AnnotationIocLoader.addClass(AnnotationIocLoader.java:76) - Found @IocBean : class cn.wizzer.app.ins.modules.services.impl.InsRfidServiceImpl
[DEBUG] 2018-10-15 16:13:19,361 org.nutz.ioc.loader.annotation.AnnotationIocLoader.addClass(AnnotationIocLoader.java:76) - Found @IocBean : class cn.wizzer.app.ins.modules.services.impl.InsSpaceServiceImpl
[DEBUG] 2018-10-15 16:13:19,361 org.nutz.ioc.loader.annotation.AnnotationIocLoader.addClass(AnnotationIocLoader.java:76) - Found @IocBean : class cn.wizzer.app.ins.modules.services.impl.InsToolcabinetServiceImpl
[DEBUG] 2018-10-15 16:13:19,362 org.nutz.ioc.loader.annotation.AnnotationIocLoader.addClass(AnnotationIocLoader.java:76) - Found @IocBean : class cn.wizzer.app.ins.modules.services.impl.InsTransmitServiceImpl
[DEBUG] 2018-10-15 16:13:19,362 org.nutz.ioc.loader.annotation.AnnotationIocLoader.addClass(AnnotationIocLoader.java:76) - Found @IocBean : class cn.wizzer.app.logistics.modules.services.impl.LogisticsDeliveryorderentryServiceImpl
[DEBUG] 2018-10-15 16:13:19,362 org.nutz.ioc.loader.annotation.AnnotationIocLoader.addClass(AnnotationIocLoader.java:76) - Found @IocBean : class cn.wizzer.app.logistics.modules.services.impl.LogisticsDeliveryorderServiceImpl
[DEBUG] 2018-10-15 16:13:19,362 org.nutz.ioc.loader.annotation.AnnotationIocLoader.addClass(AnnotationIocLoader.java:76) - Found @IocBean : class cn.wizzer.app.logistics.modules.services.impl.LogisticsEntourageServiceImpl
[DEBUG] 2018-10-15 16:13:19,363 org.nutz.ioc.loader.annotation.AnnotationIocLoader.addClass(AnnotationIocLoader.java:76) - Found @IocBean : class cn.wizzer.app.logistics.modules.services.impl.LogisticsOrderdeliveryServiceImpl
[DEBUG] 2018-10-15 16:13:19,363 org.nutz.ioc.loader.annotation.AnnotationIocLoader.addClass(AnnotationIocLoader.java:76) - Found @IocBean : class cn.wizzer.app.logistics.modules.services.impl.LogisticsOrderentryServiceImpl
[DEBUG] 2018-10-15 16:13:19,363 org.nutz.ioc.loader.annotation.AnnotationIocLoader.addClass(AnnotationIocLoader.java:76) - Found @IocBean : class cn.wizzer.app.logistics.modules.services.impl.LogisticsOrderplanentryServiceImpl
[DEBUG] 2018-10-15 16:13:19,363 org.nutz.ioc.loader.annotation.AnnotationIocLoader.addClass(AnnotationIocLoader.java:76) - Found @IocBean : class cn.wizzer.app.logistics.modules.services.impl.LogisticsOrderplanServiceImpl
[DEBUG] 2018-10-15 16:13:19,363 org.nutz.ioc.loader.annotation.AnnotationIocLoader.addClass(AnnotationIocLoader.java:76) - Found @IocBean : class cn.wizzer.app.logistics.modules.services.impl.LogisticsOrderrejectServiceImpl
[DEBUG] 2018-10-15 16:13:19,364 org.nutz.ioc.loader.annotation.AnnotationIocLoader.addClass(AnnotationIocLoader.java:76) - Found @IocBean : class cn.wizzer.app.logistics.modules.services.impl.LogisticsOrderServiceImpl
[DEBUG] 2018-10-15 16:13:19,364 org.nutz.ioc.loader.annotation.AnnotationIocLoader.addClass(AnnotationIocLoader.java:76) - Found @IocBean : class cn.wizzer.app.logistics.modules.services.impl.LogisticsOrderstepServiceImpl
[DEBUG] 2018-10-15 16:13:19,364 org.nutz.ioc.loader.annotation.AnnotationIocLoader.addClass(AnnotationIocLoader.java:76) - Found @IocBean : class cn.wizzer.app.logistics.modules.services.impl.LogisticsSendapprovalServiceImpl
[DEBUG] 2018-10-15 16:13:19,364 org.nutz.ioc.loader.annotation.AnnotationIocLoader.addClass(AnnotationIocLoader.java:76) - Found @IocBean : class cn.wizzer.app.logistics.modules.services.impl.LogisticsSendgoodsServiceImpl
[DEBUG] 2018-10-15 16:13:19,364 org.nutz.ioc.loader.annotation.AnnotationIocLoader.addClass(AnnotationIocLoader.java:76) - Found @IocBean : class cn.wizzer.app.logistics.modules.services.impl.LogisticsSendplanServiceImpl
[DEBUG] 2018-10-15 16:13:19,365 org.nutz.ioc.loader.annotation.AnnotationIocLoader.addClass(AnnotationIocLoader.java:76) - Found @IocBean : class cn.wizzer.app.logistics.modules.services.impl.LogisticsSendtraceServiceImpl
[DEBUG] 2018-10-15 16:13:19,365 org.nutz.ioc.loader.annotation.AnnotationIocLoader.addClass(AnnotationIocLoader.java:76) - Found @IocBean : class cn.wizzer.app.logistics.modules.services.impl.LogisticsUnplanServiceImpl
[DEBUG] 2018-10-15 16:13:19,365 org.nutz.ioc.loader.annotation.AnnotationIocLoader.addClass(AnnotationIocLoader.java:76) - Found @IocBean : class cn.wizzer.app.sys.modules.services.impl.SysApiServiceImpl
[DEBUG] 2018-10-15 16:13:19,365 org.nutz.ioc.loader.annotation.AnnotationIocLoader.addClass(AnnotationIocLoader.java:76) - Found @IocBean : class cn.wizzer.app.sys.modules.services.impl.SysBarcodeServiceImpl
[DEBUG] 2018-10-15 16:13:19,365 org.nutz.ioc.loader.annotation.AnnotationIocLoader.addClass(AnnotationIocLoader.java:76) - Found @IocBean : class cn.wizzer.app.sys.modules.services.impl.SysConfigServiceImpl
[DEBUG] 2018-10-15 16:13:19,365 org.nutz.ioc.loader.annotation.AnnotationIocLoader.addClass(AnnotationIocLoader.java:76) - Found @IocBean : class cn.wizzer.app.sys.modules.services.impl.SysDictServiceImpl
[DEBUG] 2018-10-15 16:13:19,366 org.nutz.ioc.loader.annotation.AnnotationIocLoader.addClass(AnnotationIocLoader.java:76) - Found @IocBean : class cn.wizzer.app.sys.modules.services.impl.SysLogServiceImpl
[DEBUG] 2018-10-15 16:13:19,366 org.nutz.ioc.loader.annotation.AnnotationIocLoader.addClass(AnnotationIocLoader.java:76) - Found @IocBean : class cn.wizzer.app.sys.modules.services.impl.SysMenuServiceImpl
[DEBUG] 2018-10-15 16:13:19,366 org.nutz.ioc.loader.annotation.AnnotationIocLoader.addClass(AnnotationIocLoader.java:76) - Found @IocBean : class cn.wizzer.app.sys.modules.services.impl.SysMobileServiceImpl
[DEBUG] 2018-10-15 16:13:19,366 org.nutz.ioc.loader.annotation.AnnotationIocLoader.addClass(AnnotationIocLoader.java:76) - Found @IocBean : class cn.wizzer.app.sys.modules.services.impl.SysPluginServiceImpl
[DEBUG] 2018-10-15 16:13:19,366 org.nutz.ioc.loader.annotation.AnnotationIocLoader.addClass(AnnotationIocLoader.java:76) - Found @IocBean : class cn.wizzer.app.sys.modules.services.impl.SysRegistauditServiceImpl
[DEBUG] 2018-10-15 16:13:19,366 org.nutz.ioc.loader.annotation.AnnotationIocLoader.addClass(AnnotationIocLoader.java:76) - Found @IocBean : class cn.wizzer.app.sys.modules.services.impl.SysRoleServiceImpl
[DEBUG] 2018-10-15 16:13:19,367 org.nutz.ioc.loader.annotation.AnnotationIocLoader.addClass(AnnotationIocLoader.java:76) - Found @IocBean : class cn.wizzer.app.sys.modules.services.impl.SysRouteServiceImpl
[DEBUG] 2018-10-15 16:13:19,367 org.nutz.ioc.loader.annotation.AnnotationIocLoader.addClass(AnnotationIocLoader.java:76) - Found @IocBean : class cn.wizzer.app.sys.modules.services.impl.SysTaskServiceImpl
[DEBUG] 2018-10-15 16:13:19,367 org.nutz.ioc.loader.annotation.AnnotationIocLoader.addClass(AnnotationIocLoader.java:76) - Found @IocBean : class cn.wizzer.app.sys.modules.services.impl.SysTempuserServiceImpl
[DEBUG] 2018-10-15 16:13:19,367 org.nutz.ioc.loader.annotation.AnnotationIocLoader.addClass(AnnotationIocLoader.java:76) - Found @IocBean : class cn.wizzer.app.sys.modules.services.impl.SysUnitServiceImpl
[DEBUG] 2018-10-15 16:13:19,368 org.nutz.ioc.loader.annotation.AnnotationIocLoader.addClass(AnnotationIocLoader.java:76) - Found @IocBean : class cn.wizzer.app.sys.modules.services.impl.SysUserServiceImpl
[DEBUG] 2018-10-15 16:13:19,368 org.nutz.ioc.loader.annotation.AnnotationIocLoader.addClass(AnnotationIocLoader.java:76) - Found @IocBean : class cn.wizzer.app.sys.modules.services.impl.SysVersionServiceImpl
[DEBUG] 2018-10-15 16:13:19,368 org.nutz.ioc.loader.annotation.AnnotationIocLoader.addClass(AnnotationIocLoader.java:76) - Found @IocBean : class cn.wizzer.app.sys.modules.services.impl.SysWxDeptServiceImpl
[DEBUG] 2018-10-15 16:13:19,368 org.nutz.ioc.loader.annotation.AnnotationIocLoader.addClass(AnnotationIocLoader.java:76) - Found @IocBean : class cn.wizzer.app.sys.modules.services.impl.SysWxServiceImpl
[DEBUG] 2018-10-15 16:13:19,368 org.nutz.ioc.loader.annotation.AnnotationIocLoader.addClass(AnnotationIocLoader.java:76) - Found @IocBean : class cn.wizzer.app.sys.modules.services.impl.SysWxUserServiceImpl
[DEBUG] 2018-10-15 16:13:19,369 org.nutz.ioc.loader.annotation.AnnotationIocLoader.addClass(AnnotationIocLoader.java:76) - Found @IocBean : class cn.wizzer.app.web.commons.plugin.DynamicInterceptor
[DEBUG] 2018-10-15 16:13:19,369 org.nutz.ioc.loader.annotation.AnnotationIocLoader.addClass(AnnotationIocLoader.java:76) - Found @IocBean : class cn.wizzer.app.web.commons.plugin.PluginAopConfigure
[DEBUG] 2018-10-15 16:13:19,369 org.nutz.ioc.loader.annotation.AnnotationIocLoader.addClass(AnnotationIocLoader.java:76) - Found @IocBean : class cn.wizzer.app.web.commons.plugin.PluginMaster
[DEBUG] 2018-10-15 16:13:19,370 org.nutz.ioc.loader.annotation.AnnotationIocLoader.addClass(AnnotationIocLoader.java:76) - Found @IocBean : class cn.wizzer.app.web.commons.quartz.job.orderExecute
[DEBUG] 2018-10-15 16:13:19,370 org.nutz.ioc.loader.annotation.AnnotationIocLoader.addClass(AnnotationIocLoader.java:76) - Found @IocBean : class cn.wizzer.app.web.commons.quartz.job.TestJob
[DEBUG] 2018-10-15 16:13:19,370 org.nutz.ioc.loader.annotation.AnnotationIocLoader.addClass(AnnotationIocLoader.java:76) - Found @IocBean : class cn.wizzer.app.web.commons.services.email.EmailService
[DEBUG] 2018-10-15 16:13:19,370 org.nutz.ioc.loader.annotation.AnnotationIocLoader.addClass(AnnotationIocLoader.java:76) - Found @IocBean : class cn.wizzer.app.web.commons.services.qrcode.QrcodeService
[DEBUG] 2018-10-15 16:13:19,370 org.nutz.ioc.loader.annotation.AnnotationIocLoader.addClass(AnnotationIocLoader.java:76) - Found @IocBean : class cn.wizzer.app.web.commons.services.wx.TplService
[DEBUG] 2018-10-15 16:13:19,371 org.nutz.ioc.loader.annotation.AnnotationIocLoader.addClass(AnnotationIocLoader.java:76) - Found @IocBean : class cn.wizzer.app.web.commons.services.wx.WxHandler
[DEBUG] 2018-10-15 16:13:19,371 org.nutz.ioc.loader.annotation.AnnotationIocLoader.addClass(AnnotationIocLoader.java:76) - Found @IocBean : class cn.wizzer.app.web.commons.shiro.realm.PlatformAuthorizingRealm
[DEBUG] 2018-10-15 16:13:19,371 org.nutz.ioc.loader.annotation.AnnotationIocLoader.addClass(AnnotationIocLoader.java:76) - Found @IocBean : class cn.wizzer.app.web.commons.slog.SLogAopConfigration
[DEBUG] 2018-10-15 16:13:19,372 org.nutz.ioc.loader.annotation.AnnotationIocLoader.addClass(AnnotationIocLoader.java:76) - Found @IocBean : class cn.wizzer.app.web.commons.slog.SLogService
[DEBUG] 2018-10-15 16:13:19,372 org.nutz.ioc.loader.annotation.AnnotationIocLoader.addClass(AnnotationIocLoader.java:76) - Found @IocBean : class cn.wizzer.app.web.modules.controllers.front.wx.CmsController
[DEBUG] 2018-10-15 16:13:19,372 org.nutz.ioc.loader.annotation.AnnotationIocLoader.addClass(AnnotationIocLoader.java:76) - Found @IocBean : class cn.wizzer.app.web.modules.controllers.front.wx.WechatController
[DEBUG] 2018-10-15 16:13:19,373 org.nutz.ioc.loader.annotation.AnnotationIocLoader.addClass(AnnotationIocLoader.java:76) - Found @IocBean : class cn.wizzer.app.web.modules.controllers.open.api.mobile.MobileBaseController
[DEBUG] 2018-10-15 16:13:19,373 org.nutz.ioc.loader.annotation.AnnotationIocLoader.addClass(AnnotationIocLoader.java:76) - Found @IocBean : class cn.wizzer.app.web.modules.controllers.open.api.mobile.MobileInsController
[DEBUG] 2018-10-15 16:13:19,373 org.nutz.ioc.loader.annotation.AnnotationIocLoader.addClass(AnnotationIocLoader.java:76) - Found @IocBean : class cn.wizzer.app.web.modules.controllers.open.api.mobile.MobileOrderController
[DEBUG] 2018-10-15 16:13:19,373 org.nutz.ioc.loader.annotation.AnnotationIocLoader.addClass(AnnotationIocLoader.java:76) - Found @IocBean : class cn.wizzer.app.web.modules.controllers.open.api.mobile.MobileSysController
[DEBUG] 2018-10-15 16:13:19,373 org.nutz.ioc.loader.annotation.AnnotationIocLoader.addClass(AnnotationIocLoader.java:76) - Found @IocBean : class cn.wizzer.app.web.modules.controllers.open.api.pad.PadInsController
[DEBUG] 2018-10-15 16:13:19,373 org.nutz.ioc.loader.annotation.AnnotationIocLoader.addClass(AnnotationIocLoader.java:76) - Found @IocBean : class cn.wizzer.app.web.modules.controllers.open.api.pad.PadOrderController
[DEBUG] 2018-10-15 16:13:19,373 org.nutz.ioc.loader.annotation.AnnotationIocLoader.addClass(AnnotationIocLoader.java:76) - Found @IocBean : class cn.wizzer.app.web.modules.controllers.open.api.pad.PadSysController
[DEBUG] 2018-10-15 16:13:19,373 org.nutz.ioc.loader.annotation.AnnotationIocLoader.addClass(AnnotationIocLoader.java:76) - Found @IocBean : class cn.wizzer.app.web.modules.controllers.open.api.test.ApiTestController
[DEBUG] 2018-10-15 16:13:19,373 org.nutz.ioc.loader.annotation.AnnotationIocLoader.addClass(AnnotationIocLoader.java:76) - Found @IocBean : class cn.wizzer.app.web.modules.controllers.open.api.token.TokenController
[DEBUG] 2018-10-15 16:13:19,373 org.nutz.ioc.loader.annotation.AnnotationIocLoader.addClass(AnnotationIocLoader.java:76) - Found @IocBean : class cn.wizzer.app.web.modules.controllers.open.api.userpermission.UserpermissionController
[DEBUG] 2018-10-15 16:13:19,374 org.nutz.ioc.loader.annotation.AnnotationIocLoader.addClass(AnnotationIocLoader.java:76) - Found @IocBean : class cn.wizzer.app.web.modules.controllers.open.file.UploadController
[DEBUG] 2018-10-15 16:13:19,374 org.nutz.ioc.loader.annotation.AnnotationIocLoader.addClass(AnnotationIocLoader.java:76) - Found @IocBean : class cn.wizzer.app.web.modules.controllers.open.pay.WxPayBackController
[DEBUG] 2018-10-15 16:13:19,374 org.nutz.ioc.loader.annotation.AnnotationIocLoader.addClass(AnnotationIocLoader.java:76) - Found @IocBean : class cn.wizzer.app.web.modules.controllers.open.ueditor.BdController
[DEBUG] 2018-10-15 16:13:19,374 org.nutz.ioc.loader.annotation.AnnotationIocLoader.addClass(AnnotationIocLoader.java:76) - Found @IocBean : class cn.wizzer.app.web.modules.controllers.open.ueditor.WxController
[DEBUG] 2018-10-15 16:13:19,374 org.nutz.ioc.loader.annotation.AnnotationIocLoader.addClass(AnnotationIocLoader.java:76) - Found @IocBean : class cn.wizzer.app.web.modules.controllers.open.wx.WeixinController
[DEBUG] 2018-10-15 16:13:19,374 org.nutz.ioc.loader.annotation.AnnotationIocLoader.addClass(AnnotationIocLoader.java:76) - Found @IocBean : class cn.wizzer.app.web.modules.controllers.platform.base.BaseAirmeterialController
[DEBUG] 2018-10-15 16:13:19,374 org.nutz.ioc.loader.annotation.AnnotationIocLoader.addClass(AnnotationIocLoader.java:76) - Found @IocBean : class cn.wizzer.app.web.modules.controllers.platform.base.BaseAirportController
[DEBUG] 2018-10-15 16:13:19,375 org.nutz.ioc.loader.annotation.AnnotationIocLoader.addClass(AnnotationIocLoader.java:76) - Found @IocBean : class cn.wizzer.app.web.modules.controllers.platform.base.BaseCnctobjController
[DEBUG] 2018-10-15 16:13:19,375 org.nutz.ioc.loader.annotation.AnnotationIocLoader.addClass(AnnotationIocLoader.java:76) - Found @IocBean : class cn.wizzer.app.web.modules.controllers.platform.base.BaseCustomerController
[DEBUG] 2018-10-15 16:13:19,375 org.nutz.ioc.loader.annotation.AnnotationIocLoader.addClass(AnnotationIocLoader.java:76) - Found @IocBean : class cn.wizzer.app.web.modules.controllers.platform.base.BaseDeptController
[DEBUG] 2018-10-15 16:13:19,375 org.nutz.ioc.loader.annotation.AnnotationIocLoader.addClass(AnnotationIocLoader.java:76) - Found @IocBean : class cn.wizzer.app.web.modules.controllers.platform.base.BaseJobController
[DEBUG] 2018-10-15 16:13:19,375 org.nutz.ioc.loader.annotation.AnnotationIocLoader.addClass(AnnotationIocLoader.java:76) - Found @IocBean : class cn.wizzer.app.web.modules.controllers.platform.base.BasePersonController
[DEBUG] 2018-10-15 16:13:19,375 org.nutz.ioc.loader.annotation.AnnotationIocLoader.addClass(AnnotationIocLoader.java:76) - Found @IocBean : class cn.wizzer.app.web.modules.controllers.platform.base.BasePersonpoolController
[DEBUG] 2018-10-15 16:13:19,376 org.nutz.ioc.loader.annotation.AnnotationIocLoader.addClass(AnnotationIocLoader.java:76) - Found @IocBean : class cn.wizzer.app.web.modules.controllers.platform.base.BasePlaceController
[DEBUG] 2018-10-15 16:13:19,376 org.nutz.ioc.loader.annotation.AnnotationIocLoader.addClass(AnnotationIocLoader.java:76) - Found @IocBean : class cn.wizzer.app.web.modules.controllers.platform.base.BasePostController
[DEBUG] 2018-10-15 16:13:19,376 org.nutz.ioc.loader.annotation.AnnotationIocLoader.addClass(AnnotationIocLoader.java:76) - Found @IocBean : class cn.wizzer.app.web.modules.controllers.platform.base.BaseRowofficeController
[DEBUG] 2018-10-15 16:13:19,376 org.nutz.ioc.loader.annotation.AnnotationIocLoader.addClass(AnnotationIocLoader.java:76) - Found @IocBean : class cn.wizzer.app.web.modules.controllers.platform.base.BaseRowofficeentryController
[DEBUG] 2018-10-15 16:13:19,376 org.nutz.ioc.loader.annotation.AnnotationIocLoader.addClass(AnnotationIocLoader.java:76) - Found @IocBean : class cn.wizzer.app.web.modules.controllers.platform.base.BaseVehicleController
[DEBUG] 2018-10-15 16:13:19,376 org.nutz.ioc.loader.annotation.AnnotationIocLoader.addClass(AnnotationIocLoader.java:76) - Found @IocBean : class cn.wizzer.app.web.modules.controllers.platform.base.BaseWarehouseController
[DEBUG] 2018-10-15 16:13:19,376 org.nutz.ioc.loader.annotation.AnnotationIocLoader.addClass(AnnotationIocLoader.java:76) - Found @IocBean : class cn.wizzer.app.web.modules.controllers.platform.cms.CmsArticleController
[DEBUG] 2018-10-15 16:13:19,376 org.nutz.ioc.loader.annotation.AnnotationIocLoader.addClass(AnnotationIocLoader.java:76) - Found @IocBean : class cn.wizzer.app.web.modules.controllers.platform.cms.CmsChannelController
[DEBUG] 2018-10-15 16:13:19,376 org.nutz.ioc.loader.annotation.AnnotationIocLoader.addClass(AnnotationIocLoader.java:76) - Found @IocBean : class cn.wizzer.app.web.modules.controllers.platform.cms.CmsLinkClassController
[DEBUG] 2018-10-15 16:13:19,377 org.nutz.ioc.loader.annotation.AnnotationIocLoader.addClass(AnnotationIocLoader.java:76) - Found @IocBean : class cn.wizzer.app.web.modules.controllers.platform.cms.CmsLinkController
[DEBUG] 2018-10-15 16:13:19,377 org.nutz.ioc.loader.annotation.AnnotationIocLoader.addClass(AnnotationIocLoader.java:76) - Found @IocBean : class cn.wizzer.app.web.modules.controllers.platform.cms.CmsSiteController
[DEBUG] 2018-10-15 16:13:19,377 org.nutz.ioc.loader.annotation.AnnotationIocLoader.addClass(AnnotationIocLoader.java:76) - Found @IocBean : class cn.wizzer.app.web.modules.controllers.platform.ins.InsBaseinsController
[DEBUG] 2018-10-15 16:13:19,377 org.nutz.ioc.loader.annotation.AnnotationIocLoader.addClass(AnnotationIocLoader.java:76) - Found @IocBean : class cn.wizzer.app.web.modules.controllers.platform.ins.InsBaseinsSpaceController
[DEBUG] 2018-10-15 16:13:19,377 org.nutz.ioc.loader.annotation.AnnotationIocLoader.addClass(AnnotationIocLoader.java:76) - Found @IocBean : class cn.wizzer.app.web.modules.controllers.platform.ins.InsCabinetController
[DEBUG] 2018-10-15 16:13:19,378 org.nutz.ioc.loader.annotation.AnnotationIocLoader.addClass(AnnotationIocLoader.java:76) - Found @IocBean : class cn.wizzer.app.web.modules.controllers.platform.ins.InsCommonController
[DEBUG] 2018-10-15 16:13:19,378 org.nutz.ioc.loader.annotation.AnnotationIocLoader.addClass(AnnotationIocLoader.java:76) - Found @IocBean : class cn.wizzer.app.web.modules.controllers.platform.ins.InsInstrumentController
[DEBUG] 2018-10-15 16:13:19,378 org.nutz.ioc.loader.annotation.AnnotationIocLoader.addClass(AnnotationIocLoader.java:76) - Found @IocBean : class cn.wizzer.app.web.modules.controllers.platform.ins.InsLockController
[DEBUG] 2018-10-15 16:13:19,378 org.nutz.ioc.loader.annotation.AnnotationIocLoader.addClass(AnnotationIocLoader.java:76) - Found @IocBean : class cn.wizzer.app.web.modules.controllers.platform.ins.InsOrderController
[DEBUG] 2018-10-15 16:13:19,378 org.nutz.ioc.loader.annotation.AnnotationIocLoader.addClass(AnnotationIocLoader.java:76) - Found @IocBean : class cn.wizzer.app.web.modules.controllers.platform.ins.InsOrderentryController
[DEBUG] 2018-10-15 16:13:19,378 org.nutz.ioc.loader.annotation.AnnotationIocLoader.addClass(AnnotationIocLoader.java:76) - Found @IocBean : class cn.wizzer.app.web.modules.controllers.platform.ins.InsRepairController
[DEBUG] 2018-10-15 16:13:19,378 org.nutz.ioc.loader.annotation.AnnotationIocLoader.addClass(AnnotationIocLoader.java:76) - Found @IocBean : class cn.wizzer.app.web.modules.controllers.platform.ins.InsRepairtrackController
[DEBUG] 2018-10-15 16:13:19,379 org.nutz.ioc.loader.annotation.AnnotationIocLoader.addClass(AnnotationIocLoader.java:76) - Found @IocBean : class cn.wizzer.app.web.modules.controllers.platform.ins.InsRfheadController
[DEBUG] 2018-10-15 16:13:19,379 org.nutz.ioc.loader.annotation.AnnotationIocLoader.addClass(AnnotationIocLoader.java:76) - Found @IocBean : class cn.wizzer.app.web.modules.controllers.platform.ins.InsRfidController
[DEBUG] 2018-10-15 16:13:19,379 org.nutz.ioc.loader.annotation.AnnotationIocLoader.addClass(AnnotationIocLoader.java:76) - Found @IocBean : class cn.wizzer.app.web.modules.controllers.platform.ins.InsSpaceController
[DEBUG] 2018-10-15 16:13:19,379 org.nutz.ioc.loader.annotation.AnnotationIocLoader.addClass(AnnotationIocLoader.java:76) - Found @IocBean : class cn.wizzer.app.web.modules.controllers.platform.ins.InsToolcabinetController
[DEBUG] 2018-10-15 16:13:19,379 org.nutz.ioc.loader.annotation.AnnotationIocLoader.addClass(AnnotationIocLoader.java:76) - Found @IocBean : class cn.wizzer.app.web.modules.controllers.platform.ins.InsTransmitController
[DEBUG] 2018-10-15 16:13:19,379 org.nutz.ioc.loader.annotation.AnnotationIocLoader.addClass(AnnotationIocLoader.java:76) - Found @IocBean : class cn.wizzer.app.web.modules.controllers.platform.logistics.LogisticsDeliveryorderController
[DEBUG] 2018-10-15 16:13:19,380 org.nutz.ioc.loader.annotation.AnnotationIocLoader.addClass(AnnotationIocLoader.java:76) - Found @IocBean : class cn.wizzer.app.web.modules.controllers.platform.logistics.LogisticsDeliveryorderentryController
[DEBUG] 2018-10-15 16:13:19,380 org.nutz.ioc.loader.annotation.AnnotationIocLoader.addClass(AnnotationIocLoader.java:76) - Found @IocBean : class cn.wizzer.app.web.modules.controllers.platform.logistics.LogisticsEntourageController
[DEBUG] 2018-10-15 16:13:19,380 org.nutz.ioc.loader.annotation.AnnotationIocLoader.addClass(AnnotationIocLoader.java:76) - Found @IocBean : class cn.wizzer.app.web.modules.controllers.platform.logistics.LogisticsOrderController
[DEBUG] 2018-10-15 16:13:19,380 org.nutz.ioc.loader.annotation.AnnotationIocLoader.addClass(AnnotationIocLoader.java:76) - Found @IocBean : class cn.wizzer.app.web.modules.controllers.platform.logistics.LogisticsOrderdeliveryController
[DEBUG] 2018-10-15 16:13:19,381 org.nutz.ioc.loader.annotation.AnnotationIocLoader.addClass(AnnotationIocLoader.java:76) - Found @IocBean : class cn.wizzer.app.web.modules.controllers.platform.logistics.LogisticsOrderentryController
[DEBUG] 2018-10-15 16:13:19,381 org.nutz.ioc.loader.annotation.AnnotationIocLoader.addClass(AnnotationIocLoader.java:76) - Found @IocBean : class cn.wizzer.app.web.modules.controllers.platform.logistics.LogisticsOrderplanController
[DEBUG] 2018-10-15 16:13:19,381 org.nutz.ioc.loader.annotation.AnnotationIocLoader.addClass(AnnotationIocLoader.java:76) - Found @IocBean : class cn.wizzer.app.web.modules.controllers.platform.logistics.LogisticsOrderplanentryController
[DEBUG] 2018-10-15 16:13:19,381 org.nutz.ioc.loader.annotation.AnnotationIocLoader.addClass(AnnotationIocLoader.java:76) - Found @IocBean : class cn.wizzer.app.web.modules.controllers.platform.logistics.LogisticsOrderrejectController
[DEBUG] 2018-10-15 16:13:19,382 org.nutz.ioc.loader.annotation.AnnotationIocLoader.addClass(AnnotationIocLoader.java:76) - Found @IocBean : class cn.wizzer.app.web.modules.controllers.platform.logistics.LogisticsOrderstepController
[DEBUG] 2018-10-15 16:13:19,382 org.nutz.ioc.loader.annotation.AnnotationIocLoader.addClass(AnnotationIocLoader.java:76) - Found @IocBean : class cn.wizzer.app.web.modules.controllers.platform.logistics.LogisticsSendapprovalController
[DEBUG] 2018-10-15 16:13:19,382 org.nutz.ioc.loader.annotation.AnnotationIocLoader.addClass(AnnotationIocLoader.java:76) - Found @IocBean : class cn.wizzer.app.web.modules.controllers.platform.logistics.LogisticsSendgoodsController
[DEBUG] 2018-10-15 16:13:19,383 org.nutz.ioc.loader.annotation.AnnotationIocLoader.addClass(AnnotationIocLoader.java:76) - Found @IocBean : class cn.wizzer.app.web.modules.controllers.platform.logistics.LogisticsSendplanController
[DEBUG] 2018-10-15 16:13:19,383 org.nutz.ioc.loader.annotation.AnnotationIocLoader.addClass(AnnotationIocLoader.java:76) - Found @IocBean : class cn.wizzer.app.web.modules.controllers.platform.logistics.LogisticsSendtraceController
[DEBUG] 2018-10-15 16:13:19,383 org.nutz.ioc.loader.annotation.AnnotationIocLoader.addClass(AnnotationIocLoader.java:76) - Found @IocBean : class cn.wizzer.app.web.modules.controllers.platform.logistics.LogisticsUnplanController
[DEBUG] 2018-10-15 16:13:19,383 org.nutz.ioc.loader.annotation.AnnotationIocLoader.addClass(AnnotationIocLoader.java:76) - Found @IocBean : class cn.wizzer.app.web.modules.controllers.platform.sys.SysApiController
[DEBUG] 2018-10-15 16:13:19,384 org.nutz.ioc.loader.annotation.AnnotationIocLoader.addClass(AnnotationIocLoader.java:76) - Found @IocBean : class cn.wizzer.app.web.modules.controllers.platform.sys.SysBarcodeController
[DEBUG] 2018-10-15 16:13:19,384 org.nutz.ioc.loader.annotation.AnnotationIocLoader.addClass(AnnotationIocLoader.java:76) - Found @IocBean : class cn.wizzer.app.web.modules.controllers.platform.sys.SysConfController
[DEBUG] 2018-10-15 16:13:19,384 org.nutz.ioc.loader.annotation.AnnotationIocLoader.addClass(AnnotationIocLoader.java:76) - Found @IocBean : class cn.wizzer.app.web.modules.controllers.platform.sys.SysDictController
[DEBUG] 2018-10-15 16:13:19,384 org.nutz.ioc.loader.annotation.AnnotationIocLoader.addClass(AnnotationIocLoader.java:76) - Found @IocBean : class cn.wizzer.app.web.modules.controllers.platform.sys.SysHomeController
[DEBUG] 2018-10-15 16:13:19,384 org.nutz.ioc.loader.annotation.AnnotationIocLoader.addClass(AnnotationIocLoader.java:76) - Found @IocBean : class cn.wizzer.app.web.modules.controllers.platform.sys.SysLogController
[DEBUG] 2018-10-15 16:13:19,385 org.nutz.ioc.loader.annotation.AnnotationIocLoader.addClass(AnnotationIocLoader.java:76) - Found @IocBean : class cn.wizzer.app.web.modules.controllers.platform.sys.SysLoginController
[DEBUG] 2018-10-15 16:13:19,385 org.nutz.ioc.loader.annotation.AnnotationIocLoader.addClass(AnnotationIocLoader.java:76) - Found @IocBean : class cn.wizzer.app.web.modules.controllers.platform.sys.SysMenuController
[DEBUG] 2018-10-15 16:13:19,385 org.nutz.ioc.loader.annotation.AnnotationIocLoader.addClass(AnnotationIocLoader.java:76) - Found @IocBean : class cn.wizzer.app.web.modules.controllers.platform.sys.SysMobileController
[DEBUG] 2018-10-15 16:13:19,385 org.nutz.ioc.loader.annotation.AnnotationIocLoader.addClass(AnnotationIocLoader.java:76) - Found @IocBean : class cn.wizzer.app.web.modules.controllers.platform.sys.SysPluginController
[DEBUG] 2018-10-15 16:13:19,386 org.nutz.ioc.loader.annotation.AnnotationIocLoader.addClass(AnnotationIocLoader.java:76) - Found @IocBean : class cn.wizzer.app.web.modules.controllers.platform.sys.SysRegistauditController
[DEBUG] 2018-10-15 16:13:19,386 org.nutz.ioc.loader.annotation.AnnotationIocLoader.addClass(AnnotationIocLoader.java:76) - Found @IocBean : class cn.wizzer.app.web.modules.controllers.platform.sys.SysRoleController
[DEBUG] 2018-10-15 16:13:19,386 org.nutz.ioc.loader.annotation.AnnotationIocLoader.addClass(AnnotationIocLoader.java:76) - Found @IocBean : class cn.wizzer.app.web.modules.controllers.platform.sys.SysRouteController
[DEBUG] 2018-10-15 16:13:19,386 org.nutz.ioc.loader.annotation.AnnotationIocLoader.addClass(AnnotationIocLoader.java:76) - Found @IocBean : class cn.wizzer.app.web.modules.controllers.platform.sys.SysTaskController
[DEBUG] 2018-10-15 16:13:19,386 org.nutz.ioc.loader.annotation.AnnotationIocLoader.addClass(AnnotationIocLoader.java:76) - Found @IocBean : class cn.wizzer.app.web.modules.controllers.platform.sys.SysTempuserController
[DEBUG] 2018-10-15 16:13:19,386 org.nutz.ioc.loader.annotation.AnnotationIocLoader.addClass(AnnotationIocLoader.java:76) - Found @IocBean : class cn.wizzer.app.web.modules.controllers.platform.sys.SysUnitController
[DEBUG] 2018-10-15 16:13:19,386 org.nutz.ioc.loader.annotation.AnnotationIocLoader.addClass(AnnotationIocLoader.java:76) - Found @IocBean : class cn.wizzer.app.web.modules.controllers.platform.sys.SysUserController
[DEBUG] 2018-10-15 16:13:19,387 org.nutz.ioc.loader.annotation.AnnotationIocLoader.addClass(AnnotationIocLoader.java:76) - Found @IocBean : class cn.wizzer.app.web.modules.controllers.platform.sys.SysVersionController
[DEBUG] 2018-10-15 16:13:19,387 org.nutz.ioc.loader.annotation.AnnotationIocLoader.addClass(AnnotationIocLoader.java:76) - Found @IocBean : class cn.wizzer.app.web.modules.controllers.platform.sys.SysWxController
[DEBUG] 2018-10-15 16:13:19,387 org.nutz.ioc.loader.annotation.AnnotationIocLoader.addClass(AnnotationIocLoader.java:76) - Found @IocBean : class cn.wizzer.app.web.modules.controllers.platform.sys.SysWxDeptController
[DEBUG] 2018-10-15 16:13:19,388 org.nutz.ioc.loader.annotation.AnnotationIocLoader.addClass(AnnotationIocLoader.java:76) - Found @IocBean : class cn.wizzer.app.web.modules.controllers.platform.sys.SysWxUserController
[DEBUG] 2018-10-15 16:13:19,388 org.nutz.ioc.loader.annotation.AnnotationIocLoader.addClass(AnnotationIocLoader.java:76) - Found @IocBean : class cn.wizzer.app.web.modules.controllers.platform.wx.WxConfigController
[DEBUG] 2018-10-15 16:13:19,388 org.nutz.ioc.loader.annotation.AnnotationIocLoader.addClass(AnnotationIocLoader.java:76) - Found @IocBean : class cn.wizzer.app.web.modules.controllers.platform.wx.WxMassController
[DEBUG] 2018-10-15 16:13:19,388 org.nutz.ioc.loader.annotation.AnnotationIocLoader.addClass(AnnotationIocLoader.java:76) - Found @IocBean : class cn.wizzer.app.web.modules.controllers.platform.wx.WxMenuController
[DEBUG] 2018-10-15 16:13:19,388 org.nutz.ioc.loader.annotation.AnnotationIocLoader.addClass(AnnotationIocLoader.java:76) - Found @IocBean : class cn.wizzer.app.web.modules.controllers.platform.wx.WxMsgUserController
[DEBUG] 2018-10-15 16:13:19,388 org.nutz.ioc.loader.annotation.AnnotationIocLoader.addClass(AnnotationIocLoader.java:76) - Found @IocBean : class cn.wizzer.app.web.modules.controllers.platform.wx.WxPayTestController
[DEBUG] 2018-10-15 16:13:19,389 org.nutz.ioc.loader.annotation.AnnotationIocLoader.addClass(AnnotationIocLoader.java:76) - Found @IocBean : class cn.wizzer.app.web.modules.controllers.platform.wx.WxReplyController
[DEBUG] 2018-10-15 16:13:19,389 org.nutz.ioc.loader.annotation.AnnotationIocLoader.addClass(AnnotationIocLoader.java:76) - Found @IocBean : class cn.wizzer.app.web.modules.controllers.platform.wx.WxReplyNewsController
[DEBUG] 2018-10-15 16:13:19,389 org.nutz.ioc.loader.annotation.AnnotationIocLoader.addClass(AnnotationIocLoader.java:76) - Found @IocBean : class cn.wizzer.app.web.modules.controllers.platform.wx.WxReplyTxtController
[DEBUG] 2018-10-15 16:13:19,389 org.nutz.ioc.loader.annotation.AnnotationIocLoader.addClass(AnnotationIocLoader.java:76) - Found @IocBean : class cn.wizzer.app.web.modules.controllers.platform.wx.WxTplIdController
[DEBUG] 2018-10-15 16:13:19,389 org.nutz.ioc.loader.annotation.AnnotationIocLoader.addClass(AnnotationIocLoader.java:76) - Found @IocBean : class cn.wizzer.app.web.modules.controllers.platform.wx.WxTplListController
[DEBUG] 2018-10-15 16:13:19,390 org.nutz.ioc.loader.annotation.AnnotationIocLoader.addClass(AnnotationIocLoader.java:76) - Found @IocBean : class cn.wizzer.app.web.modules.controllers.platform.wx.WxTplLogController
[DEBUG] 2018-10-15 16:13:19,390 org.nutz.ioc.loader.annotation.AnnotationIocLoader.addClass(AnnotationIocLoader.java:76) - Found @IocBean : class cn.wizzer.app.web.modules.controllers.platform.wx.WxUserController
[DEBUG] 2018-10-15 16:13:19,390 org.nutz.ioc.loader.annotation.AnnotationIocLoader.addClass(AnnotationIocLoader.java:76) - Found @IocBean : class cn.wizzer.app.wx.modules.services.impl.WxConfigServiceImpl
[DEBUG] 2018-10-15 16:13:19,391 org.nutz.ioc.loader.annotation.AnnotationIocLoader.addClass(AnnotationIocLoader.java:76) - Found @IocBean : class cn.wizzer.app.wx.modules.services.impl.WxMassNewsServiceImpl
[DEBUG] 2018-10-15 16:13:19,391 org.nutz.ioc.loader.annotation.AnnotationIocLoader.addClass(AnnotationIocLoader.java:76) - Found @IocBean : class cn.wizzer.app.wx.modules.services.impl.WxMassSendServiceImpl
[DEBUG] 2018-10-15 16:13:19,392 org.nutz.ioc.loader.annotation.AnnotationIocLoader.addClass(AnnotationIocLoader.java:76) - Found @IocBean : class cn.wizzer.app.wx.modules.services.impl.WxMassServiceImpl
[DEBUG] 2018-10-15 16:13:19,393 org.nutz.ioc.loader.annotation.AnnotationIocLoader.addClass(AnnotationIocLoader.java:76) - Found @IocBean : class cn.wizzer.app.wx.modules.services.impl.WxMenuServiceImpl
[DEBUG] 2018-10-15 16:13:19,393 org.nutz.ioc.loader.annotation.AnnotationIocLoader.addClass(AnnotationIocLoader.java:76) - Found @IocBean : class cn.wizzer.app.wx.modules.services.impl.WxMsgReplyServiceImpl
[DEBUG] 2018-10-15 16:13:19,393 org.nutz.ioc.loader.annotation.AnnotationIocLoader.addClass(AnnotationIocLoader.java:76) - Found @IocBean : class cn.wizzer.app.wx.modules.services.impl.WxMsgServiceImpl
[DEBUG] 2018-10-15 16:13:19,393 org.nutz.ioc.loader.annotation.AnnotationIocLoader.addClass(AnnotationIocLoader.java:76) - Found @IocBean : class cn.wizzer.app.wx.modules.services.impl.WxReplyNewsServiceImpl
[DEBUG] 2018-10-15 16:13:19,393 org.nutz.ioc.loader.annotation.AnnotationIocLoader.addClass(AnnotationIocLoader.java:76) - Found @IocBean : class cn.wizzer.app.wx.modules.services.impl.WxReplyServiceImpl
[DEBUG] 2018-10-15 16:13:19,393 org.nutz.ioc.loader.annotation.AnnotationIocLoader.addClass(AnnotationIocLoader.java:76) - Found @IocBean : class cn.wizzer.app.wx.modules.services.impl.WxReplyTxtServiceImpl
[DEBUG] 2018-10-15 16:13:19,393 org.nutz.ioc.loader.annotation.AnnotationIocLoader.addClass(AnnotationIocLoader.java:76) - Found @IocBean : class cn.wizzer.app.wx.modules.services.impl.WxTplIdServiceImpl
[DEBUG] 2018-10-15 16:13:19,394 org.nutz.ioc.loader.annotation.AnnotationIocLoader.addClass(AnnotationIocLoader.java:76) - Found @IocBean : class cn.wizzer.app.wx.modules.services.impl.WxTplListServiceImpl
[DEBUG] 2018-10-15 16:13:19,394 org.nutz.ioc.loader.annotation.AnnotationIocLoader.addClass(AnnotationIocLoader.java:76) - Found @IocBean : class cn.wizzer.app.wx.modules.services.impl.WxTplLogServiceImpl
[DEBUG] 2018-10-15 16:13:19,394 org.nutz.ioc.loader.annotation.AnnotationIocLoader.addClass(AnnotationIocLoader.java:76) - Found @IocBean : class cn.wizzer.app.wx.modules.services.impl.WxUserServiceImpl
[DEBUG] 2018-10-15 16:13:19,394 org.nutz.ioc.loader.annotation.AnnotationIocLoader.addClass(AnnotationIocLoader.java:76) - Found @IocBean : class cn.wizzer.test.SimpleTest
[DEBUG] 2018-10-15 16:13:19,397 org.nutz.resource.Scans.scan(Scans.java:274) - Found 0 resource by src( org/nutz/apidoc/ ) , regex( ^.+[.]class$ )
[INFO ] 2018-10-15 16:13:19,399 org.nutz.ioc.loader.annotation.AnnotationIocLoader.<init>(AnnotationIocLoader.java:52) - Found 204 classes in 2 base-packages!
beans = ["wxTplListController", "uploadController", "wxReplyTxtServiceImpl", "logisticsSendplanController", "baseJobServiceImpl", "dateUtil", "qrcodeService", "logisticsSendgoodsServiceImpl", "logisticsOrderentryController", "insLockController", "baseRowofficeentryServiceImpl", "cmsChannelServiceImpl", "insBaseinsServiceImpl", "orderExecute", "cmsArticleController", "basePostController", "baseAirmeterialServiceImpl", "basePersonController", "logisticsOrderplanServiceImpl", "cmsLinkClassController", "basePostServiceImpl", "baseRowofficeServiceImpl", "baseJobController", "baseRowofficeController", "wxReplyController", "insRepairController", "sysConfigServiceImpl", "basePersonpoolController", "baseVehicleController", "wxMsgServiceImpl", "wxPayBackController", "logisticsUnplanController", "mobileInsController", "sysTaskController", "sysBarcodeController", "insTransmitController", "sysDictServiceImpl", "wxConfigServiceImpl", "baseAirportServiceImpl", "apiTestController", "sysMenuController", "cmsSiteServiceImpl", "mobileSysController", "cmsLinkController", "insCommonController", "logisticsOrderplanentryServiceImpl", "insInstrumentController", "sysRegistauditServiceImpl", "insLockServiceImpl", "insOrderController", "wechatController", "wxMsgUserController", "sysDictController", "sysWxUserController", "logisticsDeliveryorderentryController", "basePersonServiceImpl", "insOrderentryServiceImpl", "insRepairtrackController", "insInstrumentServiceImpl", "logisticsSendapprovalServiceImpl", "logisticsOrderdeliveryController", "wxTplListServiceImpl", "tplService", "sysPluginServiceImpl", "insRfheadController", "logisticsSendgoodsController", "mobileBaseController", "baseCnctobjServiceImpl", "nutShiroMethodInterceptor", "insCabinetServiceImpl", "basePlaceServiceImpl", "baseVehicleServiceImpl", "cmsLinkClassServiceImpl", "sysHomeController", "insRfheadServiceImpl", "sysMobileController", "wxMassServiceImpl", "logisticsOrderentryServiceImpl", "logisticsSendplanServiceImpl", "logisticsOrderrejectServiceImpl", "wxHandler", "cmsChannelController", "wxController", "rabbitProducer", "sysTaskServiceImpl", "sysVersionController", "shiroUtil", "wxReplyTxtController", "sysPluginController", "logisticsSendtraceController", "sysApiServiceImpl", "logisticsEntourageServiceImpl", "sLogService", "baseAirportController", "sysApiController", "wxTplIdController", "insSpaceServiceImpl", "logisticsOrderController", "sysTempuserController", "sysUserController", "platformAuthorizingRealm", "testJob", "$aop_1_plugin", "sysRegistauditController", "wxReplyNewsServiceImpl", "insTransmitServiceImpl", "sysLoginController", "wxTplLogServiceImpl", "sysUserServiceImpl", "sysRoleServiceImpl", "sysRouteController", "idcardUtil", "basePlaceController", "sysWxDeptController", "logisticsOrderplanentryController", "userpermissionController", "sysWxServiceImpl", "cmsController", "logisticsSendtraceServiceImpl", "insOrderentryController", "logisticsSendapprovalController", "wxMenuController", "insOrderServiceImpl", "weixinController", "code128Util", "insRepairServiceImpl", "logisticsOrderplanController", "wxMsgReplyServiceImpl", "logisticsOrderdeliveryServiceImpl", "cmsArticleServiceImpl", "baseCnctobjController", "baseCustomerController", "insBaseinsController", "insRfidServiceImpl", "cookieUtil", "baseRowofficeentryController", "logisticsOrderstepServiceImpl", "wxReplyServiceImpl", "bdController", "redisIdGenerator", "insBaseinsSpaceServiceImpl", "cmsSiteController", "logisticsDeliveryorderServiceImpl", "insCabinetController", "logisticsOrderServiceImpl", "sysWxDeptServiceImpl", "sysWxController", "mobileOrderController", "sysRoleController", "logisticsEntourageController", "insCommonServiceImpl", "sysUnitController", "padInsController", "wxMassSendServiceImpl", "logisticsDeliveryorderController", "rSAUtil", "wxConfigController", "stringUtil", "baseCustomerServiceImpl", "basePersonpoolServiceImpl", "insBaseinsSpaceController", "wxUserServiceImpl", "insSpaceController", "sysTempuserServiceImpl", "baseWarehouseServiceImpl", "insToolcabinetController", "sysWxUserServiceImpl", "dynamicInterceptor", "sysLogController", "wxMassController", "emailService", "baseWarehouseController", "insToolcabinetServiceImpl", "wxMenuServiceImpl", "wxReplyNewsController", "baseDeptServiceImpl", "sysRouteServiceImpl", "insRepairtrackServiceImpl", "wxMassNewsServiceImpl", "baseAirmeterialController", "sysMenuServiceImpl", "sysMobileServiceImpl", "simpleTest", "logisticsOrderstepController", "sysLogServiceImpl", "logisticsUnplanServiceImpl", "wxTplIdServiceImpl", "logisticsDeliveryorderentryServiceImpl", "$aop_syslog", "padSysController", "baseDeptController", "logisticsOrderrejectController", "padOrderController", "sysBarcodeServiceImpl", "wxTplLogController", "wxUserController", "wxPayTestController", "tokenController", "sysVersionServiceImpl", "cmsLinkServiceImpl", "sysUnitServiceImpl", "insRfidController", "sysConfController", "pluginMaster"]
[DEBUG] 2018-10-15 16:13:19,400 org.nutz.ioc.loader.combo.ComboIocLoader.createIocLoader(ComboIocLoader.java:110) - found jedis -- org.nutz.integration.jedis.JedisIocLoader
[DEBUG] 2018-10-15 16:13:19,403 org.nutz.resource.Scans.scan(Scans.java:274) - Found 1 resource by src( org/nutz/integration/jedis/jedis.js ) , regex( ^(.+[.])(js|json)$ )
[DEBUG] 2018-10-15 16:13:19,403 org.nutz.ioc.loader.json.JsonLoader.<init>(JsonLoader.java:49) - loading [org/nutz/integration/jedis/jedis.js]
[DEBUG] 2018-10-15 16:13:19,404 org.nutz.ioc.loader.json.JsonLoader.<init>(JsonLoader.java:57) - Loaded 9 bean define from path=[org/nutz/integration/jedis/jedis.js] --> [redisService, jedisCluster, jedisClusterNodes, jedisClusterWrapper, pubSubService, jedisPoolConfig, jedisPool, jedisAgent, redis]
[DEBUG] 2018-10-15 16:13:19,404 org.nutz.ioc.loader.json.JsonLoader.<init>(JsonLoader.java:40) - Loaded 5 bean define from reader --
[txREPEATABLE_READ, txSERIALIZABLE, txNONE, txREAD_UNCOMMITTED, txREAD_COMMITTED]
[DEBUG] 2018-10-15 16:13:19,407 org.nutz.ioc.loader.combo.ComboIocLoader.createIocLoader(ComboIocLoader.java:110) - found quartz -- org.nutz.integration.quartz.QuartzIocLoader
[DEBUG] 2018-10-15 16:13:19,409 org.nutz.ioc.loader.json.JsonLoader.<init>(JsonLoader.java:57) - Loaded 0 bean define from path=[] --> []
[DEBUG] 2018-10-15 16:13:19,413 org.nutz.ioc.aop.SimpleAopMaker.<init>(SimpleAopMaker.java:79) - Load AopConfigure for anno=org.nutz.aop.interceptor.async.Async by type=org.nutz.aop.interceptor.async.AsyncAopIocLoader
[DEBUG] 2018-10-15 16:13:19,416 org.nutz.ioc.loader.combo.ComboIocLoader.createIocLoader(ComboIocLoader.java:110) - found rabbitmq -- org.nutz.integration.rabbitmq.RabbitmqIocLoader
[DEBUG] 2018-10-15 16:13:19,418 org.nutz.resource.Scans.scan(Scans.java:274) - Found 1 resource by src( org/nutz/integration/rabbitmq/rabbitmq.js ) , regex( ^(.+[.])(js|json)$ )
[DEBUG] 2018-10-15 16:13:19,418 org.nutz.ioc.loader.json.JsonLoader.<init>(JsonLoader.java:49) - loading [org/nutz/integration/rabbitmq/rabbitmq.js]
[DEBUG] 2018-10-15 16:13:19,419 org.nutz.ioc.loader.json.JsonLoader.<init>(JsonLoader.java:57) - Loaded 2 bean define from path=[org/nutz/integration/rabbitmq/rabbitmq.js] --> [rabbitmq, rabbitmq_cf]
[INFO ] 2018-10-15 16:13:19,419 org.nutz.ioc.impl.NutIoc.<init>(NutIoc.java:98) - NutIoc init begin ...
[INFO ] 2018-10-15 16:13:19,419 org.nutz.ioc.impl.NutIoc.<init>(NutIoc.java:115) - ... NutIoc init complete
[DEBUG] 2018-10-15 16:13:19,419 org.nutz.ioc.impl.NutIoc.get(NutIoc.java:151) - Get 'conf'<class org.nutz.ioc.impl.PropertiesProxy>
[DEBUG] 2018-10-15 16:13:19,420 org.nutz.ioc.impl.NutIoc.get(NutIoc.java:151) - Get '$aop_1_plugin'<interface org.nutz.ioc.aop.config.AopConfigration>
[DEBUG] 2018-10-15 16:13:19,420 org.nutz.ioc.impl.NutIoc.get(NutIoc.java:177) - 	 >> Load definition name=$aop_1_plugin
[DEBUG] 2018-10-15 16:13:19,420 org.nutz.ioc.loader.combo.ComboIocLoader.load(ComboIocLoader.java:161) - Found IocObject($aop_1_plugin) in AnnotationIocLoader(packages=[cn.wizzer, org.nutz.apidoc])
[DEBUG] 2018-10-15 16:13:19,420 org.nutz.ioc.impl.NutIoc.get(NutIoc.java:209) - 	 >> Make...'$aop_1_plugin'<interface org.nutz.ioc.aop.config.AopConfigration>
[DEBUG] 2018-10-15 16:13:19,420 org.nutz.ioc.impl.ScopeContext.save(ScopeContext.java:64) - Save object '$aop_1_plugin' to [app] 
[DEBUG] 2018-10-15 16:13:19,421 org.nutz.ioc.impl.NutIoc.get(NutIoc.java:151) - Get 'dynamicInterceptor'<class cn.wizzer.app.web.commons.plugin.DynamicInterceptor>
[DEBUG] 2018-10-15 16:13:19,421 org.nutz.ioc.impl.NutIoc.get(NutIoc.java:177) - 	 >> Load definition name=dynamicInterceptor
[DEBUG] 2018-10-15 16:13:19,421 org.nutz.ioc.loader.combo.ComboIocLoader.load(ComboIocLoader.java:161) - Found IocObject(dynamicInterceptor) in AnnotationIocLoader(packages=[cn.wizzer, org.nutz.apidoc])
[DEBUG] 2018-10-15 16:13:19,421 org.nutz.ioc.impl.NutIoc.get(NutIoc.java:209) - 	 >> Make...'dynamicInterceptor'<class cn.wizzer.app.web.commons.plugin.DynamicInterceptor>
[DEBUG] 2018-10-15 16:13:19,421 org.nutz.ioc.impl.ScopeContext.save(ScopeContext.java:64) - Save object 'dynamicInterceptor' to [app] 
[DEBUG] 2018-10-15 16:13:19,421 org.nutz.ioc.impl.NutIoc.get(NutIoc.java:151) - Get '$aop_async'<interface org.nutz.ioc.aop.config.AopConfigration>
[DEBUG] 2018-10-15 16:13:19,421 org.nutz.ioc.impl.NutIoc.get(NutIoc.java:177) - 	 >> Load definition name=$aop_async
[DEBUG] 2018-10-15 16:13:19,422 org.nutz.ioc.loader.combo.ComboIocLoader.load(ComboIocLoader.java:161) - Found IocObject($aop_async) in AsyncAopIocLoader@1893960929
[DEBUG] 2018-10-15 16:13:19,422 org.nutz.ioc.impl.NutIoc.get(NutIoc.java:209) - 	 >> Make...'$aop_async'<interface org.nutz.ioc.aop.config.AopConfigration>
[DEBUG] 2018-10-15 16:13:19,422 org.nutz.ioc.impl.ScopeContext.save(ScopeContext.java:64) - Save object '$aop_async' to [app] 
[DEBUG] 2018-10-15 16:13:19,422 org.nutz.ioc.impl.NutIoc.get(NutIoc.java:151) - Get '$aop_syslog'<interface org.nutz.ioc.aop.config.AopConfigration>
[DEBUG] 2018-10-15 16:13:19,422 org.nutz.ioc.impl.NutIoc.get(NutIoc.java:177) - 	 >> Load definition name=$aop_syslog
[DEBUG] 2018-10-15 16:13:19,422 org.nutz.ioc.loader.combo.ComboIocLoader.load(ComboIocLoader.java:161) - Found IocObject($aop_syslog) in AnnotationIocLoader(packages=[cn.wizzer, org.nutz.apidoc])
[DEBUG] 2018-10-15 16:13:19,422 org.nutz.ioc.impl.NutIoc.get(NutIoc.java:209) - 	 >> Make...'$aop_syslog'<interface org.nutz.ioc.aop.config.AopConfigration>
[DEBUG] 2018-10-15 16:13:19,423 org.nutz.ioc.impl.ScopeContext.save(ScopeContext.java:64) - Save object '$aop_syslog' to [app] 
[DEBUG] 2018-10-15 16:13:19,423 org.nutz.ioc.aop.SimpleAopMaker.<init>(SimpleAopMaker.java:79) - Load AopConfigure for anno=cn.wizzer.app.web.commons.slog.annotation.SLog by type=cn.wizzer.app.web.commons.slog.SLogAopConfigration
[DEBUG] 2018-10-15 16:13:19,425 org.nutz.ioc.aop.SimpleAopMaker.<init>(SimpleAopMaker.java:79) - Load AopConfigure for anno=org.nutz.ioc.aop.Aop by type=org.nutz.ioc.aop.config.impl.AnnotationAopConfigration
[DEBUG] 2018-10-15 16:13:19,426 org.nutz.ioc.impl.NutIoc.get(NutIoc.java:177) - 	 >> Load definition name=conf
[DEBUG] 2018-10-15 16:13:19,426 org.nutz.ioc.loader.map.MapLoader.load(MapLoader.java:67) - Loading define for name=conf
[DEBUG] 2018-10-15 16:13:19,427 org.nutz.ioc.loader.combo.ComboIocLoader.load(ComboIocLoader.java:161) - Found IocObject(conf) in JsonLoader(paths=[config/ioc/])
[DEBUG] 2018-10-15 16:13:19,427 org.nutz.ioc.impl.NutIoc.get(NutIoc.java:209) - 	 >> Make...'conf'<class org.nutz.ioc.impl.PropertiesProxy>
[DEBUG] 2018-10-15 16:13:19,427 cn.wizzer.app.web.commons.plugin.PluginAopConfigure.getInterceptorPairList(PluginAopConfigure.java:33) - skip -- org.nutz.ioc.impl.PropertiesProxy
[DEBUG] 2018-10-15 16:13:19,427 org.nutz.ioc.aop.impl.DefaultMirrorFactory.getMirror(DefaultMirrorFactory.java:70) - Load class org.nutz.ioc.impl.PropertiesProxy without AOP
[DEBUG] 2018-10-15 16:13:19,427 org.nutz.ioc.impl.ScopeContext.save(ScopeContext.java:64) - Save object 'conf' to [app] 
[DEBUG] 2018-10-15 16:13:19,433 org.nutz.resource.Scans.scan(Scans.java:274) - Found 4 resource by src( config/custom/ ) , regex( ^.+[.]properties$ )
[DEBUG] 2018-10-15 16:13:19,434 org.nutz.ioc.impl.PropertiesProxy.setPaths(PropertiesProxy.java:113) - load properties from File[C:\Users\Administrator\IdeaProjects\XA-Instrument\wk-app\wk-web\target\classes\config\custom\db.properties]
[DEBUG] 2018-10-15 16:13:19,435 org.nutz.ioc.impl.PropertiesProxy.setPaths(PropertiesProxy.java:113) - load properties from File[C:\Users\Administrator\IdeaProjects\XA-Instrument\wk-app\wk-web\target\classes\config\custom\mail.properties]
[DEBUG] 2018-10-15 16:13:19,436 org.nutz.ioc.impl.PropertiesProxy.setPaths(PropertiesProxy.java:113) - load properties from File[C:\Users\Administrator\IdeaProjects\XA-Instrument\wk-app\wk-web\target\classes\config\custom\rabbit.properties]
[DEBUG] 2018-10-15 16:13:19,437 org.nutz.ioc.impl.PropertiesProxy.setPaths(PropertiesProxy.java:113) - load properties from File[C:\Users\Administrator\IdeaProjects\XA-Instrument\wk-app\wk-web\target\classes\config\custom\redis.properties]
[DEBUG] 2018-10-15 16:13:19,439 org.nutz.ioc.impl.NutIoc.get(NutIoc.java:151) - Get 'simpleTest'<class cn.wizzer.test.SimpleTest>
[DEBUG] 2018-10-15 16:13:19,439 org.nutz.ioc.impl.NutIoc.get(NutIoc.java:177) - 	 >> Load definition name=simpleTest
[DEBUG] 2018-10-15 16:13:19,439 org.nutz.ioc.loader.combo.ComboIocLoader.load(ComboIocLoader.java:161) - Found IocObject(simpleTest) in AnnotationIocLoader(packages=[cn.wizzer, org.nutz.apidoc])
[DEBUG] 2018-10-15 16:13:19,440 org.nutz.ioc.impl.NutIoc.get(NutIoc.java:209) - 	 >> Make...'simpleTest'<class cn.wizzer.test.SimpleTest>
[DEBUG] 2018-10-15 16:13:19,440 cn.wizzer.app.web.commons.plugin.PluginAopConfigure.getInterceptorPairList(PluginAopConfigure.java:33) - skip -- cn.wizzer.test.SimpleTest
[DEBUG] 2018-10-15 16:13:19,440 org.nutz.ioc.aop.impl.DefaultMirrorFactory.getMirror(DefaultMirrorFactory.java:70) - Load class cn.wizzer.test.SimpleTest without AOP
[DEBUG] 2018-10-15 16:13:19,440 org.nutz.ioc.impl.ScopeContext.save(ScopeContext.java:64) - Save object 'simpleTest' to [app] 
[DEBUG] 2018-10-15 16:13:19,446 org.nutz.ioc.impl.NutIoc.get(NutIoc.java:151) - Get 'dao'<interface org.nutz.dao.Dao>
[DEBUG] 2018-10-15 16:13:19,446 org.nutz.ioc.impl.NutIoc.get(NutIoc.java:177) - 	 >> Load definition name=dao
[DEBUG] 2018-10-15 16:13:19,447 org.nutz.ioc.loader.map.MapLoader.load(MapLoader.java:67) - Loading define for name=dao
[DEBUG] 2018-10-15 16:13:19,447 org.nutz.ioc.loader.combo.ComboIocLoader.load(ComboIocLoader.java:161) - Found IocObject(dao) in JsonLoader(paths=[config/ioc/])
[DEBUG] 2018-10-15 16:13:19,448 org.nutz.ioc.impl.NutIoc.get(NutIoc.java:209) - 	 >> Make...'dao'<interface org.nutz.dao.Dao>
[DEBUG] 2018-10-15 16:13:19,448 cn.wizzer.app.web.commons.plugin.PluginAopConfigure.getInterceptorPairList(PluginAopConfigure.java:33) - skip -- org.nutz.dao.impl.NutDao
[DEBUG] 2018-10-15 16:13:19,449 org.nutz.ioc.aop.impl.DefaultMirrorFactory.getMirror(DefaultMirrorFactory.java:70) - Load class org.nutz.dao.impl.NutDao without AOP
[DEBUG] 2018-10-15 16:13:19,449 org.nutz.ioc.impl.ScopeContext.save(ScopeContext.java:64) - Save object 'dao' to [app] 
[DEBUG] 2018-10-15 16:13:19,449 org.nutz.ioc.impl.NutIoc.get(NutIoc.java:151) - Get 'dataSource'<>
[DEBUG] 2018-10-15 16:13:19,449 org.nutz.ioc.impl.NutIoc.get(NutIoc.java:177) - 	 >> Load definition name=dataSource
[DEBUG] 2018-10-15 16:13:19,450 org.nutz.ioc.loader.map.MapLoader.load(MapLoader.java:67) - Loading define for name=dataSource
[DEBUG] 2018-10-15 16:13:19,453 org.nutz.ioc.loader.combo.ComboIocLoader.load(ComboIocLoader.java:161) - Found IocObject(dataSource) in JsonLoader(paths=[config/ioc/])
[DEBUG] 2018-10-15 16:13:19,457 org.nutz.ioc.impl.NutIoc.get(NutIoc.java:209) - 	 >> Make...'dataSource'<>
[DEBUG] 2018-10-15 16:13:19,457 cn.wizzer.app.web.commons.plugin.PluginAopConfigure.getInterceptorPairList(PluginAopConfigure.java:33) - skip -- com.alibaba.druid.pool.DruidDataSource
[DEBUG] 2018-10-15 16:13:19,458 org.nutz.ioc.aop.impl.DefaultMirrorFactory.getMirror(DefaultMirrorFactory.java:70) - Load class com.alibaba.druid.pool.DruidDataSource without AOP
[DEBUG] 2018-10-15 16:13:19,458 org.nutz.ioc.impl.ScopeContext.save(ScopeContext.java:64) - Save object 'dataSource' to [app] 
[DEBUG] 2018-10-15 16:13:19,458 org.nutz.ioc.impl.NutIoc.get(NutIoc.java:151) - Get 'conf'<>
[DEBUG] 2018-10-15 16:13:19,461 org.nutz.ioc.impl.ScopeContext.remove(ScopeContext.java:84) - Remove object 'dataSource' from [app] 
[DEBUG] 2018-10-15 16:13:19,462 org.nutz.ioc.impl.ScopeContext.remove(ScopeContext.java:84) - Remove object 'dao' from [app] 
[DEBUG] 2018-10-15 16:13:19,462 org.nutz.ioc.impl.ScopeContext.remove(ScopeContext.java:84) - Remove object 'simpleTest' from [app] 
]]></system-out>
  </testcase>
  <testcase name="testOrder11" classname="cn.wizzer.test.SimpleTest" time="0">
    <error message="IocBean[simpleTest] throw Exception when creating" type="org.nutz.ioc.IocException">org.nutz.ioc.IocException: IocBean[simpleTest] throw Exception when creating
Caused by: java.lang.RuntimeException: IocBean[simpleTest] fail at field=[dao]
Caused by: org.nutz.ioc.IocException: IocBean[dao -> dataSource] throw Exception when creating
Caused by: java.lang.IllegalArgumentException: Failed to decrypt.
Caused by: java.lang.IllegalArgumentException: String length must be a multiple of four.
</error>
    <system-out><![CDATA[[INFO ] 2018-10-15 16:13:19,464 org.nutz.ioc.impl.NutIoc.depose(NutIoc.java:255) - org.nutz.ioc.impl.NutIoc@749282235 is closing. startup date [18-10-15 16:13:19.419]
[DEBUG] 2018-10-15 16:13:19,464 org.nutz.ioc.impl.ScopeContext.clear(ScopeContext.java:108) - Depose object 'conf' ...
[DEBUG] 2018-10-15 16:13:19,465 org.nutz.ioc.impl.ScopeContext.clear(ScopeContext.java:108) - Depose object '$aop_syslog' ...
[DEBUG] 2018-10-15 16:13:19,465 org.nutz.ioc.impl.ScopeContext.clear(ScopeContext.java:108) - Depose object '$aop_async' ...
[DEBUG] 2018-10-15 16:13:19,465 org.nutz.ioc.impl.ScopeContext.clear(ScopeContext.java:108) - Depose object 'dynamicInterceptor' ...
[DEBUG] 2018-10-15 16:13:19,465 org.nutz.ioc.impl.ScopeContext.clear(ScopeContext.java:108) - Depose object '$aop_1_plugin' ...
[INFO ] 2018-10-15 16:13:19,466 org.nutz.ioc.impl.NutIoc.depose(NutIoc.java:262) - org.nutz.ioc.impl.NutIoc@749282235 is deposed. startup date [18-10-15 16:13:19.419]
[DEBUG] 2018-10-15 16:13:19,471 org.nutz.resource.Scans.scan(Scans.java:274) - Found 4 resource by src( config/ioc/ ) , regex( ^(.+[.])(js|json)$ )
[DEBUG] 2018-10-15 16:13:19,471 org.nutz.ioc.loader.json.JsonLoader.<init>(JsonLoader.java:49) - loading [dao.json]
[DEBUG] 2018-10-15 16:13:19,472 org.nutz.ioc.loader.json.JsonLoader.<init>(JsonLoader.java:49) - loading [ehcache.json]
[DEBUG] 2018-10-15 16:13:19,473 org.nutz.ioc.loader.json.JsonLoader.<init>(JsonLoader.java:49) - loading [mail.json]
[DEBUG] 2018-10-15 16:13:19,474 org.nutz.ioc.loader.json.JsonLoader.<init>(JsonLoader.java:49) - loading [upload.json]
[DEBUG] 2018-10-15 16:13:19,476 org.nutz.ioc.loader.json.JsonLoader.<init>(JsonLoader.java:57) - Loaded 15 bean define from path=[config/ioc/] --> [videoUpload, conf, uploadVideoContext, imageUpload, fileUpload, cacheManager, dao, cacheProvider, emailAuthenticator, uploadFileContext, htmlEmail, cacheExecutor, tmpFilePool, uploadImageContext, dataSource]
[DEBUG] 2018-10-15 16:13:19,710 org.nutz.resource.Scans.scan(Scans.java:274) - Found 452 resource by src( cn/wizzer/ ) , regex( ^.+[.]class$ )
[DEBUG] 2018-10-15 16:13:19,714 org.nutz.ioc.loader.annotation.AnnotationIocLoader.addClass(AnnotationIocLoader.java:76) - Found @IocBean : class cn.wizzer.framework.util.StringUtil
[DEBUG] 2018-10-15 16:13:19,714 org.nutz.ioc.loader.annotation.AnnotationIocLoader.addClass(AnnotationIocLoader.java:76) - Found @IocBean : class cn.wizzer.framework.util.CookieUtil
[DEBUG] 2018-10-15 16:13:19,714 org.nutz.ioc.loader.annotation.AnnotationIocLoader.addClass(AnnotationIocLoader.java:76) - Found @IocBean : class cn.wizzer.framework.ig.RedisIdGenerator
[DEBUG] 2018-10-15 16:13:19,714 org.nutz.ioc.loader.annotation.AnnotationIocLoader.addClass(AnnotationIocLoader.java:76) - Found @IocBean : class cn.wizzer.framework.util.DateUtil
[DEBUG] 2018-10-15 16:13:19,715 org.nutz.ioc.loader.annotation.AnnotationIocLoader.addClass(AnnotationIocLoader.java:76) - Found @IocBean : class cn.wizzer.framework.shiro.interceptor.NutShiroMethodInterceptor
[DEBUG] 2018-10-15 16:13:19,715 org.nutz.ioc.loader.annotation.AnnotationIocLoader.addClass(AnnotationIocLoader.java:76) - Found @IocBean : class cn.wizzer.framework.util.IdcardUtil
[DEBUG] 2018-10-15 16:13:19,715 org.nutz.ioc.loader.annotation.AnnotationIocLoader.addClass(AnnotationIocLoader.java:76) - Found @IocBean : class cn.wizzer.framework.rabbit.RabbitProducer
[DEBUG] 2018-10-15 16:13:19,715 org.nutz.ioc.loader.annotation.AnnotationIocLoader.addClass(AnnotationIocLoader.java:76) - Found @IocBean : class cn.wizzer.framework.util.RSAUtil
[DEBUG] 2018-10-15 16:13:19,715 org.nutz.ioc.loader.annotation.AnnotationIocLoader.addClass(AnnotationIocLoader.java:76) - Found @IocBean : class cn.wizzer.framework.util.ShiroUtil
[DEBUG] 2018-10-15 16:13:19,715 org.nutz.ioc.loader.annotation.AnnotationIocLoader.addClass(AnnotationIocLoader.java:76) - Found @IocBean : class cn.wizzer.framework.util.Code128Util
[DEBUG] 2018-10-15 16:13:19,716 org.nutz.ioc.loader.annotation.AnnotationIocLoader.addClass(AnnotationIocLoader.java:76) - Found @IocBean : class cn.wizzer.app.base.modules.services.impl.BaseAirmeterialServiceImpl
[DEBUG] 2018-10-15 16:13:19,716 org.nutz.ioc.loader.annotation.AnnotationIocLoader.addClass(AnnotationIocLoader.java:76) - Found @IocBean : class cn.wizzer.app.base.modules.services.impl.BaseAirportServiceImpl
[DEBUG] 2018-10-15 16:13:19,716 org.nutz.ioc.loader.annotation.AnnotationIocLoader.addClass(AnnotationIocLoader.java:76) - Found @IocBean : class cn.wizzer.app.base.modules.services.impl.BaseCnctobjServiceImpl
[DEBUG] 2018-10-15 16:13:19,716 org.nutz.ioc.loader.annotation.AnnotationIocLoader.addClass(AnnotationIocLoader.java:76) - Found @IocBean : class cn.wizzer.app.base.modules.services.impl.BaseCustomerServiceImpl
[DEBUG] 2018-10-15 16:13:19,716 org.nutz.ioc.loader.annotation.AnnotationIocLoader.addClass(AnnotationIocLoader.java:76) - Found @IocBean : class cn.wizzer.app.base.modules.services.impl.BaseDeptServiceImpl
[DEBUG] 2018-10-15 16:13:19,716 org.nutz.ioc.loader.annotation.AnnotationIocLoader.addClass(AnnotationIocLoader.java:76) - Found @IocBean : class cn.wizzer.app.base.modules.services.impl.BaseJobServiceImpl
[DEBUG] 2018-10-15 16:13:19,717 org.nutz.ioc.loader.annotation.AnnotationIocLoader.addClass(AnnotationIocLoader.java:76) - Found @IocBean : class cn.wizzer.app.base.modules.services.impl.BasePersonpoolServiceImpl
[DEBUG] 2018-10-15 16:13:19,717 org.nutz.ioc.loader.annotation.AnnotationIocLoader.addClass(AnnotationIocLoader.java:76) - Found @IocBean : class cn.wizzer.app.base.modules.services.impl.BasePersonServiceImpl
[DEBUG] 2018-10-15 16:13:19,717 org.nutz.ioc.loader.annotation.AnnotationIocLoader.addClass(AnnotationIocLoader.java:76) - Found @IocBean : class cn.wizzer.app.base.modules.services.impl.BasePlaceServiceImpl
[DEBUG] 2018-10-15 16:13:19,717 org.nutz.ioc.loader.annotation.AnnotationIocLoader.addClass(AnnotationIocLoader.java:76) - Found @IocBean : class cn.wizzer.app.base.modules.services.impl.BasePostServiceImpl
[DEBUG] 2018-10-15 16:13:19,717 org.nutz.ioc.loader.annotation.AnnotationIocLoader.addClass(AnnotationIocLoader.java:76) - Found @IocBean : class cn.wizzer.app.base.modules.services.impl.BaseRowofficeentryServiceImpl
[DEBUG] 2018-10-15 16:13:19,717 org.nutz.ioc.loader.annotation.AnnotationIocLoader.addClass(AnnotationIocLoader.java:76) - Found @IocBean : class cn.wizzer.app.base.modules.services.impl.BaseRowofficeServiceImpl
[DEBUG] 2018-10-15 16:13:19,718 org.nutz.ioc.loader.annotation.AnnotationIocLoader.addClass(AnnotationIocLoader.java:76) - Found @IocBean : class cn.wizzer.app.base.modules.services.impl.BaseVehicleServiceImpl
[DEBUG] 2018-10-15 16:13:19,718 org.nutz.ioc.loader.annotation.AnnotationIocLoader.addClass(AnnotationIocLoader.java:76) - Found @IocBean : class cn.wizzer.app.base.modules.services.impl.BaseWarehouseServiceImpl
[DEBUG] 2018-10-15 16:13:19,718 org.nutz.ioc.loader.annotation.AnnotationIocLoader.addClass(AnnotationIocLoader.java:76) - Found @IocBean : class cn.wizzer.app.cms.modules.services.impl.CmsArticleServiceImpl
[DEBUG] 2018-10-15 16:13:19,718 org.nutz.ioc.loader.annotation.AnnotationIocLoader.addClass(AnnotationIocLoader.java:76) - Found @IocBean : class cn.wizzer.app.cms.modules.services.impl.CmsChannelServiceImpl
[DEBUG] 2018-10-15 16:13:19,718 org.nutz.ioc.loader.annotation.AnnotationIocLoader.addClass(AnnotationIocLoader.java:76) - Found @IocBean : class cn.wizzer.app.cms.modules.services.impl.CmsLinkClassServiceImpl
[DEBUG] 2018-10-15 16:13:19,719 org.nutz.ioc.loader.annotation.AnnotationIocLoader.addClass(AnnotationIocLoader.java:76) - Found @IocBean : class cn.wizzer.app.cms.modules.services.impl.CmsLinkServiceImpl
[DEBUG] 2018-10-15 16:13:19,719 org.nutz.ioc.loader.annotation.AnnotationIocLoader.addClass(AnnotationIocLoader.java:76) - Found @IocBean : class cn.wizzer.app.cms.modules.services.impl.CmsSiteServiceImpl
[DEBUG] 2018-10-15 16:13:19,719 org.nutz.ioc.loader.annotation.AnnotationIocLoader.addClass(AnnotationIocLoader.java:76) - Found @IocBean : class cn.wizzer.app.ins.modules.services.impl.InsBaseinsServiceImpl
[DEBUG] 2018-10-15 16:13:19,719 org.nutz.ioc.loader.annotation.AnnotationIocLoader.addClass(AnnotationIocLoader.java:76) - Found @IocBean : class cn.wizzer.app.ins.modules.services.impl.InsBaseinsSpaceServiceImpl
[DEBUG] 2018-10-15 16:13:19,719 org.nutz.ioc.loader.annotation.AnnotationIocLoader.addClass(AnnotationIocLoader.java:76) - Found @IocBean : class cn.wizzer.app.ins.modules.services.impl.InsCabinetServiceImpl
[DEBUG] 2018-10-15 16:13:19,719 org.nutz.ioc.loader.annotation.AnnotationIocLoader.addClass(AnnotationIocLoader.java:76) - Found @IocBean : class cn.wizzer.app.ins.modules.services.impl.InsCommonServiceImpl
[DEBUG] 2018-10-15 16:13:19,720 org.nutz.ioc.loader.annotation.AnnotationIocLoader.addClass(AnnotationIocLoader.java:76) - Found @IocBean : class cn.wizzer.app.ins.modules.services.impl.InsInstrumentServiceImpl
[DEBUG] 2018-10-15 16:13:19,720 org.nutz.ioc.loader.annotation.AnnotationIocLoader.addClass(AnnotationIocLoader.java:76) - Found @IocBean : class cn.wizzer.app.ins.modules.services.impl.InsLockServiceImpl
[DEBUG] 2018-10-15 16:13:19,720 org.nutz.ioc.loader.annotation.AnnotationIocLoader.addClass(AnnotationIocLoader.java:76) - Found @IocBean : class cn.wizzer.app.ins.modules.services.impl.InsOrderentryServiceImpl
[DEBUG] 2018-10-15 16:13:19,720 org.nutz.ioc.loader.annotation.AnnotationIocLoader.addClass(AnnotationIocLoader.java:76) - Found @IocBean : class cn.wizzer.app.ins.modules.services.impl.InsOrderServiceImpl
[DEBUG] 2018-10-15 16:13:19,721 org.nutz.ioc.loader.annotation.AnnotationIocLoader.addClass(AnnotationIocLoader.java:76) - Found @IocBean : class cn.wizzer.app.ins.modules.services.impl.InsRepairServiceImpl
[DEBUG] 2018-10-15 16:13:19,721 org.nutz.ioc.loader.annotation.AnnotationIocLoader.addClass(AnnotationIocLoader.java:76) - Found @IocBean : class cn.wizzer.app.ins.modules.services.impl.InsRepairtrackServiceImpl
[DEBUG] 2018-10-15 16:13:19,721 org.nutz.ioc.loader.annotation.AnnotationIocLoader.addClass(AnnotationIocLoader.java:76) - Found @IocBean : class cn.wizzer.app.ins.modules.services.impl.InsRfheadServiceImpl
[DEBUG] 2018-10-15 16:13:19,721 org.nutz.ioc.loader.annotation.AnnotationIocLoader.addClass(AnnotationIocLoader.java:76) - Found @IocBean : class cn.wizzer.app.ins.modules.services.impl.InsRfidServiceImpl
[DEBUG] 2018-10-15 16:13:19,721 org.nutz.ioc.loader.annotation.AnnotationIocLoader.addClass(AnnotationIocLoader.java:76) - Found @IocBean : class cn.wizzer.app.ins.modules.services.impl.InsSpaceServiceImpl
[DEBUG] 2018-10-15 16:13:19,721 org.nutz.ioc.loader.annotation.AnnotationIocLoader.addClass(AnnotationIocLoader.java:76) - Found @IocBean : class cn.wizzer.app.ins.modules.services.impl.InsToolcabinetServiceImpl
[DEBUG] 2018-10-15 16:13:19,721 org.nutz.ioc.loader.annotation.AnnotationIocLoader.addClass(AnnotationIocLoader.java:76) - Found @IocBean : class cn.wizzer.app.ins.modules.services.impl.InsTransmitServiceImpl
[DEBUG] 2018-10-15 16:13:19,722 org.nutz.ioc.loader.annotation.AnnotationIocLoader.addClass(AnnotationIocLoader.java:76) - Found @IocBean : class cn.wizzer.app.logistics.modules.services.impl.LogisticsDeliveryorderentryServiceImpl
[DEBUG] 2018-10-15 16:13:19,722 org.nutz.ioc.loader.annotation.AnnotationIocLoader.addClass(AnnotationIocLoader.java:76) - Found @IocBean : class cn.wizzer.app.logistics.modules.services.impl.LogisticsDeliveryorderServiceImpl
[DEBUG] 2018-10-15 16:13:19,722 org.nutz.ioc.loader.annotation.AnnotationIocLoader.addClass(AnnotationIocLoader.java:76) - Found @IocBean : class cn.wizzer.app.logistics.modules.services.impl.LogisticsEntourageServiceImpl
[DEBUG] 2018-10-15 16:13:19,722 org.nutz.ioc.loader.annotation.AnnotationIocLoader.addClass(AnnotationIocLoader.java:76) - Found @IocBean : class cn.wizzer.app.logistics.modules.services.impl.LogisticsOrderdeliveryServiceImpl
[DEBUG] 2018-10-15 16:13:19,722 org.nutz.ioc.loader.annotation.AnnotationIocLoader.addClass(AnnotationIocLoader.java:76) - Found @IocBean : class cn.wizzer.app.logistics.modules.services.impl.LogisticsOrderentryServiceImpl
[DEBUG] 2018-10-15 16:13:19,722 org.nutz.ioc.loader.annotation.AnnotationIocLoader.addClass(AnnotationIocLoader.java:76) - Found @IocBean : class cn.wizzer.app.logistics.modules.services.impl.LogisticsOrderplanentryServiceImpl
[DEBUG] 2018-10-15 16:13:19,722 org.nutz.ioc.loader.annotation.AnnotationIocLoader.addClass(AnnotationIocLoader.java:76) - Found @IocBean : class cn.wizzer.app.logistics.modules.services.impl.LogisticsOrderplanServiceImpl
[DEBUG] 2018-10-15 16:13:19,722 org.nutz.ioc.loader.annotation.AnnotationIocLoader.addClass(AnnotationIocLoader.java:76) - Found @IocBean : class cn.wizzer.app.logistics.modules.services.impl.LogisticsOrderrejectServiceImpl
[DEBUG] 2018-10-15 16:13:19,723 org.nutz.ioc.loader.annotation.AnnotationIocLoader.addClass(AnnotationIocLoader.java:76) - Found @IocBean : class cn.wizzer.app.logistics.modules.services.impl.LogisticsOrderServiceImpl
[DEBUG] 2018-10-15 16:13:19,723 org.nutz.ioc.loader.annotation.AnnotationIocLoader.addClass(AnnotationIocLoader.java:76) - Found @IocBean : class cn.wizzer.app.logistics.modules.services.impl.LogisticsOrderstepServiceImpl
[DEBUG] 2018-10-15 16:13:19,723 org.nutz.ioc.loader.annotation.AnnotationIocLoader.addClass(AnnotationIocLoader.java:76) - Found @IocBean : class cn.wizzer.app.logistics.modules.services.impl.LogisticsSendapprovalServiceImpl
[DEBUG] 2018-10-15 16:13:19,723 org.nutz.ioc.loader.annotation.AnnotationIocLoader.addClass(AnnotationIocLoader.java:76) - Found @IocBean : class cn.wizzer.app.logistics.modules.services.impl.LogisticsSendgoodsServiceImpl
[DEBUG] 2018-10-15 16:13:19,723 org.nutz.ioc.loader.annotation.AnnotationIocLoader.addClass(AnnotationIocLoader.java:76) - Found @IocBean : class cn.wizzer.app.logistics.modules.services.impl.LogisticsSendplanServiceImpl
[DEBUG] 2018-10-15 16:13:19,723 org.nutz.ioc.loader.annotation.AnnotationIocLoader.addClass(AnnotationIocLoader.java:76) - Found @IocBean : class cn.wizzer.app.logistics.modules.services.impl.LogisticsSendtraceServiceImpl
[DEBUG] 2018-10-15 16:13:19,723 org.nutz.ioc.loader.annotation.AnnotationIocLoader.addClass(AnnotationIocLoader.java:76) - Found @IocBean : class cn.wizzer.app.logistics.modules.services.impl.LogisticsUnplanServiceImpl
[DEBUG] 2018-10-15 16:13:19,723 org.nutz.ioc.loader.annotation.AnnotationIocLoader.addClass(AnnotationIocLoader.java:76) - Found @IocBean : class cn.wizzer.app.sys.modules.services.impl.SysApiServiceImpl
[DEBUG] 2018-10-15 16:13:19,724 org.nutz.ioc.loader.annotation.AnnotationIocLoader.addClass(AnnotationIocLoader.java:76) - Found @IocBean : class cn.wizzer.app.sys.modules.services.impl.SysBarcodeServiceImpl
[DEBUG] 2018-10-15 16:13:19,724 org.nutz.ioc.loader.annotation.AnnotationIocLoader.addClass(AnnotationIocLoader.java:76) - Found @IocBean : class cn.wizzer.app.sys.modules.services.impl.SysConfigServiceImpl
[DEBUG] 2018-10-15 16:13:19,724 org.nutz.ioc.loader.annotation.AnnotationIocLoader.addClass(AnnotationIocLoader.java:76) - Found @IocBean : class cn.wizzer.app.sys.modules.services.impl.SysDictServiceImpl
[DEBUG] 2018-10-15 16:13:19,724 org.nutz.ioc.loader.annotation.AnnotationIocLoader.addClass(AnnotationIocLoader.java:76) - Found @IocBean : class cn.wizzer.app.sys.modules.services.impl.SysLogServiceImpl
[DEBUG] 2018-10-15 16:13:19,724 org.nutz.ioc.loader.annotation.AnnotationIocLoader.addClass(AnnotationIocLoader.java:76) - Found @IocBean : class cn.wizzer.app.sys.modules.services.impl.SysMenuServiceImpl
[DEBUG] 2018-10-15 16:13:19,725 org.nutz.ioc.loader.annotation.AnnotationIocLoader.addClass(AnnotationIocLoader.java:76) - Found @IocBean : class cn.wizzer.app.sys.modules.services.impl.SysMobileServiceImpl
[DEBUG] 2018-10-15 16:13:19,725 org.nutz.ioc.loader.annotation.AnnotationIocLoader.addClass(AnnotationIocLoader.java:76) - Found @IocBean : class cn.wizzer.app.sys.modules.services.impl.SysPluginServiceImpl
[DEBUG] 2018-10-15 16:13:19,725 org.nutz.ioc.loader.annotation.AnnotationIocLoader.addClass(AnnotationIocLoader.java:76) - Found @IocBean : class cn.wizzer.app.sys.modules.services.impl.SysRegistauditServiceImpl
[DEBUG] 2018-10-15 16:13:19,725 org.nutz.ioc.loader.annotation.AnnotationIocLoader.addClass(AnnotationIocLoader.java:76) - Found @IocBean : class cn.wizzer.app.sys.modules.services.impl.SysRoleServiceImpl
[DEBUG] 2018-10-15 16:13:19,725 org.nutz.ioc.loader.annotation.AnnotationIocLoader.addClass(AnnotationIocLoader.java:76) - Found @IocBean : class cn.wizzer.app.sys.modules.services.impl.SysRouteServiceImpl
[DEBUG] 2018-10-15 16:13:19,725 org.nutz.ioc.loader.annotation.AnnotationIocLoader.addClass(AnnotationIocLoader.java:76) - Found @IocBean : class cn.wizzer.app.sys.modules.services.impl.SysTaskServiceImpl
[DEBUG] 2018-10-15 16:13:19,725 org.nutz.ioc.loader.annotation.AnnotationIocLoader.addClass(AnnotationIocLoader.java:76) - Found @IocBean : class cn.wizzer.app.sys.modules.services.impl.SysTempuserServiceImpl
[DEBUG] 2018-10-15 16:13:19,725 org.nutz.ioc.loader.annotation.AnnotationIocLoader.addClass(AnnotationIocLoader.java:76) - Found @IocBean : class cn.wizzer.app.sys.modules.services.impl.SysUnitServiceImpl
[DEBUG] 2018-10-15 16:13:19,726 org.nutz.ioc.loader.annotation.AnnotationIocLoader.addClass(AnnotationIocLoader.java:76) - Found @IocBean : class cn.wizzer.app.sys.modules.services.impl.SysUserServiceImpl
[DEBUG] 2018-10-15 16:13:19,726 org.nutz.ioc.loader.annotation.AnnotationIocLoader.addClass(AnnotationIocLoader.java:76) - Found @IocBean : class cn.wizzer.app.sys.modules.services.impl.SysVersionServiceImpl
[DEBUG] 2018-10-15 16:13:19,726 org.nutz.ioc.loader.annotation.AnnotationIocLoader.addClass(AnnotationIocLoader.java:76) - Found @IocBean : class cn.wizzer.app.sys.modules.services.impl.SysWxDeptServiceImpl
[DEBUG] 2018-10-15 16:13:19,726 org.nutz.ioc.loader.annotation.AnnotationIocLoader.addClass(AnnotationIocLoader.java:76) - Found @IocBean : class cn.wizzer.app.sys.modules.services.impl.SysWxServiceImpl
[DEBUG] 2018-10-15 16:13:19,726 org.nutz.ioc.loader.annotation.AnnotationIocLoader.addClass(AnnotationIocLoader.java:76) - Found @IocBean : class cn.wizzer.app.sys.modules.services.impl.SysWxUserServiceImpl
[DEBUG] 2018-10-15 16:13:19,726 org.nutz.ioc.loader.annotation.AnnotationIocLoader.addClass(AnnotationIocLoader.java:76) - Found @IocBean : class cn.wizzer.app.web.commons.plugin.DynamicInterceptor
[DEBUG] 2018-10-15 16:13:19,726 org.nutz.ioc.loader.annotation.AnnotationIocLoader.addClass(AnnotationIocLoader.java:76) - Found @IocBean : class cn.wizzer.app.web.commons.plugin.PluginAopConfigure
[DEBUG] 2018-10-15 16:13:19,726 org.nutz.ioc.loader.annotation.AnnotationIocLoader.addClass(AnnotationIocLoader.java:76) - Found @IocBean : class cn.wizzer.app.web.commons.plugin.PluginMaster
[DEBUG] 2018-10-15 16:13:19,727 org.nutz.ioc.loader.annotation.AnnotationIocLoader.addClass(AnnotationIocLoader.java:76) - Found @IocBean : class cn.wizzer.app.web.commons.quartz.job.orderExecute
[DEBUG] 2018-10-15 16:13:19,727 org.nutz.ioc.loader.annotation.AnnotationIocLoader.addClass(AnnotationIocLoader.java:76) - Found @IocBean : class cn.wizzer.app.web.commons.quartz.job.TestJob
[DEBUG] 2018-10-15 16:13:19,727 org.nutz.ioc.loader.annotation.AnnotationIocLoader.addClass(AnnotationIocLoader.java:76) - Found @IocBean : class cn.wizzer.app.web.commons.services.email.EmailService
[DEBUG] 2018-10-15 16:13:19,727 org.nutz.ioc.loader.annotation.AnnotationIocLoader.addClass(AnnotationIocLoader.java:76) - Found @IocBean : class cn.wizzer.app.web.commons.services.qrcode.QrcodeService
[DEBUG] 2018-10-15 16:13:19,727 org.nutz.ioc.loader.annotation.AnnotationIocLoader.addClass(AnnotationIocLoader.java:76) - Found @IocBean : class cn.wizzer.app.web.commons.services.wx.TplService
[DEBUG] 2018-10-15 16:13:19,727 org.nutz.ioc.loader.annotation.AnnotationIocLoader.addClass(AnnotationIocLoader.java:76) - Found @IocBean : class cn.wizzer.app.web.commons.services.wx.WxHandler
[DEBUG] 2018-10-15 16:13:19,727 org.nutz.ioc.loader.annotation.AnnotationIocLoader.addClass(AnnotationIocLoader.java:76) - Found @IocBean : class cn.wizzer.app.web.commons.shiro.realm.PlatformAuthorizingRealm
[DEBUG] 2018-10-15 16:13:19,727 org.nutz.ioc.loader.annotation.AnnotationIocLoader.addClass(AnnotationIocLoader.java:76) - Found @IocBean : class cn.wizzer.app.web.commons.slog.SLogAopConfigration
[DEBUG] 2018-10-15 16:13:19,728 org.nutz.ioc.loader.annotation.AnnotationIocLoader.addClass(AnnotationIocLoader.java:76) - Found @IocBean : class cn.wizzer.app.web.commons.slog.SLogService
[DEBUG] 2018-10-15 16:13:19,728 org.nutz.ioc.loader.annotation.AnnotationIocLoader.addClass(AnnotationIocLoader.java:76) - Found @IocBean : class cn.wizzer.app.web.modules.controllers.front.wx.CmsController
[DEBUG] 2018-10-15 16:13:19,728 org.nutz.ioc.loader.annotation.AnnotationIocLoader.addClass(AnnotationIocLoader.java:76) - Found @IocBean : class cn.wizzer.app.web.modules.controllers.front.wx.WechatController
[DEBUG] 2018-10-15 16:13:19,728 org.nutz.ioc.loader.annotation.AnnotationIocLoader.addClass(AnnotationIocLoader.java:76) - Found @IocBean : class cn.wizzer.app.web.modules.controllers.open.api.mobile.MobileBaseController
[DEBUG] 2018-10-15 16:13:19,728 org.nutz.ioc.loader.annotation.AnnotationIocLoader.addClass(AnnotationIocLoader.java:76) - Found @IocBean : class cn.wizzer.app.web.modules.controllers.open.api.mobile.MobileInsController
[DEBUG] 2018-10-15 16:13:19,728 org.nutz.ioc.loader.annotation.AnnotationIocLoader.addClass(AnnotationIocLoader.java:76) - Found @IocBean : class cn.wizzer.app.web.modules.controllers.open.api.mobile.MobileOrderController
[DEBUG] 2018-10-15 16:13:19,728 org.nutz.ioc.loader.annotation.AnnotationIocLoader.addClass(AnnotationIocLoader.java:76) - Found @IocBean : class cn.wizzer.app.web.modules.controllers.open.api.mobile.MobileSysController
[DEBUG] 2018-10-15 16:13:19,728 org.nutz.ioc.loader.annotation.AnnotationIocLoader.addClass(AnnotationIocLoader.java:76) - Found @IocBean : class cn.wizzer.app.web.modules.controllers.open.api.pad.PadInsController
[DEBUG] 2018-10-15 16:13:19,728 org.nutz.ioc.loader.annotation.AnnotationIocLoader.addClass(AnnotationIocLoader.java:76) - Found @IocBean : class cn.wizzer.app.web.modules.controllers.open.api.pad.PadOrderController
[DEBUG] 2018-10-15 16:13:19,729 org.nutz.ioc.loader.annotation.AnnotationIocLoader.addClass(AnnotationIocLoader.java:76) - Found @IocBean : class cn.wizzer.app.web.modules.controllers.open.api.pad.PadSysController
[DEBUG] 2018-10-15 16:13:19,729 org.nutz.ioc.loader.annotation.AnnotationIocLoader.addClass(AnnotationIocLoader.java:76) - Found @IocBean : class cn.wizzer.app.web.modules.controllers.open.api.test.ApiTestController
[DEBUG] 2018-10-15 16:13:19,729 org.nutz.ioc.loader.annotation.AnnotationIocLoader.addClass(AnnotationIocLoader.java:76) - Found @IocBean : class cn.wizzer.app.web.modules.controllers.open.api.token.TokenController
[DEBUG] 2018-10-15 16:13:19,729 org.nutz.ioc.loader.annotation.AnnotationIocLoader.addClass(AnnotationIocLoader.java:76) - Found @IocBean : class cn.wizzer.app.web.modules.controllers.open.api.userpermission.UserpermissionController
[DEBUG] 2018-10-15 16:13:19,729 org.nutz.ioc.loader.annotation.AnnotationIocLoader.addClass(AnnotationIocLoader.java:76) - Found @IocBean : class cn.wizzer.app.web.modules.controllers.open.file.UploadController
[DEBUG] 2018-10-15 16:13:19,729 org.nutz.ioc.loader.annotation.AnnotationIocLoader.addClass(AnnotationIocLoader.java:76) - Found @IocBean : class cn.wizzer.app.web.modules.controllers.open.pay.WxPayBackController
[DEBUG] 2018-10-15 16:13:19,729 org.nutz.ioc.loader.annotation.AnnotationIocLoader.addClass(AnnotationIocLoader.java:76) - Found @IocBean : class cn.wizzer.app.web.modules.controllers.open.ueditor.BdController
[DEBUG] 2018-10-15 16:13:19,729 org.nutz.ioc.loader.annotation.AnnotationIocLoader.addClass(AnnotationIocLoader.java:76) - Found @IocBean : class cn.wizzer.app.web.modules.controllers.open.ueditor.WxController
[DEBUG] 2018-10-15 16:13:19,729 org.nutz.ioc.loader.annotation.AnnotationIocLoader.addClass(AnnotationIocLoader.java:76) - Found @IocBean : class cn.wizzer.app.web.modules.controllers.open.wx.WeixinController
[DEBUG] 2018-10-15 16:13:19,729 org.nutz.ioc.loader.annotation.AnnotationIocLoader.addClass(AnnotationIocLoader.java:76) - Found @IocBean : class cn.wizzer.app.web.modules.controllers.platform.base.BaseAirmeterialController
[DEBUG] 2018-10-15 16:13:19,730 org.nutz.ioc.loader.annotation.AnnotationIocLoader.addClass(AnnotationIocLoader.java:76) - Found @IocBean : class cn.wizzer.app.web.modules.controllers.platform.base.BaseAirportController
[DEBUG] 2018-10-15 16:13:19,730 org.nutz.ioc.loader.annotation.AnnotationIocLoader.addClass(AnnotationIocLoader.java:76) - Found @IocBean : class cn.wizzer.app.web.modules.controllers.platform.base.BaseCnctobjController
[DEBUG] 2018-10-15 16:13:19,730 org.nutz.ioc.loader.annotation.AnnotationIocLoader.addClass(AnnotationIocLoader.java:76) - Found @IocBean : class cn.wizzer.app.web.modules.controllers.platform.base.BaseCustomerController
[DEBUG] 2018-10-15 16:13:19,730 org.nutz.ioc.loader.annotation.AnnotationIocLoader.addClass(AnnotationIocLoader.java:76) - Found @IocBean : class cn.wizzer.app.web.modules.controllers.platform.base.BaseDeptController
[DEBUG] 2018-10-15 16:13:19,730 org.nutz.ioc.loader.annotation.AnnotationIocLoader.addClass(AnnotationIocLoader.java:76) - Found @IocBean : class cn.wizzer.app.web.modules.controllers.platform.base.BaseJobController
[DEBUG] 2018-10-15 16:13:19,730 org.nutz.ioc.loader.annotation.AnnotationIocLoader.addClass(AnnotationIocLoader.java:76) - Found @IocBean : class cn.wizzer.app.web.modules.controllers.platform.base.BasePersonController
[DEBUG] 2018-10-15 16:13:19,730 org.nutz.ioc.loader.annotation.AnnotationIocLoader.addClass(AnnotationIocLoader.java:76) - Found @IocBean : class cn.wizzer.app.web.modules.controllers.platform.base.BasePersonpoolController
[DEBUG] 2018-10-15 16:13:19,731 org.nutz.ioc.loader.annotation.AnnotationIocLoader.addClass(AnnotationIocLoader.java:76) - Found @IocBean : class cn.wizzer.app.web.modules.controllers.platform.base.BasePlaceController
[DEBUG] 2018-10-15 16:13:19,731 org.nutz.ioc.loader.annotation.AnnotationIocLoader.addClass(AnnotationIocLoader.java:76) - Found @IocBean : class cn.wizzer.app.web.modules.controllers.platform.base.BasePostController
[DEBUG] 2018-10-15 16:13:19,731 org.nutz.ioc.loader.annotation.AnnotationIocLoader.addClass(AnnotationIocLoader.java:76) - Found @IocBean : class cn.wizzer.app.web.modules.controllers.platform.base.BaseRowofficeController
[DEBUG] 2018-10-15 16:13:19,731 org.nutz.ioc.loader.annotation.AnnotationIocLoader.addClass(AnnotationIocLoader.java:76) - Found @IocBean : class cn.wizzer.app.web.modules.controllers.platform.base.BaseRowofficeentryController
[DEBUG] 2018-10-15 16:13:19,731 org.nutz.ioc.loader.annotation.AnnotationIocLoader.addClass(AnnotationIocLoader.java:76) - Found @IocBean : class cn.wizzer.app.web.modules.controllers.platform.base.BaseVehicleController
[DEBUG] 2018-10-15 16:13:19,731 org.nutz.ioc.loader.annotation.AnnotationIocLoader.addClass(AnnotationIocLoader.java:76) - Found @IocBean : class cn.wizzer.app.web.modules.controllers.platform.base.BaseWarehouseController
[DEBUG] 2018-10-15 16:13:19,732 org.nutz.ioc.loader.annotation.AnnotationIocLoader.addClass(AnnotationIocLoader.java:76) - Found @IocBean : class cn.wizzer.app.web.modules.controllers.platform.cms.CmsArticleController
[DEBUG] 2018-10-15 16:13:19,732 org.nutz.ioc.loader.annotation.AnnotationIocLoader.addClass(AnnotationIocLoader.java:76) - Found @IocBean : class cn.wizzer.app.web.modules.controllers.platform.cms.CmsChannelController
[DEBUG] 2018-10-15 16:13:19,732 org.nutz.ioc.loader.annotation.AnnotationIocLoader.addClass(AnnotationIocLoader.java:76) - Found @IocBean : class cn.wizzer.app.web.modules.controllers.platform.cms.CmsLinkClassController
[DEBUG] 2018-10-15 16:13:19,732 org.nutz.ioc.loader.annotation.AnnotationIocLoader.addClass(AnnotationIocLoader.java:76) - Found @IocBean : class cn.wizzer.app.web.modules.controllers.platform.cms.CmsLinkController
[DEBUG] 2018-10-15 16:13:19,732 org.nutz.ioc.loader.annotation.AnnotationIocLoader.addClass(AnnotationIocLoader.java:76) - Found @IocBean : class cn.wizzer.app.web.modules.controllers.platform.cms.CmsSiteController
[DEBUG] 2018-10-15 16:13:19,732 org.nutz.ioc.loader.annotation.AnnotationIocLoader.addClass(AnnotationIocLoader.java:76) - Found @IocBean : class cn.wizzer.app.web.modules.controllers.platform.ins.InsBaseinsController
[DEBUG] 2018-10-15 16:13:19,732 org.nutz.ioc.loader.annotation.AnnotationIocLoader.addClass(AnnotationIocLoader.java:76) - Found @IocBean : class cn.wizzer.app.web.modules.controllers.platform.ins.InsBaseinsSpaceController
[DEBUG] 2018-10-15 16:13:19,732 org.nutz.ioc.loader.annotation.AnnotationIocLoader.addClass(AnnotationIocLoader.java:76) - Found @IocBean : class cn.wizzer.app.web.modules.controllers.platform.ins.InsCabinetController
[DEBUG] 2018-10-15 16:13:19,732 org.nutz.ioc.loader.annotation.AnnotationIocLoader.addClass(AnnotationIocLoader.java:76) - Found @IocBean : class cn.wizzer.app.web.modules.controllers.platform.ins.InsCommonController
[DEBUG] 2018-10-15 16:13:19,732 org.nutz.ioc.loader.annotation.AnnotationIocLoader.addClass(AnnotationIocLoader.java:76) - Found @IocBean : class cn.wizzer.app.web.modules.controllers.platform.ins.InsInstrumentController
[DEBUG] 2018-10-15 16:13:19,733 org.nutz.ioc.loader.annotation.AnnotationIocLoader.addClass(AnnotationIocLoader.java:76) - Found @IocBean : class cn.wizzer.app.web.modules.controllers.platform.ins.InsLockController
[DEBUG] 2018-10-15 16:13:19,733 org.nutz.ioc.loader.annotation.AnnotationIocLoader.addClass(AnnotationIocLoader.java:76) - Found @IocBean : class cn.wizzer.app.web.modules.controllers.platform.ins.InsOrderController
[DEBUG] 2018-10-15 16:13:19,733 org.nutz.ioc.loader.annotation.AnnotationIocLoader.addClass(AnnotationIocLoader.java:76) - Found @IocBean : class cn.wizzer.app.web.modules.controllers.platform.ins.InsOrderentryController
[DEBUG] 2018-10-15 16:13:19,733 org.nutz.ioc.loader.annotation.AnnotationIocLoader.addClass(AnnotationIocLoader.java:76) - Found @IocBean : class cn.wizzer.app.web.modules.controllers.platform.ins.InsRepairController
[DEBUG] 2018-10-15 16:13:19,733 org.nutz.ioc.loader.annotation.AnnotationIocLoader.addClass(AnnotationIocLoader.java:76) - Found @IocBean : class cn.wizzer.app.web.modules.controllers.platform.ins.InsRepairtrackController
[DEBUG] 2018-10-15 16:13:19,733 org.nutz.ioc.loader.annotation.AnnotationIocLoader.addClass(AnnotationIocLoader.java:76) - Found @IocBean : class cn.wizzer.app.web.modules.controllers.platform.ins.InsRfheadController
[DEBUG] 2018-10-15 16:13:19,733 org.nutz.ioc.loader.annotation.AnnotationIocLoader.addClass(AnnotationIocLoader.java:76) - Found @IocBean : class cn.wizzer.app.web.modules.controllers.platform.ins.InsRfidController
[DEBUG] 2018-10-15 16:13:19,733 org.nutz.ioc.loader.annotation.AnnotationIocLoader.addClass(AnnotationIocLoader.java:76) - Found @IocBean : class cn.wizzer.app.web.modules.controllers.platform.ins.InsSpaceController
[DEBUG] 2018-10-15 16:13:19,734 org.nutz.ioc.loader.annotation.AnnotationIocLoader.addClass(AnnotationIocLoader.java:76) - Found @IocBean : class cn.wizzer.app.web.modules.controllers.platform.ins.InsToolcabinetController
[DEBUG] 2018-10-15 16:13:19,734 org.nutz.ioc.loader.annotation.AnnotationIocLoader.addClass(AnnotationIocLoader.java:76) - Found @IocBean : class cn.wizzer.app.web.modules.controllers.platform.ins.InsTransmitController
[DEBUG] 2018-10-15 16:13:19,734 org.nutz.ioc.loader.annotation.AnnotationIocLoader.addClass(AnnotationIocLoader.java:76) - Found @IocBean : class cn.wizzer.app.web.modules.controllers.platform.logistics.LogisticsDeliveryorderController
[DEBUG] 2018-10-15 16:13:19,734 org.nutz.ioc.loader.annotation.AnnotationIocLoader.addClass(AnnotationIocLoader.java:76) - Found @IocBean : class cn.wizzer.app.web.modules.controllers.platform.logistics.LogisticsDeliveryorderentryController
[DEBUG] 2018-10-15 16:13:19,734 org.nutz.ioc.loader.annotation.AnnotationIocLoader.addClass(AnnotationIocLoader.java:76) - Found @IocBean : class cn.wizzer.app.web.modules.controllers.platform.logistics.LogisticsEntourageController
[DEBUG] 2018-10-15 16:13:19,734 org.nutz.ioc.loader.annotation.AnnotationIocLoader.addClass(AnnotationIocLoader.java:76) - Found @IocBean : class cn.wizzer.app.web.modules.controllers.platform.logistics.LogisticsOrderController
[DEBUG] 2018-10-15 16:13:19,734 org.nutz.ioc.loader.annotation.AnnotationIocLoader.addClass(AnnotationIocLoader.java:76) - Found @IocBean : class cn.wizzer.app.web.modules.controllers.platform.logistics.LogisticsOrderdeliveryController
[DEBUG] 2018-10-15 16:13:19,735 org.nutz.ioc.loader.annotation.AnnotationIocLoader.addClass(AnnotationIocLoader.java:76) - Found @IocBean : class cn.wizzer.app.web.modules.controllers.platform.logistics.LogisticsOrderentryController
[DEBUG] 2018-10-15 16:13:19,735 org.nutz.ioc.loader.annotation.AnnotationIocLoader.addClass(AnnotationIocLoader.java:76) - Found @IocBean : class cn.wizzer.app.web.modules.controllers.platform.logistics.LogisticsOrderplanController
[DEBUG] 2018-10-15 16:13:19,735 org.nutz.ioc.loader.annotation.AnnotationIocLoader.addClass(AnnotationIocLoader.java:76) - Found @IocBean : class cn.wizzer.app.web.modules.controllers.platform.logistics.LogisticsOrderplanentryController
[DEBUG] 2018-10-15 16:13:19,735 org.nutz.ioc.loader.annotation.AnnotationIocLoader.addClass(AnnotationIocLoader.java:76) - Found @IocBean : class cn.wizzer.app.web.modules.controllers.platform.logistics.LogisticsOrderrejectController
[DEBUG] 2018-10-15 16:13:19,735 org.nutz.ioc.loader.annotation.AnnotationIocLoader.addClass(AnnotationIocLoader.java:76) - Found @IocBean : class cn.wizzer.app.web.modules.controllers.platform.logistics.LogisticsOrderstepController
[DEBUG] 2018-10-15 16:13:19,735 org.nutz.ioc.loader.annotation.AnnotationIocLoader.addClass(AnnotationIocLoader.java:76) - Found @IocBean : class cn.wizzer.app.web.modules.controllers.platform.logistics.LogisticsSendapprovalController
[DEBUG] 2018-10-15 16:13:19,735 org.nutz.ioc.loader.annotation.AnnotationIocLoader.addClass(AnnotationIocLoader.java:76) - Found @IocBean : class cn.wizzer.app.web.modules.controllers.platform.logistics.LogisticsSendgoodsController
[DEBUG] 2018-10-15 16:13:19,736 org.nutz.ioc.loader.annotation.AnnotationIocLoader.addClass(AnnotationIocLoader.java:76) - Found @IocBean : class cn.wizzer.app.web.modules.controllers.platform.logistics.LogisticsSendplanController
[DEBUG] 2018-10-15 16:13:19,736 org.nutz.ioc.loader.annotation.AnnotationIocLoader.addClass(AnnotationIocLoader.java:76) - Found @IocBean : class cn.wizzer.app.web.modules.controllers.platform.logistics.LogisticsSendtraceController
[DEBUG] 2018-10-15 16:13:19,736 org.nutz.ioc.loader.annotation.AnnotationIocLoader.addClass(AnnotationIocLoader.java:76) - Found @IocBean : class cn.wizzer.app.web.modules.controllers.platform.logistics.LogisticsUnplanController
[DEBUG] 2018-10-15 16:13:19,736 org.nutz.ioc.loader.annotation.AnnotationIocLoader.addClass(AnnotationIocLoader.java:76) - Found @IocBean : class cn.wizzer.app.web.modules.controllers.platform.sys.SysApiController
[DEBUG] 2018-10-15 16:13:19,736 org.nutz.ioc.loader.annotation.AnnotationIocLoader.addClass(AnnotationIocLoader.java:76) - Found @IocBean : class cn.wizzer.app.web.modules.controllers.platform.sys.SysBarcodeController
[DEBUG] 2018-10-15 16:13:19,736 org.nutz.ioc.loader.annotation.AnnotationIocLoader.addClass(AnnotationIocLoader.java:76) - Found @IocBean : class cn.wizzer.app.web.modules.controllers.platform.sys.SysConfController
[DEBUG] 2018-10-15 16:13:19,736 org.nutz.ioc.loader.annotation.AnnotationIocLoader.addClass(AnnotationIocLoader.java:76) - Found @IocBean : class cn.wizzer.app.web.modules.controllers.platform.sys.SysDictController
[DEBUG] 2018-10-15 16:13:19,737 org.nutz.ioc.loader.annotation.AnnotationIocLoader.addClass(AnnotationIocLoader.java:76) - Found @IocBean : class cn.wizzer.app.web.modules.controllers.platform.sys.SysHomeController
[DEBUG] 2018-10-15 16:13:19,737 org.nutz.ioc.loader.annotation.AnnotationIocLoader.addClass(AnnotationIocLoader.java:76) - Found @IocBean : class cn.wizzer.app.web.modules.controllers.platform.sys.SysLogController
[DEBUG] 2018-10-15 16:13:19,737 org.nutz.ioc.loader.annotation.AnnotationIocLoader.addClass(AnnotationIocLoader.java:76) - Found @IocBean : class cn.wizzer.app.web.modules.controllers.platform.sys.SysLoginController
[DEBUG] 2018-10-15 16:13:19,737 org.nutz.ioc.loader.annotation.AnnotationIocLoader.addClass(AnnotationIocLoader.java:76) - Found @IocBean : class cn.wizzer.app.web.modules.controllers.platform.sys.SysMenuController
[DEBUG] 2018-10-15 16:13:19,737 org.nutz.ioc.loader.annotation.AnnotationIocLoader.addClass(AnnotationIocLoader.java:76) - Found @IocBean : class cn.wizzer.app.web.modules.controllers.platform.sys.SysMobileController
[DEBUG] 2018-10-15 16:13:19,737 org.nutz.ioc.loader.annotation.AnnotationIocLoader.addClass(AnnotationIocLoader.java:76) - Found @IocBean : class cn.wizzer.app.web.modules.controllers.platform.sys.SysPluginController
[DEBUG] 2018-10-15 16:13:19,737 org.nutz.ioc.loader.annotation.AnnotationIocLoader.addClass(AnnotationIocLoader.java:76) - Found @IocBean : class cn.wizzer.app.web.modules.controllers.platform.sys.SysRegistauditController
[DEBUG] 2018-10-15 16:13:19,738 org.nutz.ioc.loader.annotation.AnnotationIocLoader.addClass(AnnotationIocLoader.java:76) - Found @IocBean : class cn.wizzer.app.web.modules.controllers.platform.sys.SysRoleController
[DEBUG] 2018-10-15 16:13:19,738 org.nutz.ioc.loader.annotation.AnnotationIocLoader.addClass(AnnotationIocLoader.java:76) - Found @IocBean : class cn.wizzer.app.web.modules.controllers.platform.sys.SysRouteController
[DEBUG] 2018-10-15 16:13:19,738 org.nutz.ioc.loader.annotation.AnnotationIocLoader.addClass(AnnotationIocLoader.java:76) - Found @IocBean : class cn.wizzer.app.web.modules.controllers.platform.sys.SysTaskController
[DEBUG] 2018-10-15 16:13:19,738 org.nutz.ioc.loader.annotation.AnnotationIocLoader.addClass(AnnotationIocLoader.java:76) - Found @IocBean : class cn.wizzer.app.web.modules.controllers.platform.sys.SysTempuserController
[DEBUG] 2018-10-15 16:13:19,738 org.nutz.ioc.loader.annotation.AnnotationIocLoader.addClass(AnnotationIocLoader.java:76) - Found @IocBean : class cn.wizzer.app.web.modules.controllers.platform.sys.SysUnitController
[DEBUG] 2018-10-15 16:13:19,738 org.nutz.ioc.loader.annotation.AnnotationIocLoader.addClass(AnnotationIocLoader.java:76) - Found @IocBean : class cn.wizzer.app.web.modules.controllers.platform.sys.SysUserController
[DEBUG] 2018-10-15 16:13:19,738 org.nutz.ioc.loader.annotation.AnnotationIocLoader.addClass(AnnotationIocLoader.java:76) - Found @IocBean : class cn.wizzer.app.web.modules.controllers.platform.sys.SysVersionController
[DEBUG] 2018-10-15 16:13:19,738 org.nutz.ioc.loader.annotation.AnnotationIocLoader.addClass(AnnotationIocLoader.java:76) - Found @IocBean : class cn.wizzer.app.web.modules.controllers.platform.sys.SysWxController
[DEBUG] 2018-10-15 16:13:19,739 org.nutz.ioc.loader.annotation.AnnotationIocLoader.addClass(AnnotationIocLoader.java:76) - Found @IocBean : class cn.wizzer.app.web.modules.controllers.platform.sys.SysWxDeptController
[DEBUG] 2018-10-15 16:13:19,739 org.nutz.ioc.loader.annotation.AnnotationIocLoader.addClass(AnnotationIocLoader.java:76) - Found @IocBean : class cn.wizzer.app.web.modules.controllers.platform.sys.SysWxUserController
[DEBUG] 2018-10-15 16:13:19,739 org.nutz.ioc.loader.annotation.AnnotationIocLoader.addClass(AnnotationIocLoader.java:76) - Found @IocBean : class cn.wizzer.app.web.modules.controllers.platform.wx.WxConfigController
[DEBUG] 2018-10-15 16:13:19,739 org.nutz.ioc.loader.annotation.AnnotationIocLoader.addClass(AnnotationIocLoader.java:76) - Found @IocBean : class cn.wizzer.app.web.modules.controllers.platform.wx.WxMassController
[DEBUG] 2018-10-15 16:13:19,739 org.nutz.ioc.loader.annotation.AnnotationIocLoader.addClass(AnnotationIocLoader.java:76) - Found @IocBean : class cn.wizzer.app.web.modules.controllers.platform.wx.WxMenuController
[DEBUG] 2018-10-15 16:13:19,739 org.nutz.ioc.loader.annotation.AnnotationIocLoader.addClass(AnnotationIocLoader.java:76) - Found @IocBean : class cn.wizzer.app.web.modules.controllers.platform.wx.WxMsgUserController
[DEBUG] 2018-10-15 16:13:19,739 org.nutz.ioc.loader.annotation.AnnotationIocLoader.addClass(AnnotationIocLoader.java:76) - Found @IocBean : class cn.wizzer.app.web.modules.controllers.platform.wx.WxPayTestController
[DEBUG] 2018-10-15 16:13:19,740 org.nutz.ioc.loader.annotation.AnnotationIocLoader.addClass(AnnotationIocLoader.java:76) - Found @IocBean : class cn.wizzer.app.web.modules.controllers.platform.wx.WxReplyController
[DEBUG] 2018-10-15 16:13:19,740 org.nutz.ioc.loader.annotation.AnnotationIocLoader.addClass(AnnotationIocLoader.java:76) - Found @IocBean : class cn.wizzer.app.web.modules.controllers.platform.wx.WxReplyNewsController
[DEBUG] 2018-10-15 16:13:19,740 org.nutz.ioc.loader.annotation.AnnotationIocLoader.addClass(AnnotationIocLoader.java:76) - Found @IocBean : class cn.wizzer.app.web.modules.controllers.platform.wx.WxReplyTxtController
[DEBUG] 2018-10-15 16:13:19,740 org.nutz.ioc.loader.annotation.AnnotationIocLoader.addClass(AnnotationIocLoader.java:76) - Found @IocBean : class cn.wizzer.app.web.modules.controllers.platform.wx.WxTplIdController
[DEBUG] 2018-10-15 16:13:19,740 org.nutz.ioc.loader.annotation.AnnotationIocLoader.addClass(AnnotationIocLoader.java:76) - Found @IocBean : class cn.wizzer.app.web.modules.controllers.platform.wx.WxTplListController
[DEBUG] 2018-10-15 16:13:19,740 org.nutz.ioc.loader.annotation.AnnotationIocLoader.addClass(AnnotationIocLoader.java:76) - Found @IocBean : class cn.wizzer.app.web.modules.controllers.platform.wx.WxTplLogController
[DEBUG] 2018-10-15 16:13:19,740 org.nutz.ioc.loader.annotation.AnnotationIocLoader.addClass(AnnotationIocLoader.java:76) - Found @IocBean : class cn.wizzer.app.web.modules.controllers.platform.wx.WxUserController
[DEBUG] 2018-10-15 16:13:19,741 org.nutz.ioc.loader.annotation.AnnotationIocLoader.addClass(AnnotationIocLoader.java:76) - Found @IocBean : class cn.wizzer.app.wx.modules.services.impl.WxConfigServiceImpl
[DEBUG] 2018-10-15 16:13:19,741 org.nutz.ioc.loader.annotation.AnnotationIocLoader.addClass(AnnotationIocLoader.java:76) - Found @IocBean : class cn.wizzer.app.wx.modules.services.impl.WxMassNewsServiceImpl
[DEBUG] 2018-10-15 16:13:19,741 org.nutz.ioc.loader.annotation.AnnotationIocLoader.addClass(AnnotationIocLoader.java:76) - Found @IocBean : class cn.wizzer.app.wx.modules.services.impl.WxMassSendServiceImpl
[DEBUG] 2018-10-15 16:13:19,741 org.nutz.ioc.loader.annotation.AnnotationIocLoader.addClass(AnnotationIocLoader.java:76) - Found @IocBean : class cn.wizzer.app.wx.modules.services.impl.WxMassServiceImpl
[DEBUG] 2018-10-15 16:13:19,741 org.nutz.ioc.loader.annotation.AnnotationIocLoader.addClass(AnnotationIocLoader.java:76) - Found @IocBean : class cn.wizzer.app.wx.modules.services.impl.WxMenuServiceImpl
[DEBUG] 2018-10-15 16:13:19,741 org.nutz.ioc.loader.annotation.AnnotationIocLoader.addClass(AnnotationIocLoader.java:76) - Found @IocBean : class cn.wizzer.app.wx.modules.services.impl.WxMsgReplyServiceImpl
[DEBUG] 2018-10-15 16:13:19,742 org.nutz.ioc.loader.annotation.AnnotationIocLoader.addClass(AnnotationIocLoader.java:76) - Found @IocBean : class cn.wizzer.app.wx.modules.services.impl.WxMsgServiceImpl
[DEBUG] 2018-10-15 16:13:19,742 org.nutz.ioc.loader.annotation.AnnotationIocLoader.addClass(AnnotationIocLoader.java:76) - Found @IocBean : class cn.wizzer.app.wx.modules.services.impl.WxReplyNewsServiceImpl
[DEBUG] 2018-10-15 16:13:19,742 org.nutz.ioc.loader.annotation.AnnotationIocLoader.addClass(AnnotationIocLoader.java:76) - Found @IocBean : class cn.wizzer.app.wx.modules.services.impl.WxReplyServiceImpl
[DEBUG] 2018-10-15 16:13:19,742 org.nutz.ioc.loader.annotation.AnnotationIocLoader.addClass(AnnotationIocLoader.java:76) - Found @IocBean : class cn.wizzer.app.wx.modules.services.impl.WxReplyTxtServiceImpl
[DEBUG] 2018-10-15 16:13:19,742 org.nutz.ioc.loader.annotation.AnnotationIocLoader.addClass(AnnotationIocLoader.java:76) - Found @IocBean : class cn.wizzer.app.wx.modules.services.impl.WxTplIdServiceImpl
[DEBUG] 2018-10-15 16:13:19,742 org.nutz.ioc.loader.annotation.AnnotationIocLoader.addClass(AnnotationIocLoader.java:76) - Found @IocBean : class cn.wizzer.app.wx.modules.services.impl.WxTplListServiceImpl
[DEBUG] 2018-10-15 16:13:19,743 org.nutz.ioc.loader.annotation.AnnotationIocLoader.addClass(AnnotationIocLoader.java:76) - Found @IocBean : class cn.wizzer.app.wx.modules.services.impl.WxTplLogServiceImpl
[DEBUG] 2018-10-15 16:13:19,743 org.nutz.ioc.loader.annotation.AnnotationIocLoader.addClass(AnnotationIocLoader.java:76) - Found @IocBean : class cn.wizzer.app.wx.modules.services.impl.WxUserServiceImpl
[DEBUG] 2018-10-15 16:13:19,743 org.nutz.ioc.loader.annotation.AnnotationIocLoader.addClass(AnnotationIocLoader.java:76) - Found @IocBean : class cn.wizzer.test.SimpleTest
[DEBUG] 2018-10-15 16:13:19,745 org.nutz.resource.Scans.scan(Scans.java:274) - Found 0 resource by src( org/nutz/apidoc/ ) , regex( ^.+[.]class$ )
[INFO ] 2018-10-15 16:13:19,746 org.nutz.ioc.loader.annotation.AnnotationIocLoader.<init>(AnnotationIocLoader.java:52) - Found 204 classes in 2 base-packages!
beans = ["wxTplListController", "uploadController", "wxReplyTxtServiceImpl", "logisticsSendplanController", "baseJobServiceImpl", "dateUtil", "qrcodeService", "logisticsSendgoodsServiceImpl", "logisticsOrderentryController", "insLockController", "baseRowofficeentryServiceImpl", "cmsChannelServiceImpl", "insBaseinsServiceImpl", "orderExecute", "cmsArticleController", "basePostController", "baseAirmeterialServiceImpl", "basePersonController", "logisticsOrderplanServiceImpl", "cmsLinkClassController", "basePostServiceImpl", "baseRowofficeServiceImpl", "baseJobController", "baseRowofficeController", "wxReplyController", "insRepairController", "sysConfigServiceImpl", "basePersonpoolController", "baseVehicleController", "wxMsgServiceImpl", "wxPayBackController", "logisticsUnplanController", "mobileInsController", "sysTaskController", "sysBarcodeController", "insTransmitController", "sysDictServiceImpl", "wxConfigServiceImpl", "baseAirportServiceImpl", "apiTestController", "sysMenuController", "cmsSiteServiceImpl", "mobileSysController", "cmsLinkController", "insCommonController", "logisticsOrderplanentryServiceImpl", "insInstrumentController", "sysRegistauditServiceImpl", "insLockServiceImpl", "insOrderController", "wechatController", "wxMsgUserController", "sysDictController", "sysWxUserController", "logisticsDeliveryorderentryController", "basePersonServiceImpl", "insOrderentryServiceImpl", "insRepairtrackController", "insInstrumentServiceImpl", "logisticsSendapprovalServiceImpl", "logisticsOrderdeliveryController", "wxTplListServiceImpl", "tplService", "sysPluginServiceImpl", "insRfheadController", "logisticsSendgoodsController", "mobileBaseController", "baseCnctobjServiceImpl", "nutShiroMethodInterceptor", "insCabinetServiceImpl", "basePlaceServiceImpl", "baseVehicleServiceImpl", "cmsLinkClassServiceImpl", "sysHomeController", "insRfheadServiceImpl", "sysMobileController", "wxMassServiceImpl", "logisticsOrderentryServiceImpl", "logisticsSendplanServiceImpl", "logisticsOrderrejectServiceImpl", "wxHandler", "cmsChannelController", "wxController", "rabbitProducer", "sysTaskServiceImpl", "sysVersionController", "shiroUtil", "wxReplyTxtController", "sysPluginController", "logisticsSendtraceController", "sysApiServiceImpl", "logisticsEntourageServiceImpl", "sLogService", "baseAirportController", "sysApiController", "wxTplIdController", "insSpaceServiceImpl", "logisticsOrderController", "sysTempuserController", "sysUserController", "platformAuthorizingRealm", "testJob", "$aop_1_plugin", "sysRegistauditController", "wxReplyNewsServiceImpl", "insTransmitServiceImpl", "sysLoginController", "wxTplLogServiceImpl", "sysUserServiceImpl", "sysRoleServiceImpl", "sysRouteController", "idcardUtil", "basePlaceController", "sysWxDeptController", "logisticsOrderplanentryController", "userpermissionController", "sysWxServiceImpl", "cmsController", "logisticsSendtraceServiceImpl", "insOrderentryController", "logisticsSendapprovalController", "wxMenuController", "insOrderServiceImpl", "weixinController", "code128Util", "insRepairServiceImpl", "logisticsOrderplanController", "wxMsgReplyServiceImpl", "logisticsOrderdeliveryServiceImpl", "cmsArticleServiceImpl", "baseCnctobjController", "baseCustomerController", "insBaseinsController", "insRfidServiceImpl", "cookieUtil", "baseRowofficeentryController", "logisticsOrderstepServiceImpl", "wxReplyServiceImpl", "bdController", "redisIdGenerator", "insBaseinsSpaceServiceImpl", "cmsSiteController", "logisticsDeliveryorderServiceImpl", "insCabinetController", "logisticsOrderServiceImpl", "sysWxDeptServiceImpl", "sysWxController", "mobileOrderController", "sysRoleController", "logisticsEntourageController", "insCommonServiceImpl", "sysUnitController", "padInsController", "wxMassSendServiceImpl", "logisticsDeliveryorderController", "rSAUtil", "wxConfigController", "stringUtil", "baseCustomerServiceImpl", "basePersonpoolServiceImpl", "insBaseinsSpaceController", "wxUserServiceImpl", "insSpaceController", "sysTempuserServiceImpl", "baseWarehouseServiceImpl", "insToolcabinetController", "sysWxUserServiceImpl", "dynamicInterceptor", "sysLogController", "wxMassController", "emailService", "baseWarehouseController", "insToolcabinetServiceImpl", "wxMenuServiceImpl", "wxReplyNewsController", "baseDeptServiceImpl", "sysRouteServiceImpl", "insRepairtrackServiceImpl", "wxMassNewsServiceImpl", "baseAirmeterialController", "sysMenuServiceImpl", "sysMobileServiceImpl", "simpleTest", "logisticsOrderstepController", "sysLogServiceImpl", "logisticsUnplanServiceImpl", "wxTplIdServiceImpl", "logisticsDeliveryorderentryServiceImpl", "$aop_syslog", "padSysController", "baseDeptController", "logisticsOrderrejectController", "padOrderController", "sysBarcodeServiceImpl", "wxTplLogController", "wxUserController", "wxPayTestController", "tokenController", "sysVersionServiceImpl", "cmsLinkServiceImpl", "sysUnitServiceImpl", "insRfidController", "sysConfController", "pluginMaster"]
[DEBUG] 2018-10-15 16:13:19,747 org.nutz.ioc.loader.combo.ComboIocLoader.createIocLoader(ComboIocLoader.java:110) - found jedis -- org.nutz.integration.jedis.JedisIocLoader
[DEBUG] 2018-10-15 16:13:19,748 org.nutz.resource.Scans.scan(Scans.java:274) - Found 1 resource by src( org/nutz/integration/jedis/jedis.js ) , regex( ^(.+[.])(js|json)$ )
[DEBUG] 2018-10-15 16:13:19,748 org.nutz.ioc.loader.json.JsonLoader.<init>(JsonLoader.java:49) - loading [org/nutz/integration/jedis/jedis.js]
[DEBUG] 2018-10-15 16:13:19,749 org.nutz.ioc.loader.json.JsonLoader.<init>(JsonLoader.java:57) - Loaded 9 bean define from path=[org/nutz/integration/jedis/jedis.js] --> [redisService, jedisCluster, jedisClusterNodes, jedisClusterWrapper, pubSubService, jedisPoolConfig, jedisPool, jedisAgent, redis]
[DEBUG] 2018-10-15 16:13:19,749 org.nutz.ioc.loader.json.JsonLoader.<init>(JsonLoader.java:40) - Loaded 5 bean define from reader --
[txREPEATABLE_READ, txSERIALIZABLE, txNONE, txREAD_UNCOMMITTED, txREAD_COMMITTED]
[DEBUG] 2018-10-15 16:13:19,751 org.nutz.ioc.loader.combo.ComboIocLoader.createIocLoader(ComboIocLoader.java:110) - found quartz -- org.nutz.integration.quartz.QuartzIocLoader
[DEBUG] 2018-10-15 16:13:19,752 org.nutz.ioc.loader.json.JsonLoader.<init>(JsonLoader.java:57) - Loaded 0 bean define from path=[] --> []
[DEBUG] 2018-10-15 16:13:19,753 org.nutz.ioc.aop.SimpleAopMaker.<init>(SimpleAopMaker.java:79) - Load AopConfigure for anno=org.nutz.aop.interceptor.async.Async by type=org.nutz.aop.interceptor.async.AsyncAopIocLoader
[DEBUG] 2018-10-15 16:13:19,755 org.nutz.ioc.loader.combo.ComboIocLoader.createIocLoader(ComboIocLoader.java:110) - found rabbitmq -- org.nutz.integration.rabbitmq.RabbitmqIocLoader
[DEBUG] 2018-10-15 16:13:19,756 org.nutz.resource.Scans.scan(Scans.java:274) - Found 1 resource by src( org/nutz/integration/rabbitmq/rabbitmq.js ) , regex( ^(.+[.])(js|json)$ )
[DEBUG] 2018-10-15 16:13:19,756 org.nutz.ioc.loader.json.JsonLoader.<init>(JsonLoader.java:49) - loading [org/nutz/integration/rabbitmq/rabbitmq.js]
[DEBUG] 2018-10-15 16:13:19,757 org.nutz.ioc.loader.json.JsonLoader.<init>(JsonLoader.java:57) - Loaded 2 bean define from path=[org/nutz/integration/rabbitmq/rabbitmq.js] --> [rabbitmq, rabbitmq_cf]
[INFO ] 2018-10-15 16:13:19,757 org.nutz.ioc.impl.NutIoc.<init>(NutIoc.java:98) - NutIoc init begin ...
[INFO ] 2018-10-15 16:13:19,757 org.nutz.ioc.impl.NutIoc.<init>(NutIoc.java:115) - ... NutIoc init complete
[DEBUG] 2018-10-15 16:13:19,757 org.nutz.ioc.impl.NutIoc.get(NutIoc.java:151) - Get 'conf'<class org.nutz.ioc.impl.PropertiesProxy>
[DEBUG] 2018-10-15 16:13:19,757 org.nutz.ioc.impl.NutIoc.get(NutIoc.java:151) - Get '$aop_1_plugin'<interface org.nutz.ioc.aop.config.AopConfigration>
[DEBUG] 2018-10-15 16:13:19,757 org.nutz.ioc.impl.NutIoc.get(NutIoc.java:177) - 	 >> Load definition name=$aop_1_plugin
[DEBUG] 2018-10-15 16:13:19,758 org.nutz.ioc.loader.combo.ComboIocLoader.load(ComboIocLoader.java:161) - Found IocObject($aop_1_plugin) in AnnotationIocLoader(packages=[cn.wizzer, org.nutz.apidoc])
[DEBUG] 2018-10-15 16:13:19,758 org.nutz.ioc.impl.NutIoc.get(NutIoc.java:209) - 	 >> Make...'$aop_1_plugin'<interface org.nutz.ioc.aop.config.AopConfigration>
[DEBUG] 2018-10-15 16:13:19,758 org.nutz.ioc.impl.ScopeContext.save(ScopeContext.java:64) - Save object '$aop_1_plugin' to [app] 
[DEBUG] 2018-10-15 16:13:19,758 org.nutz.ioc.impl.NutIoc.get(NutIoc.java:151) - Get 'dynamicInterceptor'<class cn.wizzer.app.web.commons.plugin.DynamicInterceptor>
[DEBUG] 2018-10-15 16:13:19,758 org.nutz.ioc.impl.NutIoc.get(NutIoc.java:177) - 	 >> Load definition name=dynamicInterceptor
[DEBUG] 2018-10-15 16:13:19,758 org.nutz.ioc.loader.combo.ComboIocLoader.load(ComboIocLoader.java:161) - Found IocObject(dynamicInterceptor) in AnnotationIocLoader(packages=[cn.wizzer, org.nutz.apidoc])
[DEBUG] 2018-10-15 16:13:19,758 org.nutz.ioc.impl.NutIoc.get(NutIoc.java:209) - 	 >> Make...'dynamicInterceptor'<class cn.wizzer.app.web.commons.plugin.DynamicInterceptor>
[DEBUG] 2018-10-15 16:13:19,758 org.nutz.ioc.impl.ScopeContext.save(ScopeContext.java:64) - Save object 'dynamicInterceptor' to [app] 
[DEBUG] 2018-10-15 16:13:19,758 org.nutz.ioc.impl.NutIoc.get(NutIoc.java:151) - Get '$aop_async'<interface org.nutz.ioc.aop.config.AopConfigration>
[DEBUG] 2018-10-15 16:13:19,759 org.nutz.ioc.impl.NutIoc.get(NutIoc.java:177) - 	 >> Load definition name=$aop_async
[DEBUG] 2018-10-15 16:13:19,759 org.nutz.ioc.loader.combo.ComboIocLoader.load(ComboIocLoader.java:161) - Found IocObject($aop_async) in AsyncAopIocLoader@1371495133
[DEBUG] 2018-10-15 16:13:19,759 org.nutz.ioc.impl.NutIoc.get(NutIoc.java:209) - 	 >> Make...'$aop_async'<interface org.nutz.ioc.aop.config.AopConfigration>
[DEBUG] 2018-10-15 16:13:19,759 org.nutz.ioc.impl.ScopeContext.save(ScopeContext.java:64) - Save object '$aop_async' to [app] 
[DEBUG] 2018-10-15 16:13:19,759 org.nutz.ioc.impl.NutIoc.get(NutIoc.java:151) - Get '$aop_syslog'<interface org.nutz.ioc.aop.config.AopConfigration>
[DEBUG] 2018-10-15 16:13:19,759 org.nutz.ioc.impl.NutIoc.get(NutIoc.java:177) - 	 >> Load definition name=$aop_syslog
[DEBUG] 2018-10-15 16:13:19,759 org.nutz.ioc.loader.combo.ComboIocLoader.load(ComboIocLoader.java:161) - Found IocObject($aop_syslog) in AnnotationIocLoader(packages=[cn.wizzer, org.nutz.apidoc])
[DEBUG] 2018-10-15 16:13:19,759 org.nutz.ioc.impl.NutIoc.get(NutIoc.java:209) - 	 >> Make...'$aop_syslog'<interface org.nutz.ioc.aop.config.AopConfigration>
[DEBUG] 2018-10-15 16:13:19,759 org.nutz.ioc.impl.ScopeContext.save(ScopeContext.java:64) - Save object '$aop_syslog' to [app] 
[DEBUG] 2018-10-15 16:13:19,759 org.nutz.ioc.aop.SimpleAopMaker.<init>(SimpleAopMaker.java:79) - Load AopConfigure for anno=cn.wizzer.app.web.commons.slog.annotation.SLog by type=cn.wizzer.app.web.commons.slog.SLogAopConfigration
[DEBUG] 2018-10-15 16:13:19,760 org.nutz.ioc.aop.SimpleAopMaker.<init>(SimpleAopMaker.java:79) - Load AopConfigure for anno=org.nutz.ioc.aop.Aop by type=org.nutz.ioc.aop.config.impl.AnnotationAopConfigration
[DEBUG] 2018-10-15 16:13:19,760 org.nutz.ioc.impl.NutIoc.get(NutIoc.java:177) - 	 >> Load definition name=conf
[DEBUG] 2018-10-15 16:13:19,760 org.nutz.ioc.loader.map.MapLoader.load(MapLoader.java:67) - Loading define for name=conf
[DEBUG] 2018-10-15 16:13:19,760 org.nutz.ioc.loader.combo.ComboIocLoader.load(ComboIocLoader.java:161) - Found IocObject(conf) in JsonLoader(paths=[config/ioc/])
[DEBUG] 2018-10-15 16:13:19,760 org.nutz.ioc.impl.NutIoc.get(NutIoc.java:209) - 	 >> Make...'conf'<class org.nutz.ioc.impl.PropertiesProxy>
[DEBUG] 2018-10-15 16:13:19,760 cn.wizzer.app.web.commons.plugin.PluginAopConfigure.getInterceptorPairList(PluginAopConfigure.java:33) - skip -- org.nutz.ioc.impl.PropertiesProxy
[DEBUG] 2018-10-15 16:13:19,760 org.nutz.ioc.aop.impl.DefaultMirrorFactory.getMirror(DefaultMirrorFactory.java:70) - Load class org.nutz.ioc.impl.PropertiesProxy without AOP
[DEBUG] 2018-10-15 16:13:19,760 org.nutz.ioc.impl.ScopeContext.save(ScopeContext.java:64) - Save object 'conf' to [app] 
[DEBUG] 2018-10-15 16:13:19,763 org.nutz.resource.Scans.scan(Scans.java:274) - Found 4 resource by src( config/custom/ ) , regex( ^.+[.]properties$ )
[DEBUG] 2018-10-15 16:13:19,763 org.nutz.ioc.impl.PropertiesProxy.setPaths(PropertiesProxy.java:113) - load properties from File[C:\Users\Administrator\IdeaProjects\XA-Instrument\wk-app\wk-web\target\classes\config\custom\db.properties]
[DEBUG] 2018-10-15 16:13:19,764 org.nutz.ioc.impl.PropertiesProxy.setPaths(PropertiesProxy.java:113) - load properties from File[C:\Users\Administrator\IdeaProjects\XA-Instrument\wk-app\wk-web\target\classes\config\custom\mail.properties]
[DEBUG] 2018-10-15 16:13:19,764 org.nutz.ioc.impl.PropertiesProxy.setPaths(PropertiesProxy.java:113) - load properties from File[C:\Users\Administrator\IdeaProjects\XA-Instrument\wk-app\wk-web\target\classes\config\custom\rabbit.properties]
[DEBUG] 2018-10-15 16:13:19,765 org.nutz.ioc.impl.PropertiesProxy.setPaths(PropertiesProxy.java:113) - load properties from File[C:\Users\Administrator\IdeaProjects\XA-Instrument\wk-app\wk-web\target\classes\config\custom\redis.properties]
[DEBUG] 2018-10-15 16:13:19,765 org.nutz.ioc.impl.NutIoc.get(NutIoc.java:151) - Get 'simpleTest'<class cn.wizzer.test.SimpleTest>
[DEBUG] 2018-10-15 16:13:19,765 org.nutz.ioc.impl.NutIoc.get(NutIoc.java:177) - 	 >> Load definition name=simpleTest
[DEBUG] 2018-10-15 16:13:19,766 org.nutz.ioc.loader.combo.ComboIocLoader.load(ComboIocLoader.java:161) - Found IocObject(simpleTest) in AnnotationIocLoader(packages=[cn.wizzer, org.nutz.apidoc])
[DEBUG] 2018-10-15 16:13:19,766 org.nutz.ioc.impl.NutIoc.get(NutIoc.java:209) - 	 >> Make...'simpleTest'<class cn.wizzer.test.SimpleTest>
[DEBUG] 2018-10-15 16:13:19,766 cn.wizzer.app.web.commons.plugin.PluginAopConfigure.getInterceptorPairList(PluginAopConfigure.java:33) - skip -- cn.wizzer.test.SimpleTest
[DEBUG] 2018-10-15 16:13:19,766 org.nutz.ioc.aop.impl.DefaultMirrorFactory.getMirror(DefaultMirrorFactory.java:70) - Load class cn.wizzer.test.SimpleTest without AOP
[DEBUG] 2018-10-15 16:13:19,766 org.nutz.ioc.impl.ScopeContext.save(ScopeContext.java:64) - Save object 'simpleTest' to [app] 
[DEBUG] 2018-10-15 16:13:19,769 org.nutz.ioc.impl.NutIoc.get(NutIoc.java:151) - Get 'dao'<interface org.nutz.dao.Dao>
[DEBUG] 2018-10-15 16:13:19,769 org.nutz.ioc.impl.NutIoc.get(NutIoc.java:177) - 	 >> Load definition name=dao
[DEBUG] 2018-10-15 16:13:19,770 org.nutz.ioc.loader.map.MapLoader.load(MapLoader.java:67) - Loading define for name=dao
[DEBUG] 2018-10-15 16:13:19,770 org.nutz.ioc.loader.combo.ComboIocLoader.load(ComboIocLoader.java:161) - Found IocObject(dao) in JsonLoader(paths=[config/ioc/])
[DEBUG] 2018-10-15 16:13:19,770 org.nutz.ioc.impl.NutIoc.get(NutIoc.java:209) - 	 >> Make...'dao'<interface org.nutz.dao.Dao>
[DEBUG] 2018-10-15 16:13:19,770 cn.wizzer.app.web.commons.plugin.PluginAopConfigure.getInterceptorPairList(PluginAopConfigure.java:33) - skip -- org.nutz.dao.impl.NutDao
[DEBUG] 2018-10-15 16:13:19,771 org.nutz.ioc.aop.impl.DefaultMirrorFactory.getMirror(DefaultMirrorFactory.java:70) - Load class org.nutz.dao.impl.NutDao without AOP
[DEBUG] 2018-10-15 16:13:19,771 org.nutz.ioc.impl.ScopeContext.save(ScopeContext.java:64) - Save object 'dao' to [app] 
[DEBUG] 2018-10-15 16:13:19,771 org.nutz.ioc.impl.NutIoc.get(NutIoc.java:151) - Get 'dataSource'<>
[DEBUG] 2018-10-15 16:13:19,771 org.nutz.ioc.impl.NutIoc.get(NutIoc.java:177) - 	 >> Load definition name=dataSource
[DEBUG] 2018-10-15 16:13:19,771 org.nutz.ioc.loader.map.MapLoader.load(MapLoader.java:67) - Loading define for name=dataSource
[DEBUG] 2018-10-15 16:13:19,771 org.nutz.ioc.loader.combo.ComboIocLoader.load(ComboIocLoader.java:161) - Found IocObject(dataSource) in JsonLoader(paths=[config/ioc/])
[DEBUG] 2018-10-15 16:13:19,771 org.nutz.ioc.impl.NutIoc.get(NutIoc.java:209) - 	 >> Make...'dataSource'<>
[DEBUG] 2018-10-15 16:13:19,771 cn.wizzer.app.web.commons.plugin.PluginAopConfigure.getInterceptorPairList(PluginAopConfigure.java:33) - skip -- com.alibaba.druid.pool.DruidDataSource
[DEBUG] 2018-10-15 16:13:19,772 org.nutz.ioc.aop.impl.DefaultMirrorFactory.getMirror(DefaultMirrorFactory.java:70) - Load class com.alibaba.druid.pool.DruidDataSource without AOP
[DEBUG] 2018-10-15 16:13:19,772 org.nutz.ioc.impl.ScopeContext.save(ScopeContext.java:64) - Save object 'dataSource' to [app] 
[DEBUG] 2018-10-15 16:13:19,772 org.nutz.ioc.impl.NutIoc.get(NutIoc.java:151) - Get 'conf'<>
[DEBUG] 2018-10-15 16:13:19,774 org.nutz.ioc.impl.ScopeContext.remove(ScopeContext.java:84) - Remove object 'dataSource' from [app] 
[DEBUG] 2018-10-15 16:13:19,774 org.nutz.ioc.impl.ScopeContext.remove(ScopeContext.java:84) - Remove object 'dao' from [app] 
[DEBUG] 2018-10-15 16:13:19,774 org.nutz.ioc.impl.ScopeContext.remove(ScopeContext.java:84) - Remove object 'simpleTest' from [app] 
]]></system-out>
  </testcase>
  <testcase name="testOrder12" classname="cn.wizzer.test.SimpleTest" time="0.001">
    <error message="IocBean[simpleTest] throw Exception when creating" type="org.nutz.ioc.IocException">org.nutz.ioc.IocException: IocBean[simpleTest] throw Exception when creating
Caused by: java.lang.RuntimeException: IocBean[simpleTest] fail at field=[dao]
Caused by: org.nutz.ioc.IocException: IocBean[dao -> dataSource] throw Exception when creating
Caused by: java.lang.IllegalArgumentException: Failed to decrypt.
Caused by: java.lang.IllegalArgumentException: String length must be a multiple of four.
</error>
    <system-out><![CDATA[[INFO ] 2018-10-15 16:13:19,774 org.nutz.ioc.impl.NutIoc.depose(NutIoc.java:255) - org.nutz.ioc.impl.NutIoc@2030411960 is closing. startup date [18-10-15 16:13:19.757]
[DEBUG] 2018-10-15 16:13:19,775 org.nutz.ioc.impl.ScopeContext.clear(ScopeContext.java:108) - Depose object 'conf' ...
[DEBUG] 2018-10-15 16:13:19,775 org.nutz.ioc.impl.ScopeContext.clear(ScopeContext.java:108) - Depose object '$aop_syslog' ...
[DEBUG] 2018-10-15 16:13:19,775 org.nutz.ioc.impl.ScopeContext.clear(ScopeContext.java:108) - Depose object '$aop_async' ...
[DEBUG] 2018-10-15 16:13:19,775 org.nutz.ioc.impl.ScopeContext.clear(ScopeContext.java:108) - Depose object 'dynamicInterceptor' ...
[DEBUG] 2018-10-15 16:13:19,775 org.nutz.ioc.impl.ScopeContext.clear(ScopeContext.java:108) - Depose object '$aop_1_plugin' ...
[INFO ] 2018-10-15 16:13:19,775 org.nutz.ioc.impl.NutIoc.depose(NutIoc.java:262) - org.nutz.ioc.impl.NutIoc@2030411960 is deposed. startup date [18-10-15 16:13:19.757]
[DEBUG] 2018-10-15 16:13:19,777 org.nutz.resource.Scans.scan(Scans.java:274) - Found 4 resource by src( config/ioc/ ) , regex( ^(.+[.])(js|json)$ )
[DEBUG] 2018-10-15 16:13:19,778 org.nutz.ioc.loader.json.JsonLoader.<init>(JsonLoader.java:49) - loading [dao.json]
[DEBUG] 2018-10-15 16:13:19,778 org.nutz.ioc.loader.json.JsonLoader.<init>(JsonLoader.java:49) - loading [ehcache.json]
[DEBUG] 2018-10-15 16:13:19,778 org.nutz.ioc.loader.json.JsonLoader.<init>(JsonLoader.java:49) - loading [mail.json]
[DEBUG] 2018-10-15 16:13:19,779 org.nutz.ioc.loader.json.JsonLoader.<init>(JsonLoader.java:49) - loading [upload.json]
[DEBUG] 2018-10-15 16:13:19,779 org.nutz.ioc.loader.json.JsonLoader.<init>(JsonLoader.java:57) - Loaded 15 bean define from path=[config/ioc/] --> [videoUpload, conf, uploadVideoContext, imageUpload, fileUpload, cacheManager, dao, cacheProvider, emailAuthenticator, uploadFileContext, htmlEmail, cacheExecutor, tmpFilePool, uploadImageContext, dataSource]
[DEBUG] 2018-10-15 16:13:19,985 org.nutz.resource.Scans.scan(Scans.java:274) - Found 452 resource by src( cn/wizzer/ ) , regex( ^.+[.]class$ )
[DEBUG] 2018-10-15 16:13:19,989 org.nutz.ioc.loader.annotation.AnnotationIocLoader.addClass(AnnotationIocLoader.java:76) - Found @IocBean : class cn.wizzer.framework.util.StringUtil
[DEBUG] 2018-10-15 16:13:19,989 org.nutz.ioc.loader.annotation.AnnotationIocLoader.addClass(AnnotationIocLoader.java:76) - Found @IocBean : class cn.wizzer.framework.util.CookieUtil
[DEBUG] 2018-10-15 16:13:19,989 org.nutz.ioc.loader.annotation.AnnotationIocLoader.addClass(AnnotationIocLoader.java:76) - Found @IocBean : class cn.wizzer.framework.ig.RedisIdGenerator
[DEBUG] 2018-10-15 16:13:19,990 org.nutz.ioc.loader.annotation.AnnotationIocLoader.addClass(AnnotationIocLoader.java:76) - Found @IocBean : class cn.wizzer.framework.util.DateUtil
[DEBUG] 2018-10-15 16:13:19,990 org.nutz.ioc.loader.annotation.AnnotationIocLoader.addClass(AnnotationIocLoader.java:76) - Found @IocBean : class cn.wizzer.framework.shiro.interceptor.NutShiroMethodInterceptor
[DEBUG] 2018-10-15 16:13:19,990 org.nutz.ioc.loader.annotation.AnnotationIocLoader.addClass(AnnotationIocLoader.java:76) - Found @IocBean : class cn.wizzer.framework.util.IdcardUtil
[DEBUG] 2018-10-15 16:13:19,990 org.nutz.ioc.loader.annotation.AnnotationIocLoader.addClass(AnnotationIocLoader.java:76) - Found @IocBean : class cn.wizzer.framework.rabbit.RabbitProducer
[DEBUG] 2018-10-15 16:13:19,990 org.nutz.ioc.loader.annotation.AnnotationIocLoader.addClass(AnnotationIocLoader.java:76) - Found @IocBean : class cn.wizzer.framework.util.RSAUtil
[DEBUG] 2018-10-15 16:13:19,991 org.nutz.ioc.loader.annotation.AnnotationIocLoader.addClass(AnnotationIocLoader.java:76) - Found @IocBean : class cn.wizzer.framework.util.ShiroUtil
[DEBUG] 2018-10-15 16:13:19,992 org.nutz.ioc.loader.annotation.AnnotationIocLoader.addClass(AnnotationIocLoader.java:76) - Found @IocBean : class cn.wizzer.framework.util.Code128Util
[DEBUG] 2018-10-15 16:13:19,993 org.nutz.ioc.loader.annotation.AnnotationIocLoader.addClass(AnnotationIocLoader.java:76) - Found @IocBean : class cn.wizzer.app.base.modules.services.impl.BaseAirmeterialServiceImpl
[DEBUG] 2018-10-15 16:13:19,993 org.nutz.ioc.loader.annotation.AnnotationIocLoader.addClass(AnnotationIocLoader.java:76) - Found @IocBean : class cn.wizzer.app.base.modules.services.impl.BaseAirportServiceImpl
[DEBUG] 2018-10-15 16:13:19,994 org.nutz.ioc.loader.annotation.AnnotationIocLoader.addClass(AnnotationIocLoader.java:76) - Found @IocBean : class cn.wizzer.app.base.modules.services.impl.BaseCnctobjServiceImpl
[DEBUG] 2018-10-15 16:13:19,994 org.nutz.ioc.loader.annotation.AnnotationIocLoader.addClass(AnnotationIocLoader.java:76) - Found @IocBean : class cn.wizzer.app.base.modules.services.impl.BaseCustomerServiceImpl
[DEBUG] 2018-10-15 16:13:19,994 org.nutz.ioc.loader.annotation.AnnotationIocLoader.addClass(AnnotationIocLoader.java:76) - Found @IocBean : class cn.wizzer.app.base.modules.services.impl.BaseDeptServiceImpl
[DEBUG] 2018-10-15 16:13:19,994 org.nutz.ioc.loader.annotation.AnnotationIocLoader.addClass(AnnotationIocLoader.java:76) - Found @IocBean : class cn.wizzer.app.base.modules.services.impl.BaseJobServiceImpl
[DEBUG] 2018-10-15 16:13:19,995 org.nutz.ioc.loader.annotation.AnnotationIocLoader.addClass(AnnotationIocLoader.java:76) - Found @IocBean : class cn.wizzer.app.base.modules.services.impl.BasePersonpoolServiceImpl
[DEBUG] 2018-10-15 16:13:19,995 org.nutz.ioc.loader.annotation.AnnotationIocLoader.addClass(AnnotationIocLoader.java:76) - Found @IocBean : class cn.wizzer.app.base.modules.services.impl.BasePersonServiceImpl
[DEBUG] 2018-10-15 16:13:19,995 org.nutz.ioc.loader.annotation.AnnotationIocLoader.addClass(AnnotationIocLoader.java:76) - Found @IocBean : class cn.wizzer.app.base.modules.services.impl.BasePlaceServiceImpl
[DEBUG] 2018-10-15 16:13:19,995 org.nutz.ioc.loader.annotation.AnnotationIocLoader.addClass(AnnotationIocLoader.java:76) - Found @IocBean : class cn.wizzer.app.base.modules.services.impl.BasePostServiceImpl
[DEBUG] 2018-10-15 16:13:19,995 org.nutz.ioc.loader.annotation.AnnotationIocLoader.addClass(AnnotationIocLoader.java:76) - Found @IocBean : class cn.wizzer.app.base.modules.services.impl.BaseRowofficeentryServiceImpl
[DEBUG] 2018-10-15 16:13:19,996 org.nutz.ioc.loader.annotation.AnnotationIocLoader.addClass(AnnotationIocLoader.java:76) - Found @IocBean : class cn.wizzer.app.base.modules.services.impl.BaseRowofficeServiceImpl
[DEBUG] 2018-10-15 16:13:19,996 org.nutz.ioc.loader.annotation.AnnotationIocLoader.addClass(AnnotationIocLoader.java:76) - Found @IocBean : class cn.wizzer.app.base.modules.services.impl.BaseVehicleServiceImpl
[DEBUG] 2018-10-15 16:13:19,997 org.nutz.ioc.loader.annotation.AnnotationIocLoader.addClass(AnnotationIocLoader.java:76) - Found @IocBean : class cn.wizzer.app.base.modules.services.impl.BaseWarehouseServiceImpl
[DEBUG] 2018-10-15 16:13:19,997 org.nutz.ioc.loader.annotation.AnnotationIocLoader.addClass(AnnotationIocLoader.java:76) - Found @IocBean : class cn.wizzer.app.cms.modules.services.impl.CmsArticleServiceImpl
[DEBUG] 2018-10-15 16:13:19,997 org.nutz.ioc.loader.annotation.AnnotationIocLoader.addClass(AnnotationIocLoader.java:76) - Found @IocBean : class cn.wizzer.app.cms.modules.services.impl.CmsChannelServiceImpl
[DEBUG] 2018-10-15 16:13:19,997 org.nutz.ioc.loader.annotation.AnnotationIocLoader.addClass(AnnotationIocLoader.java:76) - Found @IocBean : class cn.wizzer.app.cms.modules.services.impl.CmsLinkClassServiceImpl
[DEBUG] 2018-10-15 16:13:19,997 org.nutz.ioc.loader.annotation.AnnotationIocLoader.addClass(AnnotationIocLoader.java:76) - Found @IocBean : class cn.wizzer.app.cms.modules.services.impl.CmsLinkServiceImpl
[DEBUG] 2018-10-15 16:13:19,998 org.nutz.ioc.loader.annotation.AnnotationIocLoader.addClass(AnnotationIocLoader.java:76) - Found @IocBean : class cn.wizzer.app.cms.modules.services.impl.CmsSiteServiceImpl
[DEBUG] 2018-10-15 16:13:19,998 org.nutz.ioc.loader.annotation.AnnotationIocLoader.addClass(AnnotationIocLoader.java:76) - Found @IocBean : class cn.wizzer.app.ins.modules.services.impl.InsBaseinsServiceImpl
[DEBUG] 2018-10-15 16:13:19,998 org.nutz.ioc.loader.annotation.AnnotationIocLoader.addClass(AnnotationIocLoader.java:76) - Found @IocBean : class cn.wizzer.app.ins.modules.services.impl.InsBaseinsSpaceServiceImpl
[DEBUG] 2018-10-15 16:13:19,998 org.nutz.ioc.loader.annotation.AnnotationIocLoader.addClass(AnnotationIocLoader.java:76) - Found @IocBean : class cn.wizzer.app.ins.modules.services.impl.InsCabinetServiceImpl
[DEBUG] 2018-10-15 16:13:19,999 org.nutz.ioc.loader.annotation.AnnotationIocLoader.addClass(AnnotationIocLoader.java:76) - Found @IocBean : class cn.wizzer.app.ins.modules.services.impl.InsCommonServiceImpl
[DEBUG] 2018-10-15 16:13:19,999 org.nutz.ioc.loader.annotation.AnnotationIocLoader.addClass(AnnotationIocLoader.java:76) - Found @IocBean : class cn.wizzer.app.ins.modules.services.impl.InsInstrumentServiceImpl
[DEBUG] 2018-10-15 16:13:19,999 org.nutz.ioc.loader.annotation.AnnotationIocLoader.addClass(AnnotationIocLoader.java:76) - Found @IocBean : class cn.wizzer.app.ins.modules.services.impl.InsLockServiceImpl
[DEBUG] 2018-10-15 16:13:19,999 org.nutz.ioc.loader.annotation.AnnotationIocLoader.addClass(AnnotationIocLoader.java:76) - Found @IocBean : class cn.wizzer.app.ins.modules.services.impl.InsOrderentryServiceImpl
[DEBUG] 2018-10-15 16:13:20,000 org.nutz.ioc.loader.annotation.AnnotationIocLoader.addClass(AnnotationIocLoader.java:76) - Found @IocBean : class cn.wizzer.app.ins.modules.services.impl.InsOrderServiceImpl
[DEBUG] 2018-10-15 16:13:20,000 org.nutz.ioc.loader.annotation.AnnotationIocLoader.addClass(AnnotationIocLoader.java:76) - Found @IocBean : class cn.wizzer.app.ins.modules.services.impl.InsRepairServiceImpl
[DEBUG] 2018-10-15 16:13:20,000 org.nutz.ioc.loader.annotation.AnnotationIocLoader.addClass(AnnotationIocLoader.java:76) - Found @IocBean : class cn.wizzer.app.ins.modules.services.impl.InsRepairtrackServiceImpl
[DEBUG] 2018-10-15 16:13:20,000 org.nutz.ioc.loader.annotation.AnnotationIocLoader.addClass(AnnotationIocLoader.java:76) - Found @IocBean : class cn.wizzer.app.ins.modules.services.impl.InsRfheadServiceImpl
[DEBUG] 2018-10-15 16:13:20,000 org.nutz.ioc.loader.annotation.AnnotationIocLoader.addClass(AnnotationIocLoader.java:76) - Found @IocBean : class cn.wizzer.app.ins.modules.services.impl.InsRfidServiceImpl
[DEBUG] 2018-10-15 16:13:20,000 org.nutz.ioc.loader.annotation.AnnotationIocLoader.addClass(AnnotationIocLoader.java:76) - Found @IocBean : class cn.wizzer.app.ins.modules.services.impl.InsSpaceServiceImpl
[DEBUG] 2018-10-15 16:13:20,001 org.nutz.ioc.loader.annotation.AnnotationIocLoader.addClass(AnnotationIocLoader.java:76) - Found @IocBean : class cn.wizzer.app.ins.modules.services.impl.InsToolcabinetServiceImpl
[DEBUG] 2018-10-15 16:13:20,001 org.nutz.ioc.loader.annotation.AnnotationIocLoader.addClass(AnnotationIocLoader.java:76) - Found @IocBean : class cn.wizzer.app.ins.modules.services.impl.InsTransmitServiceImpl
[DEBUG] 2018-10-15 16:13:20,001 org.nutz.ioc.loader.annotation.AnnotationIocLoader.addClass(AnnotationIocLoader.java:76) - Found @IocBean : class cn.wizzer.app.logistics.modules.services.impl.LogisticsDeliveryorderentryServiceImpl
[DEBUG] 2018-10-15 16:13:20,001 org.nutz.ioc.loader.annotation.AnnotationIocLoader.addClass(AnnotationIocLoader.java:76) - Found @IocBean : class cn.wizzer.app.logistics.modules.services.impl.LogisticsDeliveryorderServiceImpl
[DEBUG] 2018-10-15 16:13:20,001 org.nutz.ioc.loader.annotation.AnnotationIocLoader.addClass(AnnotationIocLoader.java:76) - Found @IocBean : class cn.wizzer.app.logistics.modules.services.impl.LogisticsEntourageServiceImpl
[DEBUG] 2018-10-15 16:13:20,001 org.nutz.ioc.loader.annotation.AnnotationIocLoader.addClass(AnnotationIocLoader.java:76) - Found @IocBean : class cn.wizzer.app.logistics.modules.services.impl.LogisticsOrderdeliveryServiceImpl
[DEBUG] 2018-10-15 16:13:20,002 org.nutz.ioc.loader.annotation.AnnotationIocLoader.addClass(AnnotationIocLoader.java:76) - Found @IocBean : class cn.wizzer.app.logistics.modules.services.impl.LogisticsOrderentryServiceImpl
[DEBUG] 2018-10-15 16:13:20,002 org.nutz.ioc.loader.annotation.AnnotationIocLoader.addClass(AnnotationIocLoader.java:76) - Found @IocBean : class cn.wizzer.app.logistics.modules.services.impl.LogisticsOrderplanentryServiceImpl
[DEBUG] 2018-10-15 16:13:20,002 org.nutz.ioc.loader.annotation.AnnotationIocLoader.addClass(AnnotationIocLoader.java:76) - Found @IocBean : class cn.wizzer.app.logistics.modules.services.impl.LogisticsOrderplanServiceImpl
[DEBUG] 2018-10-15 16:13:20,002 org.nutz.ioc.loader.annotation.AnnotationIocLoader.addClass(AnnotationIocLoader.java:76) - Found @IocBean : class cn.wizzer.app.logistics.modules.services.impl.LogisticsOrderrejectServiceImpl
[DEBUG] 2018-10-15 16:13:20,002 org.nutz.ioc.loader.annotation.AnnotationIocLoader.addClass(AnnotationIocLoader.java:76) - Found @IocBean : class cn.wizzer.app.logistics.modules.services.impl.LogisticsOrderServiceImpl
[DEBUG] 2018-10-15 16:13:20,003 org.nutz.ioc.loader.annotation.AnnotationIocLoader.addClass(AnnotationIocLoader.java:76) - Found @IocBean : class cn.wizzer.app.logistics.modules.services.impl.LogisticsOrderstepServiceImpl
[DEBUG] 2018-10-15 16:13:20,003 org.nutz.ioc.loader.annotation.AnnotationIocLoader.addClass(AnnotationIocLoader.java:76) - Found @IocBean : class cn.wizzer.app.logistics.modules.services.impl.LogisticsSendapprovalServiceImpl
[DEBUG] 2018-10-15 16:13:20,003 org.nutz.ioc.loader.annotation.AnnotationIocLoader.addClass(AnnotationIocLoader.java:76) - Found @IocBean : class cn.wizzer.app.logistics.modules.services.impl.LogisticsSendgoodsServiceImpl
[DEBUG] 2018-10-15 16:13:20,003 org.nutz.ioc.loader.annotation.AnnotationIocLoader.addClass(AnnotationIocLoader.java:76) - Found @IocBean : class cn.wizzer.app.logistics.modules.services.impl.LogisticsSendplanServiceImpl
[DEBUG] 2018-10-15 16:13:20,003 org.nutz.ioc.loader.annotation.AnnotationIocLoader.addClass(AnnotationIocLoader.java:76) - Found @IocBean : class cn.wizzer.app.logistics.modules.services.impl.LogisticsSendtraceServiceImpl
[DEBUG] 2018-10-15 16:13:20,004 org.nutz.ioc.loader.annotation.AnnotationIocLoader.addClass(AnnotationIocLoader.java:76) - Found @IocBean : class cn.wizzer.app.logistics.modules.services.impl.LogisticsUnplanServiceImpl
[DEBUG] 2018-10-15 16:13:20,004 org.nutz.ioc.loader.annotation.AnnotationIocLoader.addClass(AnnotationIocLoader.java:76) - Found @IocBean : class cn.wizzer.app.sys.modules.services.impl.SysApiServiceImpl
[DEBUG] 2018-10-15 16:13:20,004 org.nutz.ioc.loader.annotation.AnnotationIocLoader.addClass(AnnotationIocLoader.java:76) - Found @IocBean : class cn.wizzer.app.sys.modules.services.impl.SysBarcodeServiceImpl
[DEBUG] 2018-10-15 16:13:20,004 org.nutz.ioc.loader.annotation.AnnotationIocLoader.addClass(AnnotationIocLoader.java:76) - Found @IocBean : class cn.wizzer.app.sys.modules.services.impl.SysConfigServiceImpl
[DEBUG] 2018-10-15 16:13:20,004 org.nutz.ioc.loader.annotation.AnnotationIocLoader.addClass(AnnotationIocLoader.java:76) - Found @IocBean : class cn.wizzer.app.sys.modules.services.impl.SysDictServiceImpl
[DEBUG] 2018-10-15 16:13:20,004 org.nutz.ioc.loader.annotation.AnnotationIocLoader.addClass(AnnotationIocLoader.java:76) - Found @IocBean : class cn.wizzer.app.sys.modules.services.impl.SysLogServiceImpl
[DEBUG] 2018-10-15 16:13:20,005 org.nutz.ioc.loader.annotation.AnnotationIocLoader.addClass(AnnotationIocLoader.java:76) - Found @IocBean : class cn.wizzer.app.sys.modules.services.impl.SysMenuServiceImpl
[DEBUG] 2018-10-15 16:13:20,005 org.nutz.ioc.loader.annotation.AnnotationIocLoader.addClass(AnnotationIocLoader.java:76) - Found @IocBean : class cn.wizzer.app.sys.modules.services.impl.SysMobileServiceImpl
[DEBUG] 2018-10-15 16:13:20,005 org.nutz.ioc.loader.annotation.AnnotationIocLoader.addClass(AnnotationIocLoader.java:76) - Found @IocBean : class cn.wizzer.app.sys.modules.services.impl.SysPluginServiceImpl
[DEBUG] 2018-10-15 16:13:20,005 org.nutz.ioc.loader.annotation.AnnotationIocLoader.addClass(AnnotationIocLoader.java:76) - Found @IocBean : class cn.wizzer.app.sys.modules.services.impl.SysRegistauditServiceImpl
[DEBUG] 2018-10-15 16:13:20,005 org.nutz.ioc.loader.annotation.AnnotationIocLoader.addClass(AnnotationIocLoader.java:76) - Found @IocBean : class cn.wizzer.app.sys.modules.services.impl.SysRoleServiceImpl
[DEBUG] 2018-10-15 16:13:20,005 org.nutz.ioc.loader.annotation.AnnotationIocLoader.addClass(AnnotationIocLoader.java:76) - Found @IocBean : class cn.wizzer.app.sys.modules.services.impl.SysRouteServiceImpl
[DEBUG] 2018-10-15 16:13:20,005 org.nutz.ioc.loader.annotation.AnnotationIocLoader.addClass(AnnotationIocLoader.java:76) - Found @IocBean : class cn.wizzer.app.sys.modules.services.impl.SysTaskServiceImpl
[DEBUG] 2018-10-15 16:13:20,006 org.nutz.ioc.loader.annotation.AnnotationIocLoader.addClass(AnnotationIocLoader.java:76) - Found @IocBean : class cn.wizzer.app.sys.modules.services.impl.SysTempuserServiceImpl
[DEBUG] 2018-10-15 16:13:20,006 org.nutz.ioc.loader.annotation.AnnotationIocLoader.addClass(AnnotationIocLoader.java:76) - Found @IocBean : class cn.wizzer.app.sys.modules.services.impl.SysUnitServiceImpl
[DEBUG] 2018-10-15 16:13:20,006 org.nutz.ioc.loader.annotation.AnnotationIocLoader.addClass(AnnotationIocLoader.java:76) - Found @IocBean : class cn.wizzer.app.sys.modules.services.impl.SysUserServiceImpl
[DEBUG] 2018-10-15 16:13:20,006 org.nutz.ioc.loader.annotation.AnnotationIocLoader.addClass(AnnotationIocLoader.java:76) - Found @IocBean : class cn.wizzer.app.sys.modules.services.impl.SysVersionServiceImpl
[DEBUG] 2018-10-15 16:13:20,006 org.nutz.ioc.loader.annotation.AnnotationIocLoader.addClass(AnnotationIocLoader.java:76) - Found @IocBean : class cn.wizzer.app.sys.modules.services.impl.SysWxDeptServiceImpl
[DEBUG] 2018-10-15 16:13:20,006 org.nutz.ioc.loader.annotation.AnnotationIocLoader.addClass(AnnotationIocLoader.java:76) - Found @IocBean : class cn.wizzer.app.sys.modules.services.impl.SysWxServiceImpl
[DEBUG] 2018-10-15 16:13:20,007 org.nutz.ioc.loader.annotation.AnnotationIocLoader.addClass(AnnotationIocLoader.java:76) - Found @IocBean : class cn.wizzer.app.sys.modules.services.impl.SysWxUserServiceImpl
[DEBUG] 2018-10-15 16:13:20,007 org.nutz.ioc.loader.annotation.AnnotationIocLoader.addClass(AnnotationIocLoader.java:76) - Found @IocBean : class cn.wizzer.app.web.commons.plugin.DynamicInterceptor
[DEBUG] 2018-10-15 16:13:20,007 org.nutz.ioc.loader.annotation.AnnotationIocLoader.addClass(AnnotationIocLoader.java:76) - Found @IocBean : class cn.wizzer.app.web.commons.plugin.PluginAopConfigure
[DEBUG] 2018-10-15 16:13:20,007 org.nutz.ioc.loader.annotation.AnnotationIocLoader.addClass(AnnotationIocLoader.java:76) - Found @IocBean : class cn.wizzer.app.web.commons.plugin.PluginMaster
[DEBUG] 2018-10-15 16:13:20,007 org.nutz.ioc.loader.annotation.AnnotationIocLoader.addClass(AnnotationIocLoader.java:76) - Found @IocBean : class cn.wizzer.app.web.commons.quartz.job.orderExecute
[DEBUG] 2018-10-15 16:13:20,007 org.nutz.ioc.loader.annotation.AnnotationIocLoader.addClass(AnnotationIocLoader.java:76) - Found @IocBean : class cn.wizzer.app.web.commons.quartz.job.TestJob
[DEBUG] 2018-10-15 16:13:20,008 org.nutz.ioc.loader.annotation.AnnotationIocLoader.addClass(AnnotationIocLoader.java:76) - Found @IocBean : class cn.wizzer.app.web.commons.services.email.EmailService
[DEBUG] 2018-10-15 16:13:20,008 org.nutz.ioc.loader.annotation.AnnotationIocLoader.addClass(AnnotationIocLoader.java:76) - Found @IocBean : class cn.wizzer.app.web.commons.services.qrcode.QrcodeService
[DEBUG] 2018-10-15 16:13:20,008 org.nutz.ioc.loader.annotation.AnnotationIocLoader.addClass(AnnotationIocLoader.java:76) - Found @IocBean : class cn.wizzer.app.web.commons.services.wx.TplService
[DEBUG] 2018-10-15 16:13:20,008 org.nutz.ioc.loader.annotation.AnnotationIocLoader.addClass(AnnotationIocLoader.java:76) - Found @IocBean : class cn.wizzer.app.web.commons.services.wx.WxHandler
[DEBUG] 2018-10-15 16:13:20,008 org.nutz.ioc.loader.annotation.AnnotationIocLoader.addClass(AnnotationIocLoader.java:76) - Found @IocBean : class cn.wizzer.app.web.commons.shiro.realm.PlatformAuthorizingRealm
[DEBUG] 2018-10-15 16:13:20,009 org.nutz.ioc.loader.annotation.AnnotationIocLoader.addClass(AnnotationIocLoader.java:76) - Found @IocBean : class cn.wizzer.app.web.commons.slog.SLogAopConfigration
[DEBUG] 2018-10-15 16:13:20,009 org.nutz.ioc.loader.annotation.AnnotationIocLoader.addClass(AnnotationIocLoader.java:76) - Found @IocBean : class cn.wizzer.app.web.commons.slog.SLogService
[DEBUG] 2018-10-15 16:13:20,009 org.nutz.ioc.loader.annotation.AnnotationIocLoader.addClass(AnnotationIocLoader.java:76) - Found @IocBean : class cn.wizzer.app.web.modules.controllers.front.wx.CmsController
[DEBUG] 2018-10-15 16:13:20,009 org.nutz.ioc.loader.annotation.AnnotationIocLoader.addClass(AnnotationIocLoader.java:76) - Found @IocBean : class cn.wizzer.app.web.modules.controllers.front.wx.WechatController
[DEBUG] 2018-10-15 16:13:20,009 org.nutz.ioc.loader.annotation.AnnotationIocLoader.addClass(AnnotationIocLoader.java:76) - Found @IocBean : class cn.wizzer.app.web.modules.controllers.open.api.mobile.MobileBaseController
[DEBUG] 2018-10-15 16:13:20,010 org.nutz.ioc.loader.annotation.AnnotationIocLoader.addClass(AnnotationIocLoader.java:76) - Found @IocBean : class cn.wizzer.app.web.modules.controllers.open.api.mobile.MobileInsController
[DEBUG] 2018-10-15 16:13:20,010 org.nutz.ioc.loader.annotation.AnnotationIocLoader.addClass(AnnotationIocLoader.java:76) - Found @IocBean : class cn.wizzer.app.web.modules.controllers.open.api.mobile.MobileOrderController
[DEBUG] 2018-10-15 16:13:20,010 org.nutz.ioc.loader.annotation.AnnotationIocLoader.addClass(AnnotationIocLoader.java:76) - Found @IocBean : class cn.wizzer.app.web.modules.controllers.open.api.mobile.MobileSysController
[DEBUG] 2018-10-15 16:13:20,010 org.nutz.ioc.loader.annotation.AnnotationIocLoader.addClass(AnnotationIocLoader.java:76) - Found @IocBean : class cn.wizzer.app.web.modules.controllers.open.api.pad.PadInsController
[DEBUG] 2018-10-15 16:13:20,010 org.nutz.ioc.loader.annotation.AnnotationIocLoader.addClass(AnnotationIocLoader.java:76) - Found @IocBean : class cn.wizzer.app.web.modules.controllers.open.api.pad.PadOrderController
[DEBUG] 2018-10-15 16:13:20,010 org.nutz.ioc.loader.annotation.AnnotationIocLoader.addClass(AnnotationIocLoader.java:76) - Found @IocBean : class cn.wizzer.app.web.modules.controllers.open.api.pad.PadSysController
[DEBUG] 2018-10-15 16:13:20,010 org.nutz.ioc.loader.annotation.AnnotationIocLoader.addClass(AnnotationIocLoader.java:76) - Found @IocBean : class cn.wizzer.app.web.modules.controllers.open.api.test.ApiTestController
[DEBUG] 2018-10-15 16:13:20,011 org.nutz.ioc.loader.annotation.AnnotationIocLoader.addClass(AnnotationIocLoader.java:76) - Found @IocBean : class cn.wizzer.app.web.modules.controllers.open.api.token.TokenController
[DEBUG] 2018-10-15 16:13:20,011 org.nutz.ioc.loader.annotation.AnnotationIocLoader.addClass(AnnotationIocLoader.java:76) - Found @IocBean : class cn.wizzer.app.web.modules.controllers.open.api.userpermission.UserpermissionController
[DEBUG] 2018-10-15 16:13:20,011 org.nutz.ioc.loader.annotation.AnnotationIocLoader.addClass(AnnotationIocLoader.java:76) - Found @IocBean : class cn.wizzer.app.web.modules.controllers.open.file.UploadController
[DEBUG] 2018-10-15 16:13:20,011 org.nutz.ioc.loader.annotation.AnnotationIocLoader.addClass(AnnotationIocLoader.java:76) - Found @IocBean : class cn.wizzer.app.web.modules.controllers.open.pay.WxPayBackController
[DEBUG] 2018-10-15 16:13:20,011 org.nutz.ioc.loader.annotation.AnnotationIocLoader.addClass(AnnotationIocLoader.java:76) - Found @IocBean : class cn.wizzer.app.web.modules.controllers.open.ueditor.BdController
[DEBUG] 2018-10-15 16:13:20,011 org.nutz.ioc.loader.annotation.AnnotationIocLoader.addClass(AnnotationIocLoader.java:76) - Found @IocBean : class cn.wizzer.app.web.modules.controllers.open.ueditor.WxController
[DEBUG] 2018-10-15 16:13:20,011 org.nutz.ioc.loader.annotation.AnnotationIocLoader.addClass(AnnotationIocLoader.java:76) - Found @IocBean : class cn.wizzer.app.web.modules.controllers.open.wx.WeixinController
[DEBUG] 2018-10-15 16:13:20,011 org.nutz.ioc.loader.annotation.AnnotationIocLoader.addClass(AnnotationIocLoader.java:76) - Found @IocBean : class cn.wizzer.app.web.modules.controllers.platform.base.BaseAirmeterialController
[DEBUG] 2018-10-15 16:13:20,012 org.nutz.ioc.loader.annotation.AnnotationIocLoader.addClass(AnnotationIocLoader.java:76) - Found @IocBean : class cn.wizzer.app.web.modules.controllers.platform.base.BaseAirportController
[DEBUG] 2018-10-15 16:13:20,012 org.nutz.ioc.loader.annotation.AnnotationIocLoader.addClass(AnnotationIocLoader.java:76) - Found @IocBean : class cn.wizzer.app.web.modules.controllers.platform.base.BaseCnctobjController
[DEBUG] 2018-10-15 16:13:20,012 org.nutz.ioc.loader.annotation.AnnotationIocLoader.addClass(AnnotationIocLoader.java:76) - Found @IocBean : class cn.wizzer.app.web.modules.controllers.platform.base.BaseCustomerController
[DEBUG] 2018-10-15 16:13:20,012 org.nutz.ioc.loader.annotation.AnnotationIocLoader.addClass(AnnotationIocLoader.java:76) - Found @IocBean : class cn.wizzer.app.web.modules.controllers.platform.base.BaseDeptController
[DEBUG] 2018-10-15 16:13:20,012 org.nutz.ioc.loader.annotation.AnnotationIocLoader.addClass(AnnotationIocLoader.java:76) - Found @IocBean : class cn.wizzer.app.web.modules.controllers.platform.base.BaseJobController
[DEBUG] 2018-10-15 16:13:20,012 org.nutz.ioc.loader.annotation.AnnotationIocLoader.addClass(AnnotationIocLoader.java:76) - Found @IocBean : class cn.wizzer.app.web.modules.controllers.platform.base.BasePersonController
[DEBUG] 2018-10-15 16:13:20,012 org.nutz.ioc.loader.annotation.AnnotationIocLoader.addClass(AnnotationIocLoader.java:76) - Found @IocBean : class cn.wizzer.app.web.modules.controllers.platform.base.BasePersonpoolController
[DEBUG] 2018-10-15 16:13:20,013 org.nutz.ioc.loader.annotation.AnnotationIocLoader.addClass(AnnotationIocLoader.java:76) - Found @IocBean : class cn.wizzer.app.web.modules.controllers.platform.base.BasePlaceController
[DEBUG] 2018-10-15 16:13:20,013 org.nutz.ioc.loader.annotation.AnnotationIocLoader.addClass(AnnotationIocLoader.java:76) - Found @IocBean : class cn.wizzer.app.web.modules.controllers.platform.base.BasePostController
[DEBUG] 2018-10-15 16:13:20,013 org.nutz.ioc.loader.annotation.AnnotationIocLoader.addClass(AnnotationIocLoader.java:76) - Found @IocBean : class cn.wizzer.app.web.modules.controllers.platform.base.BaseRowofficeController
[DEBUG] 2018-10-15 16:13:20,013 org.nutz.ioc.loader.annotation.AnnotationIocLoader.addClass(AnnotationIocLoader.java:76) - Found @IocBean : class cn.wizzer.app.web.modules.controllers.platform.base.BaseRowofficeentryController
[DEBUG] 2018-10-15 16:13:20,013 org.nutz.ioc.loader.annotation.AnnotationIocLoader.addClass(AnnotationIocLoader.java:76) - Found @IocBean : class cn.wizzer.app.web.modules.controllers.platform.base.BaseVehicleController
[DEBUG] 2018-10-15 16:13:20,013 org.nutz.ioc.loader.annotation.AnnotationIocLoader.addClass(AnnotationIocLoader.java:76) - Found @IocBean : class cn.wizzer.app.web.modules.controllers.platform.base.BaseWarehouseController
[DEBUG] 2018-10-15 16:13:20,013 org.nutz.ioc.loader.annotation.AnnotationIocLoader.addClass(AnnotationIocLoader.java:76) - Found @IocBean : class cn.wizzer.app.web.modules.controllers.platform.cms.CmsArticleController
[DEBUG] 2018-10-15 16:13:20,014 org.nutz.ioc.loader.annotation.AnnotationIocLoader.addClass(AnnotationIocLoader.java:76) - Found @IocBean : class cn.wizzer.app.web.modules.controllers.platform.cms.CmsChannelController
[DEBUG] 2018-10-15 16:13:20,014 org.nutz.ioc.loader.annotation.AnnotationIocLoader.addClass(AnnotationIocLoader.java:76) - Found @IocBean : class cn.wizzer.app.web.modules.controllers.platform.cms.CmsLinkClassController
[DEBUG] 2018-10-15 16:13:20,014 org.nutz.ioc.loader.annotation.AnnotationIocLoader.addClass(AnnotationIocLoader.java:76) - Found @IocBean : class cn.wizzer.app.web.modules.controllers.platform.cms.CmsLinkController
[DEBUG] 2018-10-15 16:13:20,014 org.nutz.ioc.loader.annotation.AnnotationIocLoader.addClass(AnnotationIocLoader.java:76) - Found @IocBean : class cn.wizzer.app.web.modules.controllers.platform.cms.CmsSiteController
[DEBUG] 2018-10-15 16:13:20,014 org.nutz.ioc.loader.annotation.AnnotationIocLoader.addClass(AnnotationIocLoader.java:76) - Found @IocBean : class cn.wizzer.app.web.modules.controllers.platform.ins.InsBaseinsController
[DEBUG] 2018-10-15 16:13:20,014 org.nutz.ioc.loader.annotation.AnnotationIocLoader.addClass(AnnotationIocLoader.java:76) - Found @IocBean : class cn.wizzer.app.web.modules.controllers.platform.ins.InsBaseinsSpaceController
[DEBUG] 2018-10-15 16:13:20,014 org.nutz.ioc.loader.annotation.AnnotationIocLoader.addClass(AnnotationIocLoader.java:76) - Found @IocBean : class cn.wizzer.app.web.modules.controllers.platform.ins.InsCabinetController
[DEBUG] 2018-10-15 16:13:20,015 org.nutz.ioc.loader.annotation.AnnotationIocLoader.addClass(AnnotationIocLoader.java:76) - Found @IocBean : class cn.wizzer.app.web.modules.controllers.platform.ins.InsCommonController
[DEBUG] 2018-10-15 16:13:20,015 org.nutz.ioc.loader.annotation.AnnotationIocLoader.addClass(AnnotationIocLoader.java:76) - Found @IocBean : class cn.wizzer.app.web.modules.controllers.platform.ins.InsInstrumentController
[DEBUG] 2018-10-15 16:13:20,015 org.nutz.ioc.loader.annotation.AnnotationIocLoader.addClass(AnnotationIocLoader.java:76) - Found @IocBean : class cn.wizzer.app.web.modules.controllers.platform.ins.InsLockController
[DEBUG] 2018-10-15 16:13:20,015 org.nutz.ioc.loader.annotation.AnnotationIocLoader.addClass(AnnotationIocLoader.java:76) - Found @IocBean : class cn.wizzer.app.web.modules.controllers.platform.ins.InsOrderController
[DEBUG] 2018-10-15 16:13:20,015 org.nutz.ioc.loader.annotation.AnnotationIocLoader.addClass(AnnotationIocLoader.java:76) - Found @IocBean : class cn.wizzer.app.web.modules.controllers.platform.ins.InsOrderentryController
[DEBUG] 2018-10-15 16:13:20,015 org.nutz.ioc.loader.annotation.AnnotationIocLoader.addClass(AnnotationIocLoader.java:76) - Found @IocBean : class cn.wizzer.app.web.modules.controllers.platform.ins.InsRepairController
[DEBUG] 2018-10-15 16:13:20,015 org.nutz.ioc.loader.annotation.AnnotationIocLoader.addClass(AnnotationIocLoader.java:76) - Found @IocBean : class cn.wizzer.app.web.modules.controllers.platform.ins.InsRepairtrackController
[DEBUG] 2018-10-15 16:13:20,016 org.nutz.ioc.loader.annotation.AnnotationIocLoader.addClass(AnnotationIocLoader.java:76) - Found @IocBean : class cn.wizzer.app.web.modules.controllers.platform.ins.InsRfheadController
[DEBUG] 2018-10-15 16:13:20,016 org.nutz.ioc.loader.annotation.AnnotationIocLoader.addClass(AnnotationIocLoader.java:76) - Found @IocBean : class cn.wizzer.app.web.modules.controllers.platform.ins.InsRfidController
[DEBUG] 2018-10-15 16:13:20,016 org.nutz.ioc.loader.annotation.AnnotationIocLoader.addClass(AnnotationIocLoader.java:76) - Found @IocBean : class cn.wizzer.app.web.modules.controllers.platform.ins.InsSpaceController
[DEBUG] 2018-10-15 16:13:20,016 org.nutz.ioc.loader.annotation.AnnotationIocLoader.addClass(AnnotationIocLoader.java:76) - Found @IocBean : class cn.wizzer.app.web.modules.controllers.platform.ins.InsToolcabinetController
[DEBUG] 2018-10-15 16:13:20,016 org.nutz.ioc.loader.annotation.AnnotationIocLoader.addClass(AnnotationIocLoader.java:76) - Found @IocBean : class cn.wizzer.app.web.modules.controllers.platform.ins.InsTransmitController
[DEBUG] 2018-10-15 16:13:20,016 org.nutz.ioc.loader.annotation.AnnotationIocLoader.addClass(AnnotationIocLoader.java:76) - Found @IocBean : class cn.wizzer.app.web.modules.controllers.platform.logistics.LogisticsDeliveryorderController
[DEBUG] 2018-10-15 16:13:20,017 org.nutz.ioc.loader.annotation.AnnotationIocLoader.addClass(AnnotationIocLoader.java:76) - Found @IocBean : class cn.wizzer.app.web.modules.controllers.platform.logistics.LogisticsDeliveryorderentryController
[DEBUG] 2018-10-15 16:13:20,017 org.nutz.ioc.loader.annotation.AnnotationIocLoader.addClass(AnnotationIocLoader.java:76) - Found @IocBean : class cn.wizzer.app.web.modules.controllers.platform.logistics.LogisticsEntourageController
[DEBUG] 2018-10-15 16:13:20,017 org.nutz.ioc.loader.annotation.AnnotationIocLoader.addClass(AnnotationIocLoader.java:76) - Found @IocBean : class cn.wizzer.app.web.modules.controllers.platform.logistics.LogisticsOrderController
[DEBUG] 2018-10-15 16:13:20,017 org.nutz.ioc.loader.annotation.AnnotationIocLoader.addClass(AnnotationIocLoader.java:76) - Found @IocBean : class cn.wizzer.app.web.modules.controllers.platform.logistics.LogisticsOrderdeliveryController
[DEBUG] 2018-10-15 16:13:20,017 org.nutz.ioc.loader.annotation.AnnotationIocLoader.addClass(AnnotationIocLoader.java:76) - Found @IocBean : class cn.wizzer.app.web.modules.controllers.platform.logistics.LogisticsOrderentryController
[DEBUG] 2018-10-15 16:13:20,017 org.nutz.ioc.loader.annotation.AnnotationIocLoader.addClass(AnnotationIocLoader.java:76) - Found @IocBean : class cn.wizzer.app.web.modules.controllers.platform.logistics.LogisticsOrderplanController
[DEBUG] 2018-10-15 16:13:20,017 org.nutz.ioc.loader.annotation.AnnotationIocLoader.addClass(AnnotationIocLoader.java:76) - Found @IocBean : class cn.wizzer.app.web.modules.controllers.platform.logistics.LogisticsOrderplanentryController
[DEBUG] 2018-10-15 16:13:20,018 org.nutz.ioc.loader.annotation.AnnotationIocLoader.addClass(AnnotationIocLoader.java:76) - Found @IocBean : class cn.wizzer.app.web.modules.controllers.platform.logistics.LogisticsOrderrejectController
[DEBUG] 2018-10-15 16:13:20,018 org.nutz.ioc.loader.annotation.AnnotationIocLoader.addClass(AnnotationIocLoader.java:76) - Found @IocBean : class cn.wizzer.app.web.modules.controllers.platform.logistics.LogisticsOrderstepController
[DEBUG] 2018-10-15 16:13:20,018 org.nutz.ioc.loader.annotation.AnnotationIocLoader.addClass(AnnotationIocLoader.java:76) - Found @IocBean : class cn.wizzer.app.web.modules.controllers.platform.logistics.LogisticsSendapprovalController
[DEBUG] 2018-10-15 16:13:20,018 org.nutz.ioc.loader.annotation.AnnotationIocLoader.addClass(AnnotationIocLoader.java:76) - Found @IocBean : class cn.wizzer.app.web.modules.controllers.platform.logistics.LogisticsSendgoodsController
[DEBUG] 2018-10-15 16:13:20,018 org.nutz.ioc.loader.annotation.AnnotationIocLoader.addClass(AnnotationIocLoader.java:76) - Found @IocBean : class cn.wizzer.app.web.modules.controllers.platform.logistics.LogisticsSendplanController
[DEBUG] 2018-10-15 16:13:20,018 org.nutz.ioc.loader.annotation.AnnotationIocLoader.addClass(AnnotationIocLoader.java:76) - Found @IocBean : class cn.wizzer.app.web.modules.controllers.platform.logistics.LogisticsSendtraceController
[DEBUG] 2018-10-15 16:13:20,018 org.nutz.ioc.loader.annotation.AnnotationIocLoader.addClass(AnnotationIocLoader.java:76) - Found @IocBean : class cn.wizzer.app.web.modules.controllers.platform.logistics.LogisticsUnplanController
[DEBUG] 2018-10-15 16:13:20,019 org.nutz.ioc.loader.annotation.AnnotationIocLoader.addClass(AnnotationIocLoader.java:76) - Found @IocBean : class cn.wizzer.app.web.modules.controllers.platform.sys.SysApiController
[DEBUG] 2018-10-15 16:13:20,019 org.nutz.ioc.loader.annotation.AnnotationIocLoader.addClass(AnnotationIocLoader.java:76) - Found @IocBean : class cn.wizzer.app.web.modules.controllers.platform.sys.SysBarcodeController
[DEBUG] 2018-10-15 16:13:20,019 org.nutz.ioc.loader.annotation.AnnotationIocLoader.addClass(AnnotationIocLoader.java:76) - Found @IocBean : class cn.wizzer.app.web.modules.controllers.platform.sys.SysConfController
[DEBUG] 2018-10-15 16:13:20,019 org.nutz.ioc.loader.annotation.AnnotationIocLoader.addClass(AnnotationIocLoader.java:76) - Found @IocBean : class cn.wizzer.app.web.modules.controllers.platform.sys.SysDictController
[DEBUG] 2018-10-15 16:13:20,019 org.nutz.ioc.loader.annotation.AnnotationIocLoader.addClass(AnnotationIocLoader.java:76) - Found @IocBean : class cn.wizzer.app.web.modules.controllers.platform.sys.SysHomeController
[DEBUG] 2018-10-15 16:13:20,019 org.nutz.ioc.loader.annotation.AnnotationIocLoader.addClass(AnnotationIocLoader.java:76) - Found @IocBean : class cn.wizzer.app.web.modules.controllers.platform.sys.SysLogController
[DEBUG] 2018-10-15 16:13:20,019 org.nutz.ioc.loader.annotation.AnnotationIocLoader.addClass(AnnotationIocLoader.java:76) - Found @IocBean : class cn.wizzer.app.web.modules.controllers.platform.sys.SysLoginController
[DEBUG] 2018-10-15 16:13:20,019 org.nutz.ioc.loader.annotation.AnnotationIocLoader.addClass(AnnotationIocLoader.java:76) - Found @IocBean : class cn.wizzer.app.web.modules.controllers.platform.sys.SysMenuController
[DEBUG] 2018-10-15 16:13:20,020 org.nutz.ioc.loader.annotation.AnnotationIocLoader.addClass(AnnotationIocLoader.java:76) - Found @IocBean : class cn.wizzer.app.web.modules.controllers.platform.sys.SysMobileController
[DEBUG] 2018-10-15 16:13:20,020 org.nutz.ioc.loader.annotation.AnnotationIocLoader.addClass(AnnotationIocLoader.java:76) - Found @IocBean : class cn.wizzer.app.web.modules.controllers.platform.sys.SysPluginController
[DEBUG] 2018-10-15 16:13:20,020 org.nutz.ioc.loader.annotation.AnnotationIocLoader.addClass(AnnotationIocLoader.java:76) - Found @IocBean : class cn.wizzer.app.web.modules.controllers.platform.sys.SysRegistauditController
[DEBUG] 2018-10-15 16:13:20,020 org.nutz.ioc.loader.annotation.AnnotationIocLoader.addClass(AnnotationIocLoader.java:76) - Found @IocBean : class cn.wizzer.app.web.modules.controllers.platform.sys.SysRoleController
[DEBUG] 2018-10-15 16:13:20,020 org.nutz.ioc.loader.annotation.AnnotationIocLoader.addClass(AnnotationIocLoader.java:76) - Found @IocBean : class cn.wizzer.app.web.modules.controllers.platform.sys.SysRouteController
[DEBUG] 2018-10-15 16:13:20,020 org.nutz.ioc.loader.annotation.AnnotationIocLoader.addClass(AnnotationIocLoader.java:76) - Found @IocBean : class cn.wizzer.app.web.modules.controllers.platform.sys.SysTaskController
[DEBUG] 2018-10-15 16:13:20,020 org.nutz.ioc.loader.annotation.AnnotationIocLoader.addClass(AnnotationIocLoader.java:76) - Found @IocBean : class cn.wizzer.app.web.modules.controllers.platform.sys.SysTempuserController
[DEBUG] 2018-10-15 16:13:20,020 org.nutz.ioc.loader.annotation.AnnotationIocLoader.addClass(AnnotationIocLoader.java:76) - Found @IocBean : class cn.wizzer.app.web.modules.controllers.platform.sys.SysUnitController
[DEBUG] 2018-10-15 16:13:20,021 org.nutz.ioc.loader.annotation.AnnotationIocLoader.addClass(AnnotationIocLoader.java:76) - Found @IocBean : class cn.wizzer.app.web.modules.controllers.platform.sys.SysUserController
[DEBUG] 2018-10-15 16:13:20,021 org.nutz.ioc.loader.annotation.AnnotationIocLoader.addClass(AnnotationIocLoader.java:76) - Found @IocBean : class cn.wizzer.app.web.modules.controllers.platform.sys.SysVersionController
[DEBUG] 2018-10-15 16:13:20,021 org.nutz.ioc.loader.annotation.AnnotationIocLoader.addClass(AnnotationIocLoader.java:76) - Found @IocBean : class cn.wizzer.app.web.modules.controllers.platform.sys.SysWxController
[DEBUG] 2018-10-15 16:13:20,021 org.nutz.ioc.loader.annotation.AnnotationIocLoader.addClass(AnnotationIocLoader.java:76) - Found @IocBean : class cn.wizzer.app.web.modules.controllers.platform.sys.SysWxDeptController
[DEBUG] 2018-10-15 16:13:20,021 org.nutz.ioc.loader.annotation.AnnotationIocLoader.addClass(AnnotationIocLoader.java:76) - Found @IocBean : class cn.wizzer.app.web.modules.controllers.platform.sys.SysWxUserController
[DEBUG] 2018-10-15 16:13:20,021 org.nutz.ioc.loader.annotation.AnnotationIocLoader.addClass(AnnotationIocLoader.java:76) - Found @IocBean : class cn.wizzer.app.web.modules.controllers.platform.wx.WxConfigController
[DEBUG] 2018-10-15 16:13:20,021 org.nutz.ioc.loader.annotation.AnnotationIocLoader.addClass(AnnotationIocLoader.java:76) - Found @IocBean : class cn.wizzer.app.web.modules.controllers.platform.wx.WxMassController
[DEBUG] 2018-10-15 16:13:20,021 org.nutz.ioc.loader.annotation.AnnotationIocLoader.addClass(AnnotationIocLoader.java:76) - Found @IocBean : class cn.wizzer.app.web.modules.controllers.platform.wx.WxMenuController
[DEBUG] 2018-10-15 16:13:20,021 org.nutz.ioc.loader.annotation.AnnotationIocLoader.addClass(AnnotationIocLoader.java:76) - Found @IocBean : class cn.wizzer.app.web.modules.controllers.platform.wx.WxMsgUserController
[DEBUG] 2018-10-15 16:13:20,022 org.nutz.ioc.loader.annotation.AnnotationIocLoader.addClass(AnnotationIocLoader.java:76) - Found @IocBean : class cn.wizzer.app.web.modules.controllers.platform.wx.WxPayTestController
[DEBUG] 2018-10-15 16:13:20,022 org.nutz.ioc.loader.annotation.AnnotationIocLoader.addClass(AnnotationIocLoader.java:76) - Found @IocBean : class cn.wizzer.app.web.modules.controllers.platform.wx.WxReplyController
[DEBUG] 2018-10-15 16:13:20,022 org.nutz.ioc.loader.annotation.AnnotationIocLoader.addClass(AnnotationIocLoader.java:76) - Found @IocBean : class cn.wizzer.app.web.modules.controllers.platform.wx.WxReplyNewsController
[DEBUG] 2018-10-15 16:13:20,022 org.nutz.ioc.loader.annotation.AnnotationIocLoader.addClass(AnnotationIocLoader.java:76) - Found @IocBean : class cn.wizzer.app.web.modules.controllers.platform.wx.WxReplyTxtController
[DEBUG] 2018-10-15 16:13:20,022 org.nutz.ioc.loader.annotation.AnnotationIocLoader.addClass(AnnotationIocLoader.java:76) - Found @IocBean : class cn.wizzer.app.web.modules.controllers.platform.wx.WxTplIdController
[DEBUG] 2018-10-15 16:13:20,022 org.nutz.ioc.loader.annotation.AnnotationIocLoader.addClass(AnnotationIocLoader.java:76) - Found @IocBean : class cn.wizzer.app.web.modules.controllers.platform.wx.WxTplListController
[DEBUG] 2018-10-15 16:13:20,023 org.nutz.ioc.loader.annotation.AnnotationIocLoader.addClass(AnnotationIocLoader.java:76) - Found @IocBean : class cn.wizzer.app.web.modules.controllers.platform.wx.WxTplLogController
[DEBUG] 2018-10-15 16:13:20,023 org.nutz.ioc.loader.annotation.AnnotationIocLoader.addClass(AnnotationIocLoader.java:76) - Found @IocBean : class cn.wizzer.app.web.modules.controllers.platform.wx.WxUserController
[DEBUG] 2018-10-15 16:13:20,023 org.nutz.ioc.loader.annotation.AnnotationIocLoader.addClass(AnnotationIocLoader.java:76) - Found @IocBean : class cn.wizzer.app.wx.modules.services.impl.WxConfigServiceImpl
[DEBUG] 2018-10-15 16:13:20,023 org.nutz.ioc.loader.annotation.AnnotationIocLoader.addClass(AnnotationIocLoader.java:76) - Found @IocBean : class cn.wizzer.app.wx.modules.services.impl.WxMassNewsServiceImpl
[DEBUG] 2018-10-15 16:13:20,023 org.nutz.ioc.loader.annotation.AnnotationIocLoader.addClass(AnnotationIocLoader.java:76) - Found @IocBean : class cn.wizzer.app.wx.modules.services.impl.WxMassSendServiceImpl
[DEBUG] 2018-10-15 16:13:20,024 org.nutz.ioc.loader.annotation.AnnotationIocLoader.addClass(AnnotationIocLoader.java:76) - Found @IocBean : class cn.wizzer.app.wx.modules.services.impl.WxMassServiceImpl
[DEBUG] 2018-10-15 16:13:20,024 org.nutz.ioc.loader.annotation.AnnotationIocLoader.addClass(AnnotationIocLoader.java:76) - Found @IocBean : class cn.wizzer.app.wx.modules.services.impl.WxMenuServiceImpl
[DEBUG] 2018-10-15 16:13:20,024 org.nutz.ioc.loader.annotation.AnnotationIocLoader.addClass(AnnotationIocLoader.java:76) - Found @IocBean : class cn.wizzer.app.wx.modules.services.impl.WxMsgReplyServiceImpl
[DEBUG] 2018-10-15 16:13:20,024 org.nutz.ioc.loader.annotation.AnnotationIocLoader.addClass(AnnotationIocLoader.java:76) - Found @IocBean : class cn.wizzer.app.wx.modules.services.impl.WxMsgServiceImpl
[DEBUG] 2018-10-15 16:13:20,024 org.nutz.ioc.loader.annotation.AnnotationIocLoader.addClass(AnnotationIocLoader.java:76) - Found @IocBean : class cn.wizzer.app.wx.modules.services.impl.WxReplyNewsServiceImpl
[DEBUG] 2018-10-15 16:13:20,024 org.nutz.ioc.loader.annotation.AnnotationIocLoader.addClass(AnnotationIocLoader.java:76) - Found @IocBean : class cn.wizzer.app.wx.modules.services.impl.WxReplyServiceImpl
[DEBUG] 2018-10-15 16:13:20,025 org.nutz.ioc.loader.annotation.AnnotationIocLoader.addClass(AnnotationIocLoader.java:76) - Found @IocBean : class cn.wizzer.app.wx.modules.services.impl.WxReplyTxtServiceImpl
[DEBUG] 2018-10-15 16:13:20,025 org.nutz.ioc.loader.annotation.AnnotationIocLoader.addClass(AnnotationIocLoader.java:76) - Found @IocBean : class cn.wizzer.app.wx.modules.services.impl.WxTplIdServiceImpl
[DEBUG] 2018-10-15 16:13:20,025 org.nutz.ioc.loader.annotation.AnnotationIocLoader.addClass(AnnotationIocLoader.java:76) - Found @IocBean : class cn.wizzer.app.wx.modules.services.impl.WxTplListServiceImpl
[DEBUG] 2018-10-15 16:13:20,025 org.nutz.ioc.loader.annotation.AnnotationIocLoader.addClass(AnnotationIocLoader.java:76) - Found @IocBean : class cn.wizzer.app.wx.modules.services.impl.WxTplLogServiceImpl
[DEBUG] 2018-10-15 16:13:20,025 org.nutz.ioc.loader.annotation.AnnotationIocLoader.addClass(AnnotationIocLoader.java:76) - Found @IocBean : class cn.wizzer.app.wx.modules.services.impl.WxUserServiceImpl
[DEBUG] 2018-10-15 16:13:20,025 org.nutz.ioc.loader.annotation.AnnotationIocLoader.addClass(AnnotationIocLoader.java:76) - Found @IocBean : class cn.wizzer.test.SimpleTest
[DEBUG] 2018-10-15 16:13:20,028 org.nutz.resource.Scans.scan(Scans.java:274) - Found 0 resource by src( org/nutz/apidoc/ ) , regex( ^.+[.]class$ )
[INFO ] 2018-10-15 16:13:20,028 org.nutz.ioc.loader.annotation.AnnotationIocLoader.<init>(AnnotationIocLoader.java:52) - Found 204 classes in 2 base-packages!
beans = ["wxTplListController", "uploadController", "wxReplyTxtServiceImpl", "logisticsSendplanController", "baseJobServiceImpl", "dateUtil", "qrcodeService", "logisticsSendgoodsServiceImpl", "logisticsOrderentryController", "insLockController", "baseRowofficeentryServiceImpl", "cmsChannelServiceImpl", "insBaseinsServiceImpl", "orderExecute", "cmsArticleController", "basePostController", "baseAirmeterialServiceImpl", "basePersonController", "logisticsOrderplanServiceImpl", "cmsLinkClassController", "basePostServiceImpl", "baseRowofficeServiceImpl", "baseJobController", "baseRowofficeController", "wxReplyController", "insRepairController", "sysConfigServiceImpl", "basePersonpoolController", "baseVehicleController", "wxMsgServiceImpl", "wxPayBackController", "logisticsUnplanController", "mobileInsController", "sysTaskController", "sysBarcodeController", "insTransmitController", "sysDictServiceImpl", "wxConfigServiceImpl", "baseAirportServiceImpl", "apiTestController", "sysMenuController", "cmsSiteServiceImpl", "mobileSysController", "cmsLinkController", "insCommonController", "logisticsOrderplanentryServiceImpl", "insInstrumentController", "sysRegistauditServiceImpl", "insLockServiceImpl", "insOrderController", "wechatController", "wxMsgUserController", "sysDictController", "sysWxUserController", "logisticsDeliveryorderentryController", "basePersonServiceImpl", "insOrderentryServiceImpl", "insRepairtrackController", "insInstrumentServiceImpl", "logisticsSendapprovalServiceImpl", "logisticsOrderdeliveryController", "wxTplListServiceImpl", "tplService", "sysPluginServiceImpl", "insRfheadController", "logisticsSendgoodsController", "mobileBaseController", "baseCnctobjServiceImpl", "nutShiroMethodInterceptor", "insCabinetServiceImpl", "basePlaceServiceImpl", "baseVehicleServiceImpl", "cmsLinkClassServiceImpl", "sysHomeController", "insRfheadServiceImpl", "sysMobileController", "wxMassServiceImpl", "logisticsOrderentryServiceImpl", "logisticsSendplanServiceImpl", "logisticsOrderrejectServiceImpl", "wxHandler", "cmsChannelController", "wxController", "rabbitProducer", "sysTaskServiceImpl", "sysVersionController", "shiroUtil", "wxReplyTxtController", "sysPluginController", "logisticsSendtraceController", "sysApiServiceImpl", "logisticsEntourageServiceImpl", "sLogService", "baseAirportController", "sysApiController", "wxTplIdController", "insSpaceServiceImpl", "logisticsOrderController", "sysTempuserController", "sysUserController", "platformAuthorizingRealm", "testJob", "$aop_1_plugin", "sysRegistauditController", "wxReplyNewsServiceImpl", "insTransmitServiceImpl", "sysLoginController", "wxTplLogServiceImpl", "sysUserServiceImpl", "sysRoleServiceImpl", "sysRouteController", "idcardUtil", "basePlaceController", "sysWxDeptController", "logisticsOrderplanentryController", "userpermissionController", "sysWxServiceImpl", "cmsController", "logisticsSendtraceServiceImpl", "insOrderentryController", "logisticsSendapprovalController", "wxMenuController", "insOrderServiceImpl", "weixinController", "code128Util", "insRepairServiceImpl", "logisticsOrderplanController", "wxMsgReplyServiceImpl", "logisticsOrderdeliveryServiceImpl", "cmsArticleServiceImpl", "baseCnctobjController", "baseCustomerController", "insBaseinsController", "insRfidServiceImpl", "cookieUtil", "baseRowofficeentryController", "logisticsOrderstepServiceImpl", "wxReplyServiceImpl", "bdController", "redisIdGenerator", "insBaseinsSpaceServiceImpl", "cmsSiteController", "logisticsDeliveryorderServiceImpl", "insCabinetController", "logisticsOrderServiceImpl", "sysWxDeptServiceImpl", "sysWxController", "mobileOrderController", "sysRoleController", "logisticsEntourageController", "insCommonServiceImpl", "sysUnitController", "padInsController", "wxMassSendServiceImpl", "logisticsDeliveryorderController", "rSAUtil", "wxConfigController", "stringUtil", "baseCustomerServiceImpl", "basePersonpoolServiceImpl", "insBaseinsSpaceController", "wxUserServiceImpl", "insSpaceController", "sysTempuserServiceImpl", "baseWarehouseServiceImpl", "insToolcabinetController", "sysWxUserServiceImpl", "dynamicInterceptor", "sysLogController", "wxMassController", "emailService", "baseWarehouseController", "insToolcabinetServiceImpl", "wxMenuServiceImpl", "wxReplyNewsController", "baseDeptServiceImpl", "sysRouteServiceImpl", "insRepairtrackServiceImpl", "wxMassNewsServiceImpl", "baseAirmeterialController", "sysMenuServiceImpl", "sysMobileServiceImpl", "simpleTest", "logisticsOrderstepController", "sysLogServiceImpl", "logisticsUnplanServiceImpl", "wxTplIdServiceImpl", "logisticsDeliveryorderentryServiceImpl", "$aop_syslog", "padSysController", "baseDeptController", "logisticsOrderrejectController", "padOrderController", "sysBarcodeServiceImpl", "wxTplLogController", "wxUserController", "wxPayTestController", "tokenController", "sysVersionServiceImpl", "cmsLinkServiceImpl", "sysUnitServiceImpl", "insRfidController", "sysConfController", "pluginMaster"]
[DEBUG] 2018-10-15 16:13:20,028 org.nutz.ioc.loader.combo.ComboIocLoader.createIocLoader(ComboIocLoader.java:110) - found jedis -- org.nutz.integration.jedis.JedisIocLoader
[DEBUG] 2018-10-15 16:13:20,030 org.nutz.resource.Scans.scan(Scans.java:274) - Found 1 resource by src( org/nutz/integration/jedis/jedis.js ) , regex( ^(.+[.])(js|json)$ )
[DEBUG] 2018-10-15 16:13:20,030 org.nutz.ioc.loader.json.JsonLoader.<init>(JsonLoader.java:49) - loading [org/nutz/integration/jedis/jedis.js]
[DEBUG] 2018-10-15 16:13:20,031 org.nutz.ioc.loader.json.JsonLoader.<init>(JsonLoader.java:57) - Loaded 9 bean define from path=[org/nutz/integration/jedis/jedis.js] --> [redisService, jedisCluster, jedisClusterNodes, jedisClusterWrapper, pubSubService, jedisPoolConfig, jedisPool, jedisAgent, redis]
[DEBUG] 2018-10-15 16:13:20,031 org.nutz.ioc.loader.json.JsonLoader.<init>(JsonLoader.java:40) - Loaded 5 bean define from reader --
[txREPEATABLE_READ, txSERIALIZABLE, txNONE, txREAD_UNCOMMITTED, txREAD_COMMITTED]
[DEBUG] 2018-10-15 16:13:20,034 org.nutz.ioc.loader.combo.ComboIocLoader.createIocLoader(ComboIocLoader.java:110) - found quartz -- org.nutz.integration.quartz.QuartzIocLoader
[DEBUG] 2018-10-15 16:13:20,034 org.nutz.ioc.loader.json.JsonLoader.<init>(JsonLoader.java:57) - Loaded 0 bean define from path=[] --> []
[DEBUG] 2018-10-15 16:13:20,035 org.nutz.ioc.aop.SimpleAopMaker.<init>(SimpleAopMaker.java:79) - Load AopConfigure for anno=org.nutz.aop.interceptor.async.Async by type=org.nutz.aop.interceptor.async.AsyncAopIocLoader
[DEBUG] 2018-10-15 16:13:20,037 org.nutz.ioc.loader.combo.ComboIocLoader.createIocLoader(ComboIocLoader.java:110) - found rabbitmq -- org.nutz.integration.rabbitmq.RabbitmqIocLoader
[DEBUG] 2018-10-15 16:13:20,039 org.nutz.resource.Scans.scan(Scans.java:274) - Found 1 resource by src( org/nutz/integration/rabbitmq/rabbitmq.js ) , regex( ^(.+[.])(js|json)$ )
[DEBUG] 2018-10-15 16:13:20,039 org.nutz.ioc.loader.json.JsonLoader.<init>(JsonLoader.java:49) - loading [org/nutz/integration/rabbitmq/rabbitmq.js]
[DEBUG] 2018-10-15 16:13:20,040 org.nutz.ioc.loader.json.JsonLoader.<init>(JsonLoader.java:57) - Loaded 2 bean define from path=[org/nutz/integration/rabbitmq/rabbitmq.js] --> [rabbitmq, rabbitmq_cf]
[INFO ] 2018-10-15 16:13:20,040 org.nutz.ioc.impl.NutIoc.<init>(NutIoc.java:98) - NutIoc init begin ...
[INFO ] 2018-10-15 16:13:20,040 org.nutz.ioc.impl.NutIoc.<init>(NutIoc.java:115) - ... NutIoc init complete
[DEBUG] 2018-10-15 16:13:20,040 org.nutz.ioc.impl.NutIoc.get(NutIoc.java:151) - Get 'conf'<class org.nutz.ioc.impl.PropertiesProxy>
[DEBUG] 2018-10-15 16:13:20,040 org.nutz.ioc.impl.NutIoc.get(NutIoc.java:151) - Get '$aop_1_plugin'<interface org.nutz.ioc.aop.config.AopConfigration>
[DEBUG] 2018-10-15 16:13:20,041 org.nutz.ioc.impl.NutIoc.get(NutIoc.java:177) - 	 >> Load definition name=$aop_1_plugin
[DEBUG] 2018-10-15 16:13:20,041 org.nutz.ioc.loader.combo.ComboIocLoader.load(ComboIocLoader.java:161) - Found IocObject($aop_1_plugin) in AnnotationIocLoader(packages=[cn.wizzer, org.nutz.apidoc])
[DEBUG] 2018-10-15 16:13:20,041 org.nutz.ioc.impl.NutIoc.get(NutIoc.java:209) - 	 >> Make...'$aop_1_plugin'<interface org.nutz.ioc.aop.config.AopConfigration>
[DEBUG] 2018-10-15 16:13:20,041 org.nutz.ioc.impl.ScopeContext.save(ScopeContext.java:64) - Save object '$aop_1_plugin' to [app] 
[DEBUG] 2018-10-15 16:13:20,042 org.nutz.ioc.impl.NutIoc.get(NutIoc.java:151) - Get 'dynamicInterceptor'<class cn.wizzer.app.web.commons.plugin.DynamicInterceptor>
[DEBUG] 2018-10-15 16:13:20,042 org.nutz.ioc.impl.NutIoc.get(NutIoc.java:177) - 	 >> Load definition name=dynamicInterceptor
[DEBUG] 2018-10-15 16:13:20,043 org.nutz.ioc.loader.combo.ComboIocLoader.load(ComboIocLoader.java:161) - Found IocObject(dynamicInterceptor) in AnnotationIocLoader(packages=[cn.wizzer, org.nutz.apidoc])
[DEBUG] 2018-10-15 16:13:20,043 org.nutz.ioc.impl.NutIoc.get(NutIoc.java:209) - 	 >> Make...'dynamicInterceptor'<class cn.wizzer.app.web.commons.plugin.DynamicInterceptor>
[DEBUG] 2018-10-15 16:13:20,043 org.nutz.ioc.impl.ScopeContext.save(ScopeContext.java:64) - Save object 'dynamicInterceptor' to [app] 
[DEBUG] 2018-10-15 16:13:20,043 org.nutz.ioc.impl.NutIoc.get(NutIoc.java:151) - Get '$aop_async'<interface org.nutz.ioc.aop.config.AopConfigration>
[DEBUG] 2018-10-15 16:13:20,043 org.nutz.ioc.impl.NutIoc.get(NutIoc.java:177) - 	 >> Load definition name=$aop_async
[DEBUG] 2018-10-15 16:13:20,043 org.nutz.ioc.loader.combo.ComboIocLoader.load(ComboIocLoader.java:161) - Found IocObject($aop_async) in AsyncAopIocLoader@1371376476
[DEBUG] 2018-10-15 16:13:20,043 org.nutz.ioc.impl.NutIoc.get(NutIoc.java:209) - 	 >> Make...'$aop_async'<interface org.nutz.ioc.aop.config.AopConfigration>
[DEBUG] 2018-10-15 16:13:20,044 org.nutz.ioc.impl.ScopeContext.save(ScopeContext.java:64) - Save object '$aop_async' to [app] 
[DEBUG] 2018-10-15 16:13:20,044 org.nutz.ioc.impl.NutIoc.get(NutIoc.java:151) - Get '$aop_syslog'<interface org.nutz.ioc.aop.config.AopConfigration>
[DEBUG] 2018-10-15 16:13:20,044 org.nutz.ioc.impl.NutIoc.get(NutIoc.java:177) - 	 >> Load definition name=$aop_syslog
[DEBUG] 2018-10-15 16:13:20,044 org.nutz.ioc.loader.combo.ComboIocLoader.load(ComboIocLoader.java:161) - Found IocObject($aop_syslog) in AnnotationIocLoader(packages=[cn.wizzer, org.nutz.apidoc])
[DEBUG] 2018-10-15 16:13:20,044 org.nutz.ioc.impl.NutIoc.get(NutIoc.java:209) - 	 >> Make...'$aop_syslog'<interface org.nutz.ioc.aop.config.AopConfigration>
[DEBUG] 2018-10-15 16:13:20,044 org.nutz.ioc.impl.ScopeContext.save(ScopeContext.java:64) - Save object '$aop_syslog' to [app] 
[DEBUG] 2018-10-15 16:13:20,044 org.nutz.ioc.aop.SimpleAopMaker.<init>(SimpleAopMaker.java:79) - Load AopConfigure for anno=cn.wizzer.app.web.commons.slog.annotation.SLog by type=cn.wizzer.app.web.commons.slog.SLogAopConfigration
[DEBUG] 2018-10-15 16:13:20,045 org.nutz.ioc.aop.SimpleAopMaker.<init>(SimpleAopMaker.java:79) - Load AopConfigure for anno=org.nutz.ioc.aop.Aop by type=org.nutz.ioc.aop.config.impl.AnnotationAopConfigration
[DEBUG] 2018-10-15 16:13:20,045 org.nutz.ioc.impl.NutIoc.get(NutIoc.java:177) - 	 >> Load definition name=conf
[DEBUG] 2018-10-15 16:13:20,045 org.nutz.ioc.loader.map.MapLoader.load(MapLoader.java:67) - Loading define for name=conf
[DEBUG] 2018-10-15 16:13:20,045 org.nutz.ioc.loader.combo.ComboIocLoader.load(ComboIocLoader.java:161) - Found IocObject(conf) in JsonLoader(paths=[config/ioc/])
[DEBUG] 2018-10-15 16:13:20,045 org.nutz.ioc.impl.NutIoc.get(NutIoc.java:209) - 	 >> Make...'conf'<class org.nutz.ioc.impl.PropertiesProxy>
[DEBUG] 2018-10-15 16:13:20,045 cn.wizzer.app.web.commons.plugin.PluginAopConfigure.getInterceptorPairList(PluginAopConfigure.java:33) - skip -- org.nutz.ioc.impl.PropertiesProxy
[DEBUG] 2018-10-15 16:13:20,045 org.nutz.ioc.aop.impl.DefaultMirrorFactory.getMirror(DefaultMirrorFactory.java:70) - Load class org.nutz.ioc.impl.PropertiesProxy without AOP
[DEBUG] 2018-10-15 16:13:20,045 org.nutz.ioc.impl.ScopeContext.save(ScopeContext.java:64) - Save object 'conf' to [app] 
[DEBUG] 2018-10-15 16:13:20,049 org.nutz.resource.Scans.scan(Scans.java:274) - Found 4 resource by src( config/custom/ ) , regex( ^.+[.]properties$ )
[DEBUG] 2018-10-15 16:13:20,049 org.nutz.ioc.impl.PropertiesProxy.setPaths(PropertiesProxy.java:113) - load properties from File[C:\Users\Administrator\IdeaProjects\XA-Instrument\wk-app\wk-web\target\classes\config\custom\db.properties]
[DEBUG] 2018-10-15 16:13:20,050 org.nutz.ioc.impl.PropertiesProxy.setPaths(PropertiesProxy.java:113) - load properties from File[C:\Users\Administrator\IdeaProjects\XA-Instrument\wk-app\wk-web\target\classes\config\custom\mail.properties]
[DEBUG] 2018-10-15 16:13:20,051 org.nutz.ioc.impl.PropertiesProxy.setPaths(PropertiesProxy.java:113) - load properties from File[C:\Users\Administrator\IdeaProjects\XA-Instrument\wk-app\wk-web\target\classes\config\custom\rabbit.properties]
[DEBUG] 2018-10-15 16:13:20,052 org.nutz.ioc.impl.PropertiesProxy.setPaths(PropertiesProxy.java:113) - load properties from File[C:\Users\Administrator\IdeaProjects\XA-Instrument\wk-app\wk-web\target\classes\config\custom\redis.properties]
[DEBUG] 2018-10-15 16:13:20,053 org.nutz.ioc.impl.NutIoc.get(NutIoc.java:151) - Get 'simpleTest'<class cn.wizzer.test.SimpleTest>
[DEBUG] 2018-10-15 16:13:20,053 org.nutz.ioc.impl.NutIoc.get(NutIoc.java:177) - 	 >> Load definition name=simpleTest
[DEBUG] 2018-10-15 16:13:20,053 org.nutz.ioc.loader.combo.ComboIocLoader.load(ComboIocLoader.java:161) - Found IocObject(simpleTest) in AnnotationIocLoader(packages=[cn.wizzer, org.nutz.apidoc])
[DEBUG] 2018-10-15 16:13:20,053 org.nutz.ioc.impl.NutIoc.get(NutIoc.java:209) - 	 >> Make...'simpleTest'<class cn.wizzer.test.SimpleTest>
[DEBUG] 2018-10-15 16:13:20,053 cn.wizzer.app.web.commons.plugin.PluginAopConfigure.getInterceptorPairList(PluginAopConfigure.java:33) - skip -- cn.wizzer.test.SimpleTest
[DEBUG] 2018-10-15 16:13:20,053 org.nutz.ioc.aop.impl.DefaultMirrorFactory.getMirror(DefaultMirrorFactory.java:70) - Load class cn.wizzer.test.SimpleTest without AOP
[DEBUG] 2018-10-15 16:13:20,054 org.nutz.ioc.impl.ScopeContext.save(ScopeContext.java:64) - Save object 'simpleTest' to [app] 
[DEBUG] 2018-10-15 16:13:20,056 org.nutz.ioc.impl.NutIoc.get(NutIoc.java:151) - Get 'dao'<interface org.nutz.dao.Dao>
[DEBUG] 2018-10-15 16:13:20,056 org.nutz.ioc.impl.NutIoc.get(NutIoc.java:177) - 	 >> Load definition name=dao
[DEBUG] 2018-10-15 16:13:20,057 org.nutz.ioc.loader.map.MapLoader.load(MapLoader.java:67) - Loading define for name=dao
[DEBUG] 2018-10-15 16:13:20,057 org.nutz.ioc.loader.combo.ComboIocLoader.load(ComboIocLoader.java:161) - Found IocObject(dao) in JsonLoader(paths=[config/ioc/])
[DEBUG] 2018-10-15 16:13:20,057 org.nutz.ioc.impl.NutIoc.get(NutIoc.java:209) - 	 >> Make...'dao'<interface org.nutz.dao.Dao>
[DEBUG] 2018-10-15 16:13:20,057 cn.wizzer.app.web.commons.plugin.PluginAopConfigure.getInterceptorPairList(PluginAopConfigure.java:33) - skip -- org.nutz.dao.impl.NutDao
[DEBUG] 2018-10-15 16:13:20,057 org.nutz.ioc.aop.impl.DefaultMirrorFactory.getMirror(DefaultMirrorFactory.java:70) - Load class org.nutz.dao.impl.NutDao without AOP
[DEBUG] 2018-10-15 16:13:20,057 org.nutz.ioc.impl.ScopeContext.save(ScopeContext.java:64) - Save object 'dao' to [app] 
[DEBUG] 2018-10-15 16:13:20,057 org.nutz.ioc.impl.NutIoc.get(NutIoc.java:151) - Get 'dataSource'<>
[DEBUG] 2018-10-15 16:13:20,058 org.nutz.ioc.impl.NutIoc.get(NutIoc.java:177) - 	 >> Load definition name=dataSource
[DEBUG] 2018-10-15 16:13:20,058 org.nutz.ioc.loader.map.MapLoader.load(MapLoader.java:67) - Loading define for name=dataSource
[DEBUG] 2018-10-15 16:13:20,059 org.nutz.ioc.loader.combo.ComboIocLoader.load(ComboIocLoader.java:161) - Found IocObject(dataSource) in JsonLoader(paths=[config/ioc/])
[DEBUG] 2018-10-15 16:13:20,059 org.nutz.ioc.impl.NutIoc.get(NutIoc.java:209) - 	 >> Make...'dataSource'<>
[DEBUG] 2018-10-15 16:13:20,059 cn.wizzer.app.web.commons.plugin.PluginAopConfigure.getInterceptorPairList(PluginAopConfigure.java:33) - skip -- com.alibaba.druid.pool.DruidDataSource
[DEBUG] 2018-10-15 16:13:20,059 org.nutz.ioc.aop.impl.DefaultMirrorFactory.getMirror(DefaultMirrorFactory.java:70) - Load class com.alibaba.druid.pool.DruidDataSource without AOP
[DEBUG] 2018-10-15 16:13:20,060 org.nutz.ioc.impl.ScopeContext.save(ScopeContext.java:64) - Save object 'dataSource' to [app] 
[DEBUG] 2018-10-15 16:13:20,060 org.nutz.ioc.impl.NutIoc.get(NutIoc.java:151) - Get 'conf'<>
[DEBUG] 2018-10-15 16:13:20,062 org.nutz.ioc.impl.ScopeContext.remove(ScopeContext.java:84) - Remove object 'dataSource' from [app] 
[DEBUG] 2018-10-15 16:13:20,062 org.nutz.ioc.impl.ScopeContext.remove(ScopeContext.java:84) - Remove object 'dao' from [app] 
[DEBUG] 2018-10-15 16:13:20,062 org.nutz.ioc.impl.ScopeContext.remove(ScopeContext.java:84) - Remove object 'simpleTest' from [app] 
]]></system-out>
  </testcase>
  <testcase name="testOrder13" classname="cn.wizzer.test.SimpleTest" time="0">
    <error message="IocBean[simpleTest] throw Exception when creating" type="org.nutz.ioc.IocException">org.nutz.ioc.IocException: IocBean[simpleTest] throw Exception when creating
Caused by: java.lang.RuntimeException: IocBean[simpleTest] fail at field=[dao]
Caused by: org.nutz.ioc.IocException: IocBean[dao -> dataSource] throw Exception when creating
Caused by: java.lang.IllegalArgumentException: Failed to decrypt.
Caused by: java.lang.IllegalArgumentException: String length must be a multiple of four.
</error>
    <system-out><![CDATA[[INFO ] 2018-10-15 16:13:20,063 org.nutz.ioc.impl.NutIoc.depose(NutIoc.java:255) - org.nutz.ioc.impl.NutIoc@2068897588 is closing. startup date [18-10-15 16:13:20.040]
[DEBUG] 2018-10-15 16:13:20,063 org.nutz.ioc.impl.ScopeContext.clear(ScopeContext.java:108) - Depose object 'conf' ...
[DEBUG] 2018-10-15 16:13:20,063 org.nutz.ioc.impl.ScopeContext.clear(ScopeContext.java:108) - Depose object '$aop_syslog' ...
[DEBUG] 2018-10-15 16:13:20,063 org.nutz.ioc.impl.ScopeContext.clear(ScopeContext.java:108) - Depose object '$aop_async' ...
[DEBUG] 2018-10-15 16:13:20,063 org.nutz.ioc.impl.ScopeContext.clear(ScopeContext.java:108) - Depose object 'dynamicInterceptor' ...
[DEBUG] 2018-10-15 16:13:20,064 org.nutz.ioc.impl.ScopeContext.clear(ScopeContext.java:108) - Depose object '$aop_1_plugin' ...
[INFO ] 2018-10-15 16:13:20,064 org.nutz.ioc.impl.NutIoc.depose(NutIoc.java:262) - org.nutz.ioc.impl.NutIoc@2068897588 is deposed. startup date [18-10-15 16:13:20.040]
[DEBUG] 2018-10-15 16:13:20,067 org.nutz.resource.Scans.scan(Scans.java:274) - Found 4 resource by src( config/ioc/ ) , regex( ^(.+[.])(js|json)$ )
[DEBUG] 2018-10-15 16:13:20,068 org.nutz.ioc.loader.json.JsonLoader.<init>(JsonLoader.java:49) - loading [dao.json]
[DEBUG] 2018-10-15 16:13:20,068 org.nutz.ioc.loader.json.JsonLoader.<init>(JsonLoader.java:49) - loading [ehcache.json]
[DEBUG] 2018-10-15 16:13:20,069 org.nutz.ioc.loader.json.JsonLoader.<init>(JsonLoader.java:49) - loading [mail.json]
[DEBUG] 2018-10-15 16:13:20,069 org.nutz.ioc.loader.json.JsonLoader.<init>(JsonLoader.java:49) - loading [upload.json]
[DEBUG] 2018-10-15 16:13:20,070 org.nutz.ioc.loader.json.JsonLoader.<init>(JsonLoader.java:57) - Loaded 15 bean define from path=[config/ioc/] --> [videoUpload, conf, uploadVideoContext, imageUpload, fileUpload, cacheManager, dao, cacheProvider, emailAuthenticator, uploadFileContext, htmlEmail, cacheExecutor, tmpFilePool, uploadImageContext, dataSource]
[DEBUG] 2018-10-15 16:13:20,228 org.nutz.resource.Scans.scan(Scans.java:274) - Found 452 resource by src( cn/wizzer/ ) , regex( ^.+[.]class$ )
[DEBUG] 2018-10-15 16:13:20,231 org.nutz.ioc.loader.annotation.AnnotationIocLoader.addClass(AnnotationIocLoader.java:76) - Found @IocBean : class cn.wizzer.framework.util.StringUtil
[DEBUG] 2018-10-15 16:13:20,231 org.nutz.ioc.loader.annotation.AnnotationIocLoader.addClass(AnnotationIocLoader.java:76) - Found @IocBean : class cn.wizzer.framework.util.CookieUtil
[DEBUG] 2018-10-15 16:13:20,231 org.nutz.ioc.loader.annotation.AnnotationIocLoader.addClass(AnnotationIocLoader.java:76) - Found @IocBean : class cn.wizzer.framework.ig.RedisIdGenerator
[DEBUG] 2018-10-15 16:13:20,232 org.nutz.ioc.loader.annotation.AnnotationIocLoader.addClass(AnnotationIocLoader.java:76) - Found @IocBean : class cn.wizzer.framework.util.DateUtil
[DEBUG] 2018-10-15 16:13:20,232 org.nutz.ioc.loader.annotation.AnnotationIocLoader.addClass(AnnotationIocLoader.java:76) - Found @IocBean : class cn.wizzer.framework.shiro.interceptor.NutShiroMethodInterceptor
[DEBUG] 2018-10-15 16:13:20,232 org.nutz.ioc.loader.annotation.AnnotationIocLoader.addClass(AnnotationIocLoader.java:76) - Found @IocBean : class cn.wizzer.framework.util.IdcardUtil
[DEBUG] 2018-10-15 16:13:20,232 org.nutz.ioc.loader.annotation.AnnotationIocLoader.addClass(AnnotationIocLoader.java:76) - Found @IocBean : class cn.wizzer.framework.rabbit.RabbitProducer
[DEBUG] 2018-10-15 16:13:20,232 org.nutz.ioc.loader.annotation.AnnotationIocLoader.addClass(AnnotationIocLoader.java:76) - Found @IocBean : class cn.wizzer.framework.util.RSAUtil
[DEBUG] 2018-10-15 16:13:20,232 org.nutz.ioc.loader.annotation.AnnotationIocLoader.addClass(AnnotationIocLoader.java:76) - Found @IocBean : class cn.wizzer.framework.util.ShiroUtil
[DEBUG] 2018-10-15 16:13:20,232 org.nutz.ioc.loader.annotation.AnnotationIocLoader.addClass(AnnotationIocLoader.java:76) - Found @IocBean : class cn.wizzer.framework.util.Code128Util
[DEBUG] 2018-10-15 16:13:20,233 org.nutz.ioc.loader.annotation.AnnotationIocLoader.addClass(AnnotationIocLoader.java:76) - Found @IocBean : class cn.wizzer.app.base.modules.services.impl.BaseAirmeterialServiceImpl
[DEBUG] 2018-10-15 16:13:20,233 org.nutz.ioc.loader.annotation.AnnotationIocLoader.addClass(AnnotationIocLoader.java:76) - Found @IocBean : class cn.wizzer.app.base.modules.services.impl.BaseAirportServiceImpl
[DEBUG] 2018-10-15 16:13:20,233 org.nutz.ioc.loader.annotation.AnnotationIocLoader.addClass(AnnotationIocLoader.java:76) - Found @IocBean : class cn.wizzer.app.base.modules.services.impl.BaseCnctobjServiceImpl
[DEBUG] 2018-10-15 16:13:20,233 org.nutz.ioc.loader.annotation.AnnotationIocLoader.addClass(AnnotationIocLoader.java:76) - Found @IocBean : class cn.wizzer.app.base.modules.services.impl.BaseCustomerServiceImpl
[DEBUG] 2018-10-15 16:13:20,233 org.nutz.ioc.loader.annotation.AnnotationIocLoader.addClass(AnnotationIocLoader.java:76) - Found @IocBean : class cn.wizzer.app.base.modules.services.impl.BaseDeptServiceImpl
[DEBUG] 2018-10-15 16:13:20,233 org.nutz.ioc.loader.annotation.AnnotationIocLoader.addClass(AnnotationIocLoader.java:76) - Found @IocBean : class cn.wizzer.app.base.modules.services.impl.BaseJobServiceImpl
[DEBUG] 2018-10-15 16:13:20,233 org.nutz.ioc.loader.annotation.AnnotationIocLoader.addClass(AnnotationIocLoader.java:76) - Found @IocBean : class cn.wizzer.app.base.modules.services.impl.BasePersonpoolServiceImpl
[DEBUG] 2018-10-15 16:13:20,233 org.nutz.ioc.loader.annotation.AnnotationIocLoader.addClass(AnnotationIocLoader.java:76) - Found @IocBean : class cn.wizzer.app.base.modules.services.impl.BasePersonServiceImpl
[DEBUG] 2018-10-15 16:13:20,234 org.nutz.ioc.loader.annotation.AnnotationIocLoader.addClass(AnnotationIocLoader.java:76) - Found @IocBean : class cn.wizzer.app.base.modules.services.impl.BasePlaceServiceImpl
[DEBUG] 2018-10-15 16:13:20,234 org.nutz.ioc.loader.annotation.AnnotationIocLoader.addClass(AnnotationIocLoader.java:76) - Found @IocBean : class cn.wizzer.app.base.modules.services.impl.BasePostServiceImpl
[DEBUG] 2018-10-15 16:13:20,234 org.nutz.ioc.loader.annotation.AnnotationIocLoader.addClass(AnnotationIocLoader.java:76) - Found @IocBean : class cn.wizzer.app.base.modules.services.impl.BaseRowofficeentryServiceImpl
[DEBUG] 2018-10-15 16:13:20,234 org.nutz.ioc.loader.annotation.AnnotationIocLoader.addClass(AnnotationIocLoader.java:76) - Found @IocBean : class cn.wizzer.app.base.modules.services.impl.BaseRowofficeServiceImpl
[DEBUG] 2018-10-15 16:13:20,234 org.nutz.ioc.loader.annotation.AnnotationIocLoader.addClass(AnnotationIocLoader.java:76) - Found @IocBean : class cn.wizzer.app.base.modules.services.impl.BaseVehicleServiceImpl
[DEBUG] 2018-10-15 16:13:20,234 org.nutz.ioc.loader.annotation.AnnotationIocLoader.addClass(AnnotationIocLoader.java:76) - Found @IocBean : class cn.wizzer.app.base.modules.services.impl.BaseWarehouseServiceImpl
[DEBUG] 2018-10-15 16:13:20,234 org.nutz.ioc.loader.annotation.AnnotationIocLoader.addClass(AnnotationIocLoader.java:76) - Found @IocBean : class cn.wizzer.app.cms.modules.services.impl.CmsArticleServiceImpl
[DEBUG] 2018-10-15 16:13:20,235 org.nutz.ioc.loader.annotation.AnnotationIocLoader.addClass(AnnotationIocLoader.java:76) - Found @IocBean : class cn.wizzer.app.cms.modules.services.impl.CmsChannelServiceImpl
[DEBUG] 2018-10-15 16:13:20,235 org.nutz.ioc.loader.annotation.AnnotationIocLoader.addClass(AnnotationIocLoader.java:76) - Found @IocBean : class cn.wizzer.app.cms.modules.services.impl.CmsLinkClassServiceImpl
[DEBUG] 2018-10-15 16:13:20,235 org.nutz.ioc.loader.annotation.AnnotationIocLoader.addClass(AnnotationIocLoader.java:76) - Found @IocBean : class cn.wizzer.app.cms.modules.services.impl.CmsLinkServiceImpl
[DEBUG] 2018-10-15 16:13:20,235 org.nutz.ioc.loader.annotation.AnnotationIocLoader.addClass(AnnotationIocLoader.java:76) - Found @IocBean : class cn.wizzer.app.cms.modules.services.impl.CmsSiteServiceImpl
[DEBUG] 2018-10-15 16:13:20,235 org.nutz.ioc.loader.annotation.AnnotationIocLoader.addClass(AnnotationIocLoader.java:76) - Found @IocBean : class cn.wizzer.app.ins.modules.services.impl.InsBaseinsServiceImpl
[DEBUG] 2018-10-15 16:13:20,235 org.nutz.ioc.loader.annotation.AnnotationIocLoader.addClass(AnnotationIocLoader.java:76) - Found @IocBean : class cn.wizzer.app.ins.modules.services.impl.InsBaseinsSpaceServiceImpl
[DEBUG] 2018-10-15 16:13:20,235 org.nutz.ioc.loader.annotation.AnnotationIocLoader.addClass(AnnotationIocLoader.java:76) - Found @IocBean : class cn.wizzer.app.ins.modules.services.impl.InsCabinetServiceImpl
[DEBUG] 2018-10-15 16:13:20,235 org.nutz.ioc.loader.annotation.AnnotationIocLoader.addClass(AnnotationIocLoader.java:76) - Found @IocBean : class cn.wizzer.app.ins.modules.services.impl.InsCommonServiceImpl
[DEBUG] 2018-10-15 16:13:20,236 org.nutz.ioc.loader.annotation.AnnotationIocLoader.addClass(AnnotationIocLoader.java:76) - Found @IocBean : class cn.wizzer.app.ins.modules.services.impl.InsInstrumentServiceImpl
[DEBUG] 2018-10-15 16:13:20,236 org.nutz.ioc.loader.annotation.AnnotationIocLoader.addClass(AnnotationIocLoader.java:76) - Found @IocBean : class cn.wizzer.app.ins.modules.services.impl.InsLockServiceImpl
[DEBUG] 2018-10-15 16:13:20,236 org.nutz.ioc.loader.annotation.AnnotationIocLoader.addClass(AnnotationIocLoader.java:76) - Found @IocBean : class cn.wizzer.app.ins.modules.services.impl.InsOrderentryServiceImpl
[DEBUG] 2018-10-15 16:13:20,236 org.nutz.ioc.loader.annotation.AnnotationIocLoader.addClass(AnnotationIocLoader.java:76) - Found @IocBean : class cn.wizzer.app.ins.modules.services.impl.InsOrderServiceImpl
[DEBUG] 2018-10-15 16:13:20,236 org.nutz.ioc.loader.annotation.AnnotationIocLoader.addClass(AnnotationIocLoader.java:76) - Found @IocBean : class cn.wizzer.app.ins.modules.services.impl.InsRepairServiceImpl
[DEBUG] 2018-10-15 16:13:20,236 org.nutz.ioc.loader.annotation.AnnotationIocLoader.addClass(AnnotationIocLoader.java:76) - Found @IocBean : class cn.wizzer.app.ins.modules.services.impl.InsRepairtrackServiceImpl
[DEBUG] 2018-10-15 16:13:20,236 org.nutz.ioc.loader.annotation.AnnotationIocLoader.addClass(AnnotationIocLoader.java:76) - Found @IocBean : class cn.wizzer.app.ins.modules.services.impl.InsRfheadServiceImpl
[DEBUG] 2018-10-15 16:13:20,237 org.nutz.ioc.loader.annotation.AnnotationIocLoader.addClass(AnnotationIocLoader.java:76) - Found @IocBean : class cn.wizzer.app.ins.modules.services.impl.InsRfidServiceImpl
[DEBUG] 2018-10-15 16:13:20,237 org.nutz.ioc.loader.annotation.AnnotationIocLoader.addClass(AnnotationIocLoader.java:76) - Found @IocBean : class cn.wizzer.app.ins.modules.services.impl.InsSpaceServiceImpl
[DEBUG] 2018-10-15 16:13:20,237 org.nutz.ioc.loader.annotation.AnnotationIocLoader.addClass(AnnotationIocLoader.java:76) - Found @IocBean : class cn.wizzer.app.ins.modules.services.impl.InsToolcabinetServiceImpl
[DEBUG] 2018-10-15 16:13:20,237 org.nutz.ioc.loader.annotation.AnnotationIocLoader.addClass(AnnotationIocLoader.java:76) - Found @IocBean : class cn.wizzer.app.ins.modules.services.impl.InsTransmitServiceImpl
[DEBUG] 2018-10-15 16:13:20,237 org.nutz.ioc.loader.annotation.AnnotationIocLoader.addClass(AnnotationIocLoader.java:76) - Found @IocBean : class cn.wizzer.app.logistics.modules.services.impl.LogisticsDeliveryorderentryServiceImpl
[DEBUG] 2018-10-15 16:13:20,237 org.nutz.ioc.loader.annotation.AnnotationIocLoader.addClass(AnnotationIocLoader.java:76) - Found @IocBean : class cn.wizzer.app.logistics.modules.services.impl.LogisticsDeliveryorderServiceImpl
[DEBUG] 2018-10-15 16:13:20,237 org.nutz.ioc.loader.annotation.AnnotationIocLoader.addClass(AnnotationIocLoader.java:76) - Found @IocBean : class cn.wizzer.app.logistics.modules.services.impl.LogisticsEntourageServiceImpl
[DEBUG] 2018-10-15 16:13:20,238 org.nutz.ioc.loader.annotation.AnnotationIocLoader.addClass(AnnotationIocLoader.java:76) - Found @IocBean : class cn.wizzer.app.logistics.modules.services.impl.LogisticsOrderdeliveryServiceImpl
[DEBUG] 2018-10-15 16:13:20,238 org.nutz.ioc.loader.annotation.AnnotationIocLoader.addClass(AnnotationIocLoader.java:76) - Found @IocBean : class cn.wizzer.app.logistics.modules.services.impl.LogisticsOrderentryServiceImpl
[DEBUG] 2018-10-15 16:13:20,238 org.nutz.ioc.loader.annotation.AnnotationIocLoader.addClass(AnnotationIocLoader.java:76) - Found @IocBean : class cn.wizzer.app.logistics.modules.services.impl.LogisticsOrderplanentryServiceImpl
[DEBUG] 2018-10-15 16:13:20,238 org.nutz.ioc.loader.annotation.AnnotationIocLoader.addClass(AnnotationIocLoader.java:76) - Found @IocBean : class cn.wizzer.app.logistics.modules.services.impl.LogisticsOrderplanServiceImpl
[DEBUG] 2018-10-15 16:13:20,238 org.nutz.ioc.loader.annotation.AnnotationIocLoader.addClass(AnnotationIocLoader.java:76) - Found @IocBean : class cn.wizzer.app.logistics.modules.services.impl.LogisticsOrderrejectServiceImpl
[DEBUG] 2018-10-15 16:13:20,239 org.nutz.ioc.loader.annotation.AnnotationIocLoader.addClass(AnnotationIocLoader.java:76) - Found @IocBean : class cn.wizzer.app.logistics.modules.services.impl.LogisticsOrderServiceImpl
[DEBUG] 2018-10-15 16:13:20,239 org.nutz.ioc.loader.annotation.AnnotationIocLoader.addClass(AnnotationIocLoader.java:76) - Found @IocBean : class cn.wizzer.app.logistics.modules.services.impl.LogisticsOrderstepServiceImpl
[DEBUG] 2018-10-15 16:13:20,239 org.nutz.ioc.loader.annotation.AnnotationIocLoader.addClass(AnnotationIocLoader.java:76) - Found @IocBean : class cn.wizzer.app.logistics.modules.services.impl.LogisticsSendapprovalServiceImpl
[DEBUG] 2018-10-15 16:13:20,239 org.nutz.ioc.loader.annotation.AnnotationIocLoader.addClass(AnnotationIocLoader.java:76) - Found @IocBean : class cn.wizzer.app.logistics.modules.services.impl.LogisticsSendgoodsServiceImpl
[DEBUG] 2018-10-15 16:13:20,239 org.nutz.ioc.loader.annotation.AnnotationIocLoader.addClass(AnnotationIocLoader.java:76) - Found @IocBean : class cn.wizzer.app.logistics.modules.services.impl.LogisticsSendplanServiceImpl
[DEBUG] 2018-10-15 16:13:20,239 org.nutz.ioc.loader.annotation.AnnotationIocLoader.addClass(AnnotationIocLoader.java:76) - Found @IocBean : class cn.wizzer.app.logistics.modules.services.impl.LogisticsSendtraceServiceImpl
[DEBUG] 2018-10-15 16:13:20,240 org.nutz.ioc.loader.annotation.AnnotationIocLoader.addClass(AnnotationIocLoader.java:76) - Found @IocBean : class cn.wizzer.app.logistics.modules.services.impl.LogisticsUnplanServiceImpl
[DEBUG] 2018-10-15 16:13:20,240 org.nutz.ioc.loader.annotation.AnnotationIocLoader.addClass(AnnotationIocLoader.java:76) - Found @IocBean : class cn.wizzer.app.sys.modules.services.impl.SysApiServiceImpl
[DEBUG] 2018-10-15 16:13:20,240 org.nutz.ioc.loader.annotation.AnnotationIocLoader.addClass(AnnotationIocLoader.java:76) - Found @IocBean : class cn.wizzer.app.sys.modules.services.impl.SysBarcodeServiceImpl
[DEBUG] 2018-10-15 16:13:20,241 org.nutz.ioc.loader.annotation.AnnotationIocLoader.addClass(AnnotationIocLoader.java:76) - Found @IocBean : class cn.wizzer.app.sys.modules.services.impl.SysConfigServiceImpl
[DEBUG] 2018-10-15 16:13:20,241 org.nutz.ioc.loader.annotation.AnnotationIocLoader.addClass(AnnotationIocLoader.java:76) - Found @IocBean : class cn.wizzer.app.sys.modules.services.impl.SysDictServiceImpl
[DEBUG] 2018-10-15 16:13:20,243 org.nutz.ioc.loader.annotation.AnnotationIocLoader.addClass(AnnotationIocLoader.java:76) - Found @IocBean : class cn.wizzer.app.sys.modules.services.impl.SysLogServiceImpl
[DEBUG] 2018-10-15 16:13:20,243 org.nutz.ioc.loader.annotation.AnnotationIocLoader.addClass(AnnotationIocLoader.java:76) - Found @IocBean : class cn.wizzer.app.sys.modules.services.impl.SysMenuServiceImpl
[DEBUG] 2018-10-15 16:13:20,243 org.nutz.ioc.loader.annotation.AnnotationIocLoader.addClass(AnnotationIocLoader.java:76) - Found @IocBean : class cn.wizzer.app.sys.modules.services.impl.SysMobileServiceImpl
[DEBUG] 2018-10-15 16:13:20,244 org.nutz.ioc.loader.annotation.AnnotationIocLoader.addClass(AnnotationIocLoader.java:76) - Found @IocBean : class cn.wizzer.app.sys.modules.services.impl.SysPluginServiceImpl
[DEBUG] 2018-10-15 16:13:20,244 org.nutz.ioc.loader.annotation.AnnotationIocLoader.addClass(AnnotationIocLoader.java:76) - Found @IocBean : class cn.wizzer.app.sys.modules.services.impl.SysRegistauditServiceImpl
[DEBUG] 2018-10-15 16:13:20,244 org.nutz.ioc.loader.annotation.AnnotationIocLoader.addClass(AnnotationIocLoader.java:76) - Found @IocBean : class cn.wizzer.app.sys.modules.services.impl.SysRoleServiceImpl
[DEBUG] 2018-10-15 16:13:20,244 org.nutz.ioc.loader.annotation.AnnotationIocLoader.addClass(AnnotationIocLoader.java:76) - Found @IocBean : class cn.wizzer.app.sys.modules.services.impl.SysRouteServiceImpl
[DEBUG] 2018-10-15 16:13:20,244 org.nutz.ioc.loader.annotation.AnnotationIocLoader.addClass(AnnotationIocLoader.java:76) - Found @IocBean : class cn.wizzer.app.sys.modules.services.impl.SysTaskServiceImpl
[DEBUG] 2018-10-15 16:13:20,244 org.nutz.ioc.loader.annotation.AnnotationIocLoader.addClass(AnnotationIocLoader.java:76) - Found @IocBean : class cn.wizzer.app.sys.modules.services.impl.SysTempuserServiceImpl
[DEBUG] 2018-10-15 16:13:20,245 org.nutz.ioc.loader.annotation.AnnotationIocLoader.addClass(AnnotationIocLoader.java:76) - Found @IocBean : class cn.wizzer.app.sys.modules.services.impl.SysUnitServiceImpl
[DEBUG] 2018-10-15 16:13:20,245 org.nutz.ioc.loader.annotation.AnnotationIocLoader.addClass(AnnotationIocLoader.java:76) - Found @IocBean : class cn.wizzer.app.sys.modules.services.impl.SysUserServiceImpl
[DEBUG] 2018-10-15 16:13:20,245 org.nutz.ioc.loader.annotation.AnnotationIocLoader.addClass(AnnotationIocLoader.java:76) - Found @IocBean : class cn.wizzer.app.sys.modules.services.impl.SysVersionServiceImpl
[DEBUG] 2018-10-15 16:13:20,245 org.nutz.ioc.loader.annotation.AnnotationIocLoader.addClass(AnnotationIocLoader.java:76) - Found @IocBean : class cn.wizzer.app.sys.modules.services.impl.SysWxDeptServiceImpl
[DEBUG] 2018-10-15 16:13:20,245 org.nutz.ioc.loader.annotation.AnnotationIocLoader.addClass(AnnotationIocLoader.java:76) - Found @IocBean : class cn.wizzer.app.sys.modules.services.impl.SysWxServiceImpl
[DEBUG] 2018-10-15 16:13:20,245 org.nutz.ioc.loader.annotation.AnnotationIocLoader.addClass(AnnotationIocLoader.java:76) - Found @IocBean : class cn.wizzer.app.sys.modules.services.impl.SysWxUserServiceImpl
[DEBUG] 2018-10-15 16:13:20,246 org.nutz.ioc.loader.annotation.AnnotationIocLoader.addClass(AnnotationIocLoader.java:76) - Found @IocBean : class cn.wizzer.app.web.commons.plugin.DynamicInterceptor
[DEBUG] 2018-10-15 16:13:20,246 org.nutz.ioc.loader.annotation.AnnotationIocLoader.addClass(AnnotationIocLoader.java:76) - Found @IocBean : class cn.wizzer.app.web.commons.plugin.PluginAopConfigure
[DEBUG] 2018-10-15 16:13:20,246 org.nutz.ioc.loader.annotation.AnnotationIocLoader.addClass(AnnotationIocLoader.java:76) - Found @IocBean : class cn.wizzer.app.web.commons.plugin.PluginMaster
[DEBUG] 2018-10-15 16:13:20,246 org.nutz.ioc.loader.annotation.AnnotationIocLoader.addClass(AnnotationIocLoader.java:76) - Found @IocBean : class cn.wizzer.app.web.commons.quartz.job.orderExecute
[DEBUG] 2018-10-15 16:13:20,246 org.nutz.ioc.loader.annotation.AnnotationIocLoader.addClass(AnnotationIocLoader.java:76) - Found @IocBean : class cn.wizzer.app.web.commons.quartz.job.TestJob
[DEBUG] 2018-10-15 16:13:20,246 org.nutz.ioc.loader.annotation.AnnotationIocLoader.addClass(AnnotationIocLoader.java:76) - Found @IocBean : class cn.wizzer.app.web.commons.services.email.EmailService
[DEBUG] 2018-10-15 16:13:20,246 org.nutz.ioc.loader.annotation.AnnotationIocLoader.addClass(AnnotationIocLoader.java:76) - Found @IocBean : class cn.wizzer.app.web.commons.services.qrcode.QrcodeService
[DEBUG] 2018-10-15 16:13:20,247 org.nutz.ioc.loader.annotation.AnnotationIocLoader.addClass(AnnotationIocLoader.java:76) - Found @IocBean : class cn.wizzer.app.web.commons.services.wx.TplService
[DEBUG] 2018-10-15 16:13:20,247 org.nutz.ioc.loader.annotation.AnnotationIocLoader.addClass(AnnotationIocLoader.java:76) - Found @IocBean : class cn.wizzer.app.web.commons.services.wx.WxHandler
[DEBUG] 2018-10-15 16:13:20,247 org.nutz.ioc.loader.annotation.AnnotationIocLoader.addClass(AnnotationIocLoader.java:76) - Found @IocBean : class cn.wizzer.app.web.commons.shiro.realm.PlatformAuthorizingRealm
[DEBUG] 2018-10-15 16:13:20,247 org.nutz.ioc.loader.annotation.AnnotationIocLoader.addClass(AnnotationIocLoader.java:76) - Found @IocBean : class cn.wizzer.app.web.commons.slog.SLogAopConfigration
[DEBUG] 2018-10-15 16:13:20,247 org.nutz.ioc.loader.annotation.AnnotationIocLoader.addClass(AnnotationIocLoader.java:76) - Found @IocBean : class cn.wizzer.app.web.commons.slog.SLogService
[DEBUG] 2018-10-15 16:13:20,247 org.nutz.ioc.loader.annotation.AnnotationIocLoader.addClass(AnnotationIocLoader.java:76) - Found @IocBean : class cn.wizzer.app.web.modules.controllers.front.wx.CmsController
[DEBUG] 2018-10-15 16:13:20,247 org.nutz.ioc.loader.annotation.AnnotationIocLoader.addClass(AnnotationIocLoader.java:76) - Found @IocBean : class cn.wizzer.app.web.modules.controllers.front.wx.WechatController
[DEBUG] 2018-10-15 16:13:20,247 org.nutz.ioc.loader.annotation.AnnotationIocLoader.addClass(AnnotationIocLoader.java:76) - Found @IocBean : class cn.wizzer.app.web.modules.controllers.open.api.mobile.MobileBaseController
[DEBUG] 2018-10-15 16:13:20,248 org.nutz.ioc.loader.annotation.AnnotationIocLoader.addClass(AnnotationIocLoader.java:76) - Found @IocBean : class cn.wizzer.app.web.modules.controllers.open.api.mobile.MobileInsController
[DEBUG] 2018-10-15 16:13:20,248 org.nutz.ioc.loader.annotation.AnnotationIocLoader.addClass(AnnotationIocLoader.java:76) - Found @IocBean : class cn.wizzer.app.web.modules.controllers.open.api.mobile.MobileOrderController
[DEBUG] 2018-10-15 16:13:20,248 org.nutz.ioc.loader.annotation.AnnotationIocLoader.addClass(AnnotationIocLoader.java:76) - Found @IocBean : class cn.wizzer.app.web.modules.controllers.open.api.mobile.MobileSysController
[DEBUG] 2018-10-15 16:13:20,248 org.nutz.ioc.loader.annotation.AnnotationIocLoader.addClass(AnnotationIocLoader.java:76) - Found @IocBean : class cn.wizzer.app.web.modules.controllers.open.api.pad.PadInsController
[DEBUG] 2018-10-15 16:13:20,248 org.nutz.ioc.loader.annotation.AnnotationIocLoader.addClass(AnnotationIocLoader.java:76) - Found @IocBean : class cn.wizzer.app.web.modules.controllers.open.api.pad.PadOrderController
[DEBUG] 2018-10-15 16:13:20,248 org.nutz.ioc.loader.annotation.AnnotationIocLoader.addClass(AnnotationIocLoader.java:76) - Found @IocBean : class cn.wizzer.app.web.modules.controllers.open.api.pad.PadSysController
[DEBUG] 2018-10-15 16:13:20,248 org.nutz.ioc.loader.annotation.AnnotationIocLoader.addClass(AnnotationIocLoader.java:76) - Found @IocBean : class cn.wizzer.app.web.modules.controllers.open.api.test.ApiTestController
[DEBUG] 2018-10-15 16:13:20,249 org.nutz.ioc.loader.annotation.AnnotationIocLoader.addClass(AnnotationIocLoader.java:76) - Found @IocBean : class cn.wizzer.app.web.modules.controllers.open.api.token.TokenController
[DEBUG] 2018-10-15 16:13:20,249 org.nutz.ioc.loader.annotation.AnnotationIocLoader.addClass(AnnotationIocLoader.java:76) - Found @IocBean : class cn.wizzer.app.web.modules.controllers.open.api.userpermission.UserpermissionController
[DEBUG] 2018-10-15 16:13:20,249 org.nutz.ioc.loader.annotation.AnnotationIocLoader.addClass(AnnotationIocLoader.java:76) - Found @IocBean : class cn.wizzer.app.web.modules.controllers.open.file.UploadController
[DEBUG] 2018-10-15 16:13:20,249 org.nutz.ioc.loader.annotation.AnnotationIocLoader.addClass(AnnotationIocLoader.java:76) - Found @IocBean : class cn.wizzer.app.web.modules.controllers.open.pay.WxPayBackController
[DEBUG] 2018-10-15 16:13:20,249 org.nutz.ioc.loader.annotation.AnnotationIocLoader.addClass(AnnotationIocLoader.java:76) - Found @IocBean : class cn.wizzer.app.web.modules.controllers.open.ueditor.BdController
[DEBUG] 2018-10-15 16:13:20,249 org.nutz.ioc.loader.annotation.AnnotationIocLoader.addClass(AnnotationIocLoader.java:76) - Found @IocBean : class cn.wizzer.app.web.modules.controllers.open.ueditor.WxController
[DEBUG] 2018-10-15 16:13:20,249 org.nutz.ioc.loader.annotation.AnnotationIocLoader.addClass(AnnotationIocLoader.java:76) - Found @IocBean : class cn.wizzer.app.web.modules.controllers.open.wx.WeixinController
[DEBUG] 2018-10-15 16:13:20,249 org.nutz.ioc.loader.annotation.AnnotationIocLoader.addClass(AnnotationIocLoader.java:76) - Found @IocBean : class cn.wizzer.app.web.modules.controllers.platform.base.BaseAirmeterialController
[DEBUG] 2018-10-15 16:13:20,249 org.nutz.ioc.loader.annotation.AnnotationIocLoader.addClass(AnnotationIocLoader.java:76) - Found @IocBean : class cn.wizzer.app.web.modules.controllers.platform.base.BaseAirportController
[DEBUG] 2018-10-15 16:13:20,250 org.nutz.ioc.loader.annotation.AnnotationIocLoader.addClass(AnnotationIocLoader.java:76) - Found @IocBean : class cn.wizzer.app.web.modules.controllers.platform.base.BaseCnctobjController
[DEBUG] 2018-10-15 16:13:20,250 org.nutz.ioc.loader.annotation.AnnotationIocLoader.addClass(AnnotationIocLoader.java:76) - Found @IocBean : class cn.wizzer.app.web.modules.controllers.platform.base.BaseCustomerController
[DEBUG] 2018-10-15 16:13:20,250 org.nutz.ioc.loader.annotation.AnnotationIocLoader.addClass(AnnotationIocLoader.java:76) - Found @IocBean : class cn.wizzer.app.web.modules.controllers.platform.base.BaseDeptController
[DEBUG] 2018-10-15 16:13:20,250 org.nutz.ioc.loader.annotation.AnnotationIocLoader.addClass(AnnotationIocLoader.java:76) - Found @IocBean : class cn.wizzer.app.web.modules.controllers.platform.base.BaseJobController
[DEBUG] 2018-10-15 16:13:20,250 org.nutz.ioc.loader.annotation.AnnotationIocLoader.addClass(AnnotationIocLoader.java:76) - Found @IocBean : class cn.wizzer.app.web.modules.controllers.platform.base.BasePersonController
[DEBUG] 2018-10-15 16:13:20,250 org.nutz.ioc.loader.annotation.AnnotationIocLoader.addClass(AnnotationIocLoader.java:76) - Found @IocBean : class cn.wizzer.app.web.modules.controllers.platform.base.BasePersonpoolController
[DEBUG] 2018-10-15 16:13:20,250 org.nutz.ioc.loader.annotation.AnnotationIocLoader.addClass(AnnotationIocLoader.java:76) - Found @IocBean : class cn.wizzer.app.web.modules.controllers.platform.base.BasePlaceController
[DEBUG] 2018-10-15 16:13:20,250 org.nutz.ioc.loader.annotation.AnnotationIocLoader.addClass(AnnotationIocLoader.java:76) - Found @IocBean : class cn.wizzer.app.web.modules.controllers.platform.base.BasePostController
[DEBUG] 2018-10-15 16:13:20,250 org.nutz.ioc.loader.annotation.AnnotationIocLoader.addClass(AnnotationIocLoader.java:76) - Found @IocBean : class cn.wizzer.app.web.modules.controllers.platform.base.BaseRowofficeController
[DEBUG] 2018-10-15 16:13:20,251 org.nutz.ioc.loader.annotation.AnnotationIocLoader.addClass(AnnotationIocLoader.java:76) - Found @IocBean : class cn.wizzer.app.web.modules.controllers.platform.base.BaseRowofficeentryController
[DEBUG] 2018-10-15 16:13:20,251 org.nutz.ioc.loader.annotation.AnnotationIocLoader.addClass(AnnotationIocLoader.java:76) - Found @IocBean : class cn.wizzer.app.web.modules.controllers.platform.base.BaseVehicleController
[DEBUG] 2018-10-15 16:13:20,251 org.nutz.ioc.loader.annotation.AnnotationIocLoader.addClass(AnnotationIocLoader.java:76) - Found @IocBean : class cn.wizzer.app.web.modules.controllers.platform.base.BaseWarehouseController
[DEBUG] 2018-10-15 16:13:20,251 org.nutz.ioc.loader.annotation.AnnotationIocLoader.addClass(AnnotationIocLoader.java:76) - Found @IocBean : class cn.wizzer.app.web.modules.controllers.platform.cms.CmsArticleController
[DEBUG] 2018-10-15 16:13:20,251 org.nutz.ioc.loader.annotation.AnnotationIocLoader.addClass(AnnotationIocLoader.java:76) - Found @IocBean : class cn.wizzer.app.web.modules.controllers.platform.cms.CmsChannelController
[DEBUG] 2018-10-15 16:13:20,251 org.nutz.ioc.loader.annotation.AnnotationIocLoader.addClass(AnnotationIocLoader.java:76) - Found @IocBean : class cn.wizzer.app.web.modules.controllers.platform.cms.CmsLinkClassController
[DEBUG] 2018-10-15 16:13:20,251 org.nutz.ioc.loader.annotation.AnnotationIocLoader.addClass(AnnotationIocLoader.java:76) - Found @IocBean : class cn.wizzer.app.web.modules.controllers.platform.cms.CmsLinkController
[DEBUG] 2018-10-15 16:13:20,251 org.nutz.ioc.loader.annotation.AnnotationIocLoader.addClass(AnnotationIocLoader.java:76) - Found @IocBean : class cn.wizzer.app.web.modules.controllers.platform.cms.CmsSiteController
[DEBUG] 2018-10-15 16:13:20,251 org.nutz.ioc.loader.annotation.AnnotationIocLoader.addClass(AnnotationIocLoader.java:76) - Found @IocBean : class cn.wizzer.app.web.modules.controllers.platform.ins.InsBaseinsController
[DEBUG] 2018-10-15 16:13:20,251 org.nutz.ioc.loader.annotation.AnnotationIocLoader.addClass(AnnotationIocLoader.java:76) - Found @IocBean : class cn.wizzer.app.web.modules.controllers.platform.ins.InsBaseinsSpaceController
[DEBUG] 2018-10-15 16:13:20,252 org.nutz.ioc.loader.annotation.AnnotationIocLoader.addClass(AnnotationIocLoader.java:76) - Found @IocBean : class cn.wizzer.app.web.modules.controllers.platform.ins.InsCabinetController
[DEBUG] 2018-10-15 16:13:20,252 org.nutz.ioc.loader.annotation.AnnotationIocLoader.addClass(AnnotationIocLoader.java:76) - Found @IocBean : class cn.wizzer.app.web.modules.controllers.platform.ins.InsCommonController
[DEBUG] 2018-10-15 16:13:20,252 org.nutz.ioc.loader.annotation.AnnotationIocLoader.addClass(AnnotationIocLoader.java:76) - Found @IocBean : class cn.wizzer.app.web.modules.controllers.platform.ins.InsInstrumentController
[DEBUG] 2018-10-15 16:13:20,252 org.nutz.ioc.loader.annotation.AnnotationIocLoader.addClass(AnnotationIocLoader.java:76) - Found @IocBean : class cn.wizzer.app.web.modules.controllers.platform.ins.InsLockController
[DEBUG] 2018-10-15 16:13:20,252 org.nutz.ioc.loader.annotation.AnnotationIocLoader.addClass(AnnotationIocLoader.java:76) - Found @IocBean : class cn.wizzer.app.web.modules.controllers.platform.ins.InsOrderController
[DEBUG] 2018-10-15 16:13:20,252 org.nutz.ioc.loader.annotation.AnnotationIocLoader.addClass(AnnotationIocLoader.java:76) - Found @IocBean : class cn.wizzer.app.web.modules.controllers.platform.ins.InsOrderentryController
[DEBUG] 2018-10-15 16:13:20,253 org.nutz.ioc.loader.annotation.AnnotationIocLoader.addClass(AnnotationIocLoader.java:76) - Found @IocBean : class cn.wizzer.app.web.modules.controllers.platform.ins.InsRepairController
[DEBUG] 2018-10-15 16:13:20,253 org.nutz.ioc.loader.annotation.AnnotationIocLoader.addClass(AnnotationIocLoader.java:76) - Found @IocBean : class cn.wizzer.app.web.modules.controllers.platform.ins.InsRepairtrackController
[DEBUG] 2018-10-15 16:13:20,253 org.nutz.ioc.loader.annotation.AnnotationIocLoader.addClass(AnnotationIocLoader.java:76) - Found @IocBean : class cn.wizzer.app.web.modules.controllers.platform.ins.InsRfheadController
[DEBUG] 2018-10-15 16:13:20,253 org.nutz.ioc.loader.annotation.AnnotationIocLoader.addClass(AnnotationIocLoader.java:76) - Found @IocBean : class cn.wizzer.app.web.modules.controllers.platform.ins.InsRfidController
[DEBUG] 2018-10-15 16:13:20,253 org.nutz.ioc.loader.annotation.AnnotationIocLoader.addClass(AnnotationIocLoader.java:76) - Found @IocBean : class cn.wizzer.app.web.modules.controllers.platform.ins.InsSpaceController
[DEBUG] 2018-10-15 16:13:20,253 org.nutz.ioc.loader.annotation.AnnotationIocLoader.addClass(AnnotationIocLoader.java:76) - Found @IocBean : class cn.wizzer.app.web.modules.controllers.platform.ins.InsToolcabinetController
[DEBUG] 2018-10-15 16:13:20,253 org.nutz.ioc.loader.annotation.AnnotationIocLoader.addClass(AnnotationIocLoader.java:76) - Found @IocBean : class cn.wizzer.app.web.modules.controllers.platform.ins.InsTransmitController
[DEBUG] 2018-10-15 16:13:20,253 org.nutz.ioc.loader.annotation.AnnotationIocLoader.addClass(AnnotationIocLoader.java:76) - Found @IocBean : class cn.wizzer.app.web.modules.controllers.platform.logistics.LogisticsDeliveryorderController
[DEBUG] 2018-10-15 16:13:20,253 org.nutz.ioc.loader.annotation.AnnotationIocLoader.addClass(AnnotationIocLoader.java:76) - Found @IocBean : class cn.wizzer.app.web.modules.controllers.platform.logistics.LogisticsDeliveryorderentryController
[DEBUG] 2018-10-15 16:13:20,254 org.nutz.ioc.loader.annotation.AnnotationIocLoader.addClass(AnnotationIocLoader.java:76) - Found @IocBean : class cn.wizzer.app.web.modules.controllers.platform.logistics.LogisticsEntourageController
[DEBUG] 2018-10-15 16:13:20,254 org.nutz.ioc.loader.annotation.AnnotationIocLoader.addClass(AnnotationIocLoader.java:76) - Found @IocBean : class cn.wizzer.app.web.modules.controllers.platform.logistics.LogisticsOrderController
[DEBUG] 2018-10-15 16:13:20,254 org.nutz.ioc.loader.annotation.AnnotationIocLoader.addClass(AnnotationIocLoader.java:76) - Found @IocBean : class cn.wizzer.app.web.modules.controllers.platform.logistics.LogisticsOrderdeliveryController
[DEBUG] 2018-10-15 16:13:20,254 org.nutz.ioc.loader.annotation.AnnotationIocLoader.addClass(AnnotationIocLoader.java:76) - Found @IocBean : class cn.wizzer.app.web.modules.controllers.platform.logistics.LogisticsOrderentryController
[DEBUG] 2018-10-15 16:13:20,254 org.nutz.ioc.loader.annotation.AnnotationIocLoader.addClass(AnnotationIocLoader.java:76) - Found @IocBean : class cn.wizzer.app.web.modules.controllers.platform.logistics.LogisticsOrderplanController
[DEBUG] 2018-10-15 16:13:20,254 org.nutz.ioc.loader.annotation.AnnotationIocLoader.addClass(AnnotationIocLoader.java:76) - Found @IocBean : class cn.wizzer.app.web.modules.controllers.platform.logistics.LogisticsOrderplanentryController
[DEBUG] 2018-10-15 16:13:20,254 org.nutz.ioc.loader.annotation.AnnotationIocLoader.addClass(AnnotationIocLoader.java:76) - Found @IocBean : class cn.wizzer.app.web.modules.controllers.platform.logistics.LogisticsOrderrejectController
[DEBUG] 2018-10-15 16:13:20,254 org.nutz.ioc.loader.annotation.AnnotationIocLoader.addClass(AnnotationIocLoader.java:76) - Found @IocBean : class cn.wizzer.app.web.modules.controllers.platform.logistics.LogisticsOrderstepController
[DEBUG] 2018-10-15 16:13:20,254 org.nutz.ioc.loader.annotation.AnnotationIocLoader.addClass(AnnotationIocLoader.java:76) - Found @IocBean : class cn.wizzer.app.web.modules.controllers.platform.logistics.LogisticsSendapprovalController
[DEBUG] 2018-10-15 16:13:20,254 org.nutz.ioc.loader.annotation.AnnotationIocLoader.addClass(AnnotationIocLoader.java:76) - Found @IocBean : class cn.wizzer.app.web.modules.controllers.platform.logistics.LogisticsSendgoodsController
[DEBUG] 2018-10-15 16:13:20,255 org.nutz.ioc.loader.annotation.AnnotationIocLoader.addClass(AnnotationIocLoader.java:76) - Found @IocBean : class cn.wizzer.app.web.modules.controllers.platform.logistics.LogisticsSendplanController
[DEBUG] 2018-10-15 16:13:20,255 org.nutz.ioc.loader.annotation.AnnotationIocLoader.addClass(AnnotationIocLoader.java:76) - Found @IocBean : class cn.wizzer.app.web.modules.controllers.platform.logistics.LogisticsSendtraceController
[DEBUG] 2018-10-15 16:13:20,255 org.nutz.ioc.loader.annotation.AnnotationIocLoader.addClass(AnnotationIocLoader.java:76) - Found @IocBean : class cn.wizzer.app.web.modules.controllers.platform.logistics.LogisticsUnplanController
[DEBUG] 2018-10-15 16:13:20,255 org.nutz.ioc.loader.annotation.AnnotationIocLoader.addClass(AnnotationIocLoader.java:76) - Found @IocBean : class cn.wizzer.app.web.modules.controllers.platform.sys.SysApiController
[DEBUG] 2018-10-15 16:13:20,255 org.nutz.ioc.loader.annotation.AnnotationIocLoader.addClass(AnnotationIocLoader.java:76) - Found @IocBean : class cn.wizzer.app.web.modules.controllers.platform.sys.SysBarcodeController
[DEBUG] 2018-10-15 16:13:20,255 org.nutz.ioc.loader.annotation.AnnotationIocLoader.addClass(AnnotationIocLoader.java:76) - Found @IocBean : class cn.wizzer.app.web.modules.controllers.platform.sys.SysConfController
[DEBUG] 2018-10-15 16:13:20,255 org.nutz.ioc.loader.annotation.AnnotationIocLoader.addClass(AnnotationIocLoader.java:76) - Found @IocBean : class cn.wizzer.app.web.modules.controllers.platform.sys.SysDictController
[DEBUG] 2018-10-15 16:13:20,256 org.nutz.ioc.loader.annotation.AnnotationIocLoader.addClass(AnnotationIocLoader.java:76) - Found @IocBean : class cn.wizzer.app.web.modules.controllers.platform.sys.SysHomeController
[DEBUG] 2018-10-15 16:13:20,256 org.nutz.ioc.loader.annotation.AnnotationIocLoader.addClass(AnnotationIocLoader.java:76) - Found @IocBean : class cn.wizzer.app.web.modules.controllers.platform.sys.SysLogController
[DEBUG] 2018-10-15 16:13:20,256 org.nutz.ioc.loader.annotation.AnnotationIocLoader.addClass(AnnotationIocLoader.java:76) - Found @IocBean : class cn.wizzer.app.web.modules.controllers.platform.sys.SysLoginController
[DEBUG] 2018-10-15 16:13:20,256 org.nutz.ioc.loader.annotation.AnnotationIocLoader.addClass(AnnotationIocLoader.java:76) - Found @IocBean : class cn.wizzer.app.web.modules.controllers.platform.sys.SysMenuController
[DEBUG] 2018-10-15 16:13:20,256 org.nutz.ioc.loader.annotation.AnnotationIocLoader.addClass(AnnotationIocLoader.java:76) - Found @IocBean : class cn.wizzer.app.web.modules.controllers.platform.sys.SysMobileController
[DEBUG] 2018-10-15 16:13:20,256 org.nutz.ioc.loader.annotation.AnnotationIocLoader.addClass(AnnotationIocLoader.java:76) - Found @IocBean : class cn.wizzer.app.web.modules.controllers.platform.sys.SysPluginController
[DEBUG] 2018-10-15 16:13:20,256 org.nutz.ioc.loader.annotation.AnnotationIocLoader.addClass(AnnotationIocLoader.java:76) - Found @IocBean : class cn.wizzer.app.web.modules.controllers.platform.sys.SysRegistauditController
[DEBUG] 2018-10-15 16:13:20,256 org.nutz.ioc.loader.annotation.AnnotationIocLoader.addClass(AnnotationIocLoader.java:76) - Found @IocBean : class cn.wizzer.app.web.modules.controllers.platform.sys.SysRoleController
[DEBUG] 2018-10-15 16:13:20,257 org.nutz.ioc.loader.annotation.AnnotationIocLoader.addClass(AnnotationIocLoader.java:76) - Found @IocBean : class cn.wizzer.app.web.modules.controllers.platform.sys.SysRouteController
[DEBUG] 2018-10-15 16:13:20,257 org.nutz.ioc.loader.annotation.AnnotationIocLoader.addClass(AnnotationIocLoader.java:76) - Found @IocBean : class cn.wizzer.app.web.modules.controllers.platform.sys.SysTaskController
[DEBUG] 2018-10-15 16:13:20,257 org.nutz.ioc.loader.annotation.AnnotationIocLoader.addClass(AnnotationIocLoader.java:76) - Found @IocBean : class cn.wizzer.app.web.modules.controllers.platform.sys.SysTempuserController
[DEBUG] 2018-10-15 16:13:20,257 org.nutz.ioc.loader.annotation.AnnotationIocLoader.addClass(AnnotationIocLoader.java:76) - Found @IocBean : class cn.wizzer.app.web.modules.controllers.platform.sys.SysUnitController
[DEBUG] 2018-10-15 16:13:20,257 org.nutz.ioc.loader.annotation.AnnotationIocLoader.addClass(AnnotationIocLoader.java:76) - Found @IocBean : class cn.wizzer.app.web.modules.controllers.platform.sys.SysUserController
[DEBUG] 2018-10-15 16:13:20,257 org.nutz.ioc.loader.annotation.AnnotationIocLoader.addClass(AnnotationIocLoader.java:76) - Found @IocBean : class cn.wizzer.app.web.modules.controllers.platform.sys.SysVersionController
[DEBUG] 2018-10-15 16:13:20,257 org.nutz.ioc.loader.annotation.AnnotationIocLoader.addClass(AnnotationIocLoader.java:76) - Found @IocBean : class cn.wizzer.app.web.modules.controllers.platform.sys.SysWxController
[DEBUG] 2018-10-15 16:13:20,257 org.nutz.ioc.loader.annotation.AnnotationIocLoader.addClass(AnnotationIocLoader.java:76) - Found @IocBean : class cn.wizzer.app.web.modules.controllers.platform.sys.SysWxDeptController
[DEBUG] 2018-10-15 16:13:20,258 org.nutz.ioc.loader.annotation.AnnotationIocLoader.addClass(AnnotationIocLoader.java:76) - Found @IocBean : class cn.wizzer.app.web.modules.controllers.platform.sys.SysWxUserController
[DEBUG] 2018-10-15 16:13:20,258 org.nutz.ioc.loader.annotation.AnnotationIocLoader.addClass(AnnotationIocLoader.java:76) - Found @IocBean : class cn.wizzer.app.web.modules.controllers.platform.wx.WxConfigController
[DEBUG] 2018-10-15 16:13:20,258 org.nutz.ioc.loader.annotation.AnnotationIocLoader.addClass(AnnotationIocLoader.java:76) - Found @IocBean : class cn.wizzer.app.web.modules.controllers.platform.wx.WxMassController
[DEBUG] 2018-10-15 16:13:20,258 org.nutz.ioc.loader.annotation.AnnotationIocLoader.addClass(AnnotationIocLoader.java:76) - Found @IocBean : class cn.wizzer.app.web.modules.controllers.platform.wx.WxMenuController
[DEBUG] 2018-10-15 16:13:20,258 org.nutz.ioc.loader.annotation.AnnotationIocLoader.addClass(AnnotationIocLoader.java:76) - Found @IocBean : class cn.wizzer.app.web.modules.controllers.platform.wx.WxMsgUserController
[DEBUG] 2018-10-15 16:13:20,258 org.nutz.ioc.loader.annotation.AnnotationIocLoader.addClass(AnnotationIocLoader.java:76) - Found @IocBean : class cn.wizzer.app.web.modules.controllers.platform.wx.WxPayTestController
[DEBUG] 2018-10-15 16:13:20,258 org.nutz.ioc.loader.annotation.AnnotationIocLoader.addClass(AnnotationIocLoader.java:76) - Found @IocBean : class cn.wizzer.app.web.modules.controllers.platform.wx.WxReplyController
[DEBUG] 2018-10-15 16:13:20,258 org.nutz.ioc.loader.annotation.AnnotationIocLoader.addClass(AnnotationIocLoader.java:76) - Found @IocBean : class cn.wizzer.app.web.modules.controllers.platform.wx.WxReplyNewsController
[DEBUG] 2018-10-15 16:13:20,258 org.nutz.ioc.loader.annotation.AnnotationIocLoader.addClass(AnnotationIocLoader.java:76) - Found @IocBean : class cn.wizzer.app.web.modules.controllers.platform.wx.WxReplyTxtController
[DEBUG] 2018-10-15 16:13:20,258 org.nutz.ioc.loader.annotation.AnnotationIocLoader.addClass(AnnotationIocLoader.java:76) - Found @IocBean : class cn.wizzer.app.web.modules.controllers.platform.wx.WxTplIdController
[DEBUG] 2018-10-15 16:13:20,259 org.nutz.ioc.loader.annotation.AnnotationIocLoader.addClass(AnnotationIocLoader.java:76) - Found @IocBean : class cn.wizzer.app.web.modules.controllers.platform.wx.WxTplListController
[DEBUG] 2018-10-15 16:13:20,259 org.nutz.ioc.loader.annotation.AnnotationIocLoader.addClass(AnnotationIocLoader.java:76) - Found @IocBean : class cn.wizzer.app.web.modules.controllers.platform.wx.WxTplLogController
[DEBUG] 2018-10-15 16:13:20,259 org.nutz.ioc.loader.annotation.AnnotationIocLoader.addClass(AnnotationIocLoader.java:76) - Found @IocBean : class cn.wizzer.app.web.modules.controllers.platform.wx.WxUserController
[DEBUG] 2018-10-15 16:13:20,259 org.nutz.ioc.loader.annotation.AnnotationIocLoader.addClass(AnnotationIocLoader.java:76) - Found @IocBean : class cn.wizzer.app.wx.modules.services.impl.WxConfigServiceImpl
[DEBUG] 2018-10-15 16:13:20,260 org.nutz.ioc.loader.annotation.AnnotationIocLoader.addClass(AnnotationIocLoader.java:76) - Found @IocBean : class cn.wizzer.app.wx.modules.services.impl.WxMassNewsServiceImpl
[DEBUG] 2018-10-15 16:13:20,260 org.nutz.ioc.loader.annotation.AnnotationIocLoader.addClass(AnnotationIocLoader.java:76) - Found @IocBean : class cn.wizzer.app.wx.modules.services.impl.WxMassSendServiceImpl
[DEBUG] 2018-10-15 16:13:20,260 org.nutz.ioc.loader.annotation.AnnotationIocLoader.addClass(AnnotationIocLoader.java:76) - Found @IocBean : class cn.wizzer.app.wx.modules.services.impl.WxMassServiceImpl
[DEBUG] 2018-10-15 16:13:20,260 org.nutz.ioc.loader.annotation.AnnotationIocLoader.addClass(AnnotationIocLoader.java:76) - Found @IocBean : class cn.wizzer.app.wx.modules.services.impl.WxMenuServiceImpl
[DEBUG] 2018-10-15 16:13:20,260 org.nutz.ioc.loader.annotation.AnnotationIocLoader.addClass(AnnotationIocLoader.java:76) - Found @IocBean : class cn.wizzer.app.wx.modules.services.impl.WxMsgReplyServiceImpl
[DEBUG] 2018-10-15 16:13:20,260 org.nutz.ioc.loader.annotation.AnnotationIocLoader.addClass(AnnotationIocLoader.java:76) - Found @IocBean : class cn.wizzer.app.wx.modules.services.impl.WxMsgServiceImpl
[DEBUG] 2018-10-15 16:13:20,260 org.nutz.ioc.loader.annotation.AnnotationIocLoader.addClass(AnnotationIocLoader.java:76) - Found @IocBean : class cn.wizzer.app.wx.modules.services.impl.WxReplyNewsServiceImpl
[DEBUG] 2018-10-15 16:13:20,260 org.nutz.ioc.loader.annotation.AnnotationIocLoader.addClass(AnnotationIocLoader.java:76) - Found @IocBean : class cn.wizzer.app.wx.modules.services.impl.WxReplyServiceImpl
[DEBUG] 2018-10-15 16:13:20,261 org.nutz.ioc.loader.annotation.AnnotationIocLoader.addClass(AnnotationIocLoader.java:76) - Found @IocBean : class cn.wizzer.app.wx.modules.services.impl.WxReplyTxtServiceImpl
[DEBUG] 2018-10-15 16:13:20,261 org.nutz.ioc.loader.annotation.AnnotationIocLoader.addClass(AnnotationIocLoader.java:76) - Found @IocBean : class cn.wizzer.app.wx.modules.services.impl.WxTplIdServiceImpl
[DEBUG] 2018-10-15 16:13:20,261 org.nutz.ioc.loader.annotation.AnnotationIocLoader.addClass(AnnotationIocLoader.java:76) - Found @IocBean : class cn.wizzer.app.wx.modules.services.impl.WxTplListServiceImpl
[DEBUG] 2018-10-15 16:13:20,261 org.nutz.ioc.loader.annotation.AnnotationIocLoader.addClass(AnnotationIocLoader.java:76) - Found @IocBean : class cn.wizzer.app.wx.modules.services.impl.WxTplLogServiceImpl
[DEBUG] 2018-10-15 16:13:20,261 org.nutz.ioc.loader.annotation.AnnotationIocLoader.addClass(AnnotationIocLoader.java:76) - Found @IocBean : class cn.wizzer.app.wx.modules.services.impl.WxUserServiceImpl
[DEBUG] 2018-10-15 16:13:20,261 org.nutz.ioc.loader.annotation.AnnotationIocLoader.addClass(AnnotationIocLoader.java:76) - Found @IocBean : class cn.wizzer.test.SimpleTest
[DEBUG] 2018-10-15 16:13:20,264 org.nutz.resource.Scans.scan(Scans.java:274) - Found 0 resource by src( org/nutz/apidoc/ ) , regex( ^.+[.]class$ )
[INFO ] 2018-10-15 16:13:20,265 org.nutz.ioc.loader.annotation.AnnotationIocLoader.<init>(AnnotationIocLoader.java:52) - Found 204 classes in 2 base-packages!
beans = ["wxTplListController", "uploadController", "wxReplyTxtServiceImpl", "logisticsSendplanController", "baseJobServiceImpl", "dateUtil", "qrcodeService", "logisticsSendgoodsServiceImpl", "logisticsOrderentryController", "insLockController", "baseRowofficeentryServiceImpl", "cmsChannelServiceImpl", "insBaseinsServiceImpl", "orderExecute", "cmsArticleController", "basePostController", "baseAirmeterialServiceImpl", "basePersonController", "logisticsOrderplanServiceImpl", "cmsLinkClassController", "basePostServiceImpl", "baseRowofficeServiceImpl", "baseJobController", "baseRowofficeController", "wxReplyController", "insRepairController", "sysConfigServiceImpl", "basePersonpoolController", "baseVehicleController", "wxMsgServiceImpl", "wxPayBackController", "logisticsUnplanController", "mobileInsController", "sysTaskController", "sysBarcodeController", "insTransmitController", "sysDictServiceImpl", "wxConfigServiceImpl", "baseAirportServiceImpl", "apiTestController", "sysMenuController", "cmsSiteServiceImpl", "mobileSysController", "cmsLinkController", "insCommonController", "logisticsOrderplanentryServiceImpl", "insInstrumentController", "sysRegistauditServiceImpl", "insLockServiceImpl", "insOrderController", "wechatController", "wxMsgUserController", "sysDictController", "sysWxUserController", "logisticsDeliveryorderentryController", "basePersonServiceImpl", "insOrderentryServiceImpl", "insRepairtrackController", "insInstrumentServiceImpl", "logisticsSendapprovalServiceImpl", "logisticsOrderdeliveryController", "wxTplListServiceImpl", "tplService", "sysPluginServiceImpl", "insRfheadController", "logisticsSendgoodsController", "mobileBaseController", "baseCnctobjServiceImpl", "nutShiroMethodInterceptor", "insCabinetServiceImpl", "basePlaceServiceImpl", "baseVehicleServiceImpl", "cmsLinkClassServiceImpl", "sysHomeController", "insRfheadServiceImpl", "sysMobileController", "wxMassServiceImpl", "logisticsOrderentryServiceImpl", "logisticsSendplanServiceImpl", "logisticsOrderrejectServiceImpl", "wxHandler", "cmsChannelController", "wxController", "rabbitProducer", "sysTaskServiceImpl", "sysVersionController", "shiroUtil", "wxReplyTxtController", "sysPluginController", "logisticsSendtraceController", "sysApiServiceImpl", "logisticsEntourageServiceImpl", "sLogService", "baseAirportController", "sysApiController", "wxTplIdController", "insSpaceServiceImpl", "logisticsOrderController", "sysTempuserController", "sysUserController", "platformAuthorizingRealm", "testJob", "$aop_1_plugin", "sysRegistauditController", "wxReplyNewsServiceImpl", "insTransmitServiceImpl", "sysLoginController", "wxTplLogServiceImpl", "sysUserServiceImpl", "sysRoleServiceImpl", "sysRouteController", "idcardUtil", "basePlaceController", "sysWxDeptController", "logisticsOrderplanentryController", "userpermissionController", "sysWxServiceImpl", "cmsController", "logisticsSendtraceServiceImpl", "insOrderentryController", "logisticsSendapprovalController", "wxMenuController", "insOrderServiceImpl", "weixinController", "code128Util", "insRepairServiceImpl", "logisticsOrderplanController", "wxMsgReplyServiceImpl", "logisticsOrderdeliveryServiceImpl", "cmsArticleServiceImpl", "baseCnctobjController", "baseCustomerController", "insBaseinsController", "insRfidServiceImpl", "cookieUtil", "baseRowofficeentryController", "logisticsOrderstepServiceImpl", "wxReplyServiceImpl", "bdController", "redisIdGenerator", "insBaseinsSpaceServiceImpl", "cmsSiteController", "logisticsDeliveryorderServiceImpl", "insCabinetController", "logisticsOrderServiceImpl", "sysWxDeptServiceImpl", "sysWxController", "mobileOrderController", "sysRoleController", "logisticsEntourageController", "insCommonServiceImpl", "sysUnitController", "padInsController", "wxMassSendServiceImpl", "logisticsDeliveryorderController", "rSAUtil", "wxConfigController", "stringUtil", "baseCustomerServiceImpl", "basePersonpoolServiceImpl", "insBaseinsSpaceController", "wxUserServiceImpl", "insSpaceController", "sysTempuserServiceImpl", "baseWarehouseServiceImpl", "insToolcabinetController", "sysWxUserServiceImpl", "dynamicInterceptor", "sysLogController", "wxMassController", "emailService", "baseWarehouseController", "insToolcabinetServiceImpl", "wxMenuServiceImpl", "wxReplyNewsController", "baseDeptServiceImpl", "sysRouteServiceImpl", "insRepairtrackServiceImpl", "wxMassNewsServiceImpl", "baseAirmeterialController", "sysMenuServiceImpl", "sysMobileServiceImpl", "simpleTest", "logisticsOrderstepController", "sysLogServiceImpl", "logisticsUnplanServiceImpl", "wxTplIdServiceImpl", "logisticsDeliveryorderentryServiceImpl", "$aop_syslog", "padSysController", "baseDeptController", "logisticsOrderrejectController", "padOrderController", "sysBarcodeServiceImpl", "wxTplLogController", "wxUserController", "wxPayTestController", "tokenController", "sysVersionServiceImpl", "cmsLinkServiceImpl", "sysUnitServiceImpl", "insRfidController", "sysConfController", "pluginMaster"]
[DEBUG] 2018-10-15 16:13:20,265 org.nutz.ioc.loader.combo.ComboIocLoader.createIocLoader(ComboIocLoader.java:110) - found jedis -- org.nutz.integration.jedis.JedisIocLoader
[DEBUG] 2018-10-15 16:13:20,267 org.nutz.resource.Scans.scan(Scans.java:274) - Found 1 resource by src( org/nutz/integration/jedis/jedis.js ) , regex( ^(.+[.])(js|json)$ )
[DEBUG] 2018-10-15 16:13:20,267 org.nutz.ioc.loader.json.JsonLoader.<init>(JsonLoader.java:49) - loading [org/nutz/integration/jedis/jedis.js]
[DEBUG] 2018-10-15 16:13:20,268 org.nutz.ioc.loader.json.JsonLoader.<init>(JsonLoader.java:57) - Loaded 9 bean define from path=[org/nutz/integration/jedis/jedis.js] --> [redisService, jedisCluster, jedisClusterNodes, jedisClusterWrapper, pubSubService, jedisPoolConfig, jedisPool, jedisAgent, redis]
[DEBUG] 2018-10-15 16:13:20,268 org.nutz.ioc.loader.json.JsonLoader.<init>(JsonLoader.java:40) - Loaded 5 bean define from reader --
[txREPEATABLE_READ, txSERIALIZABLE, txNONE, txREAD_UNCOMMITTED, txREAD_COMMITTED]
[DEBUG] 2018-10-15 16:13:20,269 org.nutz.ioc.loader.combo.ComboIocLoader.createIocLoader(ComboIocLoader.java:110) - found quartz -- org.nutz.integration.quartz.QuartzIocLoader
[DEBUG] 2018-10-15 16:13:20,270 org.nutz.ioc.loader.json.JsonLoader.<init>(JsonLoader.java:57) - Loaded 0 bean define from path=[] --> []
[DEBUG] 2018-10-15 16:13:20,270 org.nutz.ioc.aop.SimpleAopMaker.<init>(SimpleAopMaker.java:79) - Load AopConfigure for anno=org.nutz.aop.interceptor.async.Async by type=org.nutz.aop.interceptor.async.AsyncAopIocLoader
[DEBUG] 2018-10-15 16:13:20,272 org.nutz.ioc.loader.combo.ComboIocLoader.createIocLoader(ComboIocLoader.java:110) - found rabbitmq -- org.nutz.integration.rabbitmq.RabbitmqIocLoader
[DEBUG] 2018-10-15 16:13:20,273 org.nutz.resource.Scans.scan(Scans.java:274) - Found 1 resource by src( org/nutz/integration/rabbitmq/rabbitmq.js ) , regex( ^(.+[.])(js|json)$ )
[DEBUG] 2018-10-15 16:13:20,274 org.nutz.ioc.loader.json.JsonLoader.<init>(JsonLoader.java:49) - loading [org/nutz/integration/rabbitmq/rabbitmq.js]
[DEBUG] 2018-10-15 16:13:20,274 org.nutz.ioc.loader.json.JsonLoader.<init>(JsonLoader.java:57) - Loaded 2 bean define from path=[org/nutz/integration/rabbitmq/rabbitmq.js] --> [rabbitmq, rabbitmq_cf]
[INFO ] 2018-10-15 16:13:20,275 org.nutz.ioc.impl.NutIoc.<init>(NutIoc.java:98) - NutIoc init begin ...
[INFO ] 2018-10-15 16:13:20,275 org.nutz.ioc.impl.NutIoc.<init>(NutIoc.java:115) - ... NutIoc init complete
[DEBUG] 2018-10-15 16:13:20,275 org.nutz.ioc.impl.NutIoc.get(NutIoc.java:151) - Get 'conf'<class org.nutz.ioc.impl.PropertiesProxy>
[DEBUG] 2018-10-15 16:13:20,277 org.nutz.ioc.impl.NutIoc.get(NutIoc.java:151) - Get '$aop_1_plugin'<interface org.nutz.ioc.aop.config.AopConfigration>
[DEBUG] 2018-10-15 16:13:20,277 org.nutz.ioc.impl.NutIoc.get(NutIoc.java:177) - 	 >> Load definition name=$aop_1_plugin
[DEBUG] 2018-10-15 16:13:20,277 org.nutz.ioc.loader.combo.ComboIocLoader.load(ComboIocLoader.java:161) - Found IocObject($aop_1_plugin) in AnnotationIocLoader(packages=[cn.wizzer, org.nutz.apidoc])
[DEBUG] 2018-10-15 16:13:20,277 org.nutz.ioc.impl.NutIoc.get(NutIoc.java:209) - 	 >> Make...'$aop_1_plugin'<interface org.nutz.ioc.aop.config.AopConfigration>
[DEBUG] 2018-10-15 16:13:20,277 org.nutz.ioc.impl.ScopeContext.save(ScopeContext.java:64) - Save object '$aop_1_plugin' to [app] 
[DEBUG] 2018-10-15 16:13:20,278 org.nutz.ioc.impl.NutIoc.get(NutIoc.java:151) - Get 'dynamicInterceptor'<class cn.wizzer.app.web.commons.plugin.DynamicInterceptor>
[DEBUG] 2018-10-15 16:13:20,278 org.nutz.ioc.impl.NutIoc.get(NutIoc.java:177) - 	 >> Load definition name=dynamicInterceptor
[DEBUG] 2018-10-15 16:13:20,278 org.nutz.ioc.loader.combo.ComboIocLoader.load(ComboIocLoader.java:161) - Found IocObject(dynamicInterceptor) in AnnotationIocLoader(packages=[cn.wizzer, org.nutz.apidoc])
[DEBUG] 2018-10-15 16:13:20,278 org.nutz.ioc.impl.NutIoc.get(NutIoc.java:209) - 	 >> Make...'dynamicInterceptor'<class cn.wizzer.app.web.commons.plugin.DynamicInterceptor>
[DEBUG] 2018-10-15 16:13:20,278 org.nutz.ioc.impl.ScopeContext.save(ScopeContext.java:64) - Save object 'dynamicInterceptor' to [app] 
[DEBUG] 2018-10-15 16:13:20,279 org.nutz.ioc.impl.NutIoc.get(NutIoc.java:151) - Get '$aop_async'<interface org.nutz.ioc.aop.config.AopConfigration>
[DEBUG] 2018-10-15 16:13:20,279 org.nutz.ioc.impl.NutIoc.get(NutIoc.java:177) - 	 >> Load definition name=$aop_async
[DEBUG] 2018-10-15 16:13:20,279 org.nutz.ioc.loader.combo.ComboIocLoader.load(ComboIocLoader.java:161) - Found IocObject($aop_async) in AsyncAopIocLoader@504582810
[DEBUG] 2018-10-15 16:13:20,279 org.nutz.ioc.impl.NutIoc.get(NutIoc.java:209) - 	 >> Make...'$aop_async'<interface org.nutz.ioc.aop.config.AopConfigration>
[DEBUG] 2018-10-15 16:13:20,279 org.nutz.ioc.impl.ScopeContext.save(ScopeContext.java:64) - Save object '$aop_async' to [app] 
[DEBUG] 2018-10-15 16:13:20,279 org.nutz.ioc.impl.NutIoc.get(NutIoc.java:151) - Get '$aop_syslog'<interface org.nutz.ioc.aop.config.AopConfigration>
[DEBUG] 2018-10-15 16:13:20,279 org.nutz.ioc.impl.NutIoc.get(NutIoc.java:177) - 	 >> Load definition name=$aop_syslog
[DEBUG] 2018-10-15 16:13:20,280 org.nutz.ioc.loader.combo.ComboIocLoader.load(ComboIocLoader.java:161) - Found IocObject($aop_syslog) in AnnotationIocLoader(packages=[cn.wizzer, org.nutz.apidoc])
[DEBUG] 2018-10-15 16:13:20,280 org.nutz.ioc.impl.NutIoc.get(NutIoc.java:209) - 	 >> Make...'$aop_syslog'<interface org.nutz.ioc.aop.config.AopConfigration>
[DEBUG] 2018-10-15 16:13:20,280 org.nutz.ioc.impl.ScopeContext.save(ScopeContext.java:64) - Save object '$aop_syslog' to [app] 
[DEBUG] 2018-10-15 16:13:20,280 org.nutz.ioc.aop.SimpleAopMaker.<init>(SimpleAopMaker.java:79) - Load AopConfigure for anno=cn.wizzer.app.web.commons.slog.annotation.SLog by type=cn.wizzer.app.web.commons.slog.SLogAopConfigration
[DEBUG] 2018-10-15 16:13:20,280 org.nutz.ioc.aop.SimpleAopMaker.<init>(SimpleAopMaker.java:79) - Load AopConfigure for anno=org.nutz.ioc.aop.Aop by type=org.nutz.ioc.aop.config.impl.AnnotationAopConfigration
[DEBUG] 2018-10-15 16:13:20,280 org.nutz.ioc.impl.NutIoc.get(NutIoc.java:177) - 	 >> Load definition name=conf
[DEBUG] 2018-10-15 16:13:20,280 org.nutz.ioc.loader.map.MapLoader.load(MapLoader.java:67) - Loading define for name=conf
[DEBUG] 2018-10-15 16:13:20,281 org.nutz.ioc.loader.combo.ComboIocLoader.load(ComboIocLoader.java:161) - Found IocObject(conf) in JsonLoader(paths=[config/ioc/])
[DEBUG] 2018-10-15 16:13:20,281 org.nutz.ioc.impl.NutIoc.get(NutIoc.java:209) - 	 >> Make...'conf'<class org.nutz.ioc.impl.PropertiesProxy>
[DEBUG] 2018-10-15 16:13:20,281 cn.wizzer.app.web.commons.plugin.PluginAopConfigure.getInterceptorPairList(PluginAopConfigure.java:33) - skip -- org.nutz.ioc.impl.PropertiesProxy
[DEBUG] 2018-10-15 16:13:20,281 org.nutz.ioc.aop.impl.DefaultMirrorFactory.getMirror(DefaultMirrorFactory.java:70) - Load class org.nutz.ioc.impl.PropertiesProxy without AOP
[DEBUG] 2018-10-15 16:13:20,281 org.nutz.ioc.impl.ScopeContext.save(ScopeContext.java:64) - Save object 'conf' to [app] 
[DEBUG] 2018-10-15 16:13:20,284 org.nutz.resource.Scans.scan(Scans.java:274) - Found 4 resource by src( config/custom/ ) , regex( ^.+[.]properties$ )
[DEBUG] 2018-10-15 16:13:20,285 org.nutz.ioc.impl.PropertiesProxy.setPaths(PropertiesProxy.java:113) - load properties from File[C:\Users\Administrator\IdeaProjects\XA-Instrument\wk-app\wk-web\target\classes\config\custom\db.properties]
[DEBUG] 2018-10-15 16:13:20,286 org.nutz.ioc.impl.PropertiesProxy.setPaths(PropertiesProxy.java:113) - load properties from File[C:\Users\Administrator\IdeaProjects\XA-Instrument\wk-app\wk-web\target\classes\config\custom\mail.properties]
[DEBUG] 2018-10-15 16:13:20,287 org.nutz.ioc.impl.PropertiesProxy.setPaths(PropertiesProxy.java:113) - load properties from File[C:\Users\Administrator\IdeaProjects\XA-Instrument\wk-app\wk-web\target\classes\config\custom\rabbit.properties]
[DEBUG] 2018-10-15 16:13:20,288 org.nutz.ioc.impl.PropertiesProxy.setPaths(PropertiesProxy.java:113) - load properties from File[C:\Users\Administrator\IdeaProjects\XA-Instrument\wk-app\wk-web\target\classes\config\custom\redis.properties]
[DEBUG] 2018-10-15 16:13:20,288 org.nutz.ioc.impl.NutIoc.get(NutIoc.java:151) - Get 'simpleTest'<class cn.wizzer.test.SimpleTest>
[DEBUG] 2018-10-15 16:13:20,289 org.nutz.ioc.impl.NutIoc.get(NutIoc.java:177) - 	 >> Load definition name=simpleTest
[DEBUG] 2018-10-15 16:13:20,289 org.nutz.ioc.loader.combo.ComboIocLoader.load(ComboIocLoader.java:161) - Found IocObject(simpleTest) in AnnotationIocLoader(packages=[cn.wizzer, org.nutz.apidoc])
[DEBUG] 2018-10-15 16:13:20,289 org.nutz.ioc.impl.NutIoc.get(NutIoc.java:209) - 	 >> Make...'simpleTest'<class cn.wizzer.test.SimpleTest>
[DEBUG] 2018-10-15 16:13:20,289 cn.wizzer.app.web.commons.plugin.PluginAopConfigure.getInterceptorPairList(PluginAopConfigure.java:33) - skip -- cn.wizzer.test.SimpleTest
[DEBUG] 2018-10-15 16:13:20,289 org.nutz.ioc.aop.impl.DefaultMirrorFactory.getMirror(DefaultMirrorFactory.java:70) - Load class cn.wizzer.test.SimpleTest without AOP
[DEBUG] 2018-10-15 16:13:20,289 org.nutz.ioc.impl.ScopeContext.save(ScopeContext.java:64) - Save object 'simpleTest' to [app] 
[DEBUG] 2018-10-15 16:13:20,293 org.nutz.ioc.impl.NutIoc.get(NutIoc.java:151) - Get 'dao'<interface org.nutz.dao.Dao>
[DEBUG] 2018-10-15 16:13:20,293 org.nutz.ioc.impl.NutIoc.get(NutIoc.java:177) - 	 >> Load definition name=dao
[DEBUG] 2018-10-15 16:13:20,293 org.nutz.ioc.loader.map.MapLoader.load(MapLoader.java:67) - Loading define for name=dao
[DEBUG] 2018-10-15 16:13:20,294 org.nutz.ioc.loader.combo.ComboIocLoader.load(ComboIocLoader.java:161) - Found IocObject(dao) in JsonLoader(paths=[config/ioc/])
[DEBUG] 2018-10-15 16:13:20,294 org.nutz.ioc.impl.NutIoc.get(NutIoc.java:209) - 	 >> Make...'dao'<interface org.nutz.dao.Dao>
[DEBUG] 2018-10-15 16:13:20,294 cn.wizzer.app.web.commons.plugin.PluginAopConfigure.getInterceptorPairList(PluginAopConfigure.java:33) - skip -- org.nutz.dao.impl.NutDao
[DEBUG] 2018-10-15 16:13:20,294 org.nutz.ioc.aop.impl.DefaultMirrorFactory.getMirror(DefaultMirrorFactory.java:70) - Load class org.nutz.dao.impl.NutDao without AOP
[DEBUG] 2018-10-15 16:13:20,294 org.nutz.ioc.impl.ScopeContext.save(ScopeContext.java:64) - Save object 'dao' to [app] 
[DEBUG] 2018-10-15 16:13:20,294 org.nutz.ioc.impl.NutIoc.get(NutIoc.java:151) - Get 'dataSource'<>
[DEBUG] 2018-10-15 16:13:20,294 org.nutz.ioc.impl.NutIoc.get(NutIoc.java:177) - 	 >> Load definition name=dataSource
[DEBUG] 2018-10-15 16:13:20,295 org.nutz.ioc.loader.map.MapLoader.load(MapLoader.java:67) - Loading define for name=dataSource
[DEBUG] 2018-10-15 16:13:20,295 org.nutz.ioc.loader.combo.ComboIocLoader.load(ComboIocLoader.java:161) - Found IocObject(dataSource) in JsonLoader(paths=[config/ioc/])
[DEBUG] 2018-10-15 16:13:20,295 org.nutz.ioc.impl.NutIoc.get(NutIoc.java:209) - 	 >> Make...'dataSource'<>
[DEBUG] 2018-10-15 16:13:20,295 cn.wizzer.app.web.commons.plugin.PluginAopConfigure.getInterceptorPairList(PluginAopConfigure.java:33) - skip -- com.alibaba.druid.pool.DruidDataSource
[DEBUG] 2018-10-15 16:13:20,295 org.nutz.ioc.aop.impl.DefaultMirrorFactory.getMirror(DefaultMirrorFactory.java:70) - Load class com.alibaba.druid.pool.DruidDataSource without AOP
[DEBUG] 2018-10-15 16:13:20,295 org.nutz.ioc.impl.ScopeContext.save(ScopeContext.java:64) - Save object 'dataSource' to [app] 
[DEBUG] 2018-10-15 16:13:20,295 org.nutz.ioc.impl.NutIoc.get(NutIoc.java:151) - Get 'conf'<>
[DEBUG] 2018-10-15 16:13:20,297 org.nutz.ioc.impl.ScopeContext.remove(ScopeContext.java:84) - Remove object 'dataSource' from [app] 
[DEBUG] 2018-10-15 16:13:20,298 org.nutz.ioc.impl.ScopeContext.remove(ScopeContext.java:84) - Remove object 'dao' from [app] 
[DEBUG] 2018-10-15 16:13:20,298 org.nutz.ioc.impl.ScopeContext.remove(ScopeContext.java:84) - Remove object 'simpleTest' from [app] 
]]></system-out>
  </testcase>
  <testcase name="testOrder14" classname="cn.wizzer.test.SimpleTest" time="0.002">
    <error message="IocBean[simpleTest] throw Exception when creating" type="org.nutz.ioc.IocException">org.nutz.ioc.IocException: IocBean[simpleTest] throw Exception when creating
Caused by: java.lang.RuntimeException: IocBean[simpleTest] fail at field=[dao]
Caused by: org.nutz.ioc.IocException: IocBean[dao -> dataSource] throw Exception when creating
Caused by: java.lang.IllegalArgumentException: Failed to decrypt.
Caused by: java.lang.IllegalArgumentException: String length must be a multiple of four.
</error>
    <system-out><![CDATA[[INFO ] 2018-10-15 16:13:20,299 org.nutz.ioc.impl.NutIoc.depose(NutIoc.java:255) - org.nutz.ioc.impl.NutIoc@516537656 is closing. startup date [18-10-15 16:13:20.275]
[DEBUG] 2018-10-15 16:13:20,299 org.nutz.ioc.impl.ScopeContext.clear(ScopeContext.java:108) - Depose object 'conf' ...
[DEBUG] 2018-10-15 16:13:20,299 org.nutz.ioc.impl.ScopeContext.clear(ScopeContext.java:108) - Depose object '$aop_syslog' ...
[DEBUG] 2018-10-15 16:13:20,299 org.nutz.ioc.impl.ScopeContext.clear(ScopeContext.java:108) - Depose object '$aop_async' ...
[DEBUG] 2018-10-15 16:13:20,299 org.nutz.ioc.impl.ScopeContext.clear(ScopeContext.java:108) - Depose object 'dynamicInterceptor' ...
[DEBUG] 2018-10-15 16:13:20,299 org.nutz.ioc.impl.ScopeContext.clear(ScopeContext.java:108) - Depose object '$aop_1_plugin' ...
[INFO ] 2018-10-15 16:13:20,300 org.nutz.ioc.impl.NutIoc.depose(NutIoc.java:262) - org.nutz.ioc.impl.NutIoc@516537656 is deposed. startup date [18-10-15 16:13:20.275]
[DEBUG] 2018-10-15 16:13:20,303 org.nutz.resource.Scans.scan(Scans.java:274) - Found 4 resource by src( config/ioc/ ) , regex( ^(.+[.])(js|json)$ )
[DEBUG] 2018-10-15 16:13:20,303 org.nutz.ioc.loader.json.JsonLoader.<init>(JsonLoader.java:49) - loading [dao.json]
[DEBUG] 2018-10-15 16:13:20,304 org.nutz.ioc.loader.json.JsonLoader.<init>(JsonLoader.java:49) - loading [ehcache.json]
[DEBUG] 2018-10-15 16:13:20,305 org.nutz.ioc.loader.json.JsonLoader.<init>(JsonLoader.java:49) - loading [mail.json]
[DEBUG] 2018-10-15 16:13:20,306 org.nutz.ioc.loader.json.JsonLoader.<init>(JsonLoader.java:49) - loading [upload.json]
[DEBUG] 2018-10-15 16:13:20,306 org.nutz.ioc.loader.json.JsonLoader.<init>(JsonLoader.java:57) - Loaded 15 bean define from path=[config/ioc/] --> [videoUpload, conf, uploadVideoContext, imageUpload, fileUpload, cacheManager, dao, cacheProvider, emailAuthenticator, uploadFileContext, htmlEmail, cacheExecutor, tmpFilePool, uploadImageContext, dataSource]
[DEBUG] 2018-10-15 16:13:20,485 org.nutz.resource.Scans.scan(Scans.java:274) - Found 452 resource by src( cn/wizzer/ ) , regex( ^.+[.]class$ )
[DEBUG] 2018-10-15 16:13:20,486 org.nutz.ioc.loader.annotation.AnnotationIocLoader.addClass(AnnotationIocLoader.java:76) - Found @IocBean : class cn.wizzer.framework.util.StringUtil
[DEBUG] 2018-10-15 16:13:20,487 org.nutz.ioc.loader.annotation.AnnotationIocLoader.addClass(AnnotationIocLoader.java:76) - Found @IocBean : class cn.wizzer.framework.util.CookieUtil
[DEBUG] 2018-10-15 16:13:20,487 org.nutz.ioc.loader.annotation.AnnotationIocLoader.addClass(AnnotationIocLoader.java:76) - Found @IocBean : class cn.wizzer.framework.ig.RedisIdGenerator
[DEBUG] 2018-10-15 16:13:20,487 org.nutz.ioc.loader.annotation.AnnotationIocLoader.addClass(AnnotationIocLoader.java:76) - Found @IocBean : class cn.wizzer.framework.util.DateUtil
[DEBUG] 2018-10-15 16:13:20,487 org.nutz.ioc.loader.annotation.AnnotationIocLoader.addClass(AnnotationIocLoader.java:76) - Found @IocBean : class cn.wizzer.framework.shiro.interceptor.NutShiroMethodInterceptor
[DEBUG] 2018-10-15 16:13:20,487 org.nutz.ioc.loader.annotation.AnnotationIocLoader.addClass(AnnotationIocLoader.java:76) - Found @IocBean : class cn.wizzer.framework.util.IdcardUtil
[DEBUG] 2018-10-15 16:13:20,487 org.nutz.ioc.loader.annotation.AnnotationIocLoader.addClass(AnnotationIocLoader.java:76) - Found @IocBean : class cn.wizzer.framework.rabbit.RabbitProducer
[DEBUG] 2018-10-15 16:13:20,487 org.nutz.ioc.loader.annotation.AnnotationIocLoader.addClass(AnnotationIocLoader.java:76) - Found @IocBean : class cn.wizzer.framework.util.RSAUtil
[DEBUG] 2018-10-15 16:13:20,487 org.nutz.ioc.loader.annotation.AnnotationIocLoader.addClass(AnnotationIocLoader.java:76) - Found @IocBean : class cn.wizzer.framework.util.ShiroUtil
[DEBUG] 2018-10-15 16:13:20,487 org.nutz.ioc.loader.annotation.AnnotationIocLoader.addClass(AnnotationIocLoader.java:76) - Found @IocBean : class cn.wizzer.framework.util.Code128Util
[DEBUG] 2018-10-15 16:13:20,487 org.nutz.ioc.loader.annotation.AnnotationIocLoader.addClass(AnnotationIocLoader.java:76) - Found @IocBean : class cn.wizzer.app.base.modules.services.impl.BaseAirmeterialServiceImpl
[DEBUG] 2018-10-15 16:13:20,487 org.nutz.ioc.loader.annotation.AnnotationIocLoader.addClass(AnnotationIocLoader.java:76) - Found @IocBean : class cn.wizzer.app.base.modules.services.impl.BaseAirportServiceImpl
[DEBUG] 2018-10-15 16:13:20,488 org.nutz.ioc.loader.annotation.AnnotationIocLoader.addClass(AnnotationIocLoader.java:76) - Found @IocBean : class cn.wizzer.app.base.modules.services.impl.BaseCnctobjServiceImpl
[DEBUG] 2018-10-15 16:13:20,488 org.nutz.ioc.loader.annotation.AnnotationIocLoader.addClass(AnnotationIocLoader.java:76) - Found @IocBean : class cn.wizzer.app.base.modules.services.impl.BaseCustomerServiceImpl
[DEBUG] 2018-10-15 16:13:20,488 org.nutz.ioc.loader.annotation.AnnotationIocLoader.addClass(AnnotationIocLoader.java:76) - Found @IocBean : class cn.wizzer.app.base.modules.services.impl.BaseDeptServiceImpl
[DEBUG] 2018-10-15 16:13:20,488 org.nutz.ioc.loader.annotation.AnnotationIocLoader.addClass(AnnotationIocLoader.java:76) - Found @IocBean : class cn.wizzer.app.base.modules.services.impl.BaseJobServiceImpl
[DEBUG] 2018-10-15 16:13:20,488 org.nutz.ioc.loader.annotation.AnnotationIocLoader.addClass(AnnotationIocLoader.java:76) - Found @IocBean : class cn.wizzer.app.base.modules.services.impl.BasePersonpoolServiceImpl
[DEBUG] 2018-10-15 16:13:20,488 org.nutz.ioc.loader.annotation.AnnotationIocLoader.addClass(AnnotationIocLoader.java:76) - Found @IocBean : class cn.wizzer.app.base.modules.services.impl.BasePersonServiceImpl
[DEBUG] 2018-10-15 16:13:20,488 org.nutz.ioc.loader.annotation.AnnotationIocLoader.addClass(AnnotationIocLoader.java:76) - Found @IocBean : class cn.wizzer.app.base.modules.services.impl.BasePlaceServiceImpl
[DEBUG] 2018-10-15 16:13:20,488 org.nutz.ioc.loader.annotation.AnnotationIocLoader.addClass(AnnotationIocLoader.java:76) - Found @IocBean : class cn.wizzer.app.base.modules.services.impl.BasePostServiceImpl
[DEBUG] 2018-10-15 16:13:20,488 org.nutz.ioc.loader.annotation.AnnotationIocLoader.addClass(AnnotationIocLoader.java:76) - Found @IocBean : class cn.wizzer.app.base.modules.services.impl.BaseRowofficeentryServiceImpl
[DEBUG] 2018-10-15 16:13:20,488 org.nutz.ioc.loader.annotation.AnnotationIocLoader.addClass(AnnotationIocLoader.java:76) - Found @IocBean : class cn.wizzer.app.base.modules.services.impl.BaseRowofficeServiceImpl
[DEBUG] 2018-10-15 16:13:20,488 org.nutz.ioc.loader.annotation.AnnotationIocLoader.addClass(AnnotationIocLoader.java:76) - Found @IocBean : class cn.wizzer.app.base.modules.services.impl.BaseVehicleServiceImpl
[DEBUG] 2018-10-15 16:13:20,489 org.nutz.ioc.loader.annotation.AnnotationIocLoader.addClass(AnnotationIocLoader.java:76) - Found @IocBean : class cn.wizzer.app.base.modules.services.impl.BaseWarehouseServiceImpl
[DEBUG] 2018-10-15 16:13:20,489 org.nutz.ioc.loader.annotation.AnnotationIocLoader.addClass(AnnotationIocLoader.java:76) - Found @IocBean : class cn.wizzer.app.cms.modules.services.impl.CmsArticleServiceImpl
[DEBUG] 2018-10-15 16:13:20,489 org.nutz.ioc.loader.annotation.AnnotationIocLoader.addClass(AnnotationIocLoader.java:76) - Found @IocBean : class cn.wizzer.app.cms.modules.services.impl.CmsChannelServiceImpl
[DEBUG] 2018-10-15 16:13:20,489 org.nutz.ioc.loader.annotation.AnnotationIocLoader.addClass(AnnotationIocLoader.java:76) - Found @IocBean : class cn.wizzer.app.cms.modules.services.impl.CmsLinkClassServiceImpl
[DEBUG] 2018-10-15 16:13:20,489 org.nutz.ioc.loader.annotation.AnnotationIocLoader.addClass(AnnotationIocLoader.java:76) - Found @IocBean : class cn.wizzer.app.cms.modules.services.impl.CmsLinkServiceImpl
[DEBUG] 2018-10-15 16:13:20,489 org.nutz.ioc.loader.annotation.AnnotationIocLoader.addClass(AnnotationIocLoader.java:76) - Found @IocBean : class cn.wizzer.app.cms.modules.services.impl.CmsSiteServiceImpl
[DEBUG] 2018-10-15 16:13:20,489 org.nutz.ioc.loader.annotation.AnnotationIocLoader.addClass(AnnotationIocLoader.java:76) - Found @IocBean : class cn.wizzer.app.ins.modules.services.impl.InsBaseinsServiceImpl
[DEBUG] 2018-10-15 16:13:20,490 org.nutz.ioc.loader.annotation.AnnotationIocLoader.addClass(AnnotationIocLoader.java:76) - Found @IocBean : class cn.wizzer.app.ins.modules.services.impl.InsBaseinsSpaceServiceImpl
[DEBUG] 2018-10-15 16:13:20,490 org.nutz.ioc.loader.annotation.AnnotationIocLoader.addClass(AnnotationIocLoader.java:76) - Found @IocBean : class cn.wizzer.app.ins.modules.services.impl.InsCabinetServiceImpl
[DEBUG] 2018-10-15 16:13:20,490 org.nutz.ioc.loader.annotation.AnnotationIocLoader.addClass(AnnotationIocLoader.java:76) - Found @IocBean : class cn.wizzer.app.ins.modules.services.impl.InsCommonServiceImpl
[DEBUG] 2018-10-15 16:13:20,490 org.nutz.ioc.loader.annotation.AnnotationIocLoader.addClass(AnnotationIocLoader.java:76) - Found @IocBean : class cn.wizzer.app.ins.modules.services.impl.InsInstrumentServiceImpl
[DEBUG] 2018-10-15 16:13:20,490 org.nutz.ioc.loader.annotation.AnnotationIocLoader.addClass(AnnotationIocLoader.java:76) - Found @IocBean : class cn.wizzer.app.ins.modules.services.impl.InsLockServiceImpl
[DEBUG] 2018-10-15 16:13:20,490 org.nutz.ioc.loader.annotation.AnnotationIocLoader.addClass(AnnotationIocLoader.java:76) - Found @IocBean : class cn.wizzer.app.ins.modules.services.impl.InsOrderentryServiceImpl
[DEBUG] 2018-10-15 16:13:20,490 org.nutz.ioc.loader.annotation.AnnotationIocLoader.addClass(AnnotationIocLoader.java:76) - Found @IocBean : class cn.wizzer.app.ins.modules.services.impl.InsOrderServiceImpl
[DEBUG] 2018-10-15 16:13:20,490 org.nutz.ioc.loader.annotation.AnnotationIocLoader.addClass(AnnotationIocLoader.java:76) - Found @IocBean : class cn.wizzer.app.ins.modules.services.impl.InsRepairServiceImpl
[DEBUG] 2018-10-15 16:13:20,491 org.nutz.ioc.loader.annotation.AnnotationIocLoader.addClass(AnnotationIocLoader.java:76) - Found @IocBean : class cn.wizzer.app.ins.modules.services.impl.InsRepairtrackServiceImpl
[DEBUG] 2018-10-15 16:13:20,491 org.nutz.ioc.loader.annotation.AnnotationIocLoader.addClass(AnnotationIocLoader.java:76) - Found @IocBean : class cn.wizzer.app.ins.modules.services.impl.InsRfheadServiceImpl
[DEBUG] 2018-10-15 16:13:20,491 org.nutz.ioc.loader.annotation.AnnotationIocLoader.addClass(AnnotationIocLoader.java:76) - Found @IocBean : class cn.wizzer.app.ins.modules.services.impl.InsRfidServiceImpl
[DEBUG] 2018-10-15 16:13:20,491 org.nutz.ioc.loader.annotation.AnnotationIocLoader.addClass(AnnotationIocLoader.java:76) - Found @IocBean : class cn.wizzer.app.ins.modules.services.impl.InsSpaceServiceImpl
[DEBUG] 2018-10-15 16:13:20,491 org.nutz.ioc.loader.annotation.AnnotationIocLoader.addClass(AnnotationIocLoader.java:76) - Found @IocBean : class cn.wizzer.app.ins.modules.services.impl.InsToolcabinetServiceImpl
[DEBUG] 2018-10-15 16:13:20,492 org.nutz.ioc.loader.annotation.AnnotationIocLoader.addClass(AnnotationIocLoader.java:76) - Found @IocBean : class cn.wizzer.app.ins.modules.services.impl.InsTransmitServiceImpl
[DEBUG] 2018-10-15 16:13:20,492 org.nutz.ioc.loader.annotation.AnnotationIocLoader.addClass(AnnotationIocLoader.java:76) - Found @IocBean : class cn.wizzer.app.logistics.modules.services.impl.LogisticsDeliveryorderentryServiceImpl
[DEBUG] 2018-10-15 16:13:20,492 org.nutz.ioc.loader.annotation.AnnotationIocLoader.addClass(AnnotationIocLoader.java:76) - Found @IocBean : class cn.wizzer.app.logistics.modules.services.impl.LogisticsDeliveryorderServiceImpl
[DEBUG] 2018-10-15 16:13:20,493 org.nutz.ioc.loader.annotation.AnnotationIocLoader.addClass(AnnotationIocLoader.java:76) - Found @IocBean : class cn.wizzer.app.logistics.modules.services.impl.LogisticsEntourageServiceImpl
[DEBUG] 2018-10-15 16:13:20,493 org.nutz.ioc.loader.annotation.AnnotationIocLoader.addClass(AnnotationIocLoader.java:76) - Found @IocBean : class cn.wizzer.app.logistics.modules.services.impl.LogisticsOrderdeliveryServiceImpl
[DEBUG] 2018-10-15 16:13:20,493 org.nutz.ioc.loader.annotation.AnnotationIocLoader.addClass(AnnotationIocLoader.java:76) - Found @IocBean : class cn.wizzer.app.logistics.modules.services.impl.LogisticsOrderentryServiceImpl
[DEBUG] 2018-10-15 16:13:20,493 org.nutz.ioc.loader.annotation.AnnotationIocLoader.addClass(AnnotationIocLoader.java:76) - Found @IocBean : class cn.wizzer.app.logistics.modules.services.impl.LogisticsOrderplanentryServiceImpl
[DEBUG] 2018-10-15 16:13:20,493 org.nutz.ioc.loader.annotation.AnnotationIocLoader.addClass(AnnotationIocLoader.java:76) - Found @IocBean : class cn.wizzer.app.logistics.modules.services.impl.LogisticsOrderplanServiceImpl
[DEBUG] 2018-10-15 16:13:20,494 org.nutz.ioc.loader.annotation.AnnotationIocLoader.addClass(AnnotationIocLoader.java:76) - Found @IocBean : class cn.wizzer.app.logistics.modules.services.impl.LogisticsOrderrejectServiceImpl
[DEBUG] 2018-10-15 16:13:20,494 org.nutz.ioc.loader.annotation.AnnotationIocLoader.addClass(AnnotationIocLoader.java:76) - Found @IocBean : class cn.wizzer.app.logistics.modules.services.impl.LogisticsOrderServiceImpl
[DEBUG] 2018-10-15 16:13:20,494 org.nutz.ioc.loader.annotation.AnnotationIocLoader.addClass(AnnotationIocLoader.java:76) - Found @IocBean : class cn.wizzer.app.logistics.modules.services.impl.LogisticsOrderstepServiceImpl
[DEBUG] 2018-10-15 16:13:20,494 org.nutz.ioc.loader.annotation.AnnotationIocLoader.addClass(AnnotationIocLoader.java:76) - Found @IocBean : class cn.wizzer.app.logistics.modules.services.impl.LogisticsSendapprovalServiceImpl
[DEBUG] 2018-10-15 16:13:20,494 org.nutz.ioc.loader.annotation.AnnotationIocLoader.addClass(AnnotationIocLoader.java:76) - Found @IocBean : class cn.wizzer.app.logistics.modules.services.impl.LogisticsSendgoodsServiceImpl
[DEBUG] 2018-10-15 16:13:20,494 org.nutz.ioc.loader.annotation.AnnotationIocLoader.addClass(AnnotationIocLoader.java:76) - Found @IocBean : class cn.wizzer.app.logistics.modules.services.impl.LogisticsSendplanServiceImpl
[DEBUG] 2018-10-15 16:13:20,494 org.nutz.ioc.loader.annotation.AnnotationIocLoader.addClass(AnnotationIocLoader.java:76) - Found @IocBean : class cn.wizzer.app.logistics.modules.services.impl.LogisticsSendtraceServiceImpl
[DEBUG] 2018-10-15 16:13:20,495 org.nutz.ioc.loader.annotation.AnnotationIocLoader.addClass(AnnotationIocLoader.java:76) - Found @IocBean : class cn.wizzer.app.logistics.modules.services.impl.LogisticsUnplanServiceImpl
[DEBUG] 2018-10-15 16:13:20,495 org.nutz.ioc.loader.annotation.AnnotationIocLoader.addClass(AnnotationIocLoader.java:76) - Found @IocBean : class cn.wizzer.app.sys.modules.services.impl.SysApiServiceImpl
[DEBUG] 2018-10-15 16:13:20,495 org.nutz.ioc.loader.annotation.AnnotationIocLoader.addClass(AnnotationIocLoader.java:76) - Found @IocBean : class cn.wizzer.app.sys.modules.services.impl.SysBarcodeServiceImpl
[DEBUG] 2018-10-15 16:13:20,495 org.nutz.ioc.loader.annotation.AnnotationIocLoader.addClass(AnnotationIocLoader.java:76) - Found @IocBean : class cn.wizzer.app.sys.modules.services.impl.SysConfigServiceImpl
[DEBUG] 2018-10-15 16:13:20,495 org.nutz.ioc.loader.annotation.AnnotationIocLoader.addClass(AnnotationIocLoader.java:76) - Found @IocBean : class cn.wizzer.app.sys.modules.services.impl.SysDictServiceImpl
[DEBUG] 2018-10-15 16:13:20,495 org.nutz.ioc.loader.annotation.AnnotationIocLoader.addClass(AnnotationIocLoader.java:76) - Found @IocBean : class cn.wizzer.app.sys.modules.services.impl.SysLogServiceImpl
[DEBUG] 2018-10-15 16:13:20,496 org.nutz.ioc.loader.annotation.AnnotationIocLoader.addClass(AnnotationIocLoader.java:76) - Found @IocBean : class cn.wizzer.app.sys.modules.services.impl.SysMenuServiceImpl
[DEBUG] 2018-10-15 16:13:20,496 org.nutz.ioc.loader.annotation.AnnotationIocLoader.addClass(AnnotationIocLoader.java:76) - Found @IocBean : class cn.wizzer.app.sys.modules.services.impl.SysMobileServiceImpl
[DEBUG] 2018-10-15 16:13:20,496 org.nutz.ioc.loader.annotation.AnnotationIocLoader.addClass(AnnotationIocLoader.java:76) - Found @IocBean : class cn.wizzer.app.sys.modules.services.impl.SysPluginServiceImpl
[DEBUG] 2018-10-15 16:13:20,496 org.nutz.ioc.loader.annotation.AnnotationIocLoader.addClass(AnnotationIocLoader.java:76) - Found @IocBean : class cn.wizzer.app.sys.modules.services.impl.SysRegistauditServiceImpl
[DEBUG] 2018-10-15 16:13:20,496 org.nutz.ioc.loader.annotation.AnnotationIocLoader.addClass(AnnotationIocLoader.java:76) - Found @IocBean : class cn.wizzer.app.sys.modules.services.impl.SysRoleServiceImpl
[DEBUG] 2018-10-15 16:13:20,497 org.nutz.ioc.loader.annotation.AnnotationIocLoader.addClass(AnnotationIocLoader.java:76) - Found @IocBean : class cn.wizzer.app.sys.modules.services.impl.SysRouteServiceImpl
[DEBUG] 2018-10-15 16:13:20,497 org.nutz.ioc.loader.annotation.AnnotationIocLoader.addClass(AnnotationIocLoader.java:76) - Found @IocBean : class cn.wizzer.app.sys.modules.services.impl.SysTaskServiceImpl
[DEBUG] 2018-10-15 16:13:20,497 org.nutz.ioc.loader.annotation.AnnotationIocLoader.addClass(AnnotationIocLoader.java:76) - Found @IocBean : class cn.wizzer.app.sys.modules.services.impl.SysTempuserServiceImpl
[DEBUG] 2018-10-15 16:13:20,497 org.nutz.ioc.loader.annotation.AnnotationIocLoader.addClass(AnnotationIocLoader.java:76) - Found @IocBean : class cn.wizzer.app.sys.modules.services.impl.SysUnitServiceImpl
[DEBUG] 2018-10-15 16:13:20,497 org.nutz.ioc.loader.annotation.AnnotationIocLoader.addClass(AnnotationIocLoader.java:76) - Found @IocBean : class cn.wizzer.app.sys.modules.services.impl.SysUserServiceImpl
[DEBUG] 2018-10-15 16:13:20,497 org.nutz.ioc.loader.annotation.AnnotationIocLoader.addClass(AnnotationIocLoader.java:76) - Found @IocBean : class cn.wizzer.app.sys.modules.services.impl.SysVersionServiceImpl
[DEBUG] 2018-10-15 16:13:20,497 org.nutz.ioc.loader.annotation.AnnotationIocLoader.addClass(AnnotationIocLoader.java:76) - Found @IocBean : class cn.wizzer.app.sys.modules.services.impl.SysWxDeptServiceImpl
[DEBUG] 2018-10-15 16:13:20,498 org.nutz.ioc.loader.annotation.AnnotationIocLoader.addClass(AnnotationIocLoader.java:76) - Found @IocBean : class cn.wizzer.app.sys.modules.services.impl.SysWxServiceImpl
[DEBUG] 2018-10-15 16:13:20,498 org.nutz.ioc.loader.annotation.AnnotationIocLoader.addClass(AnnotationIocLoader.java:76) - Found @IocBean : class cn.wizzer.app.sys.modules.services.impl.SysWxUserServiceImpl
[DEBUG] 2018-10-15 16:13:20,498 org.nutz.ioc.loader.annotation.AnnotationIocLoader.addClass(AnnotationIocLoader.java:76) - Found @IocBean : class cn.wizzer.app.web.commons.plugin.DynamicInterceptor
[DEBUG] 2018-10-15 16:13:20,498 org.nutz.ioc.loader.annotation.AnnotationIocLoader.addClass(AnnotationIocLoader.java:76) - Found @IocBean : class cn.wizzer.app.web.commons.plugin.PluginAopConfigure
[DEBUG] 2018-10-15 16:13:20,498 org.nutz.ioc.loader.annotation.AnnotationIocLoader.addClass(AnnotationIocLoader.java:76) - Found @IocBean : class cn.wizzer.app.web.commons.plugin.PluginMaster
[DEBUG] 2018-10-15 16:13:20,498 org.nutz.ioc.loader.annotation.AnnotationIocLoader.addClass(AnnotationIocLoader.java:76) - Found @IocBean : class cn.wizzer.app.web.commons.quartz.job.orderExecute
[DEBUG] 2018-10-15 16:13:20,498 org.nutz.ioc.loader.annotation.AnnotationIocLoader.addClass(AnnotationIocLoader.java:76) - Found @IocBean : class cn.wizzer.app.web.commons.quartz.job.TestJob
[DEBUG] 2018-10-15 16:13:20,498 org.nutz.ioc.loader.annotation.AnnotationIocLoader.addClass(AnnotationIocLoader.java:76) - Found @IocBean : class cn.wizzer.app.web.commons.services.email.EmailService
[DEBUG] 2018-10-15 16:13:20,499 org.nutz.ioc.loader.annotation.AnnotationIocLoader.addClass(AnnotationIocLoader.java:76) - Found @IocBean : class cn.wizzer.app.web.commons.services.qrcode.QrcodeService
[DEBUG] 2018-10-15 16:13:20,499 org.nutz.ioc.loader.annotation.AnnotationIocLoader.addClass(AnnotationIocLoader.java:76) - Found @IocBean : class cn.wizzer.app.web.commons.services.wx.TplService
[DEBUG] 2018-10-15 16:13:20,499 org.nutz.ioc.loader.annotation.AnnotationIocLoader.addClass(AnnotationIocLoader.java:76) - Found @IocBean : class cn.wizzer.app.web.commons.services.wx.WxHandler
[DEBUG] 2018-10-15 16:13:20,499 org.nutz.ioc.loader.annotation.AnnotationIocLoader.addClass(AnnotationIocLoader.java:76) - Found @IocBean : class cn.wizzer.app.web.commons.shiro.realm.PlatformAuthorizingRealm
[DEBUG] 2018-10-15 16:13:20,499 org.nutz.ioc.loader.annotation.AnnotationIocLoader.addClass(AnnotationIocLoader.java:76) - Found @IocBean : class cn.wizzer.app.web.commons.slog.SLogAopConfigration
[DEBUG] 2018-10-15 16:13:20,499 org.nutz.ioc.loader.annotation.AnnotationIocLoader.addClass(AnnotationIocLoader.java:76) - Found @IocBean : class cn.wizzer.app.web.commons.slog.SLogService
[DEBUG] 2018-10-15 16:13:20,499 org.nutz.ioc.loader.annotation.AnnotationIocLoader.addClass(AnnotationIocLoader.java:76) - Found @IocBean : class cn.wizzer.app.web.modules.controllers.front.wx.CmsController
[DEBUG] 2018-10-15 16:13:20,499 org.nutz.ioc.loader.annotation.AnnotationIocLoader.addClass(AnnotationIocLoader.java:76) - Found @IocBean : class cn.wizzer.app.web.modules.controllers.front.wx.WechatController
[DEBUG] 2018-10-15 16:13:20,499 org.nutz.ioc.loader.annotation.AnnotationIocLoader.addClass(AnnotationIocLoader.java:76) - Found @IocBean : class cn.wizzer.app.web.modules.controllers.open.api.mobile.MobileBaseController
[DEBUG] 2018-10-15 16:13:20,500 org.nutz.ioc.loader.annotation.AnnotationIocLoader.addClass(AnnotationIocLoader.java:76) - Found @IocBean : class cn.wizzer.app.web.modules.controllers.open.api.mobile.MobileInsController
[DEBUG] 2018-10-15 16:13:20,500 org.nutz.ioc.loader.annotation.AnnotationIocLoader.addClass(AnnotationIocLoader.java:76) - Found @IocBean : class cn.wizzer.app.web.modules.controllers.open.api.mobile.MobileOrderController
[DEBUG] 2018-10-15 16:13:20,500 org.nutz.ioc.loader.annotation.AnnotationIocLoader.addClass(AnnotationIocLoader.java:76) - Found @IocBean : class cn.wizzer.app.web.modules.controllers.open.api.mobile.MobileSysController
[DEBUG] 2018-10-15 16:13:20,500 org.nutz.ioc.loader.annotation.AnnotationIocLoader.addClass(AnnotationIocLoader.java:76) - Found @IocBean : class cn.wizzer.app.web.modules.controllers.open.api.pad.PadInsController
[DEBUG] 2018-10-15 16:13:20,500 org.nutz.ioc.loader.annotation.AnnotationIocLoader.addClass(AnnotationIocLoader.java:76) - Found @IocBean : class cn.wizzer.app.web.modules.controllers.open.api.pad.PadOrderController
[DEBUG] 2018-10-15 16:13:20,500 org.nutz.ioc.loader.annotation.AnnotationIocLoader.addClass(AnnotationIocLoader.java:76) - Found @IocBean : class cn.wizzer.app.web.modules.controllers.open.api.pad.PadSysController
[DEBUG] 2018-10-15 16:13:20,500 org.nutz.ioc.loader.annotation.AnnotationIocLoader.addClass(AnnotationIocLoader.java:76) - Found @IocBean : class cn.wizzer.app.web.modules.controllers.open.api.test.ApiTestController
[DEBUG] 2018-10-15 16:13:20,500 org.nutz.ioc.loader.annotation.AnnotationIocLoader.addClass(AnnotationIocLoader.java:76) - Found @IocBean : class cn.wizzer.app.web.modules.controllers.open.api.token.TokenController
[DEBUG] 2018-10-15 16:13:20,500 org.nutz.ioc.loader.annotation.AnnotationIocLoader.addClass(AnnotationIocLoader.java:76) - Found @IocBean : class cn.wizzer.app.web.modules.controllers.open.api.userpermission.UserpermissionController
[DEBUG] 2018-10-15 16:13:20,501 org.nutz.ioc.loader.annotation.AnnotationIocLoader.addClass(AnnotationIocLoader.java:76) - Found @IocBean : class cn.wizzer.app.web.modules.controllers.open.file.UploadController
[DEBUG] 2018-10-15 16:13:20,501 org.nutz.ioc.loader.annotation.AnnotationIocLoader.addClass(AnnotationIocLoader.java:76) - Found @IocBean : class cn.wizzer.app.web.modules.controllers.open.pay.WxPayBackController
[DEBUG] 2018-10-15 16:13:20,501 org.nutz.ioc.loader.annotation.AnnotationIocLoader.addClass(AnnotationIocLoader.java:76) - Found @IocBean : class cn.wizzer.app.web.modules.controllers.open.ueditor.BdController
[DEBUG] 2018-10-15 16:13:20,501 org.nutz.ioc.loader.annotation.AnnotationIocLoader.addClass(AnnotationIocLoader.java:76) - Found @IocBean : class cn.wizzer.app.web.modules.controllers.open.ueditor.WxController
[DEBUG] 2018-10-15 16:13:20,501 org.nutz.ioc.loader.annotation.AnnotationIocLoader.addClass(AnnotationIocLoader.java:76) - Found @IocBean : class cn.wizzer.app.web.modules.controllers.open.wx.WeixinController
[DEBUG] 2018-10-15 16:13:20,501 org.nutz.ioc.loader.annotation.AnnotationIocLoader.addClass(AnnotationIocLoader.java:76) - Found @IocBean : class cn.wizzer.app.web.modules.controllers.platform.base.BaseAirmeterialController
[DEBUG] 2018-10-15 16:13:20,501 org.nutz.ioc.loader.annotation.AnnotationIocLoader.addClass(AnnotationIocLoader.java:76) - Found @IocBean : class cn.wizzer.app.web.modules.controllers.platform.base.BaseAirportController
[DEBUG] 2018-10-15 16:13:20,501 org.nutz.ioc.loader.annotation.AnnotationIocLoader.addClass(AnnotationIocLoader.java:76) - Found @IocBean : class cn.wizzer.app.web.modules.controllers.platform.base.BaseCnctobjController
[DEBUG] 2018-10-15 16:13:20,501 org.nutz.ioc.loader.annotation.AnnotationIocLoader.addClass(AnnotationIocLoader.java:76) - Found @IocBean : class cn.wizzer.app.web.modules.controllers.platform.base.BaseCustomerController
[DEBUG] 2018-10-15 16:13:20,501 org.nutz.ioc.loader.annotation.AnnotationIocLoader.addClass(AnnotationIocLoader.java:76) - Found @IocBean : class cn.wizzer.app.web.modules.controllers.platform.base.BaseDeptController
[DEBUG] 2018-10-15 16:13:20,502 org.nutz.ioc.loader.annotation.AnnotationIocLoader.addClass(AnnotationIocLoader.java:76) - Found @IocBean : class cn.wizzer.app.web.modules.controllers.platform.base.BaseJobController
[DEBUG] 2018-10-15 16:13:20,502 org.nutz.ioc.loader.annotation.AnnotationIocLoader.addClass(AnnotationIocLoader.java:76) - Found @IocBean : class cn.wizzer.app.web.modules.controllers.platform.base.BasePersonController
[DEBUG] 2018-10-15 16:13:20,502 org.nutz.ioc.loader.annotation.AnnotationIocLoader.addClass(AnnotationIocLoader.java:76) - Found @IocBean : class cn.wizzer.app.web.modules.controllers.platform.base.BasePersonpoolController
[DEBUG] 2018-10-15 16:13:20,502 org.nutz.ioc.loader.annotation.AnnotationIocLoader.addClass(AnnotationIocLoader.java:76) - Found @IocBean : class cn.wizzer.app.web.modules.controllers.platform.base.BasePlaceController
[DEBUG] 2018-10-15 16:13:20,502 org.nutz.ioc.loader.annotation.AnnotationIocLoader.addClass(AnnotationIocLoader.java:76) - Found @IocBean : class cn.wizzer.app.web.modules.controllers.platform.base.BasePostController
[DEBUG] 2018-10-15 16:13:20,503 org.nutz.ioc.loader.annotation.AnnotationIocLoader.addClass(AnnotationIocLoader.java:76) - Found @IocBean : class cn.wizzer.app.web.modules.controllers.platform.base.BaseRowofficeController
[DEBUG] 2018-10-15 16:13:20,503 org.nutz.ioc.loader.annotation.AnnotationIocLoader.addClass(AnnotationIocLoader.java:76) - Found @IocBean : class cn.wizzer.app.web.modules.controllers.platform.base.BaseRowofficeentryController
[DEBUG] 2018-10-15 16:13:20,503 org.nutz.ioc.loader.annotation.AnnotationIocLoader.addClass(AnnotationIocLoader.java:76) - Found @IocBean : class cn.wizzer.app.web.modules.controllers.platform.base.BaseVehicleController
[DEBUG] 2018-10-15 16:13:20,503 org.nutz.ioc.loader.annotation.AnnotationIocLoader.addClass(AnnotationIocLoader.java:76) - Found @IocBean : class cn.wizzer.app.web.modules.controllers.platform.base.BaseWarehouseController
[DEBUG] 2018-10-15 16:13:20,503 org.nutz.ioc.loader.annotation.AnnotationIocLoader.addClass(AnnotationIocLoader.java:76) - Found @IocBean : class cn.wizzer.app.web.modules.controllers.platform.cms.CmsArticleController
[DEBUG] 2018-10-15 16:13:20,503 org.nutz.ioc.loader.annotation.AnnotationIocLoader.addClass(AnnotationIocLoader.java:76) - Found @IocBean : class cn.wizzer.app.web.modules.controllers.platform.cms.CmsChannelController
[DEBUG] 2018-10-15 16:13:20,503 org.nutz.ioc.loader.annotation.AnnotationIocLoader.addClass(AnnotationIocLoader.java:76) - Found @IocBean : class cn.wizzer.app.web.modules.controllers.platform.cms.CmsLinkClassController
[DEBUG] 2018-10-15 16:13:20,503 org.nutz.ioc.loader.annotation.AnnotationIocLoader.addClass(AnnotationIocLoader.java:76) - Found @IocBean : class cn.wizzer.app.web.modules.controllers.platform.cms.CmsLinkController
[DEBUG] 2018-10-15 16:13:20,503 org.nutz.ioc.loader.annotation.AnnotationIocLoader.addClass(AnnotationIocLoader.java:76) - Found @IocBean : class cn.wizzer.app.web.modules.controllers.platform.cms.CmsSiteController
[DEBUG] 2018-10-15 16:13:20,504 org.nutz.ioc.loader.annotation.AnnotationIocLoader.addClass(AnnotationIocLoader.java:76) - Found @IocBean : class cn.wizzer.app.web.modules.controllers.platform.ins.InsBaseinsController
[DEBUG] 2018-10-15 16:13:20,504 org.nutz.ioc.loader.annotation.AnnotationIocLoader.addClass(AnnotationIocLoader.java:76) - Found @IocBean : class cn.wizzer.app.web.modules.controllers.platform.ins.InsBaseinsSpaceController
[DEBUG] 2018-10-15 16:13:20,504 org.nutz.ioc.loader.annotation.AnnotationIocLoader.addClass(AnnotationIocLoader.java:76) - Found @IocBean : class cn.wizzer.app.web.modules.controllers.platform.ins.InsCabinetController
[DEBUG] 2018-10-15 16:13:20,504 org.nutz.ioc.loader.annotation.AnnotationIocLoader.addClass(AnnotationIocLoader.java:76) - Found @IocBean : class cn.wizzer.app.web.modules.controllers.platform.ins.InsCommonController
[DEBUG] 2018-10-15 16:13:20,504 org.nutz.ioc.loader.annotation.AnnotationIocLoader.addClass(AnnotationIocLoader.java:76) - Found @IocBean : class cn.wizzer.app.web.modules.controllers.platform.ins.InsInstrumentController
[DEBUG] 2018-10-15 16:13:20,504 org.nutz.ioc.loader.annotation.AnnotationIocLoader.addClass(AnnotationIocLoader.java:76) - Found @IocBean : class cn.wizzer.app.web.modules.controllers.platform.ins.InsLockController
[DEBUG] 2018-10-15 16:13:20,504 org.nutz.ioc.loader.annotation.AnnotationIocLoader.addClass(AnnotationIocLoader.java:76) - Found @IocBean : class cn.wizzer.app.web.modules.controllers.platform.ins.InsOrderController
[DEBUG] 2018-10-15 16:13:20,505 org.nutz.ioc.loader.annotation.AnnotationIocLoader.addClass(AnnotationIocLoader.java:76) - Found @IocBean : class cn.wizzer.app.web.modules.controllers.platform.ins.InsOrderentryController
[DEBUG] 2018-10-15 16:13:20,505 org.nutz.ioc.loader.annotation.AnnotationIocLoader.addClass(AnnotationIocLoader.java:76) - Found @IocBean : class cn.wizzer.app.web.modules.controllers.platform.ins.InsRepairController
[DEBUG] 2018-10-15 16:13:20,505 org.nutz.ioc.loader.annotation.AnnotationIocLoader.addClass(AnnotationIocLoader.java:76) - Found @IocBean : class cn.wizzer.app.web.modules.controllers.platform.ins.InsRepairtrackController
[DEBUG] 2018-10-15 16:13:20,505 org.nutz.ioc.loader.annotation.AnnotationIocLoader.addClass(AnnotationIocLoader.java:76) - Found @IocBean : class cn.wizzer.app.web.modules.controllers.platform.ins.InsRfheadController
[DEBUG] 2018-10-15 16:13:20,505 org.nutz.ioc.loader.annotation.AnnotationIocLoader.addClass(AnnotationIocLoader.java:76) - Found @IocBean : class cn.wizzer.app.web.modules.controllers.platform.ins.InsRfidController
[DEBUG] 2018-10-15 16:13:20,505 org.nutz.ioc.loader.annotation.AnnotationIocLoader.addClass(AnnotationIocLoader.java:76) - Found @IocBean : class cn.wizzer.app.web.modules.controllers.platform.ins.InsSpaceController
[DEBUG] 2018-10-15 16:13:20,505 org.nutz.ioc.loader.annotation.AnnotationIocLoader.addClass(AnnotationIocLoader.java:76) - Found @IocBean : class cn.wizzer.app.web.modules.controllers.platform.ins.InsToolcabinetController
[DEBUG] 2018-10-15 16:13:20,505 org.nutz.ioc.loader.annotation.AnnotationIocLoader.addClass(AnnotationIocLoader.java:76) - Found @IocBean : class cn.wizzer.app.web.modules.controllers.platform.ins.InsTransmitController
[DEBUG] 2018-10-15 16:13:20,506 org.nutz.ioc.loader.annotation.AnnotationIocLoader.addClass(AnnotationIocLoader.java:76) - Found @IocBean : class cn.wizzer.app.web.modules.controllers.platform.logistics.LogisticsDeliveryorderController
[DEBUG] 2018-10-15 16:13:20,506 org.nutz.ioc.loader.annotation.AnnotationIocLoader.addClass(AnnotationIocLoader.java:76) - Found @IocBean : class cn.wizzer.app.web.modules.controllers.platform.logistics.LogisticsDeliveryorderentryController
[DEBUG] 2018-10-15 16:13:20,506 org.nutz.ioc.loader.annotation.AnnotationIocLoader.addClass(AnnotationIocLoader.java:76) - Found @IocBean : class cn.wizzer.app.web.modules.controllers.platform.logistics.LogisticsEntourageController
[DEBUG] 2018-10-15 16:13:20,506 org.nutz.ioc.loader.annotation.AnnotationIocLoader.addClass(AnnotationIocLoader.java:76) - Found @IocBean : class cn.wizzer.app.web.modules.controllers.platform.logistics.LogisticsOrderController
[DEBUG] 2018-10-15 16:13:20,506 org.nutz.ioc.loader.annotation.AnnotationIocLoader.addClass(AnnotationIocLoader.java:76) - Found @IocBean : class cn.wizzer.app.web.modules.controllers.platform.logistics.LogisticsOrderdeliveryController
[DEBUG] 2018-10-15 16:13:20,506 org.nutz.ioc.loader.annotation.AnnotationIocLoader.addClass(AnnotationIocLoader.java:76) - Found @IocBean : class cn.wizzer.app.web.modules.controllers.platform.logistics.LogisticsOrderentryController
[DEBUG] 2018-10-15 16:13:20,506 org.nutz.ioc.loader.annotation.AnnotationIocLoader.addClass(AnnotationIocLoader.java:76) - Found @IocBean : class cn.wizzer.app.web.modules.controllers.platform.logistics.LogisticsOrderplanController
[DEBUG] 2018-10-15 16:13:20,506 org.nutz.ioc.loader.annotation.AnnotationIocLoader.addClass(AnnotationIocLoader.java:76) - Found @IocBean : class cn.wizzer.app.web.modules.controllers.platform.logistics.LogisticsOrderplanentryController
[DEBUG] 2018-10-15 16:13:20,507 org.nutz.ioc.loader.annotation.AnnotationIocLoader.addClass(AnnotationIocLoader.java:76) - Found @IocBean : class cn.wizzer.app.web.modules.controllers.platform.logistics.LogisticsOrderrejectController
[DEBUG] 2018-10-15 16:13:20,507 org.nutz.ioc.loader.annotation.AnnotationIocLoader.addClass(AnnotationIocLoader.java:76) - Found @IocBean : class cn.wizzer.app.web.modules.controllers.platform.logistics.LogisticsOrderstepController
[DEBUG] 2018-10-15 16:13:20,507 org.nutz.ioc.loader.annotation.AnnotationIocLoader.addClass(AnnotationIocLoader.java:76) - Found @IocBean : class cn.wizzer.app.web.modules.controllers.platform.logistics.LogisticsSendapprovalController
[DEBUG] 2018-10-15 16:13:20,507 org.nutz.ioc.loader.annotation.AnnotationIocLoader.addClass(AnnotationIocLoader.java:76) - Found @IocBean : class cn.wizzer.app.web.modules.controllers.platform.logistics.LogisticsSendgoodsController
[DEBUG] 2018-10-15 16:13:20,508 org.nutz.ioc.loader.annotation.AnnotationIocLoader.addClass(AnnotationIocLoader.java:76) - Found @IocBean : class cn.wizzer.app.web.modules.controllers.platform.logistics.LogisticsSendplanController
[DEBUG] 2018-10-15 16:13:20,508 org.nutz.ioc.loader.annotation.AnnotationIocLoader.addClass(AnnotationIocLoader.java:76) - Found @IocBean : class cn.wizzer.app.web.modules.controllers.platform.logistics.LogisticsSendtraceController
[DEBUG] 2018-10-15 16:13:20,509 org.nutz.ioc.loader.annotation.AnnotationIocLoader.addClass(AnnotationIocLoader.java:76) - Found @IocBean : class cn.wizzer.app.web.modules.controllers.platform.logistics.LogisticsUnplanController
[DEBUG] 2018-10-15 16:13:20,509 org.nutz.ioc.loader.annotation.AnnotationIocLoader.addClass(AnnotationIocLoader.java:76) - Found @IocBean : class cn.wizzer.app.web.modules.controllers.platform.sys.SysApiController
[DEBUG] 2018-10-15 16:13:20,509 org.nutz.ioc.loader.annotation.AnnotationIocLoader.addClass(AnnotationIocLoader.java:76) - Found @IocBean : class cn.wizzer.app.web.modules.controllers.platform.sys.SysBarcodeController
[DEBUG] 2018-10-15 16:13:20,510 org.nutz.ioc.loader.annotation.AnnotationIocLoader.addClass(AnnotationIocLoader.java:76) - Found @IocBean : class cn.wizzer.app.web.modules.controllers.platform.sys.SysConfController
[DEBUG] 2018-10-15 16:13:20,510 org.nutz.ioc.loader.annotation.AnnotationIocLoader.addClass(AnnotationIocLoader.java:76) - Found @IocBean : class cn.wizzer.app.web.modules.controllers.platform.sys.SysDictController
[DEBUG] 2018-10-15 16:13:20,510 org.nutz.ioc.loader.annotation.AnnotationIocLoader.addClass(AnnotationIocLoader.java:76) - Found @IocBean : class cn.wizzer.app.web.modules.controllers.platform.sys.SysHomeController
[DEBUG] 2018-10-15 16:13:20,510 org.nutz.ioc.loader.annotation.AnnotationIocLoader.addClass(AnnotationIocLoader.java:76) - Found @IocBean : class cn.wizzer.app.web.modules.controllers.platform.sys.SysLogController
[DEBUG] 2018-10-15 16:13:20,510 org.nutz.ioc.loader.annotation.AnnotationIocLoader.addClass(AnnotationIocLoader.java:76) - Found @IocBean : class cn.wizzer.app.web.modules.controllers.platform.sys.SysLoginController
[DEBUG] 2018-10-15 16:13:20,510 org.nutz.ioc.loader.annotation.AnnotationIocLoader.addClass(AnnotationIocLoader.java:76) - Found @IocBean : class cn.wizzer.app.web.modules.controllers.platform.sys.SysMenuController
[DEBUG] 2018-10-15 16:13:20,510 org.nutz.ioc.loader.annotation.AnnotationIocLoader.addClass(AnnotationIocLoader.java:76) - Found @IocBean : class cn.wizzer.app.web.modules.controllers.platform.sys.SysMobileController
[DEBUG] 2018-10-15 16:13:20,510 org.nutz.ioc.loader.annotation.AnnotationIocLoader.addClass(AnnotationIocLoader.java:76) - Found @IocBean : class cn.wizzer.app.web.modules.controllers.platform.sys.SysPluginController
[DEBUG] 2018-10-15 16:13:20,511 org.nutz.ioc.loader.annotation.AnnotationIocLoader.addClass(AnnotationIocLoader.java:76) - Found @IocBean : class cn.wizzer.app.web.modules.controllers.platform.sys.SysRegistauditController
[DEBUG] 2018-10-15 16:13:20,511 org.nutz.ioc.loader.annotation.AnnotationIocLoader.addClass(AnnotationIocLoader.java:76) - Found @IocBean : class cn.wizzer.app.web.modules.controllers.platform.sys.SysRoleController
[DEBUG] 2018-10-15 16:13:20,511 org.nutz.ioc.loader.annotation.AnnotationIocLoader.addClass(AnnotationIocLoader.java:76) - Found @IocBean : class cn.wizzer.app.web.modules.controllers.platform.sys.SysRouteController
[DEBUG] 2018-10-15 16:13:20,511 org.nutz.ioc.loader.annotation.AnnotationIocLoader.addClass(AnnotationIocLoader.java:76) - Found @IocBean : class cn.wizzer.app.web.modules.controllers.platform.sys.SysTaskController
[DEBUG] 2018-10-15 16:13:20,511 org.nutz.ioc.loader.annotation.AnnotationIocLoader.addClass(AnnotationIocLoader.java:76) - Found @IocBean : class cn.wizzer.app.web.modules.controllers.platform.sys.SysTempuserController
[DEBUG] 2018-10-15 16:13:20,511 org.nutz.ioc.loader.annotation.AnnotationIocLoader.addClass(AnnotationIocLoader.java:76) - Found @IocBean : class cn.wizzer.app.web.modules.controllers.platform.sys.SysUnitController
[DEBUG] 2018-10-15 16:13:20,511 org.nutz.ioc.loader.annotation.AnnotationIocLoader.addClass(AnnotationIocLoader.java:76) - Found @IocBean : class cn.wizzer.app.web.modules.controllers.platform.sys.SysUserController
[DEBUG] 2018-10-15 16:13:20,511 org.nutz.ioc.loader.annotation.AnnotationIocLoader.addClass(AnnotationIocLoader.java:76) - Found @IocBean : class cn.wizzer.app.web.modules.controllers.platform.sys.SysVersionController
[DEBUG] 2018-10-15 16:13:20,511 org.nutz.ioc.loader.annotation.AnnotationIocLoader.addClass(AnnotationIocLoader.java:76) - Found @IocBean : class cn.wizzer.app.web.modules.controllers.platform.sys.SysWxController
[DEBUG] 2018-10-15 16:13:20,512 org.nutz.ioc.loader.annotation.AnnotationIocLoader.addClass(AnnotationIocLoader.java:76) - Found @IocBean : class cn.wizzer.app.web.modules.controllers.platform.sys.SysWxDeptController
[DEBUG] 2018-10-15 16:13:20,512 org.nutz.ioc.loader.annotation.AnnotationIocLoader.addClass(AnnotationIocLoader.java:76) - Found @IocBean : class cn.wizzer.app.web.modules.controllers.platform.sys.SysWxUserController
[DEBUG] 2018-10-15 16:13:20,512 org.nutz.ioc.loader.annotation.AnnotationIocLoader.addClass(AnnotationIocLoader.java:76) - Found @IocBean : class cn.wizzer.app.web.modules.controllers.platform.wx.WxConfigController
[DEBUG] 2018-10-15 16:13:20,512 org.nutz.ioc.loader.annotation.AnnotationIocLoader.addClass(AnnotationIocLoader.java:76) - Found @IocBean : class cn.wizzer.app.web.modules.controllers.platform.wx.WxMassController
[DEBUG] 2018-10-15 16:13:20,512 org.nutz.ioc.loader.annotation.AnnotationIocLoader.addClass(AnnotationIocLoader.java:76) - Found @IocBean : class cn.wizzer.app.web.modules.controllers.platform.wx.WxMenuController
[DEBUG] 2018-10-15 16:13:20,512 org.nutz.ioc.loader.annotation.AnnotationIocLoader.addClass(AnnotationIocLoader.java:76) - Found @IocBean : class cn.wizzer.app.web.modules.controllers.platform.wx.WxMsgUserController
[DEBUG] 2018-10-15 16:13:20,512 org.nutz.ioc.loader.annotation.AnnotationIocLoader.addClass(AnnotationIocLoader.java:76) - Found @IocBean : class cn.wizzer.app.web.modules.controllers.platform.wx.WxPayTestController
[DEBUG] 2018-10-15 16:13:20,512 org.nutz.ioc.loader.annotation.AnnotationIocLoader.addClass(AnnotationIocLoader.java:76) - Found @IocBean : class cn.wizzer.app.web.modules.controllers.platform.wx.WxReplyController
[DEBUG] 2018-10-15 16:13:20,513 org.nutz.ioc.loader.annotation.AnnotationIocLoader.addClass(AnnotationIocLoader.java:76) - Found @IocBean : class cn.wizzer.app.web.modules.controllers.platform.wx.WxReplyNewsController
[DEBUG] 2018-10-15 16:13:20,513 org.nutz.ioc.loader.annotation.AnnotationIocLoader.addClass(AnnotationIocLoader.java:76) - Found @IocBean : class cn.wizzer.app.web.modules.controllers.platform.wx.WxReplyTxtController
[DEBUG] 2018-10-15 16:13:20,513 org.nutz.ioc.loader.annotation.AnnotationIocLoader.addClass(AnnotationIocLoader.java:76) - Found @IocBean : class cn.wizzer.app.web.modules.controllers.platform.wx.WxTplIdController
[DEBUG] 2018-10-15 16:13:20,513 org.nutz.ioc.loader.annotation.AnnotationIocLoader.addClass(AnnotationIocLoader.java:76) - Found @IocBean : class cn.wizzer.app.web.modules.controllers.platform.wx.WxTplListController
[DEBUG] 2018-10-15 16:13:20,513 org.nutz.ioc.loader.annotation.AnnotationIocLoader.addClass(AnnotationIocLoader.java:76) - Found @IocBean : class cn.wizzer.app.web.modules.controllers.platform.wx.WxTplLogController
[DEBUG] 2018-10-15 16:13:20,513 org.nutz.ioc.loader.annotation.AnnotationIocLoader.addClass(AnnotationIocLoader.java:76) - Found @IocBean : class cn.wizzer.app.web.modules.controllers.platform.wx.WxUserController
[DEBUG] 2018-10-15 16:13:20,513 org.nutz.ioc.loader.annotation.AnnotationIocLoader.addClass(AnnotationIocLoader.java:76) - Found @IocBean : class cn.wizzer.app.wx.modules.services.impl.WxConfigServiceImpl
[DEBUG] 2018-10-15 16:13:20,514 org.nutz.ioc.loader.annotation.AnnotationIocLoader.addClass(AnnotationIocLoader.java:76) - Found @IocBean : class cn.wizzer.app.wx.modules.services.impl.WxMassNewsServiceImpl
[DEBUG] 2018-10-15 16:13:20,514 org.nutz.ioc.loader.annotation.AnnotationIocLoader.addClass(AnnotationIocLoader.java:76) - Found @IocBean : class cn.wizzer.app.wx.modules.services.impl.WxMassSendServiceImpl
[DEBUG] 2018-10-15 16:13:20,514 org.nutz.ioc.loader.annotation.AnnotationIocLoader.addClass(AnnotationIocLoader.java:76) - Found @IocBean : class cn.wizzer.app.wx.modules.services.impl.WxMassServiceImpl
[DEBUG] 2018-10-15 16:13:20,514 org.nutz.ioc.loader.annotation.AnnotationIocLoader.addClass(AnnotationIocLoader.java:76) - Found @IocBean : class cn.wizzer.app.wx.modules.services.impl.WxMenuServiceImpl
[DEBUG] 2018-10-15 16:13:20,514 org.nutz.ioc.loader.annotation.AnnotationIocLoader.addClass(AnnotationIocLoader.java:76) - Found @IocBean : class cn.wizzer.app.wx.modules.services.impl.WxMsgReplyServiceImpl
[DEBUG] 2018-10-15 16:13:20,514 org.nutz.ioc.loader.annotation.AnnotationIocLoader.addClass(AnnotationIocLoader.java:76) - Found @IocBean : class cn.wizzer.app.wx.modules.services.impl.WxMsgServiceImpl
[DEBUG] 2018-10-15 16:13:20,514 org.nutz.ioc.loader.annotation.AnnotationIocLoader.addClass(AnnotationIocLoader.java:76) - Found @IocBean : class cn.wizzer.app.wx.modules.services.impl.WxReplyNewsServiceImpl
[DEBUG] 2018-10-15 16:13:20,515 org.nutz.ioc.loader.annotation.AnnotationIocLoader.addClass(AnnotationIocLoader.java:76) - Found @IocBean : class cn.wizzer.app.wx.modules.services.impl.WxReplyServiceImpl
[DEBUG] 2018-10-15 16:13:20,515 org.nutz.ioc.loader.annotation.AnnotationIocLoader.addClass(AnnotationIocLoader.java:76) - Found @IocBean : class cn.wizzer.app.wx.modules.services.impl.WxReplyTxtServiceImpl
[DEBUG] 2018-10-15 16:13:20,515 org.nutz.ioc.loader.annotation.AnnotationIocLoader.addClass(AnnotationIocLoader.java:76) - Found @IocBean : class cn.wizzer.app.wx.modules.services.impl.WxTplIdServiceImpl
[DEBUG] 2018-10-15 16:13:20,515 org.nutz.ioc.loader.annotation.AnnotationIocLoader.addClass(AnnotationIocLoader.java:76) - Found @IocBean : class cn.wizzer.app.wx.modules.services.impl.WxTplListServiceImpl
[DEBUG] 2018-10-15 16:13:20,515 org.nutz.ioc.loader.annotation.AnnotationIocLoader.addClass(AnnotationIocLoader.java:76) - Found @IocBean : class cn.wizzer.app.wx.modules.services.impl.WxTplLogServiceImpl
[DEBUG] 2018-10-15 16:13:20,515 org.nutz.ioc.loader.annotation.AnnotationIocLoader.addClass(AnnotationIocLoader.java:76) - Found @IocBean : class cn.wizzer.app.wx.modules.services.impl.WxUserServiceImpl
[DEBUG] 2018-10-15 16:13:20,515 org.nutz.ioc.loader.annotation.AnnotationIocLoader.addClass(AnnotationIocLoader.java:76) - Found @IocBean : class cn.wizzer.test.SimpleTest
[DEBUG] 2018-10-15 16:13:20,519 org.nutz.resource.Scans.scan(Scans.java:274) - Found 0 resource by src( org/nutz/apidoc/ ) , regex( ^.+[.]class$ )
[INFO ] 2018-10-15 16:13:20,520 org.nutz.ioc.loader.annotation.AnnotationIocLoader.<init>(AnnotationIocLoader.java:52) - Found 204 classes in 2 base-packages!
beans = ["wxTplListController", "uploadController", "wxReplyTxtServiceImpl", "logisticsSendplanController", "baseJobServiceImpl", "dateUtil", "qrcodeService", "logisticsSendgoodsServiceImpl", "logisticsOrderentryController", "insLockController", "baseRowofficeentryServiceImpl", "cmsChannelServiceImpl", "insBaseinsServiceImpl", "orderExecute", "cmsArticleController", "basePostController", "baseAirmeterialServiceImpl", "basePersonController", "logisticsOrderplanServiceImpl", "cmsLinkClassController", "basePostServiceImpl", "baseRowofficeServiceImpl", "baseJobController", "baseRowofficeController", "wxReplyController", "insRepairController", "sysConfigServiceImpl", "basePersonpoolController", "baseVehicleController", "wxMsgServiceImpl", "wxPayBackController", "logisticsUnplanController", "mobileInsController", "sysTaskController", "sysBarcodeController", "insTransmitController", "sysDictServiceImpl", "wxConfigServiceImpl", "baseAirportServiceImpl", "apiTestController", "sysMenuController", "cmsSiteServiceImpl", "mobileSysController", "cmsLinkController", "insCommonController", "logisticsOrderplanentryServiceImpl", "insInstrumentController", "sysRegistauditServiceImpl", "insLockServiceImpl", "insOrderController", "wechatController", "wxMsgUserController", "sysDictController", "sysWxUserController", "logisticsDeliveryorderentryController", "basePersonServiceImpl", "insOrderentryServiceImpl", "insRepairtrackController", "insInstrumentServiceImpl", "logisticsSendapprovalServiceImpl", "logisticsOrderdeliveryController", "wxTplListServiceImpl", "tplService", "sysPluginServiceImpl", "insRfheadController", "logisticsSendgoodsController", "mobileBaseController", "baseCnctobjServiceImpl", "nutShiroMethodInterceptor", "insCabinetServiceImpl", "basePlaceServiceImpl", "baseVehicleServiceImpl", "cmsLinkClassServiceImpl", "sysHomeController", "insRfheadServiceImpl", "sysMobileController", "wxMassServiceImpl", "logisticsOrderentryServiceImpl", "logisticsSendplanServiceImpl", "logisticsOrderrejectServiceImpl", "wxHandler", "cmsChannelController", "wxController", "rabbitProducer", "sysTaskServiceImpl", "sysVersionController", "shiroUtil", "wxReplyTxtController", "sysPluginController", "logisticsSendtraceController", "sysApiServiceImpl", "logisticsEntourageServiceImpl", "sLogService", "baseAirportController", "sysApiController", "wxTplIdController", "insSpaceServiceImpl", "logisticsOrderController", "sysTempuserController", "sysUserController", "platformAuthorizingRealm", "testJob", "$aop_1_plugin", "sysRegistauditController", "wxReplyNewsServiceImpl", "insTransmitServiceImpl", "sysLoginController", "wxTplLogServiceImpl", "sysUserServiceImpl", "sysRoleServiceImpl", "sysRouteController", "idcardUtil", "basePlaceController", "sysWxDeptController", "logisticsOrderplanentryController", "userpermissionController", "sysWxServiceImpl", "cmsController", "logisticsSendtraceServiceImpl", "insOrderentryController", "logisticsSendapprovalController", "wxMenuController", "insOrderServiceImpl", "weixinController", "code128Util", "insRepairServiceImpl", "logisticsOrderplanController", "wxMsgReplyServiceImpl", "logisticsOrderdeliveryServiceImpl", "cmsArticleServiceImpl", "baseCnctobjController", "baseCustomerController", "insBaseinsController", "insRfidServiceImpl", "cookieUtil", "baseRowofficeentryController", "logisticsOrderstepServiceImpl", "wxReplyServiceImpl", "bdController", "redisIdGenerator", "insBaseinsSpaceServiceImpl", "cmsSiteController", "logisticsDeliveryorderServiceImpl", "insCabinetController", "logisticsOrderServiceImpl", "sysWxDeptServiceImpl", "sysWxController", "mobileOrderController", "sysRoleController", "logisticsEntourageController", "insCommonServiceImpl", "sysUnitController", "padInsController", "wxMassSendServiceImpl", "logisticsDeliveryorderController", "rSAUtil", "wxConfigController", "stringUtil", "baseCustomerServiceImpl", "basePersonpoolServiceImpl", "insBaseinsSpaceController", "wxUserServiceImpl", "insSpaceController", "sysTempuserServiceImpl", "baseWarehouseServiceImpl", "insToolcabinetController", "sysWxUserServiceImpl", "dynamicInterceptor", "sysLogController", "wxMassController", "emailService", "baseWarehouseController", "insToolcabinetServiceImpl", "wxMenuServiceImpl", "wxReplyNewsController", "baseDeptServiceImpl", "sysRouteServiceImpl", "insRepairtrackServiceImpl", "wxMassNewsServiceImpl", "baseAirmeterialController", "sysMenuServiceImpl", "sysMobileServiceImpl", "simpleTest", "logisticsOrderstepController", "sysLogServiceImpl", "logisticsUnplanServiceImpl", "wxTplIdServiceImpl", "logisticsDeliveryorderentryServiceImpl", "$aop_syslog", "padSysController", "baseDeptController", "logisticsOrderrejectController", "padOrderController", "sysBarcodeServiceImpl", "wxTplLogController", "wxUserController", "wxPayTestController", "tokenController", "sysVersionServiceImpl", "cmsLinkServiceImpl", "sysUnitServiceImpl", "insRfidController", "sysConfController", "pluginMaster"]
[DEBUG] 2018-10-15 16:13:20,520 org.nutz.ioc.loader.combo.ComboIocLoader.createIocLoader(ComboIocLoader.java:110) - found jedis -- org.nutz.integration.jedis.JedisIocLoader
[DEBUG] 2018-10-15 16:13:20,522 org.nutz.resource.Scans.scan(Scans.java:274) - Found 1 resource by src( org/nutz/integration/jedis/jedis.js ) , regex( ^(.+[.])(js|json)$ )
[DEBUG] 2018-10-15 16:13:20,522 org.nutz.ioc.loader.json.JsonLoader.<init>(JsonLoader.java:49) - loading [org/nutz/integration/jedis/jedis.js]
[DEBUG] 2018-10-15 16:13:20,523 org.nutz.ioc.loader.json.JsonLoader.<init>(JsonLoader.java:57) - Loaded 9 bean define from path=[org/nutz/integration/jedis/jedis.js] --> [redisService, jedisCluster, jedisClusterNodes, jedisClusterWrapper, pubSubService, jedisPoolConfig, jedisPool, jedisAgent, redis]
[DEBUG] 2018-10-15 16:13:20,523 org.nutz.ioc.loader.json.JsonLoader.<init>(JsonLoader.java:40) - Loaded 5 bean define from reader --
[txREPEATABLE_READ, txSERIALIZABLE, txNONE, txREAD_UNCOMMITTED, txREAD_COMMITTED]
[DEBUG] 2018-10-15 16:13:20,526 org.nutz.ioc.loader.combo.ComboIocLoader.createIocLoader(ComboIocLoader.java:110) - found quartz -- org.nutz.integration.quartz.QuartzIocLoader
[DEBUG] 2018-10-15 16:13:20,526 org.nutz.ioc.loader.json.JsonLoader.<init>(JsonLoader.java:57) - Loaded 0 bean define from path=[] --> []
[DEBUG] 2018-10-15 16:13:20,527 org.nutz.ioc.aop.SimpleAopMaker.<init>(SimpleAopMaker.java:79) - Load AopConfigure for anno=org.nutz.aop.interceptor.async.Async by type=org.nutz.aop.interceptor.async.AsyncAopIocLoader
[DEBUG] 2018-10-15 16:13:20,528 org.nutz.ioc.loader.combo.ComboIocLoader.createIocLoader(ComboIocLoader.java:110) - found rabbitmq -- org.nutz.integration.rabbitmq.RabbitmqIocLoader
[DEBUG] 2018-10-15 16:13:20,531 org.nutz.resource.Scans.scan(Scans.java:274) - Found 1 resource by src( org/nutz/integration/rabbitmq/rabbitmq.js ) , regex( ^(.+[.])(js|json)$ )
[DEBUG] 2018-10-15 16:13:20,531 org.nutz.ioc.loader.json.JsonLoader.<init>(JsonLoader.java:49) - loading [org/nutz/integration/rabbitmq/rabbitmq.js]
[DEBUG] 2018-10-15 16:13:20,532 org.nutz.ioc.loader.json.JsonLoader.<init>(JsonLoader.java:57) - Loaded 2 bean define from path=[org/nutz/integration/rabbitmq/rabbitmq.js] --> [rabbitmq, rabbitmq_cf]
[INFO ] 2018-10-15 16:13:20,533 org.nutz.ioc.impl.NutIoc.<init>(NutIoc.java:98) - NutIoc init begin ...
[INFO ] 2018-10-15 16:13:20,533 org.nutz.ioc.impl.NutIoc.<init>(NutIoc.java:115) - ... NutIoc init complete
[DEBUG] 2018-10-15 16:13:20,533 org.nutz.ioc.impl.NutIoc.get(NutIoc.java:151) - Get 'conf'<class org.nutz.ioc.impl.PropertiesProxy>
[DEBUG] 2018-10-15 16:13:20,533 org.nutz.ioc.impl.NutIoc.get(NutIoc.java:151) - Get '$aop_1_plugin'<interface org.nutz.ioc.aop.config.AopConfigration>
[DEBUG] 2018-10-15 16:13:20,534 org.nutz.ioc.impl.NutIoc.get(NutIoc.java:177) - 	 >> Load definition name=$aop_1_plugin
[DEBUG] 2018-10-15 16:13:20,534 org.nutz.ioc.loader.combo.ComboIocLoader.load(ComboIocLoader.java:161) - Found IocObject($aop_1_plugin) in AnnotationIocLoader(packages=[cn.wizzer, org.nutz.apidoc])
[DEBUG] 2018-10-15 16:13:20,534 org.nutz.ioc.impl.NutIoc.get(NutIoc.java:209) - 	 >> Make...'$aop_1_plugin'<interface org.nutz.ioc.aop.config.AopConfigration>
[DEBUG] 2018-10-15 16:13:20,534 org.nutz.ioc.impl.ScopeContext.save(ScopeContext.java:64) - Save object '$aop_1_plugin' to [app] 
[DEBUG] 2018-10-15 16:13:20,535 org.nutz.ioc.impl.NutIoc.get(NutIoc.java:151) - Get 'dynamicInterceptor'<class cn.wizzer.app.web.commons.plugin.DynamicInterceptor>
[DEBUG] 2018-10-15 16:13:20,535 org.nutz.ioc.impl.NutIoc.get(NutIoc.java:177) - 	 >> Load definition name=dynamicInterceptor
[DEBUG] 2018-10-15 16:13:20,535 org.nutz.ioc.loader.combo.ComboIocLoader.load(ComboIocLoader.java:161) - Found IocObject(dynamicInterceptor) in AnnotationIocLoader(packages=[cn.wizzer, org.nutz.apidoc])
[DEBUG] 2018-10-15 16:13:20,535 org.nutz.ioc.impl.NutIoc.get(NutIoc.java:209) - 	 >> Make...'dynamicInterceptor'<class cn.wizzer.app.web.commons.plugin.DynamicInterceptor>
[DEBUG] 2018-10-15 16:13:20,535 org.nutz.ioc.impl.ScopeContext.save(ScopeContext.java:64) - Save object 'dynamicInterceptor' to [app] 
[DEBUG] 2018-10-15 16:13:20,535 org.nutz.ioc.impl.NutIoc.get(NutIoc.java:151) - Get '$aop_async'<interface org.nutz.ioc.aop.config.AopConfigration>
[DEBUG] 2018-10-15 16:13:20,535 org.nutz.ioc.impl.NutIoc.get(NutIoc.java:177) - 	 >> Load definition name=$aop_async
[DEBUG] 2018-10-15 16:13:20,536 org.nutz.ioc.loader.combo.ComboIocLoader.load(ComboIocLoader.java:161) - Found IocObject($aop_async) in AsyncAopIocLoader@368342628
[DEBUG] 2018-10-15 16:13:20,536 org.nutz.ioc.impl.NutIoc.get(NutIoc.java:209) - 	 >> Make...'$aop_async'<interface org.nutz.ioc.aop.config.AopConfigration>
[DEBUG] 2018-10-15 16:13:20,536 org.nutz.ioc.impl.ScopeContext.save(ScopeContext.java:64) - Save object '$aop_async' to [app] 
[DEBUG] 2018-10-15 16:13:20,536 org.nutz.ioc.impl.NutIoc.get(NutIoc.java:151) - Get '$aop_syslog'<interface org.nutz.ioc.aop.config.AopConfigration>
[DEBUG] 2018-10-15 16:13:20,536 org.nutz.ioc.impl.NutIoc.get(NutIoc.java:177) - 	 >> Load definition name=$aop_syslog
[DEBUG] 2018-10-15 16:13:20,536 org.nutz.ioc.loader.combo.ComboIocLoader.load(ComboIocLoader.java:161) - Found IocObject($aop_syslog) in AnnotationIocLoader(packages=[cn.wizzer, org.nutz.apidoc])
[DEBUG] 2018-10-15 16:13:20,536 org.nutz.ioc.impl.NutIoc.get(NutIoc.java:209) - 	 >> Make...'$aop_syslog'<interface org.nutz.ioc.aop.config.AopConfigration>
[DEBUG] 2018-10-15 16:13:20,536 org.nutz.ioc.impl.ScopeContext.save(ScopeContext.java:64) - Save object '$aop_syslog' to [app] 
[DEBUG] 2018-10-15 16:13:20,536 org.nutz.ioc.aop.SimpleAopMaker.<init>(SimpleAopMaker.java:79) - Load AopConfigure for anno=cn.wizzer.app.web.commons.slog.annotation.SLog by type=cn.wizzer.app.web.commons.slog.SLogAopConfigration
[DEBUG] 2018-10-15 16:13:20,537 org.nutz.ioc.aop.SimpleAopMaker.<init>(SimpleAopMaker.java:79) - Load AopConfigure for anno=org.nutz.ioc.aop.Aop by type=org.nutz.ioc.aop.config.impl.AnnotationAopConfigration
[DEBUG] 2018-10-15 16:13:20,537 org.nutz.ioc.impl.NutIoc.get(NutIoc.java:177) - 	 >> Load definition name=conf
[DEBUG] 2018-10-15 16:13:20,537 org.nutz.ioc.loader.map.MapLoader.load(MapLoader.java:67) - Loading define for name=conf
[DEBUG] 2018-10-15 16:13:20,537 org.nutz.ioc.loader.combo.ComboIocLoader.load(ComboIocLoader.java:161) - Found IocObject(conf) in JsonLoader(paths=[config/ioc/])
[DEBUG] 2018-10-15 16:13:20,537 org.nutz.ioc.impl.NutIoc.get(NutIoc.java:209) - 	 >> Make...'conf'<class org.nutz.ioc.impl.PropertiesProxy>
[DEBUG] 2018-10-15 16:13:20,537 cn.wizzer.app.web.commons.plugin.PluginAopConfigure.getInterceptorPairList(PluginAopConfigure.java:33) - skip -- org.nutz.ioc.impl.PropertiesProxy
[DEBUG] 2018-10-15 16:13:20,537 org.nutz.ioc.aop.impl.DefaultMirrorFactory.getMirror(DefaultMirrorFactory.java:70) - Load class org.nutz.ioc.impl.PropertiesProxy without AOP
[DEBUG] 2018-10-15 16:13:20,538 org.nutz.ioc.impl.ScopeContext.save(ScopeContext.java:64) - Save object 'conf' to [app] 
[DEBUG] 2018-10-15 16:13:20,543 org.nutz.resource.Scans.scan(Scans.java:274) - Found 4 resource by src( config/custom/ ) , regex( ^.+[.]properties$ )
[DEBUG] 2018-10-15 16:13:20,543 org.nutz.ioc.impl.PropertiesProxy.setPaths(PropertiesProxy.java:113) - load properties from File[C:\Users\Administrator\IdeaProjects\XA-Instrument\wk-app\wk-web\target\classes\config\custom\db.properties]
[DEBUG] 2018-10-15 16:13:20,544 org.nutz.ioc.impl.PropertiesProxy.setPaths(PropertiesProxy.java:113) - load properties from File[C:\Users\Administrator\IdeaProjects\XA-Instrument\wk-app\wk-web\target\classes\config\custom\mail.properties]
[DEBUG] 2018-10-15 16:13:20,545 org.nutz.ioc.impl.PropertiesProxy.setPaths(PropertiesProxy.java:113) - load properties from File[C:\Users\Administrator\IdeaProjects\XA-Instrument\wk-app\wk-web\target\classes\config\custom\rabbit.properties]
[DEBUG] 2018-10-15 16:13:20,546 org.nutz.ioc.impl.PropertiesProxy.setPaths(PropertiesProxy.java:113) - load properties from File[C:\Users\Administrator\IdeaProjects\XA-Instrument\wk-app\wk-web\target\classes\config\custom\redis.properties]
[DEBUG] 2018-10-15 16:13:20,547 org.nutz.ioc.impl.NutIoc.get(NutIoc.java:151) - Get 'simpleTest'<class cn.wizzer.test.SimpleTest>
[DEBUG] 2018-10-15 16:13:20,547 org.nutz.ioc.impl.NutIoc.get(NutIoc.java:177) - 	 >> Load definition name=simpleTest
[DEBUG] 2018-10-15 16:13:20,547 org.nutz.ioc.loader.combo.ComboIocLoader.load(ComboIocLoader.java:161) - Found IocObject(simpleTest) in AnnotationIocLoader(packages=[cn.wizzer, org.nutz.apidoc])
[DEBUG] 2018-10-15 16:13:20,547 org.nutz.ioc.impl.NutIoc.get(NutIoc.java:209) - 	 >> Make...'simpleTest'<class cn.wizzer.test.SimpleTest>
[DEBUG] 2018-10-15 16:13:20,547 cn.wizzer.app.web.commons.plugin.PluginAopConfigure.getInterceptorPairList(PluginAopConfigure.java:33) - skip -- cn.wizzer.test.SimpleTest
[DEBUG] 2018-10-15 16:13:20,548 org.nutz.ioc.aop.impl.DefaultMirrorFactory.getMirror(DefaultMirrorFactory.java:70) - Load class cn.wizzer.test.SimpleTest without AOP
[DEBUG] 2018-10-15 16:13:20,548 org.nutz.ioc.impl.ScopeContext.save(ScopeContext.java:64) - Save object 'simpleTest' to [app] 
[DEBUG] 2018-10-15 16:13:20,551 org.nutz.ioc.impl.NutIoc.get(NutIoc.java:151) - Get 'dao'<interface org.nutz.dao.Dao>
[DEBUG] 2018-10-15 16:13:20,552 org.nutz.ioc.impl.NutIoc.get(NutIoc.java:177) - 	 >> Load definition name=dao
[DEBUG] 2018-10-15 16:13:20,552 org.nutz.ioc.loader.map.MapLoader.load(MapLoader.java:67) - Loading define for name=dao
[DEBUG] 2018-10-15 16:13:20,552 org.nutz.ioc.loader.combo.ComboIocLoader.load(ComboIocLoader.java:161) - Found IocObject(dao) in JsonLoader(paths=[config/ioc/])
[DEBUG] 2018-10-15 16:13:20,552 org.nutz.ioc.impl.NutIoc.get(NutIoc.java:209) - 	 >> Make...'dao'<interface org.nutz.dao.Dao>
[DEBUG] 2018-10-15 16:13:20,552 cn.wizzer.app.web.commons.plugin.PluginAopConfigure.getInterceptorPairList(PluginAopConfigure.java:33) - skip -- org.nutz.dao.impl.NutDao
[DEBUG] 2018-10-15 16:13:20,553 org.nutz.ioc.aop.impl.DefaultMirrorFactory.getMirror(DefaultMirrorFactory.java:70) - Load class org.nutz.dao.impl.NutDao without AOP
[DEBUG] 2018-10-15 16:13:20,553 org.nutz.ioc.impl.ScopeContext.save(ScopeContext.java:64) - Save object 'dao' to [app] 
[DEBUG] 2018-10-15 16:13:20,553 org.nutz.ioc.impl.NutIoc.get(NutIoc.java:151) - Get 'dataSource'<>
[DEBUG] 2018-10-15 16:13:20,553 org.nutz.ioc.impl.NutIoc.get(NutIoc.java:177) - 	 >> Load definition name=dataSource
[DEBUG] 2018-10-15 16:13:20,553 org.nutz.ioc.loader.map.MapLoader.load(MapLoader.java:67) - Loading define for name=dataSource
[DEBUG] 2018-10-15 16:13:20,553 org.nutz.ioc.loader.combo.ComboIocLoader.load(ComboIocLoader.java:161) - Found IocObject(dataSource) in JsonLoader(paths=[config/ioc/])
[DEBUG] 2018-10-15 16:13:20,554 org.nutz.ioc.impl.NutIoc.get(NutIoc.java:209) - 	 >> Make...'dataSource'<>
[DEBUG] 2018-10-15 16:13:20,554 cn.wizzer.app.web.commons.plugin.PluginAopConfigure.getInterceptorPairList(PluginAopConfigure.java:33) - skip -- com.alibaba.druid.pool.DruidDataSource
[DEBUG] 2018-10-15 16:13:20,554 org.nutz.ioc.aop.impl.DefaultMirrorFactory.getMirror(DefaultMirrorFactory.java:70) - Load class com.alibaba.druid.pool.DruidDataSource without AOP
[DEBUG] 2018-10-15 16:13:20,554 org.nutz.ioc.impl.ScopeContext.save(ScopeContext.java:64) - Save object 'dataSource' to [app] 
[DEBUG] 2018-10-15 16:13:20,554 org.nutz.ioc.impl.NutIoc.get(NutIoc.java:151) - Get 'conf'<>
[DEBUG] 2018-10-15 16:13:20,556 org.nutz.ioc.impl.ScopeContext.remove(ScopeContext.java:84) - Remove object 'dataSource' from [app] 
[DEBUG] 2018-10-15 16:13:20,556 org.nutz.ioc.impl.ScopeContext.remove(ScopeContext.java:84) - Remove object 'dao' from [app] 
[DEBUG] 2018-10-15 16:13:20,556 org.nutz.ioc.impl.ScopeContext.remove(ScopeContext.java:84) - Remove object 'simpleTest' from [app] 
]]></system-out>
  </testcase>
  <testcase name="testOrder15" classname="cn.wizzer.test.SimpleTest" time="0.001">
    <error message="IocBean[simpleTest] throw Exception when creating" type="org.nutz.ioc.IocException">org.nutz.ioc.IocException: IocBean[simpleTest] throw Exception when creating
Caused by: java.lang.RuntimeException: IocBean[simpleTest] fail at field=[dao]
Caused by: org.nutz.ioc.IocException: IocBean[dao -> dataSource] throw Exception when creating
Caused by: java.lang.IllegalArgumentException: Failed to decrypt.
Caused by: java.lang.IllegalArgumentException: String length must be a multiple of four.
</error>
    <system-out><![CDATA[[INFO ] 2018-10-15 16:13:20,558 org.nutz.ioc.impl.NutIoc.depose(NutIoc.java:255) - org.nutz.ioc.impl.NutIoc@1192923170 is closing. startup date [18-10-15 16:13:20.533]
[DEBUG] 2018-10-15 16:13:20,558 org.nutz.ioc.impl.ScopeContext.clear(ScopeContext.java:108) - Depose object 'conf' ...
[DEBUG] 2018-10-15 16:13:20,559 org.nutz.ioc.impl.ScopeContext.clear(ScopeContext.java:108) - Depose object '$aop_syslog' ...
[DEBUG] 2018-10-15 16:13:20,559 org.nutz.ioc.impl.ScopeContext.clear(ScopeContext.java:108) - Depose object '$aop_async' ...
[DEBUG] 2018-10-15 16:13:20,559 org.nutz.ioc.impl.ScopeContext.clear(ScopeContext.java:108) - Depose object 'dynamicInterceptor' ...
[DEBUG] 2018-10-15 16:13:20,559 org.nutz.ioc.impl.ScopeContext.clear(ScopeContext.java:108) - Depose object '$aop_1_plugin' ...
[INFO ] 2018-10-15 16:13:20,559 org.nutz.ioc.impl.NutIoc.depose(NutIoc.java:262) - org.nutz.ioc.impl.NutIoc@1192923170 is deposed. startup date [18-10-15 16:13:20.533]
[DEBUG] 2018-10-15 16:13:20,562 org.nutz.resource.Scans.scan(Scans.java:274) - Found 4 resource by src( config/ioc/ ) , regex( ^(.+[.])(js|json)$ )
[DEBUG] 2018-10-15 16:13:20,563 org.nutz.ioc.loader.json.JsonLoader.<init>(JsonLoader.java:49) - loading [dao.json]
[DEBUG] 2018-10-15 16:13:20,563 org.nutz.ioc.loader.json.JsonLoader.<init>(JsonLoader.java:49) - loading [ehcache.json]
[DEBUG] 2018-10-15 16:13:20,564 org.nutz.ioc.loader.json.JsonLoader.<init>(JsonLoader.java:49) - loading [mail.json]
[DEBUG] 2018-10-15 16:13:20,565 org.nutz.ioc.loader.json.JsonLoader.<init>(JsonLoader.java:49) - loading [upload.json]
[DEBUG] 2018-10-15 16:13:20,565 org.nutz.ioc.loader.json.JsonLoader.<init>(JsonLoader.java:57) - Loaded 15 bean define from path=[config/ioc/] --> [videoUpload, conf, uploadVideoContext, imageUpload, fileUpload, cacheManager, dao, cacheProvider, emailAuthenticator, uploadFileContext, htmlEmail, cacheExecutor, tmpFilePool, uploadImageContext, dataSource]
[DEBUG] 2018-10-15 16:13:20,747 org.nutz.resource.Scans.scan(Scans.java:274) - Found 452 resource by src( cn/wizzer/ ) , regex( ^.+[.]class$ )
[DEBUG] 2018-10-15 16:13:20,749 org.nutz.ioc.loader.annotation.AnnotationIocLoader.addClass(AnnotationIocLoader.java:76) - Found @IocBean : class cn.wizzer.framework.util.StringUtil
[DEBUG] 2018-10-15 16:13:20,750 org.nutz.ioc.loader.annotation.AnnotationIocLoader.addClass(AnnotationIocLoader.java:76) - Found @IocBean : class cn.wizzer.framework.util.CookieUtil
[DEBUG] 2018-10-15 16:13:20,750 org.nutz.ioc.loader.annotation.AnnotationIocLoader.addClass(AnnotationIocLoader.java:76) - Found @IocBean : class cn.wizzer.framework.ig.RedisIdGenerator
[DEBUG] 2018-10-15 16:13:20,750 org.nutz.ioc.loader.annotation.AnnotationIocLoader.addClass(AnnotationIocLoader.java:76) - Found @IocBean : class cn.wizzer.framework.util.DateUtil
[DEBUG] 2018-10-15 16:13:20,750 org.nutz.ioc.loader.annotation.AnnotationIocLoader.addClass(AnnotationIocLoader.java:76) - Found @IocBean : class cn.wizzer.framework.shiro.interceptor.NutShiroMethodInterceptor
[DEBUG] 2018-10-15 16:13:20,750 org.nutz.ioc.loader.annotation.AnnotationIocLoader.addClass(AnnotationIocLoader.java:76) - Found @IocBean : class cn.wizzer.framework.util.IdcardUtil
[DEBUG] 2018-10-15 16:13:20,750 org.nutz.ioc.loader.annotation.AnnotationIocLoader.addClass(AnnotationIocLoader.java:76) - Found @IocBean : class cn.wizzer.framework.rabbit.RabbitProducer
[DEBUG] 2018-10-15 16:13:20,751 org.nutz.ioc.loader.annotation.AnnotationIocLoader.addClass(AnnotationIocLoader.java:76) - Found @IocBean : class cn.wizzer.framework.util.RSAUtil
[DEBUG] 2018-10-15 16:13:20,751 org.nutz.ioc.loader.annotation.AnnotationIocLoader.addClass(AnnotationIocLoader.java:76) - Found @IocBean : class cn.wizzer.framework.util.ShiroUtil
[DEBUG] 2018-10-15 16:13:20,751 org.nutz.ioc.loader.annotation.AnnotationIocLoader.addClass(AnnotationIocLoader.java:76) - Found @IocBean : class cn.wizzer.framework.util.Code128Util
[DEBUG] 2018-10-15 16:13:20,751 org.nutz.ioc.loader.annotation.AnnotationIocLoader.addClass(AnnotationIocLoader.java:76) - Found @IocBean : class cn.wizzer.app.base.modules.services.impl.BaseAirmeterialServiceImpl
[DEBUG] 2018-10-15 16:13:20,751 org.nutz.ioc.loader.annotation.AnnotationIocLoader.addClass(AnnotationIocLoader.java:76) - Found @IocBean : class cn.wizzer.app.base.modules.services.impl.BaseAirportServiceImpl
[DEBUG] 2018-10-15 16:13:20,751 org.nutz.ioc.loader.annotation.AnnotationIocLoader.addClass(AnnotationIocLoader.java:76) - Found @IocBean : class cn.wizzer.app.base.modules.services.impl.BaseCnctobjServiceImpl
[DEBUG] 2018-10-15 16:13:20,751 org.nutz.ioc.loader.annotation.AnnotationIocLoader.addClass(AnnotationIocLoader.java:76) - Found @IocBean : class cn.wizzer.app.base.modules.services.impl.BaseCustomerServiceImpl
[DEBUG] 2018-10-15 16:13:20,751 org.nutz.ioc.loader.annotation.AnnotationIocLoader.addClass(AnnotationIocLoader.java:76) - Found @IocBean : class cn.wizzer.app.base.modules.services.impl.BaseDeptServiceImpl
[DEBUG] 2018-10-15 16:13:20,751 org.nutz.ioc.loader.annotation.AnnotationIocLoader.addClass(AnnotationIocLoader.java:76) - Found @IocBean : class cn.wizzer.app.base.modules.services.impl.BaseJobServiceImpl
[DEBUG] 2018-10-15 16:13:20,752 org.nutz.ioc.loader.annotation.AnnotationIocLoader.addClass(AnnotationIocLoader.java:76) - Found @IocBean : class cn.wizzer.app.base.modules.services.impl.BasePersonpoolServiceImpl
[DEBUG] 2018-10-15 16:13:20,752 org.nutz.ioc.loader.annotation.AnnotationIocLoader.addClass(AnnotationIocLoader.java:76) - Found @IocBean : class cn.wizzer.app.base.modules.services.impl.BasePersonServiceImpl
[DEBUG] 2018-10-15 16:13:20,752 org.nutz.ioc.loader.annotation.AnnotationIocLoader.addClass(AnnotationIocLoader.java:76) - Found @IocBean : class cn.wizzer.app.base.modules.services.impl.BasePlaceServiceImpl
[DEBUG] 2018-10-15 16:13:20,752 org.nutz.ioc.loader.annotation.AnnotationIocLoader.addClass(AnnotationIocLoader.java:76) - Found @IocBean : class cn.wizzer.app.base.modules.services.impl.BasePostServiceImpl
[DEBUG] 2018-10-15 16:13:20,753 org.nutz.ioc.loader.annotation.AnnotationIocLoader.addClass(AnnotationIocLoader.java:76) - Found @IocBean : class cn.wizzer.app.base.modules.services.impl.BaseRowofficeentryServiceImpl
[DEBUG] 2018-10-15 16:13:20,753 org.nutz.ioc.loader.annotation.AnnotationIocLoader.addClass(AnnotationIocLoader.java:76) - Found @IocBean : class cn.wizzer.app.base.modules.services.impl.BaseRowofficeServiceImpl
[DEBUG] 2018-10-15 16:13:20,753 org.nutz.ioc.loader.annotation.AnnotationIocLoader.addClass(AnnotationIocLoader.java:76) - Found @IocBean : class cn.wizzer.app.base.modules.services.impl.BaseVehicleServiceImpl
[DEBUG] 2018-10-15 16:13:20,753 org.nutz.ioc.loader.annotation.AnnotationIocLoader.addClass(AnnotationIocLoader.java:76) - Found @IocBean : class cn.wizzer.app.base.modules.services.impl.BaseWarehouseServiceImpl
[DEBUG] 2018-10-15 16:13:20,753 org.nutz.ioc.loader.annotation.AnnotationIocLoader.addClass(AnnotationIocLoader.java:76) - Found @IocBean : class cn.wizzer.app.cms.modules.services.impl.CmsArticleServiceImpl
[DEBUG] 2018-10-15 16:13:20,753 org.nutz.ioc.loader.annotation.AnnotationIocLoader.addClass(AnnotationIocLoader.java:76) - Found @IocBean : class cn.wizzer.app.cms.modules.services.impl.CmsChannelServiceImpl
[DEBUG] 2018-10-15 16:13:20,753 org.nutz.ioc.loader.annotation.AnnotationIocLoader.addClass(AnnotationIocLoader.java:76) - Found @IocBean : class cn.wizzer.app.cms.modules.services.impl.CmsLinkClassServiceImpl
[DEBUG] 2018-10-15 16:13:20,754 org.nutz.ioc.loader.annotation.AnnotationIocLoader.addClass(AnnotationIocLoader.java:76) - Found @IocBean : class cn.wizzer.app.cms.modules.services.impl.CmsLinkServiceImpl
[DEBUG] 2018-10-15 16:13:20,754 org.nutz.ioc.loader.annotation.AnnotationIocLoader.addClass(AnnotationIocLoader.java:76) - Found @IocBean : class cn.wizzer.app.cms.modules.services.impl.CmsSiteServiceImpl
[DEBUG] 2018-10-15 16:13:20,754 org.nutz.ioc.loader.annotation.AnnotationIocLoader.addClass(AnnotationIocLoader.java:76) - Found @IocBean : class cn.wizzer.app.ins.modules.services.impl.InsBaseinsServiceImpl
[DEBUG] 2018-10-15 16:13:20,754 org.nutz.ioc.loader.annotation.AnnotationIocLoader.addClass(AnnotationIocLoader.java:76) - Found @IocBean : class cn.wizzer.app.ins.modules.services.impl.InsBaseinsSpaceServiceImpl
[DEBUG] 2018-10-15 16:13:20,754 org.nutz.ioc.loader.annotation.AnnotationIocLoader.addClass(AnnotationIocLoader.java:76) - Found @IocBean : class cn.wizzer.app.ins.modules.services.impl.InsCabinetServiceImpl
[DEBUG] 2018-10-15 16:13:20,754 org.nutz.ioc.loader.annotation.AnnotationIocLoader.addClass(AnnotationIocLoader.java:76) - Found @IocBean : class cn.wizzer.app.ins.modules.services.impl.InsCommonServiceImpl
[DEBUG] 2018-10-15 16:13:20,754 org.nutz.ioc.loader.annotation.AnnotationIocLoader.addClass(AnnotationIocLoader.java:76) - Found @IocBean : class cn.wizzer.app.ins.modules.services.impl.InsInstrumentServiceImpl
[DEBUG] 2018-10-15 16:13:20,755 org.nutz.ioc.loader.annotation.AnnotationIocLoader.addClass(AnnotationIocLoader.java:76) - Found @IocBean : class cn.wizzer.app.ins.modules.services.impl.InsLockServiceImpl
[DEBUG] 2018-10-15 16:13:20,755 org.nutz.ioc.loader.annotation.AnnotationIocLoader.addClass(AnnotationIocLoader.java:76) - Found @IocBean : class cn.wizzer.app.ins.modules.services.impl.InsOrderentryServiceImpl
[DEBUG] 2018-10-15 16:13:20,755 org.nutz.ioc.loader.annotation.AnnotationIocLoader.addClass(AnnotationIocLoader.java:76) - Found @IocBean : class cn.wizzer.app.ins.modules.services.impl.InsOrderServiceImpl
[DEBUG] 2018-10-15 16:13:20,755 org.nutz.ioc.loader.annotation.AnnotationIocLoader.addClass(AnnotationIocLoader.java:76) - Found @IocBean : class cn.wizzer.app.ins.modules.services.impl.InsRepairServiceImpl
[DEBUG] 2018-10-15 16:13:20,756 org.nutz.ioc.loader.annotation.AnnotationIocLoader.addClass(AnnotationIocLoader.java:76) - Found @IocBean : class cn.wizzer.app.ins.modules.services.impl.InsRepairtrackServiceImpl
[DEBUG] 2018-10-15 16:13:20,756 org.nutz.ioc.loader.annotation.AnnotationIocLoader.addClass(AnnotationIocLoader.java:76) - Found @IocBean : class cn.wizzer.app.ins.modules.services.impl.InsRfheadServiceImpl
[DEBUG] 2018-10-15 16:13:20,756 org.nutz.ioc.loader.annotation.AnnotationIocLoader.addClass(AnnotationIocLoader.java:76) - Found @IocBean : class cn.wizzer.app.ins.modules.services.impl.InsRfidServiceImpl
[DEBUG] 2018-10-15 16:13:20,756 org.nutz.ioc.loader.annotation.AnnotationIocLoader.addClass(AnnotationIocLoader.java:76) - Found @IocBean : class cn.wizzer.app.ins.modules.services.impl.InsSpaceServiceImpl
[DEBUG] 2018-10-15 16:13:20,756 org.nutz.ioc.loader.annotation.AnnotationIocLoader.addClass(AnnotationIocLoader.java:76) - Found @IocBean : class cn.wizzer.app.ins.modules.services.impl.InsToolcabinetServiceImpl
[DEBUG] 2018-10-15 16:13:20,757 org.nutz.ioc.loader.annotation.AnnotationIocLoader.addClass(AnnotationIocLoader.java:76) - Found @IocBean : class cn.wizzer.app.ins.modules.services.impl.InsTransmitServiceImpl
[DEBUG] 2018-10-15 16:13:20,757 org.nutz.ioc.loader.annotation.AnnotationIocLoader.addClass(AnnotationIocLoader.java:76) - Found @IocBean : class cn.wizzer.app.logistics.modules.services.impl.LogisticsDeliveryorderentryServiceImpl
[DEBUG] 2018-10-15 16:13:20,757 org.nutz.ioc.loader.annotation.AnnotationIocLoader.addClass(AnnotationIocLoader.java:76) - Found @IocBean : class cn.wizzer.app.logistics.modules.services.impl.LogisticsDeliveryorderServiceImpl
[DEBUG] 2018-10-15 16:13:20,757 org.nutz.ioc.loader.annotation.AnnotationIocLoader.addClass(AnnotationIocLoader.java:76) - Found @IocBean : class cn.wizzer.app.logistics.modules.services.impl.LogisticsEntourageServiceImpl
[DEBUG] 2018-10-15 16:13:20,758 org.nutz.ioc.loader.annotation.AnnotationIocLoader.addClass(AnnotationIocLoader.java:76) - Found @IocBean : class cn.wizzer.app.logistics.modules.services.impl.LogisticsOrderdeliveryServiceImpl
[DEBUG] 2018-10-15 16:13:20,758 org.nutz.ioc.loader.annotation.AnnotationIocLoader.addClass(AnnotationIocLoader.java:76) - Found @IocBean : class cn.wizzer.app.logistics.modules.services.impl.LogisticsOrderentryServiceImpl
[DEBUG] 2018-10-15 16:13:20,759 org.nutz.ioc.loader.annotation.AnnotationIocLoader.addClass(AnnotationIocLoader.java:76) - Found @IocBean : class cn.wizzer.app.logistics.modules.services.impl.LogisticsOrderplanentryServiceImpl
[DEBUG] 2018-10-15 16:13:20,759 org.nutz.ioc.loader.annotation.AnnotationIocLoader.addClass(AnnotationIocLoader.java:76) - Found @IocBean : class cn.wizzer.app.logistics.modules.services.impl.LogisticsOrderplanServiceImpl
[DEBUG] 2018-10-15 16:13:20,760 org.nutz.ioc.loader.annotation.AnnotationIocLoader.addClass(AnnotationIocLoader.java:76) - Found @IocBean : class cn.wizzer.app.logistics.modules.services.impl.LogisticsOrderrejectServiceImpl
[DEBUG] 2018-10-15 16:13:20,760 org.nutz.ioc.loader.annotation.AnnotationIocLoader.addClass(AnnotationIocLoader.java:76) - Found @IocBean : class cn.wizzer.app.logistics.modules.services.impl.LogisticsOrderServiceImpl
[DEBUG] 2018-10-15 16:13:20,760 org.nutz.ioc.loader.annotation.AnnotationIocLoader.addClass(AnnotationIocLoader.java:76) - Found @IocBean : class cn.wizzer.app.logistics.modules.services.impl.LogisticsOrderstepServiceImpl
[DEBUG] 2018-10-15 16:13:20,760 org.nutz.ioc.loader.annotation.AnnotationIocLoader.addClass(AnnotationIocLoader.java:76) - Found @IocBean : class cn.wizzer.app.logistics.modules.services.impl.LogisticsSendapprovalServiceImpl
[DEBUG] 2018-10-15 16:13:20,761 org.nutz.ioc.loader.annotation.AnnotationIocLoader.addClass(AnnotationIocLoader.java:76) - Found @IocBean : class cn.wizzer.app.logistics.modules.services.impl.LogisticsSendgoodsServiceImpl
[DEBUG] 2018-10-15 16:13:20,761 org.nutz.ioc.loader.annotation.AnnotationIocLoader.addClass(AnnotationIocLoader.java:76) - Found @IocBean : class cn.wizzer.app.logistics.modules.services.impl.LogisticsSendplanServiceImpl
[DEBUG] 2018-10-15 16:13:20,761 org.nutz.ioc.loader.annotation.AnnotationIocLoader.addClass(AnnotationIocLoader.java:76) - Found @IocBean : class cn.wizzer.app.logistics.modules.services.impl.LogisticsSendtraceServiceImpl
[DEBUG] 2018-10-15 16:13:20,761 org.nutz.ioc.loader.annotation.AnnotationIocLoader.addClass(AnnotationIocLoader.java:76) - Found @IocBean : class cn.wizzer.app.logistics.modules.services.impl.LogisticsUnplanServiceImpl
[DEBUG] 2018-10-15 16:13:20,761 org.nutz.ioc.loader.annotation.AnnotationIocLoader.addClass(AnnotationIocLoader.java:76) - Found @IocBean : class cn.wizzer.app.sys.modules.services.impl.SysApiServiceImpl
[DEBUG] 2018-10-15 16:13:20,761 org.nutz.ioc.loader.annotation.AnnotationIocLoader.addClass(AnnotationIocLoader.java:76) - Found @IocBean : class cn.wizzer.app.sys.modules.services.impl.SysBarcodeServiceImpl
[DEBUG] 2018-10-15 16:13:20,762 org.nutz.ioc.loader.annotation.AnnotationIocLoader.addClass(AnnotationIocLoader.java:76) - Found @IocBean : class cn.wizzer.app.sys.modules.services.impl.SysConfigServiceImpl
[DEBUG] 2018-10-15 16:13:20,762 org.nutz.ioc.loader.annotation.AnnotationIocLoader.addClass(AnnotationIocLoader.java:76) - Found @IocBean : class cn.wizzer.app.sys.modules.services.impl.SysDictServiceImpl
[DEBUG] 2018-10-15 16:13:20,762 org.nutz.ioc.loader.annotation.AnnotationIocLoader.addClass(AnnotationIocLoader.java:76) - Found @IocBean : class cn.wizzer.app.sys.modules.services.impl.SysLogServiceImpl
[DEBUG] 2018-10-15 16:13:20,762 org.nutz.ioc.loader.annotation.AnnotationIocLoader.addClass(AnnotationIocLoader.java:76) - Found @IocBean : class cn.wizzer.app.sys.modules.services.impl.SysMenuServiceImpl
[DEBUG] 2018-10-15 16:13:20,762 org.nutz.ioc.loader.annotation.AnnotationIocLoader.addClass(AnnotationIocLoader.java:76) - Found @IocBean : class cn.wizzer.app.sys.modules.services.impl.SysMobileServiceImpl
[DEBUG] 2018-10-15 16:13:20,763 org.nutz.ioc.loader.annotation.AnnotationIocLoader.addClass(AnnotationIocLoader.java:76) - Found @IocBean : class cn.wizzer.app.sys.modules.services.impl.SysPluginServiceImpl
[DEBUG] 2018-10-15 16:13:20,763 org.nutz.ioc.loader.annotation.AnnotationIocLoader.addClass(AnnotationIocLoader.java:76) - Found @IocBean : class cn.wizzer.app.sys.modules.services.impl.SysRegistauditServiceImpl
[DEBUG] 2018-10-15 16:13:20,763 org.nutz.ioc.loader.annotation.AnnotationIocLoader.addClass(AnnotationIocLoader.java:76) - Found @IocBean : class cn.wizzer.app.sys.modules.services.impl.SysRoleServiceImpl
[DEBUG] 2018-10-15 16:13:20,763 org.nutz.ioc.loader.annotation.AnnotationIocLoader.addClass(AnnotationIocLoader.java:76) - Found @IocBean : class cn.wizzer.app.sys.modules.services.impl.SysRouteServiceImpl
[DEBUG] 2018-10-15 16:13:20,763 org.nutz.ioc.loader.annotation.AnnotationIocLoader.addClass(AnnotationIocLoader.java:76) - Found @IocBean : class cn.wizzer.app.sys.modules.services.impl.SysTaskServiceImpl
[DEBUG] 2018-10-15 16:13:20,763 org.nutz.ioc.loader.annotation.AnnotationIocLoader.addClass(AnnotationIocLoader.java:76) - Found @IocBean : class cn.wizzer.app.sys.modules.services.impl.SysTempuserServiceImpl
[DEBUG] 2018-10-15 16:13:20,764 org.nutz.ioc.loader.annotation.AnnotationIocLoader.addClass(AnnotationIocLoader.java:76) - Found @IocBean : class cn.wizzer.app.sys.modules.services.impl.SysUnitServiceImpl
[DEBUG] 2018-10-15 16:13:20,764 org.nutz.ioc.loader.annotation.AnnotationIocLoader.addClass(AnnotationIocLoader.java:76) - Found @IocBean : class cn.wizzer.app.sys.modules.services.impl.SysUserServiceImpl
[DEBUG] 2018-10-15 16:13:20,764 org.nutz.ioc.loader.annotation.AnnotationIocLoader.addClass(AnnotationIocLoader.java:76) - Found @IocBean : class cn.wizzer.app.sys.modules.services.impl.SysVersionServiceImpl
[DEBUG] 2018-10-15 16:13:20,764 org.nutz.ioc.loader.annotation.AnnotationIocLoader.addClass(AnnotationIocLoader.java:76) - Found @IocBean : class cn.wizzer.app.sys.modules.services.impl.SysWxDeptServiceImpl
[DEBUG] 2018-10-15 16:13:20,764 org.nutz.ioc.loader.annotation.AnnotationIocLoader.addClass(AnnotationIocLoader.java:76) - Found @IocBean : class cn.wizzer.app.sys.modules.services.impl.SysWxServiceImpl
[DEBUG] 2018-10-15 16:13:20,764 org.nutz.ioc.loader.annotation.AnnotationIocLoader.addClass(AnnotationIocLoader.java:76) - Found @IocBean : class cn.wizzer.app.sys.modules.services.impl.SysWxUserServiceImpl
[DEBUG] 2018-10-15 16:13:20,764 org.nutz.ioc.loader.annotation.AnnotationIocLoader.addClass(AnnotationIocLoader.java:76) - Found @IocBean : class cn.wizzer.app.web.commons.plugin.DynamicInterceptor
[DEBUG] 2018-10-15 16:13:20,765 org.nutz.ioc.loader.annotation.AnnotationIocLoader.addClass(AnnotationIocLoader.java:76) - Found @IocBean : class cn.wizzer.app.web.commons.plugin.PluginAopConfigure
[DEBUG] 2018-10-15 16:13:20,765 org.nutz.ioc.loader.annotation.AnnotationIocLoader.addClass(AnnotationIocLoader.java:76) - Found @IocBean : class cn.wizzer.app.web.commons.plugin.PluginMaster
[DEBUG] 2018-10-15 16:13:20,765 org.nutz.ioc.loader.annotation.AnnotationIocLoader.addClass(AnnotationIocLoader.java:76) - Found @IocBean : class cn.wizzer.app.web.commons.quartz.job.orderExecute
[DEBUG] 2018-10-15 16:13:20,765 org.nutz.ioc.loader.annotation.AnnotationIocLoader.addClass(AnnotationIocLoader.java:76) - Found @IocBean : class cn.wizzer.app.web.commons.quartz.job.TestJob
[DEBUG] 2018-10-15 16:13:20,765 org.nutz.ioc.loader.annotation.AnnotationIocLoader.addClass(AnnotationIocLoader.java:76) - Found @IocBean : class cn.wizzer.app.web.commons.services.email.EmailService
[DEBUG] 2018-10-15 16:13:20,765 org.nutz.ioc.loader.annotation.AnnotationIocLoader.addClass(AnnotationIocLoader.java:76) - Found @IocBean : class cn.wizzer.app.web.commons.services.qrcode.QrcodeService
[DEBUG] 2018-10-15 16:13:20,766 org.nutz.ioc.loader.annotation.AnnotationIocLoader.addClass(AnnotationIocLoader.java:76) - Found @IocBean : class cn.wizzer.app.web.commons.services.wx.TplService
[DEBUG] 2018-10-15 16:13:20,766 org.nutz.ioc.loader.annotation.AnnotationIocLoader.addClass(AnnotationIocLoader.java:76) - Found @IocBean : class cn.wizzer.app.web.commons.services.wx.WxHandler
[DEBUG] 2018-10-15 16:13:20,766 org.nutz.ioc.loader.annotation.AnnotationIocLoader.addClass(AnnotationIocLoader.java:76) - Found @IocBean : class cn.wizzer.app.web.commons.shiro.realm.PlatformAuthorizingRealm
[DEBUG] 2018-10-15 16:13:20,766 org.nutz.ioc.loader.annotation.AnnotationIocLoader.addClass(AnnotationIocLoader.java:76) - Found @IocBean : class cn.wizzer.app.web.commons.slog.SLogAopConfigration
[DEBUG] 2018-10-15 16:13:20,766 org.nutz.ioc.loader.annotation.AnnotationIocLoader.addClass(AnnotationIocLoader.java:76) - Found @IocBean : class cn.wizzer.app.web.commons.slog.SLogService
[DEBUG] 2018-10-15 16:13:20,766 org.nutz.ioc.loader.annotation.AnnotationIocLoader.addClass(AnnotationIocLoader.java:76) - Found @IocBean : class cn.wizzer.app.web.modules.controllers.front.wx.CmsController
[DEBUG] 2018-10-15 16:13:20,766 org.nutz.ioc.loader.annotation.AnnotationIocLoader.addClass(AnnotationIocLoader.java:76) - Found @IocBean : class cn.wizzer.app.web.modules.controllers.front.wx.WechatController
[DEBUG] 2018-10-15 16:13:20,766 org.nutz.ioc.loader.annotation.AnnotationIocLoader.addClass(AnnotationIocLoader.java:76) - Found @IocBean : class cn.wizzer.app.web.modules.controllers.open.api.mobile.MobileBaseController
[DEBUG] 2018-10-15 16:13:20,767 org.nutz.ioc.loader.annotation.AnnotationIocLoader.addClass(AnnotationIocLoader.java:76) - Found @IocBean : class cn.wizzer.app.web.modules.controllers.open.api.mobile.MobileInsController
[DEBUG] 2018-10-15 16:13:20,767 org.nutz.ioc.loader.annotation.AnnotationIocLoader.addClass(AnnotationIocLoader.java:76) - Found @IocBean : class cn.wizzer.app.web.modules.controllers.open.api.mobile.MobileOrderController
[DEBUG] 2018-10-15 16:13:20,767 org.nutz.ioc.loader.annotation.AnnotationIocLoader.addClass(AnnotationIocLoader.java:76) - Found @IocBean : class cn.wizzer.app.web.modules.controllers.open.api.mobile.MobileSysController
[DEBUG] 2018-10-15 16:13:20,767 org.nutz.ioc.loader.annotation.AnnotationIocLoader.addClass(AnnotationIocLoader.java:76) - Found @IocBean : class cn.wizzer.app.web.modules.controllers.open.api.pad.PadInsController
[DEBUG] 2018-10-15 16:13:20,767 org.nutz.ioc.loader.annotation.AnnotationIocLoader.addClass(AnnotationIocLoader.java:76) - Found @IocBean : class cn.wizzer.app.web.modules.controllers.open.api.pad.PadOrderController
[DEBUG] 2018-10-15 16:13:20,767 org.nutz.ioc.loader.annotation.AnnotationIocLoader.addClass(AnnotationIocLoader.java:76) - Found @IocBean : class cn.wizzer.app.web.modules.controllers.open.api.pad.PadSysController
[DEBUG] 2018-10-15 16:13:20,768 org.nutz.ioc.loader.annotation.AnnotationIocLoader.addClass(AnnotationIocLoader.java:76) - Found @IocBean : class cn.wizzer.app.web.modules.controllers.open.api.test.ApiTestController
[DEBUG] 2018-10-15 16:13:20,768 org.nutz.ioc.loader.annotation.AnnotationIocLoader.addClass(AnnotationIocLoader.java:76) - Found @IocBean : class cn.wizzer.app.web.modules.controllers.open.api.token.TokenController
[DEBUG] 2018-10-15 16:13:20,768 org.nutz.ioc.loader.annotation.AnnotationIocLoader.addClass(AnnotationIocLoader.java:76) - Found @IocBean : class cn.wizzer.app.web.modules.controllers.open.api.userpermission.UserpermissionController
[DEBUG] 2018-10-15 16:13:20,768 org.nutz.ioc.loader.annotation.AnnotationIocLoader.addClass(AnnotationIocLoader.java:76) - Found @IocBean : class cn.wizzer.app.web.modules.controllers.open.file.UploadController
[DEBUG] 2018-10-15 16:13:20,768 org.nutz.ioc.loader.annotation.AnnotationIocLoader.addClass(AnnotationIocLoader.java:76) - Found @IocBean : class cn.wizzer.app.web.modules.controllers.open.pay.WxPayBackController
[DEBUG] 2018-10-15 16:13:20,768 org.nutz.ioc.loader.annotation.AnnotationIocLoader.addClass(AnnotationIocLoader.java:76) - Found @IocBean : class cn.wizzer.app.web.modules.controllers.open.ueditor.BdController
[DEBUG] 2018-10-15 16:13:20,768 org.nutz.ioc.loader.annotation.AnnotationIocLoader.addClass(AnnotationIocLoader.java:76) - Found @IocBean : class cn.wizzer.app.web.modules.controllers.open.ueditor.WxController
[DEBUG] 2018-10-15 16:13:20,769 org.nutz.ioc.loader.annotation.AnnotationIocLoader.addClass(AnnotationIocLoader.java:76) - Found @IocBean : class cn.wizzer.app.web.modules.controllers.open.wx.WeixinController
[DEBUG] 2018-10-15 16:13:20,769 org.nutz.ioc.loader.annotation.AnnotationIocLoader.addClass(AnnotationIocLoader.java:76) - Found @IocBean : class cn.wizzer.app.web.modules.controllers.platform.base.BaseAirmeterialController
[DEBUG] 2018-10-15 16:13:20,769 org.nutz.ioc.loader.annotation.AnnotationIocLoader.addClass(AnnotationIocLoader.java:76) - Found @IocBean : class cn.wizzer.app.web.modules.controllers.platform.base.BaseAirportController
[DEBUG] 2018-10-15 16:13:20,769 org.nutz.ioc.loader.annotation.AnnotationIocLoader.addClass(AnnotationIocLoader.java:76) - Found @IocBean : class cn.wizzer.app.web.modules.controllers.platform.base.BaseCnctobjController
[DEBUG] 2018-10-15 16:13:20,769 org.nutz.ioc.loader.annotation.AnnotationIocLoader.addClass(AnnotationIocLoader.java:76) - Found @IocBean : class cn.wizzer.app.web.modules.controllers.platform.base.BaseCustomerController
[DEBUG] 2018-10-15 16:13:20,769 org.nutz.ioc.loader.annotation.AnnotationIocLoader.addClass(AnnotationIocLoader.java:76) - Found @IocBean : class cn.wizzer.app.web.modules.controllers.platform.base.BaseDeptController
[DEBUG] 2018-10-15 16:13:20,769 org.nutz.ioc.loader.annotation.AnnotationIocLoader.addClass(AnnotationIocLoader.java:76) - Found @IocBean : class cn.wizzer.app.web.modules.controllers.platform.base.BaseJobController
[DEBUG] 2018-10-15 16:13:20,770 org.nutz.ioc.loader.annotation.AnnotationIocLoader.addClass(AnnotationIocLoader.java:76) - Found @IocBean : class cn.wizzer.app.web.modules.controllers.platform.base.BasePersonController
[DEBUG] 2018-10-15 16:13:20,770 org.nutz.ioc.loader.annotation.AnnotationIocLoader.addClass(AnnotationIocLoader.java:76) - Found @IocBean : class cn.wizzer.app.web.modules.controllers.platform.base.BasePersonpoolController
[DEBUG] 2018-10-15 16:13:20,770 org.nutz.ioc.loader.annotation.AnnotationIocLoader.addClass(AnnotationIocLoader.java:76) - Found @IocBean : class cn.wizzer.app.web.modules.controllers.platform.base.BasePlaceController
[DEBUG] 2018-10-15 16:13:20,770 org.nutz.ioc.loader.annotation.AnnotationIocLoader.addClass(AnnotationIocLoader.java:76) - Found @IocBean : class cn.wizzer.app.web.modules.controllers.platform.base.BasePostController
[DEBUG] 2018-10-15 16:13:20,770 org.nutz.ioc.loader.annotation.AnnotationIocLoader.addClass(AnnotationIocLoader.java:76) - Found @IocBean : class cn.wizzer.app.web.modules.controllers.platform.base.BaseRowofficeController
[DEBUG] 2018-10-15 16:13:20,771 org.nutz.ioc.loader.annotation.AnnotationIocLoader.addClass(AnnotationIocLoader.java:76) - Found @IocBean : class cn.wizzer.app.web.modules.controllers.platform.base.BaseRowofficeentryController
[DEBUG] 2018-10-15 16:13:20,771 org.nutz.ioc.loader.annotation.AnnotationIocLoader.addClass(AnnotationIocLoader.java:76) - Found @IocBean : class cn.wizzer.app.web.modules.controllers.platform.base.BaseVehicleController
[DEBUG] 2018-10-15 16:13:20,771 org.nutz.ioc.loader.annotation.AnnotationIocLoader.addClass(AnnotationIocLoader.java:76) - Found @IocBean : class cn.wizzer.app.web.modules.controllers.platform.base.BaseWarehouseController
[DEBUG] 2018-10-15 16:13:20,771 org.nutz.ioc.loader.annotation.AnnotationIocLoader.addClass(AnnotationIocLoader.java:76) - Found @IocBean : class cn.wizzer.app.web.modules.controllers.platform.cms.CmsArticleController
[DEBUG] 2018-10-15 16:13:20,771 org.nutz.ioc.loader.annotation.AnnotationIocLoader.addClass(AnnotationIocLoader.java:76) - Found @IocBean : class cn.wizzer.app.web.modules.controllers.platform.cms.CmsChannelController
[DEBUG] 2018-10-15 16:13:20,771 org.nutz.ioc.loader.annotation.AnnotationIocLoader.addClass(AnnotationIocLoader.java:76) - Found @IocBean : class cn.wizzer.app.web.modules.controllers.platform.cms.CmsLinkClassController
[DEBUG] 2018-10-15 16:13:20,771 org.nutz.ioc.loader.annotation.AnnotationIocLoader.addClass(AnnotationIocLoader.java:76) - Found @IocBean : class cn.wizzer.app.web.modules.controllers.platform.cms.CmsLinkController
[DEBUG] 2018-10-15 16:13:20,772 org.nutz.ioc.loader.annotation.AnnotationIocLoader.addClass(AnnotationIocLoader.java:76) - Found @IocBean : class cn.wizzer.app.web.modules.controllers.platform.cms.CmsSiteController
[DEBUG] 2018-10-15 16:13:20,772 org.nutz.ioc.loader.annotation.AnnotationIocLoader.addClass(AnnotationIocLoader.java:76) - Found @IocBean : class cn.wizzer.app.web.modules.controllers.platform.ins.InsBaseinsController
[DEBUG] 2018-10-15 16:13:20,772 org.nutz.ioc.loader.annotation.AnnotationIocLoader.addClass(AnnotationIocLoader.java:76) - Found @IocBean : class cn.wizzer.app.web.modules.controllers.platform.ins.InsBaseinsSpaceController
[DEBUG] 2018-10-15 16:13:20,772 org.nutz.ioc.loader.annotation.AnnotationIocLoader.addClass(AnnotationIocLoader.java:76) - Found @IocBean : class cn.wizzer.app.web.modules.controllers.platform.ins.InsCabinetController
[DEBUG] 2018-10-15 16:13:20,773 org.nutz.ioc.loader.annotation.AnnotationIocLoader.addClass(AnnotationIocLoader.java:76) - Found @IocBean : class cn.wizzer.app.web.modules.controllers.platform.ins.InsCommonController
[DEBUG] 2018-10-15 16:13:20,773 org.nutz.ioc.loader.annotation.AnnotationIocLoader.addClass(AnnotationIocLoader.java:76) - Found @IocBean : class cn.wizzer.app.web.modules.controllers.platform.ins.InsInstrumentController
[DEBUG] 2018-10-15 16:13:20,773 org.nutz.ioc.loader.annotation.AnnotationIocLoader.addClass(AnnotationIocLoader.java:76) - Found @IocBean : class cn.wizzer.app.web.modules.controllers.platform.ins.InsLockController
[DEBUG] 2018-10-15 16:13:20,773 org.nutz.ioc.loader.annotation.AnnotationIocLoader.addClass(AnnotationIocLoader.java:76) - Found @IocBean : class cn.wizzer.app.web.modules.controllers.platform.ins.InsOrderController
[DEBUG] 2018-10-15 16:13:20,773 org.nutz.ioc.loader.annotation.AnnotationIocLoader.addClass(AnnotationIocLoader.java:76) - Found @IocBean : class cn.wizzer.app.web.modules.controllers.platform.ins.InsOrderentryController
[DEBUG] 2018-10-15 16:13:20,774 org.nutz.ioc.loader.annotation.AnnotationIocLoader.addClass(AnnotationIocLoader.java:76) - Found @IocBean : class cn.wizzer.app.web.modules.controllers.platform.ins.InsRepairController
[DEBUG] 2018-10-15 16:13:20,774 org.nutz.ioc.loader.annotation.AnnotationIocLoader.addClass(AnnotationIocLoader.java:76) - Found @IocBean : class cn.wizzer.app.web.modules.controllers.platform.ins.InsRepairtrackController
[DEBUG] 2018-10-15 16:13:20,774 org.nutz.ioc.loader.annotation.AnnotationIocLoader.addClass(AnnotationIocLoader.java:76) - Found @IocBean : class cn.wizzer.app.web.modules.controllers.platform.ins.InsRfheadController
[DEBUG] 2018-10-15 16:13:20,775 org.nutz.ioc.loader.annotation.AnnotationIocLoader.addClass(AnnotationIocLoader.java:76) - Found @IocBean : class cn.wizzer.app.web.modules.controllers.platform.ins.InsRfidController
[DEBUG] 2018-10-15 16:13:20,775 org.nutz.ioc.loader.annotation.AnnotationIocLoader.addClass(AnnotationIocLoader.java:76) - Found @IocBean : class cn.wizzer.app.web.modules.controllers.platform.ins.InsSpaceController
[DEBUG] 2018-10-15 16:13:20,776 org.nutz.ioc.loader.annotation.AnnotationIocLoader.addClass(AnnotationIocLoader.java:76) - Found @IocBean : class cn.wizzer.app.web.modules.controllers.platform.ins.InsToolcabinetController
[DEBUG] 2018-10-15 16:13:20,776 org.nutz.ioc.loader.annotation.AnnotationIocLoader.addClass(AnnotationIocLoader.java:76) - Found @IocBean : class cn.wizzer.app.web.modules.controllers.platform.ins.InsTransmitController
[DEBUG] 2018-10-15 16:13:20,776 org.nutz.ioc.loader.annotation.AnnotationIocLoader.addClass(AnnotationIocLoader.java:76) - Found @IocBean : class cn.wizzer.app.web.modules.controllers.platform.logistics.LogisticsDeliveryorderController
[DEBUG] 2018-10-15 16:13:20,777 org.nutz.ioc.loader.annotation.AnnotationIocLoader.addClass(AnnotationIocLoader.java:76) - Found @IocBean : class cn.wizzer.app.web.modules.controllers.platform.logistics.LogisticsDeliveryorderentryController
[DEBUG] 2018-10-15 16:13:20,777 org.nutz.ioc.loader.annotation.AnnotationIocLoader.addClass(AnnotationIocLoader.java:76) - Found @IocBean : class cn.wizzer.app.web.modules.controllers.platform.logistics.LogisticsEntourageController
[DEBUG] 2018-10-15 16:13:20,777 org.nutz.ioc.loader.annotation.AnnotationIocLoader.addClass(AnnotationIocLoader.java:76) - Found @IocBean : class cn.wizzer.app.web.modules.controllers.platform.logistics.LogisticsOrderController
[DEBUG] 2018-10-15 16:13:20,777 org.nutz.ioc.loader.annotation.AnnotationIocLoader.addClass(AnnotationIocLoader.java:76) - Found @IocBean : class cn.wizzer.app.web.modules.controllers.platform.logistics.LogisticsOrderdeliveryController
[DEBUG] 2018-10-15 16:13:20,777 org.nutz.ioc.loader.annotation.AnnotationIocLoader.addClass(AnnotationIocLoader.java:76) - Found @IocBean : class cn.wizzer.app.web.modules.controllers.platform.logistics.LogisticsOrderentryController
[DEBUG] 2018-10-15 16:13:20,777 org.nutz.ioc.loader.annotation.AnnotationIocLoader.addClass(AnnotationIocLoader.java:76) - Found @IocBean : class cn.wizzer.app.web.modules.controllers.platform.logistics.LogisticsOrderplanController
[DEBUG] 2018-10-15 16:13:20,777 org.nutz.ioc.loader.annotation.AnnotationIocLoader.addClass(AnnotationIocLoader.java:76) - Found @IocBean : class cn.wizzer.app.web.modules.controllers.platform.logistics.LogisticsOrderplanentryController
[DEBUG] 2018-10-15 16:13:20,778 org.nutz.ioc.loader.annotation.AnnotationIocLoader.addClass(AnnotationIocLoader.java:76) - Found @IocBean : class cn.wizzer.app.web.modules.controllers.platform.logistics.LogisticsOrderrejectController
[DEBUG] 2018-10-15 16:13:20,778 org.nutz.ioc.loader.annotation.AnnotationIocLoader.addClass(AnnotationIocLoader.java:76) - Found @IocBean : class cn.wizzer.app.web.modules.controllers.platform.logistics.LogisticsOrderstepController
[DEBUG] 2018-10-15 16:13:20,778 org.nutz.ioc.loader.annotation.AnnotationIocLoader.addClass(AnnotationIocLoader.java:76) - Found @IocBean : class cn.wizzer.app.web.modules.controllers.platform.logistics.LogisticsSendapprovalController
[DEBUG] 2018-10-15 16:13:20,778 org.nutz.ioc.loader.annotation.AnnotationIocLoader.addClass(AnnotationIocLoader.java:76) - Found @IocBean : class cn.wizzer.app.web.modules.controllers.platform.logistics.LogisticsSendgoodsController
[DEBUG] 2018-10-15 16:13:20,778 org.nutz.ioc.loader.annotation.AnnotationIocLoader.addClass(AnnotationIocLoader.java:76) - Found @IocBean : class cn.wizzer.app.web.modules.controllers.platform.logistics.LogisticsSendplanController
[DEBUG] 2018-10-15 16:13:20,778 org.nutz.ioc.loader.annotation.AnnotationIocLoader.addClass(AnnotationIocLoader.java:76) - Found @IocBean : class cn.wizzer.app.web.modules.controllers.platform.logistics.LogisticsSendtraceController
[DEBUG] 2018-10-15 16:13:20,779 org.nutz.ioc.loader.annotation.AnnotationIocLoader.addClass(AnnotationIocLoader.java:76) - Found @IocBean : class cn.wizzer.app.web.modules.controllers.platform.logistics.LogisticsUnplanController
[DEBUG] 2018-10-15 16:13:20,779 org.nutz.ioc.loader.annotation.AnnotationIocLoader.addClass(AnnotationIocLoader.java:76) - Found @IocBean : class cn.wizzer.app.web.modules.controllers.platform.sys.SysApiController
[DEBUG] 2018-10-15 16:13:20,779 org.nutz.ioc.loader.annotation.AnnotationIocLoader.addClass(AnnotationIocLoader.java:76) - Found @IocBean : class cn.wizzer.app.web.modules.controllers.platform.sys.SysBarcodeController
[DEBUG] 2018-10-15 16:13:20,779 org.nutz.ioc.loader.annotation.AnnotationIocLoader.addClass(AnnotationIocLoader.java:76) - Found @IocBean : class cn.wizzer.app.web.modules.controllers.platform.sys.SysConfController
[DEBUG] 2018-10-15 16:13:20,779 org.nutz.ioc.loader.annotation.AnnotationIocLoader.addClass(AnnotationIocLoader.java:76) - Found @IocBean : class cn.wizzer.app.web.modules.controllers.platform.sys.SysDictController
[DEBUG] 2018-10-15 16:13:20,779 org.nutz.ioc.loader.annotation.AnnotationIocLoader.addClass(AnnotationIocLoader.java:76) - Found @IocBean : class cn.wizzer.app.web.modules.controllers.platform.sys.SysHomeController
[DEBUG] 2018-10-15 16:13:20,779 org.nutz.ioc.loader.annotation.AnnotationIocLoader.addClass(AnnotationIocLoader.java:76) - Found @IocBean : class cn.wizzer.app.web.modules.controllers.platform.sys.SysLogController
[DEBUG] 2018-10-15 16:13:20,780 org.nutz.ioc.loader.annotation.AnnotationIocLoader.addClass(AnnotationIocLoader.java:76) - Found @IocBean : class cn.wizzer.app.web.modules.controllers.platform.sys.SysLoginController
[DEBUG] 2018-10-15 16:13:20,780 org.nutz.ioc.loader.annotation.AnnotationIocLoader.addClass(AnnotationIocLoader.java:76) - Found @IocBean : class cn.wizzer.app.web.modules.controllers.platform.sys.SysMenuController
[DEBUG] 2018-10-15 16:13:20,780 org.nutz.ioc.loader.annotation.AnnotationIocLoader.addClass(AnnotationIocLoader.java:76) - Found @IocBean : class cn.wizzer.app.web.modules.controllers.platform.sys.SysMobileController
[DEBUG] 2018-10-15 16:13:20,780 org.nutz.ioc.loader.annotation.AnnotationIocLoader.addClass(AnnotationIocLoader.java:76) - Found @IocBean : class cn.wizzer.app.web.modules.controllers.platform.sys.SysPluginController
[DEBUG] 2018-10-15 16:13:20,780 org.nutz.ioc.loader.annotation.AnnotationIocLoader.addClass(AnnotationIocLoader.java:76) - Found @IocBean : class cn.wizzer.app.web.modules.controllers.platform.sys.SysRegistauditController
[DEBUG] 2018-10-15 16:13:20,781 org.nutz.ioc.loader.annotation.AnnotationIocLoader.addClass(AnnotationIocLoader.java:76) - Found @IocBean : class cn.wizzer.app.web.modules.controllers.platform.sys.SysRoleController
[DEBUG] 2018-10-15 16:13:20,781 org.nutz.ioc.loader.annotation.AnnotationIocLoader.addClass(AnnotationIocLoader.java:76) - Found @IocBean : class cn.wizzer.app.web.modules.controllers.platform.sys.SysRouteController
[DEBUG] 2018-10-15 16:13:20,781 org.nutz.ioc.loader.annotation.AnnotationIocLoader.addClass(AnnotationIocLoader.java:76) - Found @IocBean : class cn.wizzer.app.web.modules.controllers.platform.sys.SysTaskController
[DEBUG] 2018-10-15 16:13:20,788 org.nutz.ioc.loader.annotation.AnnotationIocLoader.addClass(AnnotationIocLoader.java:76) - Found @IocBean : class cn.wizzer.app.web.modules.controllers.platform.sys.SysTempuserController
[DEBUG] 2018-10-15 16:13:20,788 org.nutz.ioc.loader.annotation.AnnotationIocLoader.addClass(AnnotationIocLoader.java:76) - Found @IocBean : class cn.wizzer.app.web.modules.controllers.platform.sys.SysUnitController
[DEBUG] 2018-10-15 16:13:20,788 org.nutz.ioc.loader.annotation.AnnotationIocLoader.addClass(AnnotationIocLoader.java:76) - Found @IocBean : class cn.wizzer.app.web.modules.controllers.platform.sys.SysUserController
[DEBUG] 2018-10-15 16:13:20,788 org.nutz.ioc.loader.annotation.AnnotationIocLoader.addClass(AnnotationIocLoader.java:76) - Found @IocBean : class cn.wizzer.app.web.modules.controllers.platform.sys.SysVersionController
[DEBUG] 2018-10-15 16:13:20,789 org.nutz.ioc.loader.annotation.AnnotationIocLoader.addClass(AnnotationIocLoader.java:76) - Found @IocBean : class cn.wizzer.app.web.modules.controllers.platform.sys.SysWxController
[DEBUG] 2018-10-15 16:13:20,789 org.nutz.ioc.loader.annotation.AnnotationIocLoader.addClass(AnnotationIocLoader.java:76) - Found @IocBean : class cn.wizzer.app.web.modules.controllers.platform.sys.SysWxDeptController
[DEBUG] 2018-10-15 16:13:20,789 org.nutz.ioc.loader.annotation.AnnotationIocLoader.addClass(AnnotationIocLoader.java:76) - Found @IocBean : class cn.wizzer.app.web.modules.controllers.platform.sys.SysWxUserController
[DEBUG] 2018-10-15 16:13:20,789 org.nutz.ioc.loader.annotation.AnnotationIocLoader.addClass(AnnotationIocLoader.java:76) - Found @IocBean : class cn.wizzer.app.web.modules.controllers.platform.wx.WxConfigController
[DEBUG] 2018-10-15 16:13:20,789 org.nutz.ioc.loader.annotation.AnnotationIocLoader.addClass(AnnotationIocLoader.java:76) - Found @IocBean : class cn.wizzer.app.web.modules.controllers.platform.wx.WxMassController
[DEBUG] 2018-10-15 16:13:20,789 org.nutz.ioc.loader.annotation.AnnotationIocLoader.addClass(AnnotationIocLoader.java:76) - Found @IocBean : class cn.wizzer.app.web.modules.controllers.platform.wx.WxMenuController
[DEBUG] 2018-10-15 16:13:20,790 org.nutz.ioc.loader.annotation.AnnotationIocLoader.addClass(AnnotationIocLoader.java:76) - Found @IocBean : class cn.wizzer.app.web.modules.controllers.platform.wx.WxMsgUserController
[DEBUG] 2018-10-15 16:13:20,790 org.nutz.ioc.loader.annotation.AnnotationIocLoader.addClass(AnnotationIocLoader.java:76) - Found @IocBean : class cn.wizzer.app.web.modules.controllers.platform.wx.WxPayTestController
[DEBUG] 2018-10-15 16:13:20,790 org.nutz.ioc.loader.annotation.AnnotationIocLoader.addClass(AnnotationIocLoader.java:76) - Found @IocBean : class cn.wizzer.app.web.modules.controllers.platform.wx.WxReplyController
[DEBUG] 2018-10-15 16:13:20,790 org.nutz.ioc.loader.annotation.AnnotationIocLoader.addClass(AnnotationIocLoader.java:76) - Found @IocBean : class cn.wizzer.app.web.modules.controllers.platform.wx.WxReplyNewsController
[DEBUG] 2018-10-15 16:13:20,790 org.nutz.ioc.loader.annotation.AnnotationIocLoader.addClass(AnnotationIocLoader.java:76) - Found @IocBean : class cn.wizzer.app.web.modules.controllers.platform.wx.WxReplyTxtController
[DEBUG] 2018-10-15 16:13:20,790 org.nutz.ioc.loader.annotation.AnnotationIocLoader.addClass(AnnotationIocLoader.java:76) - Found @IocBean : class cn.wizzer.app.web.modules.controllers.platform.wx.WxTplIdController
[DEBUG] 2018-10-15 16:13:20,790 org.nutz.ioc.loader.annotation.AnnotationIocLoader.addClass(AnnotationIocLoader.java:76) - Found @IocBean : class cn.wizzer.app.web.modules.controllers.platform.wx.WxTplListController
[DEBUG] 2018-10-15 16:13:20,791 org.nutz.ioc.loader.annotation.AnnotationIocLoader.addClass(AnnotationIocLoader.java:76) - Found @IocBean : class cn.wizzer.app.web.modules.controllers.platform.wx.WxTplLogController
[DEBUG] 2018-10-15 16:13:20,791 org.nutz.ioc.loader.annotation.AnnotationIocLoader.addClass(AnnotationIocLoader.java:76) - Found @IocBean : class cn.wizzer.app.web.modules.controllers.platform.wx.WxUserController
[DEBUG] 2018-10-15 16:13:20,791 org.nutz.ioc.loader.annotation.AnnotationIocLoader.addClass(AnnotationIocLoader.java:76) - Found @IocBean : class cn.wizzer.app.wx.modules.services.impl.WxConfigServiceImpl
[DEBUG] 2018-10-15 16:13:20,791 org.nutz.ioc.loader.annotation.AnnotationIocLoader.addClass(AnnotationIocLoader.java:76) - Found @IocBean : class cn.wizzer.app.wx.modules.services.impl.WxMassNewsServiceImpl
[DEBUG] 2018-10-15 16:13:20,791 org.nutz.ioc.loader.annotation.AnnotationIocLoader.addClass(AnnotationIocLoader.java:76) - Found @IocBean : class cn.wizzer.app.wx.modules.services.impl.WxMassSendServiceImpl
[DEBUG] 2018-10-15 16:13:20,792 org.nutz.ioc.loader.annotation.AnnotationIocLoader.addClass(AnnotationIocLoader.java:76) - Found @IocBean : class cn.wizzer.app.wx.modules.services.impl.WxMassServiceImpl
[DEBUG] 2018-10-15 16:13:20,792 org.nutz.ioc.loader.annotation.AnnotationIocLoader.addClass(AnnotationIocLoader.java:76) - Found @IocBean : class cn.wizzer.app.wx.modules.services.impl.WxMenuServiceImpl
[DEBUG] 2018-10-15 16:13:20,794 org.nutz.ioc.loader.annotation.AnnotationIocLoader.addClass(AnnotationIocLoader.java:76) - Found @IocBean : class cn.wizzer.app.wx.modules.services.impl.WxMsgReplyServiceImpl
[DEBUG] 2018-10-15 16:13:20,795 org.nutz.ioc.loader.annotation.AnnotationIocLoader.addClass(AnnotationIocLoader.java:76) - Found @IocBean : class cn.wizzer.app.wx.modules.services.impl.WxMsgServiceImpl
[DEBUG] 2018-10-15 16:13:20,795 org.nutz.ioc.loader.annotation.AnnotationIocLoader.addClass(AnnotationIocLoader.java:76) - Found @IocBean : class cn.wizzer.app.wx.modules.services.impl.WxReplyNewsServiceImpl
[DEBUG] 2018-10-15 16:13:20,796 org.nutz.ioc.loader.annotation.AnnotationIocLoader.addClass(AnnotationIocLoader.java:76) - Found @IocBean : class cn.wizzer.app.wx.modules.services.impl.WxReplyServiceImpl
[DEBUG] 2018-10-15 16:13:20,796 org.nutz.ioc.loader.annotation.AnnotationIocLoader.addClass(AnnotationIocLoader.java:76) - Found @IocBean : class cn.wizzer.app.wx.modules.services.impl.WxReplyTxtServiceImpl
[DEBUG] 2018-10-15 16:13:20,796 org.nutz.ioc.loader.annotation.AnnotationIocLoader.addClass(AnnotationIocLoader.java:76) - Found @IocBean : class cn.wizzer.app.wx.modules.services.impl.WxTplIdServiceImpl
[DEBUG] 2018-10-15 16:13:20,797 org.nutz.ioc.loader.annotation.AnnotationIocLoader.addClass(AnnotationIocLoader.java:76) - Found @IocBean : class cn.wizzer.app.wx.modules.services.impl.WxTplListServiceImpl
[DEBUG] 2018-10-15 16:13:20,803 org.nutz.ioc.loader.annotation.AnnotationIocLoader.addClass(AnnotationIocLoader.java:76) - Found @IocBean : class cn.wizzer.app.wx.modules.services.impl.WxTplLogServiceImpl
[DEBUG] 2018-10-15 16:13:20,804 org.nutz.ioc.loader.annotation.AnnotationIocLoader.addClass(AnnotationIocLoader.java:76) - Found @IocBean : class cn.wizzer.app.wx.modules.services.impl.WxUserServiceImpl
[DEBUG] 2018-10-15 16:13:20,804 org.nutz.ioc.loader.annotation.AnnotationIocLoader.addClass(AnnotationIocLoader.java:76) - Found @IocBean : class cn.wizzer.test.SimpleTest
[DEBUG] 2018-10-15 16:13:20,809 org.nutz.resource.Scans.scan(Scans.java:274) - Found 0 resource by src( org/nutz/apidoc/ ) , regex( ^.+[.]class$ )
[INFO ] 2018-10-15 16:13:20,810 org.nutz.ioc.loader.annotation.AnnotationIocLoader.<init>(AnnotationIocLoader.java:52) - Found 204 classes in 2 base-packages!
beans = ["wxTplListController", "uploadController", "wxReplyTxtServiceImpl", "logisticsSendplanController", "baseJobServiceImpl", "dateUtil", "qrcodeService", "logisticsSendgoodsServiceImpl", "logisticsOrderentryController", "insLockController", "baseRowofficeentryServiceImpl", "cmsChannelServiceImpl", "insBaseinsServiceImpl", "orderExecute", "cmsArticleController", "basePostController", "baseAirmeterialServiceImpl", "basePersonController", "logisticsOrderplanServiceImpl", "cmsLinkClassController", "basePostServiceImpl", "baseRowofficeServiceImpl", "baseJobController", "baseRowofficeController", "wxReplyController", "insRepairController", "sysConfigServiceImpl", "basePersonpoolController", "baseVehicleController", "wxMsgServiceImpl", "wxPayBackController", "logisticsUnplanController", "mobileInsController", "sysTaskController", "sysBarcodeController", "insTransmitController", "sysDictServiceImpl", "wxConfigServiceImpl", "baseAirportServiceImpl", "apiTestController", "sysMenuController", "cmsSiteServiceImpl", "mobileSysController", "cmsLinkController", "insCommonController", "logisticsOrderplanentryServiceImpl", "insInstrumentController", "sysRegistauditServiceImpl", "insLockServiceImpl", "insOrderController", "wechatController", "wxMsgUserController", "sysDictController", "sysWxUserController", "logisticsDeliveryorderentryController", "basePersonServiceImpl", "insOrderentryServiceImpl", "insRepairtrackController", "insInstrumentServiceImpl", "logisticsSendapprovalServiceImpl", "logisticsOrderdeliveryController", "wxTplListServiceImpl", "tplService", "sysPluginServiceImpl", "insRfheadController", "logisticsSendgoodsController", "mobileBaseController", "baseCnctobjServiceImpl", "nutShiroMethodInterceptor", "insCabinetServiceImpl", "basePlaceServiceImpl", "baseVehicleServiceImpl", "cmsLinkClassServiceImpl", "sysHomeController", "insRfheadServiceImpl", "sysMobileController", "wxMassServiceImpl", "logisticsOrderentryServiceImpl", "logisticsSendplanServiceImpl", "logisticsOrderrejectServiceImpl", "wxHandler", "cmsChannelController", "wxController", "rabbitProducer", "sysTaskServiceImpl", "sysVersionController", "shiroUtil", "wxReplyTxtController", "sysPluginController", "logisticsSendtraceController", "sysApiServiceImpl", "logisticsEntourageServiceImpl", "sLogService", "baseAirportController", "sysApiController", "wxTplIdController", "insSpaceServiceImpl", "logisticsOrderController", "sysTempuserController", "sysUserController", "platformAuthorizingRealm", "testJob", "$aop_1_plugin", "sysRegistauditController", "wxReplyNewsServiceImpl", "insTransmitServiceImpl", "sysLoginController", "wxTplLogServiceImpl", "sysUserServiceImpl", "sysRoleServiceImpl", "sysRouteController", "idcardUtil", "basePlaceController", "sysWxDeptController", "logisticsOrderplanentryController", "userpermissionController", "sysWxServiceImpl", "cmsController", "logisticsSendtraceServiceImpl", "insOrderentryController", "logisticsSendapprovalController", "wxMenuController", "insOrderServiceImpl", "weixinController", "code128Util", "insRepairServiceImpl", "logisticsOrderplanController", "wxMsgReplyServiceImpl", "logisticsOrderdeliveryServiceImpl", "cmsArticleServiceImpl", "baseCnctobjController", "baseCustomerController", "insBaseinsController", "insRfidServiceImpl", "cookieUtil", "baseRowofficeentryController", "logisticsOrderstepServiceImpl", "wxReplyServiceImpl", "bdController", "redisIdGenerator", "insBaseinsSpaceServiceImpl", "cmsSiteController", "logisticsDeliveryorderServiceImpl", "insCabinetController", "logisticsOrderServiceImpl", "sysWxDeptServiceImpl", "sysWxController", "mobileOrderController", "sysRoleController", "logisticsEntourageController", "insCommonServiceImpl", "sysUnitController", "padInsController", "wxMassSendServiceImpl", "logisticsDeliveryorderController", "rSAUtil", "wxConfigController", "stringUtil", "baseCustomerServiceImpl", "basePersonpoolServiceImpl", "insBaseinsSpaceController", "wxUserServiceImpl", "insSpaceController", "sysTempuserServiceImpl", "baseWarehouseServiceImpl", "insToolcabinetController", "sysWxUserServiceImpl", "dynamicInterceptor", "sysLogController", "wxMassController", "emailService", "baseWarehouseController", "insToolcabinetServiceImpl", "wxMenuServiceImpl", "wxReplyNewsController", "baseDeptServiceImpl", "sysRouteServiceImpl", "insRepairtrackServiceImpl", "wxMassNewsServiceImpl", "baseAirmeterialController", "sysMenuServiceImpl", "sysMobileServiceImpl", "simpleTest", "logisticsOrderstepController", "sysLogServiceImpl", "logisticsUnplanServiceImpl", "wxTplIdServiceImpl", "logisticsDeliveryorderentryServiceImpl", "$aop_syslog", "padSysController", "baseDeptController", "logisticsOrderrejectController", "padOrderController", "sysBarcodeServiceImpl", "wxTplLogController", "wxUserController", "wxPayTestController", "tokenController", "sysVersionServiceImpl", "cmsLinkServiceImpl", "sysUnitServiceImpl", "insRfidController", "sysConfController", "pluginMaster"]
[DEBUG] 2018-10-15 16:13:20,811 org.nutz.ioc.loader.combo.ComboIocLoader.createIocLoader(ComboIocLoader.java:110) - found jedis -- org.nutz.integration.jedis.JedisIocLoader
[DEBUG] 2018-10-15 16:13:20,813 org.nutz.resource.Scans.scan(Scans.java:274) - Found 1 resource by src( org/nutz/integration/jedis/jedis.js ) , regex( ^(.+[.])(js|json)$ )
[DEBUG] 2018-10-15 16:13:20,813 org.nutz.ioc.loader.json.JsonLoader.<init>(JsonLoader.java:49) - loading [org/nutz/integration/jedis/jedis.js]
[DEBUG] 2018-10-15 16:13:20,814 org.nutz.ioc.loader.json.JsonLoader.<init>(JsonLoader.java:57) - Loaded 9 bean define from path=[org/nutz/integration/jedis/jedis.js] --> [redisService, jedisCluster, jedisClusterNodes, jedisClusterWrapper, pubSubService, jedisPoolConfig, jedisPool, jedisAgent, redis]
[DEBUG] 2018-10-15 16:13:20,814 org.nutz.ioc.loader.json.JsonLoader.<init>(JsonLoader.java:40) - Loaded 5 bean define from reader --
[txREPEATABLE_READ, txSERIALIZABLE, txNONE, txREAD_UNCOMMITTED, txREAD_COMMITTED]
[DEBUG] 2018-10-15 16:13:20,818 org.nutz.ioc.loader.combo.ComboIocLoader.createIocLoader(ComboIocLoader.java:110) - found quartz -- org.nutz.integration.quartz.QuartzIocLoader
[DEBUG] 2018-10-15 16:13:20,818 org.nutz.ioc.loader.json.JsonLoader.<init>(JsonLoader.java:57) - Loaded 0 bean define from path=[] --> []
[DEBUG] 2018-10-15 16:13:20,819 org.nutz.ioc.aop.SimpleAopMaker.<init>(SimpleAopMaker.java:79) - Load AopConfigure for anno=org.nutz.aop.interceptor.async.Async by type=org.nutz.aop.interceptor.async.AsyncAopIocLoader
[DEBUG] 2018-10-15 16:13:20,820 org.nutz.ioc.loader.combo.ComboIocLoader.createIocLoader(ComboIocLoader.java:110) - found rabbitmq -- org.nutz.integration.rabbitmq.RabbitmqIocLoader
[DEBUG] 2018-10-15 16:13:20,822 org.nutz.resource.Scans.scan(Scans.java:274) - Found 1 resource by src( org/nutz/integration/rabbitmq/rabbitmq.js ) , regex( ^(.+[.])(js|json)$ )
[DEBUG] 2018-10-15 16:13:20,822 org.nutz.ioc.loader.json.JsonLoader.<init>(JsonLoader.java:49) - loading [org/nutz/integration/rabbitmq/rabbitmq.js]
[DEBUG] 2018-10-15 16:13:20,822 org.nutz.ioc.loader.json.JsonLoader.<init>(JsonLoader.java:57) - Loaded 2 bean define from path=[org/nutz/integration/rabbitmq/rabbitmq.js] --> [rabbitmq, rabbitmq_cf]
[INFO ] 2018-10-15 16:13:20,822 org.nutz.ioc.impl.NutIoc.<init>(NutIoc.java:98) - NutIoc init begin ...
[INFO ] 2018-10-15 16:13:20,822 org.nutz.ioc.impl.NutIoc.<init>(NutIoc.java:115) - ... NutIoc init complete
[DEBUG] 2018-10-15 16:13:20,822 org.nutz.ioc.impl.NutIoc.get(NutIoc.java:151) - Get 'conf'<class org.nutz.ioc.impl.PropertiesProxy>
[DEBUG] 2018-10-15 16:13:20,823 org.nutz.ioc.impl.NutIoc.get(NutIoc.java:151) - Get '$aop_1_plugin'<interface org.nutz.ioc.aop.config.AopConfigration>
[DEBUG] 2018-10-15 16:13:20,823 org.nutz.ioc.impl.NutIoc.get(NutIoc.java:177) - 	 >> Load definition name=$aop_1_plugin
[DEBUG] 2018-10-15 16:13:20,823 org.nutz.ioc.loader.combo.ComboIocLoader.load(ComboIocLoader.java:161) - Found IocObject($aop_1_plugin) in AnnotationIocLoader(packages=[cn.wizzer, org.nutz.apidoc])
[DEBUG] 2018-10-15 16:13:20,823 org.nutz.ioc.impl.NutIoc.get(NutIoc.java:209) - 	 >> Make...'$aop_1_plugin'<interface org.nutz.ioc.aop.config.AopConfigration>
[DEBUG] 2018-10-15 16:13:20,823 org.nutz.ioc.impl.ScopeContext.save(ScopeContext.java:64) - Save object '$aop_1_plugin' to [app] 
[DEBUG] 2018-10-15 16:13:20,824 org.nutz.ioc.impl.NutIoc.get(NutIoc.java:151) - Get 'dynamicInterceptor'<class cn.wizzer.app.web.commons.plugin.DynamicInterceptor>
[DEBUG] 2018-10-15 16:13:20,824 org.nutz.ioc.impl.NutIoc.get(NutIoc.java:177) - 	 >> Load definition name=dynamicInterceptor
[DEBUG] 2018-10-15 16:13:20,824 org.nutz.ioc.loader.combo.ComboIocLoader.load(ComboIocLoader.java:161) - Found IocObject(dynamicInterceptor) in AnnotationIocLoader(packages=[cn.wizzer, org.nutz.apidoc])
[DEBUG] 2018-10-15 16:13:20,824 org.nutz.ioc.impl.NutIoc.get(NutIoc.java:209) - 	 >> Make...'dynamicInterceptor'<class cn.wizzer.app.web.commons.plugin.DynamicInterceptor>
[DEBUG] 2018-10-15 16:13:20,824 org.nutz.ioc.impl.ScopeContext.save(ScopeContext.java:64) - Save object 'dynamicInterceptor' to [app] 
[DEBUG] 2018-10-15 16:13:20,824 org.nutz.ioc.impl.NutIoc.get(NutIoc.java:151) - Get '$aop_async'<interface org.nutz.ioc.aop.config.AopConfigration>
[DEBUG] 2018-10-15 16:13:20,825 org.nutz.ioc.impl.NutIoc.get(NutIoc.java:177) - 	 >> Load definition name=$aop_async
[DEBUG] 2018-10-15 16:13:20,825 org.nutz.ioc.loader.combo.ComboIocLoader.load(ComboIocLoader.java:161) - Found IocObject($aop_async) in AsyncAopIocLoader@1975873209
[DEBUG] 2018-10-15 16:13:20,825 org.nutz.ioc.impl.NutIoc.get(NutIoc.java:209) - 	 >> Make...'$aop_async'<interface org.nutz.ioc.aop.config.AopConfigration>
[DEBUG] 2018-10-15 16:13:20,825 org.nutz.ioc.impl.ScopeContext.save(ScopeContext.java:64) - Save object '$aop_async' to [app] 
[DEBUG] 2018-10-15 16:13:20,826 org.nutz.ioc.impl.NutIoc.get(NutIoc.java:151) - Get '$aop_syslog'<interface org.nutz.ioc.aop.config.AopConfigration>
[DEBUG] 2018-10-15 16:13:20,826 org.nutz.ioc.impl.NutIoc.get(NutIoc.java:177) - 	 >> Load definition name=$aop_syslog
[DEBUG] 2018-10-15 16:13:20,826 org.nutz.ioc.loader.combo.ComboIocLoader.load(ComboIocLoader.java:161) - Found IocObject($aop_syslog) in AnnotationIocLoader(packages=[cn.wizzer, org.nutz.apidoc])
[DEBUG] 2018-10-15 16:13:20,826 org.nutz.ioc.impl.NutIoc.get(NutIoc.java:209) - 	 >> Make...'$aop_syslog'<interface org.nutz.ioc.aop.config.AopConfigration>
[DEBUG] 2018-10-15 16:13:20,826 org.nutz.ioc.impl.ScopeContext.save(ScopeContext.java:64) - Save object '$aop_syslog' to [app] 
[DEBUG] 2018-10-15 16:13:20,826 org.nutz.ioc.aop.SimpleAopMaker.<init>(SimpleAopMaker.java:79) - Load AopConfigure for anno=cn.wizzer.app.web.commons.slog.annotation.SLog by type=cn.wizzer.app.web.commons.slog.SLogAopConfigration
[DEBUG] 2018-10-15 16:13:20,827 org.nutz.ioc.aop.SimpleAopMaker.<init>(SimpleAopMaker.java:79) - Load AopConfigure for anno=org.nutz.ioc.aop.Aop by type=org.nutz.ioc.aop.config.impl.AnnotationAopConfigration
[DEBUG] 2018-10-15 16:13:20,827 org.nutz.ioc.impl.NutIoc.get(NutIoc.java:177) - 	 >> Load definition name=conf
[DEBUG] 2018-10-15 16:13:20,827 org.nutz.ioc.loader.map.MapLoader.load(MapLoader.java:67) - Loading define for name=conf
[DEBUG] 2018-10-15 16:13:20,827 org.nutz.ioc.loader.combo.ComboIocLoader.load(ComboIocLoader.java:161) - Found IocObject(conf) in JsonLoader(paths=[config/ioc/])
[DEBUG] 2018-10-15 16:13:20,827 org.nutz.ioc.impl.NutIoc.get(NutIoc.java:209) - 	 >> Make...'conf'<class org.nutz.ioc.impl.PropertiesProxy>
[DEBUG] 2018-10-15 16:13:20,827 cn.wizzer.app.web.commons.plugin.PluginAopConfigure.getInterceptorPairList(PluginAopConfigure.java:33) - skip -- org.nutz.ioc.impl.PropertiesProxy
[DEBUG] 2018-10-15 16:13:20,828 org.nutz.ioc.aop.impl.DefaultMirrorFactory.getMirror(DefaultMirrorFactory.java:70) - Load class org.nutz.ioc.impl.PropertiesProxy without AOP
[DEBUG] 2018-10-15 16:13:20,828 org.nutz.ioc.impl.ScopeContext.save(ScopeContext.java:64) - Save object 'conf' to [app] 
[DEBUG] 2018-10-15 16:13:20,831 org.nutz.resource.Scans.scan(Scans.java:274) - Found 4 resource by src( config/custom/ ) , regex( ^.+[.]properties$ )
[DEBUG] 2018-10-15 16:13:20,831 org.nutz.ioc.impl.PropertiesProxy.setPaths(PropertiesProxy.java:113) - load properties from File[C:\Users\Administrator\IdeaProjects\XA-Instrument\wk-app\wk-web\target\classes\config\custom\db.properties]
[DEBUG] 2018-10-15 16:13:20,832 org.nutz.ioc.impl.PropertiesProxy.setPaths(PropertiesProxy.java:113) - load properties from File[C:\Users\Administrator\IdeaProjects\XA-Instrument\wk-app\wk-web\target\classes\config\custom\mail.properties]
[DEBUG] 2018-10-15 16:13:20,833 org.nutz.ioc.impl.PropertiesProxy.setPaths(PropertiesProxy.java:113) - load properties from File[C:\Users\Administrator\IdeaProjects\XA-Instrument\wk-app\wk-web\target\classes\config\custom\rabbit.properties]
[DEBUG] 2018-10-15 16:13:20,833 org.nutz.ioc.impl.PropertiesProxy.setPaths(PropertiesProxy.java:113) - load properties from File[C:\Users\Administrator\IdeaProjects\XA-Instrument\wk-app\wk-web\target\classes\config\custom\redis.properties]
[DEBUG] 2018-10-15 16:13:20,834 org.nutz.ioc.impl.NutIoc.get(NutIoc.java:151) - Get 'simpleTest'<class cn.wizzer.test.SimpleTest>
[DEBUG] 2018-10-15 16:13:20,834 org.nutz.ioc.impl.NutIoc.get(NutIoc.java:177) - 	 >> Load definition name=simpleTest
[DEBUG] 2018-10-15 16:13:20,834 org.nutz.ioc.loader.combo.ComboIocLoader.load(ComboIocLoader.java:161) - Found IocObject(simpleTest) in AnnotationIocLoader(packages=[cn.wizzer, org.nutz.apidoc])
[DEBUG] 2018-10-15 16:13:20,834 org.nutz.ioc.impl.NutIoc.get(NutIoc.java:209) - 	 >> Make...'simpleTest'<class cn.wizzer.test.SimpleTest>
[DEBUG] 2018-10-15 16:13:20,834 cn.wizzer.app.web.commons.plugin.PluginAopConfigure.getInterceptorPairList(PluginAopConfigure.java:33) - skip -- cn.wizzer.test.SimpleTest
[DEBUG] 2018-10-15 16:13:20,834 org.nutz.ioc.aop.impl.DefaultMirrorFactory.getMirror(DefaultMirrorFactory.java:70) - Load class cn.wizzer.test.SimpleTest without AOP
[DEBUG] 2018-10-15 16:13:20,834 org.nutz.ioc.impl.ScopeContext.save(ScopeContext.java:64) - Save object 'simpleTest' to [app] 
[DEBUG] 2018-10-15 16:13:20,837 org.nutz.ioc.impl.NutIoc.get(NutIoc.java:151) - Get 'dao'<interface org.nutz.dao.Dao>
[DEBUG] 2018-10-15 16:13:20,837 org.nutz.ioc.impl.NutIoc.get(NutIoc.java:177) - 	 >> Load definition name=dao
[DEBUG] 2018-10-15 16:13:20,838 org.nutz.ioc.loader.map.MapLoader.load(MapLoader.java:67) - Loading define for name=dao
[DEBUG] 2018-10-15 16:13:20,838 org.nutz.ioc.loader.combo.ComboIocLoader.load(ComboIocLoader.java:161) - Found IocObject(dao) in JsonLoader(paths=[config/ioc/])
[DEBUG] 2018-10-15 16:13:20,838 org.nutz.ioc.impl.NutIoc.get(NutIoc.java:209) - 	 >> Make...'dao'<interface org.nutz.dao.Dao>
[DEBUG] 2018-10-15 16:13:20,838 cn.wizzer.app.web.commons.plugin.PluginAopConfigure.getInterceptorPairList(PluginAopConfigure.java:33) - skip -- org.nutz.dao.impl.NutDao
[DEBUG] 2018-10-15 16:13:20,838 org.nutz.ioc.aop.impl.DefaultMirrorFactory.getMirror(DefaultMirrorFactory.java:70) - Load class org.nutz.dao.impl.NutDao without AOP
[DEBUG] 2018-10-15 16:13:20,838 org.nutz.ioc.impl.ScopeContext.save(ScopeContext.java:64) - Save object 'dao' to [app] 
[DEBUG] 2018-10-15 16:13:20,838 org.nutz.ioc.impl.NutIoc.get(NutIoc.java:151) - Get 'dataSource'<>
[DEBUG] 2018-10-15 16:13:20,839 org.nutz.ioc.impl.NutIoc.get(NutIoc.java:177) - 	 >> Load definition name=dataSource
[DEBUG] 2018-10-15 16:13:20,839 org.nutz.ioc.loader.map.MapLoader.load(MapLoader.java:67) - Loading define for name=dataSource
[DEBUG] 2018-10-15 16:13:20,839 org.nutz.ioc.loader.combo.ComboIocLoader.load(ComboIocLoader.java:161) - Found IocObject(dataSource) in JsonLoader(paths=[config/ioc/])
[DEBUG] 2018-10-15 16:13:20,839 org.nutz.ioc.impl.NutIoc.get(NutIoc.java:209) - 	 >> Make...'dataSource'<>
[DEBUG] 2018-10-15 16:13:20,839 cn.wizzer.app.web.commons.plugin.PluginAopConfigure.getInterceptorPairList(PluginAopConfigure.java:33) - skip -- com.alibaba.druid.pool.DruidDataSource
[DEBUG] 2018-10-15 16:13:20,839 org.nutz.ioc.aop.impl.DefaultMirrorFactory.getMirror(DefaultMirrorFactory.java:70) - Load class com.alibaba.druid.pool.DruidDataSource without AOP
[DEBUG] 2018-10-15 16:13:20,839 org.nutz.ioc.impl.ScopeContext.save(ScopeContext.java:64) - Save object 'dataSource' to [app] 
[DEBUG] 2018-10-15 16:13:20,840 org.nutz.ioc.impl.NutIoc.get(NutIoc.java:151) - Get 'conf'<>
[DEBUG] 2018-10-15 16:13:20,842 org.nutz.ioc.impl.ScopeContext.remove(ScopeContext.java:84) - Remove object 'dataSource' from [app] 
[DEBUG] 2018-10-15 16:13:20,842 org.nutz.ioc.impl.ScopeContext.remove(ScopeContext.java:84) - Remove object 'dao' from [app] 
[DEBUG] 2018-10-15 16:13:20,842 org.nutz.ioc.impl.ScopeContext.remove(ScopeContext.java:84) - Remove object 'simpleTest' from [app] 
]]></system-out>
  </testcase>
  <testcase name="testOrder16" classname="cn.wizzer.test.SimpleTest" time="0.001">
    <error message="IocBean[simpleTest] throw Exception when creating" type="org.nutz.ioc.IocException">org.nutz.ioc.IocException: IocBean[simpleTest] throw Exception when creating
Caused by: java.lang.RuntimeException: IocBean[simpleTest] fail at field=[dao]
Caused by: org.nutz.ioc.IocException: IocBean[dao -> dataSource] throw Exception when creating
Caused by: java.lang.IllegalArgumentException: Failed to decrypt.
Caused by: java.lang.IllegalArgumentException: String length must be a multiple of four.
</error>
    <system-out><![CDATA[[INFO ] 2018-10-15 16:13:20,843 org.nutz.ioc.impl.NutIoc.depose(NutIoc.java:255) - org.nutz.ioc.impl.NutIoc@79438382 is closing. startup date [18-10-15 16:13:20.822]
[DEBUG] 2018-10-15 16:13:20,844 org.nutz.ioc.impl.ScopeContext.clear(ScopeContext.java:108) - Depose object 'conf' ...
[DEBUG] 2018-10-15 16:13:20,844 org.nutz.ioc.impl.ScopeContext.clear(ScopeContext.java:108) - Depose object '$aop_syslog' ...
[DEBUG] 2018-10-15 16:13:20,844 org.nutz.ioc.impl.ScopeContext.clear(ScopeContext.java:108) - Depose object '$aop_async' ...
[DEBUG] 2018-10-15 16:13:20,844 org.nutz.ioc.impl.ScopeContext.clear(ScopeContext.java:108) - Depose object 'dynamicInterceptor' ...
[DEBUG] 2018-10-15 16:13:20,844 org.nutz.ioc.impl.ScopeContext.clear(ScopeContext.java:108) - Depose object '$aop_1_plugin' ...
[INFO ] 2018-10-15 16:13:20,844 org.nutz.ioc.impl.NutIoc.depose(NutIoc.java:262) - org.nutz.ioc.impl.NutIoc@79438382 is deposed. startup date [18-10-15 16:13:20.822]
[DEBUG] 2018-10-15 16:13:20,849 org.nutz.resource.Scans.scan(Scans.java:274) - Found 4 resource by src( config/ioc/ ) , regex( ^(.+[.])(js|json)$ )
[DEBUG] 2018-10-15 16:13:20,849 org.nutz.ioc.loader.json.JsonLoader.<init>(JsonLoader.java:49) - loading [dao.json]
[DEBUG] 2018-10-15 16:13:20,850 org.nutz.ioc.loader.json.JsonLoader.<init>(JsonLoader.java:49) - loading [ehcache.json]
[DEBUG] 2018-10-15 16:13:20,850 org.nutz.ioc.loader.json.JsonLoader.<init>(JsonLoader.java:49) - loading [mail.json]
[DEBUG] 2018-10-15 16:13:20,851 org.nutz.ioc.loader.json.JsonLoader.<init>(JsonLoader.java:49) - loading [upload.json]
[DEBUG] 2018-10-15 16:13:20,852 org.nutz.ioc.loader.json.JsonLoader.<init>(JsonLoader.java:57) - Loaded 15 bean define from path=[config/ioc/] --> [videoUpload, conf, uploadVideoContext, imageUpload, fileUpload, cacheManager, dao, cacheProvider, emailAuthenticator, uploadFileContext, htmlEmail, cacheExecutor, tmpFilePool, uploadImageContext, dataSource]
[DEBUG] 2018-10-15 16:13:21,029 org.nutz.resource.Scans.scan(Scans.java:274) - Found 452 resource by src( cn/wizzer/ ) , regex( ^.+[.]class$ )
[DEBUG] 2018-10-15 16:13:21,031 org.nutz.ioc.loader.annotation.AnnotationIocLoader.addClass(AnnotationIocLoader.java:76) - Found @IocBean : class cn.wizzer.framework.util.StringUtil
[DEBUG] 2018-10-15 16:13:21,031 org.nutz.ioc.loader.annotation.AnnotationIocLoader.addClass(AnnotationIocLoader.java:76) - Found @IocBean : class cn.wizzer.framework.util.CookieUtil
[DEBUG] 2018-10-15 16:13:21,032 org.nutz.ioc.loader.annotation.AnnotationIocLoader.addClass(AnnotationIocLoader.java:76) - Found @IocBean : class cn.wizzer.framework.ig.RedisIdGenerator
[DEBUG] 2018-10-15 16:13:21,032 org.nutz.ioc.loader.annotation.AnnotationIocLoader.addClass(AnnotationIocLoader.java:76) - Found @IocBean : class cn.wizzer.framework.util.DateUtil
[DEBUG] 2018-10-15 16:13:21,032 org.nutz.ioc.loader.annotation.AnnotationIocLoader.addClass(AnnotationIocLoader.java:76) - Found @IocBean : class cn.wizzer.framework.shiro.interceptor.NutShiroMethodInterceptor
[DEBUG] 2018-10-15 16:13:21,032 org.nutz.ioc.loader.annotation.AnnotationIocLoader.addClass(AnnotationIocLoader.java:76) - Found @IocBean : class cn.wizzer.framework.util.IdcardUtil
[DEBUG] 2018-10-15 16:13:21,032 org.nutz.ioc.loader.annotation.AnnotationIocLoader.addClass(AnnotationIocLoader.java:76) - Found @IocBean : class cn.wizzer.framework.rabbit.RabbitProducer
[DEBUG] 2018-10-15 16:13:21,032 org.nutz.ioc.loader.annotation.AnnotationIocLoader.addClass(AnnotationIocLoader.java:76) - Found @IocBean : class cn.wizzer.framework.util.RSAUtil
[DEBUG] 2018-10-15 16:13:21,033 org.nutz.ioc.loader.annotation.AnnotationIocLoader.addClass(AnnotationIocLoader.java:76) - Found @IocBean : class cn.wizzer.framework.util.ShiroUtil
[DEBUG] 2018-10-15 16:13:21,033 org.nutz.ioc.loader.annotation.AnnotationIocLoader.addClass(AnnotationIocLoader.java:76) - Found @IocBean : class cn.wizzer.framework.util.Code128Util
[DEBUG] 2018-10-15 16:13:21,033 org.nutz.ioc.loader.annotation.AnnotationIocLoader.addClass(AnnotationIocLoader.java:76) - Found @IocBean : class cn.wizzer.app.base.modules.services.impl.BaseAirmeterialServiceImpl
[DEBUG] 2018-10-15 16:13:21,033 org.nutz.ioc.loader.annotation.AnnotationIocLoader.addClass(AnnotationIocLoader.java:76) - Found @IocBean : class cn.wizzer.app.base.modules.services.impl.BaseAirportServiceImpl
[DEBUG] 2018-10-15 16:13:21,033 org.nutz.ioc.loader.annotation.AnnotationIocLoader.addClass(AnnotationIocLoader.java:76) - Found @IocBean : class cn.wizzer.app.base.modules.services.impl.BaseCnctobjServiceImpl
[DEBUG] 2018-10-15 16:13:21,034 org.nutz.ioc.loader.annotation.AnnotationIocLoader.addClass(AnnotationIocLoader.java:76) - Found @IocBean : class cn.wizzer.app.base.modules.services.impl.BaseCustomerServiceImpl
[DEBUG] 2018-10-15 16:13:21,034 org.nutz.ioc.loader.annotation.AnnotationIocLoader.addClass(AnnotationIocLoader.java:76) - Found @IocBean : class cn.wizzer.app.base.modules.services.impl.BaseDeptServiceImpl
[DEBUG] 2018-10-15 16:13:21,034 org.nutz.ioc.loader.annotation.AnnotationIocLoader.addClass(AnnotationIocLoader.java:76) - Found @IocBean : class cn.wizzer.app.base.modules.services.impl.BaseJobServiceImpl
[DEBUG] 2018-10-15 16:13:21,034 org.nutz.ioc.loader.annotation.AnnotationIocLoader.addClass(AnnotationIocLoader.java:76) - Found @IocBean : class cn.wizzer.app.base.modules.services.impl.BasePersonpoolServiceImpl
[DEBUG] 2018-10-15 16:13:21,034 org.nutz.ioc.loader.annotation.AnnotationIocLoader.addClass(AnnotationIocLoader.java:76) - Found @IocBean : class cn.wizzer.app.base.modules.services.impl.BasePersonServiceImpl
[DEBUG] 2018-10-15 16:13:21,034 org.nutz.ioc.loader.annotation.AnnotationIocLoader.addClass(AnnotationIocLoader.java:76) - Found @IocBean : class cn.wizzer.app.base.modules.services.impl.BasePlaceServiceImpl
[DEBUG] 2018-10-15 16:13:21,035 org.nutz.ioc.loader.annotation.AnnotationIocLoader.addClass(AnnotationIocLoader.java:76) - Found @IocBean : class cn.wizzer.app.base.modules.services.impl.BasePostServiceImpl
[DEBUG] 2018-10-15 16:13:21,035 org.nutz.ioc.loader.annotation.AnnotationIocLoader.addClass(AnnotationIocLoader.java:76) - Found @IocBean : class cn.wizzer.app.base.modules.services.impl.BaseRowofficeentryServiceImpl
[DEBUG] 2018-10-15 16:13:21,035 org.nutz.ioc.loader.annotation.AnnotationIocLoader.addClass(AnnotationIocLoader.java:76) - Found @IocBean : class cn.wizzer.app.base.modules.services.impl.BaseRowofficeServiceImpl
[DEBUG] 2018-10-15 16:13:21,035 org.nutz.ioc.loader.annotation.AnnotationIocLoader.addClass(AnnotationIocLoader.java:76) - Found @IocBean : class cn.wizzer.app.base.modules.services.impl.BaseVehicleServiceImpl
[DEBUG] 2018-10-15 16:13:21,035 org.nutz.ioc.loader.annotation.AnnotationIocLoader.addClass(AnnotationIocLoader.java:76) - Found @IocBean : class cn.wizzer.app.base.modules.services.impl.BaseWarehouseServiceImpl
[DEBUG] 2018-10-15 16:13:21,035 org.nutz.ioc.loader.annotation.AnnotationIocLoader.addClass(AnnotationIocLoader.java:76) - Found @IocBean : class cn.wizzer.app.cms.modules.services.impl.CmsArticleServiceImpl
[DEBUG] 2018-10-15 16:13:21,035 org.nutz.ioc.loader.annotation.AnnotationIocLoader.addClass(AnnotationIocLoader.java:76) - Found @IocBean : class cn.wizzer.app.cms.modules.services.impl.CmsChannelServiceImpl
[DEBUG] 2018-10-15 16:13:21,035 org.nutz.ioc.loader.annotation.AnnotationIocLoader.addClass(AnnotationIocLoader.java:76) - Found @IocBean : class cn.wizzer.app.cms.modules.services.impl.CmsLinkClassServiceImpl
[DEBUG] 2018-10-15 16:13:21,036 org.nutz.ioc.loader.annotation.AnnotationIocLoader.addClass(AnnotationIocLoader.java:76) - Found @IocBean : class cn.wizzer.app.cms.modules.services.impl.CmsLinkServiceImpl
[DEBUG] 2018-10-15 16:13:21,036 org.nutz.ioc.loader.annotation.AnnotationIocLoader.addClass(AnnotationIocLoader.java:76) - Found @IocBean : class cn.wizzer.app.cms.modules.services.impl.CmsSiteServiceImpl
[DEBUG] 2018-10-15 16:13:21,036 org.nutz.ioc.loader.annotation.AnnotationIocLoader.addClass(AnnotationIocLoader.java:76) - Found @IocBean : class cn.wizzer.app.ins.modules.services.impl.InsBaseinsServiceImpl
[DEBUG] 2018-10-15 16:13:21,036 org.nutz.ioc.loader.annotation.AnnotationIocLoader.addClass(AnnotationIocLoader.java:76) - Found @IocBean : class cn.wizzer.app.ins.modules.services.impl.InsBaseinsSpaceServiceImpl
[DEBUG] 2018-10-15 16:13:21,036 org.nutz.ioc.loader.annotation.AnnotationIocLoader.addClass(AnnotationIocLoader.java:76) - Found @IocBean : class cn.wizzer.app.ins.modules.services.impl.InsCabinetServiceImpl
[DEBUG] 2018-10-15 16:13:21,036 org.nutz.ioc.loader.annotation.AnnotationIocLoader.addClass(AnnotationIocLoader.java:76) - Found @IocBean : class cn.wizzer.app.ins.modules.services.impl.InsCommonServiceImpl
[DEBUG] 2018-10-15 16:13:21,036 org.nutz.ioc.loader.annotation.AnnotationIocLoader.addClass(AnnotationIocLoader.java:76) - Found @IocBean : class cn.wizzer.app.ins.modules.services.impl.InsInstrumentServiceImpl
[DEBUG] 2018-10-15 16:13:21,036 org.nutz.ioc.loader.annotation.AnnotationIocLoader.addClass(AnnotationIocLoader.java:76) - Found @IocBean : class cn.wizzer.app.ins.modules.services.impl.InsLockServiceImpl
[DEBUG] 2018-10-15 16:13:21,036 org.nutz.ioc.loader.annotation.AnnotationIocLoader.addClass(AnnotationIocLoader.java:76) - Found @IocBean : class cn.wizzer.app.ins.modules.services.impl.InsOrderentryServiceImpl
[DEBUG] 2018-10-15 16:13:21,037 org.nutz.ioc.loader.annotation.AnnotationIocLoader.addClass(AnnotationIocLoader.java:76) - Found @IocBean : class cn.wizzer.app.ins.modules.services.impl.InsOrderServiceImpl
[DEBUG] 2018-10-15 16:13:21,037 org.nutz.ioc.loader.annotation.AnnotationIocLoader.addClass(AnnotationIocLoader.java:76) - Found @IocBean : class cn.wizzer.app.ins.modules.services.impl.InsRepairServiceImpl
[DEBUG] 2018-10-15 16:13:21,037 org.nutz.ioc.loader.annotation.AnnotationIocLoader.addClass(AnnotationIocLoader.java:76) - Found @IocBean : class cn.wizzer.app.ins.modules.services.impl.InsRepairtrackServiceImpl
[DEBUG] 2018-10-15 16:13:21,037 org.nutz.ioc.loader.annotation.AnnotationIocLoader.addClass(AnnotationIocLoader.java:76) - Found @IocBean : class cn.wizzer.app.ins.modules.services.impl.InsRfheadServiceImpl
[DEBUG] 2018-10-15 16:13:21,037 org.nutz.ioc.loader.annotation.AnnotationIocLoader.addClass(AnnotationIocLoader.java:76) - Found @IocBean : class cn.wizzer.app.ins.modules.services.impl.InsRfidServiceImpl
[DEBUG] 2018-10-15 16:13:21,037 org.nutz.ioc.loader.annotation.AnnotationIocLoader.addClass(AnnotationIocLoader.java:76) - Found @IocBean : class cn.wizzer.app.ins.modules.services.impl.InsSpaceServiceImpl
[DEBUG] 2018-10-15 16:13:21,037 org.nutz.ioc.loader.annotation.AnnotationIocLoader.addClass(AnnotationIocLoader.java:76) - Found @IocBean : class cn.wizzer.app.ins.modules.services.impl.InsToolcabinetServiceImpl
[DEBUG] 2018-10-15 16:13:21,037 org.nutz.ioc.loader.annotation.AnnotationIocLoader.addClass(AnnotationIocLoader.java:76) - Found @IocBean : class cn.wizzer.app.ins.modules.services.impl.InsTransmitServiceImpl
[DEBUG] 2018-10-15 16:13:21,038 org.nutz.ioc.loader.annotation.AnnotationIocLoader.addClass(AnnotationIocLoader.java:76) - Found @IocBean : class cn.wizzer.app.logistics.modules.services.impl.LogisticsDeliveryorderentryServiceImpl
[DEBUG] 2018-10-15 16:13:21,038 org.nutz.ioc.loader.annotation.AnnotationIocLoader.addClass(AnnotationIocLoader.java:76) - Found @IocBean : class cn.wizzer.app.logistics.modules.services.impl.LogisticsDeliveryorderServiceImpl
[DEBUG] 2018-10-15 16:13:21,038 org.nutz.ioc.loader.annotation.AnnotationIocLoader.addClass(AnnotationIocLoader.java:76) - Found @IocBean : class cn.wizzer.app.logistics.modules.services.impl.LogisticsEntourageServiceImpl
[DEBUG] 2018-10-15 16:13:21,038 org.nutz.ioc.loader.annotation.AnnotationIocLoader.addClass(AnnotationIocLoader.java:76) - Found @IocBean : class cn.wizzer.app.logistics.modules.services.impl.LogisticsOrderdeliveryServiceImpl
[DEBUG] 2018-10-15 16:13:21,038 org.nutz.ioc.loader.annotation.AnnotationIocLoader.addClass(AnnotationIocLoader.java:76) - Found @IocBean : class cn.wizzer.app.logistics.modules.services.impl.LogisticsOrderentryServiceImpl
[DEBUG] 2018-10-15 16:13:21,038 org.nutz.ioc.loader.annotation.AnnotationIocLoader.addClass(AnnotationIocLoader.java:76) - Found @IocBean : class cn.wizzer.app.logistics.modules.services.impl.LogisticsOrderplanentryServiceImpl
[DEBUG] 2018-10-15 16:13:21,038 org.nutz.ioc.loader.annotation.AnnotationIocLoader.addClass(AnnotationIocLoader.java:76) - Found @IocBean : class cn.wizzer.app.logistics.modules.services.impl.LogisticsOrderplanServiceImpl
[DEBUG] 2018-10-15 16:13:21,038 org.nutz.ioc.loader.annotation.AnnotationIocLoader.addClass(AnnotationIocLoader.java:76) - Found @IocBean : class cn.wizzer.app.logistics.modules.services.impl.LogisticsOrderrejectServiceImpl
[DEBUG] 2018-10-15 16:13:21,038 org.nutz.ioc.loader.annotation.AnnotationIocLoader.addClass(AnnotationIocLoader.java:76) - Found @IocBean : class cn.wizzer.app.logistics.modules.services.impl.LogisticsOrderServiceImpl
[DEBUG] 2018-10-15 16:13:21,039 org.nutz.ioc.loader.annotation.AnnotationIocLoader.addClass(AnnotationIocLoader.java:76) - Found @IocBean : class cn.wizzer.app.logistics.modules.services.impl.LogisticsOrderstepServiceImpl
[DEBUG] 2018-10-15 16:13:21,039 org.nutz.ioc.loader.annotation.AnnotationIocLoader.addClass(AnnotationIocLoader.java:76) - Found @IocBean : class cn.wizzer.app.logistics.modules.services.impl.LogisticsSendapprovalServiceImpl
[DEBUG] 2018-10-15 16:13:21,039 org.nutz.ioc.loader.annotation.AnnotationIocLoader.addClass(AnnotationIocLoader.java:76) - Found @IocBean : class cn.wizzer.app.logistics.modules.services.impl.LogisticsSendgoodsServiceImpl
[DEBUG] 2018-10-15 16:13:21,039 org.nutz.ioc.loader.annotation.AnnotationIocLoader.addClass(AnnotationIocLoader.java:76) - Found @IocBean : class cn.wizzer.app.logistics.modules.services.impl.LogisticsSendplanServiceImpl
[DEBUG] 2018-10-15 16:13:21,039 org.nutz.ioc.loader.annotation.AnnotationIocLoader.addClass(AnnotationIocLoader.java:76) - Found @IocBean : class cn.wizzer.app.logistics.modules.services.impl.LogisticsSendtraceServiceImpl
[DEBUG] 2018-10-15 16:13:21,039 org.nutz.ioc.loader.annotation.AnnotationIocLoader.addClass(AnnotationIocLoader.java:76) - Found @IocBean : class cn.wizzer.app.logistics.modules.services.impl.LogisticsUnplanServiceImpl
[DEBUG] 2018-10-15 16:13:21,039 org.nutz.ioc.loader.annotation.AnnotationIocLoader.addClass(AnnotationIocLoader.java:76) - Found @IocBean : class cn.wizzer.app.sys.modules.services.impl.SysApiServiceImpl
[DEBUG] 2018-10-15 16:13:21,039 org.nutz.ioc.loader.annotation.AnnotationIocLoader.addClass(AnnotationIocLoader.java:76) - Found @IocBean : class cn.wizzer.app.sys.modules.services.impl.SysBarcodeServiceImpl
[DEBUG] 2018-10-15 16:13:21,039 org.nutz.ioc.loader.annotation.AnnotationIocLoader.addClass(AnnotationIocLoader.java:76) - Found @IocBean : class cn.wizzer.app.sys.modules.services.impl.SysConfigServiceImpl
[DEBUG] 2018-10-15 16:13:21,040 org.nutz.ioc.loader.annotation.AnnotationIocLoader.addClass(AnnotationIocLoader.java:76) - Found @IocBean : class cn.wizzer.app.sys.modules.services.impl.SysDictServiceImpl
[DEBUG] 2018-10-15 16:13:21,040 org.nutz.ioc.loader.annotation.AnnotationIocLoader.addClass(AnnotationIocLoader.java:76) - Found @IocBean : class cn.wizzer.app.sys.modules.services.impl.SysLogServiceImpl
[DEBUG] 2018-10-15 16:13:21,040 org.nutz.ioc.loader.annotation.AnnotationIocLoader.addClass(AnnotationIocLoader.java:76) - Found @IocBean : class cn.wizzer.app.sys.modules.services.impl.SysMenuServiceImpl
[DEBUG] 2018-10-15 16:13:21,040 org.nutz.ioc.loader.annotation.AnnotationIocLoader.addClass(AnnotationIocLoader.java:76) - Found @IocBean : class cn.wizzer.app.sys.modules.services.impl.SysMobileServiceImpl
[DEBUG] 2018-10-15 16:13:21,040 org.nutz.ioc.loader.annotation.AnnotationIocLoader.addClass(AnnotationIocLoader.java:76) - Found @IocBean : class cn.wizzer.app.sys.modules.services.impl.SysPluginServiceImpl
[DEBUG] 2018-10-15 16:13:21,040 org.nutz.ioc.loader.annotation.AnnotationIocLoader.addClass(AnnotationIocLoader.java:76) - Found @IocBean : class cn.wizzer.app.sys.modules.services.impl.SysRegistauditServiceImpl
[DEBUG] 2018-10-15 16:13:21,040 org.nutz.ioc.loader.annotation.AnnotationIocLoader.addClass(AnnotationIocLoader.java:76) - Found @IocBean : class cn.wizzer.app.sys.modules.services.impl.SysRoleServiceImpl
[DEBUG] 2018-10-15 16:13:21,040 org.nutz.ioc.loader.annotation.AnnotationIocLoader.addClass(AnnotationIocLoader.java:76) - Found @IocBean : class cn.wizzer.app.sys.modules.services.impl.SysRouteServiceImpl
[DEBUG] 2018-10-15 16:13:21,040 org.nutz.ioc.loader.annotation.AnnotationIocLoader.addClass(AnnotationIocLoader.java:76) - Found @IocBean : class cn.wizzer.app.sys.modules.services.impl.SysTaskServiceImpl
[DEBUG] 2018-10-15 16:13:21,041 org.nutz.ioc.loader.annotation.AnnotationIocLoader.addClass(AnnotationIocLoader.java:76) - Found @IocBean : class cn.wizzer.app.sys.modules.services.impl.SysTempuserServiceImpl
[DEBUG] 2018-10-15 16:13:21,041 org.nutz.ioc.loader.annotation.AnnotationIocLoader.addClass(AnnotationIocLoader.java:76) - Found @IocBean : class cn.wizzer.app.sys.modules.services.impl.SysUnitServiceImpl
[DEBUG] 2018-10-15 16:13:21,041 org.nutz.ioc.loader.annotation.AnnotationIocLoader.addClass(AnnotationIocLoader.java:76) - Found @IocBean : class cn.wizzer.app.sys.modules.services.impl.SysUserServiceImpl
[DEBUG] 2018-10-15 16:13:21,041 org.nutz.ioc.loader.annotation.AnnotationIocLoader.addClass(AnnotationIocLoader.java:76) - Found @IocBean : class cn.wizzer.app.sys.modules.services.impl.SysVersionServiceImpl
[DEBUG] 2018-10-15 16:13:21,041 org.nutz.ioc.loader.annotation.AnnotationIocLoader.addClass(AnnotationIocLoader.java:76) - Found @IocBean : class cn.wizzer.app.sys.modules.services.impl.SysWxDeptServiceImpl
[DEBUG] 2018-10-15 16:13:21,041 org.nutz.ioc.loader.annotation.AnnotationIocLoader.addClass(AnnotationIocLoader.java:76) - Found @IocBean : class cn.wizzer.app.sys.modules.services.impl.SysWxServiceImpl
[DEBUG] 2018-10-15 16:13:21,042 org.nutz.ioc.loader.annotation.AnnotationIocLoader.addClass(AnnotationIocLoader.java:76) - Found @IocBean : class cn.wizzer.app.sys.modules.services.impl.SysWxUserServiceImpl
[DEBUG] 2018-10-15 16:13:21,042 org.nutz.ioc.loader.annotation.AnnotationIocLoader.addClass(AnnotationIocLoader.java:76) - Found @IocBean : class cn.wizzer.app.web.commons.plugin.DynamicInterceptor
[DEBUG] 2018-10-15 16:13:21,042 org.nutz.ioc.loader.annotation.AnnotationIocLoader.addClass(AnnotationIocLoader.java:76) - Found @IocBean : class cn.wizzer.app.web.commons.plugin.PluginAopConfigure
[DEBUG] 2018-10-15 16:13:21,042 org.nutz.ioc.loader.annotation.AnnotationIocLoader.addClass(AnnotationIocLoader.java:76) - Found @IocBean : class cn.wizzer.app.web.commons.plugin.PluginMaster
[DEBUG] 2018-10-15 16:13:21,042 org.nutz.ioc.loader.annotation.AnnotationIocLoader.addClass(AnnotationIocLoader.java:76) - Found @IocBean : class cn.wizzer.app.web.commons.quartz.job.orderExecute
[DEBUG] 2018-10-15 16:13:21,043 org.nutz.ioc.loader.annotation.AnnotationIocLoader.addClass(AnnotationIocLoader.java:76) - Found @IocBean : class cn.wizzer.app.web.commons.quartz.job.TestJob
[DEBUG] 2018-10-15 16:13:21,043 org.nutz.ioc.loader.annotation.AnnotationIocLoader.addClass(AnnotationIocLoader.java:76) - Found @IocBean : class cn.wizzer.app.web.commons.services.email.EmailService
[DEBUG] 2018-10-15 16:13:21,043 org.nutz.ioc.loader.annotation.AnnotationIocLoader.addClass(AnnotationIocLoader.java:76) - Found @IocBean : class cn.wizzer.app.web.commons.services.qrcode.QrcodeService
[DEBUG] 2018-10-15 16:13:21,043 org.nutz.ioc.loader.annotation.AnnotationIocLoader.addClass(AnnotationIocLoader.java:76) - Found @IocBean : class cn.wizzer.app.web.commons.services.wx.TplService
[DEBUG] 2018-10-15 16:13:21,043 org.nutz.ioc.loader.annotation.AnnotationIocLoader.addClass(AnnotationIocLoader.java:76) - Found @IocBean : class cn.wizzer.app.web.commons.services.wx.WxHandler
[DEBUG] 2018-10-15 16:13:21,043 org.nutz.ioc.loader.annotation.AnnotationIocLoader.addClass(AnnotationIocLoader.java:76) - Found @IocBean : class cn.wizzer.app.web.commons.shiro.realm.PlatformAuthorizingRealm
[DEBUG] 2018-10-15 16:13:21,043 org.nutz.ioc.loader.annotation.AnnotationIocLoader.addClass(AnnotationIocLoader.java:76) - Found @IocBean : class cn.wizzer.app.web.commons.slog.SLogAopConfigration
[DEBUG] 2018-10-15 16:13:21,043 org.nutz.ioc.loader.annotation.AnnotationIocLoader.addClass(AnnotationIocLoader.java:76) - Found @IocBean : class cn.wizzer.app.web.commons.slog.SLogService
[DEBUG] 2018-10-15 16:13:21,043 org.nutz.ioc.loader.annotation.AnnotationIocLoader.addClass(AnnotationIocLoader.java:76) - Found @IocBean : class cn.wizzer.app.web.modules.controllers.front.wx.CmsController
[DEBUG] 2018-10-15 16:13:21,044 org.nutz.ioc.loader.annotation.AnnotationIocLoader.addClass(AnnotationIocLoader.java:76) - Found @IocBean : class cn.wizzer.app.web.modules.controllers.front.wx.WechatController
[DEBUG] 2018-10-15 16:13:21,044 org.nutz.ioc.loader.annotation.AnnotationIocLoader.addClass(AnnotationIocLoader.java:76) - Found @IocBean : class cn.wizzer.app.web.modules.controllers.open.api.mobile.MobileBaseController
[DEBUG] 2018-10-15 16:13:21,044 org.nutz.ioc.loader.annotation.AnnotationIocLoader.addClass(AnnotationIocLoader.java:76) - Found @IocBean : class cn.wizzer.app.web.modules.controllers.open.api.mobile.MobileInsController
[DEBUG] 2018-10-15 16:13:21,044 org.nutz.ioc.loader.annotation.AnnotationIocLoader.addClass(AnnotationIocLoader.java:76) - Found @IocBean : class cn.wizzer.app.web.modules.controllers.open.api.mobile.MobileOrderController
[DEBUG] 2018-10-15 16:13:21,044 org.nutz.ioc.loader.annotation.AnnotationIocLoader.addClass(AnnotationIocLoader.java:76) - Found @IocBean : class cn.wizzer.app.web.modules.controllers.open.api.mobile.MobileSysController
[DEBUG] 2018-10-15 16:13:21,044 org.nutz.ioc.loader.annotation.AnnotationIocLoader.addClass(AnnotationIocLoader.java:76) - Found @IocBean : class cn.wizzer.app.web.modules.controllers.open.api.pad.PadInsController
[DEBUG] 2018-10-15 16:13:21,044 org.nutz.ioc.loader.annotation.AnnotationIocLoader.addClass(AnnotationIocLoader.java:76) - Found @IocBean : class cn.wizzer.app.web.modules.controllers.open.api.pad.PadOrderController
[DEBUG] 2018-10-15 16:13:21,044 org.nutz.ioc.loader.annotation.AnnotationIocLoader.addClass(AnnotationIocLoader.java:76) - Found @IocBean : class cn.wizzer.app.web.modules.controllers.open.api.pad.PadSysController
[DEBUG] 2018-10-15 16:13:21,044 org.nutz.ioc.loader.annotation.AnnotationIocLoader.addClass(AnnotationIocLoader.java:76) - Found @IocBean : class cn.wizzer.app.web.modules.controllers.open.api.test.ApiTestController
[DEBUG] 2018-10-15 16:13:21,045 org.nutz.ioc.loader.annotation.AnnotationIocLoader.addClass(AnnotationIocLoader.java:76) - Found @IocBean : class cn.wizzer.app.web.modules.controllers.open.api.token.TokenController
[DEBUG] 2018-10-15 16:13:21,045 org.nutz.ioc.loader.annotation.AnnotationIocLoader.addClass(AnnotationIocLoader.java:76) - Found @IocBean : class cn.wizzer.app.web.modules.controllers.open.api.userpermission.UserpermissionController
[DEBUG] 2018-10-15 16:13:21,045 org.nutz.ioc.loader.annotation.AnnotationIocLoader.addClass(AnnotationIocLoader.java:76) - Found @IocBean : class cn.wizzer.app.web.modules.controllers.open.file.UploadController
[DEBUG] 2018-10-15 16:13:21,045 org.nutz.ioc.loader.annotation.AnnotationIocLoader.addClass(AnnotationIocLoader.java:76) - Found @IocBean : class cn.wizzer.app.web.modules.controllers.open.pay.WxPayBackController
[DEBUG] 2018-10-15 16:13:21,045 org.nutz.ioc.loader.annotation.AnnotationIocLoader.addClass(AnnotationIocLoader.java:76) - Found @IocBean : class cn.wizzer.app.web.modules.controllers.open.ueditor.BdController
[DEBUG] 2018-10-15 16:13:21,045 org.nutz.ioc.loader.annotation.AnnotationIocLoader.addClass(AnnotationIocLoader.java:76) - Found @IocBean : class cn.wizzer.app.web.modules.controllers.open.ueditor.WxController
[DEBUG] 2018-10-15 16:13:21,045 org.nutz.ioc.loader.annotation.AnnotationIocLoader.addClass(AnnotationIocLoader.java:76) - Found @IocBean : class cn.wizzer.app.web.modules.controllers.open.wx.WeixinController
[DEBUG] 2018-10-15 16:13:21,046 org.nutz.ioc.loader.annotation.AnnotationIocLoader.addClass(AnnotationIocLoader.java:76) - Found @IocBean : class cn.wizzer.app.web.modules.controllers.platform.base.BaseAirmeterialController
[DEBUG] 2018-10-15 16:13:21,046 org.nutz.ioc.loader.annotation.AnnotationIocLoader.addClass(AnnotationIocLoader.java:76) - Found @IocBean : class cn.wizzer.app.web.modules.controllers.platform.base.BaseAirportController
[DEBUG] 2018-10-15 16:13:21,046 org.nutz.ioc.loader.annotation.AnnotationIocLoader.addClass(AnnotationIocLoader.java:76) - Found @IocBean : class cn.wizzer.app.web.modules.controllers.platform.base.BaseCnctobjController
[DEBUG] 2018-10-15 16:13:21,046 org.nutz.ioc.loader.annotation.AnnotationIocLoader.addClass(AnnotationIocLoader.java:76) - Found @IocBean : class cn.wizzer.app.web.modules.controllers.platform.base.BaseCustomerController
[DEBUG] 2018-10-15 16:13:21,046 org.nutz.ioc.loader.annotation.AnnotationIocLoader.addClass(AnnotationIocLoader.java:76) - Found @IocBean : class cn.wizzer.app.web.modules.controllers.platform.base.BaseDeptController
[DEBUG] 2018-10-15 16:13:21,046 org.nutz.ioc.loader.annotation.AnnotationIocLoader.addClass(AnnotationIocLoader.java:76) - Found @IocBean : class cn.wizzer.app.web.modules.controllers.platform.base.BaseJobController
[DEBUG] 2018-10-15 16:13:21,046 org.nutz.ioc.loader.annotation.AnnotationIocLoader.addClass(AnnotationIocLoader.java:76) - Found @IocBean : class cn.wizzer.app.web.modules.controllers.platform.base.BasePersonController
[DEBUG] 2018-10-15 16:13:21,046 org.nutz.ioc.loader.annotation.AnnotationIocLoader.addClass(AnnotationIocLoader.java:76) - Found @IocBean : class cn.wizzer.app.web.modules.controllers.platform.base.BasePersonpoolController
[DEBUG] 2018-10-15 16:13:21,047 org.nutz.ioc.loader.annotation.AnnotationIocLoader.addClass(AnnotationIocLoader.java:76) - Found @IocBean : class cn.wizzer.app.web.modules.controllers.platform.base.BasePlaceController
[DEBUG] 2018-10-15 16:13:21,047 org.nutz.ioc.loader.annotation.AnnotationIocLoader.addClass(AnnotationIocLoader.java:76) - Found @IocBean : class cn.wizzer.app.web.modules.controllers.platform.base.BasePostController
[DEBUG] 2018-10-15 16:13:21,047 org.nutz.ioc.loader.annotation.AnnotationIocLoader.addClass(AnnotationIocLoader.java:76) - Found @IocBean : class cn.wizzer.app.web.modules.controllers.platform.base.BaseRowofficeController
[DEBUG] 2018-10-15 16:13:21,047 org.nutz.ioc.loader.annotation.AnnotationIocLoader.addClass(AnnotationIocLoader.java:76) - Found @IocBean : class cn.wizzer.app.web.modules.controllers.platform.base.BaseRowofficeentryController
[DEBUG] 2018-10-15 16:13:21,047 org.nutz.ioc.loader.annotation.AnnotationIocLoader.addClass(AnnotationIocLoader.java:76) - Found @IocBean : class cn.wizzer.app.web.modules.controllers.platform.base.BaseVehicleController
[DEBUG] 2018-10-15 16:13:21,047 org.nutz.ioc.loader.annotation.AnnotationIocLoader.addClass(AnnotationIocLoader.java:76) - Found @IocBean : class cn.wizzer.app.web.modules.controllers.platform.base.BaseWarehouseController
[DEBUG] 2018-10-15 16:13:21,047 org.nutz.ioc.loader.annotation.AnnotationIocLoader.addClass(AnnotationIocLoader.java:76) - Found @IocBean : class cn.wizzer.app.web.modules.controllers.platform.cms.CmsArticleController
[DEBUG] 2018-10-15 16:13:21,047 org.nutz.ioc.loader.annotation.AnnotationIocLoader.addClass(AnnotationIocLoader.java:76) - Found @IocBean : class cn.wizzer.app.web.modules.controllers.platform.cms.CmsChannelController
[DEBUG] 2018-10-15 16:13:21,047 org.nutz.ioc.loader.annotation.AnnotationIocLoader.addClass(AnnotationIocLoader.java:76) - Found @IocBean : class cn.wizzer.app.web.modules.controllers.platform.cms.CmsLinkClassController
[DEBUG] 2018-10-15 16:13:21,048 org.nutz.ioc.loader.annotation.AnnotationIocLoader.addClass(AnnotationIocLoader.java:76) - Found @IocBean : class cn.wizzer.app.web.modules.controllers.platform.cms.CmsLinkController
[DEBUG] 2018-10-15 16:13:21,048 org.nutz.ioc.loader.annotation.AnnotationIocLoader.addClass(AnnotationIocLoader.java:76) - Found @IocBean : class cn.wizzer.app.web.modules.controllers.platform.cms.CmsSiteController
[DEBUG] 2018-10-15 16:13:21,048 org.nutz.ioc.loader.annotation.AnnotationIocLoader.addClass(AnnotationIocLoader.java:76) - Found @IocBean : class cn.wizzer.app.web.modules.controllers.platform.ins.InsBaseinsController
[DEBUG] 2018-10-15 16:13:21,048 org.nutz.ioc.loader.annotation.AnnotationIocLoader.addClass(AnnotationIocLoader.java:76) - Found @IocBean : class cn.wizzer.app.web.modules.controllers.platform.ins.InsBaseinsSpaceController
[DEBUG] 2018-10-15 16:13:21,048 org.nutz.ioc.loader.annotation.AnnotationIocLoader.addClass(AnnotationIocLoader.java:76) - Found @IocBean : class cn.wizzer.app.web.modules.controllers.platform.ins.InsCabinetController
[DEBUG] 2018-10-15 16:13:21,048 org.nutz.ioc.loader.annotation.AnnotationIocLoader.addClass(AnnotationIocLoader.java:76) - Found @IocBean : class cn.wizzer.app.web.modules.controllers.platform.ins.InsCommonController
[DEBUG] 2018-10-15 16:13:21,048 org.nutz.ioc.loader.annotation.AnnotationIocLoader.addClass(AnnotationIocLoader.java:76) - Found @IocBean : class cn.wizzer.app.web.modules.controllers.platform.ins.InsInstrumentController
[DEBUG] 2018-10-15 16:13:21,048 org.nutz.ioc.loader.annotation.AnnotationIocLoader.addClass(AnnotationIocLoader.java:76) - Found @IocBean : class cn.wizzer.app.web.modules.controllers.platform.ins.InsLockController
[DEBUG] 2018-10-15 16:13:21,049 org.nutz.ioc.loader.annotation.AnnotationIocLoader.addClass(AnnotationIocLoader.java:76) - Found @IocBean : class cn.wizzer.app.web.modules.controllers.platform.ins.InsOrderController
[DEBUG] 2018-10-15 16:13:21,049 org.nutz.ioc.loader.annotation.AnnotationIocLoader.addClass(AnnotationIocLoader.java:76) - Found @IocBean : class cn.wizzer.app.web.modules.controllers.platform.ins.InsOrderentryController
[DEBUG] 2018-10-15 16:13:21,049 org.nutz.ioc.loader.annotation.AnnotationIocLoader.addClass(AnnotationIocLoader.java:76) - Found @IocBean : class cn.wizzer.app.web.modules.controllers.platform.ins.InsRepairController
[DEBUG] 2018-10-15 16:13:21,049 org.nutz.ioc.loader.annotation.AnnotationIocLoader.addClass(AnnotationIocLoader.java:76) - Found @IocBean : class cn.wizzer.app.web.modules.controllers.platform.ins.InsRepairtrackController
[DEBUG] 2018-10-15 16:13:21,049 org.nutz.ioc.loader.annotation.AnnotationIocLoader.addClass(AnnotationIocLoader.java:76) - Found @IocBean : class cn.wizzer.app.web.modules.controllers.platform.ins.InsRfheadController
[DEBUG] 2018-10-15 16:13:21,049 org.nutz.ioc.loader.annotation.AnnotationIocLoader.addClass(AnnotationIocLoader.java:76) - Found @IocBean : class cn.wizzer.app.web.modules.controllers.platform.ins.InsRfidController
[DEBUG] 2018-10-15 16:13:21,049 org.nutz.ioc.loader.annotation.AnnotationIocLoader.addClass(AnnotationIocLoader.java:76) - Found @IocBean : class cn.wizzer.app.web.modules.controllers.platform.ins.InsSpaceController
[DEBUG] 2018-10-15 16:13:21,049 org.nutz.ioc.loader.annotation.AnnotationIocLoader.addClass(AnnotationIocLoader.java:76) - Found @IocBean : class cn.wizzer.app.web.modules.controllers.platform.ins.InsToolcabinetController
[DEBUG] 2018-10-15 16:13:21,050 org.nutz.ioc.loader.annotation.AnnotationIocLoader.addClass(AnnotationIocLoader.java:76) - Found @IocBean : class cn.wizzer.app.web.modules.controllers.platform.ins.InsTransmitController
[DEBUG] 2018-10-15 16:13:21,050 org.nutz.ioc.loader.annotation.AnnotationIocLoader.addClass(AnnotationIocLoader.java:76) - Found @IocBean : class cn.wizzer.app.web.modules.controllers.platform.logistics.LogisticsDeliveryorderController
[DEBUG] 2018-10-15 16:13:21,050 org.nutz.ioc.loader.annotation.AnnotationIocLoader.addClass(AnnotationIocLoader.java:76) - Found @IocBean : class cn.wizzer.app.web.modules.controllers.platform.logistics.LogisticsDeliveryorderentryController
[DEBUG] 2018-10-15 16:13:21,050 org.nutz.ioc.loader.annotation.AnnotationIocLoader.addClass(AnnotationIocLoader.java:76) - Found @IocBean : class cn.wizzer.app.web.modules.controllers.platform.logistics.LogisticsEntourageController
[DEBUG] 2018-10-15 16:13:21,050 org.nutz.ioc.loader.annotation.AnnotationIocLoader.addClass(AnnotationIocLoader.java:76) - Found @IocBean : class cn.wizzer.app.web.modules.controllers.platform.logistics.LogisticsOrderController
[DEBUG] 2018-10-15 16:13:21,050 org.nutz.ioc.loader.annotation.AnnotationIocLoader.addClass(AnnotationIocLoader.java:76) - Found @IocBean : class cn.wizzer.app.web.modules.controllers.platform.logistics.LogisticsOrderdeliveryController
[DEBUG] 2018-10-15 16:13:21,050 org.nutz.ioc.loader.annotation.AnnotationIocLoader.addClass(AnnotationIocLoader.java:76) - Found @IocBean : class cn.wizzer.app.web.modules.controllers.platform.logistics.LogisticsOrderentryController
[DEBUG] 2018-10-15 16:13:21,050 org.nutz.ioc.loader.annotation.AnnotationIocLoader.addClass(AnnotationIocLoader.java:76) - Found @IocBean : class cn.wizzer.app.web.modules.controllers.platform.logistics.LogisticsOrderplanController
[DEBUG] 2018-10-15 16:13:21,050 org.nutz.ioc.loader.annotation.AnnotationIocLoader.addClass(AnnotationIocLoader.java:76) - Found @IocBean : class cn.wizzer.app.web.modules.controllers.platform.logistics.LogisticsOrderplanentryController
[DEBUG] 2018-10-15 16:13:21,051 org.nutz.ioc.loader.annotation.AnnotationIocLoader.addClass(AnnotationIocLoader.java:76) - Found @IocBean : class cn.wizzer.app.web.modules.controllers.platform.logistics.LogisticsOrderrejectController
[DEBUG] 2018-10-15 16:13:21,051 org.nutz.ioc.loader.annotation.AnnotationIocLoader.addClass(AnnotationIocLoader.java:76) - Found @IocBean : class cn.wizzer.app.web.modules.controllers.platform.logistics.LogisticsOrderstepController
[DEBUG] 2018-10-15 16:13:21,051 org.nutz.ioc.loader.annotation.AnnotationIocLoader.addClass(AnnotationIocLoader.java:76) - Found @IocBean : class cn.wizzer.app.web.modules.controllers.platform.logistics.LogisticsSendapprovalController
[DEBUG] 2018-10-15 16:13:21,051 org.nutz.ioc.loader.annotation.AnnotationIocLoader.addClass(AnnotationIocLoader.java:76) - Found @IocBean : class cn.wizzer.app.web.modules.controllers.platform.logistics.LogisticsSendgoodsController
[DEBUG] 2018-10-15 16:13:21,051 org.nutz.ioc.loader.annotation.AnnotationIocLoader.addClass(AnnotationIocLoader.java:76) - Found @IocBean : class cn.wizzer.app.web.modules.controllers.platform.logistics.LogisticsSendplanController
[DEBUG] 2018-10-15 16:13:21,051 org.nutz.ioc.loader.annotation.AnnotationIocLoader.addClass(AnnotationIocLoader.java:76) - Found @IocBean : class cn.wizzer.app.web.modules.controllers.platform.logistics.LogisticsSendtraceController
[DEBUG] 2018-10-15 16:13:21,052 org.nutz.ioc.loader.annotation.AnnotationIocLoader.addClass(AnnotationIocLoader.java:76) - Found @IocBean : class cn.wizzer.app.web.modules.controllers.platform.logistics.LogisticsUnplanController
[DEBUG] 2018-10-15 16:13:21,052 org.nutz.ioc.loader.annotation.AnnotationIocLoader.addClass(AnnotationIocLoader.java:76) - Found @IocBean : class cn.wizzer.app.web.modules.controllers.platform.sys.SysApiController
[DEBUG] 2018-10-15 16:13:21,052 org.nutz.ioc.loader.annotation.AnnotationIocLoader.addClass(AnnotationIocLoader.java:76) - Found @IocBean : class cn.wizzer.app.web.modules.controllers.platform.sys.SysBarcodeController
[DEBUG] 2018-10-15 16:13:21,052 org.nutz.ioc.loader.annotation.AnnotationIocLoader.addClass(AnnotationIocLoader.java:76) - Found @IocBean : class cn.wizzer.app.web.modules.controllers.platform.sys.SysConfController
[DEBUG] 2018-10-15 16:13:21,052 org.nutz.ioc.loader.annotation.AnnotationIocLoader.addClass(AnnotationIocLoader.java:76) - Found @IocBean : class cn.wizzer.app.web.modules.controllers.platform.sys.SysDictController
[DEBUG] 2018-10-15 16:13:21,052 org.nutz.ioc.loader.annotation.AnnotationIocLoader.addClass(AnnotationIocLoader.java:76) - Found @IocBean : class cn.wizzer.app.web.modules.controllers.platform.sys.SysHomeController
[DEBUG] 2018-10-15 16:13:21,052 org.nutz.ioc.loader.annotation.AnnotationIocLoader.addClass(AnnotationIocLoader.java:76) - Found @IocBean : class cn.wizzer.app.web.modules.controllers.platform.sys.SysLogController
[DEBUG] 2018-10-15 16:13:21,052 org.nutz.ioc.loader.annotation.AnnotationIocLoader.addClass(AnnotationIocLoader.java:76) - Found @IocBean : class cn.wizzer.app.web.modules.controllers.platform.sys.SysLoginController
[DEBUG] 2018-10-15 16:13:21,053 org.nutz.ioc.loader.annotation.AnnotationIocLoader.addClass(AnnotationIocLoader.java:76) - Found @IocBean : class cn.wizzer.app.web.modules.controllers.platform.sys.SysMenuController
[DEBUG] 2018-10-15 16:13:21,053 org.nutz.ioc.loader.annotation.AnnotationIocLoader.addClass(AnnotationIocLoader.java:76) - Found @IocBean : class cn.wizzer.app.web.modules.controllers.platform.sys.SysMobileController
[DEBUG] 2018-10-15 16:13:21,053 org.nutz.ioc.loader.annotation.AnnotationIocLoader.addClass(AnnotationIocLoader.java:76) - Found @IocBean : class cn.wizzer.app.web.modules.controllers.platform.sys.SysPluginController
[DEBUG] 2018-10-15 16:13:21,053 org.nutz.ioc.loader.annotation.AnnotationIocLoader.addClass(AnnotationIocLoader.java:76) - Found @IocBean : class cn.wizzer.app.web.modules.controllers.platform.sys.SysRegistauditController
[DEBUG] 2018-10-15 16:13:21,053 org.nutz.ioc.loader.annotation.AnnotationIocLoader.addClass(AnnotationIocLoader.java:76) - Found @IocBean : class cn.wizzer.app.web.modules.controllers.platform.sys.SysRoleController
[DEBUG] 2018-10-15 16:13:21,053 org.nutz.ioc.loader.annotation.AnnotationIocLoader.addClass(AnnotationIocLoader.java:76) - Found @IocBean : class cn.wizzer.app.web.modules.controllers.platform.sys.SysRouteController
[DEBUG] 2018-10-15 16:13:21,053 org.nutz.ioc.loader.annotation.AnnotationIocLoader.addClass(AnnotationIocLoader.java:76) - Found @IocBean : class cn.wizzer.app.web.modules.controllers.platform.sys.SysTaskController
[DEBUG] 2018-10-15 16:13:21,054 org.nutz.ioc.loader.annotation.AnnotationIocLoader.addClass(AnnotationIocLoader.java:76) - Found @IocBean : class cn.wizzer.app.web.modules.controllers.platform.sys.SysTempuserController
[DEBUG] 2018-10-15 16:13:21,054 org.nutz.ioc.loader.annotation.AnnotationIocLoader.addClass(AnnotationIocLoader.java:76) - Found @IocBean : class cn.wizzer.app.web.modules.controllers.platform.sys.SysUnitController
[DEBUG] 2018-10-15 16:13:21,054 org.nutz.ioc.loader.annotation.AnnotationIocLoader.addClass(AnnotationIocLoader.java:76) - Found @IocBean : class cn.wizzer.app.web.modules.controllers.platform.sys.SysUserController
[DEBUG] 2018-10-15 16:13:21,054 org.nutz.ioc.loader.annotation.AnnotationIocLoader.addClass(AnnotationIocLoader.java:76) - Found @IocBean : class cn.wizzer.app.web.modules.controllers.platform.sys.SysVersionController
[DEBUG] 2018-10-15 16:13:21,054 org.nutz.ioc.loader.annotation.AnnotationIocLoader.addClass(AnnotationIocLoader.java:76) - Found @IocBean : class cn.wizzer.app.web.modules.controllers.platform.sys.SysWxController
[DEBUG] 2018-10-15 16:13:21,054 org.nutz.ioc.loader.annotation.AnnotationIocLoader.addClass(AnnotationIocLoader.java:76) - Found @IocBean : class cn.wizzer.app.web.modules.controllers.platform.sys.SysWxDeptController
[DEBUG] 2018-10-15 16:13:21,054 org.nutz.ioc.loader.annotation.AnnotationIocLoader.addClass(AnnotationIocLoader.java:76) - Found @IocBean : class cn.wizzer.app.web.modules.controllers.platform.sys.SysWxUserController
[DEBUG] 2018-10-15 16:13:21,054 org.nutz.ioc.loader.annotation.AnnotationIocLoader.addClass(AnnotationIocLoader.java:76) - Found @IocBean : class cn.wizzer.app.web.modules.controllers.platform.wx.WxConfigController
[DEBUG] 2018-10-15 16:13:21,054 org.nutz.ioc.loader.annotation.AnnotationIocLoader.addClass(AnnotationIocLoader.java:76) - Found @IocBean : class cn.wizzer.app.web.modules.controllers.platform.wx.WxMassController
[DEBUG] 2018-10-15 16:13:21,055 org.nutz.ioc.loader.annotation.AnnotationIocLoader.addClass(AnnotationIocLoader.java:76) - Found @IocBean : class cn.wizzer.app.web.modules.controllers.platform.wx.WxMenuController
[DEBUG] 2018-10-15 16:13:21,055 org.nutz.ioc.loader.annotation.AnnotationIocLoader.addClass(AnnotationIocLoader.java:76) - Found @IocBean : class cn.wizzer.app.web.modules.controllers.platform.wx.WxMsgUserController
[DEBUG] 2018-10-15 16:13:21,055 org.nutz.ioc.loader.annotation.AnnotationIocLoader.addClass(AnnotationIocLoader.java:76) - Found @IocBean : class cn.wizzer.app.web.modules.controllers.platform.wx.WxPayTestController
[DEBUG] 2018-10-15 16:13:21,055 org.nutz.ioc.loader.annotation.AnnotationIocLoader.addClass(AnnotationIocLoader.java:76) - Found @IocBean : class cn.wizzer.app.web.modules.controllers.platform.wx.WxReplyController
[DEBUG] 2018-10-15 16:13:21,055 org.nutz.ioc.loader.annotation.AnnotationIocLoader.addClass(AnnotationIocLoader.java:76) - Found @IocBean : class cn.wizzer.app.web.modules.controllers.platform.wx.WxReplyNewsController
[DEBUG] 2018-10-15 16:13:21,055 org.nutz.ioc.loader.annotation.AnnotationIocLoader.addClass(AnnotationIocLoader.java:76) - Found @IocBean : class cn.wizzer.app.web.modules.controllers.platform.wx.WxReplyTxtController
[DEBUG] 2018-10-15 16:13:21,055 org.nutz.ioc.loader.annotation.AnnotationIocLoader.addClass(AnnotationIocLoader.java:76) - Found @IocBean : class cn.wizzer.app.web.modules.controllers.platform.wx.WxTplIdController
[DEBUG] 2018-10-15 16:13:21,055 org.nutz.ioc.loader.annotation.AnnotationIocLoader.addClass(AnnotationIocLoader.java:76) - Found @IocBean : class cn.wizzer.app.web.modules.controllers.platform.wx.WxTplListController
[DEBUG] 2018-10-15 16:13:21,055 org.nutz.ioc.loader.annotation.AnnotationIocLoader.addClass(AnnotationIocLoader.java:76) - Found @IocBean : class cn.wizzer.app.web.modules.controllers.platform.wx.WxTplLogController
[DEBUG] 2018-10-15 16:13:21,055 org.nutz.ioc.loader.annotation.AnnotationIocLoader.addClass(AnnotationIocLoader.java:76) - Found @IocBean : class cn.wizzer.app.web.modules.controllers.platform.wx.WxUserController
[DEBUG] 2018-10-15 16:13:21,055 org.nutz.ioc.loader.annotation.AnnotationIocLoader.addClass(AnnotationIocLoader.java:76) - Found @IocBean : class cn.wizzer.app.wx.modules.services.impl.WxConfigServiceImpl
[DEBUG] 2018-10-15 16:13:21,056 org.nutz.ioc.loader.annotation.AnnotationIocLoader.addClass(AnnotationIocLoader.java:76) - Found @IocBean : class cn.wizzer.app.wx.modules.services.impl.WxMassNewsServiceImpl
[DEBUG] 2018-10-15 16:13:21,056 org.nutz.ioc.loader.annotation.AnnotationIocLoader.addClass(AnnotationIocLoader.java:76) - Found @IocBean : class cn.wizzer.app.wx.modules.services.impl.WxMassSendServiceImpl
[DEBUG] 2018-10-15 16:13:21,056 org.nutz.ioc.loader.annotation.AnnotationIocLoader.addClass(AnnotationIocLoader.java:76) - Found @IocBean : class cn.wizzer.app.wx.modules.services.impl.WxMassServiceImpl
[DEBUG] 2018-10-15 16:13:21,056 org.nutz.ioc.loader.annotation.AnnotationIocLoader.addClass(AnnotationIocLoader.java:76) - Found @IocBean : class cn.wizzer.app.wx.modules.services.impl.WxMenuServiceImpl
[DEBUG] 2018-10-15 16:13:21,056 org.nutz.ioc.loader.annotation.AnnotationIocLoader.addClass(AnnotationIocLoader.java:76) - Found @IocBean : class cn.wizzer.app.wx.modules.services.impl.WxMsgReplyServiceImpl
[DEBUG] 2018-10-15 16:13:21,056 org.nutz.ioc.loader.annotation.AnnotationIocLoader.addClass(AnnotationIocLoader.java:76) - Found @IocBean : class cn.wizzer.app.wx.modules.services.impl.WxMsgServiceImpl
[DEBUG] 2018-10-15 16:13:21,056 org.nutz.ioc.loader.annotation.AnnotationIocLoader.addClass(AnnotationIocLoader.java:76) - Found @IocBean : class cn.wizzer.app.wx.modules.services.impl.WxReplyNewsServiceImpl
[DEBUG] 2018-10-15 16:13:21,056 org.nutz.ioc.loader.annotation.AnnotationIocLoader.addClass(AnnotationIocLoader.java:76) - Found @IocBean : class cn.wizzer.app.wx.modules.services.impl.WxReplyServiceImpl
[DEBUG] 2018-10-15 16:13:21,057 org.nutz.ioc.loader.annotation.AnnotationIocLoader.addClass(AnnotationIocLoader.java:76) - Found @IocBean : class cn.wizzer.app.wx.modules.services.impl.WxReplyTxtServiceImpl
[DEBUG] 2018-10-15 16:13:21,057 org.nutz.ioc.loader.annotation.AnnotationIocLoader.addClass(AnnotationIocLoader.java:76) - Found @IocBean : class cn.wizzer.app.wx.modules.services.impl.WxTplIdServiceImpl
[DEBUG] 2018-10-15 16:13:21,057 org.nutz.ioc.loader.annotation.AnnotationIocLoader.addClass(AnnotationIocLoader.java:76) - Found @IocBean : class cn.wizzer.app.wx.modules.services.impl.WxTplListServiceImpl
[DEBUG] 2018-10-15 16:13:21,057 org.nutz.ioc.loader.annotation.AnnotationIocLoader.addClass(AnnotationIocLoader.java:76) - Found @IocBean : class cn.wizzer.app.wx.modules.services.impl.WxTplLogServiceImpl
[DEBUG] 2018-10-15 16:13:21,057 org.nutz.ioc.loader.annotation.AnnotationIocLoader.addClass(AnnotationIocLoader.java:76) - Found @IocBean : class cn.wizzer.app.wx.modules.services.impl.WxUserServiceImpl
[DEBUG] 2018-10-15 16:13:21,057 org.nutz.ioc.loader.annotation.AnnotationIocLoader.addClass(AnnotationIocLoader.java:76) - Found @IocBean : class cn.wizzer.test.SimpleTest
[DEBUG] 2018-10-15 16:13:21,062 org.nutz.resource.Scans.scan(Scans.java:274) - Found 0 resource by src( org/nutz/apidoc/ ) , regex( ^.+[.]class$ )
[INFO ] 2018-10-15 16:13:21,062 org.nutz.ioc.loader.annotation.AnnotationIocLoader.<init>(AnnotationIocLoader.java:52) - Found 204 classes in 2 base-packages!
beans = ["wxTplListController", "uploadController", "wxReplyTxtServiceImpl", "logisticsSendplanController", "baseJobServiceImpl", "dateUtil", "qrcodeService", "logisticsSendgoodsServiceImpl", "logisticsOrderentryController", "insLockController", "baseRowofficeentryServiceImpl", "cmsChannelServiceImpl", "insBaseinsServiceImpl", "orderExecute", "cmsArticleController", "basePostController", "baseAirmeterialServiceImpl", "basePersonController", "logisticsOrderplanServiceImpl", "cmsLinkClassController", "basePostServiceImpl", "baseRowofficeServiceImpl", "baseJobController", "baseRowofficeController", "wxReplyController", "insRepairController", "sysConfigServiceImpl", "basePersonpoolController", "baseVehicleController", "wxMsgServiceImpl", "wxPayBackController", "logisticsUnplanController", "mobileInsController", "sysTaskController", "sysBarcodeController", "insTransmitController", "sysDictServiceImpl", "wxConfigServiceImpl", "baseAirportServiceImpl", "apiTestController", "sysMenuController", "cmsSiteServiceImpl", "mobileSysController", "cmsLinkController", "insCommonController", "logisticsOrderplanentryServiceImpl", "insInstrumentController", "sysRegistauditServiceImpl", "insLockServiceImpl", "insOrderController", "wechatController", "wxMsgUserController", "sysDictController", "sysWxUserController", "logisticsDeliveryorderentryController", "basePersonServiceImpl", "insOrderentryServiceImpl", "insRepairtrackController", "insInstrumentServiceImpl", "logisticsSendapprovalServiceImpl", "logisticsOrderdeliveryController", "wxTplListServiceImpl", "tplService", "sysPluginServiceImpl", "insRfheadController", "logisticsSendgoodsController", "mobileBaseController", "baseCnctobjServiceImpl", "nutShiroMethodInterceptor", "insCabinetServiceImpl", "basePlaceServiceImpl", "baseVehicleServiceImpl", "cmsLinkClassServiceImpl", "sysHomeController", "insRfheadServiceImpl", "sysMobileController", "wxMassServiceImpl", "logisticsOrderentryServiceImpl", "logisticsSendplanServiceImpl", "logisticsOrderrejectServiceImpl", "wxHandler", "cmsChannelController", "wxController", "rabbitProducer", "sysTaskServiceImpl", "sysVersionController", "shiroUtil", "wxReplyTxtController", "sysPluginController", "logisticsSendtraceController", "sysApiServiceImpl", "logisticsEntourageServiceImpl", "sLogService", "baseAirportController", "sysApiController", "wxTplIdController", "insSpaceServiceImpl", "logisticsOrderController", "sysTempuserController", "sysUserController", "platformAuthorizingRealm", "testJob", "$aop_1_plugin", "sysRegistauditController", "wxReplyNewsServiceImpl", "insTransmitServiceImpl", "sysLoginController", "wxTplLogServiceImpl", "sysUserServiceImpl", "sysRoleServiceImpl", "sysRouteController", "idcardUtil", "basePlaceController", "sysWxDeptController", "logisticsOrderplanentryController", "userpermissionController", "sysWxServiceImpl", "cmsController", "logisticsSendtraceServiceImpl", "insOrderentryController", "logisticsSendapprovalController", "wxMenuController", "insOrderServiceImpl", "weixinController", "code128Util", "insRepairServiceImpl", "logisticsOrderplanController", "wxMsgReplyServiceImpl", "logisticsOrderdeliveryServiceImpl", "cmsArticleServiceImpl", "baseCnctobjController", "baseCustomerController", "insBaseinsController", "insRfidServiceImpl", "cookieUtil", "baseRowofficeentryController", "logisticsOrderstepServiceImpl", "wxReplyServiceImpl", "bdController", "redisIdGenerator", "insBaseinsSpaceServiceImpl", "cmsSiteController", "logisticsDeliveryorderServiceImpl", "insCabinetController", "logisticsOrderServiceImpl", "sysWxDeptServiceImpl", "sysWxController", "mobileOrderController", "sysRoleController", "logisticsEntourageController", "insCommonServiceImpl", "sysUnitController", "padInsController", "wxMassSendServiceImpl", "logisticsDeliveryorderController", "rSAUtil", "wxConfigController", "stringUtil", "baseCustomerServiceImpl", "basePersonpoolServiceImpl", "insBaseinsSpaceController", "wxUserServiceImpl", "insSpaceController", "sysTempuserServiceImpl", "baseWarehouseServiceImpl", "insToolcabinetController", "sysWxUserServiceImpl", "dynamicInterceptor", "sysLogController", "wxMassController", "emailService", "baseWarehouseController", "insToolcabinetServiceImpl", "wxMenuServiceImpl", "wxReplyNewsController", "baseDeptServiceImpl", "sysRouteServiceImpl", "insRepairtrackServiceImpl", "wxMassNewsServiceImpl", "baseAirmeterialController", "sysMenuServiceImpl", "sysMobileServiceImpl", "simpleTest", "logisticsOrderstepController", "sysLogServiceImpl", "logisticsUnplanServiceImpl", "wxTplIdServiceImpl", "logisticsDeliveryorderentryServiceImpl", "$aop_syslog", "padSysController", "baseDeptController", "logisticsOrderrejectController", "padOrderController", "sysBarcodeServiceImpl", "wxTplLogController", "wxUserController", "wxPayTestController", "tokenController", "sysVersionServiceImpl", "cmsLinkServiceImpl", "sysUnitServiceImpl", "insRfidController", "sysConfController", "pluginMaster"]
[DEBUG] 2018-10-15 16:13:21,063 org.nutz.ioc.loader.combo.ComboIocLoader.createIocLoader(ComboIocLoader.java:110) - found jedis -- org.nutz.integration.jedis.JedisIocLoader
[DEBUG] 2018-10-15 16:13:21,065 org.nutz.resource.Scans.scan(Scans.java:274) - Found 1 resource by src( org/nutz/integration/jedis/jedis.js ) , regex( ^(.+[.])(js|json)$ )
[DEBUG] 2018-10-15 16:13:21,065 org.nutz.ioc.loader.json.JsonLoader.<init>(JsonLoader.java:49) - loading [org/nutz/integration/jedis/jedis.js]
[DEBUG] 2018-10-15 16:13:21,065 org.nutz.ioc.loader.json.JsonLoader.<init>(JsonLoader.java:57) - Loaded 9 bean define from path=[org/nutz/integration/jedis/jedis.js] --> [redisService, jedisCluster, jedisClusterNodes, jedisClusterWrapper, pubSubService, jedisPoolConfig, jedisPool, jedisAgent, redis]
[DEBUG] 2018-10-15 16:13:21,066 org.nutz.ioc.loader.json.JsonLoader.<init>(JsonLoader.java:40) - Loaded 5 bean define from reader --
[txREPEATABLE_READ, txSERIALIZABLE, txNONE, txREAD_UNCOMMITTED, txREAD_COMMITTED]
[DEBUG] 2018-10-15 16:13:21,067 org.nutz.ioc.loader.combo.ComboIocLoader.createIocLoader(ComboIocLoader.java:110) - found quartz -- org.nutz.integration.quartz.QuartzIocLoader
[DEBUG] 2018-10-15 16:13:21,067 org.nutz.ioc.loader.json.JsonLoader.<init>(JsonLoader.java:57) - Loaded 0 bean define from path=[] --> []
[DEBUG] 2018-10-15 16:13:21,068 org.nutz.ioc.aop.SimpleAopMaker.<init>(SimpleAopMaker.java:79) - Load AopConfigure for anno=org.nutz.aop.interceptor.async.Async by type=org.nutz.aop.interceptor.async.AsyncAopIocLoader
[DEBUG] 2018-10-15 16:13:21,069 org.nutz.ioc.loader.combo.ComboIocLoader.createIocLoader(ComboIocLoader.java:110) - found rabbitmq -- org.nutz.integration.rabbitmq.RabbitmqIocLoader
[DEBUG] 2018-10-15 16:13:21,071 org.nutz.resource.Scans.scan(Scans.java:274) - Found 1 resource by src( org/nutz/integration/rabbitmq/rabbitmq.js ) , regex( ^(.+[.])(js|json)$ )
[DEBUG] 2018-10-15 16:13:21,071 org.nutz.ioc.loader.json.JsonLoader.<init>(JsonLoader.java:49) - loading [org/nutz/integration/rabbitmq/rabbitmq.js]
[DEBUG] 2018-10-15 16:13:21,071 org.nutz.ioc.loader.json.JsonLoader.<init>(JsonLoader.java:57) - Loaded 2 bean define from path=[org/nutz/integration/rabbitmq/rabbitmq.js] --> [rabbitmq, rabbitmq_cf]
[INFO ] 2018-10-15 16:13:21,072 org.nutz.ioc.impl.NutIoc.<init>(NutIoc.java:98) - NutIoc init begin ...
[INFO ] 2018-10-15 16:13:21,072 org.nutz.ioc.impl.NutIoc.<init>(NutIoc.java:115) - ... NutIoc init complete
[DEBUG] 2018-10-15 16:13:21,072 org.nutz.ioc.impl.NutIoc.get(NutIoc.java:151) - Get 'conf'<class org.nutz.ioc.impl.PropertiesProxy>
[DEBUG] 2018-10-15 16:13:21,072 org.nutz.ioc.impl.NutIoc.get(NutIoc.java:151) - Get '$aop_1_plugin'<interface org.nutz.ioc.aop.config.AopConfigration>
[DEBUG] 2018-10-15 16:13:21,072 org.nutz.ioc.impl.NutIoc.get(NutIoc.java:177) - 	 >> Load definition name=$aop_1_plugin
[DEBUG] 2018-10-15 16:13:21,072 org.nutz.ioc.loader.combo.ComboIocLoader.load(ComboIocLoader.java:161) - Found IocObject($aop_1_plugin) in AnnotationIocLoader(packages=[cn.wizzer, org.nutz.apidoc])
[DEBUG] 2018-10-15 16:13:21,073 org.nutz.ioc.impl.NutIoc.get(NutIoc.java:209) - 	 >> Make...'$aop_1_plugin'<interface org.nutz.ioc.aop.config.AopConfigration>
[DEBUG] 2018-10-15 16:13:21,073 org.nutz.ioc.impl.ScopeContext.save(ScopeContext.java:64) - Save object '$aop_1_plugin' to [app] 
[DEBUG] 2018-10-15 16:13:21,073 org.nutz.ioc.impl.NutIoc.get(NutIoc.java:151) - Get 'dynamicInterceptor'<class cn.wizzer.app.web.commons.plugin.DynamicInterceptor>
[DEBUG] 2018-10-15 16:13:21,073 org.nutz.ioc.impl.NutIoc.get(NutIoc.java:177) - 	 >> Load definition name=dynamicInterceptor
[DEBUG] 2018-10-15 16:13:21,073 org.nutz.ioc.loader.combo.ComboIocLoader.load(ComboIocLoader.java:161) - Found IocObject(dynamicInterceptor) in AnnotationIocLoader(packages=[cn.wizzer, org.nutz.apidoc])
[DEBUG] 2018-10-15 16:13:21,073 org.nutz.ioc.impl.NutIoc.get(NutIoc.java:209) - 	 >> Make...'dynamicInterceptor'<class cn.wizzer.app.web.commons.plugin.DynamicInterceptor>
[DEBUG] 2018-10-15 16:13:21,073 org.nutz.ioc.impl.ScopeContext.save(ScopeContext.java:64) - Save object 'dynamicInterceptor' to [app] 
[DEBUG] 2018-10-15 16:13:21,074 org.nutz.ioc.impl.NutIoc.get(NutIoc.java:151) - Get '$aop_async'<interface org.nutz.ioc.aop.config.AopConfigration>
[DEBUG] 2018-10-15 16:13:21,074 org.nutz.ioc.impl.NutIoc.get(NutIoc.java:177) - 	 >> Load definition name=$aop_async
[DEBUG] 2018-10-15 16:13:21,074 org.nutz.ioc.loader.combo.ComboIocLoader.load(ComboIocLoader.java:161) - Found IocObject($aop_async) in AsyncAopIocLoader@271379554
[DEBUG] 2018-10-15 16:13:21,074 org.nutz.ioc.impl.NutIoc.get(NutIoc.java:209) - 	 >> Make...'$aop_async'<interface org.nutz.ioc.aop.config.AopConfigration>
[DEBUG] 2018-10-15 16:13:21,074 org.nutz.ioc.impl.ScopeContext.save(ScopeContext.java:64) - Save object '$aop_async' to [app] 
[DEBUG] 2018-10-15 16:13:21,075 org.nutz.ioc.impl.NutIoc.get(NutIoc.java:151) - Get '$aop_syslog'<interface org.nutz.ioc.aop.config.AopConfigration>
[DEBUG] 2018-10-15 16:13:21,075 org.nutz.ioc.impl.NutIoc.get(NutIoc.java:177) - 	 >> Load definition name=$aop_syslog
[DEBUG] 2018-10-15 16:13:21,075 org.nutz.ioc.loader.combo.ComboIocLoader.load(ComboIocLoader.java:161) - Found IocObject($aop_syslog) in AnnotationIocLoader(packages=[cn.wizzer, org.nutz.apidoc])
[DEBUG] 2018-10-15 16:13:21,075 org.nutz.ioc.impl.NutIoc.get(NutIoc.java:209) - 	 >> Make...'$aop_syslog'<interface org.nutz.ioc.aop.config.AopConfigration>
[DEBUG] 2018-10-15 16:13:21,076 org.nutz.ioc.impl.ScopeContext.save(ScopeContext.java:64) - Save object '$aop_syslog' to [app] 
[DEBUG] 2018-10-15 16:13:21,076 org.nutz.ioc.aop.SimpleAopMaker.<init>(SimpleAopMaker.java:79) - Load AopConfigure for anno=cn.wizzer.app.web.commons.slog.annotation.SLog by type=cn.wizzer.app.web.commons.slog.SLogAopConfigration
[DEBUG] 2018-10-15 16:13:21,077 org.nutz.ioc.aop.SimpleAopMaker.<init>(SimpleAopMaker.java:79) - Load AopConfigure for anno=org.nutz.ioc.aop.Aop by type=org.nutz.ioc.aop.config.impl.AnnotationAopConfigration
[DEBUG] 2018-10-15 16:13:21,077 org.nutz.ioc.impl.NutIoc.get(NutIoc.java:177) - 	 >> Load definition name=conf
[DEBUG] 2018-10-15 16:13:21,077 org.nutz.ioc.loader.map.MapLoader.load(MapLoader.java:67) - Loading define for name=conf
[DEBUG] 2018-10-15 16:13:21,077 org.nutz.ioc.loader.combo.ComboIocLoader.load(ComboIocLoader.java:161) - Found IocObject(conf) in JsonLoader(paths=[config/ioc/])
[DEBUG] 2018-10-15 16:13:21,077 org.nutz.ioc.impl.NutIoc.get(NutIoc.java:209) - 	 >> Make...'conf'<class org.nutz.ioc.impl.PropertiesProxy>
[DEBUG] 2018-10-15 16:13:21,077 cn.wizzer.app.web.commons.plugin.PluginAopConfigure.getInterceptorPairList(PluginAopConfigure.java:33) - skip -- org.nutz.ioc.impl.PropertiesProxy
[DEBUG] 2018-10-15 16:13:21,077 org.nutz.ioc.aop.impl.DefaultMirrorFactory.getMirror(DefaultMirrorFactory.java:70) - Load class org.nutz.ioc.impl.PropertiesProxy without AOP
[DEBUG] 2018-10-15 16:13:21,077 org.nutz.ioc.impl.ScopeContext.save(ScopeContext.java:64) - Save object 'conf' to [app] 
[DEBUG] 2018-10-15 16:13:21,081 org.nutz.resource.Scans.scan(Scans.java:274) - Found 4 resource by src( config/custom/ ) , regex( ^.+[.]properties$ )
[DEBUG] 2018-10-15 16:13:21,081 org.nutz.ioc.impl.PropertiesProxy.setPaths(PropertiesProxy.java:113) - load properties from File[C:\Users\Administrator\IdeaProjects\XA-Instrument\wk-app\wk-web\target\classes\config\custom\db.properties]
[DEBUG] 2018-10-15 16:13:21,082 org.nutz.ioc.impl.PropertiesProxy.setPaths(PropertiesProxy.java:113) - load properties from File[C:\Users\Administrator\IdeaProjects\XA-Instrument\wk-app\wk-web\target\classes\config\custom\mail.properties]
[DEBUG] 2018-10-15 16:13:21,082 org.nutz.ioc.impl.PropertiesProxy.setPaths(PropertiesProxy.java:113) - load properties from File[C:\Users\Administrator\IdeaProjects\XA-Instrument\wk-app\wk-web\target\classes\config\custom\rabbit.properties]
[DEBUG] 2018-10-15 16:13:21,083 org.nutz.ioc.impl.PropertiesProxy.setPaths(PropertiesProxy.java:113) - load properties from File[C:\Users\Administrator\IdeaProjects\XA-Instrument\wk-app\wk-web\target\classes\config\custom\redis.properties]
[DEBUG] 2018-10-15 16:13:21,083 org.nutz.ioc.impl.NutIoc.get(NutIoc.java:151) - Get 'simpleTest'<class cn.wizzer.test.SimpleTest>
[DEBUG] 2018-10-15 16:13:21,084 org.nutz.ioc.impl.NutIoc.get(NutIoc.java:177) - 	 >> Load definition name=simpleTest
[DEBUG] 2018-10-15 16:13:21,084 org.nutz.ioc.loader.combo.ComboIocLoader.load(ComboIocLoader.java:161) - Found IocObject(simpleTest) in AnnotationIocLoader(packages=[cn.wizzer, org.nutz.apidoc])
[DEBUG] 2018-10-15 16:13:21,084 org.nutz.ioc.impl.NutIoc.get(NutIoc.java:209) - 	 >> Make...'simpleTest'<class cn.wizzer.test.SimpleTest>
[DEBUG] 2018-10-15 16:13:21,084 cn.wizzer.app.web.commons.plugin.PluginAopConfigure.getInterceptorPairList(PluginAopConfigure.java:33) - skip -- cn.wizzer.test.SimpleTest
[DEBUG] 2018-10-15 16:13:21,084 org.nutz.ioc.aop.impl.DefaultMirrorFactory.getMirror(DefaultMirrorFactory.java:70) - Load class cn.wizzer.test.SimpleTest without AOP
[DEBUG] 2018-10-15 16:13:21,084 org.nutz.ioc.impl.ScopeContext.save(ScopeContext.java:64) - Save object 'simpleTest' to [app] 
[DEBUG] 2018-10-15 16:13:21,087 org.nutz.ioc.impl.NutIoc.get(NutIoc.java:151) - Get 'dao'<interface org.nutz.dao.Dao>
[DEBUG] 2018-10-15 16:13:21,087 org.nutz.ioc.impl.NutIoc.get(NutIoc.java:177) - 	 >> Load definition name=dao
[DEBUG] 2018-10-15 16:13:21,087 org.nutz.ioc.loader.map.MapLoader.load(MapLoader.java:67) - Loading define for name=dao
[DEBUG] 2018-10-15 16:13:21,087 org.nutz.ioc.loader.combo.ComboIocLoader.load(ComboIocLoader.java:161) - Found IocObject(dao) in JsonLoader(paths=[config/ioc/])
[DEBUG] 2018-10-15 16:13:21,087 org.nutz.ioc.impl.NutIoc.get(NutIoc.java:209) - 	 >> Make...'dao'<interface org.nutz.dao.Dao>
[DEBUG] 2018-10-15 16:13:21,088 cn.wizzer.app.web.commons.plugin.PluginAopConfigure.getInterceptorPairList(PluginAopConfigure.java:33) - skip -- org.nutz.dao.impl.NutDao
[DEBUG] 2018-10-15 16:13:21,088 org.nutz.ioc.aop.impl.DefaultMirrorFactory.getMirror(DefaultMirrorFactory.java:70) - Load class org.nutz.dao.impl.NutDao without AOP
[DEBUG] 2018-10-15 16:13:21,088 org.nutz.ioc.impl.ScopeContext.save(ScopeContext.java:64) - Save object 'dao' to [app] 
[DEBUG] 2018-10-15 16:13:21,088 org.nutz.ioc.impl.NutIoc.get(NutIoc.java:151) - Get 'dataSource'<>
[DEBUG] 2018-10-15 16:13:21,088 org.nutz.ioc.impl.NutIoc.get(NutIoc.java:177) - 	 >> Load definition name=dataSource
[DEBUG] 2018-10-15 16:13:21,088 org.nutz.ioc.loader.map.MapLoader.load(MapLoader.java:67) - Loading define for name=dataSource
[DEBUG] 2018-10-15 16:13:21,088 org.nutz.ioc.loader.combo.ComboIocLoader.load(ComboIocLoader.java:161) - Found IocObject(dataSource) in JsonLoader(paths=[config/ioc/])
[DEBUG] 2018-10-15 16:13:21,088 org.nutz.ioc.impl.NutIoc.get(NutIoc.java:209) - 	 >> Make...'dataSource'<>
[DEBUG] 2018-10-15 16:13:21,088 cn.wizzer.app.web.commons.plugin.PluginAopConfigure.getInterceptorPairList(PluginAopConfigure.java:33) - skip -- com.alibaba.druid.pool.DruidDataSource
[DEBUG] 2018-10-15 16:13:21,089 org.nutz.ioc.aop.impl.DefaultMirrorFactory.getMirror(DefaultMirrorFactory.java:70) - Load class com.alibaba.druid.pool.DruidDataSource without AOP
[DEBUG] 2018-10-15 16:13:21,089 org.nutz.ioc.impl.ScopeContext.save(ScopeContext.java:64) - Save object 'dataSource' to [app] 
[DEBUG] 2018-10-15 16:13:21,089 org.nutz.ioc.impl.NutIoc.get(NutIoc.java:151) - Get 'conf'<>
[DEBUG] 2018-10-15 16:13:21,090 org.nutz.ioc.impl.ScopeContext.remove(ScopeContext.java:84) - Remove object 'dataSource' from [app] 
[DEBUG] 2018-10-15 16:13:21,091 org.nutz.ioc.impl.ScopeContext.remove(ScopeContext.java:84) - Remove object 'dao' from [app] 
[DEBUG] 2018-10-15 16:13:21,091 org.nutz.ioc.impl.ScopeContext.remove(ScopeContext.java:84) - Remove object 'simpleTest' from [app] 
]]></system-out>
  </testcase>
  <testcase name="testOrder17" classname="cn.wizzer.test.SimpleTest" time="0.001">
    <error message="IocBean[simpleTest] throw Exception when creating" type="org.nutz.ioc.IocException">org.nutz.ioc.IocException: IocBean[simpleTest] throw Exception when creating
Caused by: java.lang.RuntimeException: IocBean[simpleTest] fail at field=[dao]
Caused by: org.nutz.ioc.IocException: IocBean[dao -> dataSource] throw Exception when creating
Caused by: java.lang.IllegalArgumentException: Failed to decrypt.
Caused by: java.lang.IllegalArgumentException: String length must be a multiple of four.
</error>
    <system-out><![CDATA[[INFO ] 2018-10-15 16:13:21,092 org.nutz.ioc.impl.NutIoc.depose(NutIoc.java:255) - org.nutz.ioc.impl.NutIoc@1962329560 is closing. startup date [18-10-15 16:13:21.072]
[DEBUG] 2018-10-15 16:13:21,092 org.nutz.ioc.impl.ScopeContext.clear(ScopeContext.java:108) - Depose object 'conf' ...
[DEBUG] 2018-10-15 16:13:21,093 org.nutz.ioc.impl.ScopeContext.clear(ScopeContext.java:108) - Depose object '$aop_syslog' ...
[DEBUG] 2018-10-15 16:13:21,093 org.nutz.ioc.impl.ScopeContext.clear(ScopeContext.java:108) - Depose object '$aop_async' ...
[DEBUG] 2018-10-15 16:13:21,093 org.nutz.ioc.impl.ScopeContext.clear(ScopeContext.java:108) - Depose object 'dynamicInterceptor' ...
[DEBUG] 2018-10-15 16:13:21,093 org.nutz.ioc.impl.ScopeContext.clear(ScopeContext.java:108) - Depose object '$aop_1_plugin' ...
[INFO ] 2018-10-15 16:13:21,093 org.nutz.ioc.impl.NutIoc.depose(NutIoc.java:262) - org.nutz.ioc.impl.NutIoc@1962329560 is deposed. startup date [18-10-15 16:13:21.072]
[DEBUG] 2018-10-15 16:13:21,096 org.nutz.resource.Scans.scan(Scans.java:274) - Found 4 resource by src( config/ioc/ ) , regex( ^(.+[.])(js|json)$ )
[DEBUG] 2018-10-15 16:13:21,097 org.nutz.ioc.loader.json.JsonLoader.<init>(JsonLoader.java:49) - loading [dao.json]
[DEBUG] 2018-10-15 16:13:21,097 org.nutz.ioc.loader.json.JsonLoader.<init>(JsonLoader.java:49) - loading [ehcache.json]
[DEBUG] 2018-10-15 16:13:21,098 org.nutz.ioc.loader.json.JsonLoader.<init>(JsonLoader.java:49) - loading [mail.json]
[DEBUG] 2018-10-15 16:13:21,098 org.nutz.ioc.loader.json.JsonLoader.<init>(JsonLoader.java:49) - loading [upload.json]
[DEBUG] 2018-10-15 16:13:21,099 org.nutz.ioc.loader.json.JsonLoader.<init>(JsonLoader.java:57) - Loaded 15 bean define from path=[config/ioc/] --> [videoUpload, conf, uploadVideoContext, imageUpload, fileUpload, cacheManager, dao, cacheProvider, emailAuthenticator, uploadFileContext, htmlEmail, cacheExecutor, tmpFilePool, uploadImageContext, dataSource]
[DEBUG] 2018-10-15 16:13:21,280 org.nutz.resource.Scans.scan(Scans.java:274) - Found 452 resource by src( cn/wizzer/ ) , regex( ^.+[.]class$ )
[DEBUG] 2018-10-15 16:13:21,282 org.nutz.ioc.loader.annotation.AnnotationIocLoader.addClass(AnnotationIocLoader.java:76) - Found @IocBean : class cn.wizzer.framework.util.StringUtil
[DEBUG] 2018-10-15 16:13:21,283 org.nutz.ioc.loader.annotation.AnnotationIocLoader.addClass(AnnotationIocLoader.java:76) - Found @IocBean : class cn.wizzer.framework.util.CookieUtil
[DEBUG] 2018-10-15 16:13:21,283 org.nutz.ioc.loader.annotation.AnnotationIocLoader.addClass(AnnotationIocLoader.java:76) - Found @IocBean : class cn.wizzer.framework.ig.RedisIdGenerator
[DEBUG] 2018-10-15 16:13:21,283 org.nutz.ioc.loader.annotation.AnnotationIocLoader.addClass(AnnotationIocLoader.java:76) - Found @IocBean : class cn.wizzer.framework.util.DateUtil
[DEBUG] 2018-10-15 16:13:21,283 org.nutz.ioc.loader.annotation.AnnotationIocLoader.addClass(AnnotationIocLoader.java:76) - Found @IocBean : class cn.wizzer.framework.shiro.interceptor.NutShiroMethodInterceptor
[DEBUG] 2018-10-15 16:13:21,283 org.nutz.ioc.loader.annotation.AnnotationIocLoader.addClass(AnnotationIocLoader.java:76) - Found @IocBean : class cn.wizzer.framework.util.IdcardUtil
[DEBUG] 2018-10-15 16:13:21,283 org.nutz.ioc.loader.annotation.AnnotationIocLoader.addClass(AnnotationIocLoader.java:76) - Found @IocBean : class cn.wizzer.framework.rabbit.RabbitProducer
[DEBUG] 2018-10-15 16:13:21,284 org.nutz.ioc.loader.annotation.AnnotationIocLoader.addClass(AnnotationIocLoader.java:76) - Found @IocBean : class cn.wizzer.framework.util.RSAUtil
[DEBUG] 2018-10-15 16:13:21,284 org.nutz.ioc.loader.annotation.AnnotationIocLoader.addClass(AnnotationIocLoader.java:76) - Found @IocBean : class cn.wizzer.framework.util.ShiroUtil
[DEBUG] 2018-10-15 16:13:21,284 org.nutz.ioc.loader.annotation.AnnotationIocLoader.addClass(AnnotationIocLoader.java:76) - Found @IocBean : class cn.wizzer.framework.util.Code128Util
[DEBUG] 2018-10-15 16:13:21,284 org.nutz.ioc.loader.annotation.AnnotationIocLoader.addClass(AnnotationIocLoader.java:76) - Found @IocBean : class cn.wizzer.app.base.modules.services.impl.BaseAirmeterialServiceImpl
[DEBUG] 2018-10-15 16:13:21,284 org.nutz.ioc.loader.annotation.AnnotationIocLoader.addClass(AnnotationIocLoader.java:76) - Found @IocBean : class cn.wizzer.app.base.modules.services.impl.BaseAirportServiceImpl
[DEBUG] 2018-10-15 16:13:21,284 org.nutz.ioc.loader.annotation.AnnotationIocLoader.addClass(AnnotationIocLoader.java:76) - Found @IocBean : class cn.wizzer.app.base.modules.services.impl.BaseCnctobjServiceImpl
[DEBUG] 2018-10-15 16:13:21,285 org.nutz.ioc.loader.annotation.AnnotationIocLoader.addClass(AnnotationIocLoader.java:76) - Found @IocBean : class cn.wizzer.app.base.modules.services.impl.BaseCustomerServiceImpl
[DEBUG] 2018-10-15 16:13:21,285 org.nutz.ioc.loader.annotation.AnnotationIocLoader.addClass(AnnotationIocLoader.java:76) - Found @IocBean : class cn.wizzer.app.base.modules.services.impl.BaseDeptServiceImpl
[DEBUG] 2018-10-15 16:13:21,285 org.nutz.ioc.loader.annotation.AnnotationIocLoader.addClass(AnnotationIocLoader.java:76) - Found @IocBean : class cn.wizzer.app.base.modules.services.impl.BaseJobServiceImpl
[DEBUG] 2018-10-15 16:13:21,285 org.nutz.ioc.loader.annotation.AnnotationIocLoader.addClass(AnnotationIocLoader.java:76) - Found @IocBean : class cn.wizzer.app.base.modules.services.impl.BasePersonpoolServiceImpl
[DEBUG] 2018-10-15 16:13:21,286 org.nutz.ioc.loader.annotation.AnnotationIocLoader.addClass(AnnotationIocLoader.java:76) - Found @IocBean : class cn.wizzer.app.base.modules.services.impl.BasePersonServiceImpl
[DEBUG] 2018-10-15 16:13:21,286 org.nutz.ioc.loader.annotation.AnnotationIocLoader.addClass(AnnotationIocLoader.java:76) - Found @IocBean : class cn.wizzer.app.base.modules.services.impl.BasePlaceServiceImpl
[DEBUG] 2018-10-15 16:13:21,286 org.nutz.ioc.loader.annotation.AnnotationIocLoader.addClass(AnnotationIocLoader.java:76) - Found @IocBean : class cn.wizzer.app.base.modules.services.impl.BasePostServiceImpl
[DEBUG] 2018-10-15 16:13:21,286 org.nutz.ioc.loader.annotation.AnnotationIocLoader.addClass(AnnotationIocLoader.java:76) - Found @IocBean : class cn.wizzer.app.base.modules.services.impl.BaseRowofficeentryServiceImpl
[DEBUG] 2018-10-15 16:13:21,286 org.nutz.ioc.loader.annotation.AnnotationIocLoader.addClass(AnnotationIocLoader.java:76) - Found @IocBean : class cn.wizzer.app.base.modules.services.impl.BaseRowofficeServiceImpl
[DEBUG] 2018-10-15 16:13:21,287 org.nutz.ioc.loader.annotation.AnnotationIocLoader.addClass(AnnotationIocLoader.java:76) - Found @IocBean : class cn.wizzer.app.base.modules.services.impl.BaseVehicleServiceImpl
[DEBUG] 2018-10-15 16:13:21,287 org.nutz.ioc.loader.annotation.AnnotationIocLoader.addClass(AnnotationIocLoader.java:76) - Found @IocBean : class cn.wizzer.app.base.modules.services.impl.BaseWarehouseServiceImpl
[DEBUG] 2018-10-15 16:13:21,287 org.nutz.ioc.loader.annotation.AnnotationIocLoader.addClass(AnnotationIocLoader.java:76) - Found @IocBean : class cn.wizzer.app.cms.modules.services.impl.CmsArticleServiceImpl
[DEBUG] 2018-10-15 16:13:21,287 org.nutz.ioc.loader.annotation.AnnotationIocLoader.addClass(AnnotationIocLoader.java:76) - Found @IocBean : class cn.wizzer.app.cms.modules.services.impl.CmsChannelServiceImpl
[DEBUG] 2018-10-15 16:13:21,287 org.nutz.ioc.loader.annotation.AnnotationIocLoader.addClass(AnnotationIocLoader.java:76) - Found @IocBean : class cn.wizzer.app.cms.modules.services.impl.CmsLinkClassServiceImpl
[DEBUG] 2018-10-15 16:13:21,287 org.nutz.ioc.loader.annotation.AnnotationIocLoader.addClass(AnnotationIocLoader.java:76) - Found @IocBean : class cn.wizzer.app.cms.modules.services.impl.CmsLinkServiceImpl
[DEBUG] 2018-10-15 16:13:21,288 org.nutz.ioc.loader.annotation.AnnotationIocLoader.addClass(AnnotationIocLoader.java:76) - Found @IocBean : class cn.wizzer.app.cms.modules.services.impl.CmsSiteServiceImpl
[DEBUG] 2018-10-15 16:13:21,288 org.nutz.ioc.loader.annotation.AnnotationIocLoader.addClass(AnnotationIocLoader.java:76) - Found @IocBean : class cn.wizzer.app.ins.modules.services.impl.InsBaseinsServiceImpl
[DEBUG] 2018-10-15 16:13:21,288 org.nutz.ioc.loader.annotation.AnnotationIocLoader.addClass(AnnotationIocLoader.java:76) - Found @IocBean : class cn.wizzer.app.ins.modules.services.impl.InsBaseinsSpaceServiceImpl
[DEBUG] 2018-10-15 16:13:21,288 org.nutz.ioc.loader.annotation.AnnotationIocLoader.addClass(AnnotationIocLoader.java:76) - Found @IocBean : class cn.wizzer.app.ins.modules.services.impl.InsCabinetServiceImpl
[DEBUG] 2018-10-15 16:13:21,288 org.nutz.ioc.loader.annotation.AnnotationIocLoader.addClass(AnnotationIocLoader.java:76) - Found @IocBean : class cn.wizzer.app.ins.modules.services.impl.InsCommonServiceImpl
[DEBUG] 2018-10-15 16:13:21,288 org.nutz.ioc.loader.annotation.AnnotationIocLoader.addClass(AnnotationIocLoader.java:76) - Found @IocBean : class cn.wizzer.app.ins.modules.services.impl.InsInstrumentServiceImpl
[DEBUG] 2018-10-15 16:13:21,289 org.nutz.ioc.loader.annotation.AnnotationIocLoader.addClass(AnnotationIocLoader.java:76) - Found @IocBean : class cn.wizzer.app.ins.modules.services.impl.InsLockServiceImpl
[DEBUG] 2018-10-15 16:13:21,289 org.nutz.ioc.loader.annotation.AnnotationIocLoader.addClass(AnnotationIocLoader.java:76) - Found @IocBean : class cn.wizzer.app.ins.modules.services.impl.InsOrderentryServiceImpl
[DEBUG] 2018-10-15 16:13:21,289 org.nutz.ioc.loader.annotation.AnnotationIocLoader.addClass(AnnotationIocLoader.java:76) - Found @IocBean : class cn.wizzer.app.ins.modules.services.impl.InsOrderServiceImpl
[DEBUG] 2018-10-15 16:13:21,289 org.nutz.ioc.loader.annotation.AnnotationIocLoader.addClass(AnnotationIocLoader.java:76) - Found @IocBean : class cn.wizzer.app.ins.modules.services.impl.InsRepairServiceImpl
[DEBUG] 2018-10-15 16:13:21,290 org.nutz.ioc.loader.annotation.AnnotationIocLoader.addClass(AnnotationIocLoader.java:76) - Found @IocBean : class cn.wizzer.app.ins.modules.services.impl.InsRepairtrackServiceImpl
[DEBUG] 2018-10-15 16:13:21,290 org.nutz.ioc.loader.annotation.AnnotationIocLoader.addClass(AnnotationIocLoader.java:76) - Found @IocBean : class cn.wizzer.app.ins.modules.services.impl.InsRfheadServiceImpl
[DEBUG] 2018-10-15 16:13:21,290 org.nutz.ioc.loader.annotation.AnnotationIocLoader.addClass(AnnotationIocLoader.java:76) - Found @IocBean : class cn.wizzer.app.ins.modules.services.impl.InsRfidServiceImpl
[DEBUG] 2018-10-15 16:13:21,290 org.nutz.ioc.loader.annotation.AnnotationIocLoader.addClass(AnnotationIocLoader.java:76) - Found @IocBean : class cn.wizzer.app.ins.modules.services.impl.InsSpaceServiceImpl
[DEBUG] 2018-10-15 16:13:21,291 org.nutz.ioc.loader.annotation.AnnotationIocLoader.addClass(AnnotationIocLoader.java:76) - Found @IocBean : class cn.wizzer.app.ins.modules.services.impl.InsToolcabinetServiceImpl
[DEBUG] 2018-10-15 16:13:21,291 org.nutz.ioc.loader.annotation.AnnotationIocLoader.addClass(AnnotationIocLoader.java:76) - Found @IocBean : class cn.wizzer.app.ins.modules.services.impl.InsTransmitServiceImpl
[DEBUG] 2018-10-15 16:13:21,293 org.nutz.ioc.loader.annotation.AnnotationIocLoader.addClass(AnnotationIocLoader.java:76) - Found @IocBean : class cn.wizzer.app.logistics.modules.services.impl.LogisticsDeliveryorderentryServiceImpl
[DEBUG] 2018-10-15 16:13:21,294 org.nutz.ioc.loader.annotation.AnnotationIocLoader.addClass(AnnotationIocLoader.java:76) - Found @IocBean : class cn.wizzer.app.logistics.modules.services.impl.LogisticsDeliveryorderServiceImpl
[DEBUG] 2018-10-15 16:13:21,294 org.nutz.ioc.loader.annotation.AnnotationIocLoader.addClass(AnnotationIocLoader.java:76) - Found @IocBean : class cn.wizzer.app.logistics.modules.services.impl.LogisticsEntourageServiceImpl
[DEBUG] 2018-10-15 16:13:21,294 org.nutz.ioc.loader.annotation.AnnotationIocLoader.addClass(AnnotationIocLoader.java:76) - Found @IocBean : class cn.wizzer.app.logistics.modules.services.impl.LogisticsOrderdeliveryServiceImpl
[DEBUG] 2018-10-15 16:13:21,294 org.nutz.ioc.loader.annotation.AnnotationIocLoader.addClass(AnnotationIocLoader.java:76) - Found @IocBean : class cn.wizzer.app.logistics.modules.services.impl.LogisticsOrderentryServiceImpl
[DEBUG] 2018-10-15 16:13:21,295 org.nutz.ioc.loader.annotation.AnnotationIocLoader.addClass(AnnotationIocLoader.java:76) - Found @IocBean : class cn.wizzer.app.logistics.modules.services.impl.LogisticsOrderplanentryServiceImpl
[DEBUG] 2018-10-15 16:13:21,295 org.nutz.ioc.loader.annotation.AnnotationIocLoader.addClass(AnnotationIocLoader.java:76) - Found @IocBean : class cn.wizzer.app.logistics.modules.services.impl.LogisticsOrderplanServiceImpl
[DEBUG] 2018-10-15 16:13:21,295 org.nutz.ioc.loader.annotation.AnnotationIocLoader.addClass(AnnotationIocLoader.java:76) - Found @IocBean : class cn.wizzer.app.logistics.modules.services.impl.LogisticsOrderrejectServiceImpl
[DEBUG] 2018-10-15 16:13:21,295 org.nutz.ioc.loader.annotation.AnnotationIocLoader.addClass(AnnotationIocLoader.java:76) - Found @IocBean : class cn.wizzer.app.logistics.modules.services.impl.LogisticsOrderServiceImpl
[DEBUG] 2018-10-15 16:13:21,295 org.nutz.ioc.loader.annotation.AnnotationIocLoader.addClass(AnnotationIocLoader.java:76) - Found @IocBean : class cn.wizzer.app.logistics.modules.services.impl.LogisticsOrderstepServiceImpl
[DEBUG] 2018-10-15 16:13:21,296 org.nutz.ioc.loader.annotation.AnnotationIocLoader.addClass(AnnotationIocLoader.java:76) - Found @IocBean : class cn.wizzer.app.logistics.modules.services.impl.LogisticsSendapprovalServiceImpl
[DEBUG] 2018-10-15 16:13:21,296 org.nutz.ioc.loader.annotation.AnnotationIocLoader.addClass(AnnotationIocLoader.java:76) - Found @IocBean : class cn.wizzer.app.logistics.modules.services.impl.LogisticsSendgoodsServiceImpl
[DEBUG] 2018-10-15 16:13:21,296 org.nutz.ioc.loader.annotation.AnnotationIocLoader.addClass(AnnotationIocLoader.java:76) - Found @IocBean : class cn.wizzer.app.logistics.modules.services.impl.LogisticsSendplanServiceImpl
[DEBUG] 2018-10-15 16:13:21,297 org.nutz.ioc.loader.annotation.AnnotationIocLoader.addClass(AnnotationIocLoader.java:76) - Found @IocBean : class cn.wizzer.app.logistics.modules.services.impl.LogisticsSendtraceServiceImpl
[DEBUG] 2018-10-15 16:13:21,297 org.nutz.ioc.loader.annotation.AnnotationIocLoader.addClass(AnnotationIocLoader.java:76) - Found @IocBean : class cn.wizzer.app.logistics.modules.services.impl.LogisticsUnplanServiceImpl
[DEBUG] 2018-10-15 16:13:21,298 org.nutz.ioc.loader.annotation.AnnotationIocLoader.addClass(AnnotationIocLoader.java:76) - Found @IocBean : class cn.wizzer.app.sys.modules.services.impl.SysApiServiceImpl
[DEBUG] 2018-10-15 16:13:21,298 org.nutz.ioc.loader.annotation.AnnotationIocLoader.addClass(AnnotationIocLoader.java:76) - Found @IocBean : class cn.wizzer.app.sys.modules.services.impl.SysBarcodeServiceImpl
[DEBUG] 2018-10-15 16:13:21,298 org.nutz.ioc.loader.annotation.AnnotationIocLoader.addClass(AnnotationIocLoader.java:76) - Found @IocBean : class cn.wizzer.app.sys.modules.services.impl.SysConfigServiceImpl
[DEBUG] 2018-10-15 16:13:21,298 org.nutz.ioc.loader.annotation.AnnotationIocLoader.addClass(AnnotationIocLoader.java:76) - Found @IocBean : class cn.wizzer.app.sys.modules.services.impl.SysDictServiceImpl
[DEBUG] 2018-10-15 16:13:21,298 org.nutz.ioc.loader.annotation.AnnotationIocLoader.addClass(AnnotationIocLoader.java:76) - Found @IocBean : class cn.wizzer.app.sys.modules.services.impl.SysLogServiceImpl
[DEBUG] 2018-10-15 16:13:21,299 org.nutz.ioc.loader.annotation.AnnotationIocLoader.addClass(AnnotationIocLoader.java:76) - Found @IocBean : class cn.wizzer.app.sys.modules.services.impl.SysMenuServiceImpl
[DEBUG] 2018-10-15 16:13:21,299 org.nutz.ioc.loader.annotation.AnnotationIocLoader.addClass(AnnotationIocLoader.java:76) - Found @IocBean : class cn.wizzer.app.sys.modules.services.impl.SysMobileServiceImpl
[DEBUG] 2018-10-15 16:13:21,299 org.nutz.ioc.loader.annotation.AnnotationIocLoader.addClass(AnnotationIocLoader.java:76) - Found @IocBean : class cn.wizzer.app.sys.modules.services.impl.SysPluginServiceImpl
[DEBUG] 2018-10-15 16:13:21,299 org.nutz.ioc.loader.annotation.AnnotationIocLoader.addClass(AnnotationIocLoader.java:76) - Found @IocBean : class cn.wizzer.app.sys.modules.services.impl.SysRegistauditServiceImpl
[DEBUG] 2018-10-15 16:13:21,299 org.nutz.ioc.loader.annotation.AnnotationIocLoader.addClass(AnnotationIocLoader.java:76) - Found @IocBean : class cn.wizzer.app.sys.modules.services.impl.SysRoleServiceImpl
[DEBUG] 2018-10-15 16:13:21,299 org.nutz.ioc.loader.annotation.AnnotationIocLoader.addClass(AnnotationIocLoader.java:76) - Found @IocBean : class cn.wizzer.app.sys.modules.services.impl.SysRouteServiceImpl
[DEBUG] 2018-10-15 16:13:21,299 org.nutz.ioc.loader.annotation.AnnotationIocLoader.addClass(AnnotationIocLoader.java:76) - Found @IocBean : class cn.wizzer.app.sys.modules.services.impl.SysTaskServiceImpl
[DEBUG] 2018-10-15 16:13:21,300 org.nutz.ioc.loader.annotation.AnnotationIocLoader.addClass(AnnotationIocLoader.java:76) - Found @IocBean : class cn.wizzer.app.sys.modules.services.impl.SysTempuserServiceImpl
[DEBUG] 2018-10-15 16:13:21,300 org.nutz.ioc.loader.annotation.AnnotationIocLoader.addClass(AnnotationIocLoader.java:76) - Found @IocBean : class cn.wizzer.app.sys.modules.services.impl.SysUnitServiceImpl
[DEBUG] 2018-10-15 16:13:21,300 org.nutz.ioc.loader.annotation.AnnotationIocLoader.addClass(AnnotationIocLoader.java:76) - Found @IocBean : class cn.wizzer.app.sys.modules.services.impl.SysUserServiceImpl
[DEBUG] 2018-10-15 16:13:21,300 org.nutz.ioc.loader.annotation.AnnotationIocLoader.addClass(AnnotationIocLoader.java:76) - Found @IocBean : class cn.wizzer.app.sys.modules.services.impl.SysVersionServiceImpl
[DEBUG] 2018-10-15 16:13:21,300 org.nutz.ioc.loader.annotation.AnnotationIocLoader.addClass(AnnotationIocLoader.java:76) - Found @IocBean : class cn.wizzer.app.sys.modules.services.impl.SysWxDeptServiceImpl
[DEBUG] 2018-10-15 16:13:21,301 org.nutz.ioc.loader.annotation.AnnotationIocLoader.addClass(AnnotationIocLoader.java:76) - Found @IocBean : class cn.wizzer.app.sys.modules.services.impl.SysWxServiceImpl
[DEBUG] 2018-10-15 16:13:21,301 org.nutz.ioc.loader.annotation.AnnotationIocLoader.addClass(AnnotationIocLoader.java:76) - Found @IocBean : class cn.wizzer.app.sys.modules.services.impl.SysWxUserServiceImpl
[DEBUG] 2018-10-15 16:13:21,301 org.nutz.ioc.loader.annotation.AnnotationIocLoader.addClass(AnnotationIocLoader.java:76) - Found @IocBean : class cn.wizzer.app.web.commons.plugin.DynamicInterceptor
[DEBUG] 2018-10-15 16:13:21,301 org.nutz.ioc.loader.annotation.AnnotationIocLoader.addClass(AnnotationIocLoader.java:76) - Found @IocBean : class cn.wizzer.app.web.commons.plugin.PluginAopConfigure
[DEBUG] 2018-10-15 16:13:21,301 org.nutz.ioc.loader.annotation.AnnotationIocLoader.addClass(AnnotationIocLoader.java:76) - Found @IocBean : class cn.wizzer.app.web.commons.plugin.PluginMaster
[DEBUG] 2018-10-15 16:13:21,301 org.nutz.ioc.loader.annotation.AnnotationIocLoader.addClass(AnnotationIocLoader.java:76) - Found @IocBean : class cn.wizzer.app.web.commons.quartz.job.orderExecute
[DEBUG] 2018-10-15 16:13:21,301 org.nutz.ioc.loader.annotation.AnnotationIocLoader.addClass(AnnotationIocLoader.java:76) - Found @IocBean : class cn.wizzer.app.web.commons.quartz.job.TestJob
[DEBUG] 2018-10-15 16:13:21,303 org.nutz.ioc.loader.annotation.AnnotationIocLoader.addClass(AnnotationIocLoader.java:76) - Found @IocBean : class cn.wizzer.app.web.commons.services.email.EmailService
[DEBUG] 2018-10-15 16:13:21,303 org.nutz.ioc.loader.annotation.AnnotationIocLoader.addClass(AnnotationIocLoader.java:76) - Found @IocBean : class cn.wizzer.app.web.commons.services.qrcode.QrcodeService
[DEBUG] 2018-10-15 16:13:21,304 org.nutz.ioc.loader.annotation.AnnotationIocLoader.addClass(AnnotationIocLoader.java:76) - Found @IocBean : class cn.wizzer.app.web.commons.services.wx.TplService
[DEBUG] 2018-10-15 16:13:21,304 org.nutz.ioc.loader.annotation.AnnotationIocLoader.addClass(AnnotationIocLoader.java:76) - Found @IocBean : class cn.wizzer.app.web.commons.services.wx.WxHandler
[DEBUG] 2018-10-15 16:13:21,304 org.nutz.ioc.loader.annotation.AnnotationIocLoader.addClass(AnnotationIocLoader.java:76) - Found @IocBean : class cn.wizzer.app.web.commons.shiro.realm.PlatformAuthorizingRealm
[DEBUG] 2018-10-15 16:13:21,304 org.nutz.ioc.loader.annotation.AnnotationIocLoader.addClass(AnnotationIocLoader.java:76) - Found @IocBean : class cn.wizzer.app.web.commons.slog.SLogAopConfigration
[DEBUG] 2018-10-15 16:13:21,304 org.nutz.ioc.loader.annotation.AnnotationIocLoader.addClass(AnnotationIocLoader.java:76) - Found @IocBean : class cn.wizzer.app.web.commons.slog.SLogService
[DEBUG] 2018-10-15 16:13:21,304 org.nutz.ioc.loader.annotation.AnnotationIocLoader.addClass(AnnotationIocLoader.java:76) - Found @IocBean : class cn.wizzer.app.web.modules.controllers.front.wx.CmsController
[DEBUG] 2018-10-15 16:13:21,305 org.nutz.ioc.loader.annotation.AnnotationIocLoader.addClass(AnnotationIocLoader.java:76) - Found @IocBean : class cn.wizzer.app.web.modules.controllers.front.wx.WechatController
[DEBUG] 2018-10-15 16:13:21,305 org.nutz.ioc.loader.annotation.AnnotationIocLoader.addClass(AnnotationIocLoader.java:76) - Found @IocBean : class cn.wizzer.app.web.modules.controllers.open.api.mobile.MobileBaseController
[DEBUG] 2018-10-15 16:13:21,305 org.nutz.ioc.loader.annotation.AnnotationIocLoader.addClass(AnnotationIocLoader.java:76) - Found @IocBean : class cn.wizzer.app.web.modules.controllers.open.api.mobile.MobileInsController
[DEBUG] 2018-10-15 16:13:21,305 org.nutz.ioc.loader.annotation.AnnotationIocLoader.addClass(AnnotationIocLoader.java:76) - Found @IocBean : class cn.wizzer.app.web.modules.controllers.open.api.mobile.MobileOrderController
[DEBUG] 2018-10-15 16:13:21,305 org.nutz.ioc.loader.annotation.AnnotationIocLoader.addClass(AnnotationIocLoader.java:76) - Found @IocBean : class cn.wizzer.app.web.modules.controllers.open.api.mobile.MobileSysController
[DEBUG] 2018-10-15 16:13:21,305 org.nutz.ioc.loader.annotation.AnnotationIocLoader.addClass(AnnotationIocLoader.java:76) - Found @IocBean : class cn.wizzer.app.web.modules.controllers.open.api.pad.PadInsController
[DEBUG] 2018-10-15 16:13:21,306 org.nutz.ioc.loader.annotation.AnnotationIocLoader.addClass(AnnotationIocLoader.java:76) - Found @IocBean : class cn.wizzer.app.web.modules.controllers.open.api.pad.PadOrderController
[DEBUG] 2018-10-15 16:13:21,306 org.nutz.ioc.loader.annotation.AnnotationIocLoader.addClass(AnnotationIocLoader.java:76) - Found @IocBean : class cn.wizzer.app.web.modules.controllers.open.api.pad.PadSysController
[DEBUG] 2018-10-15 16:13:21,306 org.nutz.ioc.loader.annotation.AnnotationIocLoader.addClass(AnnotationIocLoader.java:76) - Found @IocBean : class cn.wizzer.app.web.modules.controllers.open.api.test.ApiTestController
[DEBUG] 2018-10-15 16:13:21,306 org.nutz.ioc.loader.annotation.AnnotationIocLoader.addClass(AnnotationIocLoader.java:76) - Found @IocBean : class cn.wizzer.app.web.modules.controllers.open.api.token.TokenController
[DEBUG] 2018-10-15 16:13:21,306 org.nutz.ioc.loader.annotation.AnnotationIocLoader.addClass(AnnotationIocLoader.java:76) - Found @IocBean : class cn.wizzer.app.web.modules.controllers.open.api.userpermission.UserpermissionController
[DEBUG] 2018-10-15 16:13:21,306 org.nutz.ioc.loader.annotation.AnnotationIocLoader.addClass(AnnotationIocLoader.java:76) - Found @IocBean : class cn.wizzer.app.web.modules.controllers.open.file.UploadController
[DEBUG] 2018-10-15 16:13:21,306 org.nutz.ioc.loader.annotation.AnnotationIocLoader.addClass(AnnotationIocLoader.java:76) - Found @IocBean : class cn.wizzer.app.web.modules.controllers.open.pay.WxPayBackController
[DEBUG] 2018-10-15 16:13:21,306 org.nutz.ioc.loader.annotation.AnnotationIocLoader.addClass(AnnotationIocLoader.java:76) - Found @IocBean : class cn.wizzer.app.web.modules.controllers.open.ueditor.BdController
[DEBUG] 2018-10-15 16:13:21,307 org.nutz.ioc.loader.annotation.AnnotationIocLoader.addClass(AnnotationIocLoader.java:76) - Found @IocBean : class cn.wizzer.app.web.modules.controllers.open.ueditor.WxController
[DEBUG] 2018-10-15 16:13:21,307 org.nutz.ioc.loader.annotation.AnnotationIocLoader.addClass(AnnotationIocLoader.java:76) - Found @IocBean : class cn.wizzer.app.web.modules.controllers.open.wx.WeixinController
[DEBUG] 2018-10-15 16:13:21,308 org.nutz.ioc.loader.annotation.AnnotationIocLoader.addClass(AnnotationIocLoader.java:76) - Found @IocBean : class cn.wizzer.app.web.modules.controllers.platform.base.BaseAirmeterialController
[DEBUG] 2018-10-15 16:13:21,309 org.nutz.ioc.loader.annotation.AnnotationIocLoader.addClass(AnnotationIocLoader.java:76) - Found @IocBean : class cn.wizzer.app.web.modules.controllers.platform.base.BaseAirportController
[DEBUG] 2018-10-15 16:13:21,310 org.nutz.ioc.loader.annotation.AnnotationIocLoader.addClass(AnnotationIocLoader.java:76) - Found @IocBean : class cn.wizzer.app.web.modules.controllers.platform.base.BaseCnctobjController
[DEBUG] 2018-10-15 16:13:21,310 org.nutz.ioc.loader.annotation.AnnotationIocLoader.addClass(AnnotationIocLoader.java:76) - Found @IocBean : class cn.wizzer.app.web.modules.controllers.platform.base.BaseCustomerController
[DEBUG] 2018-10-15 16:13:21,311 org.nutz.ioc.loader.annotation.AnnotationIocLoader.addClass(AnnotationIocLoader.java:76) - Found @IocBean : class cn.wizzer.app.web.modules.controllers.platform.base.BaseDeptController
[DEBUG] 2018-10-15 16:13:21,311 org.nutz.ioc.loader.annotation.AnnotationIocLoader.addClass(AnnotationIocLoader.java:76) - Found @IocBean : class cn.wizzer.app.web.modules.controllers.platform.base.BaseJobController
[DEBUG] 2018-10-15 16:13:21,311 org.nutz.ioc.loader.annotation.AnnotationIocLoader.addClass(AnnotationIocLoader.java:76) - Found @IocBean : class cn.wizzer.app.web.modules.controllers.platform.base.BasePersonController
[DEBUG] 2018-10-15 16:13:21,311 org.nutz.ioc.loader.annotation.AnnotationIocLoader.addClass(AnnotationIocLoader.java:76) - Found @IocBean : class cn.wizzer.app.web.modules.controllers.platform.base.BasePersonpoolController
[DEBUG] 2018-10-15 16:13:21,311 org.nutz.ioc.loader.annotation.AnnotationIocLoader.addClass(AnnotationIocLoader.java:76) - Found @IocBean : class cn.wizzer.app.web.modules.controllers.platform.base.BasePlaceController
[DEBUG] 2018-10-15 16:13:21,311 org.nutz.ioc.loader.annotation.AnnotationIocLoader.addClass(AnnotationIocLoader.java:76) - Found @IocBean : class cn.wizzer.app.web.modules.controllers.platform.base.BasePostController
[DEBUG] 2018-10-15 16:13:21,311 org.nutz.ioc.loader.annotation.AnnotationIocLoader.addClass(AnnotationIocLoader.java:76) - Found @IocBean : class cn.wizzer.app.web.modules.controllers.platform.base.BaseRowofficeController
[DEBUG] 2018-10-15 16:13:21,312 org.nutz.ioc.loader.annotation.AnnotationIocLoader.addClass(AnnotationIocLoader.java:76) - Found @IocBean : class cn.wizzer.app.web.modules.controllers.platform.base.BaseRowofficeentryController
[DEBUG] 2018-10-15 16:13:21,312 org.nutz.ioc.loader.annotation.AnnotationIocLoader.addClass(AnnotationIocLoader.java:76) - Found @IocBean : class cn.wizzer.app.web.modules.controllers.platform.base.BaseVehicleController
[DEBUG] 2018-10-15 16:13:21,312 org.nutz.ioc.loader.annotation.AnnotationIocLoader.addClass(AnnotationIocLoader.java:76) - Found @IocBean : class cn.wizzer.app.web.modules.controllers.platform.base.BaseWarehouseController
[DEBUG] 2018-10-15 16:13:21,312 org.nutz.ioc.loader.annotation.AnnotationIocLoader.addClass(AnnotationIocLoader.java:76) - Found @IocBean : class cn.wizzer.app.web.modules.controllers.platform.cms.CmsArticleController
[DEBUG] 2018-10-15 16:13:21,312 org.nutz.ioc.loader.annotation.AnnotationIocLoader.addClass(AnnotationIocLoader.java:76) - Found @IocBean : class cn.wizzer.app.web.modules.controllers.platform.cms.CmsChannelController
[DEBUG] 2018-10-15 16:13:21,312 org.nutz.ioc.loader.annotation.AnnotationIocLoader.addClass(AnnotationIocLoader.java:76) - Found @IocBean : class cn.wizzer.app.web.modules.controllers.platform.cms.CmsLinkClassController
[DEBUG] 2018-10-15 16:13:21,312 org.nutz.ioc.loader.annotation.AnnotationIocLoader.addClass(AnnotationIocLoader.java:76) - Found @IocBean : class cn.wizzer.app.web.modules.controllers.platform.cms.CmsLinkController
[DEBUG] 2018-10-15 16:13:21,312 org.nutz.ioc.loader.annotation.AnnotationIocLoader.addClass(AnnotationIocLoader.java:76) - Found @IocBean : class cn.wizzer.app.web.modules.controllers.platform.cms.CmsSiteController
[DEBUG] 2018-10-15 16:13:21,313 org.nutz.ioc.loader.annotation.AnnotationIocLoader.addClass(AnnotationIocLoader.java:76) - Found @IocBean : class cn.wizzer.app.web.modules.controllers.platform.ins.InsBaseinsController
[DEBUG] 2018-10-15 16:13:21,313 org.nutz.ioc.loader.annotation.AnnotationIocLoader.addClass(AnnotationIocLoader.java:76) - Found @IocBean : class cn.wizzer.app.web.modules.controllers.platform.ins.InsBaseinsSpaceController
[DEBUG] 2018-10-15 16:13:21,313 org.nutz.ioc.loader.annotation.AnnotationIocLoader.addClass(AnnotationIocLoader.java:76) - Found @IocBean : class cn.wizzer.app.web.modules.controllers.platform.ins.InsCabinetController
[DEBUG] 2018-10-15 16:13:21,313 org.nutz.ioc.loader.annotation.AnnotationIocLoader.addClass(AnnotationIocLoader.java:76) - Found @IocBean : class cn.wizzer.app.web.modules.controllers.platform.ins.InsCommonController
[DEBUG] 2018-10-15 16:13:21,313 org.nutz.ioc.loader.annotation.AnnotationIocLoader.addClass(AnnotationIocLoader.java:76) - Found @IocBean : class cn.wizzer.app.web.modules.controllers.platform.ins.InsInstrumentController
[DEBUG] 2018-10-15 16:13:21,313 org.nutz.ioc.loader.annotation.AnnotationIocLoader.addClass(AnnotationIocLoader.java:76) - Found @IocBean : class cn.wizzer.app.web.modules.controllers.platform.ins.InsLockController
[DEBUG] 2018-10-15 16:13:21,313 org.nutz.ioc.loader.annotation.AnnotationIocLoader.addClass(AnnotationIocLoader.java:76) - Found @IocBean : class cn.wizzer.app.web.modules.controllers.platform.ins.InsOrderController
[DEBUG] 2018-10-15 16:13:21,314 org.nutz.ioc.loader.annotation.AnnotationIocLoader.addClass(AnnotationIocLoader.java:76) - Found @IocBean : class cn.wizzer.app.web.modules.controllers.platform.ins.InsOrderentryController
[DEBUG] 2018-10-15 16:13:21,314 org.nutz.ioc.loader.annotation.AnnotationIocLoader.addClass(AnnotationIocLoader.java:76) - Found @IocBean : class cn.wizzer.app.web.modules.controllers.platform.ins.InsRepairController
[DEBUG] 2018-10-15 16:13:21,314 org.nutz.ioc.loader.annotation.AnnotationIocLoader.addClass(AnnotationIocLoader.java:76) - Found @IocBean : class cn.wizzer.app.web.modules.controllers.platform.ins.InsRepairtrackController
[DEBUG] 2018-10-15 16:13:21,314 org.nutz.ioc.loader.annotation.AnnotationIocLoader.addClass(AnnotationIocLoader.java:76) - Found @IocBean : class cn.wizzer.app.web.modules.controllers.platform.ins.InsRfheadController
[DEBUG] 2018-10-15 16:13:21,314 org.nutz.ioc.loader.annotation.AnnotationIocLoader.addClass(AnnotationIocLoader.java:76) - Found @IocBean : class cn.wizzer.app.web.modules.controllers.platform.ins.InsRfidController
[DEBUG] 2018-10-15 16:13:21,314 org.nutz.ioc.loader.annotation.AnnotationIocLoader.addClass(AnnotationIocLoader.java:76) - Found @IocBean : class cn.wizzer.app.web.modules.controllers.platform.ins.InsSpaceController
[DEBUG] 2018-10-15 16:13:21,314 org.nutz.ioc.loader.annotation.AnnotationIocLoader.addClass(AnnotationIocLoader.java:76) - Found @IocBean : class cn.wizzer.app.web.modules.controllers.platform.ins.InsToolcabinetController
[DEBUG] 2018-10-15 16:13:21,315 org.nutz.ioc.loader.annotation.AnnotationIocLoader.addClass(AnnotationIocLoader.java:76) - Found @IocBean : class cn.wizzer.app.web.modules.controllers.platform.ins.InsTransmitController
[DEBUG] 2018-10-15 16:13:21,315 org.nutz.ioc.loader.annotation.AnnotationIocLoader.addClass(AnnotationIocLoader.java:76) - Found @IocBean : class cn.wizzer.app.web.modules.controllers.platform.logistics.LogisticsDeliveryorderController
[DEBUG] 2018-10-15 16:13:21,315 org.nutz.ioc.loader.annotation.AnnotationIocLoader.addClass(AnnotationIocLoader.java:76) - Found @IocBean : class cn.wizzer.app.web.modules.controllers.platform.logistics.LogisticsDeliveryorderentryController
[DEBUG] 2018-10-15 16:13:21,315 org.nutz.ioc.loader.annotation.AnnotationIocLoader.addClass(AnnotationIocLoader.java:76) - Found @IocBean : class cn.wizzer.app.web.modules.controllers.platform.logistics.LogisticsEntourageController
[DEBUG] 2018-10-15 16:13:21,315 org.nutz.ioc.loader.annotation.AnnotationIocLoader.addClass(AnnotationIocLoader.java:76) - Found @IocBean : class cn.wizzer.app.web.modules.controllers.platform.logistics.LogisticsOrderController
[DEBUG] 2018-10-15 16:13:21,316 org.nutz.ioc.loader.annotation.AnnotationIocLoader.addClass(AnnotationIocLoader.java:76) - Found @IocBean : class cn.wizzer.app.web.modules.controllers.platform.logistics.LogisticsOrderdeliveryController
[DEBUG] 2018-10-15 16:13:21,316 org.nutz.ioc.loader.annotation.AnnotationIocLoader.addClass(AnnotationIocLoader.java:76) - Found @IocBean : class cn.wizzer.app.web.modules.controllers.platform.logistics.LogisticsOrderentryController
[DEBUG] 2018-10-15 16:13:21,316 org.nutz.ioc.loader.annotation.AnnotationIocLoader.addClass(AnnotationIocLoader.java:76) - Found @IocBean : class cn.wizzer.app.web.modules.controllers.platform.logistics.LogisticsOrderplanController
[DEBUG] 2018-10-15 16:13:21,317 org.nutz.ioc.loader.annotation.AnnotationIocLoader.addClass(AnnotationIocLoader.java:76) - Found @IocBean : class cn.wizzer.app.web.modules.controllers.platform.logistics.LogisticsOrderplanentryController
[DEBUG] 2018-10-15 16:13:21,317 org.nutz.ioc.loader.annotation.AnnotationIocLoader.addClass(AnnotationIocLoader.java:76) - Found @IocBean : class cn.wizzer.app.web.modules.controllers.platform.logistics.LogisticsOrderrejectController
[DEBUG] 2018-10-15 16:13:21,317 org.nutz.ioc.loader.annotation.AnnotationIocLoader.addClass(AnnotationIocLoader.java:76) - Found @IocBean : class cn.wizzer.app.web.modules.controllers.platform.logistics.LogisticsOrderstepController
[DEBUG] 2018-10-15 16:13:21,317 org.nutz.ioc.loader.annotation.AnnotationIocLoader.addClass(AnnotationIocLoader.java:76) - Found @IocBean : class cn.wizzer.app.web.modules.controllers.platform.logistics.LogisticsSendapprovalController
[DEBUG] 2018-10-15 16:13:21,317 org.nutz.ioc.loader.annotation.AnnotationIocLoader.addClass(AnnotationIocLoader.java:76) - Found @IocBean : class cn.wizzer.app.web.modules.controllers.platform.logistics.LogisticsSendgoodsController
[DEBUG] 2018-10-15 16:13:21,317 org.nutz.ioc.loader.annotation.AnnotationIocLoader.addClass(AnnotationIocLoader.java:76) - Found @IocBean : class cn.wizzer.app.web.modules.controllers.platform.logistics.LogisticsSendplanController
[DEBUG] 2018-10-15 16:13:21,318 org.nutz.ioc.loader.annotation.AnnotationIocLoader.addClass(AnnotationIocLoader.java:76) - Found @IocBean : class cn.wizzer.app.web.modules.controllers.platform.logistics.LogisticsSendtraceController
[DEBUG] 2018-10-15 16:13:21,318 org.nutz.ioc.loader.annotation.AnnotationIocLoader.addClass(AnnotationIocLoader.java:76) - Found @IocBean : class cn.wizzer.app.web.modules.controllers.platform.logistics.LogisticsUnplanController
[DEBUG] 2018-10-15 16:13:21,318 org.nutz.ioc.loader.annotation.AnnotationIocLoader.addClass(AnnotationIocLoader.java:76) - Found @IocBean : class cn.wizzer.app.web.modules.controllers.platform.sys.SysApiController
[DEBUG] 2018-10-15 16:13:21,318 org.nutz.ioc.loader.annotation.AnnotationIocLoader.addClass(AnnotationIocLoader.java:76) - Found @IocBean : class cn.wizzer.app.web.modules.controllers.platform.sys.SysBarcodeController
[DEBUG] 2018-10-15 16:13:21,318 org.nutz.ioc.loader.annotation.AnnotationIocLoader.addClass(AnnotationIocLoader.java:76) - Found @IocBean : class cn.wizzer.app.web.modules.controllers.platform.sys.SysConfController
[DEBUG] 2018-10-15 16:13:21,318 org.nutz.ioc.loader.annotation.AnnotationIocLoader.addClass(AnnotationIocLoader.java:76) - Found @IocBean : class cn.wizzer.app.web.modules.controllers.platform.sys.SysDictController
[DEBUG] 2018-10-15 16:13:21,318 org.nutz.ioc.loader.annotation.AnnotationIocLoader.addClass(AnnotationIocLoader.java:76) - Found @IocBean : class cn.wizzer.app.web.modules.controllers.platform.sys.SysHomeController
[DEBUG] 2018-10-15 16:13:21,319 org.nutz.ioc.loader.annotation.AnnotationIocLoader.addClass(AnnotationIocLoader.java:76) - Found @IocBean : class cn.wizzer.app.web.modules.controllers.platform.sys.SysLogController
[DEBUG] 2018-10-15 16:13:21,319 org.nutz.ioc.loader.annotation.AnnotationIocLoader.addClass(AnnotationIocLoader.java:76) - Found @IocBean : class cn.wizzer.app.web.modules.controllers.platform.sys.SysLoginController
[DEBUG] 2018-10-15 16:13:21,320 org.nutz.ioc.loader.annotation.AnnotationIocLoader.addClass(AnnotationIocLoader.java:76) - Found @IocBean : class cn.wizzer.app.web.modules.controllers.platform.sys.SysMenuController
[DEBUG] 2018-10-15 16:13:21,320 org.nutz.ioc.loader.annotation.AnnotationIocLoader.addClass(AnnotationIocLoader.java:76) - Found @IocBean : class cn.wizzer.app.web.modules.controllers.platform.sys.SysMobileController
[DEBUG] 2018-10-15 16:13:21,320 org.nutz.ioc.loader.annotation.AnnotationIocLoader.addClass(AnnotationIocLoader.java:76) - Found @IocBean : class cn.wizzer.app.web.modules.controllers.platform.sys.SysPluginController
[DEBUG] 2018-10-15 16:13:21,320 org.nutz.ioc.loader.annotation.AnnotationIocLoader.addClass(AnnotationIocLoader.java:76) - Found @IocBean : class cn.wizzer.app.web.modules.controllers.platform.sys.SysRegistauditController
[DEBUG] 2018-10-15 16:13:21,321 org.nutz.ioc.loader.annotation.AnnotationIocLoader.addClass(AnnotationIocLoader.java:76) - Found @IocBean : class cn.wizzer.app.web.modules.controllers.platform.sys.SysRoleController
[DEBUG] 2018-10-15 16:13:21,321 org.nutz.ioc.loader.annotation.AnnotationIocLoader.addClass(AnnotationIocLoader.java:76) - Found @IocBean : class cn.wizzer.app.web.modules.controllers.platform.sys.SysRouteController
[DEBUG] 2018-10-15 16:13:21,322 org.nutz.ioc.loader.annotation.AnnotationIocLoader.addClass(AnnotationIocLoader.java:76) - Found @IocBean : class cn.wizzer.app.web.modules.controllers.platform.sys.SysTaskController
[DEBUG] 2018-10-15 16:13:21,323 org.nutz.ioc.loader.annotation.AnnotationIocLoader.addClass(AnnotationIocLoader.java:76) - Found @IocBean : class cn.wizzer.app.web.modules.controllers.platform.sys.SysTempuserController
[DEBUG] 2018-10-15 16:13:21,325 org.nutz.ioc.loader.annotation.AnnotationIocLoader.addClass(AnnotationIocLoader.java:76) - Found @IocBean : class cn.wizzer.app.web.modules.controllers.platform.sys.SysUnitController
[DEBUG] 2018-10-15 16:13:21,326 org.nutz.ioc.loader.annotation.AnnotationIocLoader.addClass(AnnotationIocLoader.java:76) - Found @IocBean : class cn.wizzer.app.web.modules.controllers.platform.sys.SysUserController
[DEBUG] 2018-10-15 16:13:21,326 org.nutz.ioc.loader.annotation.AnnotationIocLoader.addClass(AnnotationIocLoader.java:76) - Found @IocBean : class cn.wizzer.app.web.modules.controllers.platform.sys.SysVersionController
[DEBUG] 2018-10-15 16:13:21,326 org.nutz.ioc.loader.annotation.AnnotationIocLoader.addClass(AnnotationIocLoader.java:76) - Found @IocBean : class cn.wizzer.app.web.modules.controllers.platform.sys.SysWxController
[DEBUG] 2018-10-15 16:13:21,327 org.nutz.ioc.loader.annotation.AnnotationIocLoader.addClass(AnnotationIocLoader.java:76) - Found @IocBean : class cn.wizzer.app.web.modules.controllers.platform.sys.SysWxDeptController
[DEBUG] 2018-10-15 16:13:21,327 org.nutz.ioc.loader.annotation.AnnotationIocLoader.addClass(AnnotationIocLoader.java:76) - Found @IocBean : class cn.wizzer.app.web.modules.controllers.platform.sys.SysWxUserController
[DEBUG] 2018-10-15 16:13:21,327 org.nutz.ioc.loader.annotation.AnnotationIocLoader.addClass(AnnotationIocLoader.java:76) - Found @IocBean : class cn.wizzer.app.web.modules.controllers.platform.wx.WxConfigController
[DEBUG] 2018-10-15 16:13:21,327 org.nutz.ioc.loader.annotation.AnnotationIocLoader.addClass(AnnotationIocLoader.java:76) - Found @IocBean : class cn.wizzer.app.web.modules.controllers.platform.wx.WxMassController
[DEBUG] 2018-10-15 16:13:21,327 org.nutz.ioc.loader.annotation.AnnotationIocLoader.addClass(AnnotationIocLoader.java:76) - Found @IocBean : class cn.wizzer.app.web.modules.controllers.platform.wx.WxMenuController
[DEBUG] 2018-10-15 16:13:21,328 org.nutz.ioc.loader.annotation.AnnotationIocLoader.addClass(AnnotationIocLoader.java:76) - Found @IocBean : class cn.wizzer.app.web.modules.controllers.platform.wx.WxMsgUserController
[DEBUG] 2018-10-15 16:13:21,328 org.nutz.ioc.loader.annotation.AnnotationIocLoader.addClass(AnnotationIocLoader.java:76) - Found @IocBean : class cn.wizzer.app.web.modules.controllers.platform.wx.WxPayTestController
[DEBUG] 2018-10-15 16:13:21,328 org.nutz.ioc.loader.annotation.AnnotationIocLoader.addClass(AnnotationIocLoader.java:76) - Found @IocBean : class cn.wizzer.app.web.modules.controllers.platform.wx.WxReplyController
[DEBUG] 2018-10-15 16:13:21,329 org.nutz.ioc.loader.annotation.AnnotationIocLoader.addClass(AnnotationIocLoader.java:76) - Found @IocBean : class cn.wizzer.app.web.modules.controllers.platform.wx.WxReplyNewsController
[DEBUG] 2018-10-15 16:13:21,330 org.nutz.ioc.loader.annotation.AnnotationIocLoader.addClass(AnnotationIocLoader.java:76) - Found @IocBean : class cn.wizzer.app.web.modules.controllers.platform.wx.WxReplyTxtController
[DEBUG] 2018-10-15 16:13:21,331 org.nutz.ioc.loader.annotation.AnnotationIocLoader.addClass(AnnotationIocLoader.java:76) - Found @IocBean : class cn.wizzer.app.web.modules.controllers.platform.wx.WxTplIdController
[DEBUG] 2018-10-15 16:13:21,331 org.nutz.ioc.loader.annotation.AnnotationIocLoader.addClass(AnnotationIocLoader.java:76) - Found @IocBean : class cn.wizzer.app.web.modules.controllers.platform.wx.WxTplListController
[DEBUG] 2018-10-15 16:13:21,331 org.nutz.ioc.loader.annotation.AnnotationIocLoader.addClass(AnnotationIocLoader.java:76) - Found @IocBean : class cn.wizzer.app.web.modules.controllers.platform.wx.WxTplLogController
[DEBUG] 2018-10-15 16:13:21,331 org.nutz.ioc.loader.annotation.AnnotationIocLoader.addClass(AnnotationIocLoader.java:76) - Found @IocBean : class cn.wizzer.app.web.modules.controllers.platform.wx.WxUserController
[DEBUG] 2018-10-15 16:13:21,331 org.nutz.ioc.loader.annotation.AnnotationIocLoader.addClass(AnnotationIocLoader.java:76) - Found @IocBean : class cn.wizzer.app.wx.modules.services.impl.WxConfigServiceImpl
[DEBUG] 2018-10-15 16:13:21,332 org.nutz.ioc.loader.annotation.AnnotationIocLoader.addClass(AnnotationIocLoader.java:76) - Found @IocBean : class cn.wizzer.app.wx.modules.services.impl.WxMassNewsServiceImpl
[DEBUG] 2018-10-15 16:13:21,332 org.nutz.ioc.loader.annotation.AnnotationIocLoader.addClass(AnnotationIocLoader.java:76) - Found @IocBean : class cn.wizzer.app.wx.modules.services.impl.WxMassSendServiceImpl
[DEBUG] 2018-10-15 16:13:21,334 org.nutz.ioc.loader.annotation.AnnotationIocLoader.addClass(AnnotationIocLoader.java:76) - Found @IocBean : class cn.wizzer.app.wx.modules.services.impl.WxMassServiceImpl
[DEBUG] 2018-10-15 16:13:21,335 org.nutz.ioc.loader.annotation.AnnotationIocLoader.addClass(AnnotationIocLoader.java:76) - Found @IocBean : class cn.wizzer.app.wx.modules.services.impl.WxMenuServiceImpl
[DEBUG] 2018-10-15 16:13:21,335 org.nutz.ioc.loader.annotation.AnnotationIocLoader.addClass(AnnotationIocLoader.java:76) - Found @IocBean : class cn.wizzer.app.wx.modules.services.impl.WxMsgReplyServiceImpl
[DEBUG] 2018-10-15 16:13:21,335 org.nutz.ioc.loader.annotation.AnnotationIocLoader.addClass(AnnotationIocLoader.java:76) - Found @IocBean : class cn.wizzer.app.wx.modules.services.impl.WxMsgServiceImpl
[DEBUG] 2018-10-15 16:13:21,336 org.nutz.ioc.loader.annotation.AnnotationIocLoader.addClass(AnnotationIocLoader.java:76) - Found @IocBean : class cn.wizzer.app.wx.modules.services.impl.WxReplyNewsServiceImpl
[DEBUG] 2018-10-15 16:13:21,336 org.nutz.ioc.loader.annotation.AnnotationIocLoader.addClass(AnnotationIocLoader.java:76) - Found @IocBean : class cn.wizzer.app.wx.modules.services.impl.WxReplyServiceImpl
[DEBUG] 2018-10-15 16:13:21,336 org.nutz.ioc.loader.annotation.AnnotationIocLoader.addClass(AnnotationIocLoader.java:76) - Found @IocBean : class cn.wizzer.app.wx.modules.services.impl.WxReplyTxtServiceImpl
[DEBUG] 2018-10-15 16:13:21,336 org.nutz.ioc.loader.annotation.AnnotationIocLoader.addClass(AnnotationIocLoader.java:76) - Found @IocBean : class cn.wizzer.app.wx.modules.services.impl.WxTplIdServiceImpl
[DEBUG] 2018-10-15 16:13:21,337 org.nutz.ioc.loader.annotation.AnnotationIocLoader.addClass(AnnotationIocLoader.java:76) - Found @IocBean : class cn.wizzer.app.wx.modules.services.impl.WxTplListServiceImpl
[DEBUG] 2018-10-15 16:13:21,337 org.nutz.ioc.loader.annotation.AnnotationIocLoader.addClass(AnnotationIocLoader.java:76) - Found @IocBean : class cn.wizzer.app.wx.modules.services.impl.WxTplLogServiceImpl
[DEBUG] 2018-10-15 16:13:21,337 org.nutz.ioc.loader.annotation.AnnotationIocLoader.addClass(AnnotationIocLoader.java:76) - Found @IocBean : class cn.wizzer.app.wx.modules.services.impl.WxUserServiceImpl
[DEBUG] 2018-10-15 16:13:21,338 org.nutz.ioc.loader.annotation.AnnotationIocLoader.addClass(AnnotationIocLoader.java:76) - Found @IocBean : class cn.wizzer.test.SimpleTest
[DEBUG] 2018-10-15 16:13:21,342 org.nutz.resource.Scans.scan(Scans.java:274) - Found 0 resource by src( org/nutz/apidoc/ ) , regex( ^.+[.]class$ )
[INFO ] 2018-10-15 16:13:21,343 org.nutz.ioc.loader.annotation.AnnotationIocLoader.<init>(AnnotationIocLoader.java:52) - Found 204 classes in 2 base-packages!
beans = ["wxTplListController", "uploadController", "wxReplyTxtServiceImpl", "logisticsSendplanController", "baseJobServiceImpl", "dateUtil", "qrcodeService", "logisticsSendgoodsServiceImpl", "logisticsOrderentryController", "insLockController", "baseRowofficeentryServiceImpl", "cmsChannelServiceImpl", "insBaseinsServiceImpl", "orderExecute", "cmsArticleController", "basePostController", "baseAirmeterialServiceImpl", "basePersonController", "logisticsOrderplanServiceImpl", "cmsLinkClassController", "basePostServiceImpl", "baseRowofficeServiceImpl", "baseJobController", "baseRowofficeController", "wxReplyController", "insRepairController", "sysConfigServiceImpl", "basePersonpoolController", "baseVehicleController", "wxMsgServiceImpl", "wxPayBackController", "logisticsUnplanController", "mobileInsController", "sysTaskController", "sysBarcodeController", "insTransmitController", "sysDictServiceImpl", "wxConfigServiceImpl", "baseAirportServiceImpl", "apiTestController", "sysMenuController", "cmsSiteServiceImpl", "mobileSysController", "cmsLinkController", "insCommonController", "logisticsOrderplanentryServiceImpl", "insInstrumentController", "sysRegistauditServiceImpl", "insLockServiceImpl", "insOrderController", "wechatController", "wxMsgUserController", "sysDictController", "sysWxUserController", "logisticsDeliveryorderentryController", "basePersonServiceImpl", "insOrderentryServiceImpl", "insRepairtrackController", "insInstrumentServiceImpl", "logisticsSendapprovalServiceImpl", "logisticsOrderdeliveryController", "wxTplListServiceImpl", "tplService", "sysPluginServiceImpl", "insRfheadController", "logisticsSendgoodsController", "mobileBaseController", "baseCnctobjServiceImpl", "nutShiroMethodInterceptor", "insCabinetServiceImpl", "basePlaceServiceImpl", "baseVehicleServiceImpl", "cmsLinkClassServiceImpl", "sysHomeController", "insRfheadServiceImpl", "sysMobileController", "wxMassServiceImpl", "logisticsOrderentryServiceImpl", "logisticsSendplanServiceImpl", "logisticsOrderrejectServiceImpl", "wxHandler", "cmsChannelController", "wxController", "rabbitProducer", "sysTaskServiceImpl", "sysVersionController", "shiroUtil", "wxReplyTxtController", "sysPluginController", "logisticsSendtraceController", "sysApiServiceImpl", "logisticsEntourageServiceImpl", "sLogService", "baseAirportController", "sysApiController", "wxTplIdController", "insSpaceServiceImpl", "logisticsOrderController", "sysTempuserController", "sysUserController", "platformAuthorizingRealm", "testJob", "$aop_1_plugin", "sysRegistauditController", "wxReplyNewsServiceImpl", "insTransmitServiceImpl", "sysLoginController", "wxTplLogServiceImpl", "sysUserServiceImpl", "sysRoleServiceImpl", "sysRouteController", "idcardUtil", "basePlaceController", "sysWxDeptController", "logisticsOrderplanentryController", "userpermissionController", "sysWxServiceImpl", "cmsController", "logisticsSendtraceServiceImpl", "insOrderentryController", "logisticsSendapprovalController", "wxMenuController", "insOrderServiceImpl", "weixinController", "code128Util", "insRepairServiceImpl", "logisticsOrderplanController", "wxMsgReplyServiceImpl", "logisticsOrderdeliveryServiceImpl", "cmsArticleServiceImpl", "baseCnctobjController", "baseCustomerController", "insBaseinsController", "insRfidServiceImpl", "cookieUtil", "baseRowofficeentryController", "logisticsOrderstepServiceImpl", "wxReplyServiceImpl", "bdController", "redisIdGenerator", "insBaseinsSpaceServiceImpl", "cmsSiteController", "logisticsDeliveryorderServiceImpl", "insCabinetController", "logisticsOrderServiceImpl", "sysWxDeptServiceImpl", "sysWxController", "mobileOrderController", "sysRoleController", "logisticsEntourageController", "insCommonServiceImpl", "sysUnitController", "padInsController", "wxMassSendServiceImpl", "logisticsDeliveryorderController", "rSAUtil", "wxConfigController", "stringUtil", "baseCustomerServiceImpl", "basePersonpoolServiceImpl", "insBaseinsSpaceController", "wxUserServiceImpl", "insSpaceController", "sysTempuserServiceImpl", "baseWarehouseServiceImpl", "insToolcabinetController", "sysWxUserServiceImpl", "dynamicInterceptor", "sysLogController", "wxMassController", "emailService", "baseWarehouseController", "insToolcabinetServiceImpl", "wxMenuServiceImpl", "wxReplyNewsController", "baseDeptServiceImpl", "sysRouteServiceImpl", "insRepairtrackServiceImpl", "wxMassNewsServiceImpl", "baseAirmeterialController", "sysMenuServiceImpl", "sysMobileServiceImpl", "simpleTest", "logisticsOrderstepController", "sysLogServiceImpl", "logisticsUnplanServiceImpl", "wxTplIdServiceImpl", "logisticsDeliveryorderentryServiceImpl", "$aop_syslog", "padSysController", "baseDeptController", "logisticsOrderrejectController", "padOrderController", "sysBarcodeServiceImpl", "wxTplLogController", "wxUserController", "wxPayTestController", "tokenController", "sysVersionServiceImpl", "cmsLinkServiceImpl", "sysUnitServiceImpl", "insRfidController", "sysConfController", "pluginMaster"]
[DEBUG] 2018-10-15 16:13:21,343 org.nutz.ioc.loader.combo.ComboIocLoader.createIocLoader(ComboIocLoader.java:110) - found jedis -- org.nutz.integration.jedis.JedisIocLoader
[DEBUG] 2018-10-15 16:13:21,346 org.nutz.resource.Scans.scan(Scans.java:274) - Found 1 resource by src( org/nutz/integration/jedis/jedis.js ) , regex( ^(.+[.])(js|json)$ )
[DEBUG] 2018-10-15 16:13:21,346 org.nutz.ioc.loader.json.JsonLoader.<init>(JsonLoader.java:49) - loading [org/nutz/integration/jedis/jedis.js]
[DEBUG] 2018-10-15 16:13:21,348 org.nutz.ioc.loader.json.JsonLoader.<init>(JsonLoader.java:57) - Loaded 9 bean define from path=[org/nutz/integration/jedis/jedis.js] --> [redisService, jedisCluster, jedisClusterNodes, jedisClusterWrapper, pubSubService, jedisPoolConfig, jedisPool, jedisAgent, redis]
[DEBUG] 2018-10-15 16:13:21,348 org.nutz.ioc.loader.json.JsonLoader.<init>(JsonLoader.java:40) - Loaded 5 bean define from reader --
[txREPEATABLE_READ, txSERIALIZABLE, txNONE, txREAD_UNCOMMITTED, txREAD_COMMITTED]
[DEBUG] 2018-10-15 16:13:21,352 org.nutz.ioc.loader.combo.ComboIocLoader.createIocLoader(ComboIocLoader.java:110) - found quartz -- org.nutz.integration.quartz.QuartzIocLoader
[DEBUG] 2018-10-15 16:13:21,352 org.nutz.ioc.loader.json.JsonLoader.<init>(JsonLoader.java:57) - Loaded 0 bean define from path=[] --> []
[DEBUG] 2018-10-15 16:13:21,354 org.nutz.ioc.aop.SimpleAopMaker.<init>(SimpleAopMaker.java:79) - Load AopConfigure for anno=org.nutz.aop.interceptor.async.Async by type=org.nutz.aop.interceptor.async.AsyncAopIocLoader
[DEBUG] 2018-10-15 16:13:21,356 org.nutz.ioc.loader.combo.ComboIocLoader.createIocLoader(ComboIocLoader.java:110) - found rabbitmq -- org.nutz.integration.rabbitmq.RabbitmqIocLoader
[DEBUG] 2018-10-15 16:13:21,359 org.nutz.resource.Scans.scan(Scans.java:274) - Found 1 resource by src( org/nutz/integration/rabbitmq/rabbitmq.js ) , regex( ^(.+[.])(js|json)$ )
[DEBUG] 2018-10-15 16:13:21,359 org.nutz.ioc.loader.json.JsonLoader.<init>(JsonLoader.java:49) - loading [org/nutz/integration/rabbitmq/rabbitmq.js]
[DEBUG] 2018-10-15 16:13:21,360 org.nutz.ioc.loader.json.JsonLoader.<init>(JsonLoader.java:57) - Loaded 2 bean define from path=[org/nutz/integration/rabbitmq/rabbitmq.js] --> [rabbitmq, rabbitmq_cf]
[INFO ] 2018-10-15 16:13:21,360 org.nutz.ioc.impl.NutIoc.<init>(NutIoc.java:98) - NutIoc init begin ...
[INFO ] 2018-10-15 16:13:21,360 org.nutz.ioc.impl.NutIoc.<init>(NutIoc.java:115) - ... NutIoc init complete
[DEBUG] 2018-10-15 16:13:21,360 org.nutz.ioc.impl.NutIoc.get(NutIoc.java:151) - Get 'conf'<class org.nutz.ioc.impl.PropertiesProxy>
[DEBUG] 2018-10-15 16:13:21,361 org.nutz.ioc.impl.NutIoc.get(NutIoc.java:151) - Get '$aop_1_plugin'<interface org.nutz.ioc.aop.config.AopConfigration>
[DEBUG] 2018-10-15 16:13:21,361 org.nutz.ioc.impl.NutIoc.get(NutIoc.java:177) - 	 >> Load definition name=$aop_1_plugin
[DEBUG] 2018-10-15 16:13:21,361 org.nutz.ioc.loader.combo.ComboIocLoader.load(ComboIocLoader.java:161) - Found IocObject($aop_1_plugin) in AnnotationIocLoader(packages=[cn.wizzer, org.nutz.apidoc])
[DEBUG] 2018-10-15 16:13:21,361 org.nutz.ioc.impl.NutIoc.get(NutIoc.java:209) - 	 >> Make...'$aop_1_plugin'<interface org.nutz.ioc.aop.config.AopConfigration>
[DEBUG] 2018-10-15 16:13:21,361 org.nutz.ioc.impl.ScopeContext.save(ScopeContext.java:64) - Save object '$aop_1_plugin' to [app] 
[DEBUG] 2018-10-15 16:13:21,361 org.nutz.ioc.impl.NutIoc.get(NutIoc.java:151) - Get 'dynamicInterceptor'<class cn.wizzer.app.web.commons.plugin.DynamicInterceptor>
[DEBUG] 2018-10-15 16:13:21,361 org.nutz.ioc.impl.NutIoc.get(NutIoc.java:177) - 	 >> Load definition name=dynamicInterceptor
[DEBUG] 2018-10-15 16:13:21,362 org.nutz.ioc.loader.combo.ComboIocLoader.load(ComboIocLoader.java:161) - Found IocObject(dynamicInterceptor) in AnnotationIocLoader(packages=[cn.wizzer, org.nutz.apidoc])
[DEBUG] 2018-10-15 16:13:21,362 org.nutz.ioc.impl.NutIoc.get(NutIoc.java:209) - 	 >> Make...'dynamicInterceptor'<class cn.wizzer.app.web.commons.plugin.DynamicInterceptor>
[DEBUG] 2018-10-15 16:13:21,362 org.nutz.ioc.impl.ScopeContext.save(ScopeContext.java:64) - Save object 'dynamicInterceptor' to [app] 
[DEBUG] 2018-10-15 16:13:21,362 org.nutz.ioc.impl.NutIoc.get(NutIoc.java:151) - Get '$aop_async'<interface org.nutz.ioc.aop.config.AopConfigration>
[DEBUG] 2018-10-15 16:13:21,362 org.nutz.ioc.impl.NutIoc.get(NutIoc.java:177) - 	 >> Load definition name=$aop_async
[DEBUG] 2018-10-15 16:13:21,362 org.nutz.ioc.loader.combo.ComboIocLoader.load(ComboIocLoader.java:161) - Found IocObject($aop_async) in AsyncAopIocLoader@2031951755
[DEBUG] 2018-10-15 16:13:21,362 org.nutz.ioc.impl.NutIoc.get(NutIoc.java:209) - 	 >> Make...'$aop_async'<interface org.nutz.ioc.aop.config.AopConfigration>
[DEBUG] 2018-10-15 16:13:21,363 org.nutz.ioc.impl.ScopeContext.save(ScopeContext.java:64) - Save object '$aop_async' to [app] 
[DEBUG] 2018-10-15 16:13:21,363 org.nutz.ioc.impl.NutIoc.get(NutIoc.java:151) - Get '$aop_syslog'<interface org.nutz.ioc.aop.config.AopConfigration>
[DEBUG] 2018-10-15 16:13:21,363 org.nutz.ioc.impl.NutIoc.get(NutIoc.java:177) - 	 >> Load definition name=$aop_syslog
[DEBUG] 2018-10-15 16:13:21,363 org.nutz.ioc.loader.combo.ComboIocLoader.load(ComboIocLoader.java:161) - Found IocObject($aop_syslog) in AnnotationIocLoader(packages=[cn.wizzer, org.nutz.apidoc])
[DEBUG] 2018-10-15 16:13:21,363 org.nutz.ioc.impl.NutIoc.get(NutIoc.java:209) - 	 >> Make...'$aop_syslog'<interface org.nutz.ioc.aop.config.AopConfigration>
[DEBUG] 2018-10-15 16:13:21,363 org.nutz.ioc.impl.ScopeContext.save(ScopeContext.java:64) - Save object '$aop_syslog' to [app] 
[DEBUG] 2018-10-15 16:13:21,363 org.nutz.ioc.aop.SimpleAopMaker.<init>(SimpleAopMaker.java:79) - Load AopConfigure for anno=cn.wizzer.app.web.commons.slog.annotation.SLog by type=cn.wizzer.app.web.commons.slog.SLogAopConfigration
[DEBUG] 2018-10-15 16:13:21,364 org.nutz.ioc.aop.SimpleAopMaker.<init>(SimpleAopMaker.java:79) - Load AopConfigure for anno=org.nutz.ioc.aop.Aop by type=org.nutz.ioc.aop.config.impl.AnnotationAopConfigration
[DEBUG] 2018-10-15 16:13:21,364 org.nutz.ioc.impl.NutIoc.get(NutIoc.java:177) - 	 >> Load definition name=conf
[DEBUG] 2018-10-15 16:13:21,364 org.nutz.ioc.loader.map.MapLoader.load(MapLoader.java:67) - Loading define for name=conf
[DEBUG] 2018-10-15 16:13:21,364 org.nutz.ioc.loader.combo.ComboIocLoader.load(ComboIocLoader.java:161) - Found IocObject(conf) in JsonLoader(paths=[config/ioc/])
[DEBUG] 2018-10-15 16:13:21,364 org.nutz.ioc.impl.NutIoc.get(NutIoc.java:209) - 	 >> Make...'conf'<class org.nutz.ioc.impl.PropertiesProxy>
[DEBUG] 2018-10-15 16:13:21,364 cn.wizzer.app.web.commons.plugin.PluginAopConfigure.getInterceptorPairList(PluginAopConfigure.java:33) - skip -- org.nutz.ioc.impl.PropertiesProxy
[DEBUG] 2018-10-15 16:13:21,365 org.nutz.ioc.aop.impl.DefaultMirrorFactory.getMirror(DefaultMirrorFactory.java:70) - Load class org.nutz.ioc.impl.PropertiesProxy without AOP
[DEBUG] 2018-10-15 16:13:21,365 org.nutz.ioc.impl.ScopeContext.save(ScopeContext.java:64) - Save object 'conf' to [app] 
[DEBUG] 2018-10-15 16:13:21,368 org.nutz.resource.Scans.scan(Scans.java:274) - Found 4 resource by src( config/custom/ ) , regex( ^.+[.]properties$ )
[DEBUG] 2018-10-15 16:13:21,368 org.nutz.ioc.impl.PropertiesProxy.setPaths(PropertiesProxy.java:113) - load properties from File[C:\Users\Administrator\IdeaProjects\XA-Instrument\wk-app\wk-web\target\classes\config\custom\db.properties]
[DEBUG] 2018-10-15 16:13:21,369 org.nutz.ioc.impl.PropertiesProxy.setPaths(PropertiesProxy.java:113) - load properties from File[C:\Users\Administrator\IdeaProjects\XA-Instrument\wk-app\wk-web\target\classes\config\custom\mail.properties]
[DEBUG] 2018-10-15 16:13:21,370 org.nutz.ioc.impl.PropertiesProxy.setPaths(PropertiesProxy.java:113) - load properties from File[C:\Users\Administrator\IdeaProjects\XA-Instrument\wk-app\wk-web\target\classes\config\custom\rabbit.properties]
[DEBUG] 2018-10-15 16:13:21,370 org.nutz.ioc.impl.PropertiesProxy.setPaths(PropertiesProxy.java:113) - load properties from File[C:\Users\Administrator\IdeaProjects\XA-Instrument\wk-app\wk-web\target\classes\config\custom\redis.properties]
[DEBUG] 2018-10-15 16:13:21,371 org.nutz.ioc.impl.NutIoc.get(NutIoc.java:151) - Get 'simpleTest'<class cn.wizzer.test.SimpleTest>
[DEBUG] 2018-10-15 16:13:21,371 org.nutz.ioc.impl.NutIoc.get(NutIoc.java:177) - 	 >> Load definition name=simpleTest
[DEBUG] 2018-10-15 16:13:21,371 org.nutz.ioc.loader.combo.ComboIocLoader.load(ComboIocLoader.java:161) - Found IocObject(simpleTest) in AnnotationIocLoader(packages=[cn.wizzer, org.nutz.apidoc])
[DEBUG] 2018-10-15 16:13:21,371 org.nutz.ioc.impl.NutIoc.get(NutIoc.java:209) - 	 >> Make...'simpleTest'<class cn.wizzer.test.SimpleTest>
[DEBUG] 2018-10-15 16:13:21,371 cn.wizzer.app.web.commons.plugin.PluginAopConfigure.getInterceptorPairList(PluginAopConfigure.java:33) - skip -- cn.wizzer.test.SimpleTest
[DEBUG] 2018-10-15 16:13:21,371 org.nutz.ioc.aop.impl.DefaultMirrorFactory.getMirror(DefaultMirrorFactory.java:70) - Load class cn.wizzer.test.SimpleTest without AOP
[DEBUG] 2018-10-15 16:13:21,371 org.nutz.ioc.impl.ScopeContext.save(ScopeContext.java:64) - Save object 'simpleTest' to [app] 
[DEBUG] 2018-10-15 16:13:21,377 org.nutz.ioc.impl.NutIoc.get(NutIoc.java:151) - Get 'dao'<interface org.nutz.dao.Dao>
[DEBUG] 2018-10-15 16:13:21,377 org.nutz.ioc.impl.NutIoc.get(NutIoc.java:177) - 	 >> Load definition name=dao
[DEBUG] 2018-10-15 16:13:21,377 org.nutz.ioc.loader.map.MapLoader.load(MapLoader.java:67) - Loading define for name=dao
[DEBUG] 2018-10-15 16:13:21,377 org.nutz.ioc.loader.combo.ComboIocLoader.load(ComboIocLoader.java:161) - Found IocObject(dao) in JsonLoader(paths=[config/ioc/])
[DEBUG] 2018-10-15 16:13:21,377 org.nutz.ioc.impl.NutIoc.get(NutIoc.java:209) - 	 >> Make...'dao'<interface org.nutz.dao.Dao>
[DEBUG] 2018-10-15 16:13:21,377 cn.wizzer.app.web.commons.plugin.PluginAopConfigure.getInterceptorPairList(PluginAopConfigure.java:33) - skip -- org.nutz.dao.impl.NutDao
[DEBUG] 2018-10-15 16:13:21,378 org.nutz.ioc.aop.impl.DefaultMirrorFactory.getMirror(DefaultMirrorFactory.java:70) - Load class org.nutz.dao.impl.NutDao without AOP
[DEBUG] 2018-10-15 16:13:21,378 org.nutz.ioc.impl.ScopeContext.save(ScopeContext.java:64) - Save object 'dao' to [app] 
[DEBUG] 2018-10-15 16:13:21,378 org.nutz.ioc.impl.NutIoc.get(NutIoc.java:151) - Get 'dataSource'<>
[DEBUG] 2018-10-15 16:13:21,379 org.nutz.ioc.impl.NutIoc.get(NutIoc.java:177) - 	 >> Load definition name=dataSource
[DEBUG] 2018-10-15 16:13:21,379 org.nutz.ioc.loader.map.MapLoader.load(MapLoader.java:67) - Loading define for name=dataSource
[DEBUG] 2018-10-15 16:13:21,379 org.nutz.ioc.loader.combo.ComboIocLoader.load(ComboIocLoader.java:161) - Found IocObject(dataSource) in JsonLoader(paths=[config/ioc/])
[DEBUG] 2018-10-15 16:13:21,380 org.nutz.ioc.impl.NutIoc.get(NutIoc.java:209) - 	 >> Make...'dataSource'<>
[DEBUG] 2018-10-15 16:13:21,380 cn.wizzer.app.web.commons.plugin.PluginAopConfigure.getInterceptorPairList(PluginAopConfigure.java:33) - skip -- com.alibaba.druid.pool.DruidDataSource
[DEBUG] 2018-10-15 16:13:21,380 org.nutz.ioc.aop.impl.DefaultMirrorFactory.getMirror(DefaultMirrorFactory.java:70) - Load class com.alibaba.druid.pool.DruidDataSource without AOP
[DEBUG] 2018-10-15 16:13:21,380 org.nutz.ioc.impl.ScopeContext.save(ScopeContext.java:64) - Save object 'dataSource' to [app] 
[DEBUG] 2018-10-15 16:13:21,381 org.nutz.ioc.impl.NutIoc.get(NutIoc.java:151) - Get 'conf'<>
[DEBUG] 2018-10-15 16:13:21,383 org.nutz.ioc.impl.ScopeContext.remove(ScopeContext.java:84) - Remove object 'dataSource' from [app] 
[DEBUG] 2018-10-15 16:13:21,383 org.nutz.ioc.impl.ScopeContext.remove(ScopeContext.java:84) - Remove object 'dao' from [app] 
[DEBUG] 2018-10-15 16:13:21,383 org.nutz.ioc.impl.ScopeContext.remove(ScopeContext.java:84) - Remove object 'simpleTest' from [app] 
]]></system-out>
  </testcase>
  <testcase name="testOrder18" classname="cn.wizzer.test.SimpleTest" time="0">
    <error message="IocBean[simpleTest] throw Exception when creating" type="org.nutz.ioc.IocException">org.nutz.ioc.IocException: IocBean[simpleTest] throw Exception when creating
Caused by: java.lang.RuntimeException: IocBean[simpleTest] fail at field=[dao]
Caused by: org.nutz.ioc.IocException: IocBean[dao -> dataSource] throw Exception when creating
Caused by: java.lang.IllegalArgumentException: Failed to decrypt.
Caused by: java.lang.IllegalArgumentException: String length must be a multiple of four.
</error>
    <system-out><![CDATA[[INFO ] 2018-10-15 16:13:21,384 org.nutz.ioc.impl.NutIoc.depose(NutIoc.java:255) - org.nutz.ioc.impl.NutIoc@605420629 is closing. startup date [18-10-15 16:13:21.360]
[DEBUG] 2018-10-15 16:13:21,384 org.nutz.ioc.impl.ScopeContext.clear(ScopeContext.java:108) - Depose object 'conf' ...
[DEBUG] 2018-10-15 16:13:21,384 org.nutz.ioc.impl.ScopeContext.clear(ScopeContext.java:108) - Depose object '$aop_syslog' ...
[DEBUG] 2018-10-15 16:13:21,384 org.nutz.ioc.impl.ScopeContext.clear(ScopeContext.java:108) - Depose object '$aop_async' ...
[DEBUG] 2018-10-15 16:13:21,385 org.nutz.ioc.impl.ScopeContext.clear(ScopeContext.java:108) - Depose object 'dynamicInterceptor' ...
[DEBUG] 2018-10-15 16:13:21,385 org.nutz.ioc.impl.ScopeContext.clear(ScopeContext.java:108) - Depose object '$aop_1_plugin' ...
[INFO ] 2018-10-15 16:13:21,385 org.nutz.ioc.impl.NutIoc.depose(NutIoc.java:262) - org.nutz.ioc.impl.NutIoc@605420629 is deposed. startup date [18-10-15 16:13:21.360]
[DEBUG] 2018-10-15 16:13:21,388 org.nutz.resource.Scans.scan(Scans.java:274) - Found 4 resource by src( config/ioc/ ) , regex( ^(.+[.])(js|json)$ )
[DEBUG] 2018-10-15 16:13:21,389 org.nutz.ioc.loader.json.JsonLoader.<init>(JsonLoader.java:49) - loading [dao.json]
[DEBUG] 2018-10-15 16:13:21,389 org.nutz.ioc.loader.json.JsonLoader.<init>(JsonLoader.java:49) - loading [ehcache.json]
[DEBUG] 2018-10-15 16:13:21,390 org.nutz.ioc.loader.json.JsonLoader.<init>(JsonLoader.java:49) - loading [mail.json]
[DEBUG] 2018-10-15 16:13:21,391 org.nutz.ioc.loader.json.JsonLoader.<init>(JsonLoader.java:49) - loading [upload.json]
[DEBUG] 2018-10-15 16:13:21,391 org.nutz.ioc.loader.json.JsonLoader.<init>(JsonLoader.java:57) - Loaded 15 bean define from path=[config/ioc/] --> [videoUpload, conf, uploadVideoContext, imageUpload, fileUpload, cacheManager, dao, cacheProvider, emailAuthenticator, uploadFileContext, htmlEmail, cacheExecutor, tmpFilePool, uploadImageContext, dataSource]
[DEBUG] 2018-10-15 16:13:21,639 org.nutz.resource.Scans.scan(Scans.java:274) - Found 452 resource by src( cn/wizzer/ ) , regex( ^.+[.]class$ )
[DEBUG] 2018-10-15 16:13:21,642 org.nutz.ioc.loader.annotation.AnnotationIocLoader.addClass(AnnotationIocLoader.java:76) - Found @IocBean : class cn.wizzer.framework.util.StringUtil
[DEBUG] 2018-10-15 16:13:21,642 org.nutz.ioc.loader.annotation.AnnotationIocLoader.addClass(AnnotationIocLoader.java:76) - Found @IocBean : class cn.wizzer.framework.util.CookieUtil
[DEBUG] 2018-10-15 16:13:21,643 org.nutz.ioc.loader.annotation.AnnotationIocLoader.addClass(AnnotationIocLoader.java:76) - Found @IocBean : class cn.wizzer.framework.ig.RedisIdGenerator
[DEBUG] 2018-10-15 16:13:21,643 org.nutz.ioc.loader.annotation.AnnotationIocLoader.addClass(AnnotationIocLoader.java:76) - Found @IocBean : class cn.wizzer.framework.util.DateUtil
[DEBUG] 2018-10-15 16:13:21,643 org.nutz.ioc.loader.annotation.AnnotationIocLoader.addClass(AnnotationIocLoader.java:76) - Found @IocBean : class cn.wizzer.framework.shiro.interceptor.NutShiroMethodInterceptor
[DEBUG] 2018-10-15 16:13:21,643 org.nutz.ioc.loader.annotation.AnnotationIocLoader.addClass(AnnotationIocLoader.java:76) - Found @IocBean : class cn.wizzer.framework.util.IdcardUtil
[DEBUG] 2018-10-15 16:13:21,643 org.nutz.ioc.loader.annotation.AnnotationIocLoader.addClass(AnnotationIocLoader.java:76) - Found @IocBean : class cn.wizzer.framework.rabbit.RabbitProducer
[DEBUG] 2018-10-15 16:13:21,643 org.nutz.ioc.loader.annotation.AnnotationIocLoader.addClass(AnnotationIocLoader.java:76) - Found @IocBean : class cn.wizzer.framework.util.RSAUtil
[DEBUG] 2018-10-15 16:13:21,643 org.nutz.ioc.loader.annotation.AnnotationIocLoader.addClass(AnnotationIocLoader.java:76) - Found @IocBean : class cn.wizzer.framework.util.ShiroUtil
[DEBUG] 2018-10-15 16:13:21,643 org.nutz.ioc.loader.annotation.AnnotationIocLoader.addClass(AnnotationIocLoader.java:76) - Found @IocBean : class cn.wizzer.framework.util.Code128Util
[DEBUG] 2018-10-15 16:13:21,644 org.nutz.ioc.loader.annotation.AnnotationIocLoader.addClass(AnnotationIocLoader.java:76) - Found @IocBean : class cn.wizzer.app.base.modules.services.impl.BaseAirmeterialServiceImpl
[DEBUG] 2018-10-15 16:13:21,644 org.nutz.ioc.loader.annotation.AnnotationIocLoader.addClass(AnnotationIocLoader.java:76) - Found @IocBean : class cn.wizzer.app.base.modules.services.impl.BaseAirportServiceImpl
[DEBUG] 2018-10-15 16:13:21,644 org.nutz.ioc.loader.annotation.AnnotationIocLoader.addClass(AnnotationIocLoader.java:76) - Found @IocBean : class cn.wizzer.app.base.modules.services.impl.BaseCnctobjServiceImpl
[DEBUG] 2018-10-15 16:13:21,644 org.nutz.ioc.loader.annotation.AnnotationIocLoader.addClass(AnnotationIocLoader.java:76) - Found @IocBean : class cn.wizzer.app.base.modules.services.impl.BaseCustomerServiceImpl
[DEBUG] 2018-10-15 16:13:21,644 org.nutz.ioc.loader.annotation.AnnotationIocLoader.addClass(AnnotationIocLoader.java:76) - Found @IocBean : class cn.wizzer.app.base.modules.services.impl.BaseDeptServiceImpl
[DEBUG] 2018-10-15 16:13:21,644 org.nutz.ioc.loader.annotation.AnnotationIocLoader.addClass(AnnotationIocLoader.java:76) - Found @IocBean : class cn.wizzer.app.base.modules.services.impl.BaseJobServiceImpl
[DEBUG] 2018-10-15 16:13:21,645 org.nutz.ioc.loader.annotation.AnnotationIocLoader.addClass(AnnotationIocLoader.java:76) - Found @IocBean : class cn.wizzer.app.base.modules.services.impl.BasePersonpoolServiceImpl
[DEBUG] 2018-10-15 16:13:21,645 org.nutz.ioc.loader.annotation.AnnotationIocLoader.addClass(AnnotationIocLoader.java:76) - Found @IocBean : class cn.wizzer.app.base.modules.services.impl.BasePersonServiceImpl
[DEBUG] 2018-10-15 16:13:21,645 org.nutz.ioc.loader.annotation.AnnotationIocLoader.addClass(AnnotationIocLoader.java:76) - Found @IocBean : class cn.wizzer.app.base.modules.services.impl.BasePlaceServiceImpl
[DEBUG] 2018-10-15 16:13:21,645 org.nutz.ioc.loader.annotation.AnnotationIocLoader.addClass(AnnotationIocLoader.java:76) - Found @IocBean : class cn.wizzer.app.base.modules.services.impl.BasePostServiceImpl
[DEBUG] 2018-10-15 16:13:21,646 org.nutz.ioc.loader.annotation.AnnotationIocLoader.addClass(AnnotationIocLoader.java:76) - Found @IocBean : class cn.wizzer.app.base.modules.services.impl.BaseRowofficeentryServiceImpl
[DEBUG] 2018-10-15 16:13:21,646 org.nutz.ioc.loader.annotation.AnnotationIocLoader.addClass(AnnotationIocLoader.java:76) - Found @IocBean : class cn.wizzer.app.base.modules.services.impl.BaseRowofficeServiceImpl
[DEBUG] 2018-10-15 16:13:21,646 org.nutz.ioc.loader.annotation.AnnotationIocLoader.addClass(AnnotationIocLoader.java:76) - Found @IocBean : class cn.wizzer.app.base.modules.services.impl.BaseVehicleServiceImpl
[DEBUG] 2018-10-15 16:13:21,646 org.nutz.ioc.loader.annotation.AnnotationIocLoader.addClass(AnnotationIocLoader.java:76) - Found @IocBean : class cn.wizzer.app.base.modules.services.impl.BaseWarehouseServiceImpl
[DEBUG] 2018-10-15 16:13:21,646 org.nutz.ioc.loader.annotation.AnnotationIocLoader.addClass(AnnotationIocLoader.java:76) - Found @IocBean : class cn.wizzer.app.cms.modules.services.impl.CmsArticleServiceImpl
[DEBUG] 2018-10-15 16:13:21,646 org.nutz.ioc.loader.annotation.AnnotationIocLoader.addClass(AnnotationIocLoader.java:76) - Found @IocBean : class cn.wizzer.app.cms.modules.services.impl.CmsChannelServiceImpl
[DEBUG] 2018-10-15 16:13:21,647 org.nutz.ioc.loader.annotation.AnnotationIocLoader.addClass(AnnotationIocLoader.java:76) - Found @IocBean : class cn.wizzer.app.cms.modules.services.impl.CmsLinkClassServiceImpl
[DEBUG] 2018-10-15 16:13:21,647 org.nutz.ioc.loader.annotation.AnnotationIocLoader.addClass(AnnotationIocLoader.java:76) - Found @IocBean : class cn.wizzer.app.cms.modules.services.impl.CmsLinkServiceImpl
[DEBUG] 2018-10-15 16:13:21,647 org.nutz.ioc.loader.annotation.AnnotationIocLoader.addClass(AnnotationIocLoader.java:76) - Found @IocBean : class cn.wizzer.app.cms.modules.services.impl.CmsSiteServiceImpl
[DEBUG] 2018-10-15 16:13:21,647 org.nutz.ioc.loader.annotation.AnnotationIocLoader.addClass(AnnotationIocLoader.java:76) - Found @IocBean : class cn.wizzer.app.ins.modules.services.impl.InsBaseinsServiceImpl
[DEBUG] 2018-10-15 16:13:21,647 org.nutz.ioc.loader.annotation.AnnotationIocLoader.addClass(AnnotationIocLoader.java:76) - Found @IocBean : class cn.wizzer.app.ins.modules.services.impl.InsBaseinsSpaceServiceImpl
[DEBUG] 2018-10-15 16:13:21,647 org.nutz.ioc.loader.annotation.AnnotationIocLoader.addClass(AnnotationIocLoader.java:76) - Found @IocBean : class cn.wizzer.app.ins.modules.services.impl.InsCabinetServiceImpl
[DEBUG] 2018-10-15 16:13:21,647 org.nutz.ioc.loader.annotation.AnnotationIocLoader.addClass(AnnotationIocLoader.java:76) - Found @IocBean : class cn.wizzer.app.ins.modules.services.impl.InsCommonServiceImpl
[DEBUG] 2018-10-15 16:13:21,648 org.nutz.ioc.loader.annotation.AnnotationIocLoader.addClass(AnnotationIocLoader.java:76) - Found @IocBean : class cn.wizzer.app.ins.modules.services.impl.InsInstrumentServiceImpl
[DEBUG] 2018-10-15 16:13:21,648 org.nutz.ioc.loader.annotation.AnnotationIocLoader.addClass(AnnotationIocLoader.java:76) - Found @IocBean : class cn.wizzer.app.ins.modules.services.impl.InsLockServiceImpl
[DEBUG] 2018-10-15 16:13:21,648 org.nutz.ioc.loader.annotation.AnnotationIocLoader.addClass(AnnotationIocLoader.java:76) - Found @IocBean : class cn.wizzer.app.ins.modules.services.impl.InsOrderentryServiceImpl
[DEBUG] 2018-10-15 16:13:21,648 org.nutz.ioc.loader.annotation.AnnotationIocLoader.addClass(AnnotationIocLoader.java:76) - Found @IocBean : class cn.wizzer.app.ins.modules.services.impl.InsOrderServiceImpl
[DEBUG] 2018-10-15 16:13:21,648 org.nutz.ioc.loader.annotation.AnnotationIocLoader.addClass(AnnotationIocLoader.java:76) - Found @IocBean : class cn.wizzer.app.ins.modules.services.impl.InsRepairServiceImpl
[DEBUG] 2018-10-15 16:13:21,648 org.nutz.ioc.loader.annotation.AnnotationIocLoader.addClass(AnnotationIocLoader.java:76) - Found @IocBean : class cn.wizzer.app.ins.modules.services.impl.InsRepairtrackServiceImpl
[DEBUG] 2018-10-15 16:13:21,649 org.nutz.ioc.loader.annotation.AnnotationIocLoader.addClass(AnnotationIocLoader.java:76) - Found @IocBean : class cn.wizzer.app.ins.modules.services.impl.InsRfheadServiceImpl
[DEBUG] 2018-10-15 16:13:21,649 org.nutz.ioc.loader.annotation.AnnotationIocLoader.addClass(AnnotationIocLoader.java:76) - Found @IocBean : class cn.wizzer.app.ins.modules.services.impl.InsRfidServiceImpl
[DEBUG] 2018-10-15 16:13:21,649 org.nutz.ioc.loader.annotation.AnnotationIocLoader.addClass(AnnotationIocLoader.java:76) - Found @IocBean : class cn.wizzer.app.ins.modules.services.impl.InsSpaceServiceImpl
[DEBUG] 2018-10-15 16:13:21,649 org.nutz.ioc.loader.annotation.AnnotationIocLoader.addClass(AnnotationIocLoader.java:76) - Found @IocBean : class cn.wizzer.app.ins.modules.services.impl.InsToolcabinetServiceImpl
[DEBUG] 2018-10-15 16:13:21,649 org.nutz.ioc.loader.annotation.AnnotationIocLoader.addClass(AnnotationIocLoader.java:76) - Found @IocBean : class cn.wizzer.app.ins.modules.services.impl.InsTransmitServiceImpl
[DEBUG] 2018-10-15 16:13:21,649 org.nutz.ioc.loader.annotation.AnnotationIocLoader.addClass(AnnotationIocLoader.java:76) - Found @IocBean : class cn.wizzer.app.logistics.modules.services.impl.LogisticsDeliveryorderentryServiceImpl
[DEBUG] 2018-10-15 16:13:21,650 org.nutz.ioc.loader.annotation.AnnotationIocLoader.addClass(AnnotationIocLoader.java:76) - Found @IocBean : class cn.wizzer.app.logistics.modules.services.impl.LogisticsDeliveryorderServiceImpl
[DEBUG] 2018-10-15 16:13:21,650 org.nutz.ioc.loader.annotation.AnnotationIocLoader.addClass(AnnotationIocLoader.java:76) - Found @IocBean : class cn.wizzer.app.logistics.modules.services.impl.LogisticsEntourageServiceImpl
[DEBUG] 2018-10-15 16:13:21,650 org.nutz.ioc.loader.annotation.AnnotationIocLoader.addClass(AnnotationIocLoader.java:76) - Found @IocBean : class cn.wizzer.app.logistics.modules.services.impl.LogisticsOrderdeliveryServiceImpl
[DEBUG] 2018-10-15 16:13:21,650 org.nutz.ioc.loader.annotation.AnnotationIocLoader.addClass(AnnotationIocLoader.java:76) - Found @IocBean : class cn.wizzer.app.logistics.modules.services.impl.LogisticsOrderentryServiceImpl
[DEBUG] 2018-10-15 16:13:21,650 org.nutz.ioc.loader.annotation.AnnotationIocLoader.addClass(AnnotationIocLoader.java:76) - Found @IocBean : class cn.wizzer.app.logistics.modules.services.impl.LogisticsOrderplanentryServiceImpl
[DEBUG] 2018-10-15 16:13:21,661 org.nutz.ioc.loader.annotation.AnnotationIocLoader.addClass(AnnotationIocLoader.java:76) - Found @IocBean : class cn.wizzer.app.logistics.modules.services.impl.LogisticsOrderplanServiceImpl
[DEBUG] 2018-10-15 16:13:21,662 org.nutz.ioc.loader.annotation.AnnotationIocLoader.addClass(AnnotationIocLoader.java:76) - Found @IocBean : class cn.wizzer.app.logistics.modules.services.impl.LogisticsOrderrejectServiceImpl
[DEBUG] 2018-10-15 16:13:21,663 org.nutz.ioc.loader.annotation.AnnotationIocLoader.addClass(AnnotationIocLoader.java:76) - Found @IocBean : class cn.wizzer.app.logistics.modules.services.impl.LogisticsOrderServiceImpl
[DEBUG] 2018-10-15 16:13:21,663 org.nutz.ioc.loader.annotation.AnnotationIocLoader.addClass(AnnotationIocLoader.java:76) - Found @IocBean : class cn.wizzer.app.logistics.modules.services.impl.LogisticsOrderstepServiceImpl
[DEBUG] 2018-10-15 16:13:21,663 org.nutz.ioc.loader.annotation.AnnotationIocLoader.addClass(AnnotationIocLoader.java:76) - Found @IocBean : class cn.wizzer.app.logistics.modules.services.impl.LogisticsSendapprovalServiceImpl
[DEBUG] 2018-10-15 16:13:21,663 org.nutz.ioc.loader.annotation.AnnotationIocLoader.addClass(AnnotationIocLoader.java:76) - Found @IocBean : class cn.wizzer.app.logistics.modules.services.impl.LogisticsSendgoodsServiceImpl
[DEBUG] 2018-10-15 16:13:21,664 org.nutz.ioc.loader.annotation.AnnotationIocLoader.addClass(AnnotationIocLoader.java:76) - Found @IocBean : class cn.wizzer.app.logistics.modules.services.impl.LogisticsSendplanServiceImpl
[DEBUG] 2018-10-15 16:13:21,664 org.nutz.ioc.loader.annotation.AnnotationIocLoader.addClass(AnnotationIocLoader.java:76) - Found @IocBean : class cn.wizzer.app.logistics.modules.services.impl.LogisticsSendtraceServiceImpl
[DEBUG] 2018-10-15 16:13:21,664 org.nutz.ioc.loader.annotation.AnnotationIocLoader.addClass(AnnotationIocLoader.java:76) - Found @IocBean : class cn.wizzer.app.logistics.modules.services.impl.LogisticsUnplanServiceImpl
[DEBUG] 2018-10-15 16:13:21,664 org.nutz.ioc.loader.annotation.AnnotationIocLoader.addClass(AnnotationIocLoader.java:76) - Found @IocBean : class cn.wizzer.app.sys.modules.services.impl.SysApiServiceImpl
[DEBUG] 2018-10-15 16:13:21,664 org.nutz.ioc.loader.annotation.AnnotationIocLoader.addClass(AnnotationIocLoader.java:76) - Found @IocBean : class cn.wizzer.app.sys.modules.services.impl.SysBarcodeServiceImpl
[DEBUG] 2018-10-15 16:13:21,664 org.nutz.ioc.loader.annotation.AnnotationIocLoader.addClass(AnnotationIocLoader.java:76) - Found @IocBean : class cn.wizzer.app.sys.modules.services.impl.SysConfigServiceImpl
[DEBUG] 2018-10-15 16:13:21,665 org.nutz.ioc.loader.annotation.AnnotationIocLoader.addClass(AnnotationIocLoader.java:76) - Found @IocBean : class cn.wizzer.app.sys.modules.services.impl.SysDictServiceImpl
[DEBUG] 2018-10-15 16:13:21,665 org.nutz.ioc.loader.annotation.AnnotationIocLoader.addClass(AnnotationIocLoader.java:76) - Found @IocBean : class cn.wizzer.app.sys.modules.services.impl.SysLogServiceImpl
[DEBUG] 2018-10-15 16:13:21,665 org.nutz.ioc.loader.annotation.AnnotationIocLoader.addClass(AnnotationIocLoader.java:76) - Found @IocBean : class cn.wizzer.app.sys.modules.services.impl.SysMenuServiceImpl
[DEBUG] 2018-10-15 16:13:21,665 org.nutz.ioc.loader.annotation.AnnotationIocLoader.addClass(AnnotationIocLoader.java:76) - Found @IocBean : class cn.wizzer.app.sys.modules.services.impl.SysMobileServiceImpl
[DEBUG] 2018-10-15 16:13:21,665 org.nutz.ioc.loader.annotation.AnnotationIocLoader.addClass(AnnotationIocLoader.java:76) - Found @IocBean : class cn.wizzer.app.sys.modules.services.impl.SysPluginServiceImpl
[DEBUG] 2018-10-15 16:13:21,665 org.nutz.ioc.loader.annotation.AnnotationIocLoader.addClass(AnnotationIocLoader.java:76) - Found @IocBean : class cn.wizzer.app.sys.modules.services.impl.SysRegistauditServiceImpl
[DEBUG] 2018-10-15 16:13:21,666 org.nutz.ioc.loader.annotation.AnnotationIocLoader.addClass(AnnotationIocLoader.java:76) - Found @IocBean : class cn.wizzer.app.sys.modules.services.impl.SysRoleServiceImpl
[DEBUG] 2018-10-15 16:13:21,666 org.nutz.ioc.loader.annotation.AnnotationIocLoader.addClass(AnnotationIocLoader.java:76) - Found @IocBean : class cn.wizzer.app.sys.modules.services.impl.SysRouteServiceImpl
[DEBUG] 2018-10-15 16:13:21,666 org.nutz.ioc.loader.annotation.AnnotationIocLoader.addClass(AnnotationIocLoader.java:76) - Found @IocBean : class cn.wizzer.app.sys.modules.services.impl.SysTaskServiceImpl
[DEBUG] 2018-10-15 16:13:21,666 org.nutz.ioc.loader.annotation.AnnotationIocLoader.addClass(AnnotationIocLoader.java:76) - Found @IocBean : class cn.wizzer.app.sys.modules.services.impl.SysTempuserServiceImpl
[DEBUG] 2018-10-15 16:13:21,666 org.nutz.ioc.loader.annotation.AnnotationIocLoader.addClass(AnnotationIocLoader.java:76) - Found @IocBean : class cn.wizzer.app.sys.modules.services.impl.SysUnitServiceImpl
[DEBUG] 2018-10-15 16:13:21,666 org.nutz.ioc.loader.annotation.AnnotationIocLoader.addClass(AnnotationIocLoader.java:76) - Found @IocBean : class cn.wizzer.app.sys.modules.services.impl.SysUserServiceImpl
[DEBUG] 2018-10-15 16:13:21,666 org.nutz.ioc.loader.annotation.AnnotationIocLoader.addClass(AnnotationIocLoader.java:76) - Found @IocBean : class cn.wizzer.app.sys.modules.services.impl.SysVersionServiceImpl
[DEBUG] 2018-10-15 16:13:21,666 org.nutz.ioc.loader.annotation.AnnotationIocLoader.addClass(AnnotationIocLoader.java:76) - Found @IocBean : class cn.wizzer.app.sys.modules.services.impl.SysWxDeptServiceImpl
[DEBUG] 2018-10-15 16:13:21,667 org.nutz.ioc.loader.annotation.AnnotationIocLoader.addClass(AnnotationIocLoader.java:76) - Found @IocBean : class cn.wizzer.app.sys.modules.services.impl.SysWxServiceImpl
[DEBUG] 2018-10-15 16:13:21,667 org.nutz.ioc.loader.annotation.AnnotationIocLoader.addClass(AnnotationIocLoader.java:76) - Found @IocBean : class cn.wizzer.app.sys.modules.services.impl.SysWxUserServiceImpl
[DEBUG] 2018-10-15 16:13:21,667 org.nutz.ioc.loader.annotation.AnnotationIocLoader.addClass(AnnotationIocLoader.java:76) - Found @IocBean : class cn.wizzer.app.web.commons.plugin.DynamicInterceptor
[DEBUG] 2018-10-15 16:13:21,667 org.nutz.ioc.loader.annotation.AnnotationIocLoader.addClass(AnnotationIocLoader.java:76) - Found @IocBean : class cn.wizzer.app.web.commons.plugin.PluginAopConfigure
[DEBUG] 2018-10-15 16:13:21,667 org.nutz.ioc.loader.annotation.AnnotationIocLoader.addClass(AnnotationIocLoader.java:76) - Found @IocBean : class cn.wizzer.app.web.commons.plugin.PluginMaster
[DEBUG] 2018-10-15 16:13:21,667 org.nutz.ioc.loader.annotation.AnnotationIocLoader.addClass(AnnotationIocLoader.java:76) - Found @IocBean : class cn.wizzer.app.web.commons.quartz.job.orderExecute
[DEBUG] 2018-10-15 16:13:21,667 org.nutz.ioc.loader.annotation.AnnotationIocLoader.addClass(AnnotationIocLoader.java:76) - Found @IocBean : class cn.wizzer.app.web.commons.quartz.job.TestJob
[DEBUG] 2018-10-15 16:13:21,667 org.nutz.ioc.loader.annotation.AnnotationIocLoader.addClass(AnnotationIocLoader.java:76) - Found @IocBean : class cn.wizzer.app.web.commons.services.email.EmailService
[DEBUG] 2018-10-15 16:13:21,667 org.nutz.ioc.loader.annotation.AnnotationIocLoader.addClass(AnnotationIocLoader.java:76) - Found @IocBean : class cn.wizzer.app.web.commons.services.qrcode.QrcodeService
[DEBUG] 2018-10-15 16:13:21,668 org.nutz.ioc.loader.annotation.AnnotationIocLoader.addClass(AnnotationIocLoader.java:76) - Found @IocBean : class cn.wizzer.app.web.commons.services.wx.TplService
[DEBUG] 2018-10-15 16:13:21,668 org.nutz.ioc.loader.annotation.AnnotationIocLoader.addClass(AnnotationIocLoader.java:76) - Found @IocBean : class cn.wizzer.app.web.commons.services.wx.WxHandler
[DEBUG] 2018-10-15 16:13:21,668 org.nutz.ioc.loader.annotation.AnnotationIocLoader.addClass(AnnotationIocLoader.java:76) - Found @IocBean : class cn.wizzer.app.web.commons.shiro.realm.PlatformAuthorizingRealm
[DEBUG] 2018-10-15 16:13:21,668 org.nutz.ioc.loader.annotation.AnnotationIocLoader.addClass(AnnotationIocLoader.java:76) - Found @IocBean : class cn.wizzer.app.web.commons.slog.SLogAopConfigration
[DEBUG] 2018-10-15 16:13:21,668 org.nutz.ioc.loader.annotation.AnnotationIocLoader.addClass(AnnotationIocLoader.java:76) - Found @IocBean : class cn.wizzer.app.web.commons.slog.SLogService
[DEBUG] 2018-10-15 16:13:21,668 org.nutz.ioc.loader.annotation.AnnotationIocLoader.addClass(AnnotationIocLoader.java:76) - Found @IocBean : class cn.wizzer.app.web.modules.controllers.front.wx.CmsController
[DEBUG] 2018-10-15 16:13:21,668 org.nutz.ioc.loader.annotation.AnnotationIocLoader.addClass(AnnotationIocLoader.java:76) - Found @IocBean : class cn.wizzer.app.web.modules.controllers.front.wx.WechatController
[DEBUG] 2018-10-15 16:13:21,668 org.nutz.ioc.loader.annotation.AnnotationIocLoader.addClass(AnnotationIocLoader.java:76) - Found @IocBean : class cn.wizzer.app.web.modules.controllers.open.api.mobile.MobileBaseController
[DEBUG] 2018-10-15 16:13:21,668 org.nutz.ioc.loader.annotation.AnnotationIocLoader.addClass(AnnotationIocLoader.java:76) - Found @IocBean : class cn.wizzer.app.web.modules.controllers.open.api.mobile.MobileInsController
[DEBUG] 2018-10-15 16:13:21,669 org.nutz.ioc.loader.annotation.AnnotationIocLoader.addClass(AnnotationIocLoader.java:76) - Found @IocBean : class cn.wizzer.app.web.modules.controllers.open.api.mobile.MobileOrderController
[DEBUG] 2018-10-15 16:13:21,669 org.nutz.ioc.loader.annotation.AnnotationIocLoader.addClass(AnnotationIocLoader.java:76) - Found @IocBean : class cn.wizzer.app.web.modules.controllers.open.api.mobile.MobileSysController
[DEBUG] 2018-10-15 16:13:21,669 org.nutz.ioc.loader.annotation.AnnotationIocLoader.addClass(AnnotationIocLoader.java:76) - Found @IocBean : class cn.wizzer.app.web.modules.controllers.open.api.pad.PadInsController
[DEBUG] 2018-10-15 16:13:21,669 org.nutz.ioc.loader.annotation.AnnotationIocLoader.addClass(AnnotationIocLoader.java:76) - Found @IocBean : class cn.wizzer.app.web.modules.controllers.open.api.pad.PadOrderController
[DEBUG] 2018-10-15 16:13:21,669 org.nutz.ioc.loader.annotation.AnnotationIocLoader.addClass(AnnotationIocLoader.java:76) - Found @IocBean : class cn.wizzer.app.web.modules.controllers.open.api.pad.PadSysController
[DEBUG] 2018-10-15 16:13:21,669 org.nutz.ioc.loader.annotation.AnnotationIocLoader.addClass(AnnotationIocLoader.java:76) - Found @IocBean : class cn.wizzer.app.web.modules.controllers.open.api.test.ApiTestController
[DEBUG] 2018-10-15 16:13:21,669 org.nutz.ioc.loader.annotation.AnnotationIocLoader.addClass(AnnotationIocLoader.java:76) - Found @IocBean : class cn.wizzer.app.web.modules.controllers.open.api.token.TokenController
[DEBUG] 2018-10-15 16:13:21,669 org.nutz.ioc.loader.annotation.AnnotationIocLoader.addClass(AnnotationIocLoader.java:76) - Found @IocBean : class cn.wizzer.app.web.modules.controllers.open.api.userpermission.UserpermissionController
[DEBUG] 2018-10-15 16:13:21,669 org.nutz.ioc.loader.annotation.AnnotationIocLoader.addClass(AnnotationIocLoader.java:76) - Found @IocBean : class cn.wizzer.app.web.modules.controllers.open.file.UploadController
[DEBUG] 2018-10-15 16:13:21,670 org.nutz.ioc.loader.annotation.AnnotationIocLoader.addClass(AnnotationIocLoader.java:76) - Found @IocBean : class cn.wizzer.app.web.modules.controllers.open.pay.WxPayBackController
[DEBUG] 2018-10-15 16:13:21,670 org.nutz.ioc.loader.annotation.AnnotationIocLoader.addClass(AnnotationIocLoader.java:76) - Found @IocBean : class cn.wizzer.app.web.modules.controllers.open.ueditor.BdController
[DEBUG] 2018-10-15 16:13:21,670 org.nutz.ioc.loader.annotation.AnnotationIocLoader.addClass(AnnotationIocLoader.java:76) - Found @IocBean : class cn.wizzer.app.web.modules.controllers.open.ueditor.WxController
[DEBUG] 2018-10-15 16:13:21,670 org.nutz.ioc.loader.annotation.AnnotationIocLoader.addClass(AnnotationIocLoader.java:76) - Found @IocBean : class cn.wizzer.app.web.modules.controllers.open.wx.WeixinController
[DEBUG] 2018-10-15 16:13:21,670 org.nutz.ioc.loader.annotation.AnnotationIocLoader.addClass(AnnotationIocLoader.java:76) - Found @IocBean : class cn.wizzer.app.web.modules.controllers.platform.base.BaseAirmeterialController
[DEBUG] 2018-10-15 16:13:21,670 org.nutz.ioc.loader.annotation.AnnotationIocLoader.addClass(AnnotationIocLoader.java:76) - Found @IocBean : class cn.wizzer.app.web.modules.controllers.platform.base.BaseAirportController
[DEBUG] 2018-10-15 16:13:21,670 org.nutz.ioc.loader.annotation.AnnotationIocLoader.addClass(AnnotationIocLoader.java:76) - Found @IocBean : class cn.wizzer.app.web.modules.controllers.platform.base.BaseCnctobjController
[DEBUG] 2018-10-15 16:13:21,670 org.nutz.ioc.loader.annotation.AnnotationIocLoader.addClass(AnnotationIocLoader.java:76) - Found @IocBean : class cn.wizzer.app.web.modules.controllers.platform.base.BaseCustomerController
[DEBUG] 2018-10-15 16:13:21,670 org.nutz.ioc.loader.annotation.AnnotationIocLoader.addClass(AnnotationIocLoader.java:76) - Found @IocBean : class cn.wizzer.app.web.modules.controllers.platform.base.BaseDeptController
[DEBUG] 2018-10-15 16:13:21,671 org.nutz.ioc.loader.annotation.AnnotationIocLoader.addClass(AnnotationIocLoader.java:76) - Found @IocBean : class cn.wizzer.app.web.modules.controllers.platform.base.BaseJobController
[DEBUG] 2018-10-15 16:13:21,671 org.nutz.ioc.loader.annotation.AnnotationIocLoader.addClass(AnnotationIocLoader.java:76) - Found @IocBean : class cn.wizzer.app.web.modules.controllers.platform.base.BasePersonController
[DEBUG] 2018-10-15 16:13:21,671 org.nutz.ioc.loader.annotation.AnnotationIocLoader.addClass(AnnotationIocLoader.java:76) - Found @IocBean : class cn.wizzer.app.web.modules.controllers.platform.base.BasePersonpoolController
[DEBUG] 2018-10-15 16:13:21,671 org.nutz.ioc.loader.annotation.AnnotationIocLoader.addClass(AnnotationIocLoader.java:76) - Found @IocBean : class cn.wizzer.app.web.modules.controllers.platform.base.BasePlaceController
[DEBUG] 2018-10-15 16:13:21,671 org.nutz.ioc.loader.annotation.AnnotationIocLoader.addClass(AnnotationIocLoader.java:76) - Found @IocBean : class cn.wizzer.app.web.modules.controllers.platform.base.BasePostController
[DEBUG] 2018-10-15 16:13:21,671 org.nutz.ioc.loader.annotation.AnnotationIocLoader.addClass(AnnotationIocLoader.java:76) - Found @IocBean : class cn.wizzer.app.web.modules.controllers.platform.base.BaseRowofficeController
[DEBUG] 2018-10-15 16:13:21,671 org.nutz.ioc.loader.annotation.AnnotationIocLoader.addClass(AnnotationIocLoader.java:76) - Found @IocBean : class cn.wizzer.app.web.modules.controllers.platform.base.BaseRowofficeentryController
[DEBUG] 2018-10-15 16:13:21,671 org.nutz.ioc.loader.annotation.AnnotationIocLoader.addClass(AnnotationIocLoader.java:76) - Found @IocBean : class cn.wizzer.app.web.modules.controllers.platform.base.BaseVehicleController
[DEBUG] 2018-10-15 16:13:21,671 org.nutz.ioc.loader.annotation.AnnotationIocLoader.addClass(AnnotationIocLoader.java:76) - Found @IocBean : class cn.wizzer.app.web.modules.controllers.platform.base.BaseWarehouseController
[DEBUG] 2018-10-15 16:13:21,672 org.nutz.ioc.loader.annotation.AnnotationIocLoader.addClass(AnnotationIocLoader.java:76) - Found @IocBean : class cn.wizzer.app.web.modules.controllers.platform.cms.CmsArticleController
[DEBUG] 2018-10-15 16:13:21,672 org.nutz.ioc.loader.annotation.AnnotationIocLoader.addClass(AnnotationIocLoader.java:76) - Found @IocBean : class cn.wizzer.app.web.modules.controllers.platform.cms.CmsChannelController
[DEBUG] 2018-10-15 16:13:21,672 org.nutz.ioc.loader.annotation.AnnotationIocLoader.addClass(AnnotationIocLoader.java:76) - Found @IocBean : class cn.wizzer.app.web.modules.controllers.platform.cms.CmsLinkClassController
[DEBUG] 2018-10-15 16:13:21,672 org.nutz.ioc.loader.annotation.AnnotationIocLoader.addClass(AnnotationIocLoader.java:76) - Found @IocBean : class cn.wizzer.app.web.modules.controllers.platform.cms.CmsLinkController
[DEBUG] 2018-10-15 16:13:21,672 org.nutz.ioc.loader.annotation.AnnotationIocLoader.addClass(AnnotationIocLoader.java:76) - Found @IocBean : class cn.wizzer.app.web.modules.controllers.platform.cms.CmsSiteController
[DEBUG] 2018-10-15 16:13:21,672 org.nutz.ioc.loader.annotation.AnnotationIocLoader.addClass(AnnotationIocLoader.java:76) - Found @IocBean : class cn.wizzer.app.web.modules.controllers.platform.ins.InsBaseinsController
[DEBUG] 2018-10-15 16:13:21,672 org.nutz.ioc.loader.annotation.AnnotationIocLoader.addClass(AnnotationIocLoader.java:76) - Found @IocBean : class cn.wizzer.app.web.modules.controllers.platform.ins.InsBaseinsSpaceController
[DEBUG] 2018-10-15 16:13:21,672 org.nutz.ioc.loader.annotation.AnnotationIocLoader.addClass(AnnotationIocLoader.java:76) - Found @IocBean : class cn.wizzer.app.web.modules.controllers.platform.ins.InsCabinetController
[DEBUG] 2018-10-15 16:13:21,672 org.nutz.ioc.loader.annotation.AnnotationIocLoader.addClass(AnnotationIocLoader.java:76) - Found @IocBean : class cn.wizzer.app.web.modules.controllers.platform.ins.InsCommonController
[DEBUG] 2018-10-15 16:13:21,673 org.nutz.ioc.loader.annotation.AnnotationIocLoader.addClass(AnnotationIocLoader.java:76) - Found @IocBean : class cn.wizzer.app.web.modules.controllers.platform.ins.InsInstrumentController
[DEBUG] 2018-10-15 16:13:21,673 org.nutz.ioc.loader.annotation.AnnotationIocLoader.addClass(AnnotationIocLoader.java:76) - Found @IocBean : class cn.wizzer.app.web.modules.controllers.platform.ins.InsLockController
[DEBUG] 2018-10-15 16:13:21,673 org.nutz.ioc.loader.annotation.AnnotationIocLoader.addClass(AnnotationIocLoader.java:76) - Found @IocBean : class cn.wizzer.app.web.modules.controllers.platform.ins.InsOrderController
[DEBUG] 2018-10-15 16:13:21,673 org.nutz.ioc.loader.annotation.AnnotationIocLoader.addClass(AnnotationIocLoader.java:76) - Found @IocBean : class cn.wizzer.app.web.modules.controllers.platform.ins.InsOrderentryController
[DEBUG] 2018-10-15 16:13:21,673 org.nutz.ioc.loader.annotation.AnnotationIocLoader.addClass(AnnotationIocLoader.java:76) - Found @IocBean : class cn.wizzer.app.web.modules.controllers.platform.ins.InsRepairController
[DEBUG] 2018-10-15 16:13:21,673 org.nutz.ioc.loader.annotation.AnnotationIocLoader.addClass(AnnotationIocLoader.java:76) - Found @IocBean : class cn.wizzer.app.web.modules.controllers.platform.ins.InsRepairtrackController
[DEBUG] 2018-10-15 16:13:21,673 org.nutz.ioc.loader.annotation.AnnotationIocLoader.addClass(AnnotationIocLoader.java:76) - Found @IocBean : class cn.wizzer.app.web.modules.controllers.platform.ins.InsRfheadController
[DEBUG] 2018-10-15 16:13:21,673 org.nutz.ioc.loader.annotation.AnnotationIocLoader.addClass(AnnotationIocLoader.java:76) - Found @IocBean : class cn.wizzer.app.web.modules.controllers.platform.ins.InsRfidController
[DEBUG] 2018-10-15 16:13:21,673 org.nutz.ioc.loader.annotation.AnnotationIocLoader.addClass(AnnotationIocLoader.java:76) - Found @IocBean : class cn.wizzer.app.web.modules.controllers.platform.ins.InsSpaceController
[DEBUG] 2018-10-15 16:13:21,674 org.nutz.ioc.loader.annotation.AnnotationIocLoader.addClass(AnnotationIocLoader.java:76) - Found @IocBean : class cn.wizzer.app.web.modules.controllers.platform.ins.InsToolcabinetController
[DEBUG] 2018-10-15 16:13:21,674 org.nutz.ioc.loader.annotation.AnnotationIocLoader.addClass(AnnotationIocLoader.java:76) - Found @IocBean : class cn.wizzer.app.web.modules.controllers.platform.ins.InsTransmitController
[DEBUG] 2018-10-15 16:13:21,674 org.nutz.ioc.loader.annotation.AnnotationIocLoader.addClass(AnnotationIocLoader.java:76) - Found @IocBean : class cn.wizzer.app.web.modules.controllers.platform.logistics.LogisticsDeliveryorderController
[DEBUG] 2018-10-15 16:13:21,674 org.nutz.ioc.loader.annotation.AnnotationIocLoader.addClass(AnnotationIocLoader.java:76) - Found @IocBean : class cn.wizzer.app.web.modules.controllers.platform.logistics.LogisticsDeliveryorderentryController
[DEBUG] 2018-10-15 16:13:21,674 org.nutz.ioc.loader.annotation.AnnotationIocLoader.addClass(AnnotationIocLoader.java:76) - Found @IocBean : class cn.wizzer.app.web.modules.controllers.platform.logistics.LogisticsEntourageController
[DEBUG] 2018-10-15 16:13:21,674 org.nutz.ioc.loader.annotation.AnnotationIocLoader.addClass(AnnotationIocLoader.java:76) - Found @IocBean : class cn.wizzer.app.web.modules.controllers.platform.logistics.LogisticsOrderController
[DEBUG] 2018-10-15 16:13:21,674 org.nutz.ioc.loader.annotation.AnnotationIocLoader.addClass(AnnotationIocLoader.java:76) - Found @IocBean : class cn.wizzer.app.web.modules.controllers.platform.logistics.LogisticsOrderdeliveryController
[DEBUG] 2018-10-15 16:13:21,674 org.nutz.ioc.loader.annotation.AnnotationIocLoader.addClass(AnnotationIocLoader.java:76) - Found @IocBean : class cn.wizzer.app.web.modules.controllers.platform.logistics.LogisticsOrderentryController
[DEBUG] 2018-10-15 16:13:21,674 org.nutz.ioc.loader.annotation.AnnotationIocLoader.addClass(AnnotationIocLoader.java:76) - Found @IocBean : class cn.wizzer.app.web.modules.controllers.platform.logistics.LogisticsOrderplanController
[DEBUG] 2018-10-15 16:13:21,675 org.nutz.ioc.loader.annotation.AnnotationIocLoader.addClass(AnnotationIocLoader.java:76) - Found @IocBean : class cn.wizzer.app.web.modules.controllers.platform.logistics.LogisticsOrderplanentryController
[DEBUG] 2018-10-15 16:13:21,675 org.nutz.ioc.loader.annotation.AnnotationIocLoader.addClass(AnnotationIocLoader.java:76) - Found @IocBean : class cn.wizzer.app.web.modules.controllers.platform.logistics.LogisticsOrderrejectController
[DEBUG] 2018-10-15 16:13:21,675 org.nutz.ioc.loader.annotation.AnnotationIocLoader.addClass(AnnotationIocLoader.java:76) - Found @IocBean : class cn.wizzer.app.web.modules.controllers.platform.logistics.LogisticsOrderstepController
[DEBUG] 2018-10-15 16:13:21,675 org.nutz.ioc.loader.annotation.AnnotationIocLoader.addClass(AnnotationIocLoader.java:76) - Found @IocBean : class cn.wizzer.app.web.modules.controllers.platform.logistics.LogisticsSendapprovalController
[DEBUG] 2018-10-15 16:13:21,675 org.nutz.ioc.loader.annotation.AnnotationIocLoader.addClass(AnnotationIocLoader.java:76) - Found @IocBean : class cn.wizzer.app.web.modules.controllers.platform.logistics.LogisticsSendgoodsController
[DEBUG] 2018-10-15 16:13:21,675 org.nutz.ioc.loader.annotation.AnnotationIocLoader.addClass(AnnotationIocLoader.java:76) - Found @IocBean : class cn.wizzer.app.web.modules.controllers.platform.logistics.LogisticsSendplanController
[DEBUG] 2018-10-15 16:13:21,675 org.nutz.ioc.loader.annotation.AnnotationIocLoader.addClass(AnnotationIocLoader.java:76) - Found @IocBean : class cn.wizzer.app.web.modules.controllers.platform.logistics.LogisticsSendtraceController
[DEBUG] 2018-10-15 16:13:21,675 org.nutz.ioc.loader.annotation.AnnotationIocLoader.addClass(AnnotationIocLoader.java:76) - Found @IocBean : class cn.wizzer.app.web.modules.controllers.platform.logistics.LogisticsUnplanController
[DEBUG] 2018-10-15 16:13:21,676 org.nutz.ioc.loader.annotation.AnnotationIocLoader.addClass(AnnotationIocLoader.java:76) - Found @IocBean : class cn.wizzer.app.web.modules.controllers.platform.sys.SysApiController
[DEBUG] 2018-10-15 16:13:21,676 org.nutz.ioc.loader.annotation.AnnotationIocLoader.addClass(AnnotationIocLoader.java:76) - Found @IocBean : class cn.wizzer.app.web.modules.controllers.platform.sys.SysBarcodeController
[DEBUG] 2018-10-15 16:13:21,676 org.nutz.ioc.loader.annotation.AnnotationIocLoader.addClass(AnnotationIocLoader.java:76) - Found @IocBean : class cn.wizzer.app.web.modules.controllers.platform.sys.SysConfController
[DEBUG] 2018-10-15 16:13:21,676 org.nutz.ioc.loader.annotation.AnnotationIocLoader.addClass(AnnotationIocLoader.java:76) - Found @IocBean : class cn.wizzer.app.web.modules.controllers.platform.sys.SysDictController
[DEBUG] 2018-10-15 16:13:21,676 org.nutz.ioc.loader.annotation.AnnotationIocLoader.addClass(AnnotationIocLoader.java:76) - Found @IocBean : class cn.wizzer.app.web.modules.controllers.platform.sys.SysHomeController
[DEBUG] 2018-10-15 16:13:21,676 org.nutz.ioc.loader.annotation.AnnotationIocLoader.addClass(AnnotationIocLoader.java:76) - Found @IocBean : class cn.wizzer.app.web.modules.controllers.platform.sys.SysLogController
[DEBUG] 2018-10-15 16:13:21,676 org.nutz.ioc.loader.annotation.AnnotationIocLoader.addClass(AnnotationIocLoader.java:76) - Found @IocBean : class cn.wizzer.app.web.modules.controllers.platform.sys.SysLoginController
[DEBUG] 2018-10-15 16:13:21,676 org.nutz.ioc.loader.annotation.AnnotationIocLoader.addClass(AnnotationIocLoader.java:76) - Found @IocBean : class cn.wizzer.app.web.modules.controllers.platform.sys.SysMenuController
[DEBUG] 2018-10-15 16:13:21,677 org.nutz.ioc.loader.annotation.AnnotationIocLoader.addClass(AnnotationIocLoader.java:76) - Found @IocBean : class cn.wizzer.app.web.modules.controllers.platform.sys.SysMobileController
[DEBUG] 2018-10-15 16:13:21,677 org.nutz.ioc.loader.annotation.AnnotationIocLoader.addClass(AnnotationIocLoader.java:76) - Found @IocBean : class cn.wizzer.app.web.modules.controllers.platform.sys.SysPluginController
[DEBUG] 2018-10-15 16:13:21,677 org.nutz.ioc.loader.annotation.AnnotationIocLoader.addClass(AnnotationIocLoader.java:76) - Found @IocBean : class cn.wizzer.app.web.modules.controllers.platform.sys.SysRegistauditController
[DEBUG] 2018-10-15 16:13:21,677 org.nutz.ioc.loader.annotation.AnnotationIocLoader.addClass(AnnotationIocLoader.java:76) - Found @IocBean : class cn.wizzer.app.web.modules.controllers.platform.sys.SysRoleController
[DEBUG] 2018-10-15 16:13:21,678 org.nutz.ioc.loader.annotation.AnnotationIocLoader.addClass(AnnotationIocLoader.java:76) - Found @IocBean : class cn.wizzer.app.web.modules.controllers.platform.sys.SysRouteController
[DEBUG] 2018-10-15 16:13:21,678 org.nutz.ioc.loader.annotation.AnnotationIocLoader.addClass(AnnotationIocLoader.java:76) - Found @IocBean : class cn.wizzer.app.web.modules.controllers.platform.sys.SysTaskController
[DEBUG] 2018-10-15 16:13:21,678 org.nutz.ioc.loader.annotation.AnnotationIocLoader.addClass(AnnotationIocLoader.java:76) - Found @IocBean : class cn.wizzer.app.web.modules.controllers.platform.sys.SysTempuserController
[DEBUG] 2018-10-15 16:13:21,678 org.nutz.ioc.loader.annotation.AnnotationIocLoader.addClass(AnnotationIocLoader.java:76) - Found @IocBean : class cn.wizzer.app.web.modules.controllers.platform.sys.SysUnitController
[DEBUG] 2018-10-15 16:13:21,678 org.nutz.ioc.loader.annotation.AnnotationIocLoader.addClass(AnnotationIocLoader.java:76) - Found @IocBean : class cn.wizzer.app.web.modules.controllers.platform.sys.SysUserController
[DEBUG] 2018-10-15 16:13:21,678 org.nutz.ioc.loader.annotation.AnnotationIocLoader.addClass(AnnotationIocLoader.java:76) - Found @IocBean : class cn.wizzer.app.web.modules.controllers.platform.sys.SysVersionController
[DEBUG] 2018-10-15 16:13:21,678 org.nutz.ioc.loader.annotation.AnnotationIocLoader.addClass(AnnotationIocLoader.java:76) - Found @IocBean : class cn.wizzer.app.web.modules.controllers.platform.sys.SysWxController
[DEBUG] 2018-10-15 16:13:21,678 org.nutz.ioc.loader.annotation.AnnotationIocLoader.addClass(AnnotationIocLoader.java:76) - Found @IocBean : class cn.wizzer.app.web.modules.controllers.platform.sys.SysWxDeptController
[DEBUG] 2018-10-15 16:13:21,679 org.nutz.ioc.loader.annotation.AnnotationIocLoader.addClass(AnnotationIocLoader.java:76) - Found @IocBean : class cn.wizzer.app.web.modules.controllers.platform.sys.SysWxUserController
[DEBUG] 2018-10-15 16:13:21,679 org.nutz.ioc.loader.annotation.AnnotationIocLoader.addClass(AnnotationIocLoader.java:76) - Found @IocBean : class cn.wizzer.app.web.modules.controllers.platform.wx.WxConfigController
[DEBUG] 2018-10-15 16:13:21,679 org.nutz.ioc.loader.annotation.AnnotationIocLoader.addClass(AnnotationIocLoader.java:76) - Found @IocBean : class cn.wizzer.app.web.modules.controllers.platform.wx.WxMassController
[DEBUG] 2018-10-15 16:13:21,679 org.nutz.ioc.loader.annotation.AnnotationIocLoader.addClass(AnnotationIocLoader.java:76) - Found @IocBean : class cn.wizzer.app.web.modules.controllers.platform.wx.WxMenuController
[DEBUG] 2018-10-15 16:13:21,679 org.nutz.ioc.loader.annotation.AnnotationIocLoader.addClass(AnnotationIocLoader.java:76) - Found @IocBean : class cn.wizzer.app.web.modules.controllers.platform.wx.WxMsgUserController
[DEBUG] 2018-10-15 16:13:21,679 org.nutz.ioc.loader.annotation.AnnotationIocLoader.addClass(AnnotationIocLoader.java:76) - Found @IocBean : class cn.wizzer.app.web.modules.controllers.platform.wx.WxPayTestController
[DEBUG] 2018-10-15 16:13:21,679 org.nutz.ioc.loader.annotation.AnnotationIocLoader.addClass(AnnotationIocLoader.java:76) - Found @IocBean : class cn.wizzer.app.web.modules.controllers.platform.wx.WxReplyController
[DEBUG] 2018-10-15 16:13:21,680 org.nutz.ioc.loader.annotation.AnnotationIocLoader.addClass(AnnotationIocLoader.java:76) - Found @IocBean : class cn.wizzer.app.web.modules.controllers.platform.wx.WxReplyNewsController
[DEBUG] 2018-10-15 16:13:21,680 org.nutz.ioc.loader.annotation.AnnotationIocLoader.addClass(AnnotationIocLoader.java:76) - Found @IocBean : class cn.wizzer.app.web.modules.controllers.platform.wx.WxReplyTxtController
[DEBUG] 2018-10-15 16:13:21,680 org.nutz.ioc.loader.annotation.AnnotationIocLoader.addClass(AnnotationIocLoader.java:76) - Found @IocBean : class cn.wizzer.app.web.modules.controllers.platform.wx.WxTplIdController
[DEBUG] 2018-10-15 16:13:21,680 org.nutz.ioc.loader.annotation.AnnotationIocLoader.addClass(AnnotationIocLoader.java:76) - Found @IocBean : class cn.wizzer.app.web.modules.controllers.platform.wx.WxTplListController
[DEBUG] 2018-10-15 16:13:21,680 org.nutz.ioc.loader.annotation.AnnotationIocLoader.addClass(AnnotationIocLoader.java:76) - Found @IocBean : class cn.wizzer.app.web.modules.controllers.platform.wx.WxTplLogController
[DEBUG] 2018-10-15 16:13:21,680 org.nutz.ioc.loader.annotation.AnnotationIocLoader.addClass(AnnotationIocLoader.java:76) - Found @IocBean : class cn.wizzer.app.web.modules.controllers.platform.wx.WxUserController
[DEBUG] 2018-10-15 16:13:21,680 org.nutz.ioc.loader.annotation.AnnotationIocLoader.addClass(AnnotationIocLoader.java:76) - Found @IocBean : class cn.wizzer.app.wx.modules.services.impl.WxConfigServiceImpl
[DEBUG] 2018-10-15 16:13:21,680 org.nutz.ioc.loader.annotation.AnnotationIocLoader.addClass(AnnotationIocLoader.java:76) - Found @IocBean : class cn.wizzer.app.wx.modules.services.impl.WxMassNewsServiceImpl
[DEBUG] 2018-10-15 16:13:21,680 org.nutz.ioc.loader.annotation.AnnotationIocLoader.addClass(AnnotationIocLoader.java:76) - Found @IocBean : class cn.wizzer.app.wx.modules.services.impl.WxMassSendServiceImpl
[DEBUG] 2018-10-15 16:13:21,681 org.nutz.ioc.loader.annotation.AnnotationIocLoader.addClass(AnnotationIocLoader.java:76) - Found @IocBean : class cn.wizzer.app.wx.modules.services.impl.WxMassServiceImpl
[DEBUG] 2018-10-15 16:13:21,681 org.nutz.ioc.loader.annotation.AnnotationIocLoader.addClass(AnnotationIocLoader.java:76) - Found @IocBean : class cn.wizzer.app.wx.modules.services.impl.WxMenuServiceImpl
[DEBUG] 2018-10-15 16:13:21,681 org.nutz.ioc.loader.annotation.AnnotationIocLoader.addClass(AnnotationIocLoader.java:76) - Found @IocBean : class cn.wizzer.app.wx.modules.services.impl.WxMsgReplyServiceImpl
[DEBUG] 2018-10-15 16:13:21,681 org.nutz.ioc.loader.annotation.AnnotationIocLoader.addClass(AnnotationIocLoader.java:76) - Found @IocBean : class cn.wizzer.app.wx.modules.services.impl.WxMsgServiceImpl
[DEBUG] 2018-10-15 16:13:21,681 org.nutz.ioc.loader.annotation.AnnotationIocLoader.addClass(AnnotationIocLoader.java:76) - Found @IocBean : class cn.wizzer.app.wx.modules.services.impl.WxReplyNewsServiceImpl
[DEBUG] 2018-10-15 16:13:21,681 org.nutz.ioc.loader.annotation.AnnotationIocLoader.addClass(AnnotationIocLoader.java:76) - Found @IocBean : class cn.wizzer.app.wx.modules.services.impl.WxReplyServiceImpl
[DEBUG] 2018-10-15 16:13:21,681 org.nutz.ioc.loader.annotation.AnnotationIocLoader.addClass(AnnotationIocLoader.java:76) - Found @IocBean : class cn.wizzer.app.wx.modules.services.impl.WxReplyTxtServiceImpl
[DEBUG] 2018-10-15 16:13:21,682 org.nutz.ioc.loader.annotation.AnnotationIocLoader.addClass(AnnotationIocLoader.java:76) - Found @IocBean : class cn.wizzer.app.wx.modules.services.impl.WxTplIdServiceImpl
[DEBUG] 2018-10-15 16:13:21,682 org.nutz.ioc.loader.annotation.AnnotationIocLoader.addClass(AnnotationIocLoader.java:76) - Found @IocBean : class cn.wizzer.app.wx.modules.services.impl.WxTplListServiceImpl
[DEBUG] 2018-10-15 16:13:21,682 org.nutz.ioc.loader.annotation.AnnotationIocLoader.addClass(AnnotationIocLoader.java:76) - Found @IocBean : class cn.wizzer.app.wx.modules.services.impl.WxTplLogServiceImpl
[DEBUG] 2018-10-15 16:13:21,682 org.nutz.ioc.loader.annotation.AnnotationIocLoader.addClass(AnnotationIocLoader.java:76) - Found @IocBean : class cn.wizzer.app.wx.modules.services.impl.WxUserServiceImpl
[DEBUG] 2018-10-15 16:13:21,682 org.nutz.ioc.loader.annotation.AnnotationIocLoader.addClass(AnnotationIocLoader.java:76) - Found @IocBean : class cn.wizzer.test.SimpleTest
[DEBUG] 2018-10-15 16:13:21,685 org.nutz.resource.Scans.scan(Scans.java:274) - Found 0 resource by src( org/nutz/apidoc/ ) , regex( ^.+[.]class$ )
[INFO ] 2018-10-15 16:13:21,685 org.nutz.ioc.loader.annotation.AnnotationIocLoader.<init>(AnnotationIocLoader.java:52) - Found 204 classes in 2 base-packages!
beans = ["wxTplListController", "uploadController", "wxReplyTxtServiceImpl", "logisticsSendplanController", "baseJobServiceImpl", "dateUtil", "qrcodeService", "logisticsSendgoodsServiceImpl", "logisticsOrderentryController", "insLockController", "baseRowofficeentryServiceImpl", "cmsChannelServiceImpl", "insBaseinsServiceImpl", "orderExecute", "cmsArticleController", "basePostController", "baseAirmeterialServiceImpl", "basePersonController", "logisticsOrderplanServiceImpl", "cmsLinkClassController", "basePostServiceImpl", "baseRowofficeServiceImpl", "baseJobController", "baseRowofficeController", "wxReplyController", "insRepairController", "sysConfigServiceImpl", "basePersonpoolController", "baseVehicleController", "wxMsgServiceImpl", "wxPayBackController", "logisticsUnplanController", "mobileInsController", "sysTaskController", "sysBarcodeController", "insTransmitController", "sysDictServiceImpl", "wxConfigServiceImpl", "baseAirportServiceImpl", "apiTestController", "sysMenuController", "cmsSiteServiceImpl", "mobileSysController", "cmsLinkController", "insCommonController", "logisticsOrderplanentryServiceImpl", "insInstrumentController", "sysRegistauditServiceImpl", "insLockServiceImpl", "insOrderController", "wechatController", "wxMsgUserController", "sysDictController", "sysWxUserController", "logisticsDeliveryorderentryController", "basePersonServiceImpl", "insOrderentryServiceImpl", "insRepairtrackController", "insInstrumentServiceImpl", "logisticsSendapprovalServiceImpl", "logisticsOrderdeliveryController", "wxTplListServiceImpl", "tplService", "sysPluginServiceImpl", "insRfheadController", "logisticsSendgoodsController", "mobileBaseController", "baseCnctobjServiceImpl", "nutShiroMethodInterceptor", "insCabinetServiceImpl", "basePlaceServiceImpl", "baseVehicleServiceImpl", "cmsLinkClassServiceImpl", "sysHomeController", "insRfheadServiceImpl", "sysMobileController", "wxMassServiceImpl", "logisticsOrderentryServiceImpl", "logisticsSendplanServiceImpl", "logisticsOrderrejectServiceImpl", "wxHandler", "cmsChannelController", "wxController", "rabbitProducer", "sysTaskServiceImpl", "sysVersionController", "shiroUtil", "wxReplyTxtController", "sysPluginController", "logisticsSendtraceController", "sysApiServiceImpl", "logisticsEntourageServiceImpl", "sLogService", "baseAirportController", "sysApiController", "wxTplIdController", "insSpaceServiceImpl", "logisticsOrderController", "sysTempuserController", "sysUserController", "platformAuthorizingRealm", "testJob", "$aop_1_plugin", "sysRegistauditController", "wxReplyNewsServiceImpl", "insTransmitServiceImpl", "sysLoginController", "wxTplLogServiceImpl", "sysUserServiceImpl", "sysRoleServiceImpl", "sysRouteController", "idcardUtil", "basePlaceController", "sysWxDeptController", "logisticsOrderplanentryController", "userpermissionController", "sysWxServiceImpl", "cmsController", "logisticsSendtraceServiceImpl", "insOrderentryController", "logisticsSendapprovalController", "wxMenuController", "insOrderServiceImpl", "weixinController", "code128Util", "insRepairServiceImpl", "logisticsOrderplanController", "wxMsgReplyServiceImpl", "logisticsOrderdeliveryServiceImpl", "cmsArticleServiceImpl", "baseCnctobjController", "baseCustomerController", "insBaseinsController", "insRfidServiceImpl", "cookieUtil", "baseRowofficeentryController", "logisticsOrderstepServiceImpl", "wxReplyServiceImpl", "bdController", "redisIdGenerator", "insBaseinsSpaceServiceImpl", "cmsSiteController", "logisticsDeliveryorderServiceImpl", "insCabinetController", "logisticsOrderServiceImpl", "sysWxDeptServiceImpl", "sysWxController", "mobileOrderController", "sysRoleController", "logisticsEntourageController", "insCommonServiceImpl", "sysUnitController", "padInsController", "wxMassSendServiceImpl", "logisticsDeliveryorderController", "rSAUtil", "wxConfigController", "stringUtil", "baseCustomerServiceImpl", "basePersonpoolServiceImpl", "insBaseinsSpaceController", "wxUserServiceImpl", "insSpaceController", "sysTempuserServiceImpl", "baseWarehouseServiceImpl", "insToolcabinetController", "sysWxUserServiceImpl", "dynamicInterceptor", "sysLogController", "wxMassController", "emailService", "baseWarehouseController", "insToolcabinetServiceImpl", "wxMenuServiceImpl", "wxReplyNewsController", "baseDeptServiceImpl", "sysRouteServiceImpl", "insRepairtrackServiceImpl", "wxMassNewsServiceImpl", "baseAirmeterialController", "sysMenuServiceImpl", "sysMobileServiceImpl", "simpleTest", "logisticsOrderstepController", "sysLogServiceImpl", "logisticsUnplanServiceImpl", "wxTplIdServiceImpl", "logisticsDeliveryorderentryServiceImpl", "$aop_syslog", "padSysController", "baseDeptController", "logisticsOrderrejectController", "padOrderController", "sysBarcodeServiceImpl", "wxTplLogController", "wxUserController", "wxPayTestController", "tokenController", "sysVersionServiceImpl", "cmsLinkServiceImpl", "sysUnitServiceImpl", "insRfidController", "sysConfController", "pluginMaster"]
[DEBUG] 2018-10-15 16:13:21,685 org.nutz.ioc.loader.combo.ComboIocLoader.createIocLoader(ComboIocLoader.java:110) - found jedis -- org.nutz.integration.jedis.JedisIocLoader
[DEBUG] 2018-10-15 16:13:21,687 org.nutz.resource.Scans.scan(Scans.java:274) - Found 1 resource by src( org/nutz/integration/jedis/jedis.js ) , regex( ^(.+[.])(js|json)$ )
[DEBUG] 2018-10-15 16:13:21,687 org.nutz.ioc.loader.json.JsonLoader.<init>(JsonLoader.java:49) - loading [org/nutz/integration/jedis/jedis.js]
[DEBUG] 2018-10-15 16:13:21,688 org.nutz.ioc.loader.json.JsonLoader.<init>(JsonLoader.java:57) - Loaded 9 bean define from path=[org/nutz/integration/jedis/jedis.js] --> [redisService, jedisCluster, jedisClusterNodes, jedisClusterWrapper, pubSubService, jedisPoolConfig, jedisPool, jedisAgent, redis]
[DEBUG] 2018-10-15 16:13:21,688 org.nutz.ioc.loader.json.JsonLoader.<init>(JsonLoader.java:40) - Loaded 5 bean define from reader --
[txREPEATABLE_READ, txSERIALIZABLE, txNONE, txREAD_UNCOMMITTED, txREAD_COMMITTED]
[DEBUG] 2018-10-15 16:13:21,690 org.nutz.ioc.loader.combo.ComboIocLoader.createIocLoader(ComboIocLoader.java:110) - found quartz -- org.nutz.integration.quartz.QuartzIocLoader
[DEBUG] 2018-10-15 16:13:21,690 org.nutz.ioc.loader.json.JsonLoader.<init>(JsonLoader.java:57) - Loaded 0 bean define from path=[] --> []
[DEBUG] 2018-10-15 16:13:21,692 org.nutz.ioc.aop.SimpleAopMaker.<init>(SimpleAopMaker.java:79) - Load AopConfigure for anno=org.nutz.aop.interceptor.async.Async by type=org.nutz.aop.interceptor.async.AsyncAopIocLoader
[DEBUG] 2018-10-15 16:13:21,694 org.nutz.ioc.loader.combo.ComboIocLoader.createIocLoader(ComboIocLoader.java:110) - found rabbitmq -- org.nutz.integration.rabbitmq.RabbitmqIocLoader
[DEBUG] 2018-10-15 16:13:21,696 org.nutz.resource.Scans.scan(Scans.java:274) - Found 1 resource by src( org/nutz/integration/rabbitmq/rabbitmq.js ) , regex( ^(.+[.])(js|json)$ )
[DEBUG] 2018-10-15 16:13:21,696 org.nutz.ioc.loader.json.JsonLoader.<init>(JsonLoader.java:49) - loading [org/nutz/integration/rabbitmq/rabbitmq.js]
[DEBUG] 2018-10-15 16:13:21,696 org.nutz.ioc.loader.json.JsonLoader.<init>(JsonLoader.java:57) - Loaded 2 bean define from path=[org/nutz/integration/rabbitmq/rabbitmq.js] --> [rabbitmq, rabbitmq_cf]
[INFO ] 2018-10-15 16:13:21,696 org.nutz.ioc.impl.NutIoc.<init>(NutIoc.java:98) - NutIoc init begin ...
[INFO ] 2018-10-15 16:13:21,696 org.nutz.ioc.impl.NutIoc.<init>(NutIoc.java:115) - ... NutIoc init complete
[DEBUG] 2018-10-15 16:13:21,697 org.nutz.ioc.impl.NutIoc.get(NutIoc.java:151) - Get 'conf'<class org.nutz.ioc.impl.PropertiesProxy>
[DEBUG] 2018-10-15 16:13:21,697 org.nutz.ioc.impl.NutIoc.get(NutIoc.java:151) - Get '$aop_1_plugin'<interface org.nutz.ioc.aop.config.AopConfigration>
[DEBUG] 2018-10-15 16:13:21,697 org.nutz.ioc.impl.NutIoc.get(NutIoc.java:177) - 	 >> Load definition name=$aop_1_plugin
[DEBUG] 2018-10-15 16:13:21,697 org.nutz.ioc.loader.combo.ComboIocLoader.load(ComboIocLoader.java:161) - Found IocObject($aop_1_plugin) in AnnotationIocLoader(packages=[cn.wizzer, org.nutz.apidoc])
[DEBUG] 2018-10-15 16:13:21,697 org.nutz.ioc.impl.NutIoc.get(NutIoc.java:209) - 	 >> Make...'$aop_1_plugin'<interface org.nutz.ioc.aop.config.AopConfigration>
[DEBUG] 2018-10-15 16:13:21,697 org.nutz.ioc.impl.ScopeContext.save(ScopeContext.java:64) - Save object '$aop_1_plugin' to [app] 
[DEBUG] 2018-10-15 16:13:21,698 org.nutz.ioc.impl.NutIoc.get(NutIoc.java:151) - Get 'dynamicInterceptor'<class cn.wizzer.app.web.commons.plugin.DynamicInterceptor>
[DEBUG] 2018-10-15 16:13:21,698 org.nutz.ioc.impl.NutIoc.get(NutIoc.java:177) - 	 >> Load definition name=dynamicInterceptor
[DEBUG] 2018-10-15 16:13:21,698 org.nutz.ioc.loader.combo.ComboIocLoader.load(ComboIocLoader.java:161) - Found IocObject(dynamicInterceptor) in AnnotationIocLoader(packages=[cn.wizzer, org.nutz.apidoc])
[DEBUG] 2018-10-15 16:13:21,698 org.nutz.ioc.impl.NutIoc.get(NutIoc.java:209) - 	 >> Make...'dynamicInterceptor'<class cn.wizzer.app.web.commons.plugin.DynamicInterceptor>
[DEBUG] 2018-10-15 16:13:21,698 org.nutz.ioc.impl.ScopeContext.save(ScopeContext.java:64) - Save object 'dynamicInterceptor' to [app] 
[DEBUG] 2018-10-15 16:13:21,699 org.nutz.ioc.impl.NutIoc.get(NutIoc.java:151) - Get '$aop_async'<interface org.nutz.ioc.aop.config.AopConfigration>
[DEBUG] 2018-10-15 16:13:21,699 org.nutz.ioc.impl.NutIoc.get(NutIoc.java:177) - 	 >> Load definition name=$aop_async
[DEBUG] 2018-10-15 16:13:21,699 org.nutz.ioc.loader.combo.ComboIocLoader.load(ComboIocLoader.java:161) - Found IocObject($aop_async) in AsyncAopIocLoader@412111214
[DEBUG] 2018-10-15 16:13:21,699 org.nutz.ioc.impl.NutIoc.get(NutIoc.java:209) - 	 >> Make...'$aop_async'<interface org.nutz.ioc.aop.config.AopConfigration>
[DEBUG] 2018-10-15 16:13:21,699 org.nutz.ioc.impl.ScopeContext.save(ScopeContext.java:64) - Save object '$aop_async' to [app] 
[DEBUG] 2018-10-15 16:13:21,700 org.nutz.ioc.impl.NutIoc.get(NutIoc.java:151) - Get '$aop_syslog'<interface org.nutz.ioc.aop.config.AopConfigration>
[DEBUG] 2018-10-15 16:13:21,700 org.nutz.ioc.impl.NutIoc.get(NutIoc.java:177) - 	 >> Load definition name=$aop_syslog
[DEBUG] 2018-10-15 16:13:21,700 org.nutz.ioc.loader.combo.ComboIocLoader.load(ComboIocLoader.java:161) - Found IocObject($aop_syslog) in AnnotationIocLoader(packages=[cn.wizzer, org.nutz.apidoc])
[DEBUG] 2018-10-15 16:13:21,700 org.nutz.ioc.impl.NutIoc.get(NutIoc.java:209) - 	 >> Make...'$aop_syslog'<interface org.nutz.ioc.aop.config.AopConfigration>
[DEBUG] 2018-10-15 16:13:21,700 org.nutz.ioc.impl.ScopeContext.save(ScopeContext.java:64) - Save object '$aop_syslog' to [app] 
[DEBUG] 2018-10-15 16:13:21,700 org.nutz.ioc.aop.SimpleAopMaker.<init>(SimpleAopMaker.java:79) - Load AopConfigure for anno=cn.wizzer.app.web.commons.slog.annotation.SLog by type=cn.wizzer.app.web.commons.slog.SLogAopConfigration
[DEBUG] 2018-10-15 16:13:21,701 org.nutz.ioc.aop.SimpleAopMaker.<init>(SimpleAopMaker.java:79) - Load AopConfigure for anno=org.nutz.ioc.aop.Aop by type=org.nutz.ioc.aop.config.impl.AnnotationAopConfigration
[DEBUG] 2018-10-15 16:13:21,701 org.nutz.ioc.impl.NutIoc.get(NutIoc.java:177) - 	 >> Load definition name=conf
[DEBUG] 2018-10-15 16:13:21,701 org.nutz.ioc.loader.map.MapLoader.load(MapLoader.java:67) - Loading define for name=conf
[DEBUG] 2018-10-15 16:13:21,701 org.nutz.ioc.loader.combo.ComboIocLoader.load(ComboIocLoader.java:161) - Found IocObject(conf) in JsonLoader(paths=[config/ioc/])
[DEBUG] 2018-10-15 16:13:21,701 org.nutz.ioc.impl.NutIoc.get(NutIoc.java:209) - 	 >> Make...'conf'<class org.nutz.ioc.impl.PropertiesProxy>
[DEBUG] 2018-10-15 16:13:21,701 cn.wizzer.app.web.commons.plugin.PluginAopConfigure.getInterceptorPairList(PluginAopConfigure.java:33) - skip -- org.nutz.ioc.impl.PropertiesProxy
[DEBUG] 2018-10-15 16:13:21,702 org.nutz.ioc.aop.impl.DefaultMirrorFactory.getMirror(DefaultMirrorFactory.java:70) - Load class org.nutz.ioc.impl.PropertiesProxy without AOP
[DEBUG] 2018-10-15 16:13:21,702 org.nutz.ioc.impl.ScopeContext.save(ScopeContext.java:64) - Save object 'conf' to [app] 
[DEBUG] 2018-10-15 16:13:21,706 org.nutz.resource.Scans.scan(Scans.java:274) - Found 4 resource by src( config/custom/ ) , regex( ^.+[.]properties$ )
[DEBUG] 2018-10-15 16:13:21,706 org.nutz.ioc.impl.PropertiesProxy.setPaths(PropertiesProxy.java:113) - load properties from File[C:\Users\Administrator\IdeaProjects\XA-Instrument\wk-app\wk-web\target\classes\config\custom\db.properties]
[DEBUG] 2018-10-15 16:13:21,707 org.nutz.ioc.impl.PropertiesProxy.setPaths(PropertiesProxy.java:113) - load properties from File[C:\Users\Administrator\IdeaProjects\XA-Instrument\wk-app\wk-web\target\classes\config\custom\mail.properties]
[DEBUG] 2018-10-15 16:13:21,707 org.nutz.ioc.impl.PropertiesProxy.setPaths(PropertiesProxy.java:113) - load properties from File[C:\Users\Administrator\IdeaProjects\XA-Instrument\wk-app\wk-web\target\classes\config\custom\rabbit.properties]
[DEBUG] 2018-10-15 16:13:21,709 org.nutz.ioc.impl.PropertiesProxy.setPaths(PropertiesProxy.java:113) - load properties from File[C:\Users\Administrator\IdeaProjects\XA-Instrument\wk-app\wk-web\target\classes\config\custom\redis.properties]
[DEBUG] 2018-10-15 16:13:21,710 org.nutz.ioc.impl.NutIoc.get(NutIoc.java:151) - Get 'simpleTest'<class cn.wizzer.test.SimpleTest>
[DEBUG] 2018-10-15 16:13:21,710 org.nutz.ioc.impl.NutIoc.get(NutIoc.java:177) - 	 >> Load definition name=simpleTest
[DEBUG] 2018-10-15 16:13:21,710 org.nutz.ioc.loader.combo.ComboIocLoader.load(ComboIocLoader.java:161) - Found IocObject(simpleTest) in AnnotationIocLoader(packages=[cn.wizzer, org.nutz.apidoc])
[DEBUG] 2018-10-15 16:13:21,710 org.nutz.ioc.impl.NutIoc.get(NutIoc.java:209) - 	 >> Make...'simpleTest'<class cn.wizzer.test.SimpleTest>
[DEBUG] 2018-10-15 16:13:21,710 cn.wizzer.app.web.commons.plugin.PluginAopConfigure.getInterceptorPairList(PluginAopConfigure.java:33) - skip -- cn.wizzer.test.SimpleTest
[DEBUG] 2018-10-15 16:13:21,711 org.nutz.ioc.aop.impl.DefaultMirrorFactory.getMirror(DefaultMirrorFactory.java:70) - Load class cn.wizzer.test.SimpleTest without AOP
[DEBUG] 2018-10-15 16:13:21,711 org.nutz.ioc.impl.ScopeContext.save(ScopeContext.java:64) - Save object 'simpleTest' to [app] 
[DEBUG] 2018-10-15 16:13:21,714 org.nutz.ioc.impl.NutIoc.get(NutIoc.java:151) - Get 'dao'<interface org.nutz.dao.Dao>
[DEBUG] 2018-10-15 16:13:21,714 org.nutz.ioc.impl.NutIoc.get(NutIoc.java:177) - 	 >> Load definition name=dao
[DEBUG] 2018-10-15 16:13:21,714 org.nutz.ioc.loader.map.MapLoader.load(MapLoader.java:67) - Loading define for name=dao
[DEBUG] 2018-10-15 16:13:21,714 org.nutz.ioc.loader.combo.ComboIocLoader.load(ComboIocLoader.java:161) - Found IocObject(dao) in JsonLoader(paths=[config/ioc/])
[DEBUG] 2018-10-15 16:13:21,714 org.nutz.ioc.impl.NutIoc.get(NutIoc.java:209) - 	 >> Make...'dao'<interface org.nutz.dao.Dao>
[DEBUG] 2018-10-15 16:13:21,715 cn.wizzer.app.web.commons.plugin.PluginAopConfigure.getInterceptorPairList(PluginAopConfigure.java:33) - skip -- org.nutz.dao.impl.NutDao
[DEBUG] 2018-10-15 16:13:21,715 org.nutz.ioc.aop.impl.DefaultMirrorFactory.getMirror(DefaultMirrorFactory.java:70) - Load class org.nutz.dao.impl.NutDao without AOP
[DEBUG] 2018-10-15 16:13:21,715 org.nutz.ioc.impl.ScopeContext.save(ScopeContext.java:64) - Save object 'dao' to [app] 
[DEBUG] 2018-10-15 16:13:21,715 org.nutz.ioc.impl.NutIoc.get(NutIoc.java:151) - Get 'dataSource'<>
[DEBUG] 2018-10-15 16:13:21,715 org.nutz.ioc.impl.NutIoc.get(NutIoc.java:177) - 	 >> Load definition name=dataSource
[DEBUG] 2018-10-15 16:13:21,715 org.nutz.ioc.loader.map.MapLoader.load(MapLoader.java:67) - Loading define for name=dataSource
[DEBUG] 2018-10-15 16:13:21,715 org.nutz.ioc.loader.combo.ComboIocLoader.load(ComboIocLoader.java:161) - Found IocObject(dataSource) in JsonLoader(paths=[config/ioc/])
[DEBUG] 2018-10-15 16:13:21,715 org.nutz.ioc.impl.NutIoc.get(NutIoc.java:209) - 	 >> Make...'dataSource'<>
[DEBUG] 2018-10-15 16:13:21,715 cn.wizzer.app.web.commons.plugin.PluginAopConfigure.getInterceptorPairList(PluginAopConfigure.java:33) - skip -- com.alibaba.druid.pool.DruidDataSource
[DEBUG] 2018-10-15 16:13:21,716 org.nutz.ioc.aop.impl.DefaultMirrorFactory.getMirror(DefaultMirrorFactory.java:70) - Load class com.alibaba.druid.pool.DruidDataSource without AOP
[DEBUG] 2018-10-15 16:13:21,716 org.nutz.ioc.impl.ScopeContext.save(ScopeContext.java:64) - Save object 'dataSource' to [app] 
[DEBUG] 2018-10-15 16:13:21,716 org.nutz.ioc.impl.NutIoc.get(NutIoc.java:151) - Get 'conf'<>
[DEBUG] 2018-10-15 16:13:21,717 org.nutz.ioc.impl.ScopeContext.remove(ScopeContext.java:84) - Remove object 'dataSource' from [app] 
[DEBUG] 2018-10-15 16:13:21,717 org.nutz.ioc.impl.ScopeContext.remove(ScopeContext.java:84) - Remove object 'dao' from [app] 
[DEBUG] 2018-10-15 16:13:21,717 org.nutz.ioc.impl.ScopeContext.remove(ScopeContext.java:84) - Remove object 'simpleTest' from [app] 
]]></system-out>
  </testcase>
  <testcase name="testOrder19" classname="cn.wizzer.test.SimpleTest" time="0">
    <error message="IocBean[simpleTest] throw Exception when creating" type="org.nutz.ioc.IocException">org.nutz.ioc.IocException: IocBean[simpleTest] throw Exception when creating
Caused by: java.lang.RuntimeException: IocBean[simpleTest] fail at field=[dao]
Caused by: org.nutz.ioc.IocException: IocBean[dao -> dataSource] throw Exception when creating
Caused by: java.lang.IllegalArgumentException: Failed to decrypt.
Caused by: java.lang.IllegalArgumentException: String length must be a multiple of four.
</error>
    <system-out><![CDATA[[INFO ] 2018-10-15 16:13:21,718 org.nutz.ioc.impl.NutIoc.depose(NutIoc.java:255) - org.nutz.ioc.impl.NutIoc@362827515 is closing. startup date [18-10-15 16:13:21.696]
[DEBUG] 2018-10-15 16:13:21,718 org.nutz.ioc.impl.ScopeContext.clear(ScopeContext.java:108) - Depose object 'conf' ...
[DEBUG] 2018-10-15 16:13:21,718 org.nutz.ioc.impl.ScopeContext.clear(ScopeContext.java:108) - Depose object '$aop_syslog' ...
[DEBUG] 2018-10-15 16:13:21,718 org.nutz.ioc.impl.ScopeContext.clear(ScopeContext.java:108) - Depose object '$aop_async' ...
[DEBUG] 2018-10-15 16:13:21,718 org.nutz.ioc.impl.ScopeContext.clear(ScopeContext.java:108) - Depose object 'dynamicInterceptor' ...
[DEBUG] 2018-10-15 16:13:21,718 org.nutz.ioc.impl.ScopeContext.clear(ScopeContext.java:108) - Depose object '$aop_1_plugin' ...
[INFO ] 2018-10-15 16:13:21,718 org.nutz.ioc.impl.NutIoc.depose(NutIoc.java:262) - org.nutz.ioc.impl.NutIoc@362827515 is deposed. startup date [18-10-15 16:13:21.696]
[DEBUG] 2018-10-15 16:13:21,722 org.nutz.resource.Scans.scan(Scans.java:274) - Found 4 resource by src( config/ioc/ ) , regex( ^(.+[.])(js|json)$ )
[DEBUG] 2018-10-15 16:13:21,722 org.nutz.ioc.loader.json.JsonLoader.<init>(JsonLoader.java:49) - loading [dao.json]
[DEBUG] 2018-10-15 16:13:21,723 org.nutz.ioc.loader.json.JsonLoader.<init>(JsonLoader.java:49) - loading [ehcache.json]
[DEBUG] 2018-10-15 16:13:21,723 org.nutz.ioc.loader.json.JsonLoader.<init>(JsonLoader.java:49) - loading [mail.json]
[DEBUG] 2018-10-15 16:13:21,724 org.nutz.ioc.loader.json.JsonLoader.<init>(JsonLoader.java:49) - loading [upload.json]
[DEBUG] 2018-10-15 16:13:21,724 org.nutz.ioc.loader.json.JsonLoader.<init>(JsonLoader.java:57) - Loaded 15 bean define from path=[config/ioc/] --> [videoUpload, conf, uploadVideoContext, imageUpload, fileUpload, cacheManager, dao, cacheProvider, emailAuthenticator, uploadFileContext, htmlEmail, cacheExecutor, tmpFilePool, uploadImageContext, dataSource]
[DEBUG] 2018-10-15 16:13:21,904 org.nutz.resource.Scans.scan(Scans.java:274) - Found 452 resource by src( cn/wizzer/ ) , regex( ^.+[.]class$ )
[DEBUG] 2018-10-15 16:13:21,907 org.nutz.ioc.loader.annotation.AnnotationIocLoader.addClass(AnnotationIocLoader.java:76) - Found @IocBean : class cn.wizzer.framework.util.StringUtil
[DEBUG] 2018-10-15 16:13:21,907 org.nutz.ioc.loader.annotation.AnnotationIocLoader.addClass(AnnotationIocLoader.java:76) - Found @IocBean : class cn.wizzer.framework.util.CookieUtil
[DEBUG] 2018-10-15 16:13:21,907 org.nutz.ioc.loader.annotation.AnnotationIocLoader.addClass(AnnotationIocLoader.java:76) - Found @IocBean : class cn.wizzer.framework.ig.RedisIdGenerator
[DEBUG] 2018-10-15 16:13:21,908 org.nutz.ioc.loader.annotation.AnnotationIocLoader.addClass(AnnotationIocLoader.java:76) - Found @IocBean : class cn.wizzer.framework.util.DateUtil
[DEBUG] 2018-10-15 16:13:21,908 org.nutz.ioc.loader.annotation.AnnotationIocLoader.addClass(AnnotationIocLoader.java:76) - Found @IocBean : class cn.wizzer.framework.shiro.interceptor.NutShiroMethodInterceptor
[DEBUG] 2018-10-15 16:13:21,908 org.nutz.ioc.loader.annotation.AnnotationIocLoader.addClass(AnnotationIocLoader.java:76) - Found @IocBean : class cn.wizzer.framework.util.IdcardUtil
[DEBUG] 2018-10-15 16:13:21,908 org.nutz.ioc.loader.annotation.AnnotationIocLoader.addClass(AnnotationIocLoader.java:76) - Found @IocBean : class cn.wizzer.framework.rabbit.RabbitProducer
[DEBUG] 2018-10-15 16:13:21,908 org.nutz.ioc.loader.annotation.AnnotationIocLoader.addClass(AnnotationIocLoader.java:76) - Found @IocBean : class cn.wizzer.framework.util.RSAUtil
[DEBUG] 2018-10-15 16:13:21,909 org.nutz.ioc.loader.annotation.AnnotationIocLoader.addClass(AnnotationIocLoader.java:76) - Found @IocBean : class cn.wizzer.framework.util.ShiroUtil
[DEBUG] 2018-10-15 16:13:21,909 org.nutz.ioc.loader.annotation.AnnotationIocLoader.addClass(AnnotationIocLoader.java:76) - Found @IocBean : class cn.wizzer.framework.util.Code128Util
[DEBUG] 2018-10-15 16:13:21,909 org.nutz.ioc.loader.annotation.AnnotationIocLoader.addClass(AnnotationIocLoader.java:76) - Found @IocBean : class cn.wizzer.app.base.modules.services.impl.BaseAirmeterialServiceImpl
[DEBUG] 2018-10-15 16:13:21,909 org.nutz.ioc.loader.annotation.AnnotationIocLoader.addClass(AnnotationIocLoader.java:76) - Found @IocBean : class cn.wizzer.app.base.modules.services.impl.BaseAirportServiceImpl
[DEBUG] 2018-10-15 16:13:21,909 org.nutz.ioc.loader.annotation.AnnotationIocLoader.addClass(AnnotationIocLoader.java:76) - Found @IocBean : class cn.wizzer.app.base.modules.services.impl.BaseCnctobjServiceImpl
[DEBUG] 2018-10-15 16:13:21,909 org.nutz.ioc.loader.annotation.AnnotationIocLoader.addClass(AnnotationIocLoader.java:76) - Found @IocBean : class cn.wizzer.app.base.modules.services.impl.BaseCustomerServiceImpl
[DEBUG] 2018-10-15 16:13:21,909 org.nutz.ioc.loader.annotation.AnnotationIocLoader.addClass(AnnotationIocLoader.java:76) - Found @IocBean : class cn.wizzer.app.base.modules.services.impl.BaseDeptServiceImpl
[DEBUG] 2018-10-15 16:13:21,909 org.nutz.ioc.loader.annotation.AnnotationIocLoader.addClass(AnnotationIocLoader.java:76) - Found @IocBean : class cn.wizzer.app.base.modules.services.impl.BaseJobServiceImpl
[DEBUG] 2018-10-15 16:13:21,910 org.nutz.ioc.loader.annotation.AnnotationIocLoader.addClass(AnnotationIocLoader.java:76) - Found @IocBean : class cn.wizzer.app.base.modules.services.impl.BasePersonpoolServiceImpl
[DEBUG] 2018-10-15 16:13:21,910 org.nutz.ioc.loader.annotation.AnnotationIocLoader.addClass(AnnotationIocLoader.java:76) - Found @IocBean : class cn.wizzer.app.base.modules.services.impl.BasePersonServiceImpl
[DEBUG] 2018-10-15 16:13:21,910 org.nutz.ioc.loader.annotation.AnnotationIocLoader.addClass(AnnotationIocLoader.java:76) - Found @IocBean : class cn.wizzer.app.base.modules.services.impl.BasePlaceServiceImpl
[DEBUG] 2018-10-15 16:13:21,910 org.nutz.ioc.loader.annotation.AnnotationIocLoader.addClass(AnnotationIocLoader.java:76) - Found @IocBean : class cn.wizzer.app.base.modules.services.impl.BasePostServiceImpl
[DEBUG] 2018-10-15 16:13:21,910 org.nutz.ioc.loader.annotation.AnnotationIocLoader.addClass(AnnotationIocLoader.java:76) - Found @IocBean : class cn.wizzer.app.base.modules.services.impl.BaseRowofficeentryServiceImpl
[DEBUG] 2018-10-15 16:13:21,910 org.nutz.ioc.loader.annotation.AnnotationIocLoader.addClass(AnnotationIocLoader.java:76) - Found @IocBean : class cn.wizzer.app.base.modules.services.impl.BaseRowofficeServiceImpl
[DEBUG] 2018-10-15 16:13:21,910 org.nutz.ioc.loader.annotation.AnnotationIocLoader.addClass(AnnotationIocLoader.java:76) - Found @IocBean : class cn.wizzer.app.base.modules.services.impl.BaseVehicleServiceImpl
[DEBUG] 2018-10-15 16:13:21,910 org.nutz.ioc.loader.annotation.AnnotationIocLoader.addClass(AnnotationIocLoader.java:76) - Found @IocBean : class cn.wizzer.app.base.modules.services.impl.BaseWarehouseServiceImpl
[DEBUG] 2018-10-15 16:13:21,910 org.nutz.ioc.loader.annotation.AnnotationIocLoader.addClass(AnnotationIocLoader.java:76) - Found @IocBean : class cn.wizzer.app.cms.modules.services.impl.CmsArticleServiceImpl
[DEBUG] 2018-10-15 16:13:21,910 org.nutz.ioc.loader.annotation.AnnotationIocLoader.addClass(AnnotationIocLoader.java:76) - Found @IocBean : class cn.wizzer.app.cms.modules.services.impl.CmsChannelServiceImpl
[DEBUG] 2018-10-15 16:13:21,910 org.nutz.ioc.loader.annotation.AnnotationIocLoader.addClass(AnnotationIocLoader.java:76) - Found @IocBean : class cn.wizzer.app.cms.modules.services.impl.CmsLinkClassServiceImpl
[DEBUG] 2018-10-15 16:13:21,911 org.nutz.ioc.loader.annotation.AnnotationIocLoader.addClass(AnnotationIocLoader.java:76) - Found @IocBean : class cn.wizzer.app.cms.modules.services.impl.CmsLinkServiceImpl
[DEBUG] 2018-10-15 16:13:21,911 org.nutz.ioc.loader.annotation.AnnotationIocLoader.addClass(AnnotationIocLoader.java:76) - Found @IocBean : class cn.wizzer.app.cms.modules.services.impl.CmsSiteServiceImpl
[DEBUG] 2018-10-15 16:13:21,911 org.nutz.ioc.loader.annotation.AnnotationIocLoader.addClass(AnnotationIocLoader.java:76) - Found @IocBean : class cn.wizzer.app.ins.modules.services.impl.InsBaseinsServiceImpl
[DEBUG] 2018-10-15 16:13:21,911 org.nutz.ioc.loader.annotation.AnnotationIocLoader.addClass(AnnotationIocLoader.java:76) - Found @IocBean : class cn.wizzer.app.ins.modules.services.impl.InsBaseinsSpaceServiceImpl
[DEBUG] 2018-10-15 16:13:21,911 org.nutz.ioc.loader.annotation.AnnotationIocLoader.addClass(AnnotationIocLoader.java:76) - Found @IocBean : class cn.wizzer.app.ins.modules.services.impl.InsCabinetServiceImpl
[DEBUG] 2018-10-15 16:13:21,911 org.nutz.ioc.loader.annotation.AnnotationIocLoader.addClass(AnnotationIocLoader.java:76) - Found @IocBean : class cn.wizzer.app.ins.modules.services.impl.InsCommonServiceImpl
[DEBUG] 2018-10-15 16:13:21,911 org.nutz.ioc.loader.annotation.AnnotationIocLoader.addClass(AnnotationIocLoader.java:76) - Found @IocBean : class cn.wizzer.app.ins.modules.services.impl.InsInstrumentServiceImpl
[DEBUG] 2018-10-15 16:13:21,911 org.nutz.ioc.loader.annotation.AnnotationIocLoader.addClass(AnnotationIocLoader.java:76) - Found @IocBean : class cn.wizzer.app.ins.modules.services.impl.InsLockServiceImpl
[DEBUG] 2018-10-15 16:13:21,911 org.nutz.ioc.loader.annotation.AnnotationIocLoader.addClass(AnnotationIocLoader.java:76) - Found @IocBean : class cn.wizzer.app.ins.modules.services.impl.InsOrderentryServiceImpl
[DEBUG] 2018-10-15 16:13:21,911 org.nutz.ioc.loader.annotation.AnnotationIocLoader.addClass(AnnotationIocLoader.java:76) - Found @IocBean : class cn.wizzer.app.ins.modules.services.impl.InsOrderServiceImpl
[DEBUG] 2018-10-15 16:13:21,912 org.nutz.ioc.loader.annotation.AnnotationIocLoader.addClass(AnnotationIocLoader.java:76) - Found @IocBean : class cn.wizzer.app.ins.modules.services.impl.InsRepairServiceImpl
[DEBUG] 2018-10-15 16:13:21,912 org.nutz.ioc.loader.annotation.AnnotationIocLoader.addClass(AnnotationIocLoader.java:76) - Found @IocBean : class cn.wizzer.app.ins.modules.services.impl.InsRepairtrackServiceImpl
[DEBUG] 2018-10-15 16:13:21,912 org.nutz.ioc.loader.annotation.AnnotationIocLoader.addClass(AnnotationIocLoader.java:76) - Found @IocBean : class cn.wizzer.app.ins.modules.services.impl.InsRfheadServiceImpl
[DEBUG] 2018-10-15 16:13:21,912 org.nutz.ioc.loader.annotation.AnnotationIocLoader.addClass(AnnotationIocLoader.java:76) - Found @IocBean : class cn.wizzer.app.ins.modules.services.impl.InsRfidServiceImpl
[DEBUG] 2018-10-15 16:13:21,912 org.nutz.ioc.loader.annotation.AnnotationIocLoader.addClass(AnnotationIocLoader.java:76) - Found @IocBean : class cn.wizzer.app.ins.modules.services.impl.InsSpaceServiceImpl
[DEBUG] 2018-10-15 16:13:21,912 org.nutz.ioc.loader.annotation.AnnotationIocLoader.addClass(AnnotationIocLoader.java:76) - Found @IocBean : class cn.wizzer.app.ins.modules.services.impl.InsToolcabinetServiceImpl
[DEBUG] 2018-10-15 16:13:21,912 org.nutz.ioc.loader.annotation.AnnotationIocLoader.addClass(AnnotationIocLoader.java:76) - Found @IocBean : class cn.wizzer.app.ins.modules.services.impl.InsTransmitServiceImpl
[DEBUG] 2018-10-15 16:13:21,912 org.nutz.ioc.loader.annotation.AnnotationIocLoader.addClass(AnnotationIocLoader.java:76) - Found @IocBean : class cn.wizzer.app.logistics.modules.services.impl.LogisticsDeliveryorderentryServiceImpl
[DEBUG] 2018-10-15 16:13:21,912 org.nutz.ioc.loader.annotation.AnnotationIocLoader.addClass(AnnotationIocLoader.java:76) - Found @IocBean : class cn.wizzer.app.logistics.modules.services.impl.LogisticsDeliveryorderServiceImpl
[DEBUG] 2018-10-15 16:13:21,912 org.nutz.ioc.loader.annotation.AnnotationIocLoader.addClass(AnnotationIocLoader.java:76) - Found @IocBean : class cn.wizzer.app.logistics.modules.services.impl.LogisticsEntourageServiceImpl
[DEBUG] 2018-10-15 16:13:21,912 org.nutz.ioc.loader.annotation.AnnotationIocLoader.addClass(AnnotationIocLoader.java:76) - Found @IocBean : class cn.wizzer.app.logistics.modules.services.impl.LogisticsOrderdeliveryServiceImpl
[DEBUG] 2018-10-15 16:13:21,913 org.nutz.ioc.loader.annotation.AnnotationIocLoader.addClass(AnnotationIocLoader.java:76) - Found @IocBean : class cn.wizzer.app.logistics.modules.services.impl.LogisticsOrderentryServiceImpl
[DEBUG] 2018-10-15 16:13:21,913 org.nutz.ioc.loader.annotation.AnnotationIocLoader.addClass(AnnotationIocLoader.java:76) - Found @IocBean : class cn.wizzer.app.logistics.modules.services.impl.LogisticsOrderplanentryServiceImpl
[DEBUG] 2018-10-15 16:13:21,913 org.nutz.ioc.loader.annotation.AnnotationIocLoader.addClass(AnnotationIocLoader.java:76) - Found @IocBean : class cn.wizzer.app.logistics.modules.services.impl.LogisticsOrderplanServiceImpl
[DEBUG] 2018-10-15 16:13:21,913 org.nutz.ioc.loader.annotation.AnnotationIocLoader.addClass(AnnotationIocLoader.java:76) - Found @IocBean : class cn.wizzer.app.logistics.modules.services.impl.LogisticsOrderrejectServiceImpl
[DEBUG] 2018-10-15 16:13:21,913 org.nutz.ioc.loader.annotation.AnnotationIocLoader.addClass(AnnotationIocLoader.java:76) - Found @IocBean : class cn.wizzer.app.logistics.modules.services.impl.LogisticsOrderServiceImpl
[DEBUG] 2018-10-15 16:13:21,913 org.nutz.ioc.loader.annotation.AnnotationIocLoader.addClass(AnnotationIocLoader.java:76) - Found @IocBean : class cn.wizzer.app.logistics.modules.services.impl.LogisticsOrderstepServiceImpl
[DEBUG] 2018-10-15 16:13:21,913 org.nutz.ioc.loader.annotation.AnnotationIocLoader.addClass(AnnotationIocLoader.java:76) - Found @IocBean : class cn.wizzer.app.logistics.modules.services.impl.LogisticsSendapprovalServiceImpl
[DEBUG] 2018-10-15 16:13:21,913 org.nutz.ioc.loader.annotation.AnnotationIocLoader.addClass(AnnotationIocLoader.java:76) - Found @IocBean : class cn.wizzer.app.logistics.modules.services.impl.LogisticsSendgoodsServiceImpl
[DEBUG] 2018-10-15 16:13:21,914 org.nutz.ioc.loader.annotation.AnnotationIocLoader.addClass(AnnotationIocLoader.java:76) - Found @IocBean : class cn.wizzer.app.logistics.modules.services.impl.LogisticsSendplanServiceImpl
[DEBUG] 2018-10-15 16:13:21,914 org.nutz.ioc.loader.annotation.AnnotationIocLoader.addClass(AnnotationIocLoader.java:76) - Found @IocBean : class cn.wizzer.app.logistics.modules.services.impl.LogisticsSendtraceServiceImpl
[DEBUG] 2018-10-15 16:13:21,914 org.nutz.ioc.loader.annotation.AnnotationIocLoader.addClass(AnnotationIocLoader.java:76) - Found @IocBean : class cn.wizzer.app.logistics.modules.services.impl.LogisticsUnplanServiceImpl
[DEBUG] 2018-10-15 16:13:21,914 org.nutz.ioc.loader.annotation.AnnotationIocLoader.addClass(AnnotationIocLoader.java:76) - Found @IocBean : class cn.wizzer.app.sys.modules.services.impl.SysApiServiceImpl
[DEBUG] 2018-10-15 16:13:21,914 org.nutz.ioc.loader.annotation.AnnotationIocLoader.addClass(AnnotationIocLoader.java:76) - Found @IocBean : class cn.wizzer.app.sys.modules.services.impl.SysBarcodeServiceImpl
[DEBUG] 2018-10-15 16:13:21,914 org.nutz.ioc.loader.annotation.AnnotationIocLoader.addClass(AnnotationIocLoader.java:76) - Found @IocBean : class cn.wizzer.app.sys.modules.services.impl.SysConfigServiceImpl
[DEBUG] 2018-10-15 16:13:21,914 org.nutz.ioc.loader.annotation.AnnotationIocLoader.addClass(AnnotationIocLoader.java:76) - Found @IocBean : class cn.wizzer.app.sys.modules.services.impl.SysDictServiceImpl
[DEBUG] 2018-10-15 16:13:21,915 org.nutz.ioc.loader.annotation.AnnotationIocLoader.addClass(AnnotationIocLoader.java:76) - Found @IocBean : class cn.wizzer.app.sys.modules.services.impl.SysLogServiceImpl
[DEBUG] 2018-10-15 16:13:21,915 org.nutz.ioc.loader.annotation.AnnotationIocLoader.addClass(AnnotationIocLoader.java:76) - Found @IocBean : class cn.wizzer.app.sys.modules.services.impl.SysMenuServiceImpl
[DEBUG] 2018-10-15 16:13:21,915 org.nutz.ioc.loader.annotation.AnnotationIocLoader.addClass(AnnotationIocLoader.java:76) - Found @IocBean : class cn.wizzer.app.sys.modules.services.impl.SysMobileServiceImpl
[DEBUG] 2018-10-15 16:13:21,915 org.nutz.ioc.loader.annotation.AnnotationIocLoader.addClass(AnnotationIocLoader.java:76) - Found @IocBean : class cn.wizzer.app.sys.modules.services.impl.SysPluginServiceImpl
[DEBUG] 2018-10-15 16:13:21,915 org.nutz.ioc.loader.annotation.AnnotationIocLoader.addClass(AnnotationIocLoader.java:76) - Found @IocBean : class cn.wizzer.app.sys.modules.services.impl.SysRegistauditServiceImpl
[DEBUG] 2018-10-15 16:13:21,915 org.nutz.ioc.loader.annotation.AnnotationIocLoader.addClass(AnnotationIocLoader.java:76) - Found @IocBean : class cn.wizzer.app.sys.modules.services.impl.SysRoleServiceImpl
[DEBUG] 2018-10-15 16:13:21,915 org.nutz.ioc.loader.annotation.AnnotationIocLoader.addClass(AnnotationIocLoader.java:76) - Found @IocBean : class cn.wizzer.app.sys.modules.services.impl.SysRouteServiceImpl
[DEBUG] 2018-10-15 16:13:21,916 org.nutz.ioc.loader.annotation.AnnotationIocLoader.addClass(AnnotationIocLoader.java:76) - Found @IocBean : class cn.wizzer.app.sys.modules.services.impl.SysTaskServiceImpl
[DEBUG] 2018-10-15 16:13:21,916 org.nutz.ioc.loader.annotation.AnnotationIocLoader.addClass(AnnotationIocLoader.java:76) - Found @IocBean : class cn.wizzer.app.sys.modules.services.impl.SysTempuserServiceImpl
[DEBUG] 2018-10-15 16:13:21,916 org.nutz.ioc.loader.annotation.AnnotationIocLoader.addClass(AnnotationIocLoader.java:76) - Found @IocBean : class cn.wizzer.app.sys.modules.services.impl.SysUnitServiceImpl
[DEBUG] 2018-10-15 16:13:21,916 org.nutz.ioc.loader.annotation.AnnotationIocLoader.addClass(AnnotationIocLoader.java:76) - Found @IocBean : class cn.wizzer.app.sys.modules.services.impl.SysUserServiceImpl
[DEBUG] 2018-10-15 16:13:21,916 org.nutz.ioc.loader.annotation.AnnotationIocLoader.addClass(AnnotationIocLoader.java:76) - Found @IocBean : class cn.wizzer.app.sys.modules.services.impl.SysVersionServiceImpl
[DEBUG] 2018-10-15 16:13:21,916 org.nutz.ioc.loader.annotation.AnnotationIocLoader.addClass(AnnotationIocLoader.java:76) - Found @IocBean : class cn.wizzer.app.sys.modules.services.impl.SysWxDeptServiceImpl
[DEBUG] 2018-10-15 16:13:21,916 org.nutz.ioc.loader.annotation.AnnotationIocLoader.addClass(AnnotationIocLoader.java:76) - Found @IocBean : class cn.wizzer.app.sys.modules.services.impl.SysWxServiceImpl
[DEBUG] 2018-10-15 16:13:21,916 org.nutz.ioc.loader.annotation.AnnotationIocLoader.addClass(AnnotationIocLoader.java:76) - Found @IocBean : class cn.wizzer.app.sys.modules.services.impl.SysWxUserServiceImpl
[DEBUG] 2018-10-15 16:13:21,917 org.nutz.ioc.loader.annotation.AnnotationIocLoader.addClass(AnnotationIocLoader.java:76) - Found @IocBean : class cn.wizzer.app.web.commons.plugin.DynamicInterceptor
[DEBUG] 2018-10-15 16:13:21,917 org.nutz.ioc.loader.annotation.AnnotationIocLoader.addClass(AnnotationIocLoader.java:76) - Found @IocBean : class cn.wizzer.app.web.commons.plugin.PluginAopConfigure
[DEBUG] 2018-10-15 16:13:21,917 org.nutz.ioc.loader.annotation.AnnotationIocLoader.addClass(AnnotationIocLoader.java:76) - Found @IocBean : class cn.wizzer.app.web.commons.plugin.PluginMaster
[DEBUG] 2018-10-15 16:13:21,917 org.nutz.ioc.loader.annotation.AnnotationIocLoader.addClass(AnnotationIocLoader.java:76) - Found @IocBean : class cn.wizzer.app.web.commons.quartz.job.orderExecute
[DEBUG] 2018-10-15 16:13:21,917 org.nutz.ioc.loader.annotation.AnnotationIocLoader.addClass(AnnotationIocLoader.java:76) - Found @IocBean : class cn.wizzer.app.web.commons.quartz.job.TestJob
[DEBUG] 2018-10-15 16:13:21,917 org.nutz.ioc.loader.annotation.AnnotationIocLoader.addClass(AnnotationIocLoader.java:76) - Found @IocBean : class cn.wizzer.app.web.commons.services.email.EmailService
[DEBUG] 2018-10-15 16:13:21,917 org.nutz.ioc.loader.annotation.AnnotationIocLoader.addClass(AnnotationIocLoader.java:76) - Found @IocBean : class cn.wizzer.app.web.commons.services.qrcode.QrcodeService
[DEBUG] 2018-10-15 16:13:21,917 org.nutz.ioc.loader.annotation.AnnotationIocLoader.addClass(AnnotationIocLoader.java:76) - Found @IocBean : class cn.wizzer.app.web.commons.services.wx.TplService
[DEBUG] 2018-10-15 16:13:21,918 org.nutz.ioc.loader.annotation.AnnotationIocLoader.addClass(AnnotationIocLoader.java:76) - Found @IocBean : class cn.wizzer.app.web.commons.services.wx.WxHandler
[DEBUG] 2018-10-15 16:13:21,918 org.nutz.ioc.loader.annotation.AnnotationIocLoader.addClass(AnnotationIocLoader.java:76) - Found @IocBean : class cn.wizzer.app.web.commons.shiro.realm.PlatformAuthorizingRealm
[DEBUG] 2018-10-15 16:13:21,918 org.nutz.ioc.loader.annotation.AnnotationIocLoader.addClass(AnnotationIocLoader.java:76) - Found @IocBean : class cn.wizzer.app.web.commons.slog.SLogAopConfigration
[DEBUG] 2018-10-15 16:13:21,918 org.nutz.ioc.loader.annotation.AnnotationIocLoader.addClass(AnnotationIocLoader.java:76) - Found @IocBean : class cn.wizzer.app.web.commons.slog.SLogService
[DEBUG] 2018-10-15 16:13:21,918 org.nutz.ioc.loader.annotation.AnnotationIocLoader.addClass(AnnotationIocLoader.java:76) - Found @IocBean : class cn.wizzer.app.web.modules.controllers.front.wx.CmsController
[DEBUG] 2018-10-15 16:13:21,918 org.nutz.ioc.loader.annotation.AnnotationIocLoader.addClass(AnnotationIocLoader.java:76) - Found @IocBean : class cn.wizzer.app.web.modules.controllers.front.wx.WechatController
[DEBUG] 2018-10-15 16:13:21,918 org.nutz.ioc.loader.annotation.AnnotationIocLoader.addClass(AnnotationIocLoader.java:76) - Found @IocBean : class cn.wizzer.app.web.modules.controllers.open.api.mobile.MobileBaseController
[DEBUG] 2018-10-15 16:13:21,918 org.nutz.ioc.loader.annotation.AnnotationIocLoader.addClass(AnnotationIocLoader.java:76) - Found @IocBean : class cn.wizzer.app.web.modules.controllers.open.api.mobile.MobileInsController
[DEBUG] 2018-10-15 16:13:21,918 org.nutz.ioc.loader.annotation.AnnotationIocLoader.addClass(AnnotationIocLoader.java:76) - Found @IocBean : class cn.wizzer.app.web.modules.controllers.open.api.mobile.MobileOrderController
[DEBUG] 2018-10-15 16:13:21,918 org.nutz.ioc.loader.annotation.AnnotationIocLoader.addClass(AnnotationIocLoader.java:76) - Found @IocBean : class cn.wizzer.app.web.modules.controllers.open.api.mobile.MobileSysController
[DEBUG] 2018-10-15 16:13:21,918 org.nutz.ioc.loader.annotation.AnnotationIocLoader.addClass(AnnotationIocLoader.java:76) - Found @IocBean : class cn.wizzer.app.web.modules.controllers.open.api.pad.PadInsController
[DEBUG] 2018-10-15 16:13:21,919 org.nutz.ioc.loader.annotation.AnnotationIocLoader.addClass(AnnotationIocLoader.java:76) - Found @IocBean : class cn.wizzer.app.web.modules.controllers.open.api.pad.PadOrderController
[DEBUG] 2018-10-15 16:13:21,919 org.nutz.ioc.loader.annotation.AnnotationIocLoader.addClass(AnnotationIocLoader.java:76) - Found @IocBean : class cn.wizzer.app.web.modules.controllers.open.api.pad.PadSysController
[DEBUG] 2018-10-15 16:13:21,919 org.nutz.ioc.loader.annotation.AnnotationIocLoader.addClass(AnnotationIocLoader.java:76) - Found @IocBean : class cn.wizzer.app.web.modules.controllers.open.api.test.ApiTestController
[DEBUG] 2018-10-15 16:13:21,919 org.nutz.ioc.loader.annotation.AnnotationIocLoader.addClass(AnnotationIocLoader.java:76) - Found @IocBean : class cn.wizzer.app.web.modules.controllers.open.api.token.TokenController
[DEBUG] 2018-10-15 16:13:21,919 org.nutz.ioc.loader.annotation.AnnotationIocLoader.addClass(AnnotationIocLoader.java:76) - Found @IocBean : class cn.wizzer.app.web.modules.controllers.open.api.userpermission.UserpermissionController
[DEBUG] 2018-10-15 16:13:21,919 org.nutz.ioc.loader.annotation.AnnotationIocLoader.addClass(AnnotationIocLoader.java:76) - Found @IocBean : class cn.wizzer.app.web.modules.controllers.open.file.UploadController
[DEBUG] 2018-10-15 16:13:21,919 org.nutz.ioc.loader.annotation.AnnotationIocLoader.addClass(AnnotationIocLoader.java:76) - Found @IocBean : class cn.wizzer.app.web.modules.controllers.open.pay.WxPayBackController
[DEBUG] 2018-10-15 16:13:21,919 org.nutz.ioc.loader.annotation.AnnotationIocLoader.addClass(AnnotationIocLoader.java:76) - Found @IocBean : class cn.wizzer.app.web.modules.controllers.open.ueditor.BdController
[DEBUG] 2018-10-15 16:13:21,919 org.nutz.ioc.loader.annotation.AnnotationIocLoader.addClass(AnnotationIocLoader.java:76) - Found @IocBean : class cn.wizzer.app.web.modules.controllers.open.ueditor.WxController
[DEBUG] 2018-10-15 16:13:21,919 org.nutz.ioc.loader.annotation.AnnotationIocLoader.addClass(AnnotationIocLoader.java:76) - Found @IocBean : class cn.wizzer.app.web.modules.controllers.open.wx.WeixinController
[DEBUG] 2018-10-15 16:13:21,919 org.nutz.ioc.loader.annotation.AnnotationIocLoader.addClass(AnnotationIocLoader.java:76) - Found @IocBean : class cn.wizzer.app.web.modules.controllers.platform.base.BaseAirmeterialController
[DEBUG] 2018-10-15 16:13:21,919 org.nutz.ioc.loader.annotation.AnnotationIocLoader.addClass(AnnotationIocLoader.java:76) - Found @IocBean : class cn.wizzer.app.web.modules.controllers.platform.base.BaseAirportController
[DEBUG] 2018-10-15 16:13:21,919 org.nutz.ioc.loader.annotation.AnnotationIocLoader.addClass(AnnotationIocLoader.java:76) - Found @IocBean : class cn.wizzer.app.web.modules.controllers.platform.base.BaseCnctobjController
[DEBUG] 2018-10-15 16:13:21,920 org.nutz.ioc.loader.annotation.AnnotationIocLoader.addClass(AnnotationIocLoader.java:76) - Found @IocBean : class cn.wizzer.app.web.modules.controllers.platform.base.BaseCustomerController
[DEBUG] 2018-10-15 16:13:21,920 org.nutz.ioc.loader.annotation.AnnotationIocLoader.addClass(AnnotationIocLoader.java:76) - Found @IocBean : class cn.wizzer.app.web.modules.controllers.platform.base.BaseDeptController
[DEBUG] 2018-10-15 16:13:21,920 org.nutz.ioc.loader.annotation.AnnotationIocLoader.addClass(AnnotationIocLoader.java:76) - Found @IocBean : class cn.wizzer.app.web.modules.controllers.platform.base.BaseJobController
[DEBUG] 2018-10-15 16:13:21,920 org.nutz.ioc.loader.annotation.AnnotationIocLoader.addClass(AnnotationIocLoader.java:76) - Found @IocBean : class cn.wizzer.app.web.modules.controllers.platform.base.BasePersonController
[DEBUG] 2018-10-15 16:13:21,920 org.nutz.ioc.loader.annotation.AnnotationIocLoader.addClass(AnnotationIocLoader.java:76) - Found @IocBean : class cn.wizzer.app.web.modules.controllers.platform.base.BasePersonpoolController
[DEBUG] 2018-10-15 16:13:21,920 org.nutz.ioc.loader.annotation.AnnotationIocLoader.addClass(AnnotationIocLoader.java:76) - Found @IocBean : class cn.wizzer.app.web.modules.controllers.platform.base.BasePlaceController
[DEBUG] 2018-10-15 16:13:21,920 org.nutz.ioc.loader.annotation.AnnotationIocLoader.addClass(AnnotationIocLoader.java:76) - Found @IocBean : class cn.wizzer.app.web.modules.controllers.platform.base.BasePostController
[DEBUG] 2018-10-15 16:13:21,920 org.nutz.ioc.loader.annotation.AnnotationIocLoader.addClass(AnnotationIocLoader.java:76) - Found @IocBean : class cn.wizzer.app.web.modules.controllers.platform.base.BaseRowofficeController
[DEBUG] 2018-10-15 16:13:21,920 org.nutz.ioc.loader.annotation.AnnotationIocLoader.addClass(AnnotationIocLoader.java:76) - Found @IocBean : class cn.wizzer.app.web.modules.controllers.platform.base.BaseRowofficeentryController
[DEBUG] 2018-10-15 16:13:21,920 org.nutz.ioc.loader.annotation.AnnotationIocLoader.addClass(AnnotationIocLoader.java:76) - Found @IocBean : class cn.wizzer.app.web.modules.controllers.platform.base.BaseVehicleController
[DEBUG] 2018-10-15 16:13:21,920 org.nutz.ioc.loader.annotation.AnnotationIocLoader.addClass(AnnotationIocLoader.java:76) - Found @IocBean : class cn.wizzer.app.web.modules.controllers.platform.base.BaseWarehouseController
[DEBUG] 2018-10-15 16:13:21,920 org.nutz.ioc.loader.annotation.AnnotationIocLoader.addClass(AnnotationIocLoader.java:76) - Found @IocBean : class cn.wizzer.app.web.modules.controllers.platform.cms.CmsArticleController
[DEBUG] 2018-10-15 16:13:21,920 org.nutz.ioc.loader.annotation.AnnotationIocLoader.addClass(AnnotationIocLoader.java:76) - Found @IocBean : class cn.wizzer.app.web.modules.controllers.platform.cms.CmsChannelController
[DEBUG] 2018-10-15 16:13:21,921 org.nutz.ioc.loader.annotation.AnnotationIocLoader.addClass(AnnotationIocLoader.java:76) - Found @IocBean : class cn.wizzer.app.web.modules.controllers.platform.cms.CmsLinkClassController
[DEBUG] 2018-10-15 16:13:21,921 org.nutz.ioc.loader.annotation.AnnotationIocLoader.addClass(AnnotationIocLoader.java:76) - Found @IocBean : class cn.wizzer.app.web.modules.controllers.platform.cms.CmsLinkController
[DEBUG] 2018-10-15 16:13:21,921 org.nutz.ioc.loader.annotation.AnnotationIocLoader.addClass(AnnotationIocLoader.java:76) - Found @IocBean : class cn.wizzer.app.web.modules.controllers.platform.cms.CmsSiteController
[DEBUG] 2018-10-15 16:13:21,921 org.nutz.ioc.loader.annotation.AnnotationIocLoader.addClass(AnnotationIocLoader.java:76) - Found @IocBean : class cn.wizzer.app.web.modules.controllers.platform.ins.InsBaseinsController
[DEBUG] 2018-10-15 16:13:21,921 org.nutz.ioc.loader.annotation.AnnotationIocLoader.addClass(AnnotationIocLoader.java:76) - Found @IocBean : class cn.wizzer.app.web.modules.controllers.platform.ins.InsBaseinsSpaceController
[DEBUG] 2018-10-15 16:13:21,921 org.nutz.ioc.loader.annotation.AnnotationIocLoader.addClass(AnnotationIocLoader.java:76) - Found @IocBean : class cn.wizzer.app.web.modules.controllers.platform.ins.InsCabinetController
[DEBUG] 2018-10-15 16:13:21,921 org.nutz.ioc.loader.annotation.AnnotationIocLoader.addClass(AnnotationIocLoader.java:76) - Found @IocBean : class cn.wizzer.app.web.modules.controllers.platform.ins.InsCommonController
[DEBUG] 2018-10-15 16:13:21,921 org.nutz.ioc.loader.annotation.AnnotationIocLoader.addClass(AnnotationIocLoader.java:76) - Found @IocBean : class cn.wizzer.app.web.modules.controllers.platform.ins.InsInstrumentController
[DEBUG] 2018-10-15 16:13:21,921 org.nutz.ioc.loader.annotation.AnnotationIocLoader.addClass(AnnotationIocLoader.java:76) - Found @IocBean : class cn.wizzer.app.web.modules.controllers.platform.ins.InsLockController
[DEBUG] 2018-10-15 16:13:21,921 org.nutz.ioc.loader.annotation.AnnotationIocLoader.addClass(AnnotationIocLoader.java:76) - Found @IocBean : class cn.wizzer.app.web.modules.controllers.platform.ins.InsOrderController
[DEBUG] 2018-10-15 16:13:21,921 org.nutz.ioc.loader.annotation.AnnotationIocLoader.addClass(AnnotationIocLoader.java:76) - Found @IocBean : class cn.wizzer.app.web.modules.controllers.platform.ins.InsOrderentryController
[DEBUG] 2018-10-15 16:13:21,921 org.nutz.ioc.loader.annotation.AnnotationIocLoader.addClass(AnnotationIocLoader.java:76) - Found @IocBean : class cn.wizzer.app.web.modules.controllers.platform.ins.InsRepairController
[DEBUG] 2018-10-15 16:13:21,921 org.nutz.ioc.loader.annotation.AnnotationIocLoader.addClass(AnnotationIocLoader.java:76) - Found @IocBean : class cn.wizzer.app.web.modules.controllers.platform.ins.InsRepairtrackController
[DEBUG] 2018-10-15 16:13:21,922 org.nutz.ioc.loader.annotation.AnnotationIocLoader.addClass(AnnotationIocLoader.java:76) - Found @IocBean : class cn.wizzer.app.web.modules.controllers.platform.ins.InsRfheadController
[DEBUG] 2018-10-15 16:13:21,922 org.nutz.ioc.loader.annotation.AnnotationIocLoader.addClass(AnnotationIocLoader.java:76) - Found @IocBean : class cn.wizzer.app.web.modules.controllers.platform.ins.InsRfidController
[DEBUG] 2018-10-15 16:13:21,922 org.nutz.ioc.loader.annotation.AnnotationIocLoader.addClass(AnnotationIocLoader.java:76) - Found @IocBean : class cn.wizzer.app.web.modules.controllers.platform.ins.InsSpaceController
[DEBUG] 2018-10-15 16:13:21,922 org.nutz.ioc.loader.annotation.AnnotationIocLoader.addClass(AnnotationIocLoader.java:76) - Found @IocBean : class cn.wizzer.app.web.modules.controllers.platform.ins.InsToolcabinetController
[DEBUG] 2018-10-15 16:13:21,922 org.nutz.ioc.loader.annotation.AnnotationIocLoader.addClass(AnnotationIocLoader.java:76) - Found @IocBean : class cn.wizzer.app.web.modules.controllers.platform.ins.InsTransmitController
[DEBUG] 2018-10-15 16:13:21,922 org.nutz.ioc.loader.annotation.AnnotationIocLoader.addClass(AnnotationIocLoader.java:76) - Found @IocBean : class cn.wizzer.app.web.modules.controllers.platform.logistics.LogisticsDeliveryorderController
[DEBUG] 2018-10-15 16:13:21,922 org.nutz.ioc.loader.annotation.AnnotationIocLoader.addClass(AnnotationIocLoader.java:76) - Found @IocBean : class cn.wizzer.app.web.modules.controllers.platform.logistics.LogisticsDeliveryorderentryController
[DEBUG] 2018-10-15 16:13:21,922 org.nutz.ioc.loader.annotation.AnnotationIocLoader.addClass(AnnotationIocLoader.java:76) - Found @IocBean : class cn.wizzer.app.web.modules.controllers.platform.logistics.LogisticsEntourageController
[DEBUG] 2018-10-15 16:13:21,922 org.nutz.ioc.loader.annotation.AnnotationIocLoader.addClass(AnnotationIocLoader.java:76) - Found @IocBean : class cn.wizzer.app.web.modules.controllers.platform.logistics.LogisticsOrderController
[DEBUG] 2018-10-15 16:13:21,922 org.nutz.ioc.loader.annotation.AnnotationIocLoader.addClass(AnnotationIocLoader.java:76) - Found @IocBean : class cn.wizzer.app.web.modules.controllers.platform.logistics.LogisticsOrderdeliveryController
[DEBUG] 2018-10-15 16:13:21,922 org.nutz.ioc.loader.annotation.AnnotationIocLoader.addClass(AnnotationIocLoader.java:76) - Found @IocBean : class cn.wizzer.app.web.modules.controllers.platform.logistics.LogisticsOrderentryController
[DEBUG] 2018-10-15 16:13:21,922 org.nutz.ioc.loader.annotation.AnnotationIocLoader.addClass(AnnotationIocLoader.java:76) - Found @IocBean : class cn.wizzer.app.web.modules.controllers.platform.logistics.LogisticsOrderplanController
[DEBUG] 2018-10-15 16:13:21,922 org.nutz.ioc.loader.annotation.AnnotationIocLoader.addClass(AnnotationIocLoader.java:76) - Found @IocBean : class cn.wizzer.app.web.modules.controllers.platform.logistics.LogisticsOrderplanentryController
[DEBUG] 2018-10-15 16:13:21,923 org.nutz.ioc.loader.annotation.AnnotationIocLoader.addClass(AnnotationIocLoader.java:76) - Found @IocBean : class cn.wizzer.app.web.modules.controllers.platform.logistics.LogisticsOrderrejectController
[DEBUG] 2018-10-15 16:13:21,923 org.nutz.ioc.loader.annotation.AnnotationIocLoader.addClass(AnnotationIocLoader.java:76) - Found @IocBean : class cn.wizzer.app.web.modules.controllers.platform.logistics.LogisticsOrderstepController
[DEBUG] 2018-10-15 16:13:21,923 org.nutz.ioc.loader.annotation.AnnotationIocLoader.addClass(AnnotationIocLoader.java:76) - Found @IocBean : class cn.wizzer.app.web.modules.controllers.platform.logistics.LogisticsSendapprovalController
[DEBUG] 2018-10-15 16:13:21,923 org.nutz.ioc.loader.annotation.AnnotationIocLoader.addClass(AnnotationIocLoader.java:76) - Found @IocBean : class cn.wizzer.app.web.modules.controllers.platform.logistics.LogisticsSendgoodsController
[DEBUG] 2018-10-15 16:13:21,923 org.nutz.ioc.loader.annotation.AnnotationIocLoader.addClass(AnnotationIocLoader.java:76) - Found @IocBean : class cn.wizzer.app.web.modules.controllers.platform.logistics.LogisticsSendplanController
[DEBUG] 2018-10-15 16:13:21,923 org.nutz.ioc.loader.annotation.AnnotationIocLoader.addClass(AnnotationIocLoader.java:76) - Found @IocBean : class cn.wizzer.app.web.modules.controllers.platform.logistics.LogisticsSendtraceController
[DEBUG] 2018-10-15 16:13:21,923 org.nutz.ioc.loader.annotation.AnnotationIocLoader.addClass(AnnotationIocLoader.java:76) - Found @IocBean : class cn.wizzer.app.web.modules.controllers.platform.logistics.LogisticsUnplanController
[DEBUG] 2018-10-15 16:13:21,923 org.nutz.ioc.loader.annotation.AnnotationIocLoader.addClass(AnnotationIocLoader.java:76) - Found @IocBean : class cn.wizzer.app.web.modules.controllers.platform.sys.SysApiController
[DEBUG] 2018-10-15 16:13:21,923 org.nutz.ioc.loader.annotation.AnnotationIocLoader.addClass(AnnotationIocLoader.java:76) - Found @IocBean : class cn.wizzer.app.web.modules.controllers.platform.sys.SysBarcodeController
[DEBUG] 2018-10-15 16:13:21,923 org.nutz.ioc.loader.annotation.AnnotationIocLoader.addClass(AnnotationIocLoader.java:76) - Found @IocBean : class cn.wizzer.app.web.modules.controllers.platform.sys.SysConfController
[DEBUG] 2018-10-15 16:13:21,923 org.nutz.ioc.loader.annotation.AnnotationIocLoader.addClass(AnnotationIocLoader.java:76) - Found @IocBean : class cn.wizzer.app.web.modules.controllers.platform.sys.SysDictController
[DEBUG] 2018-10-15 16:13:21,923 org.nutz.ioc.loader.annotation.AnnotationIocLoader.addClass(AnnotationIocLoader.java:76) - Found @IocBean : class cn.wizzer.app.web.modules.controllers.platform.sys.SysHomeController
[DEBUG] 2018-10-15 16:13:21,923 org.nutz.ioc.loader.annotation.AnnotationIocLoader.addClass(AnnotationIocLoader.java:76) - Found @IocBean : class cn.wizzer.app.web.modules.controllers.platform.sys.SysLogController
[DEBUG] 2018-10-15 16:13:21,924 org.nutz.ioc.loader.annotation.AnnotationIocLoader.addClass(AnnotationIocLoader.java:76) - Found @IocBean : class cn.wizzer.app.web.modules.controllers.platform.sys.SysLoginController
[DEBUG] 2018-10-15 16:13:21,924 org.nutz.ioc.loader.annotation.AnnotationIocLoader.addClass(AnnotationIocLoader.java:76) - Found @IocBean : class cn.wizzer.app.web.modules.controllers.platform.sys.SysMenuController
[DEBUG] 2018-10-15 16:13:21,924 org.nutz.ioc.loader.annotation.AnnotationIocLoader.addClass(AnnotationIocLoader.java:76) - Found @IocBean : class cn.wizzer.app.web.modules.controllers.platform.sys.SysMobileController
[DEBUG] 2018-10-15 16:13:21,924 org.nutz.ioc.loader.annotation.AnnotationIocLoader.addClass(AnnotationIocLoader.java:76) - Found @IocBean : class cn.wizzer.app.web.modules.controllers.platform.sys.SysPluginController
[DEBUG] 2018-10-15 16:13:21,924 org.nutz.ioc.loader.annotation.AnnotationIocLoader.addClass(AnnotationIocLoader.java:76) - Found @IocBean : class cn.wizzer.app.web.modules.controllers.platform.sys.SysRegistauditController
[DEBUG] 2018-10-15 16:13:21,924 org.nutz.ioc.loader.annotation.AnnotationIocLoader.addClass(AnnotationIocLoader.java:76) - Found @IocBean : class cn.wizzer.app.web.modules.controllers.platform.sys.SysRoleController
[DEBUG] 2018-10-15 16:13:21,924 org.nutz.ioc.loader.annotation.AnnotationIocLoader.addClass(AnnotationIocLoader.java:76) - Found @IocBean : class cn.wizzer.app.web.modules.controllers.platform.sys.SysRouteController
[DEBUG] 2018-10-15 16:13:21,924 org.nutz.ioc.loader.annotation.AnnotationIocLoader.addClass(AnnotationIocLoader.java:76) - Found @IocBean : class cn.wizzer.app.web.modules.controllers.platform.sys.SysTaskController
[DEBUG] 2018-10-15 16:13:21,924 org.nutz.ioc.loader.annotation.AnnotationIocLoader.addClass(AnnotationIocLoader.java:76) - Found @IocBean : class cn.wizzer.app.web.modules.controllers.platform.sys.SysTempuserController
[DEBUG] 2018-10-15 16:13:21,924 org.nutz.ioc.loader.annotation.AnnotationIocLoader.addClass(AnnotationIocLoader.java:76) - Found @IocBean : class cn.wizzer.app.web.modules.controllers.platform.sys.SysUnitController
[DEBUG] 2018-10-15 16:13:21,924 org.nutz.ioc.loader.annotation.AnnotationIocLoader.addClass(AnnotationIocLoader.java:76) - Found @IocBean : class cn.wizzer.app.web.modules.controllers.platform.sys.SysUserController
[DEBUG] 2018-10-15 16:13:21,925 org.nutz.ioc.loader.annotation.AnnotationIocLoader.addClass(AnnotationIocLoader.java:76) - Found @IocBean : class cn.wizzer.app.web.modules.controllers.platform.sys.SysVersionController
[DEBUG] 2018-10-15 16:13:21,925 org.nutz.ioc.loader.annotation.AnnotationIocLoader.addClass(AnnotationIocLoader.java:76) - Found @IocBean : class cn.wizzer.app.web.modules.controllers.platform.sys.SysWxController
[DEBUG] 2018-10-15 16:13:21,925 org.nutz.ioc.loader.annotation.AnnotationIocLoader.addClass(AnnotationIocLoader.java:76) - Found @IocBean : class cn.wizzer.app.web.modules.controllers.platform.sys.SysWxDeptController
[DEBUG] 2018-10-15 16:13:21,925 org.nutz.ioc.loader.annotation.AnnotationIocLoader.addClass(AnnotationIocLoader.java:76) - Found @IocBean : class cn.wizzer.app.web.modules.controllers.platform.sys.SysWxUserController
[DEBUG] 2018-10-15 16:13:21,925 org.nutz.ioc.loader.annotation.AnnotationIocLoader.addClass(AnnotationIocLoader.java:76) - Found @IocBean : class cn.wizzer.app.web.modules.controllers.platform.wx.WxConfigController
[DEBUG] 2018-10-15 16:13:21,926 org.nutz.ioc.loader.annotation.AnnotationIocLoader.addClass(AnnotationIocLoader.java:76) - Found @IocBean : class cn.wizzer.app.web.modules.controllers.platform.wx.WxMassController
[DEBUG] 2018-10-15 16:13:21,926 org.nutz.ioc.loader.annotation.AnnotationIocLoader.addClass(AnnotationIocLoader.java:76) - Found @IocBean : class cn.wizzer.app.web.modules.controllers.platform.wx.WxMenuController
[DEBUG] 2018-10-15 16:13:21,926 org.nutz.ioc.loader.annotation.AnnotationIocLoader.addClass(AnnotationIocLoader.java:76) - Found @IocBean : class cn.wizzer.app.web.modules.controllers.platform.wx.WxMsgUserController
[DEBUG] 2018-10-15 16:13:21,926 org.nutz.ioc.loader.annotation.AnnotationIocLoader.addClass(AnnotationIocLoader.java:76) - Found @IocBean : class cn.wizzer.app.web.modules.controllers.platform.wx.WxPayTestController
[DEBUG] 2018-10-15 16:13:21,926 org.nutz.ioc.loader.annotation.AnnotationIocLoader.addClass(AnnotationIocLoader.java:76) - Found @IocBean : class cn.wizzer.app.web.modules.controllers.platform.wx.WxReplyController
[DEBUG] 2018-10-15 16:13:21,926 org.nutz.ioc.loader.annotation.AnnotationIocLoader.addClass(AnnotationIocLoader.java:76) - Found @IocBean : class cn.wizzer.app.web.modules.controllers.platform.wx.WxReplyNewsController
[DEBUG] 2018-10-15 16:13:21,926 org.nutz.ioc.loader.annotation.AnnotationIocLoader.addClass(AnnotationIocLoader.java:76) - Found @IocBean : class cn.wizzer.app.web.modules.controllers.platform.wx.WxReplyTxtController
[DEBUG] 2018-10-15 16:13:21,926 org.nutz.ioc.loader.annotation.AnnotationIocLoader.addClass(AnnotationIocLoader.java:76) - Found @IocBean : class cn.wizzer.app.web.modules.controllers.platform.wx.WxTplIdController
[DEBUG] 2018-10-15 16:13:21,926 org.nutz.ioc.loader.annotation.AnnotationIocLoader.addClass(AnnotationIocLoader.java:76) - Found @IocBean : class cn.wizzer.app.web.modules.controllers.platform.wx.WxTplListController
[DEBUG] 2018-10-15 16:13:21,926 org.nutz.ioc.loader.annotation.AnnotationIocLoader.addClass(AnnotationIocLoader.java:76) - Found @IocBean : class cn.wizzer.app.web.modules.controllers.platform.wx.WxTplLogController
[DEBUG] 2018-10-15 16:13:21,926 org.nutz.ioc.loader.annotation.AnnotationIocLoader.addClass(AnnotationIocLoader.java:76) - Found @IocBean : class cn.wizzer.app.web.modules.controllers.platform.wx.WxUserController
[DEBUG] 2018-10-15 16:13:21,927 org.nutz.ioc.loader.annotation.AnnotationIocLoader.addClass(AnnotationIocLoader.java:76) - Found @IocBean : class cn.wizzer.app.wx.modules.services.impl.WxConfigServiceImpl
[DEBUG] 2018-10-15 16:13:21,927 org.nutz.ioc.loader.annotation.AnnotationIocLoader.addClass(AnnotationIocLoader.java:76) - Found @IocBean : class cn.wizzer.app.wx.modules.services.impl.WxMassNewsServiceImpl
[DEBUG] 2018-10-15 16:13:21,927 org.nutz.ioc.loader.annotation.AnnotationIocLoader.addClass(AnnotationIocLoader.java:76) - Found @IocBean : class cn.wizzer.app.wx.modules.services.impl.WxMassSendServiceImpl
[DEBUG] 2018-10-15 16:13:21,927 org.nutz.ioc.loader.annotation.AnnotationIocLoader.addClass(AnnotationIocLoader.java:76) - Found @IocBean : class cn.wizzer.app.wx.modules.services.impl.WxMassServiceImpl
[DEBUG] 2018-10-15 16:13:21,928 org.nutz.ioc.loader.annotation.AnnotationIocLoader.addClass(AnnotationIocLoader.java:76) - Found @IocBean : class cn.wizzer.app.wx.modules.services.impl.WxMenuServiceImpl
[DEBUG] 2018-10-15 16:13:21,928 org.nutz.ioc.loader.annotation.AnnotationIocLoader.addClass(AnnotationIocLoader.java:76) - Found @IocBean : class cn.wizzer.app.wx.modules.services.impl.WxMsgReplyServiceImpl
[DEBUG] 2018-10-15 16:13:21,928 org.nutz.ioc.loader.annotation.AnnotationIocLoader.addClass(AnnotationIocLoader.java:76) - Found @IocBean : class cn.wizzer.app.wx.modules.services.impl.WxMsgServiceImpl
[DEBUG] 2018-10-15 16:13:21,928 org.nutz.ioc.loader.annotation.AnnotationIocLoader.addClass(AnnotationIocLoader.java:76) - Found @IocBean : class cn.wizzer.app.wx.modules.services.impl.WxReplyNewsServiceImpl
[DEBUG] 2018-10-15 16:13:21,928 org.nutz.ioc.loader.annotation.AnnotationIocLoader.addClass(AnnotationIocLoader.java:76) - Found @IocBean : class cn.wizzer.app.wx.modules.services.impl.WxReplyServiceImpl
[DEBUG] 2018-10-15 16:13:21,928 org.nutz.ioc.loader.annotation.AnnotationIocLoader.addClass(AnnotationIocLoader.java:76) - Found @IocBean : class cn.wizzer.app.wx.modules.services.impl.WxReplyTxtServiceImpl
[DEBUG] 2018-10-15 16:13:21,928 org.nutz.ioc.loader.annotation.AnnotationIocLoader.addClass(AnnotationIocLoader.java:76) - Found @IocBean : class cn.wizzer.app.wx.modules.services.impl.WxTplIdServiceImpl
[DEBUG] 2018-10-15 16:13:21,928 org.nutz.ioc.loader.annotation.AnnotationIocLoader.addClass(AnnotationIocLoader.java:76) - Found @IocBean : class cn.wizzer.app.wx.modules.services.impl.WxTplListServiceImpl
[DEBUG] 2018-10-15 16:13:21,929 org.nutz.ioc.loader.annotation.AnnotationIocLoader.addClass(AnnotationIocLoader.java:76) - Found @IocBean : class cn.wizzer.app.wx.modules.services.impl.WxTplLogServiceImpl
[DEBUG] 2018-10-15 16:13:21,929 org.nutz.ioc.loader.annotation.AnnotationIocLoader.addClass(AnnotationIocLoader.java:76) - Found @IocBean : class cn.wizzer.app.wx.modules.services.impl.WxUserServiceImpl
[DEBUG] 2018-10-15 16:13:21,929 org.nutz.ioc.loader.annotation.AnnotationIocLoader.addClass(AnnotationIocLoader.java:76) - Found @IocBean : class cn.wizzer.test.SimpleTest
[DEBUG] 2018-10-15 16:13:21,931 org.nutz.resource.Scans.scan(Scans.java:274) - Found 0 resource by src( org/nutz/apidoc/ ) , regex( ^.+[.]class$ )
[INFO ] 2018-10-15 16:13:21,931 org.nutz.ioc.loader.annotation.AnnotationIocLoader.<init>(AnnotationIocLoader.java:52) - Found 204 classes in 2 base-packages!
beans = ["wxTplListController", "uploadController", "wxReplyTxtServiceImpl", "logisticsSendplanController", "baseJobServiceImpl", "dateUtil", "qrcodeService", "logisticsSendgoodsServiceImpl", "logisticsOrderentryController", "insLockController", "baseRowofficeentryServiceImpl", "cmsChannelServiceImpl", "insBaseinsServiceImpl", "orderExecute", "cmsArticleController", "basePostController", "baseAirmeterialServiceImpl", "basePersonController", "logisticsOrderplanServiceImpl", "cmsLinkClassController", "basePostServiceImpl", "baseRowofficeServiceImpl", "baseJobController", "baseRowofficeController", "wxReplyController", "insRepairController", "sysConfigServiceImpl", "basePersonpoolController", "baseVehicleController", "wxMsgServiceImpl", "wxPayBackController", "logisticsUnplanController", "mobileInsController", "sysTaskController", "sysBarcodeController", "insTransmitController", "sysDictServiceImpl", "wxConfigServiceImpl", "baseAirportServiceImpl", "apiTestController", "sysMenuController", "cmsSiteServiceImpl", "mobileSysController", "cmsLinkController", "insCommonController", "logisticsOrderplanentryServiceImpl", "insInstrumentController", "sysRegistauditServiceImpl", "insLockServiceImpl", "insOrderController", "wechatController", "wxMsgUserController", "sysDictController", "sysWxUserController", "logisticsDeliveryorderentryController", "basePersonServiceImpl", "insOrderentryServiceImpl", "insRepairtrackController", "insInstrumentServiceImpl", "logisticsSendapprovalServiceImpl", "logisticsOrderdeliveryController", "wxTplListServiceImpl", "tplService", "sysPluginServiceImpl", "insRfheadController", "logisticsSendgoodsController", "mobileBaseController", "baseCnctobjServiceImpl", "nutShiroMethodInterceptor", "insCabinetServiceImpl", "basePlaceServiceImpl", "baseVehicleServiceImpl", "cmsLinkClassServiceImpl", "sysHomeController", "insRfheadServiceImpl", "sysMobileController", "wxMassServiceImpl", "logisticsOrderentryServiceImpl", "logisticsSendplanServiceImpl", "logisticsOrderrejectServiceImpl", "wxHandler", "cmsChannelController", "wxController", "rabbitProducer", "sysTaskServiceImpl", "sysVersionController", "shiroUtil", "wxReplyTxtController", "sysPluginController", "logisticsSendtraceController", "sysApiServiceImpl", "logisticsEntourageServiceImpl", "sLogService", "baseAirportController", "sysApiController", "wxTplIdController", "insSpaceServiceImpl", "logisticsOrderController", "sysTempuserController", "sysUserController", "platformAuthorizingRealm", "testJob", "$aop_1_plugin", "sysRegistauditController", "wxReplyNewsServiceImpl", "insTransmitServiceImpl", "sysLoginController", "wxTplLogServiceImpl", "sysUserServiceImpl", "sysRoleServiceImpl", "sysRouteController", "idcardUtil", "basePlaceController", "sysWxDeptController", "logisticsOrderplanentryController", "userpermissionController", "sysWxServiceImpl", "cmsController", "logisticsSendtraceServiceImpl", "insOrderentryController", "logisticsSendapprovalController", "wxMenuController", "insOrderServiceImpl", "weixinController", "code128Util", "insRepairServiceImpl", "logisticsOrderplanController", "wxMsgReplyServiceImpl", "logisticsOrderdeliveryServiceImpl", "cmsArticleServiceImpl", "baseCnctobjController", "baseCustomerController", "insBaseinsController", "insRfidServiceImpl", "cookieUtil", "baseRowofficeentryController", "logisticsOrderstepServiceImpl", "wxReplyServiceImpl", "bdController", "redisIdGenerator", "insBaseinsSpaceServiceImpl", "cmsSiteController", "logisticsDeliveryorderServiceImpl", "insCabinetController", "logisticsOrderServiceImpl", "sysWxDeptServiceImpl", "sysWxController", "mobileOrderController", "sysRoleController", "logisticsEntourageController", "insCommonServiceImpl", "sysUnitController", "padInsController", "wxMassSendServiceImpl", "logisticsDeliveryorderController", "rSAUtil", "wxConfigController", "stringUtil", "baseCustomerServiceImpl", "basePersonpoolServiceImpl", "insBaseinsSpaceController", "wxUserServiceImpl", "insSpaceController", "sysTempuserServiceImpl", "baseWarehouseServiceImpl", "insToolcabinetController", "sysWxUserServiceImpl", "dynamicInterceptor", "sysLogController", "wxMassController", "emailService", "baseWarehouseController", "insToolcabinetServiceImpl", "wxMenuServiceImpl", "wxReplyNewsController", "baseDeptServiceImpl", "sysRouteServiceImpl", "insRepairtrackServiceImpl", "wxMassNewsServiceImpl", "baseAirmeterialController", "sysMenuServiceImpl", "sysMobileServiceImpl", "simpleTest", "logisticsOrderstepController", "sysLogServiceImpl", "logisticsUnplanServiceImpl", "wxTplIdServiceImpl", "logisticsDeliveryorderentryServiceImpl", "$aop_syslog", "padSysController", "baseDeptController", "logisticsOrderrejectController", "padOrderController", "sysBarcodeServiceImpl", "wxTplLogController", "wxUserController", "wxPayTestController", "tokenController", "sysVersionServiceImpl", "cmsLinkServiceImpl", "sysUnitServiceImpl", "insRfidController", "sysConfController", "pluginMaster"]
[DEBUG] 2018-10-15 16:13:21,932 org.nutz.ioc.loader.combo.ComboIocLoader.createIocLoader(ComboIocLoader.java:110) - found jedis -- org.nutz.integration.jedis.JedisIocLoader
[DEBUG] 2018-10-15 16:13:21,933 org.nutz.resource.Scans.scan(Scans.java:274) - Found 1 resource by src( org/nutz/integration/jedis/jedis.js ) , regex( ^(.+[.])(js|json)$ )
[DEBUG] 2018-10-15 16:13:21,933 org.nutz.ioc.loader.json.JsonLoader.<init>(JsonLoader.java:49) - loading [org/nutz/integration/jedis/jedis.js]
[DEBUG] 2018-10-15 16:13:21,934 org.nutz.ioc.loader.json.JsonLoader.<init>(JsonLoader.java:57) - Loaded 9 bean define from path=[org/nutz/integration/jedis/jedis.js] --> [redisService, jedisCluster, jedisClusterNodes, jedisClusterWrapper, pubSubService, jedisPoolConfig, jedisPool, jedisAgent, redis]
[DEBUG] 2018-10-15 16:13:21,934 org.nutz.ioc.loader.json.JsonLoader.<init>(JsonLoader.java:40) - Loaded 5 bean define from reader --
[txREPEATABLE_READ, txSERIALIZABLE, txNONE, txREAD_UNCOMMITTED, txREAD_COMMITTED]
[DEBUG] 2018-10-15 16:13:21,936 org.nutz.ioc.loader.combo.ComboIocLoader.createIocLoader(ComboIocLoader.java:110) - found quartz -- org.nutz.integration.quartz.QuartzIocLoader
[DEBUG] 2018-10-15 16:13:21,936 org.nutz.ioc.loader.json.JsonLoader.<init>(JsonLoader.java:57) - Loaded 0 bean define from path=[] --> []
[DEBUG] 2018-10-15 16:13:21,937 org.nutz.ioc.aop.SimpleAopMaker.<init>(SimpleAopMaker.java:79) - Load AopConfigure for anno=org.nutz.aop.interceptor.async.Async by type=org.nutz.aop.interceptor.async.AsyncAopIocLoader
[DEBUG] 2018-10-15 16:13:21,939 org.nutz.ioc.loader.combo.ComboIocLoader.createIocLoader(ComboIocLoader.java:110) - found rabbitmq -- org.nutz.integration.rabbitmq.RabbitmqIocLoader
[DEBUG] 2018-10-15 16:13:21,942 org.nutz.resource.Scans.scan(Scans.java:274) - Found 1 resource by src( org/nutz/integration/rabbitmq/rabbitmq.js ) , regex( ^(.+[.])(js|json)$ )
[DEBUG] 2018-10-15 16:13:21,943 org.nutz.ioc.loader.json.JsonLoader.<init>(JsonLoader.java:49) - loading [org/nutz/integration/rabbitmq/rabbitmq.js]
[DEBUG] 2018-10-15 16:13:21,943 org.nutz.ioc.loader.json.JsonLoader.<init>(JsonLoader.java:57) - Loaded 2 bean define from path=[org/nutz/integration/rabbitmq/rabbitmq.js] --> [rabbitmq, rabbitmq_cf]
[INFO ] 2018-10-15 16:13:21,944 org.nutz.ioc.impl.NutIoc.<init>(NutIoc.java:98) - NutIoc init begin ...
[INFO ] 2018-10-15 16:13:21,944 org.nutz.ioc.impl.NutIoc.<init>(NutIoc.java:115) - ... NutIoc init complete
[DEBUG] 2018-10-15 16:13:21,944 org.nutz.ioc.impl.NutIoc.get(NutIoc.java:151) - Get 'conf'<class org.nutz.ioc.impl.PropertiesProxy>
[DEBUG] 2018-10-15 16:13:21,944 org.nutz.ioc.impl.NutIoc.get(NutIoc.java:151) - Get '$aop_1_plugin'<interface org.nutz.ioc.aop.config.AopConfigration>
[DEBUG] 2018-10-15 16:13:21,944 org.nutz.ioc.impl.NutIoc.get(NutIoc.java:177) - 	 >> Load definition name=$aop_1_plugin
[DEBUG] 2018-10-15 16:13:21,945 org.nutz.ioc.loader.combo.ComboIocLoader.load(ComboIocLoader.java:161) - Found IocObject($aop_1_plugin) in AnnotationIocLoader(packages=[cn.wizzer, org.nutz.apidoc])
[DEBUG] 2018-10-15 16:13:21,945 org.nutz.ioc.impl.NutIoc.get(NutIoc.java:209) - 	 >> Make...'$aop_1_plugin'<interface org.nutz.ioc.aop.config.AopConfigration>
[DEBUG] 2018-10-15 16:13:21,945 org.nutz.ioc.impl.ScopeContext.save(ScopeContext.java:64) - Save object '$aop_1_plugin' to [app] 
[DEBUG] 2018-10-15 16:13:21,945 org.nutz.ioc.impl.NutIoc.get(NutIoc.java:151) - Get 'dynamicInterceptor'<class cn.wizzer.app.web.commons.plugin.DynamicInterceptor>
[DEBUG] 2018-10-15 16:13:21,945 org.nutz.ioc.impl.NutIoc.get(NutIoc.java:177) - 	 >> Load definition name=dynamicInterceptor
[DEBUG] 2018-10-15 16:13:21,945 org.nutz.ioc.loader.combo.ComboIocLoader.load(ComboIocLoader.java:161) - Found IocObject(dynamicInterceptor) in AnnotationIocLoader(packages=[cn.wizzer, org.nutz.apidoc])
[DEBUG] 2018-10-15 16:13:21,945 org.nutz.ioc.impl.NutIoc.get(NutIoc.java:209) - 	 >> Make...'dynamicInterceptor'<class cn.wizzer.app.web.commons.plugin.DynamicInterceptor>
[DEBUG] 2018-10-15 16:13:21,946 org.nutz.ioc.impl.ScopeContext.save(ScopeContext.java:64) - Save object 'dynamicInterceptor' to [app] 
[DEBUG] 2018-10-15 16:13:21,946 org.nutz.ioc.impl.NutIoc.get(NutIoc.java:151) - Get '$aop_async'<interface org.nutz.ioc.aop.config.AopConfigration>
[DEBUG] 2018-10-15 16:13:21,946 org.nutz.ioc.impl.NutIoc.get(NutIoc.java:177) - 	 >> Load definition name=$aop_async
[DEBUG] 2018-10-15 16:13:21,946 org.nutz.ioc.loader.combo.ComboIocLoader.load(ComboIocLoader.java:161) - Found IocObject($aop_async) in AsyncAopIocLoader@542980314
[DEBUG] 2018-10-15 16:13:21,946 org.nutz.ioc.impl.NutIoc.get(NutIoc.java:209) - 	 >> Make...'$aop_async'<interface org.nutz.ioc.aop.config.AopConfigration>
[DEBUG] 2018-10-15 16:13:21,946 org.nutz.ioc.impl.ScopeContext.save(ScopeContext.java:64) - Save object '$aop_async' to [app] 
[DEBUG] 2018-10-15 16:13:21,947 org.nutz.ioc.impl.NutIoc.get(NutIoc.java:151) - Get '$aop_syslog'<interface org.nutz.ioc.aop.config.AopConfigration>
[DEBUG] 2018-10-15 16:13:21,947 org.nutz.ioc.impl.NutIoc.get(NutIoc.java:177) - 	 >> Load definition name=$aop_syslog
[DEBUG] 2018-10-15 16:13:21,947 org.nutz.ioc.loader.combo.ComboIocLoader.load(ComboIocLoader.java:161) - Found IocObject($aop_syslog) in AnnotationIocLoader(packages=[cn.wizzer, org.nutz.apidoc])
[DEBUG] 2018-10-15 16:13:21,947 org.nutz.ioc.impl.NutIoc.get(NutIoc.java:209) - 	 >> Make...'$aop_syslog'<interface org.nutz.ioc.aop.config.AopConfigration>
[DEBUG] 2018-10-15 16:13:21,947 org.nutz.ioc.impl.ScopeContext.save(ScopeContext.java:64) - Save object '$aop_syslog' to [app] 
[DEBUG] 2018-10-15 16:13:21,947 org.nutz.ioc.aop.SimpleAopMaker.<init>(SimpleAopMaker.java:79) - Load AopConfigure for anno=cn.wizzer.app.web.commons.slog.annotation.SLog by type=cn.wizzer.app.web.commons.slog.SLogAopConfigration
[DEBUG] 2018-10-15 16:13:21,948 org.nutz.ioc.aop.SimpleAopMaker.<init>(SimpleAopMaker.java:79) - Load AopConfigure for anno=org.nutz.ioc.aop.Aop by type=org.nutz.ioc.aop.config.impl.AnnotationAopConfigration
[DEBUG] 2018-10-15 16:13:21,948 org.nutz.ioc.impl.NutIoc.get(NutIoc.java:177) - 	 >> Load definition name=conf
[DEBUG] 2018-10-15 16:13:21,948 org.nutz.ioc.loader.map.MapLoader.load(MapLoader.java:67) - Loading define for name=conf
[DEBUG] 2018-10-15 16:13:21,948 org.nutz.ioc.loader.combo.ComboIocLoader.load(ComboIocLoader.java:161) - Found IocObject(conf) in JsonLoader(paths=[config/ioc/])
[DEBUG] 2018-10-15 16:13:21,948 org.nutz.ioc.impl.NutIoc.get(NutIoc.java:209) - 	 >> Make...'conf'<class org.nutz.ioc.impl.PropertiesProxy>
[DEBUG] 2018-10-15 16:13:21,948 cn.wizzer.app.web.commons.plugin.PluginAopConfigure.getInterceptorPairList(PluginAopConfigure.java:33) - skip -- org.nutz.ioc.impl.PropertiesProxy
[DEBUG] 2018-10-15 16:13:21,948 org.nutz.ioc.aop.impl.DefaultMirrorFactory.getMirror(DefaultMirrorFactory.java:70) - Load class org.nutz.ioc.impl.PropertiesProxy without AOP
[DEBUG] 2018-10-15 16:13:21,948 org.nutz.ioc.impl.ScopeContext.save(ScopeContext.java:64) - Save object 'conf' to [app] 
[DEBUG] 2018-10-15 16:13:21,951 org.nutz.resource.Scans.scan(Scans.java:274) - Found 4 resource by src( config/custom/ ) , regex( ^.+[.]properties$ )
[DEBUG] 2018-10-15 16:13:21,951 org.nutz.ioc.impl.PropertiesProxy.setPaths(PropertiesProxy.java:113) - load properties from File[C:\Users\Administrator\IdeaProjects\XA-Instrument\wk-app\wk-web\target\classes\config\custom\db.properties]
[DEBUG] 2018-10-15 16:13:21,952 org.nutz.ioc.impl.PropertiesProxy.setPaths(PropertiesProxy.java:113) - load properties from File[C:\Users\Administrator\IdeaProjects\XA-Instrument\wk-app\wk-web\target\classes\config\custom\mail.properties]
[DEBUG] 2018-10-15 16:13:21,953 org.nutz.ioc.impl.PropertiesProxy.setPaths(PropertiesProxy.java:113) - load properties from File[C:\Users\Administrator\IdeaProjects\XA-Instrument\wk-app\wk-web\target\classes\config\custom\rabbit.properties]
[DEBUG] 2018-10-15 16:13:21,954 org.nutz.ioc.impl.PropertiesProxy.setPaths(PropertiesProxy.java:113) - load properties from File[C:\Users\Administrator\IdeaProjects\XA-Instrument\wk-app\wk-web\target\classes\config\custom\redis.properties]
[DEBUG] 2018-10-15 16:13:21,954 org.nutz.ioc.impl.NutIoc.get(NutIoc.java:151) - Get 'simpleTest'<class cn.wizzer.test.SimpleTest>
[DEBUG] 2018-10-15 16:13:21,954 org.nutz.ioc.impl.NutIoc.get(NutIoc.java:177) - 	 >> Load definition name=simpleTest
[DEBUG] 2018-10-15 16:13:21,954 org.nutz.ioc.loader.combo.ComboIocLoader.load(ComboIocLoader.java:161) - Found IocObject(simpleTest) in AnnotationIocLoader(packages=[cn.wizzer, org.nutz.apidoc])
[DEBUG] 2018-10-15 16:13:21,954 org.nutz.ioc.impl.NutIoc.get(NutIoc.java:209) - 	 >> Make...'simpleTest'<class cn.wizzer.test.SimpleTest>
[DEBUG] 2018-10-15 16:13:21,955 cn.wizzer.app.web.commons.plugin.PluginAopConfigure.getInterceptorPairList(PluginAopConfigure.java:33) - skip -- cn.wizzer.test.SimpleTest
[DEBUG] 2018-10-15 16:13:21,955 org.nutz.ioc.aop.impl.DefaultMirrorFactory.getMirror(DefaultMirrorFactory.java:70) - Load class cn.wizzer.test.SimpleTest without AOP
[DEBUG] 2018-10-15 16:13:21,955 org.nutz.ioc.impl.ScopeContext.save(ScopeContext.java:64) - Save object 'simpleTest' to [app] 
[DEBUG] 2018-10-15 16:13:21,958 org.nutz.ioc.impl.NutIoc.get(NutIoc.java:151) - Get 'dao'<interface org.nutz.dao.Dao>
[DEBUG] 2018-10-15 16:13:21,958 org.nutz.ioc.impl.NutIoc.get(NutIoc.java:177) - 	 >> Load definition name=dao
[DEBUG] 2018-10-15 16:13:21,958 org.nutz.ioc.loader.map.MapLoader.load(MapLoader.java:67) - Loading define for name=dao
[DEBUG] 2018-10-15 16:13:21,958 org.nutz.ioc.loader.combo.ComboIocLoader.load(ComboIocLoader.java:161) - Found IocObject(dao) in JsonLoader(paths=[config/ioc/])
[DEBUG] 2018-10-15 16:13:21,958 org.nutz.ioc.impl.NutIoc.get(NutIoc.java:209) - 	 >> Make...'dao'<interface org.nutz.dao.Dao>
[DEBUG] 2018-10-15 16:13:21,958 cn.wizzer.app.web.commons.plugin.PluginAopConfigure.getInterceptorPairList(PluginAopConfigure.java:33) - skip -- org.nutz.dao.impl.NutDao
[DEBUG] 2018-10-15 16:13:21,959 org.nutz.ioc.aop.impl.DefaultMirrorFactory.getMirror(DefaultMirrorFactory.java:70) - Load class org.nutz.dao.impl.NutDao without AOP
[DEBUG] 2018-10-15 16:13:21,959 org.nutz.ioc.impl.ScopeContext.save(ScopeContext.java:64) - Save object 'dao' to [app] 
[DEBUG] 2018-10-15 16:13:21,959 org.nutz.ioc.impl.NutIoc.get(NutIoc.java:151) - Get 'dataSource'<>
[DEBUG] 2018-10-15 16:13:21,959 org.nutz.ioc.impl.NutIoc.get(NutIoc.java:177) - 	 >> Load definition name=dataSource
[DEBUG] 2018-10-15 16:13:21,959 org.nutz.ioc.loader.map.MapLoader.load(MapLoader.java:67) - Loading define for name=dataSource
[DEBUG] 2018-10-15 16:13:21,959 org.nutz.ioc.loader.combo.ComboIocLoader.load(ComboIocLoader.java:161) - Found IocObject(dataSource) in JsonLoader(paths=[config/ioc/])
[DEBUG] 2018-10-15 16:13:21,959 org.nutz.ioc.impl.NutIoc.get(NutIoc.java:209) - 	 >> Make...'dataSource'<>
[DEBUG] 2018-10-15 16:13:21,959 cn.wizzer.app.web.commons.plugin.PluginAopConfigure.getInterceptorPairList(PluginAopConfigure.java:33) - skip -- com.alibaba.druid.pool.DruidDataSource
[DEBUG] 2018-10-15 16:13:21,959 org.nutz.ioc.aop.impl.DefaultMirrorFactory.getMirror(DefaultMirrorFactory.java:70) - Load class com.alibaba.druid.pool.DruidDataSource without AOP
[DEBUG] 2018-10-15 16:13:21,959 org.nutz.ioc.impl.ScopeContext.save(ScopeContext.java:64) - Save object 'dataSource' to [app] 
[DEBUG] 2018-10-15 16:13:21,960 org.nutz.ioc.impl.NutIoc.get(NutIoc.java:151) - Get 'conf'<>
[DEBUG] 2018-10-15 16:13:21,961 org.nutz.ioc.impl.ScopeContext.remove(ScopeContext.java:84) - Remove object 'dataSource' from [app] 
[DEBUG] 2018-10-15 16:13:21,961 org.nutz.ioc.impl.ScopeContext.remove(ScopeContext.java:84) - Remove object 'dao' from [app] 
[DEBUG] 2018-10-15 16:13:21,961 org.nutz.ioc.impl.ScopeContext.remove(ScopeContext.java:84) - Remove object 'simpleTest' from [app] 
]]></system-out>
  </testcase>
  <testcase name="testOrder20" classname="cn.wizzer.test.SimpleTest" time="0.001">
    <error message="IocBean[simpleTest] throw Exception when creating" type="org.nutz.ioc.IocException">org.nutz.ioc.IocException: IocBean[simpleTest] throw Exception when creating
Caused by: java.lang.RuntimeException: IocBean[simpleTest] fail at field=[dao]
Caused by: org.nutz.ioc.IocException: IocBean[dao -> dataSource] throw Exception when creating
Caused by: java.lang.IllegalArgumentException: Failed to decrypt.
Caused by: java.lang.IllegalArgumentException: String length must be a multiple of four.
</error>
    <system-out><![CDATA[[INFO ] 2018-10-15 16:13:21,961 org.nutz.ioc.impl.NutIoc.depose(NutIoc.java:255) - org.nutz.ioc.impl.NutIoc@1766911337 is closing. startup date [18-10-15 16:13:21.944]
[DEBUG] 2018-10-15 16:13:21,962 org.nutz.ioc.impl.ScopeContext.clear(ScopeContext.java:108) - Depose object 'conf' ...
[DEBUG] 2018-10-15 16:13:21,962 org.nutz.ioc.impl.ScopeContext.clear(ScopeContext.java:108) - Depose object '$aop_syslog' ...
[DEBUG] 2018-10-15 16:13:21,962 org.nutz.ioc.impl.ScopeContext.clear(ScopeContext.java:108) - Depose object '$aop_async' ...
[DEBUG] 2018-10-15 16:13:21,962 org.nutz.ioc.impl.ScopeContext.clear(ScopeContext.java:108) - Depose object 'dynamicInterceptor' ...
[DEBUG] 2018-10-15 16:13:21,962 org.nutz.ioc.impl.ScopeContext.clear(ScopeContext.java:108) - Depose object '$aop_1_plugin' ...
[INFO ] 2018-10-15 16:13:21,962 org.nutz.ioc.impl.NutIoc.depose(NutIoc.java:262) - org.nutz.ioc.impl.NutIoc@1766911337 is deposed. startup date [18-10-15 16:13:21.944]
[DEBUG] 2018-10-15 16:13:21,966 org.nutz.resource.Scans.scan(Scans.java:274) - Found 4 resource by src( config/ioc/ ) , regex( ^(.+[.])(js|json)$ )
[DEBUG] 2018-10-15 16:13:21,966 org.nutz.ioc.loader.json.JsonLoader.<init>(JsonLoader.java:49) - loading [dao.json]
[DEBUG] 2018-10-15 16:13:21,967 org.nutz.ioc.loader.json.JsonLoader.<init>(JsonLoader.java:49) - loading [ehcache.json]
[DEBUG] 2018-10-15 16:13:21,967 org.nutz.ioc.loader.json.JsonLoader.<init>(JsonLoader.java:49) - loading [mail.json]
[DEBUG] 2018-10-15 16:13:21,967 org.nutz.ioc.loader.json.JsonLoader.<init>(JsonLoader.java:49) - loading [upload.json]
[DEBUG] 2018-10-15 16:13:21,968 org.nutz.ioc.loader.json.JsonLoader.<init>(JsonLoader.java:57) - Loaded 15 bean define from path=[config/ioc/] --> [videoUpload, conf, uploadVideoContext, imageUpload, fileUpload, cacheManager, dao, cacheProvider, emailAuthenticator, uploadFileContext, htmlEmail, cacheExecutor, tmpFilePool, uploadImageContext, dataSource]
[DEBUG] 2018-10-15 16:13:22,140 org.nutz.resource.Scans.scan(Scans.java:274) - Found 452 resource by src( cn/wizzer/ ) , regex( ^.+[.]class$ )
[DEBUG] 2018-10-15 16:13:22,143 org.nutz.ioc.loader.annotation.AnnotationIocLoader.addClass(AnnotationIocLoader.java:76) - Found @IocBean : class cn.wizzer.framework.util.StringUtil
[DEBUG] 2018-10-15 16:13:22,144 org.nutz.ioc.loader.annotation.AnnotationIocLoader.addClass(AnnotationIocLoader.java:76) - Found @IocBean : class cn.wizzer.framework.util.CookieUtil
[DEBUG] 2018-10-15 16:13:22,144 org.nutz.ioc.loader.annotation.AnnotationIocLoader.addClass(AnnotationIocLoader.java:76) - Found @IocBean : class cn.wizzer.framework.ig.RedisIdGenerator
[DEBUG] 2018-10-15 16:13:22,144 org.nutz.ioc.loader.annotation.AnnotationIocLoader.addClass(AnnotationIocLoader.java:76) - Found @IocBean : class cn.wizzer.framework.util.DateUtil
[DEBUG] 2018-10-15 16:13:22,144 org.nutz.ioc.loader.annotation.AnnotationIocLoader.addClass(AnnotationIocLoader.java:76) - Found @IocBean : class cn.wizzer.framework.shiro.interceptor.NutShiroMethodInterceptor
[DEBUG] 2018-10-15 16:13:22,144 org.nutz.ioc.loader.annotation.AnnotationIocLoader.addClass(AnnotationIocLoader.java:76) - Found @IocBean : class cn.wizzer.framework.util.IdcardUtil
[DEBUG] 2018-10-15 16:13:22,144 org.nutz.ioc.loader.annotation.AnnotationIocLoader.addClass(AnnotationIocLoader.java:76) - Found @IocBean : class cn.wizzer.framework.rabbit.RabbitProducer
[DEBUG] 2018-10-15 16:13:22,145 org.nutz.ioc.loader.annotation.AnnotationIocLoader.addClass(AnnotationIocLoader.java:76) - Found @IocBean : class cn.wizzer.framework.util.RSAUtil
[DEBUG] 2018-10-15 16:13:22,145 org.nutz.ioc.loader.annotation.AnnotationIocLoader.addClass(AnnotationIocLoader.java:76) - Found @IocBean : class cn.wizzer.framework.util.ShiroUtil
[DEBUG] 2018-10-15 16:13:22,145 org.nutz.ioc.loader.annotation.AnnotationIocLoader.addClass(AnnotationIocLoader.java:76) - Found @IocBean : class cn.wizzer.framework.util.Code128Util
[DEBUG] 2018-10-15 16:13:22,145 org.nutz.ioc.loader.annotation.AnnotationIocLoader.addClass(AnnotationIocLoader.java:76) - Found @IocBean : class cn.wizzer.app.base.modules.services.impl.BaseAirmeterialServiceImpl
[DEBUG] 2018-10-15 16:13:22,145 org.nutz.ioc.loader.annotation.AnnotationIocLoader.addClass(AnnotationIocLoader.java:76) - Found @IocBean : class cn.wizzer.app.base.modules.services.impl.BaseAirportServiceImpl
[DEBUG] 2018-10-15 16:13:22,145 org.nutz.ioc.loader.annotation.AnnotationIocLoader.addClass(AnnotationIocLoader.java:76) - Found @IocBean : class cn.wizzer.app.base.modules.services.impl.BaseCnctobjServiceImpl
[DEBUG] 2018-10-15 16:13:22,146 org.nutz.ioc.loader.annotation.AnnotationIocLoader.addClass(AnnotationIocLoader.java:76) - Found @IocBean : class cn.wizzer.app.base.modules.services.impl.BaseCustomerServiceImpl
[DEBUG] 2018-10-15 16:13:22,146 org.nutz.ioc.loader.annotation.AnnotationIocLoader.addClass(AnnotationIocLoader.java:76) - Found @IocBean : class cn.wizzer.app.base.modules.services.impl.BaseDeptServiceImpl
[DEBUG] 2018-10-15 16:13:22,146 org.nutz.ioc.loader.annotation.AnnotationIocLoader.addClass(AnnotationIocLoader.java:76) - Found @IocBean : class cn.wizzer.app.base.modules.services.impl.BaseJobServiceImpl
[DEBUG] 2018-10-15 16:13:22,146 org.nutz.ioc.loader.annotation.AnnotationIocLoader.addClass(AnnotationIocLoader.java:76) - Found @IocBean : class cn.wizzer.app.base.modules.services.impl.BasePersonpoolServiceImpl
[DEBUG] 2018-10-15 16:13:22,146 org.nutz.ioc.loader.annotation.AnnotationIocLoader.addClass(AnnotationIocLoader.java:76) - Found @IocBean : class cn.wizzer.app.base.modules.services.impl.BasePersonServiceImpl
[DEBUG] 2018-10-15 16:13:22,146 org.nutz.ioc.loader.annotation.AnnotationIocLoader.addClass(AnnotationIocLoader.java:76) - Found @IocBean : class cn.wizzer.app.base.modules.services.impl.BasePlaceServiceImpl
[DEBUG] 2018-10-15 16:13:22,146 org.nutz.ioc.loader.annotation.AnnotationIocLoader.addClass(AnnotationIocLoader.java:76) - Found @IocBean : class cn.wizzer.app.base.modules.services.impl.BasePostServiceImpl
[DEBUG] 2018-10-15 16:13:22,147 org.nutz.ioc.loader.annotation.AnnotationIocLoader.addClass(AnnotationIocLoader.java:76) - Found @IocBean : class cn.wizzer.app.base.modules.services.impl.BaseRowofficeentryServiceImpl
[DEBUG] 2018-10-15 16:13:22,147 org.nutz.ioc.loader.annotation.AnnotationIocLoader.addClass(AnnotationIocLoader.java:76) - Found @IocBean : class cn.wizzer.app.base.modules.services.impl.BaseRowofficeServiceImpl
[DEBUG] 2018-10-15 16:13:22,147 org.nutz.ioc.loader.annotation.AnnotationIocLoader.addClass(AnnotationIocLoader.java:76) - Found @IocBean : class cn.wizzer.app.base.modules.services.impl.BaseVehicleServiceImpl
[DEBUG] 2018-10-15 16:13:22,147 org.nutz.ioc.loader.annotation.AnnotationIocLoader.addClass(AnnotationIocLoader.java:76) - Found @IocBean : class cn.wizzer.app.base.modules.services.impl.BaseWarehouseServiceImpl
[DEBUG] 2018-10-15 16:13:22,148 org.nutz.ioc.loader.annotation.AnnotationIocLoader.addClass(AnnotationIocLoader.java:76) - Found @IocBean : class cn.wizzer.app.cms.modules.services.impl.CmsArticleServiceImpl
[DEBUG] 2018-10-15 16:13:22,148 org.nutz.ioc.loader.annotation.AnnotationIocLoader.addClass(AnnotationIocLoader.java:76) - Found @IocBean : class cn.wizzer.app.cms.modules.services.impl.CmsChannelServiceImpl
[DEBUG] 2018-10-15 16:13:22,148 org.nutz.ioc.loader.annotation.AnnotationIocLoader.addClass(AnnotationIocLoader.java:76) - Found @IocBean : class cn.wizzer.app.cms.modules.services.impl.CmsLinkClassServiceImpl
[DEBUG] 2018-10-15 16:13:22,148 org.nutz.ioc.loader.annotation.AnnotationIocLoader.addClass(AnnotationIocLoader.java:76) - Found @IocBean : class cn.wizzer.app.cms.modules.services.impl.CmsLinkServiceImpl
[DEBUG] 2018-10-15 16:13:22,148 org.nutz.ioc.loader.annotation.AnnotationIocLoader.addClass(AnnotationIocLoader.java:76) - Found @IocBean : class cn.wizzer.app.cms.modules.services.impl.CmsSiteServiceImpl
[DEBUG] 2018-10-15 16:13:22,148 org.nutz.ioc.loader.annotation.AnnotationIocLoader.addClass(AnnotationIocLoader.java:76) - Found @IocBean : class cn.wizzer.app.ins.modules.services.impl.InsBaseinsServiceImpl
[DEBUG] 2018-10-15 16:13:22,148 org.nutz.ioc.loader.annotation.AnnotationIocLoader.addClass(AnnotationIocLoader.java:76) - Found @IocBean : class cn.wizzer.app.ins.modules.services.impl.InsBaseinsSpaceServiceImpl
[DEBUG] 2018-10-15 16:13:22,149 org.nutz.ioc.loader.annotation.AnnotationIocLoader.addClass(AnnotationIocLoader.java:76) - Found @IocBean : class cn.wizzer.app.ins.modules.services.impl.InsCabinetServiceImpl
[DEBUG] 2018-10-15 16:13:22,149 org.nutz.ioc.loader.annotation.AnnotationIocLoader.addClass(AnnotationIocLoader.java:76) - Found @IocBean : class cn.wizzer.app.ins.modules.services.impl.InsCommonServiceImpl
[DEBUG] 2018-10-15 16:13:22,149 org.nutz.ioc.loader.annotation.AnnotationIocLoader.addClass(AnnotationIocLoader.java:76) - Found @IocBean : class cn.wizzer.app.ins.modules.services.impl.InsInstrumentServiceImpl
[DEBUG] 2018-10-15 16:13:22,149 org.nutz.ioc.loader.annotation.AnnotationIocLoader.addClass(AnnotationIocLoader.java:76) - Found @IocBean : class cn.wizzer.app.ins.modules.services.impl.InsLockServiceImpl
[DEBUG] 2018-10-15 16:13:22,149 org.nutz.ioc.loader.annotation.AnnotationIocLoader.addClass(AnnotationIocLoader.java:76) - Found @IocBean : class cn.wizzer.app.ins.modules.services.impl.InsOrderentryServiceImpl
[DEBUG] 2018-10-15 16:13:22,149 org.nutz.ioc.loader.annotation.AnnotationIocLoader.addClass(AnnotationIocLoader.java:76) - Found @IocBean : class cn.wizzer.app.ins.modules.services.impl.InsOrderServiceImpl
[DEBUG] 2018-10-15 16:13:22,150 org.nutz.ioc.loader.annotation.AnnotationIocLoader.addClass(AnnotationIocLoader.java:76) - Found @IocBean : class cn.wizzer.app.ins.modules.services.impl.InsRepairServiceImpl
[DEBUG] 2018-10-15 16:13:22,150 org.nutz.ioc.loader.annotation.AnnotationIocLoader.addClass(AnnotationIocLoader.java:76) - Found @IocBean : class cn.wizzer.app.ins.modules.services.impl.InsRepairtrackServiceImpl
[DEBUG] 2018-10-15 16:13:22,150 org.nutz.ioc.loader.annotation.AnnotationIocLoader.addClass(AnnotationIocLoader.java:76) - Found @IocBean : class cn.wizzer.app.ins.modules.services.impl.InsRfheadServiceImpl
[DEBUG] 2018-10-15 16:13:22,150 org.nutz.ioc.loader.annotation.AnnotationIocLoader.addClass(AnnotationIocLoader.java:76) - Found @IocBean : class cn.wizzer.app.ins.modules.services.impl.InsRfidServiceImpl
[DEBUG] 2018-10-15 16:13:22,150 org.nutz.ioc.loader.annotation.AnnotationIocLoader.addClass(AnnotationIocLoader.java:76) - Found @IocBean : class cn.wizzer.app.ins.modules.services.impl.InsSpaceServiceImpl
[DEBUG] 2018-10-15 16:13:22,150 org.nutz.ioc.loader.annotation.AnnotationIocLoader.addClass(AnnotationIocLoader.java:76) - Found @IocBean : class cn.wizzer.app.ins.modules.services.impl.InsToolcabinetServiceImpl
[DEBUG] 2018-10-15 16:13:22,150 org.nutz.ioc.loader.annotation.AnnotationIocLoader.addClass(AnnotationIocLoader.java:76) - Found @IocBean : class cn.wizzer.app.ins.modules.services.impl.InsTransmitServiceImpl
[DEBUG] 2018-10-15 16:13:22,150 org.nutz.ioc.loader.annotation.AnnotationIocLoader.addClass(AnnotationIocLoader.java:76) - Found @IocBean : class cn.wizzer.app.logistics.modules.services.impl.LogisticsDeliveryorderentryServiceImpl
[DEBUG] 2018-10-15 16:13:22,151 org.nutz.ioc.loader.annotation.AnnotationIocLoader.addClass(AnnotationIocLoader.java:76) - Found @IocBean : class cn.wizzer.app.logistics.modules.services.impl.LogisticsDeliveryorderServiceImpl
[DEBUG] 2018-10-15 16:13:22,151 org.nutz.ioc.loader.annotation.AnnotationIocLoader.addClass(AnnotationIocLoader.java:76) - Found @IocBean : class cn.wizzer.app.logistics.modules.services.impl.LogisticsEntourageServiceImpl
[DEBUG] 2018-10-15 16:13:22,151 org.nutz.ioc.loader.annotation.AnnotationIocLoader.addClass(AnnotationIocLoader.java:76) - Found @IocBean : class cn.wizzer.app.logistics.modules.services.impl.LogisticsOrderdeliveryServiceImpl
[DEBUG] 2018-10-15 16:13:22,151 org.nutz.ioc.loader.annotation.AnnotationIocLoader.addClass(AnnotationIocLoader.java:76) - Found @IocBean : class cn.wizzer.app.logistics.modules.services.impl.LogisticsOrderentryServiceImpl
[DEBUG] 2018-10-15 16:13:22,151 org.nutz.ioc.loader.annotation.AnnotationIocLoader.addClass(AnnotationIocLoader.java:76) - Found @IocBean : class cn.wizzer.app.logistics.modules.services.impl.LogisticsOrderplanentryServiceImpl
[DEBUG] 2018-10-15 16:13:22,151 org.nutz.ioc.loader.annotation.AnnotationIocLoader.addClass(AnnotationIocLoader.java:76) - Found @IocBean : class cn.wizzer.app.logistics.modules.services.impl.LogisticsOrderplanServiceImpl
[DEBUG] 2018-10-15 16:13:22,151 org.nutz.ioc.loader.annotation.AnnotationIocLoader.addClass(AnnotationIocLoader.java:76) - Found @IocBean : class cn.wizzer.app.logistics.modules.services.impl.LogisticsOrderrejectServiceImpl
[DEBUG] 2018-10-15 16:13:22,151 org.nutz.ioc.loader.annotation.AnnotationIocLoader.addClass(AnnotationIocLoader.java:76) - Found @IocBean : class cn.wizzer.app.logistics.modules.services.impl.LogisticsOrderServiceImpl
[DEBUG] 2018-10-15 16:13:22,151 org.nutz.ioc.loader.annotation.AnnotationIocLoader.addClass(AnnotationIocLoader.java:76) - Found @IocBean : class cn.wizzer.app.logistics.modules.services.impl.LogisticsOrderstepServiceImpl
[DEBUG] 2018-10-15 16:13:22,151 org.nutz.ioc.loader.annotation.AnnotationIocLoader.addClass(AnnotationIocLoader.java:76) - Found @IocBean : class cn.wizzer.app.logistics.modules.services.impl.LogisticsSendapprovalServiceImpl
[DEBUG] 2018-10-15 16:13:22,152 org.nutz.ioc.loader.annotation.AnnotationIocLoader.addClass(AnnotationIocLoader.java:76) - Found @IocBean : class cn.wizzer.app.logistics.modules.services.impl.LogisticsSendgoodsServiceImpl
[DEBUG] 2018-10-15 16:13:22,152 org.nutz.ioc.loader.annotation.AnnotationIocLoader.addClass(AnnotationIocLoader.java:76) - Found @IocBean : class cn.wizzer.app.logistics.modules.services.impl.LogisticsSendplanServiceImpl
[DEBUG] 2018-10-15 16:13:22,152 org.nutz.ioc.loader.annotation.AnnotationIocLoader.addClass(AnnotationIocLoader.java:76) - Found @IocBean : class cn.wizzer.app.logistics.modules.services.impl.LogisticsSendtraceServiceImpl
[DEBUG] 2018-10-15 16:13:22,152 org.nutz.ioc.loader.annotation.AnnotationIocLoader.addClass(AnnotationIocLoader.java:76) - Found @IocBean : class cn.wizzer.app.logistics.modules.services.impl.LogisticsUnplanServiceImpl
[DEBUG] 2018-10-15 16:13:22,152 org.nutz.ioc.loader.annotation.AnnotationIocLoader.addClass(AnnotationIocLoader.java:76) - Found @IocBean : class cn.wizzer.app.sys.modules.services.impl.SysApiServiceImpl
[DEBUG] 2018-10-15 16:13:22,152 org.nutz.ioc.loader.annotation.AnnotationIocLoader.addClass(AnnotationIocLoader.java:76) - Found @IocBean : class cn.wizzer.app.sys.modules.services.impl.SysBarcodeServiceImpl
[DEBUG] 2018-10-15 16:13:22,152 org.nutz.ioc.loader.annotation.AnnotationIocLoader.addClass(AnnotationIocLoader.java:76) - Found @IocBean : class cn.wizzer.app.sys.modules.services.impl.SysConfigServiceImpl
[DEBUG] 2018-10-15 16:13:22,152 org.nutz.ioc.loader.annotation.AnnotationIocLoader.addClass(AnnotationIocLoader.java:76) - Found @IocBean : class cn.wizzer.app.sys.modules.services.impl.SysDictServiceImpl
[DEBUG] 2018-10-15 16:13:22,152 org.nutz.ioc.loader.annotation.AnnotationIocLoader.addClass(AnnotationIocLoader.java:76) - Found @IocBean : class cn.wizzer.app.sys.modules.services.impl.SysLogServiceImpl
[DEBUG] 2018-10-15 16:13:22,152 org.nutz.ioc.loader.annotation.AnnotationIocLoader.addClass(AnnotationIocLoader.java:76) - Found @IocBean : class cn.wizzer.app.sys.modules.services.impl.SysMenuServiceImpl
[DEBUG] 2018-10-15 16:13:22,152 org.nutz.ioc.loader.annotation.AnnotationIocLoader.addClass(AnnotationIocLoader.java:76) - Found @IocBean : class cn.wizzer.app.sys.modules.services.impl.SysMobileServiceImpl
[DEBUG] 2018-10-15 16:13:22,153 org.nutz.ioc.loader.annotation.AnnotationIocLoader.addClass(AnnotationIocLoader.java:76) - Found @IocBean : class cn.wizzer.app.sys.modules.services.impl.SysPluginServiceImpl
[DEBUG] 2018-10-15 16:13:22,153 org.nutz.ioc.loader.annotation.AnnotationIocLoader.addClass(AnnotationIocLoader.java:76) - Found @IocBean : class cn.wizzer.app.sys.modules.services.impl.SysRegistauditServiceImpl
[DEBUG] 2018-10-15 16:13:22,153 org.nutz.ioc.loader.annotation.AnnotationIocLoader.addClass(AnnotationIocLoader.java:76) - Found @IocBean : class cn.wizzer.app.sys.modules.services.impl.SysRoleServiceImpl
[DEBUG] 2018-10-15 16:13:22,153 org.nutz.ioc.loader.annotation.AnnotationIocLoader.addClass(AnnotationIocLoader.java:76) - Found @IocBean : class cn.wizzer.app.sys.modules.services.impl.SysRouteServiceImpl
[DEBUG] 2018-10-15 16:13:22,153 org.nutz.ioc.loader.annotation.AnnotationIocLoader.addClass(AnnotationIocLoader.java:76) - Found @IocBean : class cn.wizzer.app.sys.modules.services.impl.SysTaskServiceImpl
[DEBUG] 2018-10-15 16:13:22,153 org.nutz.ioc.loader.annotation.AnnotationIocLoader.addClass(AnnotationIocLoader.java:76) - Found @IocBean : class cn.wizzer.app.sys.modules.services.impl.SysTempuserServiceImpl
[DEBUG] 2018-10-15 16:13:22,153 org.nutz.ioc.loader.annotation.AnnotationIocLoader.addClass(AnnotationIocLoader.java:76) - Found @IocBean : class cn.wizzer.app.sys.modules.services.impl.SysUnitServiceImpl
[DEBUG] 2018-10-15 16:13:22,153 org.nutz.ioc.loader.annotation.AnnotationIocLoader.addClass(AnnotationIocLoader.java:76) - Found @IocBean : class cn.wizzer.app.sys.modules.services.impl.SysUserServiceImpl
[DEBUG] 2018-10-15 16:13:22,153 org.nutz.ioc.loader.annotation.AnnotationIocLoader.addClass(AnnotationIocLoader.java:76) - Found @IocBean : class cn.wizzer.app.sys.modules.services.impl.SysVersionServiceImpl
[DEBUG] 2018-10-15 16:13:22,153 org.nutz.ioc.loader.annotation.AnnotationIocLoader.addClass(AnnotationIocLoader.java:76) - Found @IocBean : class cn.wizzer.app.sys.modules.services.impl.SysWxDeptServiceImpl
[DEBUG] 2018-10-15 16:13:22,153 org.nutz.ioc.loader.annotation.AnnotationIocLoader.addClass(AnnotationIocLoader.java:76) - Found @IocBean : class cn.wizzer.app.sys.modules.services.impl.SysWxServiceImpl
[DEBUG] 2018-10-15 16:13:22,154 org.nutz.ioc.loader.annotation.AnnotationIocLoader.addClass(AnnotationIocLoader.java:76) - Found @IocBean : class cn.wizzer.app.sys.modules.services.impl.SysWxUserServiceImpl
[DEBUG] 2018-10-15 16:13:22,154 org.nutz.ioc.loader.annotation.AnnotationIocLoader.addClass(AnnotationIocLoader.java:76) - Found @IocBean : class cn.wizzer.app.web.commons.plugin.DynamicInterceptor
[DEBUG] 2018-10-15 16:13:22,154 org.nutz.ioc.loader.annotation.AnnotationIocLoader.addClass(AnnotationIocLoader.java:76) - Found @IocBean : class cn.wizzer.app.web.commons.plugin.PluginAopConfigure
[DEBUG] 2018-10-15 16:13:22,154 org.nutz.ioc.loader.annotation.AnnotationIocLoader.addClass(AnnotationIocLoader.java:76) - Found @IocBean : class cn.wizzer.app.web.commons.plugin.PluginMaster
[DEBUG] 2018-10-15 16:13:22,154 org.nutz.ioc.loader.annotation.AnnotationIocLoader.addClass(AnnotationIocLoader.java:76) - Found @IocBean : class cn.wizzer.app.web.commons.quartz.job.orderExecute
[DEBUG] 2018-10-15 16:13:22,154 org.nutz.ioc.loader.annotation.AnnotationIocLoader.addClass(AnnotationIocLoader.java:76) - Found @IocBean : class cn.wizzer.app.web.commons.quartz.job.TestJob
[DEBUG] 2018-10-15 16:13:22,154 org.nutz.ioc.loader.annotation.AnnotationIocLoader.addClass(AnnotationIocLoader.java:76) - Found @IocBean : class cn.wizzer.app.web.commons.services.email.EmailService
[DEBUG] 2018-10-15 16:13:22,154 org.nutz.ioc.loader.annotation.AnnotationIocLoader.addClass(AnnotationIocLoader.java:76) - Found @IocBean : class cn.wizzer.app.web.commons.services.qrcode.QrcodeService
[DEBUG] 2018-10-15 16:13:22,154 org.nutz.ioc.loader.annotation.AnnotationIocLoader.addClass(AnnotationIocLoader.java:76) - Found @IocBean : class cn.wizzer.app.web.commons.services.wx.TplService
[DEBUG] 2018-10-15 16:13:22,154 org.nutz.ioc.loader.annotation.AnnotationIocLoader.addClass(AnnotationIocLoader.java:76) - Found @IocBean : class cn.wizzer.app.web.commons.services.wx.WxHandler
[DEBUG] 2018-10-15 16:13:22,154 org.nutz.ioc.loader.annotation.AnnotationIocLoader.addClass(AnnotationIocLoader.java:76) - Found @IocBean : class cn.wizzer.app.web.commons.shiro.realm.PlatformAuthorizingRealm
[DEBUG] 2018-10-15 16:13:22,155 org.nutz.ioc.loader.annotation.AnnotationIocLoader.addClass(AnnotationIocLoader.java:76) - Found @IocBean : class cn.wizzer.app.web.commons.slog.SLogAopConfigration
[DEBUG] 2018-10-15 16:13:22,155 org.nutz.ioc.loader.annotation.AnnotationIocLoader.addClass(AnnotationIocLoader.java:76) - Found @IocBean : class cn.wizzer.app.web.commons.slog.SLogService
[DEBUG] 2018-10-15 16:13:22,155 org.nutz.ioc.loader.annotation.AnnotationIocLoader.addClass(AnnotationIocLoader.java:76) - Found @IocBean : class cn.wizzer.app.web.modules.controllers.front.wx.CmsController
[DEBUG] 2018-10-15 16:13:22,155 org.nutz.ioc.loader.annotation.AnnotationIocLoader.addClass(AnnotationIocLoader.java:76) - Found @IocBean : class cn.wizzer.app.web.modules.controllers.front.wx.WechatController
[DEBUG] 2018-10-15 16:13:22,155 org.nutz.ioc.loader.annotation.AnnotationIocLoader.addClass(AnnotationIocLoader.java:76) - Found @IocBean : class cn.wizzer.app.web.modules.controllers.open.api.mobile.MobileBaseController
[DEBUG] 2018-10-15 16:13:22,155 org.nutz.ioc.loader.annotation.AnnotationIocLoader.addClass(AnnotationIocLoader.java:76) - Found @IocBean : class cn.wizzer.app.web.modules.controllers.open.api.mobile.MobileInsController
[DEBUG] 2018-10-15 16:13:22,155 org.nutz.ioc.loader.annotation.AnnotationIocLoader.addClass(AnnotationIocLoader.java:76) - Found @IocBean : class cn.wizzer.app.web.modules.controllers.open.api.mobile.MobileOrderController
[DEBUG] 2018-10-15 16:13:22,155 org.nutz.ioc.loader.annotation.AnnotationIocLoader.addClass(AnnotationIocLoader.java:76) - Found @IocBean : class cn.wizzer.app.web.modules.controllers.open.api.mobile.MobileSysController
[DEBUG] 2018-10-15 16:13:22,155 org.nutz.ioc.loader.annotation.AnnotationIocLoader.addClass(AnnotationIocLoader.java:76) - Found @IocBean : class cn.wizzer.app.web.modules.controllers.open.api.pad.PadInsController
[DEBUG] 2018-10-15 16:13:22,155 org.nutz.ioc.loader.annotation.AnnotationIocLoader.addClass(AnnotationIocLoader.java:76) - Found @IocBean : class cn.wizzer.app.web.modules.controllers.open.api.pad.PadOrderController
[DEBUG] 2018-10-15 16:13:22,155 org.nutz.ioc.loader.annotation.AnnotationIocLoader.addClass(AnnotationIocLoader.java:76) - Found @IocBean : class cn.wizzer.app.web.modules.controllers.open.api.pad.PadSysController
[DEBUG] 2018-10-15 16:13:22,156 org.nutz.ioc.loader.annotation.AnnotationIocLoader.addClass(AnnotationIocLoader.java:76) - Found @IocBean : class cn.wizzer.app.web.modules.controllers.open.api.test.ApiTestController
[DEBUG] 2018-10-15 16:13:22,156 org.nutz.ioc.loader.annotation.AnnotationIocLoader.addClass(AnnotationIocLoader.java:76) - Found @IocBean : class cn.wizzer.app.web.modules.controllers.open.api.token.TokenController
[DEBUG] 2018-10-15 16:13:22,156 org.nutz.ioc.loader.annotation.AnnotationIocLoader.addClass(AnnotationIocLoader.java:76) - Found @IocBean : class cn.wizzer.app.web.modules.controllers.open.api.userpermission.UserpermissionController
[DEBUG] 2018-10-15 16:13:22,156 org.nutz.ioc.loader.annotation.AnnotationIocLoader.addClass(AnnotationIocLoader.java:76) - Found @IocBean : class cn.wizzer.app.web.modules.controllers.open.file.UploadController
[DEBUG] 2018-10-15 16:13:22,156 org.nutz.ioc.loader.annotation.AnnotationIocLoader.addClass(AnnotationIocLoader.java:76) - Found @IocBean : class cn.wizzer.app.web.modules.controllers.open.pay.WxPayBackController
[DEBUG] 2018-10-15 16:13:22,156 org.nutz.ioc.loader.annotation.AnnotationIocLoader.addClass(AnnotationIocLoader.java:76) - Found @IocBean : class cn.wizzer.app.web.modules.controllers.open.ueditor.BdController
[DEBUG] 2018-10-15 16:13:22,156 org.nutz.ioc.loader.annotation.AnnotationIocLoader.addClass(AnnotationIocLoader.java:76) - Found @IocBean : class cn.wizzer.app.web.modules.controllers.open.ueditor.WxController
[DEBUG] 2018-10-15 16:13:22,156 org.nutz.ioc.loader.annotation.AnnotationIocLoader.addClass(AnnotationIocLoader.java:76) - Found @IocBean : class cn.wizzer.app.web.modules.controllers.open.wx.WeixinController
[DEBUG] 2018-10-15 16:13:22,157 org.nutz.ioc.loader.annotation.AnnotationIocLoader.addClass(AnnotationIocLoader.java:76) - Found @IocBean : class cn.wizzer.app.web.modules.controllers.platform.base.BaseAirmeterialController
[DEBUG] 2018-10-15 16:13:22,157 org.nutz.ioc.loader.annotation.AnnotationIocLoader.addClass(AnnotationIocLoader.java:76) - Found @IocBean : class cn.wizzer.app.web.modules.controllers.platform.base.BaseAirportController
[DEBUG] 2018-10-15 16:13:22,157 org.nutz.ioc.loader.annotation.AnnotationIocLoader.addClass(AnnotationIocLoader.java:76) - Found @IocBean : class cn.wizzer.app.web.modules.controllers.platform.base.BaseCnctobjController
[DEBUG] 2018-10-15 16:13:22,158 org.nutz.ioc.loader.annotation.AnnotationIocLoader.addClass(AnnotationIocLoader.java:76) - Found @IocBean : class cn.wizzer.app.web.modules.controllers.platform.base.BaseCustomerController
[DEBUG] 2018-10-15 16:13:22,159 org.nutz.ioc.loader.annotation.AnnotationIocLoader.addClass(AnnotationIocLoader.java:76) - Found @IocBean : class cn.wizzer.app.web.modules.controllers.platform.base.BaseDeptController
[DEBUG] 2018-10-15 16:13:22,160 org.nutz.ioc.loader.annotation.AnnotationIocLoader.addClass(AnnotationIocLoader.java:76) - Found @IocBean : class cn.wizzer.app.web.modules.controllers.platform.base.BaseJobController
[DEBUG] 2018-10-15 16:13:22,160 org.nutz.ioc.loader.annotation.AnnotationIocLoader.addClass(AnnotationIocLoader.java:76) - Found @IocBean : class cn.wizzer.app.web.modules.controllers.platform.base.BasePersonController
[DEBUG] 2018-10-15 16:13:22,160 org.nutz.ioc.loader.annotation.AnnotationIocLoader.addClass(AnnotationIocLoader.java:76) - Found @IocBean : class cn.wizzer.app.web.modules.controllers.platform.base.BasePersonpoolController
[DEBUG] 2018-10-15 16:13:22,160 org.nutz.ioc.loader.annotation.AnnotationIocLoader.addClass(AnnotationIocLoader.java:76) - Found @IocBean : class cn.wizzer.app.web.modules.controllers.platform.base.BasePlaceController
[DEBUG] 2018-10-15 16:13:22,161 org.nutz.ioc.loader.annotation.AnnotationIocLoader.addClass(AnnotationIocLoader.java:76) - Found @IocBean : class cn.wizzer.app.web.modules.controllers.platform.base.BasePostController
[DEBUG] 2018-10-15 16:13:22,161 org.nutz.ioc.loader.annotation.AnnotationIocLoader.addClass(AnnotationIocLoader.java:76) - Found @IocBean : class cn.wizzer.app.web.modules.controllers.platform.base.BaseRowofficeController
[DEBUG] 2018-10-15 16:13:22,161 org.nutz.ioc.loader.annotation.AnnotationIocLoader.addClass(AnnotationIocLoader.java:76) - Found @IocBean : class cn.wizzer.app.web.modules.controllers.platform.base.BaseRowofficeentryController
[DEBUG] 2018-10-15 16:13:22,161 org.nutz.ioc.loader.annotation.AnnotationIocLoader.addClass(AnnotationIocLoader.java:76) - Found @IocBean : class cn.wizzer.app.web.modules.controllers.platform.base.BaseVehicleController
[DEBUG] 2018-10-15 16:13:22,161 org.nutz.ioc.loader.annotation.AnnotationIocLoader.addClass(AnnotationIocLoader.java:76) - Found @IocBean : class cn.wizzer.app.web.modules.controllers.platform.base.BaseWarehouseController
[DEBUG] 2018-10-15 16:13:22,161 org.nutz.ioc.loader.annotation.AnnotationIocLoader.addClass(AnnotationIocLoader.java:76) - Found @IocBean : class cn.wizzer.app.web.modules.controllers.platform.cms.CmsArticleController
[DEBUG] 2018-10-15 16:13:22,162 org.nutz.ioc.loader.annotation.AnnotationIocLoader.addClass(AnnotationIocLoader.java:76) - Found @IocBean : class cn.wizzer.app.web.modules.controllers.platform.cms.CmsChannelController
[DEBUG] 2018-10-15 16:13:22,162 org.nutz.ioc.loader.annotation.AnnotationIocLoader.addClass(AnnotationIocLoader.java:76) - Found @IocBean : class cn.wizzer.app.web.modules.controllers.platform.cms.CmsLinkClassController
[DEBUG] 2018-10-15 16:13:22,162 org.nutz.ioc.loader.annotation.AnnotationIocLoader.addClass(AnnotationIocLoader.java:76) - Found @IocBean : class cn.wizzer.app.web.modules.controllers.platform.cms.CmsLinkController
[DEBUG] 2018-10-15 16:13:22,162 org.nutz.ioc.loader.annotation.AnnotationIocLoader.addClass(AnnotationIocLoader.java:76) - Found @IocBean : class cn.wizzer.app.web.modules.controllers.platform.cms.CmsSiteController
[DEBUG] 2018-10-15 16:13:22,162 org.nutz.ioc.loader.annotation.AnnotationIocLoader.addClass(AnnotationIocLoader.java:76) - Found @IocBean : class cn.wizzer.app.web.modules.controllers.platform.ins.InsBaseinsController
[DEBUG] 2018-10-15 16:13:22,162 org.nutz.ioc.loader.annotation.AnnotationIocLoader.addClass(AnnotationIocLoader.java:76) - Found @IocBean : class cn.wizzer.app.web.modules.controllers.platform.ins.InsBaseinsSpaceController
[DEBUG] 2018-10-15 16:13:22,162 org.nutz.ioc.loader.annotation.AnnotationIocLoader.addClass(AnnotationIocLoader.java:76) - Found @IocBean : class cn.wizzer.app.web.modules.controllers.platform.ins.InsCabinetController
[DEBUG] 2018-10-15 16:13:22,163 org.nutz.ioc.loader.annotation.AnnotationIocLoader.addClass(AnnotationIocLoader.java:76) - Found @IocBean : class cn.wizzer.app.web.modules.controllers.platform.ins.InsCommonController
[DEBUG] 2018-10-15 16:13:22,163 org.nutz.ioc.loader.annotation.AnnotationIocLoader.addClass(AnnotationIocLoader.java:76) - Found @IocBean : class cn.wizzer.app.web.modules.controllers.platform.ins.InsInstrumentController
[DEBUG] 2018-10-15 16:13:22,163 org.nutz.ioc.loader.annotation.AnnotationIocLoader.addClass(AnnotationIocLoader.java:76) - Found @IocBean : class cn.wizzer.app.web.modules.controllers.platform.ins.InsLockController
[DEBUG] 2018-10-15 16:13:22,163 org.nutz.ioc.loader.annotation.AnnotationIocLoader.addClass(AnnotationIocLoader.java:76) - Found @IocBean : class cn.wizzer.app.web.modules.controllers.platform.ins.InsOrderController
[DEBUG] 2018-10-15 16:13:22,163 org.nutz.ioc.loader.annotation.AnnotationIocLoader.addClass(AnnotationIocLoader.java:76) - Found @IocBean : class cn.wizzer.app.web.modules.controllers.platform.ins.InsOrderentryController
[DEBUG] 2018-10-15 16:13:22,163 org.nutz.ioc.loader.annotation.AnnotationIocLoader.addClass(AnnotationIocLoader.java:76) - Found @IocBean : class cn.wizzer.app.web.modules.controllers.platform.ins.InsRepairController
[DEBUG] 2018-10-15 16:13:22,163 org.nutz.ioc.loader.annotation.AnnotationIocLoader.addClass(AnnotationIocLoader.java:76) - Found @IocBean : class cn.wizzer.app.web.modules.controllers.platform.ins.InsRepairtrackController
[DEBUG] 2018-10-15 16:13:22,163 org.nutz.ioc.loader.annotation.AnnotationIocLoader.addClass(AnnotationIocLoader.java:76) - Found @IocBean : class cn.wizzer.app.web.modules.controllers.platform.ins.InsRfheadController
[DEBUG] 2018-10-15 16:13:22,163 org.nutz.ioc.loader.annotation.AnnotationIocLoader.addClass(AnnotationIocLoader.java:76) - Found @IocBean : class cn.wizzer.app.web.modules.controllers.platform.ins.InsRfidController
[DEBUG] 2018-10-15 16:13:22,163 org.nutz.ioc.loader.annotation.AnnotationIocLoader.addClass(AnnotationIocLoader.java:76) - Found @IocBean : class cn.wizzer.app.web.modules.controllers.platform.ins.InsSpaceController
[DEBUG] 2018-10-15 16:13:22,163 org.nutz.ioc.loader.annotation.AnnotationIocLoader.addClass(AnnotationIocLoader.java:76) - Found @IocBean : class cn.wizzer.app.web.modules.controllers.platform.ins.InsToolcabinetController
[DEBUG] 2018-10-15 16:13:22,163 org.nutz.ioc.loader.annotation.AnnotationIocLoader.addClass(AnnotationIocLoader.java:76) - Found @IocBean : class cn.wizzer.app.web.modules.controllers.platform.ins.InsTransmitController
[DEBUG] 2018-10-15 16:13:22,163 org.nutz.ioc.loader.annotation.AnnotationIocLoader.addClass(AnnotationIocLoader.java:76) - Found @IocBean : class cn.wizzer.app.web.modules.controllers.platform.logistics.LogisticsDeliveryorderController
[DEBUG] 2018-10-15 16:13:22,164 org.nutz.ioc.loader.annotation.AnnotationIocLoader.addClass(AnnotationIocLoader.java:76) - Found @IocBean : class cn.wizzer.app.web.modules.controllers.platform.logistics.LogisticsDeliveryorderentryController
[DEBUG] 2018-10-15 16:13:22,164 org.nutz.ioc.loader.annotation.AnnotationIocLoader.addClass(AnnotationIocLoader.java:76) - Found @IocBean : class cn.wizzer.app.web.modules.controllers.platform.logistics.LogisticsEntourageController
[DEBUG] 2018-10-15 16:13:22,164 org.nutz.ioc.loader.annotation.AnnotationIocLoader.addClass(AnnotationIocLoader.java:76) - Found @IocBean : class cn.wizzer.app.web.modules.controllers.platform.logistics.LogisticsOrderController
[DEBUG] 2018-10-15 16:13:22,164 org.nutz.ioc.loader.annotation.AnnotationIocLoader.addClass(AnnotationIocLoader.java:76) - Found @IocBean : class cn.wizzer.app.web.modules.controllers.platform.logistics.LogisticsOrderdeliveryController
[DEBUG] 2018-10-15 16:13:22,164 org.nutz.ioc.loader.annotation.AnnotationIocLoader.addClass(AnnotationIocLoader.java:76) - Found @IocBean : class cn.wizzer.app.web.modules.controllers.platform.logistics.LogisticsOrderentryController
[DEBUG] 2018-10-15 16:13:22,164 org.nutz.ioc.loader.annotation.AnnotationIocLoader.addClass(AnnotationIocLoader.java:76) - Found @IocBean : class cn.wizzer.app.web.modules.controllers.platform.logistics.LogisticsOrderplanController
[DEBUG] 2018-10-15 16:13:22,164 org.nutz.ioc.loader.annotation.AnnotationIocLoader.addClass(AnnotationIocLoader.java:76) - Found @IocBean : class cn.wizzer.app.web.modules.controllers.platform.logistics.LogisticsOrderplanentryController
[DEBUG] 2018-10-15 16:13:22,164 org.nutz.ioc.loader.annotation.AnnotationIocLoader.addClass(AnnotationIocLoader.java:76) - Found @IocBean : class cn.wizzer.app.web.modules.controllers.platform.logistics.LogisticsOrderrejectController
[DEBUG] 2018-10-15 16:13:22,164 org.nutz.ioc.loader.annotation.AnnotationIocLoader.addClass(AnnotationIocLoader.java:76) - Found @IocBean : class cn.wizzer.app.web.modules.controllers.platform.logistics.LogisticsOrderstepController
[DEBUG] 2018-10-15 16:13:22,164 org.nutz.ioc.loader.annotation.AnnotationIocLoader.addClass(AnnotationIocLoader.java:76) - Found @IocBean : class cn.wizzer.app.web.modules.controllers.platform.logistics.LogisticsSendapprovalController
[DEBUG] 2018-10-15 16:13:22,164 org.nutz.ioc.loader.annotation.AnnotationIocLoader.addClass(AnnotationIocLoader.java:76) - Found @IocBean : class cn.wizzer.app.web.modules.controllers.platform.logistics.LogisticsSendgoodsController
[DEBUG] 2018-10-15 16:13:22,164 org.nutz.ioc.loader.annotation.AnnotationIocLoader.addClass(AnnotationIocLoader.java:76) - Found @IocBean : class cn.wizzer.app.web.modules.controllers.platform.logistics.LogisticsSendplanController
[DEBUG] 2018-10-15 16:13:22,164 org.nutz.ioc.loader.annotation.AnnotationIocLoader.addClass(AnnotationIocLoader.java:76) - Found @IocBean : class cn.wizzer.app.web.modules.controllers.platform.logistics.LogisticsSendtraceController
[DEBUG] 2018-10-15 16:13:22,164 org.nutz.ioc.loader.annotation.AnnotationIocLoader.addClass(AnnotationIocLoader.java:76) - Found @IocBean : class cn.wizzer.app.web.modules.controllers.platform.logistics.LogisticsUnplanController
[DEBUG] 2018-10-15 16:13:22,165 org.nutz.ioc.loader.annotation.AnnotationIocLoader.addClass(AnnotationIocLoader.java:76) - Found @IocBean : class cn.wizzer.app.web.modules.controllers.platform.sys.SysApiController
[DEBUG] 2018-10-15 16:13:22,165 org.nutz.ioc.loader.annotation.AnnotationIocLoader.addClass(AnnotationIocLoader.java:76) - Found @IocBean : class cn.wizzer.app.web.modules.controllers.platform.sys.SysBarcodeController
[DEBUG] 2018-10-15 16:13:22,165 org.nutz.ioc.loader.annotation.AnnotationIocLoader.addClass(AnnotationIocLoader.java:76) - Found @IocBean : class cn.wizzer.app.web.modules.controllers.platform.sys.SysConfController
[DEBUG] 2018-10-15 16:13:22,165 org.nutz.ioc.loader.annotation.AnnotationIocLoader.addClass(AnnotationIocLoader.java:76) - Found @IocBean : class cn.wizzer.app.web.modules.controllers.platform.sys.SysDictController
[DEBUG] 2018-10-15 16:13:22,165 org.nutz.ioc.loader.annotation.AnnotationIocLoader.addClass(AnnotationIocLoader.java:76) - Found @IocBean : class cn.wizzer.app.web.modules.controllers.platform.sys.SysHomeController
[DEBUG] 2018-10-15 16:13:22,165 org.nutz.ioc.loader.annotation.AnnotationIocLoader.addClass(AnnotationIocLoader.java:76) - Found @IocBean : class cn.wizzer.app.web.modules.controllers.platform.sys.SysLogController
[DEBUG] 2018-10-15 16:13:22,165 org.nutz.ioc.loader.annotation.AnnotationIocLoader.addClass(AnnotationIocLoader.java:76) - Found @IocBean : class cn.wizzer.app.web.modules.controllers.platform.sys.SysLoginController
[DEBUG] 2018-10-15 16:13:22,165 org.nutz.ioc.loader.annotation.AnnotationIocLoader.addClass(AnnotationIocLoader.java:76) - Found @IocBean : class cn.wizzer.app.web.modules.controllers.platform.sys.SysMenuController
[DEBUG] 2018-10-15 16:13:22,165 org.nutz.ioc.loader.annotation.AnnotationIocLoader.addClass(AnnotationIocLoader.java:76) - Found @IocBean : class cn.wizzer.app.web.modules.controllers.platform.sys.SysMobileController
[DEBUG] 2018-10-15 16:13:22,166 org.nutz.ioc.loader.annotation.AnnotationIocLoader.addClass(AnnotationIocLoader.java:76) - Found @IocBean : class cn.wizzer.app.web.modules.controllers.platform.sys.SysPluginController
[DEBUG] 2018-10-15 16:13:22,166 org.nutz.ioc.loader.annotation.AnnotationIocLoader.addClass(AnnotationIocLoader.java:76) - Found @IocBean : class cn.wizzer.app.web.modules.controllers.platform.sys.SysRegistauditController
[DEBUG] 2018-10-15 16:13:22,166 org.nutz.ioc.loader.annotation.AnnotationIocLoader.addClass(AnnotationIocLoader.java:76) - Found @IocBean : class cn.wizzer.app.web.modules.controllers.platform.sys.SysRoleController
[DEBUG] 2018-10-15 16:13:22,166 org.nutz.ioc.loader.annotation.AnnotationIocLoader.addClass(AnnotationIocLoader.java:76) - Found @IocBean : class cn.wizzer.app.web.modules.controllers.platform.sys.SysRouteController
[DEBUG] 2018-10-15 16:13:22,166 org.nutz.ioc.loader.annotation.AnnotationIocLoader.addClass(AnnotationIocLoader.java:76) - Found @IocBean : class cn.wizzer.app.web.modules.controllers.platform.sys.SysTaskController
[DEBUG] 2018-10-15 16:13:22,166 org.nutz.ioc.loader.annotation.AnnotationIocLoader.addClass(AnnotationIocLoader.java:76) - Found @IocBean : class cn.wizzer.app.web.modules.controllers.platform.sys.SysTempuserController
[DEBUG] 2018-10-15 16:13:22,166 org.nutz.ioc.loader.annotation.AnnotationIocLoader.addClass(AnnotationIocLoader.java:76) - Found @IocBean : class cn.wizzer.app.web.modules.controllers.platform.sys.SysUnitController
[DEBUG] 2018-10-15 16:13:22,167 org.nutz.ioc.loader.annotation.AnnotationIocLoader.addClass(AnnotationIocLoader.java:76) - Found @IocBean : class cn.wizzer.app.web.modules.controllers.platform.sys.SysUserController
[DEBUG] 2018-10-15 16:13:22,167 org.nutz.ioc.loader.annotation.AnnotationIocLoader.addClass(AnnotationIocLoader.java:76) - Found @IocBean : class cn.wizzer.app.web.modules.controllers.platform.sys.SysVersionController
[DEBUG] 2018-10-15 16:13:22,167 org.nutz.ioc.loader.annotation.AnnotationIocLoader.addClass(AnnotationIocLoader.java:76) - Found @IocBean : class cn.wizzer.app.web.modules.controllers.platform.sys.SysWxController
[DEBUG] 2018-10-15 16:13:22,167 org.nutz.ioc.loader.annotation.AnnotationIocLoader.addClass(AnnotationIocLoader.java:76) - Found @IocBean : class cn.wizzer.app.web.modules.controllers.platform.sys.SysWxDeptController
[DEBUG] 2018-10-15 16:13:22,167 org.nutz.ioc.loader.annotation.AnnotationIocLoader.addClass(AnnotationIocLoader.java:76) - Found @IocBean : class cn.wizzer.app.web.modules.controllers.platform.sys.SysWxUserController
[DEBUG] 2018-10-15 16:13:22,167 org.nutz.ioc.loader.annotation.AnnotationIocLoader.addClass(AnnotationIocLoader.java:76) - Found @IocBean : class cn.wizzer.app.web.modules.controllers.platform.wx.WxConfigController
[DEBUG] 2018-10-15 16:13:22,167 org.nutz.ioc.loader.annotation.AnnotationIocLoader.addClass(AnnotationIocLoader.java:76) - Found @IocBean : class cn.wizzer.app.web.modules.controllers.platform.wx.WxMassController
[DEBUG] 2018-10-15 16:13:22,167 org.nutz.ioc.loader.annotation.AnnotationIocLoader.addClass(AnnotationIocLoader.java:76) - Found @IocBean : class cn.wizzer.app.web.modules.controllers.platform.wx.WxMenuController
[DEBUG] 2018-10-15 16:13:22,167 org.nutz.ioc.loader.annotation.AnnotationIocLoader.addClass(AnnotationIocLoader.java:76) - Found @IocBean : class cn.wizzer.app.web.modules.controllers.platform.wx.WxMsgUserController
[DEBUG] 2018-10-15 16:13:22,167 org.nutz.ioc.loader.annotation.AnnotationIocLoader.addClass(AnnotationIocLoader.java:76) - Found @IocBean : class cn.wizzer.app.web.modules.controllers.platform.wx.WxPayTestController
[DEBUG] 2018-10-15 16:13:22,167 org.nutz.ioc.loader.annotation.AnnotationIocLoader.addClass(AnnotationIocLoader.java:76) - Found @IocBean : class cn.wizzer.app.web.modules.controllers.platform.wx.WxReplyController
[DEBUG] 2018-10-15 16:13:22,168 org.nutz.ioc.loader.annotation.AnnotationIocLoader.addClass(AnnotationIocLoader.java:76) - Found @IocBean : class cn.wizzer.app.web.modules.controllers.platform.wx.WxReplyNewsController
[DEBUG] 2018-10-15 16:13:22,168 org.nutz.ioc.loader.annotation.AnnotationIocLoader.addClass(AnnotationIocLoader.java:76) - Found @IocBean : class cn.wizzer.app.web.modules.controllers.platform.wx.WxReplyTxtController
[DEBUG] 2018-10-15 16:13:22,168 org.nutz.ioc.loader.annotation.AnnotationIocLoader.addClass(AnnotationIocLoader.java:76) - Found @IocBean : class cn.wizzer.app.web.modules.controllers.platform.wx.WxTplIdController
[DEBUG] 2018-10-15 16:13:22,168 org.nutz.ioc.loader.annotation.AnnotationIocLoader.addClass(AnnotationIocLoader.java:76) - Found @IocBean : class cn.wizzer.app.web.modules.controllers.platform.wx.WxTplListController
[DEBUG] 2018-10-15 16:13:22,168 org.nutz.ioc.loader.annotation.AnnotationIocLoader.addClass(AnnotationIocLoader.java:76) - Found @IocBean : class cn.wizzer.app.web.modules.controllers.platform.wx.WxTplLogController
[DEBUG] 2018-10-15 16:13:22,168 org.nutz.ioc.loader.annotation.AnnotationIocLoader.addClass(AnnotationIocLoader.java:76) - Found @IocBean : class cn.wizzer.app.web.modules.controllers.platform.wx.WxUserController
[DEBUG] 2018-10-15 16:13:22,169 org.nutz.ioc.loader.annotation.AnnotationIocLoader.addClass(AnnotationIocLoader.java:76) - Found @IocBean : class cn.wizzer.app.wx.modules.services.impl.WxConfigServiceImpl
[DEBUG] 2018-10-15 16:13:22,169 org.nutz.ioc.loader.annotation.AnnotationIocLoader.addClass(AnnotationIocLoader.java:76) - Found @IocBean : class cn.wizzer.app.wx.modules.services.impl.WxMassNewsServiceImpl
[DEBUG] 2018-10-15 16:13:22,169 org.nutz.ioc.loader.annotation.AnnotationIocLoader.addClass(AnnotationIocLoader.java:76) - Found @IocBean : class cn.wizzer.app.wx.modules.services.impl.WxMassSendServiceImpl
[DEBUG] 2018-10-15 16:13:22,169 org.nutz.ioc.loader.annotation.AnnotationIocLoader.addClass(AnnotationIocLoader.java:76) - Found @IocBean : class cn.wizzer.app.wx.modules.services.impl.WxMassServiceImpl
[DEBUG] 2018-10-15 16:13:22,169 org.nutz.ioc.loader.annotation.AnnotationIocLoader.addClass(AnnotationIocLoader.java:76) - Found @IocBean : class cn.wizzer.app.wx.modules.services.impl.WxMenuServiceImpl
[DEBUG] 2018-10-15 16:13:22,170 org.nutz.ioc.loader.annotation.AnnotationIocLoader.addClass(AnnotationIocLoader.java:76) - Found @IocBean : class cn.wizzer.app.wx.modules.services.impl.WxMsgReplyServiceImpl
[DEBUG] 2018-10-15 16:13:22,170 org.nutz.ioc.loader.annotation.AnnotationIocLoader.addClass(AnnotationIocLoader.java:76) - Found @IocBean : class cn.wizzer.app.wx.modules.services.impl.WxMsgServiceImpl
[DEBUG] 2018-10-15 16:13:22,170 org.nutz.ioc.loader.annotation.AnnotationIocLoader.addClass(AnnotationIocLoader.java:76) - Found @IocBean : class cn.wizzer.app.wx.modules.services.impl.WxReplyNewsServiceImpl
[DEBUG] 2018-10-15 16:13:22,170 org.nutz.ioc.loader.annotation.AnnotationIocLoader.addClass(AnnotationIocLoader.java:76) - Found @IocBean : class cn.wizzer.app.wx.modules.services.impl.WxReplyServiceImpl
[DEBUG] 2018-10-15 16:13:22,170 org.nutz.ioc.loader.annotation.AnnotationIocLoader.addClass(AnnotationIocLoader.java:76) - Found @IocBean : class cn.wizzer.app.wx.modules.services.impl.WxReplyTxtServiceImpl
[DEBUG] 2018-10-15 16:13:22,170 org.nutz.ioc.loader.annotation.AnnotationIocLoader.addClass(AnnotationIocLoader.java:76) - Found @IocBean : class cn.wizzer.app.wx.modules.services.impl.WxTplIdServiceImpl
[DEBUG] 2018-10-15 16:13:22,170 org.nutz.ioc.loader.annotation.AnnotationIocLoader.addClass(AnnotationIocLoader.java:76) - Found @IocBean : class cn.wizzer.app.wx.modules.services.impl.WxTplListServiceImpl
[DEBUG] 2018-10-15 16:13:22,170 org.nutz.ioc.loader.annotation.AnnotationIocLoader.addClass(AnnotationIocLoader.java:76) - Found @IocBean : class cn.wizzer.app.wx.modules.services.impl.WxTplLogServiceImpl
[DEBUG] 2018-10-15 16:13:22,171 org.nutz.ioc.loader.annotation.AnnotationIocLoader.addClass(AnnotationIocLoader.java:76) - Found @IocBean : class cn.wizzer.app.wx.modules.services.impl.WxUserServiceImpl
[DEBUG] 2018-10-15 16:13:22,171 org.nutz.ioc.loader.annotation.AnnotationIocLoader.addClass(AnnotationIocLoader.java:76) - Found @IocBean : class cn.wizzer.test.SimpleTest
[DEBUG] 2018-10-15 16:13:22,173 org.nutz.resource.Scans.scan(Scans.java:274) - Found 0 resource by src( org/nutz/apidoc/ ) , regex( ^.+[.]class$ )
[INFO ] 2018-10-15 16:13:22,174 org.nutz.ioc.loader.annotation.AnnotationIocLoader.<init>(AnnotationIocLoader.java:52) - Found 204 classes in 2 base-packages!
beans = ["wxTplListController", "uploadController", "wxReplyTxtServiceImpl", "logisticsSendplanController", "baseJobServiceImpl", "dateUtil", "qrcodeService", "logisticsSendgoodsServiceImpl", "logisticsOrderentryController", "insLockController", "baseRowofficeentryServiceImpl", "cmsChannelServiceImpl", "insBaseinsServiceImpl", "orderExecute", "cmsArticleController", "basePostController", "baseAirmeterialServiceImpl", "basePersonController", "logisticsOrderplanServiceImpl", "cmsLinkClassController", "basePostServiceImpl", "baseRowofficeServiceImpl", "baseJobController", "baseRowofficeController", "wxReplyController", "insRepairController", "sysConfigServiceImpl", "basePersonpoolController", "baseVehicleController", "wxMsgServiceImpl", "wxPayBackController", "logisticsUnplanController", "mobileInsController", "sysTaskController", "sysBarcodeController", "insTransmitController", "sysDictServiceImpl", "wxConfigServiceImpl", "baseAirportServiceImpl", "apiTestController", "sysMenuController", "cmsSiteServiceImpl", "mobileSysController", "cmsLinkController", "insCommonController", "logisticsOrderplanentryServiceImpl", "insInstrumentController", "sysRegistauditServiceImpl", "insLockServiceImpl", "insOrderController", "wechatController", "wxMsgUserController", "sysDictController", "sysWxUserController", "logisticsDeliveryorderentryController", "basePersonServiceImpl", "insOrderentryServiceImpl", "insRepairtrackController", "insInstrumentServiceImpl", "logisticsSendapprovalServiceImpl", "logisticsOrderdeliveryController", "wxTplListServiceImpl", "tplService", "sysPluginServiceImpl", "insRfheadController", "logisticsSendgoodsController", "mobileBaseController", "baseCnctobjServiceImpl", "nutShiroMethodInterceptor", "insCabinetServiceImpl", "basePlaceServiceImpl", "baseVehicleServiceImpl", "cmsLinkClassServiceImpl", "sysHomeController", "insRfheadServiceImpl", "sysMobileController", "wxMassServiceImpl", "logisticsOrderentryServiceImpl", "logisticsSendplanServiceImpl", "logisticsOrderrejectServiceImpl", "wxHandler", "cmsChannelController", "wxController", "rabbitProducer", "sysTaskServiceImpl", "sysVersionController", "shiroUtil", "wxReplyTxtController", "sysPluginController", "logisticsSendtraceController", "sysApiServiceImpl", "logisticsEntourageServiceImpl", "sLogService", "baseAirportController", "sysApiController", "wxTplIdController", "insSpaceServiceImpl", "logisticsOrderController", "sysTempuserController", "sysUserController", "platformAuthorizingRealm", "testJob", "$aop_1_plugin", "sysRegistauditController", "wxReplyNewsServiceImpl", "insTransmitServiceImpl", "sysLoginController", "wxTplLogServiceImpl", "sysUserServiceImpl", "sysRoleServiceImpl", "sysRouteController", "idcardUtil", "basePlaceController", "sysWxDeptController", "logisticsOrderplanentryController", "userpermissionController", "sysWxServiceImpl", "cmsController", "logisticsSendtraceServiceImpl", "insOrderentryController", "logisticsSendapprovalController", "wxMenuController", "insOrderServiceImpl", "weixinController", "code128Util", "insRepairServiceImpl", "logisticsOrderplanController", "wxMsgReplyServiceImpl", "logisticsOrderdeliveryServiceImpl", "cmsArticleServiceImpl", "baseCnctobjController", "baseCustomerController", "insBaseinsController", "insRfidServiceImpl", "cookieUtil", "baseRowofficeentryController", "logisticsOrderstepServiceImpl", "wxReplyServiceImpl", "bdController", "redisIdGenerator", "insBaseinsSpaceServiceImpl", "cmsSiteController", "logisticsDeliveryorderServiceImpl", "insCabinetController", "logisticsOrderServiceImpl", "sysWxDeptServiceImpl", "sysWxController", "mobileOrderController", "sysRoleController", "logisticsEntourageController", "insCommonServiceImpl", "sysUnitController", "padInsController", "wxMassSendServiceImpl", "logisticsDeliveryorderController", "rSAUtil", "wxConfigController", "stringUtil", "baseCustomerServiceImpl", "basePersonpoolServiceImpl", "insBaseinsSpaceController", "wxUserServiceImpl", "insSpaceController", "sysTempuserServiceImpl", "baseWarehouseServiceImpl", "insToolcabinetController", "sysWxUserServiceImpl", "dynamicInterceptor", "sysLogController", "wxMassController", "emailService", "baseWarehouseController", "insToolcabinetServiceImpl", "wxMenuServiceImpl", "wxReplyNewsController", "baseDeptServiceImpl", "sysRouteServiceImpl", "insRepairtrackServiceImpl", "wxMassNewsServiceImpl", "baseAirmeterialController", "sysMenuServiceImpl", "sysMobileServiceImpl", "simpleTest", "logisticsOrderstepController", "sysLogServiceImpl", "logisticsUnplanServiceImpl", "wxTplIdServiceImpl", "logisticsDeliveryorderentryServiceImpl", "$aop_syslog", "padSysController", "baseDeptController", "logisticsOrderrejectController", "padOrderController", "sysBarcodeServiceImpl", "wxTplLogController", "wxUserController", "wxPayTestController", "tokenController", "sysVersionServiceImpl", "cmsLinkServiceImpl", "sysUnitServiceImpl", "insRfidController", "sysConfController", "pluginMaster"]
[DEBUG] 2018-10-15 16:13:22,175 org.nutz.ioc.loader.combo.ComboIocLoader.createIocLoader(ComboIocLoader.java:110) - found jedis -- org.nutz.integration.jedis.JedisIocLoader
[DEBUG] 2018-10-15 16:13:22,177 org.nutz.resource.Scans.scan(Scans.java:274) - Found 1 resource by src( org/nutz/integration/jedis/jedis.js ) , regex( ^(.+[.])(js|json)$ )
[DEBUG] 2018-10-15 16:13:22,177 org.nutz.ioc.loader.json.JsonLoader.<init>(JsonLoader.java:49) - loading [org/nutz/integration/jedis/jedis.js]
[DEBUG] 2018-10-15 16:13:22,177 org.nutz.ioc.loader.json.JsonLoader.<init>(JsonLoader.java:57) - Loaded 9 bean define from path=[org/nutz/integration/jedis/jedis.js] --> [redisService, jedisCluster, jedisClusterNodes, jedisClusterWrapper, pubSubService, jedisPoolConfig, jedisPool, jedisAgent, redis]
[DEBUG] 2018-10-15 16:13:22,178 org.nutz.ioc.loader.json.JsonLoader.<init>(JsonLoader.java:40) - Loaded 5 bean define from reader --
[txREPEATABLE_READ, txSERIALIZABLE, txNONE, txREAD_UNCOMMITTED, txREAD_COMMITTED]
[DEBUG] 2018-10-15 16:13:22,179 org.nutz.ioc.loader.combo.ComboIocLoader.createIocLoader(ComboIocLoader.java:110) - found quartz -- org.nutz.integration.quartz.QuartzIocLoader
[DEBUG] 2018-10-15 16:13:22,179 org.nutz.ioc.loader.json.JsonLoader.<init>(JsonLoader.java:57) - Loaded 0 bean define from path=[] --> []
[DEBUG] 2018-10-15 16:13:22,181 org.nutz.ioc.aop.SimpleAopMaker.<init>(SimpleAopMaker.java:79) - Load AopConfigure for anno=org.nutz.aop.interceptor.async.Async by type=org.nutz.aop.interceptor.async.AsyncAopIocLoader
[DEBUG] 2018-10-15 16:13:22,183 org.nutz.ioc.loader.combo.ComboIocLoader.createIocLoader(ComboIocLoader.java:110) - found rabbitmq -- org.nutz.integration.rabbitmq.RabbitmqIocLoader
[DEBUG] 2018-10-15 16:13:22,185 org.nutz.resource.Scans.scan(Scans.java:274) - Found 1 resource by src( org/nutz/integration/rabbitmq/rabbitmq.js ) , regex( ^(.+[.])(js|json)$ )
[DEBUG] 2018-10-15 16:13:22,185 org.nutz.ioc.loader.json.JsonLoader.<init>(JsonLoader.java:49) - loading [org/nutz/integration/rabbitmq/rabbitmq.js]
[DEBUG] 2018-10-15 16:13:22,186 org.nutz.ioc.loader.json.JsonLoader.<init>(JsonLoader.java:57) - Loaded 2 bean define from path=[org/nutz/integration/rabbitmq/rabbitmq.js] --> [rabbitmq, rabbitmq_cf]
[INFO ] 2018-10-15 16:13:22,186 org.nutz.ioc.impl.NutIoc.<init>(NutIoc.java:98) - NutIoc init begin ...
[INFO ] 2018-10-15 16:13:22,186 org.nutz.ioc.impl.NutIoc.<init>(NutIoc.java:115) - ... NutIoc init complete
[DEBUG] 2018-10-15 16:13:22,186 org.nutz.ioc.impl.NutIoc.get(NutIoc.java:151) - Get 'conf'<class org.nutz.ioc.impl.PropertiesProxy>
[DEBUG] 2018-10-15 16:13:22,186 org.nutz.ioc.impl.NutIoc.get(NutIoc.java:151) - Get '$aop_1_plugin'<interface org.nutz.ioc.aop.config.AopConfigration>
[DEBUG] 2018-10-15 16:13:22,186 org.nutz.ioc.impl.NutIoc.get(NutIoc.java:177) - 	 >> Load definition name=$aop_1_plugin
[DEBUG] 2018-10-15 16:13:22,186 org.nutz.ioc.loader.combo.ComboIocLoader.load(ComboIocLoader.java:161) - Found IocObject($aop_1_plugin) in AnnotationIocLoader(packages=[cn.wizzer, org.nutz.apidoc])
[DEBUG] 2018-10-15 16:13:22,186 org.nutz.ioc.impl.NutIoc.get(NutIoc.java:209) - 	 >> Make...'$aop_1_plugin'<interface org.nutz.ioc.aop.config.AopConfigration>
[DEBUG] 2018-10-15 16:13:22,187 org.nutz.ioc.impl.ScopeContext.save(ScopeContext.java:64) - Save object '$aop_1_plugin' to [app] 
[DEBUG] 2018-10-15 16:13:22,187 org.nutz.ioc.impl.NutIoc.get(NutIoc.java:151) - Get 'dynamicInterceptor'<class cn.wizzer.app.web.commons.plugin.DynamicInterceptor>
[DEBUG] 2018-10-15 16:13:22,187 org.nutz.ioc.impl.NutIoc.get(NutIoc.java:177) - 	 >> Load definition name=dynamicInterceptor
[DEBUG] 2018-10-15 16:13:22,187 org.nutz.ioc.loader.combo.ComboIocLoader.load(ComboIocLoader.java:161) - Found IocObject(dynamicInterceptor) in AnnotationIocLoader(packages=[cn.wizzer, org.nutz.apidoc])
[DEBUG] 2018-10-15 16:13:22,187 org.nutz.ioc.impl.NutIoc.get(NutIoc.java:209) - 	 >> Make...'dynamicInterceptor'<class cn.wizzer.app.web.commons.plugin.DynamicInterceptor>
[DEBUG] 2018-10-15 16:13:22,187 org.nutz.ioc.impl.ScopeContext.save(ScopeContext.java:64) - Save object 'dynamicInterceptor' to [app] 
[DEBUG] 2018-10-15 16:13:22,187 org.nutz.ioc.impl.NutIoc.get(NutIoc.java:151) - Get '$aop_async'<interface org.nutz.ioc.aop.config.AopConfigration>
[DEBUG] 2018-10-15 16:13:22,187 org.nutz.ioc.impl.NutIoc.get(NutIoc.java:177) - 	 >> Load definition name=$aop_async
[DEBUG] 2018-10-15 16:13:22,187 org.nutz.ioc.loader.combo.ComboIocLoader.load(ComboIocLoader.java:161) - Found IocObject($aop_async) in AsyncAopIocLoader@1122130699
[DEBUG] 2018-10-15 16:13:22,187 org.nutz.ioc.impl.NutIoc.get(NutIoc.java:209) - 	 >> Make...'$aop_async'<interface org.nutz.ioc.aop.config.AopConfigration>
[DEBUG] 2018-10-15 16:13:22,187 org.nutz.ioc.impl.ScopeContext.save(ScopeContext.java:64) - Save object '$aop_async' to [app] 
[DEBUG] 2018-10-15 16:13:22,188 org.nutz.ioc.impl.NutIoc.get(NutIoc.java:151) - Get '$aop_syslog'<interface org.nutz.ioc.aop.config.AopConfigration>
[DEBUG] 2018-10-15 16:13:22,188 org.nutz.ioc.impl.NutIoc.get(NutIoc.java:177) - 	 >> Load definition name=$aop_syslog
[DEBUG] 2018-10-15 16:13:22,188 org.nutz.ioc.loader.combo.ComboIocLoader.load(ComboIocLoader.java:161) - Found IocObject($aop_syslog) in AnnotationIocLoader(packages=[cn.wizzer, org.nutz.apidoc])
[DEBUG] 2018-10-15 16:13:22,188 org.nutz.ioc.impl.NutIoc.get(NutIoc.java:209) - 	 >> Make...'$aop_syslog'<interface org.nutz.ioc.aop.config.AopConfigration>
[DEBUG] 2018-10-15 16:13:22,188 org.nutz.ioc.impl.ScopeContext.save(ScopeContext.java:64) - Save object '$aop_syslog' to [app] 
[DEBUG] 2018-10-15 16:13:22,188 org.nutz.ioc.aop.SimpleAopMaker.<init>(SimpleAopMaker.java:79) - Load AopConfigure for anno=cn.wizzer.app.web.commons.slog.annotation.SLog by type=cn.wizzer.app.web.commons.slog.SLogAopConfigration
[DEBUG] 2018-10-15 16:13:22,188 org.nutz.ioc.aop.SimpleAopMaker.<init>(SimpleAopMaker.java:79) - Load AopConfigure for anno=org.nutz.ioc.aop.Aop by type=org.nutz.ioc.aop.config.impl.AnnotationAopConfigration
[DEBUG] 2018-10-15 16:13:22,188 org.nutz.ioc.impl.NutIoc.get(NutIoc.java:177) - 	 >> Load definition name=conf
[DEBUG] 2018-10-15 16:13:22,188 org.nutz.ioc.loader.map.MapLoader.load(MapLoader.java:67) - Loading define for name=conf
[DEBUG] 2018-10-15 16:13:22,188 org.nutz.ioc.loader.combo.ComboIocLoader.load(ComboIocLoader.java:161) - Found IocObject(conf) in JsonLoader(paths=[config/ioc/])
[DEBUG] 2018-10-15 16:13:22,188 org.nutz.ioc.impl.NutIoc.get(NutIoc.java:209) - 	 >> Make...'conf'<class org.nutz.ioc.impl.PropertiesProxy>
[DEBUG] 2018-10-15 16:13:22,188 cn.wizzer.app.web.commons.plugin.PluginAopConfigure.getInterceptorPairList(PluginAopConfigure.java:33) - skip -- org.nutz.ioc.impl.PropertiesProxy
[DEBUG] 2018-10-15 16:13:22,189 org.nutz.ioc.aop.impl.DefaultMirrorFactory.getMirror(DefaultMirrorFactory.java:70) - Load class org.nutz.ioc.impl.PropertiesProxy without AOP
[DEBUG] 2018-10-15 16:13:22,189 org.nutz.ioc.impl.ScopeContext.save(ScopeContext.java:64) - Save object 'conf' to [app] 
[DEBUG] 2018-10-15 16:13:22,192 org.nutz.resource.Scans.scan(Scans.java:274) - Found 4 resource by src( config/custom/ ) , regex( ^.+[.]properties$ )
[DEBUG] 2018-10-15 16:13:22,192 org.nutz.ioc.impl.PropertiesProxy.setPaths(PropertiesProxy.java:113) - load properties from File[C:\Users\Administrator\IdeaProjects\XA-Instrument\wk-app\wk-web\target\classes\config\custom\db.properties]
[DEBUG] 2018-10-15 16:13:22,193 org.nutz.ioc.impl.PropertiesProxy.setPaths(PropertiesProxy.java:113) - load properties from File[C:\Users\Administrator\IdeaProjects\XA-Instrument\wk-app\wk-web\target\classes\config\custom\mail.properties]
[DEBUG] 2018-10-15 16:13:22,194 org.nutz.ioc.impl.PropertiesProxy.setPaths(PropertiesProxy.java:113) - load properties from File[C:\Users\Administrator\IdeaProjects\XA-Instrument\wk-app\wk-web\target\classes\config\custom\rabbit.properties]
[DEBUG] 2018-10-15 16:13:22,194 org.nutz.ioc.impl.PropertiesProxy.setPaths(PropertiesProxy.java:113) - load properties from File[C:\Users\Administrator\IdeaProjects\XA-Instrument\wk-app\wk-web\target\classes\config\custom\redis.properties]
[DEBUG] 2018-10-15 16:13:22,195 org.nutz.ioc.impl.NutIoc.get(NutIoc.java:151) - Get 'simpleTest'<class cn.wizzer.test.SimpleTest>
[DEBUG] 2018-10-15 16:13:22,195 org.nutz.ioc.impl.NutIoc.get(NutIoc.java:177) - 	 >> Load definition name=simpleTest
[DEBUG] 2018-10-15 16:13:22,195 org.nutz.ioc.loader.combo.ComboIocLoader.load(ComboIocLoader.java:161) - Found IocObject(simpleTest) in AnnotationIocLoader(packages=[cn.wizzer, org.nutz.apidoc])
[DEBUG] 2018-10-15 16:13:22,195 org.nutz.ioc.impl.NutIoc.get(NutIoc.java:209) - 	 >> Make...'simpleTest'<class cn.wizzer.test.SimpleTest>
[DEBUG] 2018-10-15 16:13:22,195 cn.wizzer.app.web.commons.plugin.PluginAopConfigure.getInterceptorPairList(PluginAopConfigure.java:33) - skip -- cn.wizzer.test.SimpleTest
[DEBUG] 2018-10-15 16:13:22,195 org.nutz.ioc.aop.impl.DefaultMirrorFactory.getMirror(DefaultMirrorFactory.java:70) - Load class cn.wizzer.test.SimpleTest without AOP
[DEBUG] 2018-10-15 16:13:22,195 org.nutz.ioc.impl.ScopeContext.save(ScopeContext.java:64) - Save object 'simpleTest' to [app] 
[DEBUG] 2018-10-15 16:13:22,197 org.nutz.ioc.impl.NutIoc.get(NutIoc.java:151) - Get 'dao'<interface org.nutz.dao.Dao>
[DEBUG] 2018-10-15 16:13:22,197 org.nutz.ioc.impl.NutIoc.get(NutIoc.java:177) - 	 >> Load definition name=dao
[DEBUG] 2018-10-15 16:13:22,197 org.nutz.ioc.loader.map.MapLoader.load(MapLoader.java:67) - Loading define for name=dao
[DEBUG] 2018-10-15 16:13:22,198 org.nutz.ioc.loader.combo.ComboIocLoader.load(ComboIocLoader.java:161) - Found IocObject(dao) in JsonLoader(paths=[config/ioc/])
[DEBUG] 2018-10-15 16:13:22,198 org.nutz.ioc.impl.NutIoc.get(NutIoc.java:209) - 	 >> Make...'dao'<interface org.nutz.dao.Dao>
[DEBUG] 2018-10-15 16:13:22,198 cn.wizzer.app.web.commons.plugin.PluginAopConfigure.getInterceptorPairList(PluginAopConfigure.java:33) - skip -- org.nutz.dao.impl.NutDao
[DEBUG] 2018-10-15 16:13:22,198 org.nutz.ioc.aop.impl.DefaultMirrorFactory.getMirror(DefaultMirrorFactory.java:70) - Load class org.nutz.dao.impl.NutDao without AOP
[DEBUG] 2018-10-15 16:13:22,198 org.nutz.ioc.impl.ScopeContext.save(ScopeContext.java:64) - Save object 'dao' to [app] 
[DEBUG] 2018-10-15 16:13:22,198 org.nutz.ioc.impl.NutIoc.get(NutIoc.java:151) - Get 'dataSource'<>
[DEBUG] 2018-10-15 16:13:22,198 org.nutz.ioc.impl.NutIoc.get(NutIoc.java:177) - 	 >> Load definition name=dataSource
[DEBUG] 2018-10-15 16:13:22,198 org.nutz.ioc.loader.map.MapLoader.load(MapLoader.java:67) - Loading define for name=dataSource
[DEBUG] 2018-10-15 16:13:22,198 org.nutz.ioc.loader.combo.ComboIocLoader.load(ComboIocLoader.java:161) - Found IocObject(dataSource) in JsonLoader(paths=[config/ioc/])
[DEBUG] 2018-10-15 16:13:22,198 org.nutz.ioc.impl.NutIoc.get(NutIoc.java:209) - 	 >> Make...'dataSource'<>
[DEBUG] 2018-10-15 16:13:22,198 cn.wizzer.app.web.commons.plugin.PluginAopConfigure.getInterceptorPairList(PluginAopConfigure.java:33) - skip -- com.alibaba.druid.pool.DruidDataSource
[DEBUG] 2018-10-15 16:13:22,198 org.nutz.ioc.aop.impl.DefaultMirrorFactory.getMirror(DefaultMirrorFactory.java:70) - Load class com.alibaba.druid.pool.DruidDataSource without AOP
[DEBUG] 2018-10-15 16:13:22,198 org.nutz.ioc.impl.ScopeContext.save(ScopeContext.java:64) - Save object 'dataSource' to [app] 
[DEBUG] 2018-10-15 16:13:22,199 org.nutz.ioc.impl.NutIoc.get(NutIoc.java:151) - Get 'conf'<>
[DEBUG] 2018-10-15 16:13:22,200 org.nutz.ioc.impl.ScopeContext.remove(ScopeContext.java:84) - Remove object 'dataSource' from [app] 
[DEBUG] 2018-10-15 16:13:22,200 org.nutz.ioc.impl.ScopeContext.remove(ScopeContext.java:84) - Remove object 'dao' from [app] 
[DEBUG] 2018-10-15 16:13:22,200 org.nutz.ioc.impl.ScopeContext.remove(ScopeContext.java:84) - Remove object 'simpleTest' from [app] 
]]></system-out>
  </testcase>
  <testcase name="testOrder21" classname="cn.wizzer.test.SimpleTest" time="0">
    <error message="IocBean[simpleTest] throw Exception when creating" type="org.nutz.ioc.IocException">org.nutz.ioc.IocException: IocBean[simpleTest] throw Exception when creating
Caused by: java.lang.RuntimeException: IocBean[simpleTest] fail at field=[dao]
Caused by: org.nutz.ioc.IocException: IocBean[dao -> dataSource] throw Exception when creating
Caused by: java.lang.IllegalArgumentException: Failed to decrypt.
Caused by: java.lang.IllegalArgumentException: String length must be a multiple of four.
</error>
    <system-out><![CDATA[[INFO ] 2018-10-15 16:13:22,201 org.nutz.ioc.impl.NutIoc.depose(NutIoc.java:255) - org.nutz.ioc.impl.NutIoc@968113504 is closing. startup date [18-10-15 16:13:22.186]
[DEBUG] 2018-10-15 16:13:22,201 org.nutz.ioc.impl.ScopeContext.clear(ScopeContext.java:108) - Depose object 'conf' ...
[DEBUG] 2018-10-15 16:13:22,201 org.nutz.ioc.impl.ScopeContext.clear(ScopeContext.java:108) - Depose object '$aop_syslog' ...
[DEBUG] 2018-10-15 16:13:22,201 org.nutz.ioc.impl.ScopeContext.clear(ScopeContext.java:108) - Depose object '$aop_async' ...
[DEBUG] 2018-10-15 16:13:22,201 org.nutz.ioc.impl.ScopeContext.clear(ScopeContext.java:108) - Depose object 'dynamicInterceptor' ...
[DEBUG] 2018-10-15 16:13:22,201 org.nutz.ioc.impl.ScopeContext.clear(ScopeContext.java:108) - Depose object '$aop_1_plugin' ...
[INFO ] 2018-10-15 16:13:22,201 org.nutz.ioc.impl.NutIoc.depose(NutIoc.java:262) - org.nutz.ioc.impl.NutIoc@968113504 is deposed. startup date [18-10-15 16:13:22.186]
[DEBUG] 2018-10-15 16:13:22,204 org.nutz.resource.Scans.scan(Scans.java:274) - Found 4 resource by src( config/ioc/ ) , regex( ^(.+[.])(js|json)$ )
[DEBUG] 2018-10-15 16:13:22,204 org.nutz.ioc.loader.json.JsonLoader.<init>(JsonLoader.java:49) - loading [dao.json]
[DEBUG] 2018-10-15 16:13:22,204 org.nutz.ioc.loader.json.JsonLoader.<init>(JsonLoader.java:49) - loading [ehcache.json]
[DEBUG] 2018-10-15 16:13:22,205 org.nutz.ioc.loader.json.JsonLoader.<init>(JsonLoader.java:49) - loading [mail.json]
[DEBUG] 2018-10-15 16:13:22,205 org.nutz.ioc.loader.json.JsonLoader.<init>(JsonLoader.java:49) - loading [upload.json]
[DEBUG] 2018-10-15 16:13:22,206 org.nutz.ioc.loader.json.JsonLoader.<init>(JsonLoader.java:57) - Loaded 15 bean define from path=[config/ioc/] --> [videoUpload, conf, uploadVideoContext, imageUpload, fileUpload, cacheManager, dao, cacheProvider, emailAuthenticator, uploadFileContext, htmlEmail, cacheExecutor, tmpFilePool, uploadImageContext, dataSource]
[DEBUG] 2018-10-15 16:13:22,362 org.nutz.resource.Scans.scan(Scans.java:274) - Found 452 resource by src( cn/wizzer/ ) , regex( ^.+[.]class$ )
[DEBUG] 2018-10-15 16:13:22,365 org.nutz.ioc.loader.annotation.AnnotationIocLoader.addClass(AnnotationIocLoader.java:76) - Found @IocBean : class cn.wizzer.framework.util.StringUtil
[DEBUG] 2018-10-15 16:13:22,366 org.nutz.ioc.loader.annotation.AnnotationIocLoader.addClass(AnnotationIocLoader.java:76) - Found @IocBean : class cn.wizzer.framework.util.CookieUtil
[DEBUG] 2018-10-15 16:13:22,366 org.nutz.ioc.loader.annotation.AnnotationIocLoader.addClass(AnnotationIocLoader.java:76) - Found @IocBean : class cn.wizzer.framework.ig.RedisIdGenerator
[DEBUG] 2018-10-15 16:13:22,367 org.nutz.ioc.loader.annotation.AnnotationIocLoader.addClass(AnnotationIocLoader.java:76) - Found @IocBean : class cn.wizzer.framework.util.DateUtil
[DEBUG] 2018-10-15 16:13:22,367 org.nutz.ioc.loader.annotation.AnnotationIocLoader.addClass(AnnotationIocLoader.java:76) - Found @IocBean : class cn.wizzer.framework.shiro.interceptor.NutShiroMethodInterceptor
[DEBUG] 2018-10-15 16:13:22,367 org.nutz.ioc.loader.annotation.AnnotationIocLoader.addClass(AnnotationIocLoader.java:76) - Found @IocBean : class cn.wizzer.framework.util.IdcardUtil
[DEBUG] 2018-10-15 16:13:22,367 org.nutz.ioc.loader.annotation.AnnotationIocLoader.addClass(AnnotationIocLoader.java:76) - Found @IocBean : class cn.wizzer.framework.rabbit.RabbitProducer
[DEBUG] 2018-10-15 16:13:22,367 org.nutz.ioc.loader.annotation.AnnotationIocLoader.addClass(AnnotationIocLoader.java:76) - Found @IocBean : class cn.wizzer.framework.util.RSAUtil
[DEBUG] 2018-10-15 16:13:22,368 org.nutz.ioc.loader.annotation.AnnotationIocLoader.addClass(AnnotationIocLoader.java:76) - Found @IocBean : class cn.wizzer.framework.util.ShiroUtil
[DEBUG] 2018-10-15 16:13:22,368 org.nutz.ioc.loader.annotation.AnnotationIocLoader.addClass(AnnotationIocLoader.java:76) - Found @IocBean : class cn.wizzer.framework.util.Code128Util
[DEBUG] 2018-10-15 16:13:22,368 org.nutz.ioc.loader.annotation.AnnotationIocLoader.addClass(AnnotationIocLoader.java:76) - Found @IocBean : class cn.wizzer.app.base.modules.services.impl.BaseAirmeterialServiceImpl
[DEBUG] 2018-10-15 16:13:22,368 org.nutz.ioc.loader.annotation.AnnotationIocLoader.addClass(AnnotationIocLoader.java:76) - Found @IocBean : class cn.wizzer.app.base.modules.services.impl.BaseAirportServiceImpl
[DEBUG] 2018-10-15 16:13:22,368 org.nutz.ioc.loader.annotation.AnnotationIocLoader.addClass(AnnotationIocLoader.java:76) - Found @IocBean : class cn.wizzer.app.base.modules.services.impl.BaseCnctobjServiceImpl
[DEBUG] 2018-10-15 16:13:22,368 org.nutz.ioc.loader.annotation.AnnotationIocLoader.addClass(AnnotationIocLoader.java:76) - Found @IocBean : class cn.wizzer.app.base.modules.services.impl.BaseCustomerServiceImpl
[DEBUG] 2018-10-15 16:13:22,369 org.nutz.ioc.loader.annotation.AnnotationIocLoader.addClass(AnnotationIocLoader.java:76) - Found @IocBean : class cn.wizzer.app.base.modules.services.impl.BaseDeptServiceImpl
[DEBUG] 2018-10-15 16:13:22,369 org.nutz.ioc.loader.annotation.AnnotationIocLoader.addClass(AnnotationIocLoader.java:76) - Found @IocBean : class cn.wizzer.app.base.modules.services.impl.BaseJobServiceImpl
[DEBUG] 2018-10-15 16:13:22,369 org.nutz.ioc.loader.annotation.AnnotationIocLoader.addClass(AnnotationIocLoader.java:76) - Found @IocBean : class cn.wizzer.app.base.modules.services.impl.BasePersonpoolServiceImpl
[DEBUG] 2018-10-15 16:13:22,369 org.nutz.ioc.loader.annotation.AnnotationIocLoader.addClass(AnnotationIocLoader.java:76) - Found @IocBean : class cn.wizzer.app.base.modules.services.impl.BasePersonServiceImpl
[DEBUG] 2018-10-15 16:13:22,369 org.nutz.ioc.loader.annotation.AnnotationIocLoader.addClass(AnnotationIocLoader.java:76) - Found @IocBean : class cn.wizzer.app.base.modules.services.impl.BasePlaceServiceImpl
[DEBUG] 2018-10-15 16:13:22,369 org.nutz.ioc.loader.annotation.AnnotationIocLoader.addClass(AnnotationIocLoader.java:76) - Found @IocBean : class cn.wizzer.app.base.modules.services.impl.BasePostServiceImpl
[DEBUG] 2018-10-15 16:13:22,369 org.nutz.ioc.loader.annotation.AnnotationIocLoader.addClass(AnnotationIocLoader.java:76) - Found @IocBean : class cn.wizzer.app.base.modules.services.impl.BaseRowofficeentryServiceImpl
[DEBUG] 2018-10-15 16:13:22,369 org.nutz.ioc.loader.annotation.AnnotationIocLoader.addClass(AnnotationIocLoader.java:76) - Found @IocBean : class cn.wizzer.app.base.modules.services.impl.BaseRowofficeServiceImpl
[DEBUG] 2018-10-15 16:13:22,370 org.nutz.ioc.loader.annotation.AnnotationIocLoader.addClass(AnnotationIocLoader.java:76) - Found @IocBean : class cn.wizzer.app.base.modules.services.impl.BaseVehicleServiceImpl
[DEBUG] 2018-10-15 16:13:22,370 org.nutz.ioc.loader.annotation.AnnotationIocLoader.addClass(AnnotationIocLoader.java:76) - Found @IocBean : class cn.wizzer.app.base.modules.services.impl.BaseWarehouseServiceImpl
[DEBUG] 2018-10-15 16:13:22,370 org.nutz.ioc.loader.annotation.AnnotationIocLoader.addClass(AnnotationIocLoader.java:76) - Found @IocBean : class cn.wizzer.app.cms.modules.services.impl.CmsArticleServiceImpl
[DEBUG] 2018-10-15 16:13:22,370 org.nutz.ioc.loader.annotation.AnnotationIocLoader.addClass(AnnotationIocLoader.java:76) - Found @IocBean : class cn.wizzer.app.cms.modules.services.impl.CmsChannelServiceImpl
[DEBUG] 2018-10-15 16:13:22,370 org.nutz.ioc.loader.annotation.AnnotationIocLoader.addClass(AnnotationIocLoader.java:76) - Found @IocBean : class cn.wizzer.app.cms.modules.services.impl.CmsLinkClassServiceImpl
[DEBUG] 2018-10-15 16:13:22,370 org.nutz.ioc.loader.annotation.AnnotationIocLoader.addClass(AnnotationIocLoader.java:76) - Found @IocBean : class cn.wizzer.app.cms.modules.services.impl.CmsLinkServiceImpl
[DEBUG] 2018-10-15 16:13:22,370 org.nutz.ioc.loader.annotation.AnnotationIocLoader.addClass(AnnotationIocLoader.java:76) - Found @IocBean : class cn.wizzer.app.cms.modules.services.impl.CmsSiteServiceImpl
[DEBUG] 2018-10-15 16:13:22,370 org.nutz.ioc.loader.annotation.AnnotationIocLoader.addClass(AnnotationIocLoader.java:76) - Found @IocBean : class cn.wizzer.app.ins.modules.services.impl.InsBaseinsServiceImpl
[DEBUG] 2018-10-15 16:13:22,370 org.nutz.ioc.loader.annotation.AnnotationIocLoader.addClass(AnnotationIocLoader.java:76) - Found @IocBean : class cn.wizzer.app.ins.modules.services.impl.InsBaseinsSpaceServiceImpl
[DEBUG] 2018-10-15 16:13:22,371 org.nutz.ioc.loader.annotation.AnnotationIocLoader.addClass(AnnotationIocLoader.java:76) - Found @IocBean : class cn.wizzer.app.ins.modules.services.impl.InsCabinetServiceImpl
[DEBUG] 2018-10-15 16:13:22,371 org.nutz.ioc.loader.annotation.AnnotationIocLoader.addClass(AnnotationIocLoader.java:76) - Found @IocBean : class cn.wizzer.app.ins.modules.services.impl.InsCommonServiceImpl
[DEBUG] 2018-10-15 16:13:22,371 org.nutz.ioc.loader.annotation.AnnotationIocLoader.addClass(AnnotationIocLoader.java:76) - Found @IocBean : class cn.wizzer.app.ins.modules.services.impl.InsInstrumentServiceImpl
[DEBUG] 2018-10-15 16:13:22,371 org.nutz.ioc.loader.annotation.AnnotationIocLoader.addClass(AnnotationIocLoader.java:76) - Found @IocBean : class cn.wizzer.app.ins.modules.services.impl.InsLockServiceImpl
[DEBUG] 2018-10-15 16:13:22,371 org.nutz.ioc.loader.annotation.AnnotationIocLoader.addClass(AnnotationIocLoader.java:76) - Found @IocBean : class cn.wizzer.app.ins.modules.services.impl.InsOrderentryServiceImpl
[DEBUG] 2018-10-15 16:13:22,371 org.nutz.ioc.loader.annotation.AnnotationIocLoader.addClass(AnnotationIocLoader.java:76) - Found @IocBean : class cn.wizzer.app.ins.modules.services.impl.InsOrderServiceImpl
[DEBUG] 2018-10-15 16:13:22,371 org.nutz.ioc.loader.annotation.AnnotationIocLoader.addClass(AnnotationIocLoader.java:76) - Found @IocBean : class cn.wizzer.app.ins.modules.services.impl.InsRepairServiceImpl
[DEBUG] 2018-10-15 16:13:22,371 org.nutz.ioc.loader.annotation.AnnotationIocLoader.addClass(AnnotationIocLoader.java:76) - Found @IocBean : class cn.wizzer.app.ins.modules.services.impl.InsRepairtrackServiceImpl
[DEBUG] 2018-10-15 16:13:22,371 org.nutz.ioc.loader.annotation.AnnotationIocLoader.addClass(AnnotationIocLoader.java:76) - Found @IocBean : class cn.wizzer.app.ins.modules.services.impl.InsRfheadServiceImpl
[DEBUG] 2018-10-15 16:13:22,371 org.nutz.ioc.loader.annotation.AnnotationIocLoader.addClass(AnnotationIocLoader.java:76) - Found @IocBean : class cn.wizzer.app.ins.modules.services.impl.InsRfidServiceImpl
[DEBUG] 2018-10-15 16:13:22,371 org.nutz.ioc.loader.annotation.AnnotationIocLoader.addClass(AnnotationIocLoader.java:76) - Found @IocBean : class cn.wizzer.app.ins.modules.services.impl.InsSpaceServiceImpl
[DEBUG] 2018-10-15 16:13:22,372 org.nutz.ioc.loader.annotation.AnnotationIocLoader.addClass(AnnotationIocLoader.java:76) - Found @IocBean : class cn.wizzer.app.ins.modules.services.impl.InsToolcabinetServiceImpl
[DEBUG] 2018-10-15 16:13:22,372 org.nutz.ioc.loader.annotation.AnnotationIocLoader.addClass(AnnotationIocLoader.java:76) - Found @IocBean : class cn.wizzer.app.ins.modules.services.impl.InsTransmitServiceImpl
[DEBUG] 2018-10-15 16:13:22,372 org.nutz.ioc.loader.annotation.AnnotationIocLoader.addClass(AnnotationIocLoader.java:76) - Found @IocBean : class cn.wizzer.app.logistics.modules.services.impl.LogisticsDeliveryorderentryServiceImpl
[DEBUG] 2018-10-15 16:13:22,372 org.nutz.ioc.loader.annotation.AnnotationIocLoader.addClass(AnnotationIocLoader.java:76) - Found @IocBean : class cn.wizzer.app.logistics.modules.services.impl.LogisticsDeliveryorderServiceImpl
[DEBUG] 2018-10-15 16:13:22,372 org.nutz.ioc.loader.annotation.AnnotationIocLoader.addClass(AnnotationIocLoader.java:76) - Found @IocBean : class cn.wizzer.app.logistics.modules.services.impl.LogisticsEntourageServiceImpl
[DEBUG] 2018-10-15 16:13:22,372 org.nutz.ioc.loader.annotation.AnnotationIocLoader.addClass(AnnotationIocLoader.java:76) - Found @IocBean : class cn.wizzer.app.logistics.modules.services.impl.LogisticsOrderdeliveryServiceImpl
[DEBUG] 2018-10-15 16:13:22,372 org.nutz.ioc.loader.annotation.AnnotationIocLoader.addClass(AnnotationIocLoader.java:76) - Found @IocBean : class cn.wizzer.app.logistics.modules.services.impl.LogisticsOrderentryServiceImpl
[DEBUG] 2018-10-15 16:13:22,372 org.nutz.ioc.loader.annotation.AnnotationIocLoader.addClass(AnnotationIocLoader.java:76) - Found @IocBean : class cn.wizzer.app.logistics.modules.services.impl.LogisticsOrderplanentryServiceImpl
[DEBUG] 2018-10-15 16:13:22,372 org.nutz.ioc.loader.annotation.AnnotationIocLoader.addClass(AnnotationIocLoader.java:76) - Found @IocBean : class cn.wizzer.app.logistics.modules.services.impl.LogisticsOrderplanServiceImpl
[DEBUG] 2018-10-15 16:13:22,372 org.nutz.ioc.loader.annotation.AnnotationIocLoader.addClass(AnnotationIocLoader.java:76) - Found @IocBean : class cn.wizzer.app.logistics.modules.services.impl.LogisticsOrderrejectServiceImpl
[DEBUG] 2018-10-15 16:13:22,372 org.nutz.ioc.loader.annotation.AnnotationIocLoader.addClass(AnnotationIocLoader.java:76) - Found @IocBean : class cn.wizzer.app.logistics.modules.services.impl.LogisticsOrderServiceImpl
[DEBUG] 2018-10-15 16:13:22,373 org.nutz.ioc.loader.annotation.AnnotationIocLoader.addClass(AnnotationIocLoader.java:76) - Found @IocBean : class cn.wizzer.app.logistics.modules.services.impl.LogisticsOrderstepServiceImpl
[DEBUG] 2018-10-15 16:13:22,373 org.nutz.ioc.loader.annotation.AnnotationIocLoader.addClass(AnnotationIocLoader.java:76) - Found @IocBean : class cn.wizzer.app.logistics.modules.services.impl.LogisticsSendapprovalServiceImpl
[DEBUG] 2018-10-15 16:13:22,373 org.nutz.ioc.loader.annotation.AnnotationIocLoader.addClass(AnnotationIocLoader.java:76) - Found @IocBean : class cn.wizzer.app.logistics.modules.services.impl.LogisticsSendgoodsServiceImpl
[DEBUG] 2018-10-15 16:13:22,373 org.nutz.ioc.loader.annotation.AnnotationIocLoader.addClass(AnnotationIocLoader.java:76) - Found @IocBean : class cn.wizzer.app.logistics.modules.services.impl.LogisticsSendplanServiceImpl
[DEBUG] 2018-10-15 16:13:22,373 org.nutz.ioc.loader.annotation.AnnotationIocLoader.addClass(AnnotationIocLoader.java:76) - Found @IocBean : class cn.wizzer.app.logistics.modules.services.impl.LogisticsSendtraceServiceImpl
[DEBUG] 2018-10-15 16:13:22,373 org.nutz.ioc.loader.annotation.AnnotationIocLoader.addClass(AnnotationIocLoader.java:76) - Found @IocBean : class cn.wizzer.app.logistics.modules.services.impl.LogisticsUnplanServiceImpl
[DEBUG] 2018-10-15 16:13:22,373 org.nutz.ioc.loader.annotation.AnnotationIocLoader.addClass(AnnotationIocLoader.java:76) - Found @IocBean : class cn.wizzer.app.sys.modules.services.impl.SysApiServiceImpl
[DEBUG] 2018-10-15 16:13:22,373 org.nutz.ioc.loader.annotation.AnnotationIocLoader.addClass(AnnotationIocLoader.java:76) - Found @IocBean : class cn.wizzer.app.sys.modules.services.impl.SysBarcodeServiceImpl
[DEBUG] 2018-10-15 16:13:22,373 org.nutz.ioc.loader.annotation.AnnotationIocLoader.addClass(AnnotationIocLoader.java:76) - Found @IocBean : class cn.wizzer.app.sys.modules.services.impl.SysConfigServiceImpl
[DEBUG] 2018-10-15 16:13:22,373 org.nutz.ioc.loader.annotation.AnnotationIocLoader.addClass(AnnotationIocLoader.java:76) - Found @IocBean : class cn.wizzer.app.sys.modules.services.impl.SysDictServiceImpl
[DEBUG] 2018-10-15 16:13:22,373 org.nutz.ioc.loader.annotation.AnnotationIocLoader.addClass(AnnotationIocLoader.java:76) - Found @IocBean : class cn.wizzer.app.sys.modules.services.impl.SysLogServiceImpl
[DEBUG] 2018-10-15 16:13:22,374 org.nutz.ioc.loader.annotation.AnnotationIocLoader.addClass(AnnotationIocLoader.java:76) - Found @IocBean : class cn.wizzer.app.sys.modules.services.impl.SysMenuServiceImpl
[DEBUG] 2018-10-15 16:13:22,374 org.nutz.ioc.loader.annotation.AnnotationIocLoader.addClass(AnnotationIocLoader.java:76) - Found @IocBean : class cn.wizzer.app.sys.modules.services.impl.SysMobileServiceImpl
[DEBUG] 2018-10-15 16:13:22,374 org.nutz.ioc.loader.annotation.AnnotationIocLoader.addClass(AnnotationIocLoader.java:76) - Found @IocBean : class cn.wizzer.app.sys.modules.services.impl.SysPluginServiceImpl
[DEBUG] 2018-10-15 16:13:22,374 org.nutz.ioc.loader.annotation.AnnotationIocLoader.addClass(AnnotationIocLoader.java:76) - Found @IocBean : class cn.wizzer.app.sys.modules.services.impl.SysRegistauditServiceImpl
[DEBUG] 2018-10-15 16:13:22,374 org.nutz.ioc.loader.annotation.AnnotationIocLoader.addClass(AnnotationIocLoader.java:76) - Found @IocBean : class cn.wizzer.app.sys.modules.services.impl.SysRoleServiceImpl
[DEBUG] 2018-10-15 16:13:22,374 org.nutz.ioc.loader.annotation.AnnotationIocLoader.addClass(AnnotationIocLoader.java:76) - Found @IocBean : class cn.wizzer.app.sys.modules.services.impl.SysRouteServiceImpl
[DEBUG] 2018-10-15 16:13:22,374 org.nutz.ioc.loader.annotation.AnnotationIocLoader.addClass(AnnotationIocLoader.java:76) - Found @IocBean : class cn.wizzer.app.sys.modules.services.impl.SysTaskServiceImpl
[DEBUG] 2018-10-15 16:13:22,374 org.nutz.ioc.loader.annotation.AnnotationIocLoader.addClass(AnnotationIocLoader.java:76) - Found @IocBean : class cn.wizzer.app.sys.modules.services.impl.SysTempuserServiceImpl
[DEBUG] 2018-10-15 16:13:22,374 org.nutz.ioc.loader.annotation.AnnotationIocLoader.addClass(AnnotationIocLoader.java:76) - Found @IocBean : class cn.wizzer.app.sys.modules.services.impl.SysUnitServiceImpl
[DEBUG] 2018-10-15 16:13:22,374 org.nutz.ioc.loader.annotation.AnnotationIocLoader.addClass(AnnotationIocLoader.java:76) - Found @IocBean : class cn.wizzer.app.sys.modules.services.impl.SysUserServiceImpl
[DEBUG] 2018-10-15 16:13:22,375 org.nutz.ioc.loader.annotation.AnnotationIocLoader.addClass(AnnotationIocLoader.java:76) - Found @IocBean : class cn.wizzer.app.sys.modules.services.impl.SysVersionServiceImpl
[DEBUG] 2018-10-15 16:13:22,375 org.nutz.ioc.loader.annotation.AnnotationIocLoader.addClass(AnnotationIocLoader.java:76) - Found @IocBean : class cn.wizzer.app.sys.modules.services.impl.SysWxDeptServiceImpl
[DEBUG] 2018-10-15 16:13:22,375 org.nutz.ioc.loader.annotation.AnnotationIocLoader.addClass(AnnotationIocLoader.java:76) - Found @IocBean : class cn.wizzer.app.sys.modules.services.impl.SysWxServiceImpl
[DEBUG] 2018-10-15 16:13:22,375 org.nutz.ioc.loader.annotation.AnnotationIocLoader.addClass(AnnotationIocLoader.java:76) - Found @IocBean : class cn.wizzer.app.sys.modules.services.impl.SysWxUserServiceImpl
[DEBUG] 2018-10-15 16:13:22,375 org.nutz.ioc.loader.annotation.AnnotationIocLoader.addClass(AnnotationIocLoader.java:76) - Found @IocBean : class cn.wizzer.app.web.commons.plugin.DynamicInterceptor
[DEBUG] 2018-10-15 16:13:22,375 org.nutz.ioc.loader.annotation.AnnotationIocLoader.addClass(AnnotationIocLoader.java:76) - Found @IocBean : class cn.wizzer.app.web.commons.plugin.PluginAopConfigure
[DEBUG] 2018-10-15 16:13:22,375 org.nutz.ioc.loader.annotation.AnnotationIocLoader.addClass(AnnotationIocLoader.java:76) - Found @IocBean : class cn.wizzer.app.web.commons.plugin.PluginMaster
[DEBUG] 2018-10-15 16:13:22,375 org.nutz.ioc.loader.annotation.AnnotationIocLoader.addClass(AnnotationIocLoader.java:76) - Found @IocBean : class cn.wizzer.app.web.commons.quartz.job.orderExecute
[DEBUG] 2018-10-15 16:13:22,375 org.nutz.ioc.loader.annotation.AnnotationIocLoader.addClass(AnnotationIocLoader.java:76) - Found @IocBean : class cn.wizzer.app.web.commons.quartz.job.TestJob
[DEBUG] 2018-10-15 16:13:22,376 org.nutz.ioc.loader.annotation.AnnotationIocLoader.addClass(AnnotationIocLoader.java:76) - Found @IocBean : class cn.wizzer.app.web.commons.services.email.EmailService
[DEBUG] 2018-10-15 16:13:22,376 org.nutz.ioc.loader.annotation.AnnotationIocLoader.addClass(AnnotationIocLoader.java:76) - Found @IocBean : class cn.wizzer.app.web.commons.services.qrcode.QrcodeService
[DEBUG] 2018-10-15 16:13:22,376 org.nutz.ioc.loader.annotation.AnnotationIocLoader.addClass(AnnotationIocLoader.java:76) - Found @IocBean : class cn.wizzer.app.web.commons.services.wx.TplService
[DEBUG] 2018-10-15 16:13:22,376 org.nutz.ioc.loader.annotation.AnnotationIocLoader.addClass(AnnotationIocLoader.java:76) - Found @IocBean : class cn.wizzer.app.web.commons.services.wx.WxHandler
[DEBUG] 2018-10-15 16:13:22,376 org.nutz.ioc.loader.annotation.AnnotationIocLoader.addClass(AnnotationIocLoader.java:76) - Found @IocBean : class cn.wizzer.app.web.commons.shiro.realm.PlatformAuthorizingRealm
[DEBUG] 2018-10-15 16:13:22,376 org.nutz.ioc.loader.annotation.AnnotationIocLoader.addClass(AnnotationIocLoader.java:76) - Found @IocBean : class cn.wizzer.app.web.commons.slog.SLogAopConfigration
[DEBUG] 2018-10-15 16:13:22,376 org.nutz.ioc.loader.annotation.AnnotationIocLoader.addClass(AnnotationIocLoader.java:76) - Found @IocBean : class cn.wizzer.app.web.commons.slog.SLogService
[DEBUG] 2018-10-15 16:13:22,376 org.nutz.ioc.loader.annotation.AnnotationIocLoader.addClass(AnnotationIocLoader.java:76) - Found @IocBean : class cn.wizzer.app.web.modules.controllers.front.wx.CmsController
[DEBUG] 2018-10-15 16:13:22,376 org.nutz.ioc.loader.annotation.AnnotationIocLoader.addClass(AnnotationIocLoader.java:76) - Found @IocBean : class cn.wizzer.app.web.modules.controllers.front.wx.WechatController
[DEBUG] 2018-10-15 16:13:22,376 org.nutz.ioc.loader.annotation.AnnotationIocLoader.addClass(AnnotationIocLoader.java:76) - Found @IocBean : class cn.wizzer.app.web.modules.controllers.open.api.mobile.MobileBaseController
[DEBUG] 2018-10-15 16:13:22,377 org.nutz.ioc.loader.annotation.AnnotationIocLoader.addClass(AnnotationIocLoader.java:76) - Found @IocBean : class cn.wizzer.app.web.modules.controllers.open.api.mobile.MobileInsController
[DEBUG] 2018-10-15 16:13:22,377 org.nutz.ioc.loader.annotation.AnnotationIocLoader.addClass(AnnotationIocLoader.java:76) - Found @IocBean : class cn.wizzer.app.web.modules.controllers.open.api.mobile.MobileOrderController
[DEBUG] 2018-10-15 16:13:22,377 org.nutz.ioc.loader.annotation.AnnotationIocLoader.addClass(AnnotationIocLoader.java:76) - Found @IocBean : class cn.wizzer.app.web.modules.controllers.open.api.mobile.MobileSysController
[DEBUG] 2018-10-15 16:13:22,378 org.nutz.ioc.loader.annotation.AnnotationIocLoader.addClass(AnnotationIocLoader.java:76) - Found @IocBean : class cn.wizzer.app.web.modules.controllers.open.api.pad.PadInsController
[DEBUG] 2018-10-15 16:13:22,378 org.nutz.ioc.loader.annotation.AnnotationIocLoader.addClass(AnnotationIocLoader.java:76) - Found @IocBean : class cn.wizzer.app.web.modules.controllers.open.api.pad.PadOrderController
[DEBUG] 2018-10-15 16:13:22,378 org.nutz.ioc.loader.annotation.AnnotationIocLoader.addClass(AnnotationIocLoader.java:76) - Found @IocBean : class cn.wizzer.app.web.modules.controllers.open.api.pad.PadSysController
[DEBUG] 2018-10-15 16:13:22,378 org.nutz.ioc.loader.annotation.AnnotationIocLoader.addClass(AnnotationIocLoader.java:76) - Found @IocBean : class cn.wizzer.app.web.modules.controllers.open.api.test.ApiTestController
[DEBUG] 2018-10-15 16:13:22,378 org.nutz.ioc.loader.annotation.AnnotationIocLoader.addClass(AnnotationIocLoader.java:76) - Found @IocBean : class cn.wizzer.app.web.modules.controllers.open.api.token.TokenController
[DEBUG] 2018-10-15 16:13:22,378 org.nutz.ioc.loader.annotation.AnnotationIocLoader.addClass(AnnotationIocLoader.java:76) - Found @IocBean : class cn.wizzer.app.web.modules.controllers.open.api.userpermission.UserpermissionController
[DEBUG] 2018-10-15 16:13:22,378 org.nutz.ioc.loader.annotation.AnnotationIocLoader.addClass(AnnotationIocLoader.java:76) - Found @IocBean : class cn.wizzer.app.web.modules.controllers.open.file.UploadController
[DEBUG] 2018-10-15 16:13:22,379 org.nutz.ioc.loader.annotation.AnnotationIocLoader.addClass(AnnotationIocLoader.java:76) - Found @IocBean : class cn.wizzer.app.web.modules.controllers.open.pay.WxPayBackController
[DEBUG] 2018-10-15 16:13:22,379 org.nutz.ioc.loader.annotation.AnnotationIocLoader.addClass(AnnotationIocLoader.java:76) - Found @IocBean : class cn.wizzer.app.web.modules.controllers.open.ueditor.BdController
[DEBUG] 2018-10-15 16:13:22,379 org.nutz.ioc.loader.annotation.AnnotationIocLoader.addClass(AnnotationIocLoader.java:76) - Found @IocBean : class cn.wizzer.app.web.modules.controllers.open.ueditor.WxController
[DEBUG] 2018-10-15 16:13:22,379 org.nutz.ioc.loader.annotation.AnnotationIocLoader.addClass(AnnotationIocLoader.java:76) - Found @IocBean : class cn.wizzer.app.web.modules.controllers.open.wx.WeixinController
[DEBUG] 2018-10-15 16:13:22,379 org.nutz.ioc.loader.annotation.AnnotationIocLoader.addClass(AnnotationIocLoader.java:76) - Found @IocBean : class cn.wizzer.app.web.modules.controllers.platform.base.BaseAirmeterialController
[DEBUG] 2018-10-15 16:13:22,379 org.nutz.ioc.loader.annotation.AnnotationIocLoader.addClass(AnnotationIocLoader.java:76) - Found @IocBean : class cn.wizzer.app.web.modules.controllers.platform.base.BaseAirportController
[DEBUG] 2018-10-15 16:13:22,379 org.nutz.ioc.loader.annotation.AnnotationIocLoader.addClass(AnnotationIocLoader.java:76) - Found @IocBean : class cn.wizzer.app.web.modules.controllers.platform.base.BaseCnctobjController
[DEBUG] 2018-10-15 16:13:22,379 org.nutz.ioc.loader.annotation.AnnotationIocLoader.addClass(AnnotationIocLoader.java:76) - Found @IocBean : class cn.wizzer.app.web.modules.controllers.platform.base.BaseCustomerController
[DEBUG] 2018-10-15 16:13:22,379 org.nutz.ioc.loader.annotation.AnnotationIocLoader.addClass(AnnotationIocLoader.java:76) - Found @IocBean : class cn.wizzer.app.web.modules.controllers.platform.base.BaseDeptController
[DEBUG] 2018-10-15 16:13:22,380 org.nutz.ioc.loader.annotation.AnnotationIocLoader.addClass(AnnotationIocLoader.java:76) - Found @IocBean : class cn.wizzer.app.web.modules.controllers.platform.base.BaseJobController
[DEBUG] 2018-10-15 16:13:22,380 org.nutz.ioc.loader.annotation.AnnotationIocLoader.addClass(AnnotationIocLoader.java:76) - Found @IocBean : class cn.wizzer.app.web.modules.controllers.platform.base.BasePersonController
[DEBUG] 2018-10-15 16:13:22,380 org.nutz.ioc.loader.annotation.AnnotationIocLoader.addClass(AnnotationIocLoader.java:76) - Found @IocBean : class cn.wizzer.app.web.modules.controllers.platform.base.BasePersonpoolController
[DEBUG] 2018-10-15 16:13:22,380 org.nutz.ioc.loader.annotation.AnnotationIocLoader.addClass(AnnotationIocLoader.java:76) - Found @IocBean : class cn.wizzer.app.web.modules.controllers.platform.base.BasePlaceController
[DEBUG] 2018-10-15 16:13:22,380 org.nutz.ioc.loader.annotation.AnnotationIocLoader.addClass(AnnotationIocLoader.java:76) - Found @IocBean : class cn.wizzer.app.web.modules.controllers.platform.base.BasePostController
[DEBUG] 2018-10-15 16:13:22,380 org.nutz.ioc.loader.annotation.AnnotationIocLoader.addClass(AnnotationIocLoader.java:76) - Found @IocBean : class cn.wizzer.app.web.modules.controllers.platform.base.BaseRowofficeController
[DEBUG] 2018-10-15 16:13:22,381 org.nutz.ioc.loader.annotation.AnnotationIocLoader.addClass(AnnotationIocLoader.java:76) - Found @IocBean : class cn.wizzer.app.web.modules.controllers.platform.base.BaseRowofficeentryController
[DEBUG] 2018-10-15 16:13:22,381 org.nutz.ioc.loader.annotation.AnnotationIocLoader.addClass(AnnotationIocLoader.java:76) - Found @IocBean : class cn.wizzer.app.web.modules.controllers.platform.base.BaseVehicleController
[DEBUG] 2018-10-15 16:13:22,381 org.nutz.ioc.loader.annotation.AnnotationIocLoader.addClass(AnnotationIocLoader.java:76) - Found @IocBean : class cn.wizzer.app.web.modules.controllers.platform.base.BaseWarehouseController
[DEBUG] 2018-10-15 16:13:22,381 org.nutz.ioc.loader.annotation.AnnotationIocLoader.addClass(AnnotationIocLoader.java:76) - Found @IocBean : class cn.wizzer.app.web.modules.controllers.platform.cms.CmsArticleController
[DEBUG] 2018-10-15 16:13:22,381 org.nutz.ioc.loader.annotation.AnnotationIocLoader.addClass(AnnotationIocLoader.java:76) - Found @IocBean : class cn.wizzer.app.web.modules.controllers.platform.cms.CmsChannelController
[DEBUG] 2018-10-15 16:13:22,381 org.nutz.ioc.loader.annotation.AnnotationIocLoader.addClass(AnnotationIocLoader.java:76) - Found @IocBean : class cn.wizzer.app.web.modules.controllers.platform.cms.CmsLinkClassController
[DEBUG] 2018-10-15 16:13:22,381 org.nutz.ioc.loader.annotation.AnnotationIocLoader.addClass(AnnotationIocLoader.java:76) - Found @IocBean : class cn.wizzer.app.web.modules.controllers.platform.cms.CmsLinkController
[DEBUG] 2018-10-15 16:13:22,381 org.nutz.ioc.loader.annotation.AnnotationIocLoader.addClass(AnnotationIocLoader.java:76) - Found @IocBean : class cn.wizzer.app.web.modules.controllers.platform.cms.CmsSiteController
[DEBUG] 2018-10-15 16:13:22,381 org.nutz.ioc.loader.annotation.AnnotationIocLoader.addClass(AnnotationIocLoader.java:76) - Found @IocBean : class cn.wizzer.app.web.modules.controllers.platform.ins.InsBaseinsController
[DEBUG] 2018-10-15 16:13:22,381 org.nutz.ioc.loader.annotation.AnnotationIocLoader.addClass(AnnotationIocLoader.java:76) - Found @IocBean : class cn.wizzer.app.web.modules.controllers.platform.ins.InsBaseinsSpaceController
[DEBUG] 2018-10-15 16:13:22,381 org.nutz.ioc.loader.annotation.AnnotationIocLoader.addClass(AnnotationIocLoader.java:76) - Found @IocBean : class cn.wizzer.app.web.modules.controllers.platform.ins.InsCabinetController
[DEBUG] 2018-10-15 16:13:22,381 org.nutz.ioc.loader.annotation.AnnotationIocLoader.addClass(AnnotationIocLoader.java:76) - Found @IocBean : class cn.wizzer.app.web.modules.controllers.platform.ins.InsCommonController
[DEBUG] 2018-10-15 16:13:22,381 org.nutz.ioc.loader.annotation.AnnotationIocLoader.addClass(AnnotationIocLoader.java:76) - Found @IocBean : class cn.wizzer.app.web.modules.controllers.platform.ins.InsInstrumentController
[DEBUG] 2018-10-15 16:13:22,381 org.nutz.ioc.loader.annotation.AnnotationIocLoader.addClass(AnnotationIocLoader.java:76) - Found @IocBean : class cn.wizzer.app.web.modules.controllers.platform.ins.InsLockController
[DEBUG] 2018-10-15 16:13:22,382 org.nutz.ioc.loader.annotation.AnnotationIocLoader.addClass(AnnotationIocLoader.java:76) - Found @IocBean : class cn.wizzer.app.web.modules.controllers.platform.ins.InsOrderController
[DEBUG] 2018-10-15 16:13:22,382 org.nutz.ioc.loader.annotation.AnnotationIocLoader.addClass(AnnotationIocLoader.java:76) - Found @IocBean : class cn.wizzer.app.web.modules.controllers.platform.ins.InsOrderentryController
[DEBUG] 2018-10-15 16:13:22,382 org.nutz.ioc.loader.annotation.AnnotationIocLoader.addClass(AnnotationIocLoader.java:76) - Found @IocBean : class cn.wizzer.app.web.modules.controllers.platform.ins.InsRepairController
[DEBUG] 2018-10-15 16:13:22,382 org.nutz.ioc.loader.annotation.AnnotationIocLoader.addClass(AnnotationIocLoader.java:76) - Found @IocBean : class cn.wizzer.app.web.modules.controllers.platform.ins.InsRepairtrackController
[DEBUG] 2018-10-15 16:13:22,382 org.nutz.ioc.loader.annotation.AnnotationIocLoader.addClass(AnnotationIocLoader.java:76) - Found @IocBean : class cn.wizzer.app.web.modules.controllers.platform.ins.InsRfheadController
[DEBUG] 2018-10-15 16:13:22,382 org.nutz.ioc.loader.annotation.AnnotationIocLoader.addClass(AnnotationIocLoader.java:76) - Found @IocBean : class cn.wizzer.app.web.modules.controllers.platform.ins.InsRfidController
[DEBUG] 2018-10-15 16:13:22,382 org.nutz.ioc.loader.annotation.AnnotationIocLoader.addClass(AnnotationIocLoader.java:76) - Found @IocBean : class cn.wizzer.app.web.modules.controllers.platform.ins.InsSpaceController
[DEBUG] 2018-10-15 16:13:22,382 org.nutz.ioc.loader.annotation.AnnotationIocLoader.addClass(AnnotationIocLoader.java:76) - Found @IocBean : class cn.wizzer.app.web.modules.controllers.platform.ins.InsToolcabinetController
[DEBUG] 2018-10-15 16:13:22,382 org.nutz.ioc.loader.annotation.AnnotationIocLoader.addClass(AnnotationIocLoader.java:76) - Found @IocBean : class cn.wizzer.app.web.modules.controllers.platform.ins.InsTransmitController
[DEBUG] 2018-10-15 16:13:22,382 org.nutz.ioc.loader.annotation.AnnotationIocLoader.addClass(AnnotationIocLoader.java:76) - Found @IocBean : class cn.wizzer.app.web.modules.controllers.platform.logistics.LogisticsDeliveryorderController
[DEBUG] 2018-10-15 16:13:22,382 org.nutz.ioc.loader.annotation.AnnotationIocLoader.addClass(AnnotationIocLoader.java:76) - Found @IocBean : class cn.wizzer.app.web.modules.controllers.platform.logistics.LogisticsDeliveryorderentryController
[DEBUG] 2018-10-15 16:13:22,382 org.nutz.ioc.loader.annotation.AnnotationIocLoader.addClass(AnnotationIocLoader.java:76) - Found @IocBean : class cn.wizzer.app.web.modules.controllers.platform.logistics.LogisticsEntourageController
[DEBUG] 2018-10-15 16:13:22,382 org.nutz.ioc.loader.annotation.AnnotationIocLoader.addClass(AnnotationIocLoader.java:76) - Found @IocBean : class cn.wizzer.app.web.modules.controllers.platform.logistics.LogisticsOrderController
[DEBUG] 2018-10-15 16:13:22,382 org.nutz.ioc.loader.annotation.AnnotationIocLoader.addClass(AnnotationIocLoader.java:76) - Found @IocBean : class cn.wizzer.app.web.modules.controllers.platform.logistics.LogisticsOrderdeliveryController
[DEBUG] 2018-10-15 16:13:22,383 org.nutz.ioc.loader.annotation.AnnotationIocLoader.addClass(AnnotationIocLoader.java:76) - Found @IocBean : class cn.wizzer.app.web.modules.controllers.platform.logistics.LogisticsOrderentryController
[DEBUG] 2018-10-15 16:13:22,383 org.nutz.ioc.loader.annotation.AnnotationIocLoader.addClass(AnnotationIocLoader.java:76) - Found @IocBean : class cn.wizzer.app.web.modules.controllers.platform.logistics.LogisticsOrderplanController
[DEBUG] 2018-10-15 16:13:22,383 org.nutz.ioc.loader.annotation.AnnotationIocLoader.addClass(AnnotationIocLoader.java:76) - Found @IocBean : class cn.wizzer.app.web.modules.controllers.platform.logistics.LogisticsOrderplanentryController
[DEBUG] 2018-10-15 16:13:22,383 org.nutz.ioc.loader.annotation.AnnotationIocLoader.addClass(AnnotationIocLoader.java:76) - Found @IocBean : class cn.wizzer.app.web.modules.controllers.platform.logistics.LogisticsOrderrejectController
[DEBUG] 2018-10-15 16:13:22,383 org.nutz.ioc.loader.annotation.AnnotationIocLoader.addClass(AnnotationIocLoader.java:76) - Found @IocBean : class cn.wizzer.app.web.modules.controllers.platform.logistics.LogisticsOrderstepController
[DEBUG] 2018-10-15 16:13:22,383 org.nutz.ioc.loader.annotation.AnnotationIocLoader.addClass(AnnotationIocLoader.java:76) - Found @IocBean : class cn.wizzer.app.web.modules.controllers.platform.logistics.LogisticsSendapprovalController
[DEBUG] 2018-10-15 16:13:22,383 org.nutz.ioc.loader.annotation.AnnotationIocLoader.addClass(AnnotationIocLoader.java:76) - Found @IocBean : class cn.wizzer.app.web.modules.controllers.platform.logistics.LogisticsSendgoodsController
[DEBUG] 2018-10-15 16:13:22,383 org.nutz.ioc.loader.annotation.AnnotationIocLoader.addClass(AnnotationIocLoader.java:76) - Found @IocBean : class cn.wizzer.app.web.modules.controllers.platform.logistics.LogisticsSendplanController
[DEBUG] 2018-10-15 16:13:22,383 org.nutz.ioc.loader.annotation.AnnotationIocLoader.addClass(AnnotationIocLoader.java:76) - Found @IocBean : class cn.wizzer.app.web.modules.controllers.platform.logistics.LogisticsSendtraceController
[DEBUG] 2018-10-15 16:13:22,383 org.nutz.ioc.loader.annotation.AnnotationIocLoader.addClass(AnnotationIocLoader.java:76) - Found @IocBean : class cn.wizzer.app.web.modules.controllers.platform.logistics.LogisticsUnplanController
[DEBUG] 2018-10-15 16:13:22,383 org.nutz.ioc.loader.annotation.AnnotationIocLoader.addClass(AnnotationIocLoader.java:76) - Found @IocBean : class cn.wizzer.app.web.modules.controllers.platform.sys.SysApiController
[DEBUG] 2018-10-15 16:13:22,383 org.nutz.ioc.loader.annotation.AnnotationIocLoader.addClass(AnnotationIocLoader.java:76) - Found @IocBean : class cn.wizzer.app.web.modules.controllers.platform.sys.SysBarcodeController
[DEBUG] 2018-10-15 16:13:22,383 org.nutz.ioc.loader.annotation.AnnotationIocLoader.addClass(AnnotationIocLoader.java:76) - Found @IocBean : class cn.wizzer.app.web.modules.controllers.platform.sys.SysConfController
[DEBUG] 2018-10-15 16:13:22,383 org.nutz.ioc.loader.annotation.AnnotationIocLoader.addClass(AnnotationIocLoader.java:76) - Found @IocBean : class cn.wizzer.app.web.modules.controllers.platform.sys.SysDictController
[DEBUG] 2018-10-15 16:13:22,384 org.nutz.ioc.loader.annotation.AnnotationIocLoader.addClass(AnnotationIocLoader.java:76) - Found @IocBean : class cn.wizzer.app.web.modules.controllers.platform.sys.SysHomeController
[DEBUG] 2018-10-15 16:13:22,384 org.nutz.ioc.loader.annotation.AnnotationIocLoader.addClass(AnnotationIocLoader.java:76) - Found @IocBean : class cn.wizzer.app.web.modules.controllers.platform.sys.SysLogController
[DEBUG] 2018-10-15 16:13:22,384 org.nutz.ioc.loader.annotation.AnnotationIocLoader.addClass(AnnotationIocLoader.java:76) - Found @IocBean : class cn.wizzer.app.web.modules.controllers.platform.sys.SysLoginController
[DEBUG] 2018-10-15 16:13:22,384 org.nutz.ioc.loader.annotation.AnnotationIocLoader.addClass(AnnotationIocLoader.java:76) - Found @IocBean : class cn.wizzer.app.web.modules.controllers.platform.sys.SysMenuController
[DEBUG] 2018-10-15 16:13:22,384 org.nutz.ioc.loader.annotation.AnnotationIocLoader.addClass(AnnotationIocLoader.java:76) - Found @IocBean : class cn.wizzer.app.web.modules.controllers.platform.sys.SysMobileController
[DEBUG] 2018-10-15 16:13:22,384 org.nutz.ioc.loader.annotation.AnnotationIocLoader.addClass(AnnotationIocLoader.java:76) - Found @IocBean : class cn.wizzer.app.web.modules.controllers.platform.sys.SysPluginController
[DEBUG] 2018-10-15 16:13:22,384 org.nutz.ioc.loader.annotation.AnnotationIocLoader.addClass(AnnotationIocLoader.java:76) - Found @IocBean : class cn.wizzer.app.web.modules.controllers.platform.sys.SysRegistauditController
[DEBUG] 2018-10-15 16:13:22,384 org.nutz.ioc.loader.annotation.AnnotationIocLoader.addClass(AnnotationIocLoader.java:76) - Found @IocBean : class cn.wizzer.app.web.modules.controllers.platform.sys.SysRoleController
[DEBUG] 2018-10-15 16:13:22,384 org.nutz.ioc.loader.annotation.AnnotationIocLoader.addClass(AnnotationIocLoader.java:76) - Found @IocBean : class cn.wizzer.app.web.modules.controllers.platform.sys.SysRouteController
[DEBUG] 2018-10-15 16:13:22,384 org.nutz.ioc.loader.annotation.AnnotationIocLoader.addClass(AnnotationIocLoader.java:76) - Found @IocBean : class cn.wizzer.app.web.modules.controllers.platform.sys.SysTaskController
[DEBUG] 2018-10-15 16:13:22,384 org.nutz.ioc.loader.annotation.AnnotationIocLoader.addClass(AnnotationIocLoader.java:76) - Found @IocBean : class cn.wizzer.app.web.modules.controllers.platform.sys.SysTempuserController
[DEBUG] 2018-10-15 16:13:22,385 org.nutz.ioc.loader.annotation.AnnotationIocLoader.addClass(AnnotationIocLoader.java:76) - Found @IocBean : class cn.wizzer.app.web.modules.controllers.platform.sys.SysUnitController
[DEBUG] 2018-10-15 16:13:22,385 org.nutz.ioc.loader.annotation.AnnotationIocLoader.addClass(AnnotationIocLoader.java:76) - Found @IocBean : class cn.wizzer.app.web.modules.controllers.platform.sys.SysUserController
[DEBUG] 2018-10-15 16:13:22,385 org.nutz.ioc.loader.annotation.AnnotationIocLoader.addClass(AnnotationIocLoader.java:76) - Found @IocBean : class cn.wizzer.app.web.modules.controllers.platform.sys.SysVersionController
[DEBUG] 2018-10-15 16:13:22,385 org.nutz.ioc.loader.annotation.AnnotationIocLoader.addClass(AnnotationIocLoader.java:76) - Found @IocBean : class cn.wizzer.app.web.modules.controllers.platform.sys.SysWxController
[DEBUG] 2018-10-15 16:13:22,385 org.nutz.ioc.loader.annotation.AnnotationIocLoader.addClass(AnnotationIocLoader.java:76) - Found @IocBean : class cn.wizzer.app.web.modules.controllers.platform.sys.SysWxDeptController
[DEBUG] 2018-10-15 16:13:22,385 org.nutz.ioc.loader.annotation.AnnotationIocLoader.addClass(AnnotationIocLoader.java:76) - Found @IocBean : class cn.wizzer.app.web.modules.controllers.platform.sys.SysWxUserController
[DEBUG] 2018-10-15 16:13:22,385 org.nutz.ioc.loader.annotation.AnnotationIocLoader.addClass(AnnotationIocLoader.java:76) - Found @IocBean : class cn.wizzer.app.web.modules.controllers.platform.wx.WxConfigController
[DEBUG] 2018-10-15 16:13:22,385 org.nutz.ioc.loader.annotation.AnnotationIocLoader.addClass(AnnotationIocLoader.java:76) - Found @IocBean : class cn.wizzer.app.web.modules.controllers.platform.wx.WxMassController
[DEBUG] 2018-10-15 16:13:22,385 org.nutz.ioc.loader.annotation.AnnotationIocLoader.addClass(AnnotationIocLoader.java:76) - Found @IocBean : class cn.wizzer.app.web.modules.controllers.platform.wx.WxMenuController
[DEBUG] 2018-10-15 16:13:22,385 org.nutz.ioc.loader.annotation.AnnotationIocLoader.addClass(AnnotationIocLoader.java:76) - Found @IocBean : class cn.wizzer.app.web.modules.controllers.platform.wx.WxMsgUserController
[DEBUG] 2018-10-15 16:13:22,385 org.nutz.ioc.loader.annotation.AnnotationIocLoader.addClass(AnnotationIocLoader.java:76) - Found @IocBean : class cn.wizzer.app.web.modules.controllers.platform.wx.WxPayTestController
[DEBUG] 2018-10-15 16:13:22,386 org.nutz.ioc.loader.annotation.AnnotationIocLoader.addClass(AnnotationIocLoader.java:76) - Found @IocBean : class cn.wizzer.app.web.modules.controllers.platform.wx.WxReplyController
[DEBUG] 2018-10-15 16:13:22,386 org.nutz.ioc.loader.annotation.AnnotationIocLoader.addClass(AnnotationIocLoader.java:76) - Found @IocBean : class cn.wizzer.app.web.modules.controllers.platform.wx.WxReplyNewsController
[DEBUG] 2018-10-15 16:13:22,386 org.nutz.ioc.loader.annotation.AnnotationIocLoader.addClass(AnnotationIocLoader.java:76) - Found @IocBean : class cn.wizzer.app.web.modules.controllers.platform.wx.WxReplyTxtController
[DEBUG] 2018-10-15 16:13:22,386 org.nutz.ioc.loader.annotation.AnnotationIocLoader.addClass(AnnotationIocLoader.java:76) - Found @IocBean : class cn.wizzer.app.web.modules.controllers.platform.wx.WxTplIdController
[DEBUG] 2018-10-15 16:13:22,386 org.nutz.ioc.loader.annotation.AnnotationIocLoader.addClass(AnnotationIocLoader.java:76) - Found @IocBean : class cn.wizzer.app.web.modules.controllers.platform.wx.WxTplListController
[DEBUG] 2018-10-15 16:13:22,386 org.nutz.ioc.loader.annotation.AnnotationIocLoader.addClass(AnnotationIocLoader.java:76) - Found @IocBean : class cn.wizzer.app.web.modules.controllers.platform.wx.WxTplLogController
[DEBUG] 2018-10-15 16:13:22,386 org.nutz.ioc.loader.annotation.AnnotationIocLoader.addClass(AnnotationIocLoader.java:76) - Found @IocBean : class cn.wizzer.app.web.modules.controllers.platform.wx.WxUserController
[DEBUG] 2018-10-15 16:13:22,386 org.nutz.ioc.loader.annotation.AnnotationIocLoader.addClass(AnnotationIocLoader.java:76) - Found @IocBean : class cn.wizzer.app.wx.modules.services.impl.WxConfigServiceImpl
[DEBUG] 2018-10-15 16:13:22,386 org.nutz.ioc.loader.annotation.AnnotationIocLoader.addClass(AnnotationIocLoader.java:76) - Found @IocBean : class cn.wizzer.app.wx.modules.services.impl.WxMassNewsServiceImpl
[DEBUG] 2018-10-15 16:13:22,386 org.nutz.ioc.loader.annotation.AnnotationIocLoader.addClass(AnnotationIocLoader.java:76) - Found @IocBean : class cn.wizzer.app.wx.modules.services.impl.WxMassSendServiceImpl
[DEBUG] 2018-10-15 16:13:22,386 org.nutz.ioc.loader.annotation.AnnotationIocLoader.addClass(AnnotationIocLoader.java:76) - Found @IocBean : class cn.wizzer.app.wx.modules.services.impl.WxMassServiceImpl
[DEBUG] 2018-10-15 16:13:22,386 org.nutz.ioc.loader.annotation.AnnotationIocLoader.addClass(AnnotationIocLoader.java:76) - Found @IocBean : class cn.wizzer.app.wx.modules.services.impl.WxMenuServiceImpl
[DEBUG] 2018-10-15 16:13:22,386 org.nutz.ioc.loader.annotation.AnnotationIocLoader.addClass(AnnotationIocLoader.java:76) - Found @IocBean : class cn.wizzer.app.wx.modules.services.impl.WxMsgReplyServiceImpl
[DEBUG] 2018-10-15 16:13:22,387 org.nutz.ioc.loader.annotation.AnnotationIocLoader.addClass(AnnotationIocLoader.java:76) - Found @IocBean : class cn.wizzer.app.wx.modules.services.impl.WxMsgServiceImpl
[DEBUG] 2018-10-15 16:13:22,387 org.nutz.ioc.loader.annotation.AnnotationIocLoader.addClass(AnnotationIocLoader.java:76) - Found @IocBean : class cn.wizzer.app.wx.modules.services.impl.WxReplyNewsServiceImpl
[DEBUG] 2018-10-15 16:13:22,387 org.nutz.ioc.loader.annotation.AnnotationIocLoader.addClass(AnnotationIocLoader.java:76) - Found @IocBean : class cn.wizzer.app.wx.modules.services.impl.WxReplyServiceImpl
[DEBUG] 2018-10-15 16:13:22,387 org.nutz.ioc.loader.annotation.AnnotationIocLoader.addClass(AnnotationIocLoader.java:76) - Found @IocBean : class cn.wizzer.app.wx.modules.services.impl.WxReplyTxtServiceImpl
[DEBUG] 2018-10-15 16:13:22,387 org.nutz.ioc.loader.annotation.AnnotationIocLoader.addClass(AnnotationIocLoader.java:76) - Found @IocBean : class cn.wizzer.app.wx.modules.services.impl.WxTplIdServiceImpl
[DEBUG] 2018-10-15 16:13:22,387 org.nutz.ioc.loader.annotation.AnnotationIocLoader.addClass(AnnotationIocLoader.java:76) - Found @IocBean : class cn.wizzer.app.wx.modules.services.impl.WxTplListServiceImpl
[DEBUG] 2018-10-15 16:13:22,387 org.nutz.ioc.loader.annotation.AnnotationIocLoader.addClass(AnnotationIocLoader.java:76) - Found @IocBean : class cn.wizzer.app.wx.modules.services.impl.WxTplLogServiceImpl
[DEBUG] 2018-10-15 16:13:22,387 org.nutz.ioc.loader.annotation.AnnotationIocLoader.addClass(AnnotationIocLoader.java:76) - Found @IocBean : class cn.wizzer.app.wx.modules.services.impl.WxUserServiceImpl
[DEBUG] 2018-10-15 16:13:22,387 org.nutz.ioc.loader.annotation.AnnotationIocLoader.addClass(AnnotationIocLoader.java:76) - Found @IocBean : class cn.wizzer.test.SimpleTest
[DEBUG] 2018-10-15 16:13:22,389 org.nutz.resource.Scans.scan(Scans.java:274) - Found 0 resource by src( org/nutz/apidoc/ ) , regex( ^.+[.]class$ )
[INFO ] 2018-10-15 16:13:22,390 org.nutz.ioc.loader.annotation.AnnotationIocLoader.<init>(AnnotationIocLoader.java:52) - Found 204 classes in 2 base-packages!
beans = ["wxTplListController", "uploadController", "wxReplyTxtServiceImpl", "logisticsSendplanController", "baseJobServiceImpl", "dateUtil", "qrcodeService", "logisticsSendgoodsServiceImpl", "logisticsOrderentryController", "insLockController", "baseRowofficeentryServiceImpl", "cmsChannelServiceImpl", "insBaseinsServiceImpl", "orderExecute", "cmsArticleController", "basePostController", "baseAirmeterialServiceImpl", "basePersonController", "logisticsOrderplanServiceImpl", "cmsLinkClassController", "basePostServiceImpl", "baseRowofficeServiceImpl", "baseJobController", "baseRowofficeController", "wxReplyController", "insRepairController", "sysConfigServiceImpl", "basePersonpoolController", "baseVehicleController", "wxMsgServiceImpl", "wxPayBackController", "logisticsUnplanController", "mobileInsController", "sysTaskController", "sysBarcodeController", "insTransmitController", "sysDictServiceImpl", "wxConfigServiceImpl", "baseAirportServiceImpl", "apiTestController", "sysMenuController", "cmsSiteServiceImpl", "mobileSysController", "cmsLinkController", "insCommonController", "logisticsOrderplanentryServiceImpl", "insInstrumentController", "sysRegistauditServiceImpl", "insLockServiceImpl", "insOrderController", "wechatController", "wxMsgUserController", "sysDictController", "sysWxUserController", "logisticsDeliveryorderentryController", "basePersonServiceImpl", "insOrderentryServiceImpl", "insRepairtrackController", "insInstrumentServiceImpl", "logisticsSendapprovalServiceImpl", "logisticsOrderdeliveryController", "wxTplListServiceImpl", "tplService", "sysPluginServiceImpl", "insRfheadController", "logisticsSendgoodsController", "mobileBaseController", "baseCnctobjServiceImpl", "nutShiroMethodInterceptor", "insCabinetServiceImpl", "basePlaceServiceImpl", "baseVehicleServiceImpl", "cmsLinkClassServiceImpl", "sysHomeController", "insRfheadServiceImpl", "sysMobileController", "wxMassServiceImpl", "logisticsOrderentryServiceImpl", "logisticsSendplanServiceImpl", "logisticsOrderrejectServiceImpl", "wxHandler", "cmsChannelController", "wxController", "rabbitProducer", "sysTaskServiceImpl", "sysVersionController", "shiroUtil", "wxReplyTxtController", "sysPluginController", "logisticsSendtraceController", "sysApiServiceImpl", "logisticsEntourageServiceImpl", "sLogService", "baseAirportController", "sysApiController", "wxTplIdController", "insSpaceServiceImpl", "logisticsOrderController", "sysTempuserController", "sysUserController", "platformAuthorizingRealm", "testJob", "$aop_1_plugin", "sysRegistauditController", "wxReplyNewsServiceImpl", "insTransmitServiceImpl", "sysLoginController", "wxTplLogServiceImpl", "sysUserServiceImpl", "sysRoleServiceImpl", "sysRouteController", "idcardUtil", "basePlaceController", "sysWxDeptController", "logisticsOrderplanentryController", "userpermissionController", "sysWxServiceImpl", "cmsController", "logisticsSendtraceServiceImpl", "insOrderentryController", "logisticsSendapprovalController", "wxMenuController", "insOrderServiceImpl", "weixinController", "code128Util", "insRepairServiceImpl", "logisticsOrderplanController", "wxMsgReplyServiceImpl", "logisticsOrderdeliveryServiceImpl", "cmsArticleServiceImpl", "baseCnctobjController", "baseCustomerController", "insBaseinsController", "insRfidServiceImpl", "cookieUtil", "baseRowofficeentryController", "logisticsOrderstepServiceImpl", "wxReplyServiceImpl", "bdController", "redisIdGenerator", "insBaseinsSpaceServiceImpl", "cmsSiteController", "logisticsDeliveryorderServiceImpl", "insCabinetController", "logisticsOrderServiceImpl", "sysWxDeptServiceImpl", "sysWxController", "mobileOrderController", "sysRoleController", "logisticsEntourageController", "insCommonServiceImpl", "sysUnitController", "padInsController", "wxMassSendServiceImpl", "logisticsDeliveryorderController", "rSAUtil", "wxConfigController", "stringUtil", "baseCustomerServiceImpl", "basePersonpoolServiceImpl", "insBaseinsSpaceController", "wxUserServiceImpl", "insSpaceController", "sysTempuserServiceImpl", "baseWarehouseServiceImpl", "insToolcabinetController", "sysWxUserServiceImpl", "dynamicInterceptor", "sysLogController", "wxMassController", "emailService", "baseWarehouseController", "insToolcabinetServiceImpl", "wxMenuServiceImpl", "wxReplyNewsController", "baseDeptServiceImpl", "sysRouteServiceImpl", "insRepairtrackServiceImpl", "wxMassNewsServiceImpl", "baseAirmeterialController", "sysMenuServiceImpl", "sysMobileServiceImpl", "simpleTest", "logisticsOrderstepController", "sysLogServiceImpl", "logisticsUnplanServiceImpl", "wxTplIdServiceImpl", "logisticsDeliveryorderentryServiceImpl", "$aop_syslog", "padSysController", "baseDeptController", "logisticsOrderrejectController", "padOrderController", "sysBarcodeServiceImpl", "wxTplLogController", "wxUserController", "wxPayTestController", "tokenController", "sysVersionServiceImpl", "cmsLinkServiceImpl", "sysUnitServiceImpl", "insRfidController", "sysConfController", "pluginMaster"]
[DEBUG] 2018-10-15 16:13:22,391 org.nutz.ioc.loader.combo.ComboIocLoader.createIocLoader(ComboIocLoader.java:110) - found jedis -- org.nutz.integration.jedis.JedisIocLoader
[DEBUG] 2018-10-15 16:13:22,393 org.nutz.resource.Scans.scan(Scans.java:274) - Found 1 resource by src( org/nutz/integration/jedis/jedis.js ) , regex( ^(.+[.])(js|json)$ )
[DEBUG] 2018-10-15 16:13:22,394 org.nutz.ioc.loader.json.JsonLoader.<init>(JsonLoader.java:49) - loading [org/nutz/integration/jedis/jedis.js]
[DEBUG] 2018-10-15 16:13:22,394 org.nutz.ioc.loader.json.JsonLoader.<init>(JsonLoader.java:57) - Loaded 9 bean define from path=[org/nutz/integration/jedis/jedis.js] --> [redisService, jedisCluster, jedisClusterNodes, jedisClusterWrapper, pubSubService, jedisPoolConfig, jedisPool, jedisAgent, redis]
[DEBUG] 2018-10-15 16:13:22,394 org.nutz.ioc.loader.json.JsonLoader.<init>(JsonLoader.java:40) - Loaded 5 bean define from reader --
[txREPEATABLE_READ, txSERIALIZABLE, txNONE, txREAD_UNCOMMITTED, txREAD_COMMITTED]
[DEBUG] 2018-10-15 16:13:22,397 org.nutz.ioc.loader.combo.ComboIocLoader.createIocLoader(ComboIocLoader.java:110) - found quartz -- org.nutz.integration.quartz.QuartzIocLoader
[DEBUG] 2018-10-15 16:13:22,397 org.nutz.ioc.loader.json.JsonLoader.<init>(JsonLoader.java:57) - Loaded 0 bean define from path=[] --> []
[DEBUG] 2018-10-15 16:13:22,398 org.nutz.ioc.aop.SimpleAopMaker.<init>(SimpleAopMaker.java:79) - Load AopConfigure for anno=org.nutz.aop.interceptor.async.Async by type=org.nutz.aop.interceptor.async.AsyncAopIocLoader
[DEBUG] 2018-10-15 16:13:22,399 org.nutz.ioc.loader.combo.ComboIocLoader.createIocLoader(ComboIocLoader.java:110) - found rabbitmq -- org.nutz.integration.rabbitmq.RabbitmqIocLoader
[DEBUG] 2018-10-15 16:13:22,401 org.nutz.resource.Scans.scan(Scans.java:274) - Found 1 resource by src( org/nutz/integration/rabbitmq/rabbitmq.js ) , regex( ^(.+[.])(js|json)$ )
[DEBUG] 2018-10-15 16:13:22,402 org.nutz.ioc.loader.json.JsonLoader.<init>(JsonLoader.java:49) - loading [org/nutz/integration/rabbitmq/rabbitmq.js]
[DEBUG] 2018-10-15 16:13:22,402 org.nutz.ioc.loader.json.JsonLoader.<init>(JsonLoader.java:57) - Loaded 2 bean define from path=[org/nutz/integration/rabbitmq/rabbitmq.js] --> [rabbitmq, rabbitmq_cf]
[INFO ] 2018-10-15 16:13:22,402 org.nutz.ioc.impl.NutIoc.<init>(NutIoc.java:98) - NutIoc init begin ...
[INFO ] 2018-10-15 16:13:22,402 org.nutz.ioc.impl.NutIoc.<init>(NutIoc.java:115) - ... NutIoc init complete
[DEBUG] 2018-10-15 16:13:22,402 org.nutz.ioc.impl.NutIoc.get(NutIoc.java:151) - Get 'conf'<class org.nutz.ioc.impl.PropertiesProxy>
[DEBUG] 2018-10-15 16:13:22,403 org.nutz.ioc.impl.NutIoc.get(NutIoc.java:151) - Get '$aop_1_plugin'<interface org.nutz.ioc.aop.config.AopConfigration>
[DEBUG] 2018-10-15 16:13:22,403 org.nutz.ioc.impl.NutIoc.get(NutIoc.java:177) - 	 >> Load definition name=$aop_1_plugin
[DEBUG] 2018-10-15 16:13:22,403 org.nutz.ioc.loader.combo.ComboIocLoader.load(ComboIocLoader.java:161) - Found IocObject($aop_1_plugin) in AnnotationIocLoader(packages=[cn.wizzer, org.nutz.apidoc])
[DEBUG] 2018-10-15 16:13:22,404 org.nutz.ioc.impl.NutIoc.get(NutIoc.java:209) - 	 >> Make...'$aop_1_plugin'<interface org.nutz.ioc.aop.config.AopConfigration>
[DEBUG] 2018-10-15 16:13:22,404 org.nutz.ioc.impl.ScopeContext.save(ScopeContext.java:64) - Save object '$aop_1_plugin' to [app] 
[DEBUG] 2018-10-15 16:13:22,404 org.nutz.ioc.impl.NutIoc.get(NutIoc.java:151) - Get 'dynamicInterceptor'<class cn.wizzer.app.web.commons.plugin.DynamicInterceptor>
[DEBUG] 2018-10-15 16:13:22,404 org.nutz.ioc.impl.NutIoc.get(NutIoc.java:177) - 	 >> Load definition name=dynamicInterceptor
[DEBUG] 2018-10-15 16:13:22,404 org.nutz.ioc.loader.combo.ComboIocLoader.load(ComboIocLoader.java:161) - Found IocObject(dynamicInterceptor) in AnnotationIocLoader(packages=[cn.wizzer, org.nutz.apidoc])
[DEBUG] 2018-10-15 16:13:22,404 org.nutz.ioc.impl.NutIoc.get(NutIoc.java:209) - 	 >> Make...'dynamicInterceptor'<class cn.wizzer.app.web.commons.plugin.DynamicInterceptor>
[DEBUG] 2018-10-15 16:13:22,404 org.nutz.ioc.impl.ScopeContext.save(ScopeContext.java:64) - Save object 'dynamicInterceptor' to [app] 
[DEBUG] 2018-10-15 16:13:22,405 org.nutz.ioc.impl.NutIoc.get(NutIoc.java:151) - Get '$aop_async'<interface org.nutz.ioc.aop.config.AopConfigration>
[DEBUG] 2018-10-15 16:13:22,405 org.nutz.ioc.impl.NutIoc.get(NutIoc.java:177) - 	 >> Load definition name=$aop_async
[DEBUG] 2018-10-15 16:13:22,405 org.nutz.ioc.loader.combo.ComboIocLoader.load(ComboIocLoader.java:161) - Found IocObject($aop_async) in AsyncAopIocLoader@1595938139
[DEBUG] 2018-10-15 16:13:22,405 org.nutz.ioc.impl.NutIoc.get(NutIoc.java:209) - 	 >> Make...'$aop_async'<interface org.nutz.ioc.aop.config.AopConfigration>
[DEBUG] 2018-10-15 16:13:22,405 org.nutz.ioc.impl.ScopeContext.save(ScopeContext.java:64) - Save object '$aop_async' to [app] 
[DEBUG] 2018-10-15 16:13:22,405 org.nutz.ioc.impl.NutIoc.get(NutIoc.java:151) - Get '$aop_syslog'<interface org.nutz.ioc.aop.config.AopConfigration>
[DEBUG] 2018-10-15 16:13:22,406 org.nutz.ioc.impl.NutIoc.get(NutIoc.java:177) - 	 >> Load definition name=$aop_syslog
[DEBUG] 2018-10-15 16:13:22,406 org.nutz.ioc.loader.combo.ComboIocLoader.load(ComboIocLoader.java:161) - Found IocObject($aop_syslog) in AnnotationIocLoader(packages=[cn.wizzer, org.nutz.apidoc])
[DEBUG] 2018-10-15 16:13:22,406 org.nutz.ioc.impl.NutIoc.get(NutIoc.java:209) - 	 >> Make...'$aop_syslog'<interface org.nutz.ioc.aop.config.AopConfigration>
[DEBUG] 2018-10-15 16:13:22,406 org.nutz.ioc.impl.ScopeContext.save(ScopeContext.java:64) - Save object '$aop_syslog' to [app] 
[DEBUG] 2018-10-15 16:13:22,406 org.nutz.ioc.aop.SimpleAopMaker.<init>(SimpleAopMaker.java:79) - Load AopConfigure for anno=cn.wizzer.app.web.commons.slog.annotation.SLog by type=cn.wizzer.app.web.commons.slog.SLogAopConfigration
[DEBUG] 2018-10-15 16:13:22,406 org.nutz.ioc.aop.SimpleAopMaker.<init>(SimpleAopMaker.java:79) - Load AopConfigure for anno=org.nutz.ioc.aop.Aop by type=org.nutz.ioc.aop.config.impl.AnnotationAopConfigration
[DEBUG] 2018-10-15 16:13:22,407 org.nutz.ioc.impl.NutIoc.get(NutIoc.java:177) - 	 >> Load definition name=conf
[DEBUG] 2018-10-15 16:13:22,407 org.nutz.ioc.loader.map.MapLoader.load(MapLoader.java:67) - Loading define for name=conf
[DEBUG] 2018-10-15 16:13:22,407 org.nutz.ioc.loader.combo.ComboIocLoader.load(ComboIocLoader.java:161) - Found IocObject(conf) in JsonLoader(paths=[config/ioc/])
[DEBUG] 2018-10-15 16:13:22,407 org.nutz.ioc.impl.NutIoc.get(NutIoc.java:209) - 	 >> Make...'conf'<class org.nutz.ioc.impl.PropertiesProxy>
[DEBUG] 2018-10-15 16:13:22,407 cn.wizzer.app.web.commons.plugin.PluginAopConfigure.getInterceptorPairList(PluginAopConfigure.java:33) - skip -- org.nutz.ioc.impl.PropertiesProxy
[DEBUG] 2018-10-15 16:13:22,408 org.nutz.ioc.aop.impl.DefaultMirrorFactory.getMirror(DefaultMirrorFactory.java:70) - Load class org.nutz.ioc.impl.PropertiesProxy without AOP
[DEBUG] 2018-10-15 16:13:22,408 org.nutz.ioc.impl.ScopeContext.save(ScopeContext.java:64) - Save object 'conf' to [app] 
[DEBUG] 2018-10-15 16:13:22,412 org.nutz.resource.Scans.scan(Scans.java:274) - Found 4 resource by src( config/custom/ ) , regex( ^.+[.]properties$ )
[DEBUG] 2018-10-15 16:13:22,412 org.nutz.ioc.impl.PropertiesProxy.setPaths(PropertiesProxy.java:113) - load properties from File[C:\Users\Administrator\IdeaProjects\XA-Instrument\wk-app\wk-web\target\classes\config\custom\db.properties]
[DEBUG] 2018-10-15 16:13:22,413 org.nutz.ioc.impl.PropertiesProxy.setPaths(PropertiesProxy.java:113) - load properties from File[C:\Users\Administrator\IdeaProjects\XA-Instrument\wk-app\wk-web\target\classes\config\custom\mail.properties]
[DEBUG] 2018-10-15 16:13:22,414 org.nutz.ioc.impl.PropertiesProxy.setPaths(PropertiesProxy.java:113) - load properties from File[C:\Users\Administrator\IdeaProjects\XA-Instrument\wk-app\wk-web\target\classes\config\custom\rabbit.properties]
[DEBUG] 2018-10-15 16:13:22,414 org.nutz.ioc.impl.PropertiesProxy.setPaths(PropertiesProxy.java:113) - load properties from File[C:\Users\Administrator\IdeaProjects\XA-Instrument\wk-app\wk-web\target\classes\config\custom\redis.properties]
[DEBUG] 2018-10-15 16:13:22,415 org.nutz.ioc.impl.NutIoc.get(NutIoc.java:151) - Get 'simpleTest'<class cn.wizzer.test.SimpleTest>
[DEBUG] 2018-10-15 16:13:22,415 org.nutz.ioc.impl.NutIoc.get(NutIoc.java:177) - 	 >> Load definition name=simpleTest
[DEBUG] 2018-10-15 16:13:22,416 org.nutz.ioc.loader.combo.ComboIocLoader.load(ComboIocLoader.java:161) - Found IocObject(simpleTest) in AnnotationIocLoader(packages=[cn.wizzer, org.nutz.apidoc])
[DEBUG] 2018-10-15 16:13:22,416 org.nutz.ioc.impl.NutIoc.get(NutIoc.java:209) - 	 >> Make...'simpleTest'<class cn.wizzer.test.SimpleTest>
[DEBUG] 2018-10-15 16:13:22,416 cn.wizzer.app.web.commons.plugin.PluginAopConfigure.getInterceptorPairList(PluginAopConfigure.java:33) - skip -- cn.wizzer.test.SimpleTest
[DEBUG] 2018-10-15 16:13:22,416 org.nutz.ioc.aop.impl.DefaultMirrorFactory.getMirror(DefaultMirrorFactory.java:70) - Load class cn.wizzer.test.SimpleTest without AOP
[DEBUG] 2018-10-15 16:13:22,416 org.nutz.ioc.impl.ScopeContext.save(ScopeContext.java:64) - Save object 'simpleTest' to [app] 
[DEBUG] 2018-10-15 16:13:22,419 org.nutz.ioc.impl.NutIoc.get(NutIoc.java:151) - Get 'dao'<interface org.nutz.dao.Dao>
[DEBUG] 2018-10-15 16:13:22,419 org.nutz.ioc.impl.NutIoc.get(NutIoc.java:177) - 	 >> Load definition name=dao
[DEBUG] 2018-10-15 16:13:22,419 org.nutz.ioc.loader.map.MapLoader.load(MapLoader.java:67) - Loading define for name=dao
[DEBUG] 2018-10-15 16:13:22,420 org.nutz.ioc.loader.combo.ComboIocLoader.load(ComboIocLoader.java:161) - Found IocObject(dao) in JsonLoader(paths=[config/ioc/])
[DEBUG] 2018-10-15 16:13:22,420 org.nutz.ioc.impl.NutIoc.get(NutIoc.java:209) - 	 >> Make...'dao'<interface org.nutz.dao.Dao>
[DEBUG] 2018-10-15 16:13:22,420 cn.wizzer.app.web.commons.plugin.PluginAopConfigure.getInterceptorPairList(PluginAopConfigure.java:33) - skip -- org.nutz.dao.impl.NutDao
[DEBUG] 2018-10-15 16:13:22,420 org.nutz.ioc.aop.impl.DefaultMirrorFactory.getMirror(DefaultMirrorFactory.java:70) - Load class org.nutz.dao.impl.NutDao without AOP
[DEBUG] 2018-10-15 16:13:22,420 org.nutz.ioc.impl.ScopeContext.save(ScopeContext.java:64) - Save object 'dao' to [app] 
[DEBUG] 2018-10-15 16:13:22,420 org.nutz.ioc.impl.NutIoc.get(NutIoc.java:151) - Get 'dataSource'<>
[DEBUG] 2018-10-15 16:13:22,420 org.nutz.ioc.impl.NutIoc.get(NutIoc.java:177) - 	 >> Load definition name=dataSource
[DEBUG] 2018-10-15 16:13:22,420 org.nutz.ioc.loader.map.MapLoader.load(MapLoader.java:67) - Loading define for name=dataSource
[DEBUG] 2018-10-15 16:13:22,420 org.nutz.ioc.loader.combo.ComboIocLoader.load(ComboIocLoader.java:161) - Found IocObject(dataSource) in JsonLoader(paths=[config/ioc/])
[DEBUG] 2018-10-15 16:13:22,420 org.nutz.ioc.impl.NutIoc.get(NutIoc.java:209) - 	 >> Make...'dataSource'<>
[DEBUG] 2018-10-15 16:13:22,420 cn.wizzer.app.web.commons.plugin.PluginAopConfigure.getInterceptorPairList(PluginAopConfigure.java:33) - skip -- com.alibaba.druid.pool.DruidDataSource
[DEBUG] 2018-10-15 16:13:22,421 org.nutz.ioc.aop.impl.DefaultMirrorFactory.getMirror(DefaultMirrorFactory.java:70) - Load class com.alibaba.druid.pool.DruidDataSource without AOP
[DEBUG] 2018-10-15 16:13:22,421 org.nutz.ioc.impl.ScopeContext.save(ScopeContext.java:64) - Save object 'dataSource' to [app] 
[DEBUG] 2018-10-15 16:13:22,421 org.nutz.ioc.impl.NutIoc.get(NutIoc.java:151) - Get 'conf'<>
[DEBUG] 2018-10-15 16:13:22,422 org.nutz.ioc.impl.ScopeContext.remove(ScopeContext.java:84) - Remove object 'dataSource' from [app] 
[DEBUG] 2018-10-15 16:13:22,422 org.nutz.ioc.impl.ScopeContext.remove(ScopeContext.java:84) - Remove object 'dao' from [app] 
[DEBUG] 2018-10-15 16:13:22,422 org.nutz.ioc.impl.ScopeContext.remove(ScopeContext.java:84) - Remove object 'simpleTest' from [app] 
]]></system-out>
  </testcase>
  <testcase name="testOrder23" classname="cn.wizzer.test.SimpleTest" time="0">
    <error message="IocBean[simpleTest] throw Exception when creating" type="org.nutz.ioc.IocException">org.nutz.ioc.IocException: IocBean[simpleTest] throw Exception when creating
Caused by: java.lang.RuntimeException: IocBean[simpleTest] fail at field=[dao]
Caused by: org.nutz.ioc.IocException: IocBean[dao -> dataSource] throw Exception when creating
Caused by: java.lang.IllegalArgumentException: Failed to decrypt.
Caused by: java.lang.IllegalArgumentException: String length must be a multiple of four.
</error>
    <system-out><![CDATA[[INFO ] 2018-10-15 16:13:22,422 org.nutz.ioc.impl.NutIoc.depose(NutIoc.java:255) - org.nutz.ioc.impl.NutIoc@1923999715 is closing. startup date [18-10-15 16:13:22.402]
[DEBUG] 2018-10-15 16:13:22,422 org.nutz.ioc.impl.ScopeContext.clear(ScopeContext.java:108) - Depose object 'conf' ...
[DEBUG] 2018-10-15 16:13:22,423 org.nutz.ioc.impl.ScopeContext.clear(ScopeContext.java:108) - Depose object '$aop_syslog' ...
[DEBUG] 2018-10-15 16:13:22,423 org.nutz.ioc.impl.ScopeContext.clear(ScopeContext.java:108) - Depose object '$aop_async' ...
[DEBUG] 2018-10-15 16:13:22,423 org.nutz.ioc.impl.ScopeContext.clear(ScopeContext.java:108) - Depose object 'dynamicInterceptor' ...
[DEBUG] 2018-10-15 16:13:22,423 org.nutz.ioc.impl.ScopeContext.clear(ScopeContext.java:108) - Depose object '$aop_1_plugin' ...
[INFO ] 2018-10-15 16:13:22,424 org.nutz.ioc.impl.NutIoc.depose(NutIoc.java:262) - org.nutz.ioc.impl.NutIoc@1923999715 is deposed. startup date [18-10-15 16:13:22.402]
[DEBUG] 2018-10-15 16:13:22,429 org.nutz.resource.Scans.scan(Scans.java:274) - Found 4 resource by src( config/ioc/ ) , regex( ^(.+[.])(js|json)$ )
[DEBUG] 2018-10-15 16:13:22,429 org.nutz.ioc.loader.json.JsonLoader.<init>(JsonLoader.java:49) - loading [dao.json]
[DEBUG] 2018-10-15 16:13:22,430 org.nutz.ioc.loader.json.JsonLoader.<init>(JsonLoader.java:49) - loading [ehcache.json]
[DEBUG] 2018-10-15 16:13:22,430 org.nutz.ioc.loader.json.JsonLoader.<init>(JsonLoader.java:49) - loading [mail.json]
[DEBUG] 2018-10-15 16:13:22,431 org.nutz.ioc.loader.json.JsonLoader.<init>(JsonLoader.java:49) - loading [upload.json]
[DEBUG] 2018-10-15 16:13:22,431 org.nutz.ioc.loader.json.JsonLoader.<init>(JsonLoader.java:57) - Loaded 15 bean define from path=[config/ioc/] --> [videoUpload, conf, uploadVideoContext, imageUpload, fileUpload, cacheManager, dao, cacheProvider, emailAuthenticator, uploadFileContext, htmlEmail, cacheExecutor, tmpFilePool, uploadImageContext, dataSource]
[DEBUG] 2018-10-15 16:13:22,592 org.nutz.resource.Scans.scan(Scans.java:274) - Found 452 resource by src( cn/wizzer/ ) , regex( ^.+[.]class$ )
[DEBUG] 2018-10-15 16:13:22,594 org.nutz.ioc.loader.annotation.AnnotationIocLoader.addClass(AnnotationIocLoader.java:76) - Found @IocBean : class cn.wizzer.framework.util.StringUtil
[DEBUG] 2018-10-15 16:13:22,594 org.nutz.ioc.loader.annotation.AnnotationIocLoader.addClass(AnnotationIocLoader.java:76) - Found @IocBean : class cn.wizzer.framework.util.CookieUtil
[DEBUG] 2018-10-15 16:13:22,594 org.nutz.ioc.loader.annotation.AnnotationIocLoader.addClass(AnnotationIocLoader.java:76) - Found @IocBean : class cn.wizzer.framework.ig.RedisIdGenerator
[DEBUG] 2018-10-15 16:13:22,595 org.nutz.ioc.loader.annotation.AnnotationIocLoader.addClass(AnnotationIocLoader.java:76) - Found @IocBean : class cn.wizzer.framework.util.DateUtil
[DEBUG] 2018-10-15 16:13:22,595 org.nutz.ioc.loader.annotation.AnnotationIocLoader.addClass(AnnotationIocLoader.java:76) - Found @IocBean : class cn.wizzer.framework.shiro.interceptor.NutShiroMethodInterceptor
[DEBUG] 2018-10-15 16:13:22,595 org.nutz.ioc.loader.annotation.AnnotationIocLoader.addClass(AnnotationIocLoader.java:76) - Found @IocBean : class cn.wizzer.framework.util.IdcardUtil
[DEBUG] 2018-10-15 16:13:22,595 org.nutz.ioc.loader.annotation.AnnotationIocLoader.addClass(AnnotationIocLoader.java:76) - Found @IocBean : class cn.wizzer.framework.rabbit.RabbitProducer
[DEBUG] 2018-10-15 16:13:22,595 org.nutz.ioc.loader.annotation.AnnotationIocLoader.addClass(AnnotationIocLoader.java:76) - Found @IocBean : class cn.wizzer.framework.util.RSAUtil
[DEBUG] 2018-10-15 16:13:22,595 org.nutz.ioc.loader.annotation.AnnotationIocLoader.addClass(AnnotationIocLoader.java:76) - Found @IocBean : class cn.wizzer.framework.util.ShiroUtil
[DEBUG] 2018-10-15 16:13:22,595 org.nutz.ioc.loader.annotation.AnnotationIocLoader.addClass(AnnotationIocLoader.java:76) - Found @IocBean : class cn.wizzer.framework.util.Code128Util
[DEBUG] 2018-10-15 16:13:22,595 org.nutz.ioc.loader.annotation.AnnotationIocLoader.addClass(AnnotationIocLoader.java:76) - Found @IocBean : class cn.wizzer.app.base.modules.services.impl.BaseAirmeterialServiceImpl
[DEBUG] 2018-10-15 16:13:22,595 org.nutz.ioc.loader.annotation.AnnotationIocLoader.addClass(AnnotationIocLoader.java:76) - Found @IocBean : class cn.wizzer.app.base.modules.services.impl.BaseAirportServiceImpl
[DEBUG] 2018-10-15 16:13:22,595 org.nutz.ioc.loader.annotation.AnnotationIocLoader.addClass(AnnotationIocLoader.java:76) - Found @IocBean : class cn.wizzer.app.base.modules.services.impl.BaseCnctobjServiceImpl
[DEBUG] 2018-10-15 16:13:22,595 org.nutz.ioc.loader.annotation.AnnotationIocLoader.addClass(AnnotationIocLoader.java:76) - Found @IocBean : class cn.wizzer.app.base.modules.services.impl.BaseCustomerServiceImpl
[DEBUG] 2018-10-15 16:13:22,595 org.nutz.ioc.loader.annotation.AnnotationIocLoader.addClass(AnnotationIocLoader.java:76) - Found @IocBean : class cn.wizzer.app.base.modules.services.impl.BaseDeptServiceImpl
[DEBUG] 2018-10-15 16:13:22,596 org.nutz.ioc.loader.annotation.AnnotationIocLoader.addClass(AnnotationIocLoader.java:76) - Found @IocBean : class cn.wizzer.app.base.modules.services.impl.BaseJobServiceImpl
[DEBUG] 2018-10-15 16:13:22,596 org.nutz.ioc.loader.annotation.AnnotationIocLoader.addClass(AnnotationIocLoader.java:76) - Found @IocBean : class cn.wizzer.app.base.modules.services.impl.BasePersonpoolServiceImpl
[DEBUG] 2018-10-15 16:13:22,596 org.nutz.ioc.loader.annotation.AnnotationIocLoader.addClass(AnnotationIocLoader.java:76) - Found @IocBean : class cn.wizzer.app.base.modules.services.impl.BasePersonServiceImpl
[DEBUG] 2018-10-15 16:13:22,596 org.nutz.ioc.loader.annotation.AnnotationIocLoader.addClass(AnnotationIocLoader.java:76) - Found @IocBean : class cn.wizzer.app.base.modules.services.impl.BasePlaceServiceImpl
[DEBUG] 2018-10-15 16:13:22,596 org.nutz.ioc.loader.annotation.AnnotationIocLoader.addClass(AnnotationIocLoader.java:76) - Found @IocBean : class cn.wizzer.app.base.modules.services.impl.BasePostServiceImpl
[DEBUG] 2018-10-15 16:13:22,596 org.nutz.ioc.loader.annotation.AnnotationIocLoader.addClass(AnnotationIocLoader.java:76) - Found @IocBean : class cn.wizzer.app.base.modules.services.impl.BaseRowofficeentryServiceImpl
[DEBUG] 2018-10-15 16:13:22,596 org.nutz.ioc.loader.annotation.AnnotationIocLoader.addClass(AnnotationIocLoader.java:76) - Found @IocBean : class cn.wizzer.app.base.modules.services.impl.BaseRowofficeServiceImpl
[DEBUG] 2018-10-15 16:13:22,596 org.nutz.ioc.loader.annotation.AnnotationIocLoader.addClass(AnnotationIocLoader.java:76) - Found @IocBean : class cn.wizzer.app.base.modules.services.impl.BaseVehicleServiceImpl
[DEBUG] 2018-10-15 16:13:22,596 org.nutz.ioc.loader.annotation.AnnotationIocLoader.addClass(AnnotationIocLoader.java:76) - Found @IocBean : class cn.wizzer.app.base.modules.services.impl.BaseWarehouseServiceImpl
[DEBUG] 2018-10-15 16:13:22,596 org.nutz.ioc.loader.annotation.AnnotationIocLoader.addClass(AnnotationIocLoader.java:76) - Found @IocBean : class cn.wizzer.app.cms.modules.services.impl.CmsArticleServiceImpl
[DEBUG] 2018-10-15 16:13:22,596 org.nutz.ioc.loader.annotation.AnnotationIocLoader.addClass(AnnotationIocLoader.java:76) - Found @IocBean : class cn.wizzer.app.cms.modules.services.impl.CmsChannelServiceImpl
[DEBUG] 2018-10-15 16:13:22,596 org.nutz.ioc.loader.annotation.AnnotationIocLoader.addClass(AnnotationIocLoader.java:76) - Found @IocBean : class cn.wizzer.app.cms.modules.services.impl.CmsLinkClassServiceImpl
[DEBUG] 2018-10-15 16:13:22,596 org.nutz.ioc.loader.annotation.AnnotationIocLoader.addClass(AnnotationIocLoader.java:76) - Found @IocBean : class cn.wizzer.app.cms.modules.services.impl.CmsLinkServiceImpl
[DEBUG] 2018-10-15 16:13:22,597 org.nutz.ioc.loader.annotation.AnnotationIocLoader.addClass(AnnotationIocLoader.java:76) - Found @IocBean : class cn.wizzer.app.cms.modules.services.impl.CmsSiteServiceImpl
[DEBUG] 2018-10-15 16:13:22,597 org.nutz.ioc.loader.annotation.AnnotationIocLoader.addClass(AnnotationIocLoader.java:76) - Found @IocBean : class cn.wizzer.app.ins.modules.services.impl.InsBaseinsServiceImpl
[DEBUG] 2018-10-15 16:13:22,597 org.nutz.ioc.loader.annotation.AnnotationIocLoader.addClass(AnnotationIocLoader.java:76) - Found @IocBean : class cn.wizzer.app.ins.modules.services.impl.InsBaseinsSpaceServiceImpl
[DEBUG] 2018-10-15 16:13:22,597 org.nutz.ioc.loader.annotation.AnnotationIocLoader.addClass(AnnotationIocLoader.java:76) - Found @IocBean : class cn.wizzer.app.ins.modules.services.impl.InsCabinetServiceImpl
[DEBUG] 2018-10-15 16:13:22,597 org.nutz.ioc.loader.annotation.AnnotationIocLoader.addClass(AnnotationIocLoader.java:76) - Found @IocBean : class cn.wizzer.app.ins.modules.services.impl.InsCommonServiceImpl
[DEBUG] 2018-10-15 16:13:22,597 org.nutz.ioc.loader.annotation.AnnotationIocLoader.addClass(AnnotationIocLoader.java:76) - Found @IocBean : class cn.wizzer.app.ins.modules.services.impl.InsInstrumentServiceImpl
[DEBUG] 2018-10-15 16:13:22,597 org.nutz.ioc.loader.annotation.AnnotationIocLoader.addClass(AnnotationIocLoader.java:76) - Found @IocBean : class cn.wizzer.app.ins.modules.services.impl.InsLockServiceImpl
[DEBUG] 2018-10-15 16:13:22,597 org.nutz.ioc.loader.annotation.AnnotationIocLoader.addClass(AnnotationIocLoader.java:76) - Found @IocBean : class cn.wizzer.app.ins.modules.services.impl.InsOrderentryServiceImpl
[DEBUG] 2018-10-15 16:13:22,597 org.nutz.ioc.loader.annotation.AnnotationIocLoader.addClass(AnnotationIocLoader.java:76) - Found @IocBean : class cn.wizzer.app.ins.modules.services.impl.InsOrderServiceImpl
[DEBUG] 2018-10-15 16:13:22,597 org.nutz.ioc.loader.annotation.AnnotationIocLoader.addClass(AnnotationIocLoader.java:76) - Found @IocBean : class cn.wizzer.app.ins.modules.services.impl.InsRepairServiceImpl
[DEBUG] 2018-10-15 16:13:22,597 org.nutz.ioc.loader.annotation.AnnotationIocLoader.addClass(AnnotationIocLoader.java:76) - Found @IocBean : class cn.wizzer.app.ins.modules.services.impl.InsRepairtrackServiceImpl
[DEBUG] 2018-10-15 16:13:22,598 org.nutz.ioc.loader.annotation.AnnotationIocLoader.addClass(AnnotationIocLoader.java:76) - Found @IocBean : class cn.wizzer.app.ins.modules.services.impl.InsRfheadServiceImpl
[DEBUG] 2018-10-15 16:13:22,598 org.nutz.ioc.loader.annotation.AnnotationIocLoader.addClass(AnnotationIocLoader.java:76) - Found @IocBean : class cn.wizzer.app.ins.modules.services.impl.InsRfidServiceImpl
[DEBUG] 2018-10-15 16:13:22,598 org.nutz.ioc.loader.annotation.AnnotationIocLoader.addClass(AnnotationIocLoader.java:76) - Found @IocBean : class cn.wizzer.app.ins.modules.services.impl.InsSpaceServiceImpl
[DEBUG] 2018-10-15 16:13:22,598 org.nutz.ioc.loader.annotation.AnnotationIocLoader.addClass(AnnotationIocLoader.java:76) - Found @IocBean : class cn.wizzer.app.ins.modules.services.impl.InsToolcabinetServiceImpl
[DEBUG] 2018-10-15 16:13:22,598 org.nutz.ioc.loader.annotation.AnnotationIocLoader.addClass(AnnotationIocLoader.java:76) - Found @IocBean : class cn.wizzer.app.ins.modules.services.impl.InsTransmitServiceImpl
[DEBUG] 2018-10-15 16:13:22,598 org.nutz.ioc.loader.annotation.AnnotationIocLoader.addClass(AnnotationIocLoader.java:76) - Found @IocBean : class cn.wizzer.app.logistics.modules.services.impl.LogisticsDeliveryorderentryServiceImpl
[DEBUG] 2018-10-15 16:13:22,599 org.nutz.ioc.loader.annotation.AnnotationIocLoader.addClass(AnnotationIocLoader.java:76) - Found @IocBean : class cn.wizzer.app.logistics.modules.services.impl.LogisticsDeliveryorderServiceImpl
[DEBUG] 2018-10-15 16:13:22,599 org.nutz.ioc.loader.annotation.AnnotationIocLoader.addClass(AnnotationIocLoader.java:76) - Found @IocBean : class cn.wizzer.app.logistics.modules.services.impl.LogisticsEntourageServiceImpl
[DEBUG] 2018-10-15 16:13:22,599 org.nutz.ioc.loader.annotation.AnnotationIocLoader.addClass(AnnotationIocLoader.java:76) - Found @IocBean : class cn.wizzer.app.logistics.modules.services.impl.LogisticsOrderdeliveryServiceImpl
[DEBUG] 2018-10-15 16:13:22,599 org.nutz.ioc.loader.annotation.AnnotationIocLoader.addClass(AnnotationIocLoader.java:76) - Found @IocBean : class cn.wizzer.app.logistics.modules.services.impl.LogisticsOrderentryServiceImpl
[DEBUG] 2018-10-15 16:13:22,599 org.nutz.ioc.loader.annotation.AnnotationIocLoader.addClass(AnnotationIocLoader.java:76) - Found @IocBean : class cn.wizzer.app.logistics.modules.services.impl.LogisticsOrderplanentryServiceImpl
[DEBUG] 2018-10-15 16:13:22,599 org.nutz.ioc.loader.annotation.AnnotationIocLoader.addClass(AnnotationIocLoader.java:76) - Found @IocBean : class cn.wizzer.app.logistics.modules.services.impl.LogisticsOrderplanServiceImpl
[DEBUG] 2018-10-15 16:13:22,599 org.nutz.ioc.loader.annotation.AnnotationIocLoader.addClass(AnnotationIocLoader.java:76) - Found @IocBean : class cn.wizzer.app.logistics.modules.services.impl.LogisticsOrderrejectServiceImpl
[DEBUG] 2018-10-15 16:13:22,599 org.nutz.ioc.loader.annotation.AnnotationIocLoader.addClass(AnnotationIocLoader.java:76) - Found @IocBean : class cn.wizzer.app.logistics.modules.services.impl.LogisticsOrderServiceImpl
[DEBUG] 2018-10-15 16:13:22,599 org.nutz.ioc.loader.annotation.AnnotationIocLoader.addClass(AnnotationIocLoader.java:76) - Found @IocBean : class cn.wizzer.app.logistics.modules.services.impl.LogisticsOrderstepServiceImpl
[DEBUG] 2018-10-15 16:13:22,599 org.nutz.ioc.loader.annotation.AnnotationIocLoader.addClass(AnnotationIocLoader.java:76) - Found @IocBean : class cn.wizzer.app.logistics.modules.services.impl.LogisticsSendapprovalServiceImpl
[DEBUG] 2018-10-15 16:13:22,599 org.nutz.ioc.loader.annotation.AnnotationIocLoader.addClass(AnnotationIocLoader.java:76) - Found @IocBean : class cn.wizzer.app.logistics.modules.services.impl.LogisticsSendgoodsServiceImpl
[DEBUG] 2018-10-15 16:13:22,599 org.nutz.ioc.loader.annotation.AnnotationIocLoader.addClass(AnnotationIocLoader.java:76) - Found @IocBean : class cn.wizzer.app.logistics.modules.services.impl.LogisticsSendplanServiceImpl
[DEBUG] 2018-10-15 16:13:22,600 org.nutz.ioc.loader.annotation.AnnotationIocLoader.addClass(AnnotationIocLoader.java:76) - Found @IocBean : class cn.wizzer.app.logistics.modules.services.impl.LogisticsSendtraceServiceImpl
[DEBUG] 2018-10-15 16:13:22,600 org.nutz.ioc.loader.annotation.AnnotationIocLoader.addClass(AnnotationIocLoader.java:76) - Found @IocBean : class cn.wizzer.app.logistics.modules.services.impl.LogisticsUnplanServiceImpl
[DEBUG] 2018-10-15 16:13:22,600 org.nutz.ioc.loader.annotation.AnnotationIocLoader.addClass(AnnotationIocLoader.java:76) - Found @IocBean : class cn.wizzer.app.sys.modules.services.impl.SysApiServiceImpl
[DEBUG] 2018-10-15 16:13:22,600 org.nutz.ioc.loader.annotation.AnnotationIocLoader.addClass(AnnotationIocLoader.java:76) - Found @IocBean : class cn.wizzer.app.sys.modules.services.impl.SysBarcodeServiceImpl
[DEBUG] 2018-10-15 16:13:22,600 org.nutz.ioc.loader.annotation.AnnotationIocLoader.addClass(AnnotationIocLoader.java:76) - Found @IocBean : class cn.wizzer.app.sys.modules.services.impl.SysConfigServiceImpl
[DEBUG] 2018-10-15 16:13:22,600 org.nutz.ioc.loader.annotation.AnnotationIocLoader.addClass(AnnotationIocLoader.java:76) - Found @IocBean : class cn.wizzer.app.sys.modules.services.impl.SysDictServiceImpl
[DEBUG] 2018-10-15 16:13:22,600 org.nutz.ioc.loader.annotation.AnnotationIocLoader.addClass(AnnotationIocLoader.java:76) - Found @IocBean : class cn.wizzer.app.sys.modules.services.impl.SysLogServiceImpl
[DEBUG] 2018-10-15 16:13:22,600 org.nutz.ioc.loader.annotation.AnnotationIocLoader.addClass(AnnotationIocLoader.java:76) - Found @IocBean : class cn.wizzer.app.sys.modules.services.impl.SysMenuServiceImpl
[DEBUG] 2018-10-15 16:13:22,600 org.nutz.ioc.loader.annotation.AnnotationIocLoader.addClass(AnnotationIocLoader.java:76) - Found @IocBean : class cn.wizzer.app.sys.modules.services.impl.SysMobileServiceImpl
[DEBUG] 2018-10-15 16:13:22,600 org.nutz.ioc.loader.annotation.AnnotationIocLoader.addClass(AnnotationIocLoader.java:76) - Found @IocBean : class cn.wizzer.app.sys.modules.services.impl.SysPluginServiceImpl
[DEBUG] 2018-10-15 16:13:22,600 org.nutz.ioc.loader.annotation.AnnotationIocLoader.addClass(AnnotationIocLoader.java:76) - Found @IocBean : class cn.wizzer.app.sys.modules.services.impl.SysRegistauditServiceImpl
[DEBUG] 2018-10-15 16:13:22,600 org.nutz.ioc.loader.annotation.AnnotationIocLoader.addClass(AnnotationIocLoader.java:76) - Found @IocBean : class cn.wizzer.app.sys.modules.services.impl.SysRoleServiceImpl
[DEBUG] 2018-10-15 16:13:22,600 org.nutz.ioc.loader.annotation.AnnotationIocLoader.addClass(AnnotationIocLoader.java:76) - Found @IocBean : class cn.wizzer.app.sys.modules.services.impl.SysRouteServiceImpl
[DEBUG] 2018-10-15 16:13:22,600 org.nutz.ioc.loader.annotation.AnnotationIocLoader.addClass(AnnotationIocLoader.java:76) - Found @IocBean : class cn.wizzer.app.sys.modules.services.impl.SysTaskServiceImpl
[DEBUG] 2018-10-15 16:13:22,601 org.nutz.ioc.loader.annotation.AnnotationIocLoader.addClass(AnnotationIocLoader.java:76) - Found @IocBean : class cn.wizzer.app.sys.modules.services.impl.SysTempuserServiceImpl
[DEBUG] 2018-10-15 16:13:22,601 org.nutz.ioc.loader.annotation.AnnotationIocLoader.addClass(AnnotationIocLoader.java:76) - Found @IocBean : class cn.wizzer.app.sys.modules.services.impl.SysUnitServiceImpl
[DEBUG] 2018-10-15 16:13:22,601 org.nutz.ioc.loader.annotation.AnnotationIocLoader.addClass(AnnotationIocLoader.java:76) - Found @IocBean : class cn.wizzer.app.sys.modules.services.impl.SysUserServiceImpl
[DEBUG] 2018-10-15 16:13:22,601 org.nutz.ioc.loader.annotation.AnnotationIocLoader.addClass(AnnotationIocLoader.java:76) - Found @IocBean : class cn.wizzer.app.sys.modules.services.impl.SysVersionServiceImpl
[DEBUG] 2018-10-15 16:13:22,601 org.nutz.ioc.loader.annotation.AnnotationIocLoader.addClass(AnnotationIocLoader.java:76) - Found @IocBean : class cn.wizzer.app.sys.modules.services.impl.SysWxDeptServiceImpl
[DEBUG] 2018-10-15 16:13:22,601 org.nutz.ioc.loader.annotation.AnnotationIocLoader.addClass(AnnotationIocLoader.java:76) - Found @IocBean : class cn.wizzer.app.sys.modules.services.impl.SysWxServiceImpl
[DEBUG] 2018-10-15 16:13:22,601 org.nutz.ioc.loader.annotation.AnnotationIocLoader.addClass(AnnotationIocLoader.java:76) - Found @IocBean : class cn.wizzer.app.sys.modules.services.impl.SysWxUserServiceImpl
[DEBUG] 2018-10-15 16:13:22,601 org.nutz.ioc.loader.annotation.AnnotationIocLoader.addClass(AnnotationIocLoader.java:76) - Found @IocBean : class cn.wizzer.app.web.commons.plugin.DynamicInterceptor
[DEBUG] 2018-10-15 16:13:22,601 org.nutz.ioc.loader.annotation.AnnotationIocLoader.addClass(AnnotationIocLoader.java:76) - Found @IocBean : class cn.wizzer.app.web.commons.plugin.PluginAopConfigure
[DEBUG] 2018-10-15 16:13:22,601 org.nutz.ioc.loader.annotation.AnnotationIocLoader.addClass(AnnotationIocLoader.java:76) - Found @IocBean : class cn.wizzer.app.web.commons.plugin.PluginMaster
[DEBUG] 2018-10-15 16:13:22,601 org.nutz.ioc.loader.annotation.AnnotationIocLoader.addClass(AnnotationIocLoader.java:76) - Found @IocBean : class cn.wizzer.app.web.commons.quartz.job.orderExecute
[DEBUG] 2018-10-15 16:13:22,601 org.nutz.ioc.loader.annotation.AnnotationIocLoader.addClass(AnnotationIocLoader.java:76) - Found @IocBean : class cn.wizzer.app.web.commons.quartz.job.TestJob
[DEBUG] 2018-10-15 16:13:22,602 org.nutz.ioc.loader.annotation.AnnotationIocLoader.addClass(AnnotationIocLoader.java:76) - Found @IocBean : class cn.wizzer.app.web.commons.services.email.EmailService
[DEBUG] 2018-10-15 16:13:22,602 org.nutz.ioc.loader.annotation.AnnotationIocLoader.addClass(AnnotationIocLoader.java:76) - Found @IocBean : class cn.wizzer.app.web.commons.services.qrcode.QrcodeService
[DEBUG] 2018-10-15 16:13:22,602 org.nutz.ioc.loader.annotation.AnnotationIocLoader.addClass(AnnotationIocLoader.java:76) - Found @IocBean : class cn.wizzer.app.web.commons.services.wx.TplService
[DEBUG] 2018-10-15 16:13:22,602 org.nutz.ioc.loader.annotation.AnnotationIocLoader.addClass(AnnotationIocLoader.java:76) - Found @IocBean : class cn.wizzer.app.web.commons.services.wx.WxHandler
[DEBUG] 2018-10-15 16:13:22,602 org.nutz.ioc.loader.annotation.AnnotationIocLoader.addClass(AnnotationIocLoader.java:76) - Found @IocBean : class cn.wizzer.app.web.commons.shiro.realm.PlatformAuthorizingRealm
[DEBUG] 2018-10-15 16:13:22,602 org.nutz.ioc.loader.annotation.AnnotationIocLoader.addClass(AnnotationIocLoader.java:76) - Found @IocBean : class cn.wizzer.app.web.commons.slog.SLogAopConfigration
[DEBUG] 2018-10-15 16:13:22,602 org.nutz.ioc.loader.annotation.AnnotationIocLoader.addClass(AnnotationIocLoader.java:76) - Found @IocBean : class cn.wizzer.app.web.commons.slog.SLogService
[DEBUG] 2018-10-15 16:13:22,602 org.nutz.ioc.loader.annotation.AnnotationIocLoader.addClass(AnnotationIocLoader.java:76) - Found @IocBean : class cn.wizzer.app.web.modules.controllers.front.wx.CmsController
[DEBUG] 2018-10-15 16:13:22,602 org.nutz.ioc.loader.annotation.AnnotationIocLoader.addClass(AnnotationIocLoader.java:76) - Found @IocBean : class cn.wizzer.app.web.modules.controllers.front.wx.WechatController
[DEBUG] 2018-10-15 16:13:22,602 org.nutz.ioc.loader.annotation.AnnotationIocLoader.addClass(AnnotationIocLoader.java:76) - Found @IocBean : class cn.wizzer.app.web.modules.controllers.open.api.mobile.MobileBaseController
[DEBUG] 2018-10-15 16:13:22,602 org.nutz.ioc.loader.annotation.AnnotationIocLoader.addClass(AnnotationIocLoader.java:76) - Found @IocBean : class cn.wizzer.app.web.modules.controllers.open.api.mobile.MobileInsController
[DEBUG] 2018-10-15 16:13:22,602 org.nutz.ioc.loader.annotation.AnnotationIocLoader.addClass(AnnotationIocLoader.java:76) - Found @IocBean : class cn.wizzer.app.web.modules.controllers.open.api.mobile.MobileOrderController
[DEBUG] 2018-10-15 16:13:22,602 org.nutz.ioc.loader.annotation.AnnotationIocLoader.addClass(AnnotationIocLoader.java:76) - Found @IocBean : class cn.wizzer.app.web.modules.controllers.open.api.mobile.MobileSysController
[DEBUG] 2018-10-15 16:13:22,602 org.nutz.ioc.loader.annotation.AnnotationIocLoader.addClass(AnnotationIocLoader.java:76) - Found @IocBean : class cn.wizzer.app.web.modules.controllers.open.api.pad.PadInsController
[DEBUG] 2018-10-15 16:13:22,602 org.nutz.ioc.loader.annotation.AnnotationIocLoader.addClass(AnnotationIocLoader.java:76) - Found @IocBean : class cn.wizzer.app.web.modules.controllers.open.api.pad.PadOrderController
[DEBUG] 2018-10-15 16:13:22,603 org.nutz.ioc.loader.annotation.AnnotationIocLoader.addClass(AnnotationIocLoader.java:76) - Found @IocBean : class cn.wizzer.app.web.modules.controllers.open.api.pad.PadSysController
[DEBUG] 2018-10-15 16:13:22,603 org.nutz.ioc.loader.annotation.AnnotationIocLoader.addClass(AnnotationIocLoader.java:76) - Found @IocBean : class cn.wizzer.app.web.modules.controllers.open.api.test.ApiTestController
[DEBUG] 2018-10-15 16:13:22,603 org.nutz.ioc.loader.annotation.AnnotationIocLoader.addClass(AnnotationIocLoader.java:76) - Found @IocBean : class cn.wizzer.app.web.modules.controllers.open.api.token.TokenController
[DEBUG] 2018-10-15 16:13:22,603 org.nutz.ioc.loader.annotation.AnnotationIocLoader.addClass(AnnotationIocLoader.java:76) - Found @IocBean : class cn.wizzer.app.web.modules.controllers.open.api.userpermission.UserpermissionController
[DEBUG] 2018-10-15 16:13:22,603 org.nutz.ioc.loader.annotation.AnnotationIocLoader.addClass(AnnotationIocLoader.java:76) - Found @IocBean : class cn.wizzer.app.web.modules.controllers.open.file.UploadController
[DEBUG] 2018-10-15 16:13:22,603 org.nutz.ioc.loader.annotation.AnnotationIocLoader.addClass(AnnotationIocLoader.java:76) - Found @IocBean : class cn.wizzer.app.web.modules.controllers.open.pay.WxPayBackController
[DEBUG] 2018-10-15 16:13:22,603 org.nutz.ioc.loader.annotation.AnnotationIocLoader.addClass(AnnotationIocLoader.java:76) - Found @IocBean : class cn.wizzer.app.web.modules.controllers.open.ueditor.BdController
[DEBUG] 2018-10-15 16:13:22,603 org.nutz.ioc.loader.annotation.AnnotationIocLoader.addClass(AnnotationIocLoader.java:76) - Found @IocBean : class cn.wizzer.app.web.modules.controllers.open.ueditor.WxController
[DEBUG] 2018-10-15 16:13:22,603 org.nutz.ioc.loader.annotation.AnnotationIocLoader.addClass(AnnotationIocLoader.java:76) - Found @IocBean : class cn.wizzer.app.web.modules.controllers.open.wx.WeixinController
[DEBUG] 2018-10-15 16:13:22,603 org.nutz.ioc.loader.annotation.AnnotationIocLoader.addClass(AnnotationIocLoader.java:76) - Found @IocBean : class cn.wizzer.app.web.modules.controllers.platform.base.BaseAirmeterialController
[DEBUG] 2018-10-15 16:13:22,603 org.nutz.ioc.loader.annotation.AnnotationIocLoader.addClass(AnnotationIocLoader.java:76) - Found @IocBean : class cn.wizzer.app.web.modules.controllers.platform.base.BaseAirportController
[DEBUG] 2018-10-15 16:13:22,603 org.nutz.ioc.loader.annotation.AnnotationIocLoader.addClass(AnnotationIocLoader.java:76) - Found @IocBean : class cn.wizzer.app.web.modules.controllers.platform.base.BaseCnctobjController
[DEBUG] 2018-10-15 16:13:22,603 org.nutz.ioc.loader.annotation.AnnotationIocLoader.addClass(AnnotationIocLoader.java:76) - Found @IocBean : class cn.wizzer.app.web.modules.controllers.platform.base.BaseCustomerController
[DEBUG] 2018-10-15 16:13:22,603 org.nutz.ioc.loader.annotation.AnnotationIocLoader.addClass(AnnotationIocLoader.java:76) - Found @IocBean : class cn.wizzer.app.web.modules.controllers.platform.base.BaseDeptController
[DEBUG] 2018-10-15 16:13:22,603 org.nutz.ioc.loader.annotation.AnnotationIocLoader.addClass(AnnotationIocLoader.java:76) - Found @IocBean : class cn.wizzer.app.web.modules.controllers.platform.base.BaseJobController
[DEBUG] 2018-10-15 16:13:22,604 org.nutz.ioc.loader.annotation.AnnotationIocLoader.addClass(AnnotationIocLoader.java:76) - Found @IocBean : class cn.wizzer.app.web.modules.controllers.platform.base.BasePersonController
[DEBUG] 2018-10-15 16:13:22,604 org.nutz.ioc.loader.annotation.AnnotationIocLoader.addClass(AnnotationIocLoader.java:76) - Found @IocBean : class cn.wizzer.app.web.modules.controllers.platform.base.BasePersonpoolController
[DEBUG] 2018-10-15 16:13:22,604 org.nutz.ioc.loader.annotation.AnnotationIocLoader.addClass(AnnotationIocLoader.java:76) - Found @IocBean : class cn.wizzer.app.web.modules.controllers.platform.base.BasePlaceController
[DEBUG] 2018-10-15 16:13:22,604 org.nutz.ioc.loader.annotation.AnnotationIocLoader.addClass(AnnotationIocLoader.java:76) - Found @IocBean : class cn.wizzer.app.web.modules.controllers.platform.base.BasePostController
[DEBUG] 2018-10-15 16:13:22,604 org.nutz.ioc.loader.annotation.AnnotationIocLoader.addClass(AnnotationIocLoader.java:76) - Found @IocBean : class cn.wizzer.app.web.modules.controllers.platform.base.BaseRowofficeController
[DEBUG] 2018-10-15 16:13:22,604 org.nutz.ioc.loader.annotation.AnnotationIocLoader.addClass(AnnotationIocLoader.java:76) - Found @IocBean : class cn.wizzer.app.web.modules.controllers.platform.base.BaseRowofficeentryController
[DEBUG] 2018-10-15 16:13:22,604 org.nutz.ioc.loader.annotation.AnnotationIocLoader.addClass(AnnotationIocLoader.java:76) - Found @IocBean : class cn.wizzer.app.web.modules.controllers.platform.base.BaseVehicleController
[DEBUG] 2018-10-15 16:13:22,604 org.nutz.ioc.loader.annotation.AnnotationIocLoader.addClass(AnnotationIocLoader.java:76) - Found @IocBean : class cn.wizzer.app.web.modules.controllers.platform.base.BaseWarehouseController
[DEBUG] 2018-10-15 16:13:22,604 org.nutz.ioc.loader.annotation.AnnotationIocLoader.addClass(AnnotationIocLoader.java:76) - Found @IocBean : class cn.wizzer.app.web.modules.controllers.platform.cms.CmsArticleController
[DEBUG] 2018-10-15 16:13:22,604 org.nutz.ioc.loader.annotation.AnnotationIocLoader.addClass(AnnotationIocLoader.java:76) - Found @IocBean : class cn.wizzer.app.web.modules.controllers.platform.cms.CmsChannelController
[DEBUG] 2018-10-15 16:13:22,604 org.nutz.ioc.loader.annotation.AnnotationIocLoader.addClass(AnnotationIocLoader.java:76) - Found @IocBean : class cn.wizzer.app.web.modules.controllers.platform.cms.CmsLinkClassController
[DEBUG] 2018-10-15 16:13:22,604 org.nutz.ioc.loader.annotation.AnnotationIocLoader.addClass(AnnotationIocLoader.java:76) - Found @IocBean : class cn.wizzer.app.web.modules.controllers.platform.cms.CmsLinkController
[DEBUG] 2018-10-15 16:13:22,604 org.nutz.ioc.loader.annotation.AnnotationIocLoader.addClass(AnnotationIocLoader.java:76) - Found @IocBean : class cn.wizzer.app.web.modules.controllers.platform.cms.CmsSiteController
[DEBUG] 2018-10-15 16:13:22,604 org.nutz.ioc.loader.annotation.AnnotationIocLoader.addClass(AnnotationIocLoader.java:76) - Found @IocBean : class cn.wizzer.app.web.modules.controllers.platform.ins.InsBaseinsController
[DEBUG] 2018-10-15 16:13:22,604 org.nutz.ioc.loader.annotation.AnnotationIocLoader.addClass(AnnotationIocLoader.java:76) - Found @IocBean : class cn.wizzer.app.web.modules.controllers.platform.ins.InsBaseinsSpaceController
[DEBUG] 2018-10-15 16:13:22,605 org.nutz.ioc.loader.annotation.AnnotationIocLoader.addClass(AnnotationIocLoader.java:76) - Found @IocBean : class cn.wizzer.app.web.modules.controllers.platform.ins.InsCabinetController
[DEBUG] 2018-10-15 16:13:22,605 org.nutz.ioc.loader.annotation.AnnotationIocLoader.addClass(AnnotationIocLoader.java:76) - Found @IocBean : class cn.wizzer.app.web.modules.controllers.platform.ins.InsCommonController
[DEBUG] 2018-10-15 16:13:22,605 org.nutz.ioc.loader.annotation.AnnotationIocLoader.addClass(AnnotationIocLoader.java:76) - Found @IocBean : class cn.wizzer.app.web.modules.controllers.platform.ins.InsInstrumentController
[DEBUG] 2018-10-15 16:13:22,605 org.nutz.ioc.loader.annotation.AnnotationIocLoader.addClass(AnnotationIocLoader.java:76) - Found @IocBean : class cn.wizzer.app.web.modules.controllers.platform.ins.InsLockController
[DEBUG] 2018-10-15 16:13:22,605 org.nutz.ioc.loader.annotation.AnnotationIocLoader.addClass(AnnotationIocLoader.java:76) - Found @IocBean : class cn.wizzer.app.web.modules.controllers.platform.ins.InsOrderController
[DEBUG] 2018-10-15 16:13:22,605 org.nutz.ioc.loader.annotation.AnnotationIocLoader.addClass(AnnotationIocLoader.java:76) - Found @IocBean : class cn.wizzer.app.web.modules.controllers.platform.ins.InsOrderentryController
[DEBUG] 2018-10-15 16:13:22,605 org.nutz.ioc.loader.annotation.AnnotationIocLoader.addClass(AnnotationIocLoader.java:76) - Found @IocBean : class cn.wizzer.app.web.modules.controllers.platform.ins.InsRepairController
[DEBUG] 2018-10-15 16:13:22,605 org.nutz.ioc.loader.annotation.AnnotationIocLoader.addClass(AnnotationIocLoader.java:76) - Found @IocBean : class cn.wizzer.app.web.modules.controllers.platform.ins.InsRepairtrackController
[DEBUG] 2018-10-15 16:13:22,605 org.nutz.ioc.loader.annotation.AnnotationIocLoader.addClass(AnnotationIocLoader.java:76) - Found @IocBean : class cn.wizzer.app.web.modules.controllers.platform.ins.InsRfheadController
[DEBUG] 2018-10-15 16:13:22,605 org.nutz.ioc.loader.annotation.AnnotationIocLoader.addClass(AnnotationIocLoader.java:76) - Found @IocBean : class cn.wizzer.app.web.modules.controllers.platform.ins.InsRfidController
[DEBUG] 2018-10-15 16:13:22,605 org.nutz.ioc.loader.annotation.AnnotationIocLoader.addClass(AnnotationIocLoader.java:76) - Found @IocBean : class cn.wizzer.app.web.modules.controllers.platform.ins.InsSpaceController
[DEBUG] 2018-10-15 16:13:22,605 org.nutz.ioc.loader.annotation.AnnotationIocLoader.addClass(AnnotationIocLoader.java:76) - Found @IocBean : class cn.wizzer.app.web.modules.controllers.platform.ins.InsToolcabinetController
[DEBUG] 2018-10-15 16:13:22,605 org.nutz.ioc.loader.annotation.AnnotationIocLoader.addClass(AnnotationIocLoader.java:76) - Found @IocBean : class cn.wizzer.app.web.modules.controllers.platform.ins.InsTransmitController
[DEBUG] 2018-10-15 16:13:22,605 org.nutz.ioc.loader.annotation.AnnotationIocLoader.addClass(AnnotationIocLoader.java:76) - Found @IocBean : class cn.wizzer.app.web.modules.controllers.platform.logistics.LogisticsDeliveryorderController
[DEBUG] 2018-10-15 16:13:22,605 org.nutz.ioc.loader.annotation.AnnotationIocLoader.addClass(AnnotationIocLoader.java:76) - Found @IocBean : class cn.wizzer.app.web.modules.controllers.platform.logistics.LogisticsDeliveryorderentryController
[DEBUG] 2018-10-15 16:13:22,606 org.nutz.ioc.loader.annotation.AnnotationIocLoader.addClass(AnnotationIocLoader.java:76) - Found @IocBean : class cn.wizzer.app.web.modules.controllers.platform.logistics.LogisticsEntourageController
[DEBUG] 2018-10-15 16:13:22,606 org.nutz.ioc.loader.annotation.AnnotationIocLoader.addClass(AnnotationIocLoader.java:76) - Found @IocBean : class cn.wizzer.app.web.modules.controllers.platform.logistics.LogisticsOrderController
[DEBUG] 2018-10-15 16:13:22,606 org.nutz.ioc.loader.annotation.AnnotationIocLoader.addClass(AnnotationIocLoader.java:76) - Found @IocBean : class cn.wizzer.app.web.modules.controllers.platform.logistics.LogisticsOrderdeliveryController
[DEBUG] 2018-10-15 16:13:22,606 org.nutz.ioc.loader.annotation.AnnotationIocLoader.addClass(AnnotationIocLoader.java:76) - Found @IocBean : class cn.wizzer.app.web.modules.controllers.platform.logistics.LogisticsOrderentryController
[DEBUG] 2018-10-15 16:13:22,606 org.nutz.ioc.loader.annotation.AnnotationIocLoader.addClass(AnnotationIocLoader.java:76) - Found @IocBean : class cn.wizzer.app.web.modules.controllers.platform.logistics.LogisticsOrderplanController
[DEBUG] 2018-10-15 16:13:22,606 org.nutz.ioc.loader.annotation.AnnotationIocLoader.addClass(AnnotationIocLoader.java:76) - Found @IocBean : class cn.wizzer.app.web.modules.controllers.platform.logistics.LogisticsOrderplanentryController
[DEBUG] 2018-10-15 16:13:22,606 org.nutz.ioc.loader.annotation.AnnotationIocLoader.addClass(AnnotationIocLoader.java:76) - Found @IocBean : class cn.wizzer.app.web.modules.controllers.platform.logistics.LogisticsOrderrejectController
[DEBUG] 2018-10-15 16:13:22,606 org.nutz.ioc.loader.annotation.AnnotationIocLoader.addClass(AnnotationIocLoader.java:76) - Found @IocBean : class cn.wizzer.app.web.modules.controllers.platform.logistics.LogisticsOrderstepController
[DEBUG] 2018-10-15 16:13:22,606 org.nutz.ioc.loader.annotation.AnnotationIocLoader.addClass(AnnotationIocLoader.java:76) - Found @IocBean : class cn.wizzer.app.web.modules.controllers.platform.logistics.LogisticsSendapprovalController
[DEBUG] 2018-10-15 16:13:22,607 org.nutz.ioc.loader.annotation.AnnotationIocLoader.addClass(AnnotationIocLoader.java:76) - Found @IocBean : class cn.wizzer.app.web.modules.controllers.platform.logistics.LogisticsSendgoodsController
[DEBUG] 2018-10-15 16:13:22,607 org.nutz.ioc.loader.annotation.AnnotationIocLoader.addClass(AnnotationIocLoader.java:76) - Found @IocBean : class cn.wizzer.app.web.modules.controllers.platform.logistics.LogisticsSendplanController
[DEBUG] 2018-10-15 16:13:22,607 org.nutz.ioc.loader.annotation.AnnotationIocLoader.addClass(AnnotationIocLoader.java:76) - Found @IocBean : class cn.wizzer.app.web.modules.controllers.platform.logistics.LogisticsSendtraceController
[DEBUG] 2018-10-15 16:13:22,607 org.nutz.ioc.loader.annotation.AnnotationIocLoader.addClass(AnnotationIocLoader.java:76) - Found @IocBean : class cn.wizzer.app.web.modules.controllers.platform.logistics.LogisticsUnplanController
[DEBUG] 2018-10-15 16:13:22,607 org.nutz.ioc.loader.annotation.AnnotationIocLoader.addClass(AnnotationIocLoader.java:76) - Found @IocBean : class cn.wizzer.app.web.modules.controllers.platform.sys.SysApiController
[DEBUG] 2018-10-15 16:13:22,607 org.nutz.ioc.loader.annotation.AnnotationIocLoader.addClass(AnnotationIocLoader.java:76) - Found @IocBean : class cn.wizzer.app.web.modules.controllers.platform.sys.SysBarcodeController
[DEBUG] 2018-10-15 16:13:22,607 org.nutz.ioc.loader.annotation.AnnotationIocLoader.addClass(AnnotationIocLoader.java:76) - Found @IocBean : class cn.wizzer.app.web.modules.controllers.platform.sys.SysConfController
[DEBUG] 2018-10-15 16:13:22,607 org.nutz.ioc.loader.annotation.AnnotationIocLoader.addClass(AnnotationIocLoader.java:76) - Found @IocBean : class cn.wizzer.app.web.modules.controllers.platform.sys.SysDictController
[DEBUG] 2018-10-15 16:13:22,608 org.nutz.ioc.loader.annotation.AnnotationIocLoader.addClass(AnnotationIocLoader.java:76) - Found @IocBean : class cn.wizzer.app.web.modules.controllers.platform.sys.SysHomeController
[DEBUG] 2018-10-15 16:13:22,608 org.nutz.ioc.loader.annotation.AnnotationIocLoader.addClass(AnnotationIocLoader.java:76) - Found @IocBean : class cn.wizzer.app.web.modules.controllers.platform.sys.SysLogController
[DEBUG] 2018-10-15 16:13:22,608 org.nutz.ioc.loader.annotation.AnnotationIocLoader.addClass(AnnotationIocLoader.java:76) - Found @IocBean : class cn.wizzer.app.web.modules.controllers.platform.sys.SysLoginController
[DEBUG] 2018-10-15 16:13:22,608 org.nutz.ioc.loader.annotation.AnnotationIocLoader.addClass(AnnotationIocLoader.java:76) - Found @IocBean : class cn.wizzer.app.web.modules.controllers.platform.sys.SysMenuController
[DEBUG] 2018-10-15 16:13:22,608 org.nutz.ioc.loader.annotation.AnnotationIocLoader.addClass(AnnotationIocLoader.java:76) - Found @IocBean : class cn.wizzer.app.web.modules.controllers.platform.sys.SysMobileController
[DEBUG] 2018-10-15 16:13:22,608 org.nutz.ioc.loader.annotation.AnnotationIocLoader.addClass(AnnotationIocLoader.java:76) - Found @IocBean : class cn.wizzer.app.web.modules.controllers.platform.sys.SysPluginController
[DEBUG] 2018-10-15 16:13:22,608 org.nutz.ioc.loader.annotation.AnnotationIocLoader.addClass(AnnotationIocLoader.java:76) - Found @IocBean : class cn.wizzer.app.web.modules.controllers.platform.sys.SysRegistauditController
[DEBUG] 2018-10-15 16:13:22,608 org.nutz.ioc.loader.annotation.AnnotationIocLoader.addClass(AnnotationIocLoader.java:76) - Found @IocBean : class cn.wizzer.app.web.modules.controllers.platform.sys.SysRoleController
[DEBUG] 2018-10-15 16:13:22,608 org.nutz.ioc.loader.annotation.AnnotationIocLoader.addClass(AnnotationIocLoader.java:76) - Found @IocBean : class cn.wizzer.app.web.modules.controllers.platform.sys.SysRouteController
[DEBUG] 2018-10-15 16:13:22,608 org.nutz.ioc.loader.annotation.AnnotationIocLoader.addClass(AnnotationIocLoader.java:76) - Found @IocBean : class cn.wizzer.app.web.modules.controllers.platform.sys.SysTaskController
[DEBUG] 2018-10-15 16:13:22,609 org.nutz.ioc.loader.annotation.AnnotationIocLoader.addClass(AnnotationIocLoader.java:76) - Found @IocBean : class cn.wizzer.app.web.modules.controllers.platform.sys.SysTempuserController
[DEBUG] 2018-10-15 16:13:22,609 org.nutz.ioc.loader.annotation.AnnotationIocLoader.addClass(AnnotationIocLoader.java:76) - Found @IocBean : class cn.wizzer.app.web.modules.controllers.platform.sys.SysUnitController
[DEBUG] 2018-10-15 16:13:22,609 org.nutz.ioc.loader.annotation.AnnotationIocLoader.addClass(AnnotationIocLoader.java:76) - Found @IocBean : class cn.wizzer.app.web.modules.controllers.platform.sys.SysUserController
[DEBUG] 2018-10-15 16:13:22,609 org.nutz.ioc.loader.annotation.AnnotationIocLoader.addClass(AnnotationIocLoader.java:76) - Found @IocBean : class cn.wizzer.app.web.modules.controllers.platform.sys.SysVersionController
[DEBUG] 2018-10-15 16:13:22,609 org.nutz.ioc.loader.annotation.AnnotationIocLoader.addClass(AnnotationIocLoader.java:76) - Found @IocBean : class cn.wizzer.app.web.modules.controllers.platform.sys.SysWxController
[DEBUG] 2018-10-15 16:13:22,609 org.nutz.ioc.loader.annotation.AnnotationIocLoader.addClass(AnnotationIocLoader.java:76) - Found @IocBean : class cn.wizzer.app.web.modules.controllers.platform.sys.SysWxDeptController
[DEBUG] 2018-10-15 16:13:22,609 org.nutz.ioc.loader.annotation.AnnotationIocLoader.addClass(AnnotationIocLoader.java:76) - Found @IocBean : class cn.wizzer.app.web.modules.controllers.platform.sys.SysWxUserController
[DEBUG] 2018-10-15 16:13:22,609 org.nutz.ioc.loader.annotation.AnnotationIocLoader.addClass(AnnotationIocLoader.java:76) - Found @IocBean : class cn.wizzer.app.web.modules.controllers.platform.wx.WxConfigController
[DEBUG] 2018-10-15 16:13:22,609 org.nutz.ioc.loader.annotation.AnnotationIocLoader.addClass(AnnotationIocLoader.java:76) - Found @IocBean : class cn.wizzer.app.web.modules.controllers.platform.wx.WxMassController
[DEBUG] 2018-10-15 16:13:22,609 org.nutz.ioc.loader.annotation.AnnotationIocLoader.addClass(AnnotationIocLoader.java:76) - Found @IocBean : class cn.wizzer.app.web.modules.controllers.platform.wx.WxMenuController
[DEBUG] 2018-10-15 16:13:22,609 org.nutz.ioc.loader.annotation.AnnotationIocLoader.addClass(AnnotationIocLoader.java:76) - Found @IocBean : class cn.wizzer.app.web.modules.controllers.platform.wx.WxMsgUserController
[DEBUG] 2018-10-15 16:13:22,609 org.nutz.ioc.loader.annotation.AnnotationIocLoader.addClass(AnnotationIocLoader.java:76) - Found @IocBean : class cn.wizzer.app.web.modules.controllers.platform.wx.WxPayTestController
[DEBUG] 2018-10-15 16:13:22,609 org.nutz.ioc.loader.annotation.AnnotationIocLoader.addClass(AnnotationIocLoader.java:76) - Found @IocBean : class cn.wizzer.app.web.modules.controllers.platform.wx.WxReplyController
[DEBUG] 2018-10-15 16:13:22,609 org.nutz.ioc.loader.annotation.AnnotationIocLoader.addClass(AnnotationIocLoader.java:76) - Found @IocBean : class cn.wizzer.app.web.modules.controllers.platform.wx.WxReplyNewsController
[DEBUG] 2018-10-15 16:13:22,609 org.nutz.ioc.loader.annotation.AnnotationIocLoader.addClass(AnnotationIocLoader.java:76) - Found @IocBean : class cn.wizzer.app.web.modules.controllers.platform.wx.WxReplyTxtController
[DEBUG] 2018-10-15 16:13:22,610 org.nutz.ioc.loader.annotation.AnnotationIocLoader.addClass(AnnotationIocLoader.java:76) - Found @IocBean : class cn.wizzer.app.web.modules.controllers.platform.wx.WxTplIdController
[DEBUG] 2018-10-15 16:13:22,610 org.nutz.ioc.loader.annotation.AnnotationIocLoader.addClass(AnnotationIocLoader.java:76) - Found @IocBean : class cn.wizzer.app.web.modules.controllers.platform.wx.WxTplListController
[DEBUG] 2018-10-15 16:13:22,610 org.nutz.ioc.loader.annotation.AnnotationIocLoader.addClass(AnnotationIocLoader.java:76) - Found @IocBean : class cn.wizzer.app.web.modules.controllers.platform.wx.WxTplLogController
[DEBUG] 2018-10-15 16:13:22,610 org.nutz.ioc.loader.annotation.AnnotationIocLoader.addClass(AnnotationIocLoader.java:76) - Found @IocBean : class cn.wizzer.app.web.modules.controllers.platform.wx.WxUserController
[DEBUG] 2018-10-15 16:13:22,610 org.nutz.ioc.loader.annotation.AnnotationIocLoader.addClass(AnnotationIocLoader.java:76) - Found @IocBean : class cn.wizzer.app.wx.modules.services.impl.WxConfigServiceImpl
[DEBUG] 2018-10-15 16:13:22,610 org.nutz.ioc.loader.annotation.AnnotationIocLoader.addClass(AnnotationIocLoader.java:76) - Found @IocBean : class cn.wizzer.app.wx.modules.services.impl.WxMassNewsServiceImpl
[DEBUG] 2018-10-15 16:13:22,610 org.nutz.ioc.loader.annotation.AnnotationIocLoader.addClass(AnnotationIocLoader.java:76) - Found @IocBean : class cn.wizzer.app.wx.modules.services.impl.WxMassSendServiceImpl
[DEBUG] 2018-10-15 16:13:22,610 org.nutz.ioc.loader.annotation.AnnotationIocLoader.addClass(AnnotationIocLoader.java:76) - Found @IocBean : class cn.wizzer.app.wx.modules.services.impl.WxMassServiceImpl
[DEBUG] 2018-10-15 16:13:22,610 org.nutz.ioc.loader.annotation.AnnotationIocLoader.addClass(AnnotationIocLoader.java:76) - Found @IocBean : class cn.wizzer.app.wx.modules.services.impl.WxMenuServiceImpl
[DEBUG] 2018-10-15 16:13:22,610 org.nutz.ioc.loader.annotation.AnnotationIocLoader.addClass(AnnotationIocLoader.java:76) - Found @IocBean : class cn.wizzer.app.wx.modules.services.impl.WxMsgReplyServiceImpl
[DEBUG] 2018-10-15 16:13:22,610 org.nutz.ioc.loader.annotation.AnnotationIocLoader.addClass(AnnotationIocLoader.java:76) - Found @IocBean : class cn.wizzer.app.wx.modules.services.impl.WxMsgServiceImpl
[DEBUG] 2018-10-15 16:13:22,610 org.nutz.ioc.loader.annotation.AnnotationIocLoader.addClass(AnnotationIocLoader.java:76) - Found @IocBean : class cn.wizzer.app.wx.modules.services.impl.WxReplyNewsServiceImpl
[DEBUG] 2018-10-15 16:13:22,611 org.nutz.ioc.loader.annotation.AnnotationIocLoader.addClass(AnnotationIocLoader.java:76) - Found @IocBean : class cn.wizzer.app.wx.modules.services.impl.WxReplyServiceImpl
[DEBUG] 2018-10-15 16:13:22,611 org.nutz.ioc.loader.annotation.AnnotationIocLoader.addClass(AnnotationIocLoader.java:76) - Found @IocBean : class cn.wizzer.app.wx.modules.services.impl.WxReplyTxtServiceImpl
[DEBUG] 2018-10-15 16:13:22,611 org.nutz.ioc.loader.annotation.AnnotationIocLoader.addClass(AnnotationIocLoader.java:76) - Found @IocBean : class cn.wizzer.app.wx.modules.services.impl.WxTplIdServiceImpl
[DEBUG] 2018-10-15 16:13:22,611 org.nutz.ioc.loader.annotation.AnnotationIocLoader.addClass(AnnotationIocLoader.java:76) - Found @IocBean : class cn.wizzer.app.wx.modules.services.impl.WxTplListServiceImpl
[DEBUG] 2018-10-15 16:13:22,611 org.nutz.ioc.loader.annotation.AnnotationIocLoader.addClass(AnnotationIocLoader.java:76) - Found @IocBean : class cn.wizzer.app.wx.modules.services.impl.WxTplLogServiceImpl
[DEBUG] 2018-10-15 16:13:22,611 org.nutz.ioc.loader.annotation.AnnotationIocLoader.addClass(AnnotationIocLoader.java:76) - Found @IocBean : class cn.wizzer.app.wx.modules.services.impl.WxUserServiceImpl
[DEBUG] 2018-10-15 16:13:22,611 org.nutz.ioc.loader.annotation.AnnotationIocLoader.addClass(AnnotationIocLoader.java:76) - Found @IocBean : class cn.wizzer.test.SimpleTest
[DEBUG] 2018-10-15 16:13:22,612 org.nutz.resource.Scans.scan(Scans.java:274) - Found 0 resource by src( org/nutz/apidoc/ ) , regex( ^.+[.]class$ )
[INFO ] 2018-10-15 16:13:22,613 org.nutz.ioc.loader.annotation.AnnotationIocLoader.<init>(AnnotationIocLoader.java:52) - Found 204 classes in 2 base-packages!
beans = ["wxTplListController", "uploadController", "wxReplyTxtServiceImpl", "logisticsSendplanController", "baseJobServiceImpl", "dateUtil", "qrcodeService", "logisticsSendgoodsServiceImpl", "logisticsOrderentryController", "insLockController", "baseRowofficeentryServiceImpl", "cmsChannelServiceImpl", "insBaseinsServiceImpl", "orderExecute", "cmsArticleController", "basePostController", "baseAirmeterialServiceImpl", "basePersonController", "logisticsOrderplanServiceImpl", "cmsLinkClassController", "basePostServiceImpl", "baseRowofficeServiceImpl", "baseJobController", "baseRowofficeController", "wxReplyController", "insRepairController", "sysConfigServiceImpl", "basePersonpoolController", "baseVehicleController", "wxMsgServiceImpl", "wxPayBackController", "logisticsUnplanController", "mobileInsController", "sysTaskController", "sysBarcodeController", "insTransmitController", "sysDictServiceImpl", "wxConfigServiceImpl", "baseAirportServiceImpl", "apiTestController", "sysMenuController", "cmsSiteServiceImpl", "mobileSysController", "cmsLinkController", "insCommonController", "logisticsOrderplanentryServiceImpl", "insInstrumentController", "sysRegistauditServiceImpl", "insLockServiceImpl", "insOrderController", "wechatController", "wxMsgUserController", "sysDictController", "sysWxUserController", "logisticsDeliveryorderentryController", "basePersonServiceImpl", "insOrderentryServiceImpl", "insRepairtrackController", "insInstrumentServiceImpl", "logisticsSendapprovalServiceImpl", "logisticsOrderdeliveryController", "wxTplListServiceImpl", "tplService", "sysPluginServiceImpl", "insRfheadController", "logisticsSendgoodsController", "mobileBaseController", "baseCnctobjServiceImpl", "nutShiroMethodInterceptor", "insCabinetServiceImpl", "basePlaceServiceImpl", "baseVehicleServiceImpl", "cmsLinkClassServiceImpl", "sysHomeController", "insRfheadServiceImpl", "sysMobileController", "wxMassServiceImpl", "logisticsOrderentryServiceImpl", "logisticsSendplanServiceImpl", "logisticsOrderrejectServiceImpl", "wxHandler", "cmsChannelController", "wxController", "rabbitProducer", "sysTaskServiceImpl", "sysVersionController", "shiroUtil", "wxReplyTxtController", "sysPluginController", "logisticsSendtraceController", "sysApiServiceImpl", "logisticsEntourageServiceImpl", "sLogService", "baseAirportController", "sysApiController", "wxTplIdController", "insSpaceServiceImpl", "logisticsOrderController", "sysTempuserController", "sysUserController", "platformAuthorizingRealm", "testJob", "$aop_1_plugin", "sysRegistauditController", "wxReplyNewsServiceImpl", "insTransmitServiceImpl", "sysLoginController", "wxTplLogServiceImpl", "sysUserServiceImpl", "sysRoleServiceImpl", "sysRouteController", "idcardUtil", "basePlaceController", "sysWxDeptController", "logisticsOrderplanentryController", "userpermissionController", "sysWxServiceImpl", "cmsController", "logisticsSendtraceServiceImpl", "insOrderentryController", "logisticsSendapprovalController", "wxMenuController", "insOrderServiceImpl", "weixinController", "code128Util", "insRepairServiceImpl", "logisticsOrderplanController", "wxMsgReplyServiceImpl", "logisticsOrderdeliveryServiceImpl", "cmsArticleServiceImpl", "baseCnctobjController", "baseCustomerController", "insBaseinsController", "insRfidServiceImpl", "cookieUtil", "baseRowofficeentryController", "logisticsOrderstepServiceImpl", "wxReplyServiceImpl", "bdController", "redisIdGenerator", "insBaseinsSpaceServiceImpl", "cmsSiteController", "logisticsDeliveryorderServiceImpl", "insCabinetController", "logisticsOrderServiceImpl", "sysWxDeptServiceImpl", "sysWxController", "mobileOrderController", "sysRoleController", "logisticsEntourageController", "insCommonServiceImpl", "sysUnitController", "padInsController", "wxMassSendServiceImpl", "logisticsDeliveryorderController", "rSAUtil", "wxConfigController", "stringUtil", "baseCustomerServiceImpl", "basePersonpoolServiceImpl", "insBaseinsSpaceController", "wxUserServiceImpl", "insSpaceController", "sysTempuserServiceImpl", "baseWarehouseServiceImpl", "insToolcabinetController", "sysWxUserServiceImpl", "dynamicInterceptor", "sysLogController", "wxMassController", "emailService", "baseWarehouseController", "insToolcabinetServiceImpl", "wxMenuServiceImpl", "wxReplyNewsController", "baseDeptServiceImpl", "sysRouteServiceImpl", "insRepairtrackServiceImpl", "wxMassNewsServiceImpl", "baseAirmeterialController", "sysMenuServiceImpl", "sysMobileServiceImpl", "simpleTest", "logisticsOrderstepController", "sysLogServiceImpl", "logisticsUnplanServiceImpl", "wxTplIdServiceImpl", "logisticsDeliveryorderentryServiceImpl", "$aop_syslog", "padSysController", "baseDeptController", "logisticsOrderrejectController", "padOrderController", "sysBarcodeServiceImpl", "wxTplLogController", "wxUserController", "wxPayTestController", "tokenController", "sysVersionServiceImpl", "cmsLinkServiceImpl", "sysUnitServiceImpl", "insRfidController", "sysConfController", "pluginMaster"]
[DEBUG] 2018-10-15 16:13:22,613 org.nutz.ioc.loader.combo.ComboIocLoader.createIocLoader(ComboIocLoader.java:110) - found jedis -- org.nutz.integration.jedis.JedisIocLoader
[DEBUG] 2018-10-15 16:13:22,614 org.nutz.resource.Scans.scan(Scans.java:274) - Found 1 resource by src( org/nutz/integration/jedis/jedis.js ) , regex( ^(.+[.])(js|json)$ )
[DEBUG] 2018-10-15 16:13:22,614 org.nutz.ioc.loader.json.JsonLoader.<init>(JsonLoader.java:49) - loading [org/nutz/integration/jedis/jedis.js]
[DEBUG] 2018-10-15 16:13:22,614 org.nutz.ioc.loader.json.JsonLoader.<init>(JsonLoader.java:57) - Loaded 9 bean define from path=[org/nutz/integration/jedis/jedis.js] --> [redisService, jedisCluster, jedisClusterNodes, jedisClusterWrapper, pubSubService, jedisPoolConfig, jedisPool, jedisAgent, redis]
[DEBUG] 2018-10-15 16:13:22,615 org.nutz.ioc.loader.json.JsonLoader.<init>(JsonLoader.java:40) - Loaded 5 bean define from reader --
[txREPEATABLE_READ, txSERIALIZABLE, txNONE, txREAD_UNCOMMITTED, txREAD_COMMITTED]
[DEBUG] 2018-10-15 16:13:22,616 org.nutz.ioc.loader.combo.ComboIocLoader.createIocLoader(ComboIocLoader.java:110) - found quartz -- org.nutz.integration.quartz.QuartzIocLoader
[DEBUG] 2018-10-15 16:13:22,616 org.nutz.ioc.loader.json.JsonLoader.<init>(JsonLoader.java:57) - Loaded 0 bean define from path=[] --> []
[DEBUG] 2018-10-15 16:13:22,616 org.nutz.ioc.aop.SimpleAopMaker.<init>(SimpleAopMaker.java:79) - Load AopConfigure for anno=org.nutz.aop.interceptor.async.Async by type=org.nutz.aop.interceptor.async.AsyncAopIocLoader
[DEBUG] 2018-10-15 16:13:22,617 org.nutz.ioc.loader.combo.ComboIocLoader.createIocLoader(ComboIocLoader.java:110) - found rabbitmq -- org.nutz.integration.rabbitmq.RabbitmqIocLoader
[DEBUG] 2018-10-15 16:13:22,618 org.nutz.resource.Scans.scan(Scans.java:274) - Found 1 resource by src( org/nutz/integration/rabbitmq/rabbitmq.js ) , regex( ^(.+[.])(js|json)$ )
[DEBUG] 2018-10-15 16:13:22,618 org.nutz.ioc.loader.json.JsonLoader.<init>(JsonLoader.java:49) - loading [org/nutz/integration/rabbitmq/rabbitmq.js]
[DEBUG] 2018-10-15 16:13:22,618 org.nutz.ioc.loader.json.JsonLoader.<init>(JsonLoader.java:57) - Loaded 2 bean define from path=[org/nutz/integration/rabbitmq/rabbitmq.js] --> [rabbitmq, rabbitmq_cf]
[INFO ] 2018-10-15 16:13:22,618 org.nutz.ioc.impl.NutIoc.<init>(NutIoc.java:98) - NutIoc init begin ...
[INFO ] 2018-10-15 16:13:22,619 org.nutz.ioc.impl.NutIoc.<init>(NutIoc.java:115) - ... NutIoc init complete
[DEBUG] 2018-10-15 16:13:22,619 org.nutz.ioc.impl.NutIoc.get(NutIoc.java:151) - Get 'conf'<class org.nutz.ioc.impl.PropertiesProxy>
[DEBUG] 2018-10-15 16:13:22,619 org.nutz.ioc.impl.NutIoc.get(NutIoc.java:151) - Get '$aop_1_plugin'<interface org.nutz.ioc.aop.config.AopConfigration>
[DEBUG] 2018-10-15 16:13:22,619 org.nutz.ioc.impl.NutIoc.get(NutIoc.java:177) - 	 >> Load definition name=$aop_1_plugin
[DEBUG] 2018-10-15 16:13:22,619 org.nutz.ioc.loader.combo.ComboIocLoader.load(ComboIocLoader.java:161) - Found IocObject($aop_1_plugin) in AnnotationIocLoader(packages=[cn.wizzer, org.nutz.apidoc])
[DEBUG] 2018-10-15 16:13:22,619 org.nutz.ioc.impl.NutIoc.get(NutIoc.java:209) - 	 >> Make...'$aop_1_plugin'<interface org.nutz.ioc.aop.config.AopConfigration>
[DEBUG] 2018-10-15 16:13:22,619 org.nutz.ioc.impl.ScopeContext.save(ScopeContext.java:64) - Save object '$aop_1_plugin' to [app] 
[DEBUG] 2018-10-15 16:13:22,619 org.nutz.ioc.impl.NutIoc.get(NutIoc.java:151) - Get 'dynamicInterceptor'<class cn.wizzer.app.web.commons.plugin.DynamicInterceptor>
[DEBUG] 2018-10-15 16:13:22,620 org.nutz.ioc.impl.NutIoc.get(NutIoc.java:177) - 	 >> Load definition name=dynamicInterceptor
[DEBUG] 2018-10-15 16:13:22,620 org.nutz.ioc.loader.combo.ComboIocLoader.load(ComboIocLoader.java:161) - Found IocObject(dynamicInterceptor) in AnnotationIocLoader(packages=[cn.wizzer, org.nutz.apidoc])
[DEBUG] 2018-10-15 16:13:22,620 org.nutz.ioc.impl.NutIoc.get(NutIoc.java:209) - 	 >> Make...'dynamicInterceptor'<class cn.wizzer.app.web.commons.plugin.DynamicInterceptor>
[DEBUG] 2018-10-15 16:13:22,620 org.nutz.ioc.impl.ScopeContext.save(ScopeContext.java:64) - Save object 'dynamicInterceptor' to [app] 
[DEBUG] 2018-10-15 16:13:22,620 org.nutz.ioc.impl.NutIoc.get(NutIoc.java:151) - Get '$aop_async'<interface org.nutz.ioc.aop.config.AopConfigration>
[DEBUG] 2018-10-15 16:13:22,620 org.nutz.ioc.impl.NutIoc.get(NutIoc.java:177) - 	 >> Load definition name=$aop_async
[DEBUG] 2018-10-15 16:13:22,620 org.nutz.ioc.loader.combo.ComboIocLoader.load(ComboIocLoader.java:161) - Found IocObject($aop_async) in AsyncAopIocLoader@589311950
[DEBUG] 2018-10-15 16:13:22,620 org.nutz.ioc.impl.NutIoc.get(NutIoc.java:209) - 	 >> Make...'$aop_async'<interface org.nutz.ioc.aop.config.AopConfigration>
[DEBUG] 2018-10-15 16:13:22,620 org.nutz.ioc.impl.ScopeContext.save(ScopeContext.java:64) - Save object '$aop_async' to [app] 
[DEBUG] 2018-10-15 16:13:22,620 org.nutz.ioc.impl.NutIoc.get(NutIoc.java:151) - Get '$aop_syslog'<interface org.nutz.ioc.aop.config.AopConfigration>
[DEBUG] 2018-10-15 16:13:22,620 org.nutz.ioc.impl.NutIoc.get(NutIoc.java:177) - 	 >> Load definition name=$aop_syslog
[DEBUG] 2018-10-15 16:13:22,621 org.nutz.ioc.loader.combo.ComboIocLoader.load(ComboIocLoader.java:161) - Found IocObject($aop_syslog) in AnnotationIocLoader(packages=[cn.wizzer, org.nutz.apidoc])
[DEBUG] 2018-10-15 16:13:22,621 org.nutz.ioc.impl.NutIoc.get(NutIoc.java:209) - 	 >> Make...'$aop_syslog'<interface org.nutz.ioc.aop.config.AopConfigration>
[DEBUG] 2018-10-15 16:13:22,621 org.nutz.ioc.impl.ScopeContext.save(ScopeContext.java:64) - Save object '$aop_syslog' to [app] 
[DEBUG] 2018-10-15 16:13:22,621 org.nutz.ioc.aop.SimpleAopMaker.<init>(SimpleAopMaker.java:79) - Load AopConfigure for anno=cn.wizzer.app.web.commons.slog.annotation.SLog by type=cn.wizzer.app.web.commons.slog.SLogAopConfigration
[DEBUG] 2018-10-15 16:13:22,621 org.nutz.ioc.aop.SimpleAopMaker.<init>(SimpleAopMaker.java:79) - Load AopConfigure for anno=org.nutz.ioc.aop.Aop by type=org.nutz.ioc.aop.config.impl.AnnotationAopConfigration
[DEBUG] 2018-10-15 16:13:22,621 org.nutz.ioc.impl.NutIoc.get(NutIoc.java:177) - 	 >> Load definition name=conf
[DEBUG] 2018-10-15 16:13:22,621 org.nutz.ioc.loader.map.MapLoader.load(MapLoader.java:67) - Loading define for name=conf
[DEBUG] 2018-10-15 16:13:22,621 org.nutz.ioc.loader.combo.ComboIocLoader.load(ComboIocLoader.java:161) - Found IocObject(conf) in JsonLoader(paths=[config/ioc/])
[DEBUG] 2018-10-15 16:13:22,621 org.nutz.ioc.impl.NutIoc.get(NutIoc.java:209) - 	 >> Make...'conf'<class org.nutz.ioc.impl.PropertiesProxy>
[DEBUG] 2018-10-15 16:13:22,621 cn.wizzer.app.web.commons.plugin.PluginAopConfigure.getInterceptorPairList(PluginAopConfigure.java:33) - skip -- org.nutz.ioc.impl.PropertiesProxy
[DEBUG] 2018-10-15 16:13:22,621 org.nutz.ioc.aop.impl.DefaultMirrorFactory.getMirror(DefaultMirrorFactory.java:70) - Load class org.nutz.ioc.impl.PropertiesProxy without AOP
[DEBUG] 2018-10-15 16:13:22,622 org.nutz.ioc.impl.ScopeContext.save(ScopeContext.java:64) - Save object 'conf' to [app] 
[DEBUG] 2018-10-15 16:13:22,624 org.nutz.resource.Scans.scan(Scans.java:274) - Found 4 resource by src( config/custom/ ) , regex( ^.+[.]properties$ )
[DEBUG] 2018-10-15 16:13:22,625 org.nutz.ioc.impl.PropertiesProxy.setPaths(PropertiesProxy.java:113) - load properties from File[C:\Users\Administrator\IdeaProjects\XA-Instrument\wk-app\wk-web\target\classes\config\custom\db.properties]
[DEBUG] 2018-10-15 16:13:22,626 org.nutz.ioc.impl.PropertiesProxy.setPaths(PropertiesProxy.java:113) - load properties from File[C:\Users\Administrator\IdeaProjects\XA-Instrument\wk-app\wk-web\target\classes\config\custom\mail.properties]
[DEBUG] 2018-10-15 16:13:22,626 org.nutz.ioc.impl.PropertiesProxy.setPaths(PropertiesProxy.java:113) - load properties from File[C:\Users\Administrator\IdeaProjects\XA-Instrument\wk-app\wk-web\target\classes\config\custom\rabbit.properties]
[DEBUG] 2018-10-15 16:13:22,626 org.nutz.ioc.impl.PropertiesProxy.setPaths(PropertiesProxy.java:113) - load properties from File[C:\Users\Administrator\IdeaProjects\XA-Instrument\wk-app\wk-web\target\classes\config\custom\redis.properties]
[DEBUG] 2018-10-15 16:13:22,627 org.nutz.ioc.impl.NutIoc.get(NutIoc.java:151) - Get 'simpleTest'<class cn.wizzer.test.SimpleTest>
[DEBUG] 2018-10-15 16:13:22,627 org.nutz.ioc.impl.NutIoc.get(NutIoc.java:177) - 	 >> Load definition name=simpleTest
[DEBUG] 2018-10-15 16:13:22,627 org.nutz.ioc.loader.combo.ComboIocLoader.load(ComboIocLoader.java:161) - Found IocObject(simpleTest) in AnnotationIocLoader(packages=[cn.wizzer, org.nutz.apidoc])
[DEBUG] 2018-10-15 16:13:22,627 org.nutz.ioc.impl.NutIoc.get(NutIoc.java:209) - 	 >> Make...'simpleTest'<class cn.wizzer.test.SimpleTest>
[DEBUG] 2018-10-15 16:13:22,627 cn.wizzer.app.web.commons.plugin.PluginAopConfigure.getInterceptorPairList(PluginAopConfigure.java:33) - skip -- cn.wizzer.test.SimpleTest
[DEBUG] 2018-10-15 16:13:22,627 org.nutz.ioc.aop.impl.DefaultMirrorFactory.getMirror(DefaultMirrorFactory.java:70) - Load class cn.wizzer.test.SimpleTest without AOP
[DEBUG] 2018-10-15 16:13:22,627 org.nutz.ioc.impl.ScopeContext.save(ScopeContext.java:64) - Save object 'simpleTest' to [app] 
[DEBUG] 2018-10-15 16:13:22,629 org.nutz.ioc.impl.NutIoc.get(NutIoc.java:151) - Get 'dao'<interface org.nutz.dao.Dao>
[DEBUG] 2018-10-15 16:13:22,629 org.nutz.ioc.impl.NutIoc.get(NutIoc.java:177) - 	 >> Load definition name=dao
[DEBUG] 2018-10-15 16:13:22,629 org.nutz.ioc.loader.map.MapLoader.load(MapLoader.java:67) - Loading define for name=dao
[DEBUG] 2018-10-15 16:13:22,629 org.nutz.ioc.loader.combo.ComboIocLoader.load(ComboIocLoader.java:161) - Found IocObject(dao) in JsonLoader(paths=[config/ioc/])
[DEBUG] 2018-10-15 16:13:22,629 org.nutz.ioc.impl.NutIoc.get(NutIoc.java:209) - 	 >> Make...'dao'<interface org.nutz.dao.Dao>
[DEBUG] 2018-10-15 16:13:22,629 cn.wizzer.app.web.commons.plugin.PluginAopConfigure.getInterceptorPairList(PluginAopConfigure.java:33) - skip -- org.nutz.dao.impl.NutDao
[DEBUG] 2018-10-15 16:13:22,629 org.nutz.ioc.aop.impl.DefaultMirrorFactory.getMirror(DefaultMirrorFactory.java:70) - Load class org.nutz.dao.impl.NutDao without AOP
[DEBUG] 2018-10-15 16:13:22,630 org.nutz.ioc.impl.ScopeContext.save(ScopeContext.java:64) - Save object 'dao' to [app] 
[DEBUG] 2018-10-15 16:13:22,630 org.nutz.ioc.impl.NutIoc.get(NutIoc.java:151) - Get 'dataSource'<>
[DEBUG] 2018-10-15 16:13:22,630 org.nutz.ioc.impl.NutIoc.get(NutIoc.java:177) - 	 >> Load definition name=dataSource
[DEBUG] 2018-10-15 16:13:22,630 org.nutz.ioc.loader.map.MapLoader.load(MapLoader.java:67) - Loading define for name=dataSource
[DEBUG] 2018-10-15 16:13:22,630 org.nutz.ioc.loader.combo.ComboIocLoader.load(ComboIocLoader.java:161) - Found IocObject(dataSource) in JsonLoader(paths=[config/ioc/])
[DEBUG] 2018-10-15 16:13:22,630 org.nutz.ioc.impl.NutIoc.get(NutIoc.java:209) - 	 >> Make...'dataSource'<>
[DEBUG] 2018-10-15 16:13:22,630 cn.wizzer.app.web.commons.plugin.PluginAopConfigure.getInterceptorPairList(PluginAopConfigure.java:33) - skip -- com.alibaba.druid.pool.DruidDataSource
[DEBUG] 2018-10-15 16:13:22,630 org.nutz.ioc.aop.impl.DefaultMirrorFactory.getMirror(DefaultMirrorFactory.java:70) - Load class com.alibaba.druid.pool.DruidDataSource without AOP
[DEBUG] 2018-10-15 16:13:22,630 org.nutz.ioc.impl.ScopeContext.save(ScopeContext.java:64) - Save object 'dataSource' to [app] 
[DEBUG] 2018-10-15 16:13:22,630 org.nutz.ioc.impl.NutIoc.get(NutIoc.java:151) - Get 'conf'<>
[DEBUG] 2018-10-15 16:13:22,631 org.nutz.ioc.impl.ScopeContext.remove(ScopeContext.java:84) - Remove object 'dataSource' from [app] 
[DEBUG] 2018-10-15 16:13:22,631 org.nutz.ioc.impl.ScopeContext.remove(ScopeContext.java:84) - Remove object 'dao' from [app] 
[DEBUG] 2018-10-15 16:13:22,631 org.nutz.ioc.impl.ScopeContext.remove(ScopeContext.java:84) - Remove object 'simpleTest' from [app] 
]]></system-out>
  </testcase>
  <testcase name="testOrder25" classname="cn.wizzer.test.SimpleTest" time="0">
    <error message="IocBean[simpleTest] throw Exception when creating" type="org.nutz.ioc.IocException">org.nutz.ioc.IocException: IocBean[simpleTest] throw Exception when creating
Caused by: java.lang.RuntimeException: IocBean[simpleTest] fail at field=[dao]
Caused by: org.nutz.ioc.IocException: IocBean[dao -> dataSource] throw Exception when creating
Caused by: java.lang.IllegalArgumentException: Failed to decrypt.
Caused by: java.lang.IllegalArgumentException: String length must be a multiple of four.
</error>
    <system-out><![CDATA[[INFO ] 2018-10-15 16:13:22,632 org.nutz.ioc.impl.NutIoc.depose(NutIoc.java:255) - org.nutz.ioc.impl.NutIoc@2073640037 is closing. startup date [18-10-15 16:13:22.619]
[DEBUG] 2018-10-15 16:13:22,632 org.nutz.ioc.impl.ScopeContext.clear(ScopeContext.java:108) - Depose object 'conf' ...
[DEBUG] 2018-10-15 16:13:22,632 org.nutz.ioc.impl.ScopeContext.clear(ScopeContext.java:108) - Depose object '$aop_syslog' ...
[DEBUG] 2018-10-15 16:13:22,632 org.nutz.ioc.impl.ScopeContext.clear(ScopeContext.java:108) - Depose object '$aop_async' ...
[DEBUG] 2018-10-15 16:13:22,632 org.nutz.ioc.impl.ScopeContext.clear(ScopeContext.java:108) - Depose object 'dynamicInterceptor' ...
[DEBUG] 2018-10-15 16:13:22,632 org.nutz.ioc.impl.ScopeContext.clear(ScopeContext.java:108) - Depose object '$aop_1_plugin' ...
[INFO ] 2018-10-15 16:13:22,632 org.nutz.ioc.impl.NutIoc.depose(NutIoc.java:262) - org.nutz.ioc.impl.NutIoc@2073640037 is deposed. startup date [18-10-15 16:13:22.619]
[DEBUG] 2018-10-15 16:13:22,635 org.nutz.resource.Scans.scan(Scans.java:274) - Found 4 resource by src( config/ioc/ ) , regex( ^(.+[.])(js|json)$ )
[DEBUG] 2018-10-15 16:13:22,635 org.nutz.ioc.loader.json.JsonLoader.<init>(JsonLoader.java:49) - loading [dao.json]
[DEBUG] 2018-10-15 16:13:22,635 org.nutz.ioc.loader.json.JsonLoader.<init>(JsonLoader.java:49) - loading [ehcache.json]
[DEBUG] 2018-10-15 16:13:22,636 org.nutz.ioc.loader.json.JsonLoader.<init>(JsonLoader.java:49) - loading [mail.json]
[DEBUG] 2018-10-15 16:13:22,636 org.nutz.ioc.loader.json.JsonLoader.<init>(JsonLoader.java:49) - loading [upload.json]
[DEBUG] 2018-10-15 16:13:22,636 org.nutz.ioc.loader.json.JsonLoader.<init>(JsonLoader.java:57) - Loaded 15 bean define from path=[config/ioc/] --> [videoUpload, conf, uploadVideoContext, imageUpload, fileUpload, cacheManager, dao, cacheProvider, emailAuthenticator, uploadFileContext, htmlEmail, cacheExecutor, tmpFilePool, uploadImageContext, dataSource]
[DEBUG] 2018-10-15 16:13:22,782 org.nutz.resource.Scans.scan(Scans.java:274) - Found 452 resource by src( cn/wizzer/ ) , regex( ^.+[.]class$ )
[DEBUG] 2018-10-15 16:13:22,784 org.nutz.ioc.loader.annotation.AnnotationIocLoader.addClass(AnnotationIocLoader.java:76) - Found @IocBean : class cn.wizzer.framework.util.StringUtil
[DEBUG] 2018-10-15 16:13:22,784 org.nutz.ioc.loader.annotation.AnnotationIocLoader.addClass(AnnotationIocLoader.java:76) - Found @IocBean : class cn.wizzer.framework.util.CookieUtil
[DEBUG] 2018-10-15 16:13:22,784 org.nutz.ioc.loader.annotation.AnnotationIocLoader.addClass(AnnotationIocLoader.java:76) - Found @IocBean : class cn.wizzer.framework.ig.RedisIdGenerator
[DEBUG] 2018-10-15 16:13:22,784 org.nutz.ioc.loader.annotation.AnnotationIocLoader.addClass(AnnotationIocLoader.java:76) - Found @IocBean : class cn.wizzer.framework.util.DateUtil
[DEBUG] 2018-10-15 16:13:22,784 org.nutz.ioc.loader.annotation.AnnotationIocLoader.addClass(AnnotationIocLoader.java:76) - Found @IocBean : class cn.wizzer.framework.shiro.interceptor.NutShiroMethodInterceptor
[DEBUG] 2018-10-15 16:13:22,784 org.nutz.ioc.loader.annotation.AnnotationIocLoader.addClass(AnnotationIocLoader.java:76) - Found @IocBean : class cn.wizzer.framework.util.IdcardUtil
[DEBUG] 2018-10-15 16:13:22,784 org.nutz.ioc.loader.annotation.AnnotationIocLoader.addClass(AnnotationIocLoader.java:76) - Found @IocBean : class cn.wizzer.framework.rabbit.RabbitProducer
[DEBUG] 2018-10-15 16:13:22,784 org.nutz.ioc.loader.annotation.AnnotationIocLoader.addClass(AnnotationIocLoader.java:76) - Found @IocBean : class cn.wizzer.framework.util.RSAUtil
[DEBUG] 2018-10-15 16:13:22,784 org.nutz.ioc.loader.annotation.AnnotationIocLoader.addClass(AnnotationIocLoader.java:76) - Found @IocBean : class cn.wizzer.framework.util.ShiroUtil
[DEBUG] 2018-10-15 16:13:22,785 org.nutz.ioc.loader.annotation.AnnotationIocLoader.addClass(AnnotationIocLoader.java:76) - Found @IocBean : class cn.wizzer.framework.util.Code128Util
[DEBUG] 2018-10-15 16:13:22,785 org.nutz.ioc.loader.annotation.AnnotationIocLoader.addClass(AnnotationIocLoader.java:76) - Found @IocBean : class cn.wizzer.app.base.modules.services.impl.BaseAirmeterialServiceImpl
[DEBUG] 2018-10-15 16:13:22,785 org.nutz.ioc.loader.annotation.AnnotationIocLoader.addClass(AnnotationIocLoader.java:76) - Found @IocBean : class cn.wizzer.app.base.modules.services.impl.BaseAirportServiceImpl
[DEBUG] 2018-10-15 16:13:22,785 org.nutz.ioc.loader.annotation.AnnotationIocLoader.addClass(AnnotationIocLoader.java:76) - Found @IocBean : class cn.wizzer.app.base.modules.services.impl.BaseCnctobjServiceImpl
[DEBUG] 2018-10-15 16:13:22,785 org.nutz.ioc.loader.annotation.AnnotationIocLoader.addClass(AnnotationIocLoader.java:76) - Found @IocBean : class cn.wizzer.app.base.modules.services.impl.BaseCustomerServiceImpl
[DEBUG] 2018-10-15 16:13:22,785 org.nutz.ioc.loader.annotation.AnnotationIocLoader.addClass(AnnotationIocLoader.java:76) - Found @IocBean : class cn.wizzer.app.base.modules.services.impl.BaseDeptServiceImpl
[DEBUG] 2018-10-15 16:13:22,785 org.nutz.ioc.loader.annotation.AnnotationIocLoader.addClass(AnnotationIocLoader.java:76) - Found @IocBean : class cn.wizzer.app.base.modules.services.impl.BaseJobServiceImpl
[DEBUG] 2018-10-15 16:13:22,785 org.nutz.ioc.loader.annotation.AnnotationIocLoader.addClass(AnnotationIocLoader.java:76) - Found @IocBean : class cn.wizzer.app.base.modules.services.impl.BasePersonpoolServiceImpl
[DEBUG] 2018-10-15 16:13:22,785 org.nutz.ioc.loader.annotation.AnnotationIocLoader.addClass(AnnotationIocLoader.java:76) - Found @IocBean : class cn.wizzer.app.base.modules.services.impl.BasePersonServiceImpl
[DEBUG] 2018-10-15 16:13:22,785 org.nutz.ioc.loader.annotation.AnnotationIocLoader.addClass(AnnotationIocLoader.java:76) - Found @IocBean : class cn.wizzer.app.base.modules.services.impl.BasePlaceServiceImpl
[DEBUG] 2018-10-15 16:13:22,785 org.nutz.ioc.loader.annotation.AnnotationIocLoader.addClass(AnnotationIocLoader.java:76) - Found @IocBean : class cn.wizzer.app.base.modules.services.impl.BasePostServiceImpl
[DEBUG] 2018-10-15 16:13:22,786 org.nutz.ioc.loader.annotation.AnnotationIocLoader.addClass(AnnotationIocLoader.java:76) - Found @IocBean : class cn.wizzer.app.base.modules.services.impl.BaseRowofficeentryServiceImpl
[DEBUG] 2018-10-15 16:13:22,786 org.nutz.ioc.loader.annotation.AnnotationIocLoader.addClass(AnnotationIocLoader.java:76) - Found @IocBean : class cn.wizzer.app.base.modules.services.impl.BaseRowofficeServiceImpl
[DEBUG] 2018-10-15 16:13:22,786 org.nutz.ioc.loader.annotation.AnnotationIocLoader.addClass(AnnotationIocLoader.java:76) - Found @IocBean : class cn.wizzer.app.base.modules.services.impl.BaseVehicleServiceImpl
[DEBUG] 2018-10-15 16:13:22,786 org.nutz.ioc.loader.annotation.AnnotationIocLoader.addClass(AnnotationIocLoader.java:76) - Found @IocBean : class cn.wizzer.app.base.modules.services.impl.BaseWarehouseServiceImpl
[DEBUG] 2018-10-15 16:13:22,786 org.nutz.ioc.loader.annotation.AnnotationIocLoader.addClass(AnnotationIocLoader.java:76) - Found @IocBean : class cn.wizzer.app.cms.modules.services.impl.CmsArticleServiceImpl
[DEBUG] 2018-10-15 16:13:22,786 org.nutz.ioc.loader.annotation.AnnotationIocLoader.addClass(AnnotationIocLoader.java:76) - Found @IocBean : class cn.wizzer.app.cms.modules.services.impl.CmsChannelServiceImpl
[DEBUG] 2018-10-15 16:13:22,786 org.nutz.ioc.loader.annotation.AnnotationIocLoader.addClass(AnnotationIocLoader.java:76) - Found @IocBean : class cn.wizzer.app.cms.modules.services.impl.CmsLinkClassServiceImpl
[DEBUG] 2018-10-15 16:13:22,786 org.nutz.ioc.loader.annotation.AnnotationIocLoader.addClass(AnnotationIocLoader.java:76) - Found @IocBean : class cn.wizzer.app.cms.modules.services.impl.CmsLinkServiceImpl
[DEBUG] 2018-10-15 16:13:22,786 org.nutz.ioc.loader.annotation.AnnotationIocLoader.addClass(AnnotationIocLoader.java:76) - Found @IocBean : class cn.wizzer.app.cms.modules.services.impl.CmsSiteServiceImpl
[DEBUG] 2018-10-15 16:13:22,786 org.nutz.ioc.loader.annotation.AnnotationIocLoader.addClass(AnnotationIocLoader.java:76) - Found @IocBean : class cn.wizzer.app.ins.modules.services.impl.InsBaseinsServiceImpl
[DEBUG] 2018-10-15 16:13:22,786 org.nutz.ioc.loader.annotation.AnnotationIocLoader.addClass(AnnotationIocLoader.java:76) - Found @IocBean : class cn.wizzer.app.ins.modules.services.impl.InsBaseinsSpaceServiceImpl
[DEBUG] 2018-10-15 16:13:22,786 org.nutz.ioc.loader.annotation.AnnotationIocLoader.addClass(AnnotationIocLoader.java:76) - Found @IocBean : class cn.wizzer.app.ins.modules.services.impl.InsCabinetServiceImpl
[DEBUG] 2018-10-15 16:13:22,787 org.nutz.ioc.loader.annotation.AnnotationIocLoader.addClass(AnnotationIocLoader.java:76) - Found @IocBean : class cn.wizzer.app.ins.modules.services.impl.InsCommonServiceImpl
[DEBUG] 2018-10-15 16:13:22,787 org.nutz.ioc.loader.annotation.AnnotationIocLoader.addClass(AnnotationIocLoader.java:76) - Found @IocBean : class cn.wizzer.app.ins.modules.services.impl.InsInstrumentServiceImpl
[DEBUG] 2018-10-15 16:13:22,787 org.nutz.ioc.loader.annotation.AnnotationIocLoader.addClass(AnnotationIocLoader.java:76) - Found @IocBean : class cn.wizzer.app.ins.modules.services.impl.InsLockServiceImpl
[DEBUG] 2018-10-15 16:13:22,787 org.nutz.ioc.loader.annotation.AnnotationIocLoader.addClass(AnnotationIocLoader.java:76) - Found @IocBean : class cn.wizzer.app.ins.modules.services.impl.InsOrderentryServiceImpl
[DEBUG] 2018-10-15 16:13:22,787 org.nutz.ioc.loader.annotation.AnnotationIocLoader.addClass(AnnotationIocLoader.java:76) - Found @IocBean : class cn.wizzer.app.ins.modules.services.impl.InsOrderServiceImpl
[DEBUG] 2018-10-15 16:13:22,787 org.nutz.ioc.loader.annotation.AnnotationIocLoader.addClass(AnnotationIocLoader.java:76) - Found @IocBean : class cn.wizzer.app.ins.modules.services.impl.InsRepairServiceImpl
[DEBUG] 2018-10-15 16:13:22,787 org.nutz.ioc.loader.annotation.AnnotationIocLoader.addClass(AnnotationIocLoader.java:76) - Found @IocBean : class cn.wizzer.app.ins.modules.services.impl.InsRepairtrackServiceImpl
[DEBUG] 2018-10-15 16:13:22,787 org.nutz.ioc.loader.annotation.AnnotationIocLoader.addClass(AnnotationIocLoader.java:76) - Found @IocBean : class cn.wizzer.app.ins.modules.services.impl.InsRfheadServiceImpl
[DEBUG] 2018-10-15 16:13:22,787 org.nutz.ioc.loader.annotation.AnnotationIocLoader.addClass(AnnotationIocLoader.java:76) - Found @IocBean : class cn.wizzer.app.ins.modules.services.impl.InsRfidServiceImpl
[DEBUG] 2018-10-15 16:13:22,787 org.nutz.ioc.loader.annotation.AnnotationIocLoader.addClass(AnnotationIocLoader.java:76) - Found @IocBean : class cn.wizzer.app.ins.modules.services.impl.InsSpaceServiceImpl
[DEBUG] 2018-10-15 16:13:22,787 org.nutz.ioc.loader.annotation.AnnotationIocLoader.addClass(AnnotationIocLoader.java:76) - Found @IocBean : class cn.wizzer.app.ins.modules.services.impl.InsToolcabinetServiceImpl
[DEBUG] 2018-10-15 16:13:22,788 org.nutz.ioc.loader.annotation.AnnotationIocLoader.addClass(AnnotationIocLoader.java:76) - Found @IocBean : class cn.wizzer.app.ins.modules.services.impl.InsTransmitServiceImpl
[DEBUG] 2018-10-15 16:13:22,788 org.nutz.ioc.loader.annotation.AnnotationIocLoader.addClass(AnnotationIocLoader.java:76) - Found @IocBean : class cn.wizzer.app.logistics.modules.services.impl.LogisticsDeliveryorderentryServiceImpl
[DEBUG] 2018-10-15 16:13:22,788 org.nutz.ioc.loader.annotation.AnnotationIocLoader.addClass(AnnotationIocLoader.java:76) - Found @IocBean : class cn.wizzer.app.logistics.modules.services.impl.LogisticsDeliveryorderServiceImpl
[DEBUG] 2018-10-15 16:13:22,788 org.nutz.ioc.loader.annotation.AnnotationIocLoader.addClass(AnnotationIocLoader.java:76) - Found @IocBean : class cn.wizzer.app.logistics.modules.services.impl.LogisticsEntourageServiceImpl
[DEBUG] 2018-10-15 16:13:22,788 org.nutz.ioc.loader.annotation.AnnotationIocLoader.addClass(AnnotationIocLoader.java:76) - Found @IocBean : class cn.wizzer.app.logistics.modules.services.impl.LogisticsOrderdeliveryServiceImpl
[DEBUG] 2018-10-15 16:13:22,788 org.nutz.ioc.loader.annotation.AnnotationIocLoader.addClass(AnnotationIocLoader.java:76) - Found @IocBean : class cn.wizzer.app.logistics.modules.services.impl.LogisticsOrderentryServiceImpl
[DEBUG] 2018-10-15 16:13:22,788 org.nutz.ioc.loader.annotation.AnnotationIocLoader.addClass(AnnotationIocLoader.java:76) - Found @IocBean : class cn.wizzer.app.logistics.modules.services.impl.LogisticsOrderplanentryServiceImpl
[DEBUG] 2018-10-15 16:13:22,788 org.nutz.ioc.loader.annotation.AnnotationIocLoader.addClass(AnnotationIocLoader.java:76) - Found @IocBean : class cn.wizzer.app.logistics.modules.services.impl.LogisticsOrderplanServiceImpl
[DEBUG] 2018-10-15 16:13:22,788 org.nutz.ioc.loader.annotation.AnnotationIocLoader.addClass(AnnotationIocLoader.java:76) - Found @IocBean : class cn.wizzer.app.logistics.modules.services.impl.LogisticsOrderrejectServiceImpl
[DEBUG] 2018-10-15 16:13:22,788 org.nutz.ioc.loader.annotation.AnnotationIocLoader.addClass(AnnotationIocLoader.java:76) - Found @IocBean : class cn.wizzer.app.logistics.modules.services.impl.LogisticsOrderServiceImpl
[DEBUG] 2018-10-15 16:13:22,788 org.nutz.ioc.loader.annotation.AnnotationIocLoader.addClass(AnnotationIocLoader.java:76) - Found @IocBean : class cn.wizzer.app.logistics.modules.services.impl.LogisticsOrderstepServiceImpl
[DEBUG] 2018-10-15 16:13:22,788 org.nutz.ioc.loader.annotation.AnnotationIocLoader.addClass(AnnotationIocLoader.java:76) - Found @IocBean : class cn.wizzer.app.logistics.modules.services.impl.LogisticsSendapprovalServiceImpl
[DEBUG] 2018-10-15 16:13:22,788 org.nutz.ioc.loader.annotation.AnnotationIocLoader.addClass(AnnotationIocLoader.java:76) - Found @IocBean : class cn.wizzer.app.logistics.modules.services.impl.LogisticsSendgoodsServiceImpl
[DEBUG] 2018-10-15 16:13:22,789 org.nutz.ioc.loader.annotation.AnnotationIocLoader.addClass(AnnotationIocLoader.java:76) - Found @IocBean : class cn.wizzer.app.logistics.modules.services.impl.LogisticsSendplanServiceImpl
[DEBUG] 2018-10-15 16:13:22,789 org.nutz.ioc.loader.annotation.AnnotationIocLoader.addClass(AnnotationIocLoader.java:76) - Found @IocBean : class cn.wizzer.app.logistics.modules.services.impl.LogisticsSendtraceServiceImpl
[DEBUG] 2018-10-15 16:13:22,789 org.nutz.ioc.loader.annotation.AnnotationIocLoader.addClass(AnnotationIocLoader.java:76) - Found @IocBean : class cn.wizzer.app.logistics.modules.services.impl.LogisticsUnplanServiceImpl
[DEBUG] 2018-10-15 16:13:22,789 org.nutz.ioc.loader.annotation.AnnotationIocLoader.addClass(AnnotationIocLoader.java:76) - Found @IocBean : class cn.wizzer.app.sys.modules.services.impl.SysApiServiceImpl
[DEBUG] 2018-10-15 16:13:22,789 org.nutz.ioc.loader.annotation.AnnotationIocLoader.addClass(AnnotationIocLoader.java:76) - Found @IocBean : class cn.wizzer.app.sys.modules.services.impl.SysBarcodeServiceImpl
[DEBUG] 2018-10-15 16:13:22,789 org.nutz.ioc.loader.annotation.AnnotationIocLoader.addClass(AnnotationIocLoader.java:76) - Found @IocBean : class cn.wizzer.app.sys.modules.services.impl.SysConfigServiceImpl
[DEBUG] 2018-10-15 16:13:22,789 org.nutz.ioc.loader.annotation.AnnotationIocLoader.addClass(AnnotationIocLoader.java:76) - Found @IocBean : class cn.wizzer.app.sys.modules.services.impl.SysDictServiceImpl
[DEBUG] 2018-10-15 16:13:22,789 org.nutz.ioc.loader.annotation.AnnotationIocLoader.addClass(AnnotationIocLoader.java:76) - Found @IocBean : class cn.wizzer.app.sys.modules.services.impl.SysLogServiceImpl
[DEBUG] 2018-10-15 16:13:22,789 org.nutz.ioc.loader.annotation.AnnotationIocLoader.addClass(AnnotationIocLoader.java:76) - Found @IocBean : class cn.wizzer.app.sys.modules.services.impl.SysMenuServiceImpl
[DEBUG] 2018-10-15 16:13:22,789 org.nutz.ioc.loader.annotation.AnnotationIocLoader.addClass(AnnotationIocLoader.java:76) - Found @IocBean : class cn.wizzer.app.sys.modules.services.impl.SysMobileServiceImpl
[DEBUG] 2018-10-15 16:13:22,789 org.nutz.ioc.loader.annotation.AnnotationIocLoader.addClass(AnnotationIocLoader.java:76) - Found @IocBean : class cn.wizzer.app.sys.modules.services.impl.SysPluginServiceImpl
[DEBUG] 2018-10-15 16:13:22,789 org.nutz.ioc.loader.annotation.AnnotationIocLoader.addClass(AnnotationIocLoader.java:76) - Found @IocBean : class cn.wizzer.app.sys.modules.services.impl.SysRegistauditServiceImpl
[DEBUG] 2018-10-15 16:13:22,789 org.nutz.ioc.loader.annotation.AnnotationIocLoader.addClass(AnnotationIocLoader.java:76) - Found @IocBean : class cn.wizzer.app.sys.modules.services.impl.SysRoleServiceImpl
[DEBUG] 2018-10-15 16:13:22,789 org.nutz.ioc.loader.annotation.AnnotationIocLoader.addClass(AnnotationIocLoader.java:76) - Found @IocBean : class cn.wizzer.app.sys.modules.services.impl.SysRouteServiceImpl
[DEBUG] 2018-10-15 16:13:22,790 org.nutz.ioc.loader.annotation.AnnotationIocLoader.addClass(AnnotationIocLoader.java:76) - Found @IocBean : class cn.wizzer.app.sys.modules.services.impl.SysTaskServiceImpl
[DEBUG] 2018-10-15 16:13:22,790 org.nutz.ioc.loader.annotation.AnnotationIocLoader.addClass(AnnotationIocLoader.java:76) - Found @IocBean : class cn.wizzer.app.sys.modules.services.impl.SysTempuserServiceImpl
[DEBUG] 2018-10-15 16:13:22,790 org.nutz.ioc.loader.annotation.AnnotationIocLoader.addClass(AnnotationIocLoader.java:76) - Found @IocBean : class cn.wizzer.app.sys.modules.services.impl.SysUnitServiceImpl
[DEBUG] 2018-10-15 16:13:22,790 org.nutz.ioc.loader.annotation.AnnotationIocLoader.addClass(AnnotationIocLoader.java:76) - Found @IocBean : class cn.wizzer.app.sys.modules.services.impl.SysUserServiceImpl
[DEBUG] 2018-10-15 16:13:22,790 org.nutz.ioc.loader.annotation.AnnotationIocLoader.addClass(AnnotationIocLoader.java:76) - Found @IocBean : class cn.wizzer.app.sys.modules.services.impl.SysVersionServiceImpl
[DEBUG] 2018-10-15 16:13:22,790 org.nutz.ioc.loader.annotation.AnnotationIocLoader.addClass(AnnotationIocLoader.java:76) - Found @IocBean : class cn.wizzer.app.sys.modules.services.impl.SysWxDeptServiceImpl
[DEBUG] 2018-10-15 16:13:22,790 org.nutz.ioc.loader.annotation.AnnotationIocLoader.addClass(AnnotationIocLoader.java:76) - Found @IocBean : class cn.wizzer.app.sys.modules.services.impl.SysWxServiceImpl
[DEBUG] 2018-10-15 16:13:22,790 org.nutz.ioc.loader.annotation.AnnotationIocLoader.addClass(AnnotationIocLoader.java:76) - Found @IocBean : class cn.wizzer.app.sys.modules.services.impl.SysWxUserServiceImpl
[DEBUG] 2018-10-15 16:13:22,790 org.nutz.ioc.loader.annotation.AnnotationIocLoader.addClass(AnnotationIocLoader.java:76) - Found @IocBean : class cn.wizzer.app.web.commons.plugin.DynamicInterceptor
[DEBUG] 2018-10-15 16:13:22,790 org.nutz.ioc.loader.annotation.AnnotationIocLoader.addClass(AnnotationIocLoader.java:76) - Found @IocBean : class cn.wizzer.app.web.commons.plugin.PluginAopConfigure
[DEBUG] 2018-10-15 16:13:22,790 org.nutz.ioc.loader.annotation.AnnotationIocLoader.addClass(AnnotationIocLoader.java:76) - Found @IocBean : class cn.wizzer.app.web.commons.plugin.PluginMaster
[DEBUG] 2018-10-15 16:13:22,790 org.nutz.ioc.loader.annotation.AnnotationIocLoader.addClass(AnnotationIocLoader.java:76) - Found @IocBean : class cn.wizzer.app.web.commons.quartz.job.orderExecute
[DEBUG] 2018-10-15 16:13:22,790 org.nutz.ioc.loader.annotation.AnnotationIocLoader.addClass(AnnotationIocLoader.java:76) - Found @IocBean : class cn.wizzer.app.web.commons.quartz.job.TestJob
[DEBUG] 2018-10-15 16:13:22,790 org.nutz.ioc.loader.annotation.AnnotationIocLoader.addClass(AnnotationIocLoader.java:76) - Found @IocBean : class cn.wizzer.app.web.commons.services.email.EmailService
[DEBUG] 2018-10-15 16:13:22,790 org.nutz.ioc.loader.annotation.AnnotationIocLoader.addClass(AnnotationIocLoader.java:76) - Found @IocBean : class cn.wizzer.app.web.commons.services.qrcode.QrcodeService
[DEBUG] 2018-10-15 16:13:22,791 org.nutz.ioc.loader.annotation.AnnotationIocLoader.addClass(AnnotationIocLoader.java:76) - Found @IocBean : class cn.wizzer.app.web.commons.services.wx.TplService
[DEBUG] 2018-10-15 16:13:22,791 org.nutz.ioc.loader.annotation.AnnotationIocLoader.addClass(AnnotationIocLoader.java:76) - Found @IocBean : class cn.wizzer.app.web.commons.services.wx.WxHandler
[DEBUG] 2018-10-15 16:13:22,791 org.nutz.ioc.loader.annotation.AnnotationIocLoader.addClass(AnnotationIocLoader.java:76) - Found @IocBean : class cn.wizzer.app.web.commons.shiro.realm.PlatformAuthorizingRealm
[DEBUG] 2018-10-15 16:13:22,791 org.nutz.ioc.loader.annotation.AnnotationIocLoader.addClass(AnnotationIocLoader.java:76) - Found @IocBean : class cn.wizzer.app.web.commons.slog.SLogAopConfigration
[DEBUG] 2018-10-15 16:13:22,791 org.nutz.ioc.loader.annotation.AnnotationIocLoader.addClass(AnnotationIocLoader.java:76) - Found @IocBean : class cn.wizzer.app.web.commons.slog.SLogService
[DEBUG] 2018-10-15 16:13:22,791 org.nutz.ioc.loader.annotation.AnnotationIocLoader.addClass(AnnotationIocLoader.java:76) - Found @IocBean : class cn.wizzer.app.web.modules.controllers.front.wx.CmsController
[DEBUG] 2018-10-15 16:13:22,791 org.nutz.ioc.loader.annotation.AnnotationIocLoader.addClass(AnnotationIocLoader.java:76) - Found @IocBean : class cn.wizzer.app.web.modules.controllers.front.wx.WechatController
[DEBUG] 2018-10-15 16:13:22,791 org.nutz.ioc.loader.annotation.AnnotationIocLoader.addClass(AnnotationIocLoader.java:76) - Found @IocBean : class cn.wizzer.app.web.modules.controllers.open.api.mobile.MobileBaseController
[DEBUG] 2018-10-15 16:13:22,791 org.nutz.ioc.loader.annotation.AnnotationIocLoader.addClass(AnnotationIocLoader.java:76) - Found @IocBean : class cn.wizzer.app.web.modules.controllers.open.api.mobile.MobileInsController
[DEBUG] 2018-10-15 16:13:22,791 org.nutz.ioc.loader.annotation.AnnotationIocLoader.addClass(AnnotationIocLoader.java:76) - Found @IocBean : class cn.wizzer.app.web.modules.controllers.open.api.mobile.MobileOrderController
[DEBUG] 2018-10-15 16:13:22,791 org.nutz.ioc.loader.annotation.AnnotationIocLoader.addClass(AnnotationIocLoader.java:76) - Found @IocBean : class cn.wizzer.app.web.modules.controllers.open.api.mobile.MobileSysController
[DEBUG] 2018-10-15 16:13:22,791 org.nutz.ioc.loader.annotation.AnnotationIocLoader.addClass(AnnotationIocLoader.java:76) - Found @IocBean : class cn.wizzer.app.web.modules.controllers.open.api.pad.PadInsController
[DEBUG] 2018-10-15 16:13:22,791 org.nutz.ioc.loader.annotation.AnnotationIocLoader.addClass(AnnotationIocLoader.java:76) - Found @IocBean : class cn.wizzer.app.web.modules.controllers.open.api.pad.PadOrderController
[DEBUG] 2018-10-15 16:13:22,792 org.nutz.ioc.loader.annotation.AnnotationIocLoader.addClass(AnnotationIocLoader.java:76) - Found @IocBean : class cn.wizzer.app.web.modules.controllers.open.api.pad.PadSysController
[DEBUG] 2018-10-15 16:13:22,792 org.nutz.ioc.loader.annotation.AnnotationIocLoader.addClass(AnnotationIocLoader.java:76) - Found @IocBean : class cn.wizzer.app.web.modules.controllers.open.api.test.ApiTestController
[DEBUG] 2018-10-15 16:13:22,792 org.nutz.ioc.loader.annotation.AnnotationIocLoader.addClass(AnnotationIocLoader.java:76) - Found @IocBean : class cn.wizzer.app.web.modules.controllers.open.api.token.TokenController
[DEBUG] 2018-10-15 16:13:22,792 org.nutz.ioc.loader.annotation.AnnotationIocLoader.addClass(AnnotationIocLoader.java:76) - Found @IocBean : class cn.wizzer.app.web.modules.controllers.open.api.userpermission.UserpermissionController
[DEBUG] 2018-10-15 16:13:22,792 org.nutz.ioc.loader.annotation.AnnotationIocLoader.addClass(AnnotationIocLoader.java:76) - Found @IocBean : class cn.wizzer.app.web.modules.controllers.open.file.UploadController
[DEBUG] 2018-10-15 16:13:22,792 org.nutz.ioc.loader.annotation.AnnotationIocLoader.addClass(AnnotationIocLoader.java:76) - Found @IocBean : class cn.wizzer.app.web.modules.controllers.open.pay.WxPayBackController
[DEBUG] 2018-10-15 16:13:22,792 org.nutz.ioc.loader.annotation.AnnotationIocLoader.addClass(AnnotationIocLoader.java:76) - Found @IocBean : class cn.wizzer.app.web.modules.controllers.open.ueditor.BdController
[DEBUG] 2018-10-15 16:13:22,792 org.nutz.ioc.loader.annotation.AnnotationIocLoader.addClass(AnnotationIocLoader.java:76) - Found @IocBean : class cn.wizzer.app.web.modules.controllers.open.ueditor.WxController
[DEBUG] 2018-10-15 16:13:22,792 org.nutz.ioc.loader.annotation.AnnotationIocLoader.addClass(AnnotationIocLoader.java:76) - Found @IocBean : class cn.wizzer.app.web.modules.controllers.open.wx.WeixinController
[DEBUG] 2018-10-15 16:13:22,792 org.nutz.ioc.loader.annotation.AnnotationIocLoader.addClass(AnnotationIocLoader.java:76) - Found @IocBean : class cn.wizzer.app.web.modules.controllers.platform.base.BaseAirmeterialController
[DEBUG] 2018-10-15 16:13:22,792 org.nutz.ioc.loader.annotation.AnnotationIocLoader.addClass(AnnotationIocLoader.java:76) - Found @IocBean : class cn.wizzer.app.web.modules.controllers.platform.base.BaseAirportController
[DEBUG] 2018-10-15 16:13:22,792 org.nutz.ioc.loader.annotation.AnnotationIocLoader.addClass(AnnotationIocLoader.java:76) - Found @IocBean : class cn.wizzer.app.web.modules.controllers.platform.base.BaseCnctobjController
[DEBUG] 2018-10-15 16:13:22,792 org.nutz.ioc.loader.annotation.AnnotationIocLoader.addClass(AnnotationIocLoader.java:76) - Found @IocBean : class cn.wizzer.app.web.modules.controllers.platform.base.BaseCustomerController
[DEBUG] 2018-10-15 16:13:22,792 org.nutz.ioc.loader.annotation.AnnotationIocLoader.addClass(AnnotationIocLoader.java:76) - Found @IocBean : class cn.wizzer.app.web.modules.controllers.platform.base.BaseDeptController
[DEBUG] 2018-10-15 16:13:22,792 org.nutz.ioc.loader.annotation.AnnotationIocLoader.addClass(AnnotationIocLoader.java:76) - Found @IocBean : class cn.wizzer.app.web.modules.controllers.platform.base.BaseJobController
[DEBUG] 2018-10-15 16:13:22,793 org.nutz.ioc.loader.annotation.AnnotationIocLoader.addClass(AnnotationIocLoader.java:76) - Found @IocBean : class cn.wizzer.app.web.modules.controllers.platform.base.BasePersonController
[DEBUG] 2018-10-15 16:13:22,793 org.nutz.ioc.loader.annotation.AnnotationIocLoader.addClass(AnnotationIocLoader.java:76) - Found @IocBean : class cn.wizzer.app.web.modules.controllers.platform.base.BasePersonpoolController
[DEBUG] 2018-10-15 16:13:22,793 org.nutz.ioc.loader.annotation.AnnotationIocLoader.addClass(AnnotationIocLoader.java:76) - Found @IocBean : class cn.wizzer.app.web.modules.controllers.platform.base.BasePlaceController
[DEBUG] 2018-10-15 16:13:22,793 org.nutz.ioc.loader.annotation.AnnotationIocLoader.addClass(AnnotationIocLoader.java:76) - Found @IocBean : class cn.wizzer.app.web.modules.controllers.platform.base.BasePostController
[DEBUG] 2018-10-15 16:13:22,793 org.nutz.ioc.loader.annotation.AnnotationIocLoader.addClass(AnnotationIocLoader.java:76) - Found @IocBean : class cn.wizzer.app.web.modules.controllers.platform.base.BaseRowofficeController
[DEBUG] 2018-10-15 16:13:22,793 org.nutz.ioc.loader.annotation.AnnotationIocLoader.addClass(AnnotationIocLoader.java:76) - Found @IocBean : class cn.wizzer.app.web.modules.controllers.platform.base.BaseRowofficeentryController
[DEBUG] 2018-10-15 16:13:22,793 org.nutz.ioc.loader.annotation.AnnotationIocLoader.addClass(AnnotationIocLoader.java:76) - Found @IocBean : class cn.wizzer.app.web.modules.controllers.platform.base.BaseVehicleController
[DEBUG] 2018-10-15 16:13:22,793 org.nutz.ioc.loader.annotation.AnnotationIocLoader.addClass(AnnotationIocLoader.java:76) - Found @IocBean : class cn.wizzer.app.web.modules.controllers.platform.base.BaseWarehouseController
[DEBUG] 2018-10-15 16:13:22,793 org.nutz.ioc.loader.annotation.AnnotationIocLoader.addClass(AnnotationIocLoader.java:76) - Found @IocBean : class cn.wizzer.app.web.modules.controllers.platform.cms.CmsArticleController
[DEBUG] 2018-10-15 16:13:22,793 org.nutz.ioc.loader.annotation.AnnotationIocLoader.addClass(AnnotationIocLoader.java:76) - Found @IocBean : class cn.wizzer.app.web.modules.controllers.platform.cms.CmsChannelController
[DEBUG] 2018-10-15 16:13:22,793 org.nutz.ioc.loader.annotation.AnnotationIocLoader.addClass(AnnotationIocLoader.java:76) - Found @IocBean : class cn.wizzer.app.web.modules.controllers.platform.cms.CmsLinkClassController
[DEBUG] 2018-10-15 16:13:22,793 org.nutz.ioc.loader.annotation.AnnotationIocLoader.addClass(AnnotationIocLoader.java:76) - Found @IocBean : class cn.wizzer.app.web.modules.controllers.platform.cms.CmsLinkController
[DEBUG] 2018-10-15 16:13:22,793 org.nutz.ioc.loader.annotation.AnnotationIocLoader.addClass(AnnotationIocLoader.java:76) - Found @IocBean : class cn.wizzer.app.web.modules.controllers.platform.cms.CmsSiteController
[DEBUG] 2018-10-15 16:13:22,793 org.nutz.ioc.loader.annotation.AnnotationIocLoader.addClass(AnnotationIocLoader.java:76) - Found @IocBean : class cn.wizzer.app.web.modules.controllers.platform.ins.InsBaseinsController
[DEBUG] 2018-10-15 16:13:22,793 org.nutz.ioc.loader.annotation.AnnotationIocLoader.addClass(AnnotationIocLoader.java:76) - Found @IocBean : class cn.wizzer.app.web.modules.controllers.platform.ins.InsBaseinsSpaceController
[DEBUG] 2018-10-15 16:13:22,794 org.nutz.ioc.loader.annotation.AnnotationIocLoader.addClass(AnnotationIocLoader.java:76) - Found @IocBean : class cn.wizzer.app.web.modules.controllers.platform.ins.InsCabinetController
[DEBUG] 2018-10-15 16:13:22,794 org.nutz.ioc.loader.annotation.AnnotationIocLoader.addClass(AnnotationIocLoader.java:76) - Found @IocBean : class cn.wizzer.app.web.modules.controllers.platform.ins.InsCommonController
[DEBUG] 2018-10-15 16:13:22,794 org.nutz.ioc.loader.annotation.AnnotationIocLoader.addClass(AnnotationIocLoader.java:76) - Found @IocBean : class cn.wizzer.app.web.modules.controllers.platform.ins.InsInstrumentController
[DEBUG] 2018-10-15 16:13:22,794 org.nutz.ioc.loader.annotation.AnnotationIocLoader.addClass(AnnotationIocLoader.java:76) - Found @IocBean : class cn.wizzer.app.web.modules.controllers.platform.ins.InsLockController
[DEBUG] 2018-10-15 16:13:22,794 org.nutz.ioc.loader.annotation.AnnotationIocLoader.addClass(AnnotationIocLoader.java:76) - Found @IocBean : class cn.wizzer.app.web.modules.controllers.platform.ins.InsOrderController
[DEBUG] 2018-10-15 16:13:22,794 org.nutz.ioc.loader.annotation.AnnotationIocLoader.addClass(AnnotationIocLoader.java:76) - Found @IocBean : class cn.wizzer.app.web.modules.controllers.platform.ins.InsOrderentryController
[DEBUG] 2018-10-15 16:13:22,794 org.nutz.ioc.loader.annotation.AnnotationIocLoader.addClass(AnnotationIocLoader.java:76) - Found @IocBean : class cn.wizzer.app.web.modules.controllers.platform.ins.InsRepairController
[DEBUG] 2018-10-15 16:13:22,794 org.nutz.ioc.loader.annotation.AnnotationIocLoader.addClass(AnnotationIocLoader.java:76) - Found @IocBean : class cn.wizzer.app.web.modules.controllers.platform.ins.InsRepairtrackController
[DEBUG] 2018-10-15 16:13:22,794 org.nutz.ioc.loader.annotation.AnnotationIocLoader.addClass(AnnotationIocLoader.java:76) - Found @IocBean : class cn.wizzer.app.web.modules.controllers.platform.ins.InsRfheadController
[DEBUG] 2018-10-15 16:13:22,794 org.nutz.ioc.loader.annotation.AnnotationIocLoader.addClass(AnnotationIocLoader.java:76) - Found @IocBean : class cn.wizzer.app.web.modules.controllers.platform.ins.InsRfidController
[DEBUG] 2018-10-15 16:13:22,794 org.nutz.ioc.loader.annotation.AnnotationIocLoader.addClass(AnnotationIocLoader.java:76) - Found @IocBean : class cn.wizzer.app.web.modules.controllers.platform.ins.InsSpaceController
[DEBUG] 2018-10-15 16:13:22,794 org.nutz.ioc.loader.annotation.AnnotationIocLoader.addClass(AnnotationIocLoader.java:76) - Found @IocBean : class cn.wizzer.app.web.modules.controllers.platform.ins.InsToolcabinetController
[DEBUG] 2018-10-15 16:13:22,795 org.nutz.ioc.loader.annotation.AnnotationIocLoader.addClass(AnnotationIocLoader.java:76) - Found @IocBean : class cn.wizzer.app.web.modules.controllers.platform.ins.InsTransmitController
[DEBUG] 2018-10-15 16:13:22,795 org.nutz.ioc.loader.annotation.AnnotationIocLoader.addClass(AnnotationIocLoader.java:76) - Found @IocBean : class cn.wizzer.app.web.modules.controllers.platform.logistics.LogisticsDeliveryorderController
[DEBUG] 2018-10-15 16:13:22,795 org.nutz.ioc.loader.annotation.AnnotationIocLoader.addClass(AnnotationIocLoader.java:76) - Found @IocBean : class cn.wizzer.app.web.modules.controllers.platform.logistics.LogisticsDeliveryorderentryController
[DEBUG] 2018-10-15 16:13:22,795 org.nutz.ioc.loader.annotation.AnnotationIocLoader.addClass(AnnotationIocLoader.java:76) - Found @IocBean : class cn.wizzer.app.web.modules.controllers.platform.logistics.LogisticsEntourageController
[DEBUG] 2018-10-15 16:13:22,795 org.nutz.ioc.loader.annotation.AnnotationIocLoader.addClass(AnnotationIocLoader.java:76) - Found @IocBean : class cn.wizzer.app.web.modules.controllers.platform.logistics.LogisticsOrderController
[DEBUG] 2018-10-15 16:13:22,795 org.nutz.ioc.loader.annotation.AnnotationIocLoader.addClass(AnnotationIocLoader.java:76) - Found @IocBean : class cn.wizzer.app.web.modules.controllers.platform.logistics.LogisticsOrderdeliveryController
[DEBUG] 2018-10-15 16:13:22,795 org.nutz.ioc.loader.annotation.AnnotationIocLoader.addClass(AnnotationIocLoader.java:76) - Found @IocBean : class cn.wizzer.app.web.modules.controllers.platform.logistics.LogisticsOrderentryController
[DEBUG] 2018-10-15 16:13:22,795 org.nutz.ioc.loader.annotation.AnnotationIocLoader.addClass(AnnotationIocLoader.java:76) - Found @IocBean : class cn.wizzer.app.web.modules.controllers.platform.logistics.LogisticsOrderplanController
[DEBUG] 2018-10-15 16:13:22,796 org.nutz.ioc.loader.annotation.AnnotationIocLoader.addClass(AnnotationIocLoader.java:76) - Found @IocBean : class cn.wizzer.app.web.modules.controllers.platform.logistics.LogisticsOrderplanentryController
[DEBUG] 2018-10-15 16:13:22,796 org.nutz.ioc.loader.annotation.AnnotationIocLoader.addClass(AnnotationIocLoader.java:76) - Found @IocBean : class cn.wizzer.app.web.modules.controllers.platform.logistics.LogisticsOrderrejectController
[DEBUG] 2018-10-15 16:13:22,796 org.nutz.ioc.loader.annotation.AnnotationIocLoader.addClass(AnnotationIocLoader.java:76) - Found @IocBean : class cn.wizzer.app.web.modules.controllers.platform.logistics.LogisticsOrderstepController
[DEBUG] 2018-10-15 16:13:22,796 org.nutz.ioc.loader.annotation.AnnotationIocLoader.addClass(AnnotationIocLoader.java:76) - Found @IocBean : class cn.wizzer.app.web.modules.controllers.platform.logistics.LogisticsSendapprovalController
[DEBUG] 2018-10-15 16:13:22,796 org.nutz.ioc.loader.annotation.AnnotationIocLoader.addClass(AnnotationIocLoader.java:76) - Found @IocBean : class cn.wizzer.app.web.modules.controllers.platform.logistics.LogisticsSendgoodsController
[DEBUG] 2018-10-15 16:13:22,796 org.nutz.ioc.loader.annotation.AnnotationIocLoader.addClass(AnnotationIocLoader.java:76) - Found @IocBean : class cn.wizzer.app.web.modules.controllers.platform.logistics.LogisticsSendplanController
[DEBUG] 2018-10-15 16:13:22,796 org.nutz.ioc.loader.annotation.AnnotationIocLoader.addClass(AnnotationIocLoader.java:76) - Found @IocBean : class cn.wizzer.app.web.modules.controllers.platform.logistics.LogisticsSendtraceController
[DEBUG] 2018-10-15 16:13:22,796 org.nutz.ioc.loader.annotation.AnnotationIocLoader.addClass(AnnotationIocLoader.java:76) - Found @IocBean : class cn.wizzer.app.web.modules.controllers.platform.logistics.LogisticsUnplanController
[DEBUG] 2018-10-15 16:13:22,796 org.nutz.ioc.loader.annotation.AnnotationIocLoader.addClass(AnnotationIocLoader.java:76) - Found @IocBean : class cn.wizzer.app.web.modules.controllers.platform.sys.SysApiController
[DEBUG] 2018-10-15 16:13:22,797 org.nutz.ioc.loader.annotation.AnnotationIocLoader.addClass(AnnotationIocLoader.java:76) - Found @IocBean : class cn.wizzer.app.web.modules.controllers.platform.sys.SysBarcodeController
[DEBUG] 2018-10-15 16:13:22,797 org.nutz.ioc.loader.annotation.AnnotationIocLoader.addClass(AnnotationIocLoader.java:76) - Found @IocBean : class cn.wizzer.app.web.modules.controllers.platform.sys.SysConfController
[DEBUG] 2018-10-15 16:13:22,797 org.nutz.ioc.loader.annotation.AnnotationIocLoader.addClass(AnnotationIocLoader.java:76) - Found @IocBean : class cn.wizzer.app.web.modules.controllers.platform.sys.SysDictController
[DEBUG] 2018-10-15 16:13:22,797 org.nutz.ioc.loader.annotation.AnnotationIocLoader.addClass(AnnotationIocLoader.java:76) - Found @IocBean : class cn.wizzer.app.web.modules.controllers.platform.sys.SysHomeController
[DEBUG] 2018-10-15 16:13:22,797 org.nutz.ioc.loader.annotation.AnnotationIocLoader.addClass(AnnotationIocLoader.java:76) - Found @IocBean : class cn.wizzer.app.web.modules.controllers.platform.sys.SysLogController
[DEBUG] 2018-10-15 16:13:22,797 org.nutz.ioc.loader.annotation.AnnotationIocLoader.addClass(AnnotationIocLoader.java:76) - Found @IocBean : class cn.wizzer.app.web.modules.controllers.platform.sys.SysLoginController
[DEBUG] 2018-10-15 16:13:22,797 org.nutz.ioc.loader.annotation.AnnotationIocLoader.addClass(AnnotationIocLoader.java:76) - Found @IocBean : class cn.wizzer.app.web.modules.controllers.platform.sys.SysMenuController
[DEBUG] 2018-10-15 16:13:22,797 org.nutz.ioc.loader.annotation.AnnotationIocLoader.addClass(AnnotationIocLoader.java:76) - Found @IocBean : class cn.wizzer.app.web.modules.controllers.platform.sys.SysMobileController
[DEBUG] 2018-10-15 16:13:22,798 org.nutz.ioc.loader.annotation.AnnotationIocLoader.addClass(AnnotationIocLoader.java:76) - Found @IocBean : class cn.wizzer.app.web.modules.controllers.platform.sys.SysPluginController
[DEBUG] 2018-10-15 16:13:22,798 org.nutz.ioc.loader.annotation.AnnotationIocLoader.addClass(AnnotationIocLoader.java:76) - Found @IocBean : class cn.wizzer.app.web.modules.controllers.platform.sys.SysRegistauditController
[DEBUG] 2018-10-15 16:13:22,798 org.nutz.ioc.loader.annotation.AnnotationIocLoader.addClass(AnnotationIocLoader.java:76) - Found @IocBean : class cn.wizzer.app.web.modules.controllers.platform.sys.SysRoleController
[DEBUG] 2018-10-15 16:13:22,798 org.nutz.ioc.loader.annotation.AnnotationIocLoader.addClass(AnnotationIocLoader.java:76) - Found @IocBean : class cn.wizzer.app.web.modules.controllers.platform.sys.SysRouteController
[DEBUG] 2018-10-15 16:13:22,798 org.nutz.ioc.loader.annotation.AnnotationIocLoader.addClass(AnnotationIocLoader.java:76) - Found @IocBean : class cn.wizzer.app.web.modules.controllers.platform.sys.SysTaskController
[DEBUG] 2018-10-15 16:13:22,798 org.nutz.ioc.loader.annotation.AnnotationIocLoader.addClass(AnnotationIocLoader.java:76) - Found @IocBean : class cn.wizzer.app.web.modules.controllers.platform.sys.SysTempuserController
[DEBUG] 2018-10-15 16:13:22,798 org.nutz.ioc.loader.annotation.AnnotationIocLoader.addClass(AnnotationIocLoader.java:76) - Found @IocBean : class cn.wizzer.app.web.modules.controllers.platform.sys.SysUnitController
[DEBUG] 2018-10-15 16:13:22,798 org.nutz.ioc.loader.annotation.AnnotationIocLoader.addClass(AnnotationIocLoader.java:76) - Found @IocBean : class cn.wizzer.app.web.modules.controllers.platform.sys.SysUserController
[DEBUG] 2018-10-15 16:13:22,798 org.nutz.ioc.loader.annotation.AnnotationIocLoader.addClass(AnnotationIocLoader.java:76) - Found @IocBean : class cn.wizzer.app.web.modules.controllers.platform.sys.SysVersionController
[DEBUG] 2018-10-15 16:13:22,798 org.nutz.ioc.loader.annotation.AnnotationIocLoader.addClass(AnnotationIocLoader.java:76) - Found @IocBean : class cn.wizzer.app.web.modules.controllers.platform.sys.SysWxController
[DEBUG] 2018-10-15 16:13:22,798 org.nutz.ioc.loader.annotation.AnnotationIocLoader.addClass(AnnotationIocLoader.java:76) - Found @IocBean : class cn.wizzer.app.web.modules.controllers.platform.sys.SysWxDeptController
[DEBUG] 2018-10-15 16:13:22,799 org.nutz.ioc.loader.annotation.AnnotationIocLoader.addClass(AnnotationIocLoader.java:76) - Found @IocBean : class cn.wizzer.app.web.modules.controllers.platform.sys.SysWxUserController
[DEBUG] 2018-10-15 16:13:22,799 org.nutz.ioc.loader.annotation.AnnotationIocLoader.addClass(AnnotationIocLoader.java:76) - Found @IocBean : class cn.wizzer.app.web.modules.controllers.platform.wx.WxConfigController
[DEBUG] 2018-10-15 16:13:22,799 org.nutz.ioc.loader.annotation.AnnotationIocLoader.addClass(AnnotationIocLoader.java:76) - Found @IocBean : class cn.wizzer.app.web.modules.controllers.platform.wx.WxMassController
[DEBUG] 2018-10-15 16:13:22,799 org.nutz.ioc.loader.annotation.AnnotationIocLoader.addClass(AnnotationIocLoader.java:76) - Found @IocBean : class cn.wizzer.app.web.modules.controllers.platform.wx.WxMenuController
[DEBUG] 2018-10-15 16:13:22,799 org.nutz.ioc.loader.annotation.AnnotationIocLoader.addClass(AnnotationIocLoader.java:76) - Found @IocBean : class cn.wizzer.app.web.modules.controllers.platform.wx.WxMsgUserController
[DEBUG] 2018-10-15 16:13:22,799 org.nutz.ioc.loader.annotation.AnnotationIocLoader.addClass(AnnotationIocLoader.java:76) - Found @IocBean : class cn.wizzer.app.web.modules.controllers.platform.wx.WxPayTestController
[DEBUG] 2018-10-15 16:13:22,799 org.nutz.ioc.loader.annotation.AnnotationIocLoader.addClass(AnnotationIocLoader.java:76) - Found @IocBean : class cn.wizzer.app.web.modules.controllers.platform.wx.WxReplyController
[DEBUG] 2018-10-15 16:13:22,800 org.nutz.ioc.loader.annotation.AnnotationIocLoader.addClass(AnnotationIocLoader.java:76) - Found @IocBean : class cn.wizzer.app.web.modules.controllers.platform.wx.WxReplyNewsController
[DEBUG] 2018-10-15 16:13:22,800 org.nutz.ioc.loader.annotation.AnnotationIocLoader.addClass(AnnotationIocLoader.java:76) - Found @IocBean : class cn.wizzer.app.web.modules.controllers.platform.wx.WxReplyTxtController
[DEBUG] 2018-10-15 16:13:22,800 org.nutz.ioc.loader.annotation.AnnotationIocLoader.addClass(AnnotationIocLoader.java:76) - Found @IocBean : class cn.wizzer.app.web.modules.controllers.platform.wx.WxTplIdController
[DEBUG] 2018-10-15 16:13:22,800 org.nutz.ioc.loader.annotation.AnnotationIocLoader.addClass(AnnotationIocLoader.java:76) - Found @IocBean : class cn.wizzer.app.web.modules.controllers.platform.wx.WxTplListController
[DEBUG] 2018-10-15 16:13:22,800 org.nutz.ioc.loader.annotation.AnnotationIocLoader.addClass(AnnotationIocLoader.java:76) - Found @IocBean : class cn.wizzer.app.web.modules.controllers.platform.wx.WxTplLogController
[DEBUG] 2018-10-15 16:13:22,800 org.nutz.ioc.loader.annotation.AnnotationIocLoader.addClass(AnnotationIocLoader.java:76) - Found @IocBean : class cn.wizzer.app.web.modules.controllers.platform.wx.WxUserController
[DEBUG] 2018-10-15 16:13:22,800 org.nutz.ioc.loader.annotation.AnnotationIocLoader.addClass(AnnotationIocLoader.java:76) - Found @IocBean : class cn.wizzer.app.wx.modules.services.impl.WxConfigServiceImpl
[DEBUG] 2018-10-15 16:13:22,800 org.nutz.ioc.loader.annotation.AnnotationIocLoader.addClass(AnnotationIocLoader.java:76) - Found @IocBean : class cn.wizzer.app.wx.modules.services.impl.WxMassNewsServiceImpl
[DEBUG] 2018-10-15 16:13:22,801 org.nutz.ioc.loader.annotation.AnnotationIocLoader.addClass(AnnotationIocLoader.java:76) - Found @IocBean : class cn.wizzer.app.wx.modules.services.impl.WxMassSendServiceImpl
[DEBUG] 2018-10-15 16:13:22,801 org.nutz.ioc.loader.annotation.AnnotationIocLoader.addClass(AnnotationIocLoader.java:76) - Found @IocBean : class cn.wizzer.app.wx.modules.services.impl.WxMassServiceImpl
[DEBUG] 2018-10-15 16:13:22,801 org.nutz.ioc.loader.annotation.AnnotationIocLoader.addClass(AnnotationIocLoader.java:76) - Found @IocBean : class cn.wizzer.app.wx.modules.services.impl.WxMenuServiceImpl
[DEBUG] 2018-10-15 16:13:22,801 org.nutz.ioc.loader.annotation.AnnotationIocLoader.addClass(AnnotationIocLoader.java:76) - Found @IocBean : class cn.wizzer.app.wx.modules.services.impl.WxMsgReplyServiceImpl
[DEBUG] 2018-10-15 16:13:22,801 org.nutz.ioc.loader.annotation.AnnotationIocLoader.addClass(AnnotationIocLoader.java:76) - Found @IocBean : class cn.wizzer.app.wx.modules.services.impl.WxMsgServiceImpl
[DEBUG] 2018-10-15 16:13:22,801 org.nutz.ioc.loader.annotation.AnnotationIocLoader.addClass(AnnotationIocLoader.java:76) - Found @IocBean : class cn.wizzer.app.wx.modules.services.impl.WxReplyNewsServiceImpl
[DEBUG] 2018-10-15 16:13:22,801 org.nutz.ioc.loader.annotation.AnnotationIocLoader.addClass(AnnotationIocLoader.java:76) - Found @IocBean : class cn.wizzer.app.wx.modules.services.impl.WxReplyServiceImpl
[DEBUG] 2018-10-15 16:13:22,802 org.nutz.ioc.loader.annotation.AnnotationIocLoader.addClass(AnnotationIocLoader.java:76) - Found @IocBean : class cn.wizzer.app.wx.modules.services.impl.WxReplyTxtServiceImpl
[DEBUG] 2018-10-15 16:13:22,802 org.nutz.ioc.loader.annotation.AnnotationIocLoader.addClass(AnnotationIocLoader.java:76) - Found @IocBean : class cn.wizzer.app.wx.modules.services.impl.WxTplIdServiceImpl
[DEBUG] 2018-10-15 16:13:22,802 org.nutz.ioc.loader.annotation.AnnotationIocLoader.addClass(AnnotationIocLoader.java:76) - Found @IocBean : class cn.wizzer.app.wx.modules.services.impl.WxTplListServiceImpl
[DEBUG] 2018-10-15 16:13:22,802 org.nutz.ioc.loader.annotation.AnnotationIocLoader.addClass(AnnotationIocLoader.java:76) - Found @IocBean : class cn.wizzer.app.wx.modules.services.impl.WxTplLogServiceImpl
[DEBUG] 2018-10-15 16:13:22,802 org.nutz.ioc.loader.annotation.AnnotationIocLoader.addClass(AnnotationIocLoader.java:76) - Found @IocBean : class cn.wizzer.app.wx.modules.services.impl.WxUserServiceImpl
[DEBUG] 2018-10-15 16:13:22,802 org.nutz.ioc.loader.annotation.AnnotationIocLoader.addClass(AnnotationIocLoader.java:76) - Found @IocBean : class cn.wizzer.test.SimpleTest
[DEBUG] 2018-10-15 16:13:22,805 org.nutz.resource.Scans.scan(Scans.java:274) - Found 0 resource by src( org/nutz/apidoc/ ) , regex( ^.+[.]class$ )
[INFO ] 2018-10-15 16:13:22,806 org.nutz.ioc.loader.annotation.AnnotationIocLoader.<init>(AnnotationIocLoader.java:52) - Found 204 classes in 2 base-packages!
beans = ["wxTplListController", "uploadController", "wxReplyTxtServiceImpl", "logisticsSendplanController", "baseJobServiceImpl", "dateUtil", "qrcodeService", "logisticsSendgoodsServiceImpl", "logisticsOrderentryController", "insLockController", "baseRowofficeentryServiceImpl", "cmsChannelServiceImpl", "insBaseinsServiceImpl", "orderExecute", "cmsArticleController", "basePostController", "baseAirmeterialServiceImpl", "basePersonController", "logisticsOrderplanServiceImpl", "cmsLinkClassController", "basePostServiceImpl", "baseRowofficeServiceImpl", "baseJobController", "baseRowofficeController", "wxReplyController", "insRepairController", "sysConfigServiceImpl", "basePersonpoolController", "baseVehicleController", "wxMsgServiceImpl", "wxPayBackController", "logisticsUnplanController", "mobileInsController", "sysTaskController", "sysBarcodeController", "insTransmitController", "sysDictServiceImpl", "wxConfigServiceImpl", "baseAirportServiceImpl", "apiTestController", "sysMenuController", "cmsSiteServiceImpl", "mobileSysController", "cmsLinkController", "insCommonController", "logisticsOrderplanentryServiceImpl", "insInstrumentController", "sysRegistauditServiceImpl", "insLockServiceImpl", "insOrderController", "wechatController", "wxMsgUserController", "sysDictController", "sysWxUserController", "logisticsDeliveryorderentryController", "basePersonServiceImpl", "insOrderentryServiceImpl", "insRepairtrackController", "insInstrumentServiceImpl", "logisticsSendapprovalServiceImpl", "logisticsOrderdeliveryController", "wxTplListServiceImpl", "tplService", "sysPluginServiceImpl", "insRfheadController", "logisticsSendgoodsController", "mobileBaseController", "baseCnctobjServiceImpl", "nutShiroMethodInterceptor", "insCabinetServiceImpl", "basePlaceServiceImpl", "baseVehicleServiceImpl", "cmsLinkClassServiceImpl", "sysHomeController", "insRfheadServiceImpl", "sysMobileController", "wxMassServiceImpl", "logisticsOrderentryServiceImpl", "logisticsSendplanServiceImpl", "logisticsOrderrejectServiceImpl", "wxHandler", "cmsChannelController", "wxController", "rabbitProducer", "sysTaskServiceImpl", "sysVersionController", "shiroUtil", "wxReplyTxtController", "sysPluginController", "logisticsSendtraceController", "sysApiServiceImpl", "logisticsEntourageServiceImpl", "sLogService", "baseAirportController", "sysApiController", "wxTplIdController", "insSpaceServiceImpl", "logisticsOrderController", "sysTempuserController", "sysUserController", "platformAuthorizingRealm", "testJob", "$aop_1_plugin", "sysRegistauditController", "wxReplyNewsServiceImpl", "insTransmitServiceImpl", "sysLoginController", "wxTplLogServiceImpl", "sysUserServiceImpl", "sysRoleServiceImpl", "sysRouteController", "idcardUtil", "basePlaceController", "sysWxDeptController", "logisticsOrderplanentryController", "userpermissionController", "sysWxServiceImpl", "cmsController", "logisticsSendtraceServiceImpl", "insOrderentryController", "logisticsSendapprovalController", "wxMenuController", "insOrderServiceImpl", "weixinController", "code128Util", "insRepairServiceImpl", "logisticsOrderplanController", "wxMsgReplyServiceImpl", "logisticsOrderdeliveryServiceImpl", "cmsArticleServiceImpl", "baseCnctobjController", "baseCustomerController", "insBaseinsController", "insRfidServiceImpl", "cookieUtil", "baseRowofficeentryController", "logisticsOrderstepServiceImpl", "wxReplyServiceImpl", "bdController", "redisIdGenerator", "insBaseinsSpaceServiceImpl", "cmsSiteController", "logisticsDeliveryorderServiceImpl", "insCabinetController", "logisticsOrderServiceImpl", "sysWxDeptServiceImpl", "sysWxController", "mobileOrderController", "sysRoleController", "logisticsEntourageController", "insCommonServiceImpl", "sysUnitController", "padInsController", "wxMassSendServiceImpl", "logisticsDeliveryorderController", "rSAUtil", "wxConfigController", "stringUtil", "baseCustomerServiceImpl", "basePersonpoolServiceImpl", "insBaseinsSpaceController", "wxUserServiceImpl", "insSpaceController", "sysTempuserServiceImpl", "baseWarehouseServiceImpl", "insToolcabinetController", "sysWxUserServiceImpl", "dynamicInterceptor", "sysLogController", "wxMassController", "emailService", "baseWarehouseController", "insToolcabinetServiceImpl", "wxMenuServiceImpl", "wxReplyNewsController", "baseDeptServiceImpl", "sysRouteServiceImpl", "insRepairtrackServiceImpl", "wxMassNewsServiceImpl", "baseAirmeterialController", "sysMenuServiceImpl", "sysMobileServiceImpl", "simpleTest", "logisticsOrderstepController", "sysLogServiceImpl", "logisticsUnplanServiceImpl", "wxTplIdServiceImpl", "logisticsDeliveryorderentryServiceImpl", "$aop_syslog", "padSysController", "baseDeptController", "logisticsOrderrejectController", "padOrderController", "sysBarcodeServiceImpl", "wxTplLogController", "wxUserController", "wxPayTestController", "tokenController", "sysVersionServiceImpl", "cmsLinkServiceImpl", "sysUnitServiceImpl", "insRfidController", "sysConfController", "pluginMaster"]
[DEBUG] 2018-10-15 16:13:22,806 org.nutz.ioc.loader.combo.ComboIocLoader.createIocLoader(ComboIocLoader.java:110) - found jedis -- org.nutz.integration.jedis.JedisIocLoader
[DEBUG] 2018-10-15 16:13:22,808 org.nutz.resource.Scans.scan(Scans.java:274) - Found 1 resource by src( org/nutz/integration/jedis/jedis.js ) , regex( ^(.+[.])(js|json)$ )
[DEBUG] 2018-10-15 16:13:22,808 org.nutz.ioc.loader.json.JsonLoader.<init>(JsonLoader.java:49) - loading [org/nutz/integration/jedis/jedis.js]
[DEBUG] 2018-10-15 16:13:22,809 org.nutz.ioc.loader.json.JsonLoader.<init>(JsonLoader.java:57) - Loaded 9 bean define from path=[org/nutz/integration/jedis/jedis.js] --> [redisService, jedisCluster, jedisClusterNodes, jedisClusterWrapper, pubSubService, jedisPoolConfig, jedisPool, jedisAgent, redis]
[DEBUG] 2018-10-15 16:13:22,809 org.nutz.ioc.loader.json.JsonLoader.<init>(JsonLoader.java:40) - Loaded 5 bean define from reader --
[txREPEATABLE_READ, txSERIALIZABLE, txNONE, txREAD_UNCOMMITTED, txREAD_COMMITTED]
[DEBUG] 2018-10-15 16:13:22,812 org.nutz.ioc.loader.combo.ComboIocLoader.createIocLoader(ComboIocLoader.java:110) - found quartz -- org.nutz.integration.quartz.QuartzIocLoader
[DEBUG] 2018-10-15 16:13:22,812 org.nutz.ioc.loader.json.JsonLoader.<init>(JsonLoader.java:57) - Loaded 0 bean define from path=[] --> []
[DEBUG] 2018-10-15 16:13:22,813 org.nutz.ioc.aop.SimpleAopMaker.<init>(SimpleAopMaker.java:79) - Load AopConfigure for anno=org.nutz.aop.interceptor.async.Async by type=org.nutz.aop.interceptor.async.AsyncAopIocLoader
[DEBUG] 2018-10-15 16:13:22,815 org.nutz.ioc.loader.combo.ComboIocLoader.createIocLoader(ComboIocLoader.java:110) - found rabbitmq -- org.nutz.integration.rabbitmq.RabbitmqIocLoader
[DEBUG] 2018-10-15 16:13:22,817 org.nutz.resource.Scans.scan(Scans.java:274) - Found 1 resource by src( org/nutz/integration/rabbitmq/rabbitmq.js ) , regex( ^(.+[.])(js|json)$ )
[DEBUG] 2018-10-15 16:13:22,817 org.nutz.ioc.loader.json.JsonLoader.<init>(JsonLoader.java:49) - loading [org/nutz/integration/rabbitmq/rabbitmq.js]
[DEBUG] 2018-10-15 16:13:22,818 org.nutz.ioc.loader.json.JsonLoader.<init>(JsonLoader.java:57) - Loaded 2 bean define from path=[org/nutz/integration/rabbitmq/rabbitmq.js] --> [rabbitmq, rabbitmq_cf]
[INFO ] 2018-10-15 16:13:22,818 org.nutz.ioc.impl.NutIoc.<init>(NutIoc.java:98) - NutIoc init begin ...
[INFO ] 2018-10-15 16:13:22,818 org.nutz.ioc.impl.NutIoc.<init>(NutIoc.java:115) - ... NutIoc init complete
[DEBUG] 2018-10-15 16:13:22,818 org.nutz.ioc.impl.NutIoc.get(NutIoc.java:151) - Get 'conf'<class org.nutz.ioc.impl.PropertiesProxy>
[DEBUG] 2018-10-15 16:13:22,819 org.nutz.ioc.impl.NutIoc.get(NutIoc.java:151) - Get '$aop_1_plugin'<interface org.nutz.ioc.aop.config.AopConfigration>
[DEBUG] 2018-10-15 16:13:22,819 org.nutz.ioc.impl.NutIoc.get(NutIoc.java:177) - 	 >> Load definition name=$aop_1_plugin
[DEBUG] 2018-10-15 16:13:22,819 org.nutz.ioc.loader.combo.ComboIocLoader.load(ComboIocLoader.java:161) - Found IocObject($aop_1_plugin) in AnnotationIocLoader(packages=[cn.wizzer, org.nutz.apidoc])
[DEBUG] 2018-10-15 16:13:22,819 org.nutz.ioc.impl.NutIoc.get(NutIoc.java:209) - 	 >> Make...'$aop_1_plugin'<interface org.nutz.ioc.aop.config.AopConfigration>
[DEBUG] 2018-10-15 16:13:22,819 org.nutz.ioc.impl.ScopeContext.save(ScopeContext.java:64) - Save object '$aop_1_plugin' to [app] 
[DEBUG] 2018-10-15 16:13:22,820 org.nutz.ioc.impl.NutIoc.get(NutIoc.java:151) - Get 'dynamicInterceptor'<class cn.wizzer.app.web.commons.plugin.DynamicInterceptor>
[DEBUG] 2018-10-15 16:13:22,820 org.nutz.ioc.impl.NutIoc.get(NutIoc.java:177) - 	 >> Load definition name=dynamicInterceptor
[DEBUG] 2018-10-15 16:13:22,820 org.nutz.ioc.loader.combo.ComboIocLoader.load(ComboIocLoader.java:161) - Found IocObject(dynamicInterceptor) in AnnotationIocLoader(packages=[cn.wizzer, org.nutz.apidoc])
[DEBUG] 2018-10-15 16:13:22,820 org.nutz.ioc.impl.NutIoc.get(NutIoc.java:209) - 	 >> Make...'dynamicInterceptor'<class cn.wizzer.app.web.commons.plugin.DynamicInterceptor>
[DEBUG] 2018-10-15 16:13:22,820 org.nutz.ioc.impl.ScopeContext.save(ScopeContext.java:64) - Save object 'dynamicInterceptor' to [app] 
[DEBUG] 2018-10-15 16:13:22,821 org.nutz.ioc.impl.NutIoc.get(NutIoc.java:151) - Get '$aop_async'<interface org.nutz.ioc.aop.config.AopConfigration>
[DEBUG] 2018-10-15 16:13:22,821 org.nutz.ioc.impl.NutIoc.get(NutIoc.java:177) - 	 >> Load definition name=$aop_async
[DEBUG] 2018-10-15 16:13:22,821 org.nutz.ioc.loader.combo.ComboIocLoader.load(ComboIocLoader.java:161) - Found IocObject($aop_async) in AsyncAopIocLoader@44559647
[DEBUG] 2018-10-15 16:13:22,821 org.nutz.ioc.impl.NutIoc.get(NutIoc.java:209) - 	 >> Make...'$aop_async'<interface org.nutz.ioc.aop.config.AopConfigration>
[DEBUG] 2018-10-15 16:13:22,821 org.nutz.ioc.impl.ScopeContext.save(ScopeContext.java:64) - Save object '$aop_async' to [app] 
[DEBUG] 2018-10-15 16:13:22,821 org.nutz.ioc.impl.NutIoc.get(NutIoc.java:151) - Get '$aop_syslog'<interface org.nutz.ioc.aop.config.AopConfigration>
[DEBUG] 2018-10-15 16:13:22,821 org.nutz.ioc.impl.NutIoc.get(NutIoc.java:177) - 	 >> Load definition name=$aop_syslog
[DEBUG] 2018-10-15 16:13:22,821 org.nutz.ioc.loader.combo.ComboIocLoader.load(ComboIocLoader.java:161) - Found IocObject($aop_syslog) in AnnotationIocLoader(packages=[cn.wizzer, org.nutz.apidoc])
[DEBUG] 2018-10-15 16:13:22,821 org.nutz.ioc.impl.NutIoc.get(NutIoc.java:209) - 	 >> Make...'$aop_syslog'<interface org.nutz.ioc.aop.config.AopConfigration>
[DEBUG] 2018-10-15 16:13:22,822 org.nutz.ioc.impl.ScopeContext.save(ScopeContext.java:64) - Save object '$aop_syslog' to [app] 
[DEBUG] 2018-10-15 16:13:22,822 org.nutz.ioc.aop.SimpleAopMaker.<init>(SimpleAopMaker.java:79) - Load AopConfigure for anno=cn.wizzer.app.web.commons.slog.annotation.SLog by type=cn.wizzer.app.web.commons.slog.SLogAopConfigration
[DEBUG] 2018-10-15 16:13:22,822 org.nutz.ioc.aop.SimpleAopMaker.<init>(SimpleAopMaker.java:79) - Load AopConfigure for anno=org.nutz.ioc.aop.Aop by type=org.nutz.ioc.aop.config.impl.AnnotationAopConfigration
[DEBUG] 2018-10-15 16:13:22,822 org.nutz.ioc.impl.NutIoc.get(NutIoc.java:177) - 	 >> Load definition name=conf
[DEBUG] 2018-10-15 16:13:22,822 org.nutz.ioc.loader.map.MapLoader.load(MapLoader.java:67) - Loading define for name=conf
[DEBUG] 2018-10-15 16:13:22,823 org.nutz.ioc.loader.combo.ComboIocLoader.load(ComboIocLoader.java:161) - Found IocObject(conf) in JsonLoader(paths=[config/ioc/])
[DEBUG] 2018-10-15 16:13:22,823 org.nutz.ioc.impl.NutIoc.get(NutIoc.java:209) - 	 >> Make...'conf'<class org.nutz.ioc.impl.PropertiesProxy>
[DEBUG] 2018-10-15 16:13:22,823 cn.wizzer.app.web.commons.plugin.PluginAopConfigure.getInterceptorPairList(PluginAopConfigure.java:33) - skip -- org.nutz.ioc.impl.PropertiesProxy
[DEBUG] 2018-10-15 16:13:22,823 org.nutz.ioc.aop.impl.DefaultMirrorFactory.getMirror(DefaultMirrorFactory.java:70) - Load class org.nutz.ioc.impl.PropertiesProxy without AOP
[DEBUG] 2018-10-15 16:13:22,823 org.nutz.ioc.impl.ScopeContext.save(ScopeContext.java:64) - Save object 'conf' to [app] 
[DEBUG] 2018-10-15 16:13:22,827 org.nutz.resource.Scans.scan(Scans.java:274) - Found 4 resource by src( config/custom/ ) , regex( ^.+[.]properties$ )
[DEBUG] 2018-10-15 16:13:22,828 org.nutz.ioc.impl.PropertiesProxy.setPaths(PropertiesProxy.java:113) - load properties from File[C:\Users\Administrator\IdeaProjects\XA-Instrument\wk-app\wk-web\target\classes\config\custom\db.properties]
[DEBUG] 2018-10-15 16:13:22,829 org.nutz.ioc.impl.PropertiesProxy.setPaths(PropertiesProxy.java:113) - load properties from File[C:\Users\Administrator\IdeaProjects\XA-Instrument\wk-app\wk-web\target\classes\config\custom\mail.properties]
[DEBUG] 2018-10-15 16:13:22,830 org.nutz.ioc.impl.PropertiesProxy.setPaths(PropertiesProxy.java:113) - load properties from File[C:\Users\Administrator\IdeaProjects\XA-Instrument\wk-app\wk-web\target\classes\config\custom\rabbit.properties]
[DEBUG] 2018-10-15 16:13:22,831 org.nutz.ioc.impl.PropertiesProxy.setPaths(PropertiesProxy.java:113) - load properties from File[C:\Users\Administrator\IdeaProjects\XA-Instrument\wk-app\wk-web\target\classes\config\custom\redis.properties]
[DEBUG] 2018-10-15 16:13:22,832 org.nutz.ioc.impl.NutIoc.get(NutIoc.java:151) - Get 'simpleTest'<class cn.wizzer.test.SimpleTest>
[DEBUG] 2018-10-15 16:13:22,833 org.nutz.ioc.impl.NutIoc.get(NutIoc.java:177) - 	 >> Load definition name=simpleTest
[DEBUG] 2018-10-15 16:13:22,833 org.nutz.ioc.loader.combo.ComboIocLoader.load(ComboIocLoader.java:161) - Found IocObject(simpleTest) in AnnotationIocLoader(packages=[cn.wizzer, org.nutz.apidoc])
[DEBUG] 2018-10-15 16:13:22,833 org.nutz.ioc.impl.NutIoc.get(NutIoc.java:209) - 	 >> Make...'simpleTest'<class cn.wizzer.test.SimpleTest>
[DEBUG] 2018-10-15 16:13:22,833 cn.wizzer.app.web.commons.plugin.PluginAopConfigure.getInterceptorPairList(PluginAopConfigure.java:33) - skip -- cn.wizzer.test.SimpleTest
[DEBUG] 2018-10-15 16:13:22,833 org.nutz.ioc.aop.impl.DefaultMirrorFactory.getMirror(DefaultMirrorFactory.java:70) - Load class cn.wizzer.test.SimpleTest without AOP
[DEBUG] 2018-10-15 16:13:22,833 org.nutz.ioc.impl.ScopeContext.save(ScopeContext.java:64) - Save object 'simpleTest' to [app] 
[DEBUG] 2018-10-15 16:13:22,836 org.nutz.ioc.impl.NutIoc.get(NutIoc.java:151) - Get 'dao'<interface org.nutz.dao.Dao>
[DEBUG] 2018-10-15 16:13:22,836 org.nutz.ioc.impl.NutIoc.get(NutIoc.java:177) - 	 >> Load definition name=dao
[DEBUG] 2018-10-15 16:13:22,836 org.nutz.ioc.loader.map.MapLoader.load(MapLoader.java:67) - Loading define for name=dao
[DEBUG] 2018-10-15 16:13:22,836 org.nutz.ioc.loader.combo.ComboIocLoader.load(ComboIocLoader.java:161) - Found IocObject(dao) in JsonLoader(paths=[config/ioc/])
[DEBUG] 2018-10-15 16:13:22,837 org.nutz.ioc.impl.NutIoc.get(NutIoc.java:209) - 	 >> Make...'dao'<interface org.nutz.dao.Dao>
[DEBUG] 2018-10-15 16:13:22,837 cn.wizzer.app.web.commons.plugin.PluginAopConfigure.getInterceptorPairList(PluginAopConfigure.java:33) - skip -- org.nutz.dao.impl.NutDao
[DEBUG] 2018-10-15 16:13:22,837 org.nutz.ioc.aop.impl.DefaultMirrorFactory.getMirror(DefaultMirrorFactory.java:70) - Load class org.nutz.dao.impl.NutDao without AOP
[DEBUG] 2018-10-15 16:13:22,837 org.nutz.ioc.impl.ScopeContext.save(ScopeContext.java:64) - Save object 'dao' to [app] 
[DEBUG] 2018-10-15 16:13:22,837 org.nutz.ioc.impl.NutIoc.get(NutIoc.java:151) - Get 'dataSource'<>
[DEBUG] 2018-10-15 16:13:22,837 org.nutz.ioc.impl.NutIoc.get(NutIoc.java:177) - 	 >> Load definition name=dataSource
[DEBUG] 2018-10-15 16:13:22,837 org.nutz.ioc.loader.map.MapLoader.load(MapLoader.java:67) - Loading define for name=dataSource
[DEBUG] 2018-10-15 16:13:22,837 org.nutz.ioc.loader.combo.ComboIocLoader.load(ComboIocLoader.java:161) - Found IocObject(dataSource) in JsonLoader(paths=[config/ioc/])
[DEBUG] 2018-10-15 16:13:22,837 org.nutz.ioc.impl.NutIoc.get(NutIoc.java:209) - 	 >> Make...'dataSource'<>
[DEBUG] 2018-10-15 16:13:22,837 cn.wizzer.app.web.commons.plugin.PluginAopConfigure.getInterceptorPairList(PluginAopConfigure.java:33) - skip -- com.alibaba.druid.pool.DruidDataSource
[DEBUG] 2018-10-15 16:13:22,838 org.nutz.ioc.aop.impl.DefaultMirrorFactory.getMirror(DefaultMirrorFactory.java:70) - Load class com.alibaba.druid.pool.DruidDataSource without AOP
[DEBUG] 2018-10-15 16:13:22,838 org.nutz.ioc.impl.ScopeContext.save(ScopeContext.java:64) - Save object 'dataSource' to [app] 
[DEBUG] 2018-10-15 16:13:22,838 org.nutz.ioc.impl.NutIoc.get(NutIoc.java:151) - Get 'conf'<>
[DEBUG] 2018-10-15 16:13:22,839 org.nutz.ioc.impl.ScopeContext.remove(ScopeContext.java:84) - Remove object 'dataSource' from [app] 
[DEBUG] 2018-10-15 16:13:22,839 org.nutz.ioc.impl.ScopeContext.remove(ScopeContext.java:84) - Remove object 'dao' from [app] 
[DEBUG] 2018-10-15 16:13:22,839 org.nutz.ioc.impl.ScopeContext.remove(ScopeContext.java:84) - Remove object 'simpleTest' from [app] 
]]></system-out>
  </testcase>
  <testcase name="testOrder26" classname="cn.wizzer.test.SimpleTest" time="0">
    <error message="IocBean[simpleTest] throw Exception when creating" type="org.nutz.ioc.IocException">org.nutz.ioc.IocException: IocBean[simpleTest] throw Exception when creating
Caused by: java.lang.RuntimeException: IocBean[simpleTest] fail at field=[dao]
Caused by: org.nutz.ioc.IocException: IocBean[dao -> dataSource] throw Exception when creating
Caused by: java.lang.IllegalArgumentException: Failed to decrypt.
Caused by: java.lang.IllegalArgumentException: String length must be a multiple of four.
</error>
    <system-out><![CDATA[[INFO ] 2018-10-15 16:13:22,841 org.nutz.ioc.impl.NutIoc.depose(NutIoc.java:255) - org.nutz.ioc.impl.NutIoc@1067599825 is closing. startup date [18-10-15 16:13:22.818]
[DEBUG] 2018-10-15 16:13:22,841 org.nutz.ioc.impl.ScopeContext.clear(ScopeContext.java:108) - Depose object 'conf' ...
[DEBUG] 2018-10-15 16:13:22,841 org.nutz.ioc.impl.ScopeContext.clear(ScopeContext.java:108) - Depose object '$aop_syslog' ...
[DEBUG] 2018-10-15 16:13:22,841 org.nutz.ioc.impl.ScopeContext.clear(ScopeContext.java:108) - Depose object '$aop_async' ...
[DEBUG] 2018-10-15 16:13:22,841 org.nutz.ioc.impl.ScopeContext.clear(ScopeContext.java:108) - Depose object 'dynamicInterceptor' ...
[DEBUG] 2018-10-15 16:13:22,841 org.nutz.ioc.impl.ScopeContext.clear(ScopeContext.java:108) - Depose object '$aop_1_plugin' ...
[INFO ] 2018-10-15 16:13:22,842 org.nutz.ioc.impl.NutIoc.depose(NutIoc.java:262) - org.nutz.ioc.impl.NutIoc@1067599825 is deposed. startup date [18-10-15 16:13:22.818]
[DEBUG] 2018-10-15 16:13:22,845 org.nutz.resource.Scans.scan(Scans.java:274) - Found 4 resource by src( config/ioc/ ) , regex( ^(.+[.])(js|json)$ )
[DEBUG] 2018-10-15 16:13:22,845 org.nutz.ioc.loader.json.JsonLoader.<init>(JsonLoader.java:49) - loading [dao.json]
[DEBUG] 2018-10-15 16:13:22,846 org.nutz.ioc.loader.json.JsonLoader.<init>(JsonLoader.java:49) - loading [ehcache.json]
[DEBUG] 2018-10-15 16:13:22,846 org.nutz.ioc.loader.json.JsonLoader.<init>(JsonLoader.java:49) - loading [mail.json]
[DEBUG] 2018-10-15 16:13:22,847 org.nutz.ioc.loader.json.JsonLoader.<init>(JsonLoader.java:49) - loading [upload.json]
[DEBUG] 2018-10-15 16:13:22,847 org.nutz.ioc.loader.json.JsonLoader.<init>(JsonLoader.java:57) - Loaded 15 bean define from path=[config/ioc/] --> [videoUpload, conf, uploadVideoContext, imageUpload, fileUpload, cacheManager, dao, cacheProvider, emailAuthenticator, uploadFileContext, htmlEmail, cacheExecutor, tmpFilePool, uploadImageContext, dataSource]
[DEBUG] 2018-10-15 16:13:22,998 org.nutz.resource.Scans.scan(Scans.java:274) - Found 452 resource by src( cn/wizzer/ ) , regex( ^.+[.]class$ )
[DEBUG] 2018-10-15 16:13:23,000 org.nutz.ioc.loader.annotation.AnnotationIocLoader.addClass(AnnotationIocLoader.java:76) - Found @IocBean : class cn.wizzer.framework.util.StringUtil
[DEBUG] 2018-10-15 16:13:23,000 org.nutz.ioc.loader.annotation.AnnotationIocLoader.addClass(AnnotationIocLoader.java:76) - Found @IocBean : class cn.wizzer.framework.util.CookieUtil
[DEBUG] 2018-10-15 16:13:23,000 org.nutz.ioc.loader.annotation.AnnotationIocLoader.addClass(AnnotationIocLoader.java:76) - Found @IocBean : class cn.wizzer.framework.ig.RedisIdGenerator
[DEBUG] 2018-10-15 16:13:23,000 org.nutz.ioc.loader.annotation.AnnotationIocLoader.addClass(AnnotationIocLoader.java:76) - Found @IocBean : class cn.wizzer.framework.util.DateUtil
[DEBUG] 2018-10-15 16:13:23,000 org.nutz.ioc.loader.annotation.AnnotationIocLoader.addClass(AnnotationIocLoader.java:76) - Found @IocBean : class cn.wizzer.framework.shiro.interceptor.NutShiroMethodInterceptor
[DEBUG] 2018-10-15 16:13:23,000 org.nutz.ioc.loader.annotation.AnnotationIocLoader.addClass(AnnotationIocLoader.java:76) - Found @IocBean : class cn.wizzer.framework.util.IdcardUtil
[DEBUG] 2018-10-15 16:13:23,000 org.nutz.ioc.loader.annotation.AnnotationIocLoader.addClass(AnnotationIocLoader.java:76) - Found @IocBean : class cn.wizzer.framework.rabbit.RabbitProducer
[DEBUG] 2018-10-15 16:13:23,000 org.nutz.ioc.loader.annotation.AnnotationIocLoader.addClass(AnnotationIocLoader.java:76) - Found @IocBean : class cn.wizzer.framework.util.RSAUtil
[DEBUG] 2018-10-15 16:13:23,001 org.nutz.ioc.loader.annotation.AnnotationIocLoader.addClass(AnnotationIocLoader.java:76) - Found @IocBean : class cn.wizzer.framework.util.ShiroUtil
[DEBUG] 2018-10-15 16:13:23,001 org.nutz.ioc.loader.annotation.AnnotationIocLoader.addClass(AnnotationIocLoader.java:76) - Found @IocBean : class cn.wizzer.framework.util.Code128Util
[DEBUG] 2018-10-15 16:13:23,001 org.nutz.ioc.loader.annotation.AnnotationIocLoader.addClass(AnnotationIocLoader.java:76) - Found @IocBean : class cn.wizzer.app.base.modules.services.impl.BaseAirmeterialServiceImpl
[DEBUG] 2018-10-15 16:13:23,001 org.nutz.ioc.loader.annotation.AnnotationIocLoader.addClass(AnnotationIocLoader.java:76) - Found @IocBean : class cn.wizzer.app.base.modules.services.impl.BaseAirportServiceImpl
[DEBUG] 2018-10-15 16:13:23,001 org.nutz.ioc.loader.annotation.AnnotationIocLoader.addClass(AnnotationIocLoader.java:76) - Found @IocBean : class cn.wizzer.app.base.modules.services.impl.BaseCnctobjServiceImpl
[DEBUG] 2018-10-15 16:13:23,001 org.nutz.ioc.loader.annotation.AnnotationIocLoader.addClass(AnnotationIocLoader.java:76) - Found @IocBean : class cn.wizzer.app.base.modules.services.impl.BaseCustomerServiceImpl
[DEBUG] 2018-10-15 16:13:23,001 org.nutz.ioc.loader.annotation.AnnotationIocLoader.addClass(AnnotationIocLoader.java:76) - Found @IocBean : class cn.wizzer.app.base.modules.services.impl.BaseDeptServiceImpl
[DEBUG] 2018-10-15 16:13:23,001 org.nutz.ioc.loader.annotation.AnnotationIocLoader.addClass(AnnotationIocLoader.java:76) - Found @IocBean : class cn.wizzer.app.base.modules.services.impl.BaseJobServiceImpl
[DEBUG] 2018-10-15 16:13:23,001 org.nutz.ioc.loader.annotation.AnnotationIocLoader.addClass(AnnotationIocLoader.java:76) - Found @IocBean : class cn.wizzer.app.base.modules.services.impl.BasePersonpoolServiceImpl
[DEBUG] 2018-10-15 16:13:23,001 org.nutz.ioc.loader.annotation.AnnotationIocLoader.addClass(AnnotationIocLoader.java:76) - Found @IocBean : class cn.wizzer.app.base.modules.services.impl.BasePersonServiceImpl
[DEBUG] 2018-10-15 16:13:23,001 org.nutz.ioc.loader.annotation.AnnotationIocLoader.addClass(AnnotationIocLoader.java:76) - Found @IocBean : class cn.wizzer.app.base.modules.services.impl.BasePlaceServiceImpl
[DEBUG] 2018-10-15 16:13:23,001 org.nutz.ioc.loader.annotation.AnnotationIocLoader.addClass(AnnotationIocLoader.java:76) - Found @IocBean : class cn.wizzer.app.base.modules.services.impl.BasePostServiceImpl
[DEBUG] 2018-10-15 16:13:23,001 org.nutz.ioc.loader.annotation.AnnotationIocLoader.addClass(AnnotationIocLoader.java:76) - Found @IocBean : class cn.wizzer.app.base.modules.services.impl.BaseRowofficeentryServiceImpl
[DEBUG] 2018-10-15 16:13:23,001 org.nutz.ioc.loader.annotation.AnnotationIocLoader.addClass(AnnotationIocLoader.java:76) - Found @IocBean : class cn.wizzer.app.base.modules.services.impl.BaseRowofficeServiceImpl
[DEBUG] 2018-10-15 16:13:23,002 org.nutz.ioc.loader.annotation.AnnotationIocLoader.addClass(AnnotationIocLoader.java:76) - Found @IocBean : class cn.wizzer.app.base.modules.services.impl.BaseVehicleServiceImpl
[DEBUG] 2018-10-15 16:13:23,002 org.nutz.ioc.loader.annotation.AnnotationIocLoader.addClass(AnnotationIocLoader.java:76) - Found @IocBean : class cn.wizzer.app.base.modules.services.impl.BaseWarehouseServiceImpl
[DEBUG] 2018-10-15 16:13:23,002 org.nutz.ioc.loader.annotation.AnnotationIocLoader.addClass(AnnotationIocLoader.java:76) - Found @IocBean : class cn.wizzer.app.cms.modules.services.impl.CmsArticleServiceImpl
[DEBUG] 2018-10-15 16:13:23,002 org.nutz.ioc.loader.annotation.AnnotationIocLoader.addClass(AnnotationIocLoader.java:76) - Found @IocBean : class cn.wizzer.app.cms.modules.services.impl.CmsChannelServiceImpl
[DEBUG] 2018-10-15 16:13:23,002 org.nutz.ioc.loader.annotation.AnnotationIocLoader.addClass(AnnotationIocLoader.java:76) - Found @IocBean : class cn.wizzer.app.cms.modules.services.impl.CmsLinkClassServiceImpl
[DEBUG] 2018-10-15 16:13:23,002 org.nutz.ioc.loader.annotation.AnnotationIocLoader.addClass(AnnotationIocLoader.java:76) - Found @IocBean : class cn.wizzer.app.cms.modules.services.impl.CmsLinkServiceImpl
[DEBUG] 2018-10-15 16:13:23,002 org.nutz.ioc.loader.annotation.AnnotationIocLoader.addClass(AnnotationIocLoader.java:76) - Found @IocBean : class cn.wizzer.app.cms.modules.services.impl.CmsSiteServiceImpl
[DEBUG] 2018-10-15 16:13:23,002 org.nutz.ioc.loader.annotation.AnnotationIocLoader.addClass(AnnotationIocLoader.java:76) - Found @IocBean : class cn.wizzer.app.ins.modules.services.impl.InsBaseinsServiceImpl
[DEBUG] 2018-10-15 16:13:23,002 org.nutz.ioc.loader.annotation.AnnotationIocLoader.addClass(AnnotationIocLoader.java:76) - Found @IocBean : class cn.wizzer.app.ins.modules.services.impl.InsBaseinsSpaceServiceImpl
[DEBUG] 2018-10-15 16:13:23,002 org.nutz.ioc.loader.annotation.AnnotationIocLoader.addClass(AnnotationIocLoader.java:76) - Found @IocBean : class cn.wizzer.app.ins.modules.services.impl.InsCabinetServiceImpl
[DEBUG] 2018-10-15 16:13:23,002 org.nutz.ioc.loader.annotation.AnnotationIocLoader.addClass(AnnotationIocLoader.java:76) - Found @IocBean : class cn.wizzer.app.ins.modules.services.impl.InsCommonServiceImpl
[DEBUG] 2018-10-15 16:13:23,003 org.nutz.ioc.loader.annotation.AnnotationIocLoader.addClass(AnnotationIocLoader.java:76) - Found @IocBean : class cn.wizzer.app.ins.modules.services.impl.InsInstrumentServiceImpl
[DEBUG] 2018-10-15 16:13:23,003 org.nutz.ioc.loader.annotation.AnnotationIocLoader.addClass(AnnotationIocLoader.java:76) - Found @IocBean : class cn.wizzer.app.ins.modules.services.impl.InsLockServiceImpl
[DEBUG] 2018-10-15 16:13:23,003 org.nutz.ioc.loader.annotation.AnnotationIocLoader.addClass(AnnotationIocLoader.java:76) - Found @IocBean : class cn.wizzer.app.ins.modules.services.impl.InsOrderentryServiceImpl
[DEBUG] 2018-10-15 16:13:23,003 org.nutz.ioc.loader.annotation.AnnotationIocLoader.addClass(AnnotationIocLoader.java:76) - Found @IocBean : class cn.wizzer.app.ins.modules.services.impl.InsOrderServiceImpl
[DEBUG] 2018-10-15 16:13:23,003 org.nutz.ioc.loader.annotation.AnnotationIocLoader.addClass(AnnotationIocLoader.java:76) - Found @IocBean : class cn.wizzer.app.ins.modules.services.impl.InsRepairServiceImpl
[DEBUG] 2018-10-15 16:13:23,003 org.nutz.ioc.loader.annotation.AnnotationIocLoader.addClass(AnnotationIocLoader.java:76) - Found @IocBean : class cn.wizzer.app.ins.modules.services.impl.InsRepairtrackServiceImpl
[DEBUG] 2018-10-15 16:13:23,003 org.nutz.ioc.loader.annotation.AnnotationIocLoader.addClass(AnnotationIocLoader.java:76) - Found @IocBean : class cn.wizzer.app.ins.modules.services.impl.InsRfheadServiceImpl
[DEBUG] 2018-10-15 16:13:23,003 org.nutz.ioc.loader.annotation.AnnotationIocLoader.addClass(AnnotationIocLoader.java:76) - Found @IocBean : class cn.wizzer.app.ins.modules.services.impl.InsRfidServiceImpl
[DEBUG] 2018-10-15 16:13:23,004 org.nutz.ioc.loader.annotation.AnnotationIocLoader.addClass(AnnotationIocLoader.java:76) - Found @IocBean : class cn.wizzer.app.ins.modules.services.impl.InsSpaceServiceImpl
[DEBUG] 2018-10-15 16:13:23,004 org.nutz.ioc.loader.annotation.AnnotationIocLoader.addClass(AnnotationIocLoader.java:76) - Found @IocBean : class cn.wizzer.app.ins.modules.services.impl.InsToolcabinetServiceImpl
[DEBUG] 2018-10-15 16:13:23,004 org.nutz.ioc.loader.annotation.AnnotationIocLoader.addClass(AnnotationIocLoader.java:76) - Found @IocBean : class cn.wizzer.app.ins.modules.services.impl.InsTransmitServiceImpl
[DEBUG] 2018-10-15 16:13:23,004 org.nutz.ioc.loader.annotation.AnnotationIocLoader.addClass(AnnotationIocLoader.java:76) - Found @IocBean : class cn.wizzer.app.logistics.modules.services.impl.LogisticsDeliveryorderentryServiceImpl
[DEBUG] 2018-10-15 16:13:23,004 org.nutz.ioc.loader.annotation.AnnotationIocLoader.addClass(AnnotationIocLoader.java:76) - Found @IocBean : class cn.wizzer.app.logistics.modules.services.impl.LogisticsDeliveryorderServiceImpl
[DEBUG] 2018-10-15 16:13:23,004 org.nutz.ioc.loader.annotation.AnnotationIocLoader.addClass(AnnotationIocLoader.java:76) - Found @IocBean : class cn.wizzer.app.logistics.modules.services.impl.LogisticsEntourageServiceImpl
[DEBUG] 2018-10-15 16:13:23,004 org.nutz.ioc.loader.annotation.AnnotationIocLoader.addClass(AnnotationIocLoader.java:76) - Found @IocBean : class cn.wizzer.app.logistics.modules.services.impl.LogisticsOrderdeliveryServiceImpl
[DEBUG] 2018-10-15 16:13:23,004 org.nutz.ioc.loader.annotation.AnnotationIocLoader.addClass(AnnotationIocLoader.java:76) - Found @IocBean : class cn.wizzer.app.logistics.modules.services.impl.LogisticsOrderentryServiceImpl
[DEBUG] 2018-10-15 16:13:23,004 org.nutz.ioc.loader.annotation.AnnotationIocLoader.addClass(AnnotationIocLoader.java:76) - Found @IocBean : class cn.wizzer.app.logistics.modules.services.impl.LogisticsOrderplanentryServiceImpl
[DEBUG] 2018-10-15 16:13:23,004 org.nutz.ioc.loader.annotation.AnnotationIocLoader.addClass(AnnotationIocLoader.java:76) - Found @IocBean : class cn.wizzer.app.logistics.modules.services.impl.LogisticsOrderplanServiceImpl
[DEBUG] 2018-10-15 16:13:23,004 org.nutz.ioc.loader.annotation.AnnotationIocLoader.addClass(AnnotationIocLoader.java:76) - Found @IocBean : class cn.wizzer.app.logistics.modules.services.impl.LogisticsOrderrejectServiceImpl
[DEBUG] 2018-10-15 16:13:23,004 org.nutz.ioc.loader.annotation.AnnotationIocLoader.addClass(AnnotationIocLoader.java:76) - Found @IocBean : class cn.wizzer.app.logistics.modules.services.impl.LogisticsOrderServiceImpl
[DEBUG] 2018-10-15 16:13:23,005 org.nutz.ioc.loader.annotation.AnnotationIocLoader.addClass(AnnotationIocLoader.java:76) - Found @IocBean : class cn.wizzer.app.logistics.modules.services.impl.LogisticsOrderstepServiceImpl
[DEBUG] 2018-10-15 16:13:23,005 org.nutz.ioc.loader.annotation.AnnotationIocLoader.addClass(AnnotationIocLoader.java:76) - Found @IocBean : class cn.wizzer.app.logistics.modules.services.impl.LogisticsSendapprovalServiceImpl
[DEBUG] 2018-10-15 16:13:23,005 org.nutz.ioc.loader.annotation.AnnotationIocLoader.addClass(AnnotationIocLoader.java:76) - Found @IocBean : class cn.wizzer.app.logistics.modules.services.impl.LogisticsSendgoodsServiceImpl
[DEBUG] 2018-10-15 16:13:23,005 org.nutz.ioc.loader.annotation.AnnotationIocLoader.addClass(AnnotationIocLoader.java:76) - Found @IocBean : class cn.wizzer.app.logistics.modules.services.impl.LogisticsSendplanServiceImpl
[DEBUG] 2018-10-15 16:13:23,005 org.nutz.ioc.loader.annotation.AnnotationIocLoader.addClass(AnnotationIocLoader.java:76) - Found @IocBean : class cn.wizzer.app.logistics.modules.services.impl.LogisticsSendtraceServiceImpl
[DEBUG] 2018-10-15 16:13:23,005 org.nutz.ioc.loader.annotation.AnnotationIocLoader.addClass(AnnotationIocLoader.java:76) - Found @IocBean : class cn.wizzer.app.logistics.modules.services.impl.LogisticsUnplanServiceImpl
[DEBUG] 2018-10-15 16:13:23,005 org.nutz.ioc.loader.annotation.AnnotationIocLoader.addClass(AnnotationIocLoader.java:76) - Found @IocBean : class cn.wizzer.app.sys.modules.services.impl.SysApiServiceImpl
[DEBUG] 2018-10-15 16:13:23,005 org.nutz.ioc.loader.annotation.AnnotationIocLoader.addClass(AnnotationIocLoader.java:76) - Found @IocBean : class cn.wizzer.app.sys.modules.services.impl.SysBarcodeServiceImpl
[DEBUG] 2018-10-15 16:13:23,005 org.nutz.ioc.loader.annotation.AnnotationIocLoader.addClass(AnnotationIocLoader.java:76) - Found @IocBean : class cn.wizzer.app.sys.modules.services.impl.SysConfigServiceImpl
[DEBUG] 2018-10-15 16:13:23,005 org.nutz.ioc.loader.annotation.AnnotationIocLoader.addClass(AnnotationIocLoader.java:76) - Found @IocBean : class cn.wizzer.app.sys.modules.services.impl.SysDictServiceImpl
[DEBUG] 2018-10-15 16:13:23,005 org.nutz.ioc.loader.annotation.AnnotationIocLoader.addClass(AnnotationIocLoader.java:76) - Found @IocBean : class cn.wizzer.app.sys.modules.services.impl.SysLogServiceImpl
[DEBUG] 2018-10-15 16:13:23,005 org.nutz.ioc.loader.annotation.AnnotationIocLoader.addClass(AnnotationIocLoader.java:76) - Found @IocBean : class cn.wizzer.app.sys.modules.services.impl.SysMenuServiceImpl
[DEBUG] 2018-10-15 16:13:23,005 org.nutz.ioc.loader.annotation.AnnotationIocLoader.addClass(AnnotationIocLoader.java:76) - Found @IocBean : class cn.wizzer.app.sys.modules.services.impl.SysMobileServiceImpl
[DEBUG] 2018-10-15 16:13:23,005 org.nutz.ioc.loader.annotation.AnnotationIocLoader.addClass(AnnotationIocLoader.java:76) - Found @IocBean : class cn.wizzer.app.sys.modules.services.impl.SysPluginServiceImpl
[DEBUG] 2018-10-15 16:13:23,006 org.nutz.ioc.loader.annotation.AnnotationIocLoader.addClass(AnnotationIocLoader.java:76) - Found @IocBean : class cn.wizzer.app.sys.modules.services.impl.SysRegistauditServiceImpl
[DEBUG] 2018-10-15 16:13:23,006 org.nutz.ioc.loader.annotation.AnnotationIocLoader.addClass(AnnotationIocLoader.java:76) - Found @IocBean : class cn.wizzer.app.sys.modules.services.impl.SysRoleServiceImpl
[DEBUG] 2018-10-15 16:13:23,006 org.nutz.ioc.loader.annotation.AnnotationIocLoader.addClass(AnnotationIocLoader.java:76) - Found @IocBean : class cn.wizzer.app.sys.modules.services.impl.SysRouteServiceImpl
[DEBUG] 2018-10-15 16:13:23,006 org.nutz.ioc.loader.annotation.AnnotationIocLoader.addClass(AnnotationIocLoader.java:76) - Found @IocBean : class cn.wizzer.app.sys.modules.services.impl.SysTaskServiceImpl
[DEBUG] 2018-10-15 16:13:23,006 org.nutz.ioc.loader.annotation.AnnotationIocLoader.addClass(AnnotationIocLoader.java:76) - Found @IocBean : class cn.wizzer.app.sys.modules.services.impl.SysTempuserServiceImpl
[DEBUG] 2018-10-15 16:13:23,006 org.nutz.ioc.loader.annotation.AnnotationIocLoader.addClass(AnnotationIocLoader.java:76) - Found @IocBean : class cn.wizzer.app.sys.modules.services.impl.SysUnitServiceImpl
[DEBUG] 2018-10-15 16:13:23,006 org.nutz.ioc.loader.annotation.AnnotationIocLoader.addClass(AnnotationIocLoader.java:76) - Found @IocBean : class cn.wizzer.app.sys.modules.services.impl.SysUserServiceImpl
[DEBUG] 2018-10-15 16:13:23,006 org.nutz.ioc.loader.annotation.AnnotationIocLoader.addClass(AnnotationIocLoader.java:76) - Found @IocBean : class cn.wizzer.app.sys.modules.services.impl.SysVersionServiceImpl
[DEBUG] 2018-10-15 16:13:23,006 org.nutz.ioc.loader.annotation.AnnotationIocLoader.addClass(AnnotationIocLoader.java:76) - Found @IocBean : class cn.wizzer.app.sys.modules.services.impl.SysWxDeptServiceImpl
[DEBUG] 2018-10-15 16:13:23,006 org.nutz.ioc.loader.annotation.AnnotationIocLoader.addClass(AnnotationIocLoader.java:76) - Found @IocBean : class cn.wizzer.app.sys.modules.services.impl.SysWxServiceImpl
[DEBUG] 2018-10-15 16:13:23,006 org.nutz.ioc.loader.annotation.AnnotationIocLoader.addClass(AnnotationIocLoader.java:76) - Found @IocBean : class cn.wizzer.app.sys.modules.services.impl.SysWxUserServiceImpl
[DEBUG] 2018-10-15 16:13:23,006 org.nutz.ioc.loader.annotation.AnnotationIocLoader.addClass(AnnotationIocLoader.java:76) - Found @IocBean : class cn.wizzer.app.web.commons.plugin.DynamicInterceptor
[DEBUG] 2018-10-15 16:13:23,006 org.nutz.ioc.loader.annotation.AnnotationIocLoader.addClass(AnnotationIocLoader.java:76) - Found @IocBean : class cn.wizzer.app.web.commons.plugin.PluginAopConfigure
[DEBUG] 2018-10-15 16:13:23,006 org.nutz.ioc.loader.annotation.AnnotationIocLoader.addClass(AnnotationIocLoader.java:76) - Found @IocBean : class cn.wizzer.app.web.commons.plugin.PluginMaster
[DEBUG] 2018-10-15 16:13:23,007 org.nutz.ioc.loader.annotation.AnnotationIocLoader.addClass(AnnotationIocLoader.java:76) - Found @IocBean : class cn.wizzer.app.web.commons.quartz.job.orderExecute
[DEBUG] 2018-10-15 16:13:23,007 org.nutz.ioc.loader.annotation.AnnotationIocLoader.addClass(AnnotationIocLoader.java:76) - Found @IocBean : class cn.wizzer.app.web.commons.quartz.job.TestJob
[DEBUG] 2018-10-15 16:13:23,007 org.nutz.ioc.loader.annotation.AnnotationIocLoader.addClass(AnnotationIocLoader.java:76) - Found @IocBean : class cn.wizzer.app.web.commons.services.email.EmailService
[DEBUG] 2018-10-15 16:13:23,007 org.nutz.ioc.loader.annotation.AnnotationIocLoader.addClass(AnnotationIocLoader.java:76) - Found @IocBean : class cn.wizzer.app.web.commons.services.qrcode.QrcodeService
[DEBUG] 2018-10-15 16:13:23,007 org.nutz.ioc.loader.annotation.AnnotationIocLoader.addClass(AnnotationIocLoader.java:76) - Found @IocBean : class cn.wizzer.app.web.commons.services.wx.TplService
[DEBUG] 2018-10-15 16:13:23,007 org.nutz.ioc.loader.annotation.AnnotationIocLoader.addClass(AnnotationIocLoader.java:76) - Found @IocBean : class cn.wizzer.app.web.commons.services.wx.WxHandler
[DEBUG] 2018-10-15 16:13:23,007 org.nutz.ioc.loader.annotation.AnnotationIocLoader.addClass(AnnotationIocLoader.java:76) - Found @IocBean : class cn.wizzer.app.web.commons.shiro.realm.PlatformAuthorizingRealm
[DEBUG] 2018-10-15 16:13:23,007 org.nutz.ioc.loader.annotation.AnnotationIocLoader.addClass(AnnotationIocLoader.java:76) - Found @IocBean : class cn.wizzer.app.web.commons.slog.SLogAopConfigration
[DEBUG] 2018-10-15 16:13:23,007 org.nutz.ioc.loader.annotation.AnnotationIocLoader.addClass(AnnotationIocLoader.java:76) - Found @IocBean : class cn.wizzer.app.web.commons.slog.SLogService
[DEBUG] 2018-10-15 16:13:23,007 org.nutz.ioc.loader.annotation.AnnotationIocLoader.addClass(AnnotationIocLoader.java:76) - Found @IocBean : class cn.wizzer.app.web.modules.controllers.front.wx.CmsController
[DEBUG] 2018-10-15 16:13:23,008 org.nutz.ioc.loader.annotation.AnnotationIocLoader.addClass(AnnotationIocLoader.java:76) - Found @IocBean : class cn.wizzer.app.web.modules.controllers.front.wx.WechatController
[DEBUG] 2018-10-15 16:13:23,008 org.nutz.ioc.loader.annotation.AnnotationIocLoader.addClass(AnnotationIocLoader.java:76) - Found @IocBean : class cn.wizzer.app.web.modules.controllers.open.api.mobile.MobileBaseController
[DEBUG] 2018-10-15 16:13:23,008 org.nutz.ioc.loader.annotation.AnnotationIocLoader.addClass(AnnotationIocLoader.java:76) - Found @IocBean : class cn.wizzer.app.web.modules.controllers.open.api.mobile.MobileInsController
[DEBUG] 2018-10-15 16:13:23,008 org.nutz.ioc.loader.annotation.AnnotationIocLoader.addClass(AnnotationIocLoader.java:76) - Found @IocBean : class cn.wizzer.app.web.modules.controllers.open.api.mobile.MobileOrderController
[DEBUG] 2018-10-15 16:13:23,008 org.nutz.ioc.loader.annotation.AnnotationIocLoader.addClass(AnnotationIocLoader.java:76) - Found @IocBean : class cn.wizzer.app.web.modules.controllers.open.api.mobile.MobileSysController
[DEBUG] 2018-10-15 16:13:23,008 org.nutz.ioc.loader.annotation.AnnotationIocLoader.addClass(AnnotationIocLoader.java:76) - Found @IocBean : class cn.wizzer.app.web.modules.controllers.open.api.pad.PadInsController
[DEBUG] 2018-10-15 16:13:23,008 org.nutz.ioc.loader.annotation.AnnotationIocLoader.addClass(AnnotationIocLoader.java:76) - Found @IocBean : class cn.wizzer.app.web.modules.controllers.open.api.pad.PadOrderController
[DEBUG] 2018-10-15 16:13:23,008 org.nutz.ioc.loader.annotation.AnnotationIocLoader.addClass(AnnotationIocLoader.java:76) - Found @IocBean : class cn.wizzer.app.web.modules.controllers.open.api.pad.PadSysController
[DEBUG] 2018-10-15 16:13:23,008 org.nutz.ioc.loader.annotation.AnnotationIocLoader.addClass(AnnotationIocLoader.java:76) - Found @IocBean : class cn.wizzer.app.web.modules.controllers.open.api.test.ApiTestController
[DEBUG] 2018-10-15 16:13:23,008 org.nutz.ioc.loader.annotation.AnnotationIocLoader.addClass(AnnotationIocLoader.java:76) - Found @IocBean : class cn.wizzer.app.web.modules.controllers.open.api.token.TokenController
[DEBUG] 2018-10-15 16:13:23,008 org.nutz.ioc.loader.annotation.AnnotationIocLoader.addClass(AnnotationIocLoader.java:76) - Found @IocBean : class cn.wizzer.app.web.modules.controllers.open.api.userpermission.UserpermissionController
[DEBUG] 2018-10-15 16:13:23,008 org.nutz.ioc.loader.annotation.AnnotationIocLoader.addClass(AnnotationIocLoader.java:76) - Found @IocBean : class cn.wizzer.app.web.modules.controllers.open.file.UploadController
[DEBUG] 2018-10-15 16:13:23,008 org.nutz.ioc.loader.annotation.AnnotationIocLoader.addClass(AnnotationIocLoader.java:76) - Found @IocBean : class cn.wizzer.app.web.modules.controllers.open.pay.WxPayBackController
[DEBUG] 2018-10-15 16:13:23,009 org.nutz.ioc.loader.annotation.AnnotationIocLoader.addClass(AnnotationIocLoader.java:76) - Found @IocBean : class cn.wizzer.app.web.modules.controllers.open.ueditor.BdController
[DEBUG] 2018-10-15 16:13:23,009 org.nutz.ioc.loader.annotation.AnnotationIocLoader.addClass(AnnotationIocLoader.java:76) - Found @IocBean : class cn.wizzer.app.web.modules.controllers.open.ueditor.WxController
[DEBUG] 2018-10-15 16:13:23,009 org.nutz.ioc.loader.annotation.AnnotationIocLoader.addClass(AnnotationIocLoader.java:76) - Found @IocBean : class cn.wizzer.app.web.modules.controllers.open.wx.WeixinController
[DEBUG] 2018-10-15 16:13:23,009 org.nutz.ioc.loader.annotation.AnnotationIocLoader.addClass(AnnotationIocLoader.java:76) - Found @IocBean : class cn.wizzer.app.web.modules.controllers.platform.base.BaseAirmeterialController
[DEBUG] 2018-10-15 16:13:23,009 org.nutz.ioc.loader.annotation.AnnotationIocLoader.addClass(AnnotationIocLoader.java:76) - Found @IocBean : class cn.wizzer.app.web.modules.controllers.platform.base.BaseAirportController
[DEBUG] 2018-10-15 16:13:23,009 org.nutz.ioc.loader.annotation.AnnotationIocLoader.addClass(AnnotationIocLoader.java:76) - Found @IocBean : class cn.wizzer.app.web.modules.controllers.platform.base.BaseCnctobjController
[DEBUG] 2018-10-15 16:13:23,009 org.nutz.ioc.loader.annotation.AnnotationIocLoader.addClass(AnnotationIocLoader.java:76) - Found @IocBean : class cn.wizzer.app.web.modules.controllers.platform.base.BaseCustomerController
[DEBUG] 2018-10-15 16:13:23,009 org.nutz.ioc.loader.annotation.AnnotationIocLoader.addClass(AnnotationIocLoader.java:76) - Found @IocBean : class cn.wizzer.app.web.modules.controllers.platform.base.BaseDeptController
[DEBUG] 2018-10-15 16:13:23,009 org.nutz.ioc.loader.annotation.AnnotationIocLoader.addClass(AnnotationIocLoader.java:76) - Found @IocBean : class cn.wizzer.app.web.modules.controllers.platform.base.BaseJobController
[DEBUG] 2018-10-15 16:13:23,009 org.nutz.ioc.loader.annotation.AnnotationIocLoader.addClass(AnnotationIocLoader.java:76) - Found @IocBean : class cn.wizzer.app.web.modules.controllers.platform.base.BasePersonController
[DEBUG] 2018-10-15 16:13:23,009 org.nutz.ioc.loader.annotation.AnnotationIocLoader.addClass(AnnotationIocLoader.java:76) - Found @IocBean : class cn.wizzer.app.web.modules.controllers.platform.base.BasePersonpoolController
[DEBUG] 2018-10-15 16:13:23,009 org.nutz.ioc.loader.annotation.AnnotationIocLoader.addClass(AnnotationIocLoader.java:76) - Found @IocBean : class cn.wizzer.app.web.modules.controllers.platform.base.BasePlaceController
[DEBUG] 2018-10-15 16:13:23,009 org.nutz.ioc.loader.annotation.AnnotationIocLoader.addClass(AnnotationIocLoader.java:76) - Found @IocBean : class cn.wizzer.app.web.modules.controllers.platform.base.BasePostController
[DEBUG] 2018-10-15 16:13:23,009 org.nutz.ioc.loader.annotation.AnnotationIocLoader.addClass(AnnotationIocLoader.java:76) - Found @IocBean : class cn.wizzer.app.web.modules.controllers.platform.base.BaseRowofficeController
[DEBUG] 2018-10-15 16:13:23,009 org.nutz.ioc.loader.annotation.AnnotationIocLoader.addClass(AnnotationIocLoader.java:76) - Found @IocBean : class cn.wizzer.app.web.modules.controllers.platform.base.BaseRowofficeentryController
[DEBUG] 2018-10-15 16:13:23,010 org.nutz.ioc.loader.annotation.AnnotationIocLoader.addClass(AnnotationIocLoader.java:76) - Found @IocBean : class cn.wizzer.app.web.modules.controllers.platform.base.BaseVehicleController
[DEBUG] 2018-10-15 16:13:23,010 org.nutz.ioc.loader.annotation.AnnotationIocLoader.addClass(AnnotationIocLoader.java:76) - Found @IocBean : class cn.wizzer.app.web.modules.controllers.platform.base.BaseWarehouseController
[DEBUG] 2018-10-15 16:13:23,010 org.nutz.ioc.loader.annotation.AnnotationIocLoader.addClass(AnnotationIocLoader.java:76) - Found @IocBean : class cn.wizzer.app.web.modules.controllers.platform.cms.CmsArticleController
[DEBUG] 2018-10-15 16:13:23,010 org.nutz.ioc.loader.annotation.AnnotationIocLoader.addClass(AnnotationIocLoader.java:76) - Found @IocBean : class cn.wizzer.app.web.modules.controllers.platform.cms.CmsChannelController
[DEBUG] 2018-10-15 16:13:23,010 org.nutz.ioc.loader.annotation.AnnotationIocLoader.addClass(AnnotationIocLoader.java:76) - Found @IocBean : class cn.wizzer.app.web.modules.controllers.platform.cms.CmsLinkClassController
[DEBUG] 2018-10-15 16:13:23,010 org.nutz.ioc.loader.annotation.AnnotationIocLoader.addClass(AnnotationIocLoader.java:76) - Found @IocBean : class cn.wizzer.app.web.modules.controllers.platform.cms.CmsLinkController
[DEBUG] 2018-10-15 16:13:23,010 org.nutz.ioc.loader.annotation.AnnotationIocLoader.addClass(AnnotationIocLoader.java:76) - Found @IocBean : class cn.wizzer.app.web.modules.controllers.platform.cms.CmsSiteController
[DEBUG] 2018-10-15 16:13:23,010 org.nutz.ioc.loader.annotation.AnnotationIocLoader.addClass(AnnotationIocLoader.java:76) - Found @IocBean : class cn.wizzer.app.web.modules.controllers.platform.ins.InsBaseinsController
[DEBUG] 2018-10-15 16:13:23,010 org.nutz.ioc.loader.annotation.AnnotationIocLoader.addClass(AnnotationIocLoader.java:76) - Found @IocBean : class cn.wizzer.app.web.modules.controllers.platform.ins.InsBaseinsSpaceController
[DEBUG] 2018-10-15 16:13:23,010 org.nutz.ioc.loader.annotation.AnnotationIocLoader.addClass(AnnotationIocLoader.java:76) - Found @IocBean : class cn.wizzer.app.web.modules.controllers.platform.ins.InsCabinetController
[DEBUG] 2018-10-15 16:13:23,010 org.nutz.ioc.loader.annotation.AnnotationIocLoader.addClass(AnnotationIocLoader.java:76) - Found @IocBean : class cn.wizzer.app.web.modules.controllers.platform.ins.InsCommonController
[DEBUG] 2018-10-15 16:13:23,010 org.nutz.ioc.loader.annotation.AnnotationIocLoader.addClass(AnnotationIocLoader.java:76) - Found @IocBean : class cn.wizzer.app.web.modules.controllers.platform.ins.InsInstrumentController
[DEBUG] 2018-10-15 16:13:23,010 org.nutz.ioc.loader.annotation.AnnotationIocLoader.addClass(AnnotationIocLoader.java:76) - Found @IocBean : class cn.wizzer.app.web.modules.controllers.platform.ins.InsLockController
[DEBUG] 2018-10-15 16:13:23,010 org.nutz.ioc.loader.annotation.AnnotationIocLoader.addClass(AnnotationIocLoader.java:76) - Found @IocBean : class cn.wizzer.app.web.modules.controllers.platform.ins.InsOrderController
[DEBUG] 2018-10-15 16:13:23,010 org.nutz.ioc.loader.annotation.AnnotationIocLoader.addClass(AnnotationIocLoader.java:76) - Found @IocBean : class cn.wizzer.app.web.modules.controllers.platform.ins.InsOrderentryController
[DEBUG] 2018-10-15 16:13:23,010 org.nutz.ioc.loader.annotation.AnnotationIocLoader.addClass(AnnotationIocLoader.java:76) - Found @IocBean : class cn.wizzer.app.web.modules.controllers.platform.ins.InsRepairController
[DEBUG] 2018-10-15 16:13:23,011 org.nutz.ioc.loader.annotation.AnnotationIocLoader.addClass(AnnotationIocLoader.java:76) - Found @IocBean : class cn.wizzer.app.web.modules.controllers.platform.ins.InsRepairtrackController
[DEBUG] 2018-10-15 16:13:23,011 org.nutz.ioc.loader.annotation.AnnotationIocLoader.addClass(AnnotationIocLoader.java:76) - Found @IocBean : class cn.wizzer.app.web.modules.controllers.platform.ins.InsRfheadController
[DEBUG] 2018-10-15 16:13:23,011 org.nutz.ioc.loader.annotation.AnnotationIocLoader.addClass(AnnotationIocLoader.java:76) - Found @IocBean : class cn.wizzer.app.web.modules.controllers.platform.ins.InsRfidController
[DEBUG] 2018-10-15 16:13:23,011 org.nutz.ioc.loader.annotation.AnnotationIocLoader.addClass(AnnotationIocLoader.java:76) - Found @IocBean : class cn.wizzer.app.web.modules.controllers.platform.ins.InsSpaceController
[DEBUG] 2018-10-15 16:13:23,011 org.nutz.ioc.loader.annotation.AnnotationIocLoader.addClass(AnnotationIocLoader.java:76) - Found @IocBean : class cn.wizzer.app.web.modules.controllers.platform.ins.InsToolcabinetController
[DEBUG] 2018-10-15 16:13:23,011 org.nutz.ioc.loader.annotation.AnnotationIocLoader.addClass(AnnotationIocLoader.java:76) - Found @IocBean : class cn.wizzer.app.web.modules.controllers.platform.ins.InsTransmitController
[DEBUG] 2018-10-15 16:13:23,011 org.nutz.ioc.loader.annotation.AnnotationIocLoader.addClass(AnnotationIocLoader.java:76) - Found @IocBean : class cn.wizzer.app.web.modules.controllers.platform.logistics.LogisticsDeliveryorderController
[DEBUG] 2018-10-15 16:13:23,011 org.nutz.ioc.loader.annotation.AnnotationIocLoader.addClass(AnnotationIocLoader.java:76) - Found @IocBean : class cn.wizzer.app.web.modules.controllers.platform.logistics.LogisticsDeliveryorderentryController
[DEBUG] 2018-10-15 16:13:23,011 org.nutz.ioc.loader.annotation.AnnotationIocLoader.addClass(AnnotationIocLoader.java:76) - Found @IocBean : class cn.wizzer.app.web.modules.controllers.platform.logistics.LogisticsEntourageController
[DEBUG] 2018-10-15 16:13:23,011 org.nutz.ioc.loader.annotation.AnnotationIocLoader.addClass(AnnotationIocLoader.java:76) - Found @IocBean : class cn.wizzer.app.web.modules.controllers.platform.logistics.LogisticsOrderController
[DEBUG] 2018-10-15 16:13:23,011 org.nutz.ioc.loader.annotation.AnnotationIocLoader.addClass(AnnotationIocLoader.java:76) - Found @IocBean : class cn.wizzer.app.web.modules.controllers.platform.logistics.LogisticsOrderdeliveryController
[DEBUG] 2018-10-15 16:13:23,011 org.nutz.ioc.loader.annotation.AnnotationIocLoader.addClass(AnnotationIocLoader.java:76) - Found @IocBean : class cn.wizzer.app.web.modules.controllers.platform.logistics.LogisticsOrderentryController
[DEBUG] 2018-10-15 16:13:23,011 org.nutz.ioc.loader.annotation.AnnotationIocLoader.addClass(AnnotationIocLoader.java:76) - Found @IocBean : class cn.wizzer.app.web.modules.controllers.platform.logistics.LogisticsOrderplanController
[DEBUG] 2018-10-15 16:13:23,011 org.nutz.ioc.loader.annotation.AnnotationIocLoader.addClass(AnnotationIocLoader.java:76) - Found @IocBean : class cn.wizzer.app.web.modules.controllers.platform.logistics.LogisticsOrderplanentryController
[DEBUG] 2018-10-15 16:13:23,011 org.nutz.ioc.loader.annotation.AnnotationIocLoader.addClass(AnnotationIocLoader.java:76) - Found @IocBean : class cn.wizzer.app.web.modules.controllers.platform.logistics.LogisticsOrderrejectController
[DEBUG] 2018-10-15 16:13:23,011 org.nutz.ioc.loader.annotation.AnnotationIocLoader.addClass(AnnotationIocLoader.java:76) - Found @IocBean : class cn.wizzer.app.web.modules.controllers.platform.logistics.LogisticsOrderstepController
[DEBUG] 2018-10-15 16:13:23,012 org.nutz.ioc.loader.annotation.AnnotationIocLoader.addClass(AnnotationIocLoader.java:76) - Found @IocBean : class cn.wizzer.app.web.modules.controllers.platform.logistics.LogisticsSendapprovalController
[DEBUG] 2018-10-15 16:13:23,012 org.nutz.ioc.loader.annotation.AnnotationIocLoader.addClass(AnnotationIocLoader.java:76) - Found @IocBean : class cn.wizzer.app.web.modules.controllers.platform.logistics.LogisticsSendgoodsController
[DEBUG] 2018-10-15 16:13:23,012 org.nutz.ioc.loader.annotation.AnnotationIocLoader.addClass(AnnotationIocLoader.java:76) - Found @IocBean : class cn.wizzer.app.web.modules.controllers.platform.logistics.LogisticsSendplanController
[DEBUG] 2018-10-15 16:13:23,012 org.nutz.ioc.loader.annotation.AnnotationIocLoader.addClass(AnnotationIocLoader.java:76) - Found @IocBean : class cn.wizzer.app.web.modules.controllers.platform.logistics.LogisticsSendtraceController
[DEBUG] 2018-10-15 16:13:23,012 org.nutz.ioc.loader.annotation.AnnotationIocLoader.addClass(AnnotationIocLoader.java:76) - Found @IocBean : class cn.wizzer.app.web.modules.controllers.platform.logistics.LogisticsUnplanController
[DEBUG] 2018-10-15 16:13:23,012 org.nutz.ioc.loader.annotation.AnnotationIocLoader.addClass(AnnotationIocLoader.java:76) - Found @IocBean : class cn.wizzer.app.web.modules.controllers.platform.sys.SysApiController
[DEBUG] 2018-10-15 16:13:23,012 org.nutz.ioc.loader.annotation.AnnotationIocLoader.addClass(AnnotationIocLoader.java:76) - Found @IocBean : class cn.wizzer.app.web.modules.controllers.platform.sys.SysBarcodeController
[DEBUG] 2018-10-15 16:13:23,012 org.nutz.ioc.loader.annotation.AnnotationIocLoader.addClass(AnnotationIocLoader.java:76) - Found @IocBean : class cn.wizzer.app.web.modules.controllers.platform.sys.SysConfController
[DEBUG] 2018-10-15 16:13:23,012 org.nutz.ioc.loader.annotation.AnnotationIocLoader.addClass(AnnotationIocLoader.java:76) - Found @IocBean : class cn.wizzer.app.web.modules.controllers.platform.sys.SysDictController
[DEBUG] 2018-10-15 16:13:23,012 org.nutz.ioc.loader.annotation.AnnotationIocLoader.addClass(AnnotationIocLoader.java:76) - Found @IocBean : class cn.wizzer.app.web.modules.controllers.platform.sys.SysHomeController
[DEBUG] 2018-10-15 16:13:23,012 org.nutz.ioc.loader.annotation.AnnotationIocLoader.addClass(AnnotationIocLoader.java:76) - Found @IocBean : class cn.wizzer.app.web.modules.controllers.platform.sys.SysLogController
[DEBUG] 2018-10-15 16:13:23,012 org.nutz.ioc.loader.annotation.AnnotationIocLoader.addClass(AnnotationIocLoader.java:76) - Found @IocBean : class cn.wizzer.app.web.modules.controllers.platform.sys.SysLoginController
[DEBUG] 2018-10-15 16:13:23,012 org.nutz.ioc.loader.annotation.AnnotationIocLoader.addClass(AnnotationIocLoader.java:76) - Found @IocBean : class cn.wizzer.app.web.modules.controllers.platform.sys.SysMenuController
[DEBUG] 2018-10-15 16:13:23,012 org.nutz.ioc.loader.annotation.AnnotationIocLoader.addClass(AnnotationIocLoader.java:76) - Found @IocBean : class cn.wizzer.app.web.modules.controllers.platform.sys.SysMobileController
[DEBUG] 2018-10-15 16:13:23,012 org.nutz.ioc.loader.annotation.AnnotationIocLoader.addClass(AnnotationIocLoader.java:76) - Found @IocBean : class cn.wizzer.app.web.modules.controllers.platform.sys.SysPluginController
[DEBUG] 2018-10-15 16:13:23,013 org.nutz.ioc.loader.annotation.AnnotationIocLoader.addClass(AnnotationIocLoader.java:76) - Found @IocBean : class cn.wizzer.app.web.modules.controllers.platform.sys.SysRegistauditController
[DEBUG] 2018-10-15 16:13:23,013 org.nutz.ioc.loader.annotation.AnnotationIocLoader.addClass(AnnotationIocLoader.java:76) - Found @IocBean : class cn.wizzer.app.web.modules.controllers.platform.sys.SysRoleController
[DEBUG] 2018-10-15 16:13:23,013 org.nutz.ioc.loader.annotation.AnnotationIocLoader.addClass(AnnotationIocLoader.java:76) - Found @IocBean : class cn.wizzer.app.web.modules.controllers.platform.sys.SysRouteController
[DEBUG] 2018-10-15 16:13:23,013 org.nutz.ioc.loader.annotation.AnnotationIocLoader.addClass(AnnotationIocLoader.java:76) - Found @IocBean : class cn.wizzer.app.web.modules.controllers.platform.sys.SysTaskController
[DEBUG] 2018-10-15 16:13:23,013 org.nutz.ioc.loader.annotation.AnnotationIocLoader.addClass(AnnotationIocLoader.java:76) - Found @IocBean : class cn.wizzer.app.web.modules.controllers.platform.sys.SysTempuserController
[DEBUG] 2018-10-15 16:13:23,013 org.nutz.ioc.loader.annotation.AnnotationIocLoader.addClass(AnnotationIocLoader.java:76) - Found @IocBean : class cn.wizzer.app.web.modules.controllers.platform.sys.SysUnitController
[DEBUG] 2018-10-15 16:13:23,013 org.nutz.ioc.loader.annotation.AnnotationIocLoader.addClass(AnnotationIocLoader.java:76) - Found @IocBean : class cn.wizzer.app.web.modules.controllers.platform.sys.SysUserController
[DEBUG] 2018-10-15 16:13:23,013 org.nutz.ioc.loader.annotation.AnnotationIocLoader.addClass(AnnotationIocLoader.java:76) - Found @IocBean : class cn.wizzer.app.web.modules.controllers.platform.sys.SysVersionController
[DEBUG] 2018-10-15 16:13:23,013 org.nutz.ioc.loader.annotation.AnnotationIocLoader.addClass(AnnotationIocLoader.java:76) - Found @IocBean : class cn.wizzer.app.web.modules.controllers.platform.sys.SysWxController
[DEBUG] 2018-10-15 16:13:23,013 org.nutz.ioc.loader.annotation.AnnotationIocLoader.addClass(AnnotationIocLoader.java:76) - Found @IocBean : class cn.wizzer.app.web.modules.controllers.platform.sys.SysWxDeptController
[DEBUG] 2018-10-15 16:13:23,013 org.nutz.ioc.loader.annotation.AnnotationIocLoader.addClass(AnnotationIocLoader.java:76) - Found @IocBean : class cn.wizzer.app.web.modules.controllers.platform.sys.SysWxUserController
[DEBUG] 2018-10-15 16:13:23,013 org.nutz.ioc.loader.annotation.AnnotationIocLoader.addClass(AnnotationIocLoader.java:76) - Found @IocBean : class cn.wizzer.app.web.modules.controllers.platform.wx.WxConfigController
[DEBUG] 2018-10-15 16:13:23,013 org.nutz.ioc.loader.annotation.AnnotationIocLoader.addClass(AnnotationIocLoader.java:76) - Found @IocBean : class cn.wizzer.app.web.modules.controllers.platform.wx.WxMassController
[DEBUG] 2018-10-15 16:13:23,013 org.nutz.ioc.loader.annotation.AnnotationIocLoader.addClass(AnnotationIocLoader.java:76) - Found @IocBean : class cn.wizzer.app.web.modules.controllers.platform.wx.WxMenuController
[DEBUG] 2018-10-15 16:13:23,013 org.nutz.ioc.loader.annotation.AnnotationIocLoader.addClass(AnnotationIocLoader.java:76) - Found @IocBean : class cn.wizzer.app.web.modules.controllers.platform.wx.WxMsgUserController
[DEBUG] 2018-10-15 16:13:23,013 org.nutz.ioc.loader.annotation.AnnotationIocLoader.addClass(AnnotationIocLoader.java:76) - Found @IocBean : class cn.wizzer.app.web.modules.controllers.platform.wx.WxPayTestController
[DEBUG] 2018-10-15 16:13:23,014 org.nutz.ioc.loader.annotation.AnnotationIocLoader.addClass(AnnotationIocLoader.java:76) - Found @IocBean : class cn.wizzer.app.web.modules.controllers.platform.wx.WxReplyController
[DEBUG] 2018-10-15 16:13:23,014 org.nutz.ioc.loader.annotation.AnnotationIocLoader.addClass(AnnotationIocLoader.java:76) - Found @IocBean : class cn.wizzer.app.web.modules.controllers.platform.wx.WxReplyNewsController
[DEBUG] 2018-10-15 16:13:23,014 org.nutz.ioc.loader.annotation.AnnotationIocLoader.addClass(AnnotationIocLoader.java:76) - Found @IocBean : class cn.wizzer.app.web.modules.controllers.platform.wx.WxReplyTxtController
[DEBUG] 2018-10-15 16:13:23,014 org.nutz.ioc.loader.annotation.AnnotationIocLoader.addClass(AnnotationIocLoader.java:76) - Found @IocBean : class cn.wizzer.app.web.modules.controllers.platform.wx.WxTplIdController
[DEBUG] 2018-10-15 16:13:23,014 org.nutz.ioc.loader.annotation.AnnotationIocLoader.addClass(AnnotationIocLoader.java:76) - Found @IocBean : class cn.wizzer.app.web.modules.controllers.platform.wx.WxTplListController
[DEBUG] 2018-10-15 16:13:23,014 org.nutz.ioc.loader.annotation.AnnotationIocLoader.addClass(AnnotationIocLoader.java:76) - Found @IocBean : class cn.wizzer.app.web.modules.controllers.platform.wx.WxTplLogController
[DEBUG] 2018-10-15 16:13:23,014 org.nutz.ioc.loader.annotation.AnnotationIocLoader.addClass(AnnotationIocLoader.java:76) - Found @IocBean : class cn.wizzer.app.web.modules.controllers.platform.wx.WxUserController
[DEBUG] 2018-10-15 16:13:23,014 org.nutz.ioc.loader.annotation.AnnotationIocLoader.addClass(AnnotationIocLoader.java:76) - Found @IocBean : class cn.wizzer.app.wx.modules.services.impl.WxConfigServiceImpl
[DEBUG] 2018-10-15 16:13:23,014 org.nutz.ioc.loader.annotation.AnnotationIocLoader.addClass(AnnotationIocLoader.java:76) - Found @IocBean : class cn.wizzer.app.wx.modules.services.impl.WxMassNewsServiceImpl
[DEBUG] 2018-10-15 16:13:23,014 org.nutz.ioc.loader.annotation.AnnotationIocLoader.addClass(AnnotationIocLoader.java:76) - Found @IocBean : class cn.wizzer.app.wx.modules.services.impl.WxMassSendServiceImpl
[DEBUG] 2018-10-15 16:13:23,014 org.nutz.ioc.loader.annotation.AnnotationIocLoader.addClass(AnnotationIocLoader.java:76) - Found @IocBean : class cn.wizzer.app.wx.modules.services.impl.WxMassServiceImpl
[DEBUG] 2018-10-15 16:13:23,014 org.nutz.ioc.loader.annotation.AnnotationIocLoader.addClass(AnnotationIocLoader.java:76) - Found @IocBean : class cn.wizzer.app.wx.modules.services.impl.WxMenuServiceImpl
[DEBUG] 2018-10-15 16:13:23,014 org.nutz.ioc.loader.annotation.AnnotationIocLoader.addClass(AnnotationIocLoader.java:76) - Found @IocBean : class cn.wizzer.app.wx.modules.services.impl.WxMsgReplyServiceImpl
[DEBUG] 2018-10-15 16:13:23,014 org.nutz.ioc.loader.annotation.AnnotationIocLoader.addClass(AnnotationIocLoader.java:76) - Found @IocBean : class cn.wizzer.app.wx.modules.services.impl.WxMsgServiceImpl
[DEBUG] 2018-10-15 16:13:23,014 org.nutz.ioc.loader.annotation.AnnotationIocLoader.addClass(AnnotationIocLoader.java:76) - Found @IocBean : class cn.wizzer.app.wx.modules.services.impl.WxReplyNewsServiceImpl
[DEBUG] 2018-10-15 16:13:23,015 org.nutz.ioc.loader.annotation.AnnotationIocLoader.addClass(AnnotationIocLoader.java:76) - Found @IocBean : class cn.wizzer.app.wx.modules.services.impl.WxReplyServiceImpl
[DEBUG] 2018-10-15 16:13:23,015 org.nutz.ioc.loader.annotation.AnnotationIocLoader.addClass(AnnotationIocLoader.java:76) - Found @IocBean : class cn.wizzer.app.wx.modules.services.impl.WxReplyTxtServiceImpl
[DEBUG] 2018-10-15 16:13:23,015 org.nutz.ioc.loader.annotation.AnnotationIocLoader.addClass(AnnotationIocLoader.java:76) - Found @IocBean : class cn.wizzer.app.wx.modules.services.impl.WxTplIdServiceImpl
[DEBUG] 2018-10-15 16:13:23,015 org.nutz.ioc.loader.annotation.AnnotationIocLoader.addClass(AnnotationIocLoader.java:76) - Found @IocBean : class cn.wizzer.app.wx.modules.services.impl.WxTplListServiceImpl
[DEBUG] 2018-10-15 16:13:23,015 org.nutz.ioc.loader.annotation.AnnotationIocLoader.addClass(AnnotationIocLoader.java:76) - Found @IocBean : class cn.wizzer.app.wx.modules.services.impl.WxTplLogServiceImpl
[DEBUG] 2018-10-15 16:13:23,015 org.nutz.ioc.loader.annotation.AnnotationIocLoader.addClass(AnnotationIocLoader.java:76) - Found @IocBean : class cn.wizzer.app.wx.modules.services.impl.WxUserServiceImpl
[DEBUG] 2018-10-15 16:13:23,015 org.nutz.ioc.loader.annotation.AnnotationIocLoader.addClass(AnnotationIocLoader.java:76) - Found @IocBean : class cn.wizzer.test.SimpleTest
[DEBUG] 2018-10-15 16:13:23,016 org.nutz.resource.Scans.scan(Scans.java:274) - Found 0 resource by src( org/nutz/apidoc/ ) , regex( ^.+[.]class$ )
[INFO ] 2018-10-15 16:13:23,017 org.nutz.ioc.loader.annotation.AnnotationIocLoader.<init>(AnnotationIocLoader.java:52) - Found 204 classes in 2 base-packages!
beans = ["wxTplListController", "uploadController", "wxReplyTxtServiceImpl", "logisticsSendplanController", "baseJobServiceImpl", "dateUtil", "qrcodeService", "logisticsSendgoodsServiceImpl", "logisticsOrderentryController", "insLockController", "baseRowofficeentryServiceImpl", "cmsChannelServiceImpl", "insBaseinsServiceImpl", "orderExecute", "cmsArticleController", "basePostController", "baseAirmeterialServiceImpl", "basePersonController", "logisticsOrderplanServiceImpl", "cmsLinkClassController", "basePostServiceImpl", "baseRowofficeServiceImpl", "baseJobController", "baseRowofficeController", "wxReplyController", "insRepairController", "sysConfigServiceImpl", "basePersonpoolController", "baseVehicleController", "wxMsgServiceImpl", "wxPayBackController", "logisticsUnplanController", "mobileInsController", "sysTaskController", "sysBarcodeController", "insTransmitController", "sysDictServiceImpl", "wxConfigServiceImpl", "baseAirportServiceImpl", "apiTestController", "sysMenuController", "cmsSiteServiceImpl", "mobileSysController", "cmsLinkController", "insCommonController", "logisticsOrderplanentryServiceImpl", "insInstrumentController", "sysRegistauditServiceImpl", "insLockServiceImpl", "insOrderController", "wechatController", "wxMsgUserController", "sysDictController", "sysWxUserController", "logisticsDeliveryorderentryController", "basePersonServiceImpl", "insOrderentryServiceImpl", "insRepairtrackController", "insInstrumentServiceImpl", "logisticsSendapprovalServiceImpl", "logisticsOrderdeliveryController", "wxTplListServiceImpl", "tplService", "sysPluginServiceImpl", "insRfheadController", "logisticsSendgoodsController", "mobileBaseController", "baseCnctobjServiceImpl", "nutShiroMethodInterceptor", "insCabinetServiceImpl", "basePlaceServiceImpl", "baseVehicleServiceImpl", "cmsLinkClassServiceImpl", "sysHomeController", "insRfheadServiceImpl", "sysMobileController", "wxMassServiceImpl", "logisticsOrderentryServiceImpl", "logisticsSendplanServiceImpl", "logisticsOrderrejectServiceImpl", "wxHandler", "cmsChannelController", "wxController", "rabbitProducer", "sysTaskServiceImpl", "sysVersionController", "shiroUtil", "wxReplyTxtController", "sysPluginController", "logisticsSendtraceController", "sysApiServiceImpl", "logisticsEntourageServiceImpl", "sLogService", "baseAirportController", "sysApiController", "wxTplIdController", "insSpaceServiceImpl", "logisticsOrderController", "sysTempuserController", "sysUserController", "platformAuthorizingRealm", "testJob", "$aop_1_plugin", "sysRegistauditController", "wxReplyNewsServiceImpl", "insTransmitServiceImpl", "sysLoginController", "wxTplLogServiceImpl", "sysUserServiceImpl", "sysRoleServiceImpl", "sysRouteController", "idcardUtil", "basePlaceController", "sysWxDeptController", "logisticsOrderplanentryController", "userpermissionController", "sysWxServiceImpl", "cmsController", "logisticsSendtraceServiceImpl", "insOrderentryController", "logisticsSendapprovalController", "wxMenuController", "insOrderServiceImpl", "weixinController", "code128Util", "insRepairServiceImpl", "logisticsOrderplanController", "wxMsgReplyServiceImpl", "logisticsOrderdeliveryServiceImpl", "cmsArticleServiceImpl", "baseCnctobjController", "baseCustomerController", "insBaseinsController", "insRfidServiceImpl", "cookieUtil", "baseRowofficeentryController", "logisticsOrderstepServiceImpl", "wxReplyServiceImpl", "bdController", "redisIdGenerator", "insBaseinsSpaceServiceImpl", "cmsSiteController", "logisticsDeliveryorderServiceImpl", "insCabinetController", "logisticsOrderServiceImpl", "sysWxDeptServiceImpl", "sysWxController", "mobileOrderController", "sysRoleController", "logisticsEntourageController", "insCommonServiceImpl", "sysUnitController", "padInsController", "wxMassSendServiceImpl", "logisticsDeliveryorderController", "rSAUtil", "wxConfigController", "stringUtil", "baseCustomerServiceImpl", "basePersonpoolServiceImpl", "insBaseinsSpaceController", "wxUserServiceImpl", "insSpaceController", "sysTempuserServiceImpl", "baseWarehouseServiceImpl", "insToolcabinetController", "sysWxUserServiceImpl", "dynamicInterceptor", "sysLogController", "wxMassController", "emailService", "baseWarehouseController", "insToolcabinetServiceImpl", "wxMenuServiceImpl", "wxReplyNewsController", "baseDeptServiceImpl", "sysRouteServiceImpl", "insRepairtrackServiceImpl", "wxMassNewsServiceImpl", "baseAirmeterialController", "sysMenuServiceImpl", "sysMobileServiceImpl", "simpleTest", "logisticsOrderstepController", "sysLogServiceImpl", "logisticsUnplanServiceImpl", "wxTplIdServiceImpl", "logisticsDeliveryorderentryServiceImpl", "$aop_syslog", "padSysController", "baseDeptController", "logisticsOrderrejectController", "padOrderController", "sysBarcodeServiceImpl", "wxTplLogController", "wxUserController", "wxPayTestController", "tokenController", "sysVersionServiceImpl", "cmsLinkServiceImpl", "sysUnitServiceImpl", "insRfidController", "sysConfController", "pluginMaster"]
[DEBUG] 2018-10-15 16:13:23,017 org.nutz.ioc.loader.combo.ComboIocLoader.createIocLoader(ComboIocLoader.java:110) - found jedis -- org.nutz.integration.jedis.JedisIocLoader
[DEBUG] 2018-10-15 16:13:23,018 org.nutz.resource.Scans.scan(Scans.java:274) - Found 1 resource by src( org/nutz/integration/jedis/jedis.js ) , regex( ^(.+[.])(js|json)$ )
[DEBUG] 2018-10-15 16:13:23,018 org.nutz.ioc.loader.json.JsonLoader.<init>(JsonLoader.java:49) - loading [org/nutz/integration/jedis/jedis.js]
[DEBUG] 2018-10-15 16:13:23,018 org.nutz.ioc.loader.json.JsonLoader.<init>(JsonLoader.java:57) - Loaded 9 bean define from path=[org/nutz/integration/jedis/jedis.js] --> [redisService, jedisCluster, jedisClusterNodes, jedisClusterWrapper, pubSubService, jedisPoolConfig, jedisPool, jedisAgent, redis]
[DEBUG] 2018-10-15 16:13:23,018 org.nutz.ioc.loader.json.JsonLoader.<init>(JsonLoader.java:40) - Loaded 5 bean define from reader --
[txREPEATABLE_READ, txSERIALIZABLE, txNONE, txREAD_UNCOMMITTED, txREAD_COMMITTED]
[DEBUG] 2018-10-15 16:13:23,020 org.nutz.ioc.loader.combo.ComboIocLoader.createIocLoader(ComboIocLoader.java:110) - found quartz -- org.nutz.integration.quartz.QuartzIocLoader
[DEBUG] 2018-10-15 16:13:23,020 org.nutz.ioc.loader.json.JsonLoader.<init>(JsonLoader.java:57) - Loaded 0 bean define from path=[] --> []
[DEBUG] 2018-10-15 16:13:23,020 org.nutz.ioc.aop.SimpleAopMaker.<init>(SimpleAopMaker.java:79) - Load AopConfigure for anno=org.nutz.aop.interceptor.async.Async by type=org.nutz.aop.interceptor.async.AsyncAopIocLoader
[DEBUG] 2018-10-15 16:13:23,021 org.nutz.ioc.loader.combo.ComboIocLoader.createIocLoader(ComboIocLoader.java:110) - found rabbitmq -- org.nutz.integration.rabbitmq.RabbitmqIocLoader
[DEBUG] 2018-10-15 16:13:23,022 org.nutz.resource.Scans.scan(Scans.java:274) - Found 1 resource by src( org/nutz/integration/rabbitmq/rabbitmq.js ) , regex( ^(.+[.])(js|json)$ )
[DEBUG] 2018-10-15 16:13:23,022 org.nutz.ioc.loader.json.JsonLoader.<init>(JsonLoader.java:49) - loading [org/nutz/integration/rabbitmq/rabbitmq.js]
[DEBUG] 2018-10-15 16:13:23,023 org.nutz.ioc.loader.json.JsonLoader.<init>(JsonLoader.java:57) - Loaded 2 bean define from path=[org/nutz/integration/rabbitmq/rabbitmq.js] --> [rabbitmq, rabbitmq_cf]
[INFO ] 2018-10-15 16:13:23,023 org.nutz.ioc.impl.NutIoc.<init>(NutIoc.java:98) - NutIoc init begin ...
[INFO ] 2018-10-15 16:13:23,023 org.nutz.ioc.impl.NutIoc.<init>(NutIoc.java:115) - ... NutIoc init complete
[DEBUG] 2018-10-15 16:13:23,023 org.nutz.ioc.impl.NutIoc.get(NutIoc.java:151) - Get 'conf'<class org.nutz.ioc.impl.PropertiesProxy>
[DEBUG] 2018-10-15 16:13:23,023 org.nutz.ioc.impl.NutIoc.get(NutIoc.java:151) - Get '$aop_1_plugin'<interface org.nutz.ioc.aop.config.AopConfigration>
[DEBUG] 2018-10-15 16:13:23,023 org.nutz.ioc.impl.NutIoc.get(NutIoc.java:177) - 	 >> Load definition name=$aop_1_plugin
[DEBUG] 2018-10-15 16:13:23,023 org.nutz.ioc.loader.combo.ComboIocLoader.load(ComboIocLoader.java:161) - Found IocObject($aop_1_plugin) in AnnotationIocLoader(packages=[cn.wizzer, org.nutz.apidoc])
[DEBUG] 2018-10-15 16:13:23,023 org.nutz.ioc.impl.NutIoc.get(NutIoc.java:209) - 	 >> Make...'$aop_1_plugin'<interface org.nutz.ioc.aop.config.AopConfigration>
[DEBUG] 2018-10-15 16:13:23,023 org.nutz.ioc.impl.ScopeContext.save(ScopeContext.java:64) - Save object '$aop_1_plugin' to [app] 
[DEBUG] 2018-10-15 16:13:23,024 org.nutz.ioc.impl.NutIoc.get(NutIoc.java:151) - Get 'dynamicInterceptor'<class cn.wizzer.app.web.commons.plugin.DynamicInterceptor>
[DEBUG] 2018-10-15 16:13:23,024 org.nutz.ioc.impl.NutIoc.get(NutIoc.java:177) - 	 >> Load definition name=dynamicInterceptor
[DEBUG] 2018-10-15 16:13:23,024 org.nutz.ioc.loader.combo.ComboIocLoader.load(ComboIocLoader.java:161) - Found IocObject(dynamicInterceptor) in AnnotationIocLoader(packages=[cn.wizzer, org.nutz.apidoc])
[DEBUG] 2018-10-15 16:13:23,024 org.nutz.ioc.impl.NutIoc.get(NutIoc.java:209) - 	 >> Make...'dynamicInterceptor'<class cn.wizzer.app.web.commons.plugin.DynamicInterceptor>
[DEBUG] 2018-10-15 16:13:23,024 org.nutz.ioc.impl.ScopeContext.save(ScopeContext.java:64) - Save object 'dynamicInterceptor' to [app] 
[DEBUG] 2018-10-15 16:13:23,024 org.nutz.ioc.impl.NutIoc.get(NutIoc.java:151) - Get '$aop_async'<interface org.nutz.ioc.aop.config.AopConfigration>
[DEBUG] 2018-10-15 16:13:23,025 org.nutz.ioc.impl.NutIoc.get(NutIoc.java:177) - 	 >> Load definition name=$aop_async
[DEBUG] 2018-10-15 16:13:23,025 org.nutz.ioc.loader.combo.ComboIocLoader.load(ComboIocLoader.java:161) - Found IocObject($aop_async) in AsyncAopIocLoader@1336001042
[DEBUG] 2018-10-15 16:13:23,025 org.nutz.ioc.impl.NutIoc.get(NutIoc.java:209) - 	 >> Make...'$aop_async'<interface org.nutz.ioc.aop.config.AopConfigration>
[DEBUG] 2018-10-15 16:13:23,025 org.nutz.ioc.impl.ScopeContext.save(ScopeContext.java:64) - Save object '$aop_async' to [app] 
[DEBUG] 2018-10-15 16:13:23,026 org.nutz.ioc.impl.NutIoc.get(NutIoc.java:151) - Get '$aop_syslog'<interface org.nutz.ioc.aop.config.AopConfigration>
[DEBUG] 2018-10-15 16:13:23,026 org.nutz.ioc.impl.NutIoc.get(NutIoc.java:177) - 	 >> Load definition name=$aop_syslog
[DEBUG] 2018-10-15 16:13:23,026 org.nutz.ioc.loader.combo.ComboIocLoader.load(ComboIocLoader.java:161) - Found IocObject($aop_syslog) in AnnotationIocLoader(packages=[cn.wizzer, org.nutz.apidoc])
[DEBUG] 2018-10-15 16:13:23,026 org.nutz.ioc.impl.NutIoc.get(NutIoc.java:209) - 	 >> Make...'$aop_syslog'<interface org.nutz.ioc.aop.config.AopConfigration>
[DEBUG] 2018-10-15 16:13:23,026 org.nutz.ioc.impl.ScopeContext.save(ScopeContext.java:64) - Save object '$aop_syslog' to [app] 
[DEBUG] 2018-10-15 16:13:23,026 org.nutz.ioc.aop.SimpleAopMaker.<init>(SimpleAopMaker.java:79) - Load AopConfigure for anno=cn.wizzer.app.web.commons.slog.annotation.SLog by type=cn.wizzer.app.web.commons.slog.SLogAopConfigration
[DEBUG] 2018-10-15 16:13:23,026 org.nutz.ioc.aop.SimpleAopMaker.<init>(SimpleAopMaker.java:79) - Load AopConfigure for anno=org.nutz.ioc.aop.Aop by type=org.nutz.ioc.aop.config.impl.AnnotationAopConfigration
[DEBUG] 2018-10-15 16:13:23,026 org.nutz.ioc.impl.NutIoc.get(NutIoc.java:177) - 	 >> Load definition name=conf
[DEBUG] 2018-10-15 16:13:23,026 org.nutz.ioc.loader.map.MapLoader.load(MapLoader.java:67) - Loading define for name=conf
[DEBUG] 2018-10-15 16:13:23,026 org.nutz.ioc.loader.combo.ComboIocLoader.load(ComboIocLoader.java:161) - Found IocObject(conf) in JsonLoader(paths=[config/ioc/])
[DEBUG] 2018-10-15 16:13:23,027 org.nutz.ioc.impl.NutIoc.get(NutIoc.java:209) - 	 >> Make...'conf'<class org.nutz.ioc.impl.PropertiesProxy>
[DEBUG] 2018-10-15 16:13:23,027 cn.wizzer.app.web.commons.plugin.PluginAopConfigure.getInterceptorPairList(PluginAopConfigure.java:33) - skip -- org.nutz.ioc.impl.PropertiesProxy
[DEBUG] 2018-10-15 16:13:23,027 org.nutz.ioc.aop.impl.DefaultMirrorFactory.getMirror(DefaultMirrorFactory.java:70) - Load class org.nutz.ioc.impl.PropertiesProxy without AOP
[DEBUG] 2018-10-15 16:13:23,027 org.nutz.ioc.impl.ScopeContext.save(ScopeContext.java:64) - Save object 'conf' to [app] 
[DEBUG] 2018-10-15 16:13:23,029 org.nutz.resource.Scans.scan(Scans.java:274) - Found 4 resource by src( config/custom/ ) , regex( ^.+[.]properties$ )
[DEBUG] 2018-10-15 16:13:23,029 org.nutz.ioc.impl.PropertiesProxy.setPaths(PropertiesProxy.java:113) - load properties from File[C:\Users\Administrator\IdeaProjects\XA-Instrument\wk-app\wk-web\target\classes\config\custom\db.properties]
[DEBUG] 2018-10-15 16:13:23,030 org.nutz.ioc.impl.PropertiesProxy.setPaths(PropertiesProxy.java:113) - load properties from File[C:\Users\Administrator\IdeaProjects\XA-Instrument\wk-app\wk-web\target\classes\config\custom\mail.properties]
[DEBUG] 2018-10-15 16:13:23,030 org.nutz.ioc.impl.PropertiesProxy.setPaths(PropertiesProxy.java:113) - load properties from File[C:\Users\Administrator\IdeaProjects\XA-Instrument\wk-app\wk-web\target\classes\config\custom\rabbit.properties]
[DEBUG] 2018-10-15 16:13:23,030 org.nutz.ioc.impl.PropertiesProxy.setPaths(PropertiesProxy.java:113) - load properties from File[C:\Users\Administrator\IdeaProjects\XA-Instrument\wk-app\wk-web\target\classes\config\custom\redis.properties]
[DEBUG] 2018-10-15 16:13:23,031 org.nutz.ioc.impl.NutIoc.get(NutIoc.java:151) - Get 'simpleTest'<class cn.wizzer.test.SimpleTest>
[DEBUG] 2018-10-15 16:13:23,031 org.nutz.ioc.impl.NutIoc.get(NutIoc.java:177) - 	 >> Load definition name=simpleTest
[DEBUG] 2018-10-15 16:13:23,031 org.nutz.ioc.loader.combo.ComboIocLoader.load(ComboIocLoader.java:161) - Found IocObject(simpleTest) in AnnotationIocLoader(packages=[cn.wizzer, org.nutz.apidoc])
[DEBUG] 2018-10-15 16:13:23,031 org.nutz.ioc.impl.NutIoc.get(NutIoc.java:209) - 	 >> Make...'simpleTest'<class cn.wizzer.test.SimpleTest>
[DEBUG] 2018-10-15 16:13:23,031 cn.wizzer.app.web.commons.plugin.PluginAopConfigure.getInterceptorPairList(PluginAopConfigure.java:33) - skip -- cn.wizzer.test.SimpleTest
[DEBUG] 2018-10-15 16:13:23,031 org.nutz.ioc.aop.impl.DefaultMirrorFactory.getMirror(DefaultMirrorFactory.java:70) - Load class cn.wizzer.test.SimpleTest without AOP
[DEBUG] 2018-10-15 16:13:23,031 org.nutz.ioc.impl.ScopeContext.save(ScopeContext.java:64) - Save object 'simpleTest' to [app] 
[DEBUG] 2018-10-15 16:13:23,033 org.nutz.ioc.impl.NutIoc.get(NutIoc.java:151) - Get 'dao'<interface org.nutz.dao.Dao>
[DEBUG] 2018-10-15 16:13:23,033 org.nutz.ioc.impl.NutIoc.get(NutIoc.java:177) - 	 >> Load definition name=dao
[DEBUG] 2018-10-15 16:13:23,033 org.nutz.ioc.loader.map.MapLoader.load(MapLoader.java:67) - Loading define for name=dao
[DEBUG] 2018-10-15 16:13:23,033 org.nutz.ioc.loader.combo.ComboIocLoader.load(ComboIocLoader.java:161) - Found IocObject(dao) in JsonLoader(paths=[config/ioc/])
[DEBUG] 2018-10-15 16:13:23,033 org.nutz.ioc.impl.NutIoc.get(NutIoc.java:209) - 	 >> Make...'dao'<interface org.nutz.dao.Dao>
[DEBUG] 2018-10-15 16:13:23,033 cn.wizzer.app.web.commons.plugin.PluginAopConfigure.getInterceptorPairList(PluginAopConfigure.java:33) - skip -- org.nutz.dao.impl.NutDao
[DEBUG] 2018-10-15 16:13:23,033 org.nutz.ioc.aop.impl.DefaultMirrorFactory.getMirror(DefaultMirrorFactory.java:70) - Load class org.nutz.dao.impl.NutDao without AOP
[DEBUG] 2018-10-15 16:13:23,033 org.nutz.ioc.impl.ScopeContext.save(ScopeContext.java:64) - Save object 'dao' to [app] 
[DEBUG] 2018-10-15 16:13:23,033 org.nutz.ioc.impl.NutIoc.get(NutIoc.java:151) - Get 'dataSource'<>
[DEBUG] 2018-10-15 16:13:23,033 org.nutz.ioc.impl.NutIoc.get(NutIoc.java:177) - 	 >> Load definition name=dataSource
[DEBUG] 2018-10-15 16:13:23,033 org.nutz.ioc.loader.map.MapLoader.load(MapLoader.java:67) - Loading define for name=dataSource
[DEBUG] 2018-10-15 16:13:23,034 org.nutz.ioc.loader.combo.ComboIocLoader.load(ComboIocLoader.java:161) - Found IocObject(dataSource) in JsonLoader(paths=[config/ioc/])
[DEBUG] 2018-10-15 16:13:23,034 org.nutz.ioc.impl.NutIoc.get(NutIoc.java:209) - 	 >> Make...'dataSource'<>
[DEBUG] 2018-10-15 16:13:23,034 cn.wizzer.app.web.commons.plugin.PluginAopConfigure.getInterceptorPairList(PluginAopConfigure.java:33) - skip -- com.alibaba.druid.pool.DruidDataSource
[DEBUG] 2018-10-15 16:13:23,034 org.nutz.ioc.aop.impl.DefaultMirrorFactory.getMirror(DefaultMirrorFactory.java:70) - Load class com.alibaba.druid.pool.DruidDataSource without AOP
[DEBUG] 2018-10-15 16:13:23,034 org.nutz.ioc.impl.ScopeContext.save(ScopeContext.java:64) - Save object 'dataSource' to [app] 
[DEBUG] 2018-10-15 16:13:23,034 org.nutz.ioc.impl.NutIoc.get(NutIoc.java:151) - Get 'conf'<>
[DEBUG] 2018-10-15 16:13:23,036 org.nutz.ioc.impl.ScopeContext.remove(ScopeContext.java:84) - Remove object 'dataSource' from [app] 
[DEBUG] 2018-10-15 16:13:23,037 org.nutz.ioc.impl.ScopeContext.remove(ScopeContext.java:84) - Remove object 'dao' from [app] 
[DEBUG] 2018-10-15 16:13:23,037 org.nutz.ioc.impl.ScopeContext.remove(ScopeContext.java:84) - Remove object 'simpleTest' from [app] 
]]></system-out>
  </testcase>
  <testcase name="testAddUser" classname="cn.wizzer.test.SimpleTest" time="0">
    <error message="IocBean[simpleTest] throw Exception when creating" type="org.nutz.ioc.IocException">org.nutz.ioc.IocException: IocBean[simpleTest] throw Exception when creating
Caused by: java.lang.RuntimeException: IocBean[simpleTest] fail at field=[dao]
Caused by: org.nutz.ioc.IocException: IocBean[dao -> dataSource] throw Exception when creating
Caused by: java.lang.IllegalArgumentException: Failed to decrypt.
Caused by: java.lang.IllegalArgumentException: String length must be a multiple of four.
</error>
    <system-out><![CDATA[[INFO ] 2018-10-15 16:13:23,037 org.nutz.ioc.impl.NutIoc.depose(NutIoc.java:255) - org.nutz.ioc.impl.NutIoc@288379405 is closing. startup date [18-10-15 16:13:23.023]
[DEBUG] 2018-10-15 16:13:23,037 org.nutz.ioc.impl.ScopeContext.clear(ScopeContext.java:108) - Depose object 'conf' ...
[DEBUG] 2018-10-15 16:13:23,037 org.nutz.ioc.impl.ScopeContext.clear(ScopeContext.java:108) - Depose object '$aop_syslog' ...
[DEBUG] 2018-10-15 16:13:23,038 org.nutz.ioc.impl.ScopeContext.clear(ScopeContext.java:108) - Depose object '$aop_async' ...
[DEBUG] 2018-10-15 16:13:23,038 org.nutz.ioc.impl.ScopeContext.clear(ScopeContext.java:108) - Depose object 'dynamicInterceptor' ...
[DEBUG] 2018-10-15 16:13:23,038 org.nutz.ioc.impl.ScopeContext.clear(ScopeContext.java:108) - Depose object '$aop_1_plugin' ...
[INFO ] 2018-10-15 16:13:23,038 org.nutz.ioc.impl.NutIoc.depose(NutIoc.java:262) - org.nutz.ioc.impl.NutIoc@288379405 is deposed. startup date [18-10-15 16:13:23.023]
[DEBUG] 2018-10-15 16:13:23,040 org.nutz.resource.Scans.scan(Scans.java:274) - Found 4 resource by src( config/ioc/ ) , regex( ^(.+[.])(js|json)$ )
[DEBUG] 2018-10-15 16:13:23,041 org.nutz.ioc.loader.json.JsonLoader.<init>(JsonLoader.java:49) - loading [dao.json]
[DEBUG] 2018-10-15 16:13:23,041 org.nutz.ioc.loader.json.JsonLoader.<init>(JsonLoader.java:49) - loading [ehcache.json]
[DEBUG] 2018-10-15 16:13:23,042 org.nutz.ioc.loader.json.JsonLoader.<init>(JsonLoader.java:49) - loading [mail.json]
[DEBUG] 2018-10-15 16:13:23,042 org.nutz.ioc.loader.json.JsonLoader.<init>(JsonLoader.java:49) - loading [upload.json]
[DEBUG] 2018-10-15 16:13:23,043 org.nutz.ioc.loader.json.JsonLoader.<init>(JsonLoader.java:57) - Loaded 15 bean define from path=[config/ioc/] --> [videoUpload, conf, uploadVideoContext, imageUpload, fileUpload, cacheManager, dao, cacheProvider, emailAuthenticator, uploadFileContext, htmlEmail, cacheExecutor, tmpFilePool, uploadImageContext, dataSource]
[DEBUG] 2018-10-15 16:13:23,185 org.nutz.resource.Scans.scan(Scans.java:274) - Found 452 resource by src( cn/wizzer/ ) , regex( ^.+[.]class$ )
[DEBUG] 2018-10-15 16:13:23,186 org.nutz.ioc.loader.annotation.AnnotationIocLoader.addClass(AnnotationIocLoader.java:76) - Found @IocBean : class cn.wizzer.framework.util.StringUtil
[DEBUG] 2018-10-15 16:13:23,187 org.nutz.ioc.loader.annotation.AnnotationIocLoader.addClass(AnnotationIocLoader.java:76) - Found @IocBean : class cn.wizzer.framework.util.CookieUtil
[DEBUG] 2018-10-15 16:13:23,187 org.nutz.ioc.loader.annotation.AnnotationIocLoader.addClass(AnnotationIocLoader.java:76) - Found @IocBean : class cn.wizzer.framework.ig.RedisIdGenerator
[DEBUG] 2018-10-15 16:13:23,187 org.nutz.ioc.loader.annotation.AnnotationIocLoader.addClass(AnnotationIocLoader.java:76) - Found @IocBean : class cn.wizzer.framework.util.DateUtil
[DEBUG] 2018-10-15 16:13:23,187 org.nutz.ioc.loader.annotation.AnnotationIocLoader.addClass(AnnotationIocLoader.java:76) - Found @IocBean : class cn.wizzer.framework.shiro.interceptor.NutShiroMethodInterceptor
[DEBUG] 2018-10-15 16:13:23,187 org.nutz.ioc.loader.annotation.AnnotationIocLoader.addClass(AnnotationIocLoader.java:76) - Found @IocBean : class cn.wizzer.framework.util.IdcardUtil
[DEBUG] 2018-10-15 16:13:23,187 org.nutz.ioc.loader.annotation.AnnotationIocLoader.addClass(AnnotationIocLoader.java:76) - Found @IocBean : class cn.wizzer.framework.rabbit.RabbitProducer
[DEBUG] 2018-10-15 16:13:23,187 org.nutz.ioc.loader.annotation.AnnotationIocLoader.addClass(AnnotationIocLoader.java:76) - Found @IocBean : class cn.wizzer.framework.util.RSAUtil
[DEBUG] 2018-10-15 16:13:23,187 org.nutz.ioc.loader.annotation.AnnotationIocLoader.addClass(AnnotationIocLoader.java:76) - Found @IocBean : class cn.wizzer.framework.util.ShiroUtil
[DEBUG] 2018-10-15 16:13:23,187 org.nutz.ioc.loader.annotation.AnnotationIocLoader.addClass(AnnotationIocLoader.java:76) - Found @IocBean : class cn.wizzer.framework.util.Code128Util
[DEBUG] 2018-10-15 16:13:23,187 org.nutz.ioc.loader.annotation.AnnotationIocLoader.addClass(AnnotationIocLoader.java:76) - Found @IocBean : class cn.wizzer.app.base.modules.services.impl.BaseAirmeterialServiceImpl
[DEBUG] 2018-10-15 16:13:23,187 org.nutz.ioc.loader.annotation.AnnotationIocLoader.addClass(AnnotationIocLoader.java:76) - Found @IocBean : class cn.wizzer.app.base.modules.services.impl.BaseAirportServiceImpl
[DEBUG] 2018-10-15 16:13:23,187 org.nutz.ioc.loader.annotation.AnnotationIocLoader.addClass(AnnotationIocLoader.java:76) - Found @IocBean : class cn.wizzer.app.base.modules.services.impl.BaseCnctobjServiceImpl
[DEBUG] 2018-10-15 16:13:23,187 org.nutz.ioc.loader.annotation.AnnotationIocLoader.addClass(AnnotationIocLoader.java:76) - Found @IocBean : class cn.wizzer.app.base.modules.services.impl.BaseCustomerServiceImpl
[DEBUG] 2018-10-15 16:13:23,188 org.nutz.ioc.loader.annotation.AnnotationIocLoader.addClass(AnnotationIocLoader.java:76) - Found @IocBean : class cn.wizzer.app.base.modules.services.impl.BaseDeptServiceImpl
[DEBUG] 2018-10-15 16:13:23,188 org.nutz.ioc.loader.annotation.AnnotationIocLoader.addClass(AnnotationIocLoader.java:76) - Found @IocBean : class cn.wizzer.app.base.modules.services.impl.BaseJobServiceImpl
[DEBUG] 2018-10-15 16:13:23,188 org.nutz.ioc.loader.annotation.AnnotationIocLoader.addClass(AnnotationIocLoader.java:76) - Found @IocBean : class cn.wizzer.app.base.modules.services.impl.BasePersonpoolServiceImpl
[DEBUG] 2018-10-15 16:13:23,188 org.nutz.ioc.loader.annotation.AnnotationIocLoader.addClass(AnnotationIocLoader.java:76) - Found @IocBean : class cn.wizzer.app.base.modules.services.impl.BasePersonServiceImpl
[DEBUG] 2018-10-15 16:13:23,188 org.nutz.ioc.loader.annotation.AnnotationIocLoader.addClass(AnnotationIocLoader.java:76) - Found @IocBean : class cn.wizzer.app.base.modules.services.impl.BasePlaceServiceImpl
[DEBUG] 2018-10-15 16:13:23,188 org.nutz.ioc.loader.annotation.AnnotationIocLoader.addClass(AnnotationIocLoader.java:76) - Found @IocBean : class cn.wizzer.app.base.modules.services.impl.BasePostServiceImpl
[DEBUG] 2018-10-15 16:13:23,188 org.nutz.ioc.loader.annotation.AnnotationIocLoader.addClass(AnnotationIocLoader.java:76) - Found @IocBean : class cn.wizzer.app.base.modules.services.impl.BaseRowofficeentryServiceImpl
[DEBUG] 2018-10-15 16:13:23,188 org.nutz.ioc.loader.annotation.AnnotationIocLoader.addClass(AnnotationIocLoader.java:76) - Found @IocBean : class cn.wizzer.app.base.modules.services.impl.BaseRowofficeServiceImpl
[DEBUG] 2018-10-15 16:13:23,188 org.nutz.ioc.loader.annotation.AnnotationIocLoader.addClass(AnnotationIocLoader.java:76) - Found @IocBean : class cn.wizzer.app.base.modules.services.impl.BaseVehicleServiceImpl
[DEBUG] 2018-10-15 16:13:23,188 org.nutz.ioc.loader.annotation.AnnotationIocLoader.addClass(AnnotationIocLoader.java:76) - Found @IocBean : class cn.wizzer.app.base.modules.services.impl.BaseWarehouseServiceImpl
[DEBUG] 2018-10-15 16:13:23,188 org.nutz.ioc.loader.annotation.AnnotationIocLoader.addClass(AnnotationIocLoader.java:76) - Found @IocBean : class cn.wizzer.app.cms.modules.services.impl.CmsArticleServiceImpl
[DEBUG] 2018-10-15 16:13:23,188 org.nutz.ioc.loader.annotation.AnnotationIocLoader.addClass(AnnotationIocLoader.java:76) - Found @IocBean : class cn.wizzer.app.cms.modules.services.impl.CmsChannelServiceImpl
[DEBUG] 2018-10-15 16:13:23,188 org.nutz.ioc.loader.annotation.AnnotationIocLoader.addClass(AnnotationIocLoader.java:76) - Found @IocBean : class cn.wizzer.app.cms.modules.services.impl.CmsLinkClassServiceImpl
[DEBUG] 2018-10-15 16:13:23,188 org.nutz.ioc.loader.annotation.AnnotationIocLoader.addClass(AnnotationIocLoader.java:76) - Found @IocBean : class cn.wizzer.app.cms.modules.services.impl.CmsLinkServiceImpl
[DEBUG] 2018-10-15 16:13:23,188 org.nutz.ioc.loader.annotation.AnnotationIocLoader.addClass(AnnotationIocLoader.java:76) - Found @IocBean : class cn.wizzer.app.cms.modules.services.impl.CmsSiteServiceImpl
[DEBUG] 2018-10-15 16:13:23,189 org.nutz.ioc.loader.annotation.AnnotationIocLoader.addClass(AnnotationIocLoader.java:76) - Found @IocBean : class cn.wizzer.app.ins.modules.services.impl.InsBaseinsServiceImpl
[DEBUG] 2018-10-15 16:13:23,189 org.nutz.ioc.loader.annotation.AnnotationIocLoader.addClass(AnnotationIocLoader.java:76) - Found @IocBean : class cn.wizzer.app.ins.modules.services.impl.InsBaseinsSpaceServiceImpl
[DEBUG] 2018-10-15 16:13:23,189 org.nutz.ioc.loader.annotation.AnnotationIocLoader.addClass(AnnotationIocLoader.java:76) - Found @IocBean : class cn.wizzer.app.ins.modules.services.impl.InsCabinetServiceImpl
[DEBUG] 2018-10-15 16:13:23,189 org.nutz.ioc.loader.annotation.AnnotationIocLoader.addClass(AnnotationIocLoader.java:76) - Found @IocBean : class cn.wizzer.app.ins.modules.services.impl.InsCommonServiceImpl
[DEBUG] 2018-10-15 16:13:23,189 org.nutz.ioc.loader.annotation.AnnotationIocLoader.addClass(AnnotationIocLoader.java:76) - Found @IocBean : class cn.wizzer.app.ins.modules.services.impl.InsInstrumentServiceImpl
[DEBUG] 2018-10-15 16:13:23,189 org.nutz.ioc.loader.annotation.AnnotationIocLoader.addClass(AnnotationIocLoader.java:76) - Found @IocBean : class cn.wizzer.app.ins.modules.services.impl.InsLockServiceImpl
[DEBUG] 2018-10-15 16:13:23,189 org.nutz.ioc.loader.annotation.AnnotationIocLoader.addClass(AnnotationIocLoader.java:76) - Found @IocBean : class cn.wizzer.app.ins.modules.services.impl.InsOrderentryServiceImpl
[DEBUG] 2018-10-15 16:13:23,189 org.nutz.ioc.loader.annotation.AnnotationIocLoader.addClass(AnnotationIocLoader.java:76) - Found @IocBean : class cn.wizzer.app.ins.modules.services.impl.InsOrderServiceImpl
[DEBUG] 2018-10-15 16:13:23,189 org.nutz.ioc.loader.annotation.AnnotationIocLoader.addClass(AnnotationIocLoader.java:76) - Found @IocBean : class cn.wizzer.app.ins.modules.services.impl.InsRepairServiceImpl
[DEBUG] 2018-10-15 16:13:23,189 org.nutz.ioc.loader.annotation.AnnotationIocLoader.addClass(AnnotationIocLoader.java:76) - Found @IocBean : class cn.wizzer.app.ins.modules.services.impl.InsRepairtrackServiceImpl
[DEBUG] 2018-10-15 16:13:23,189 org.nutz.ioc.loader.annotation.AnnotationIocLoader.addClass(AnnotationIocLoader.java:76) - Found @IocBean : class cn.wizzer.app.ins.modules.services.impl.InsRfheadServiceImpl
[DEBUG] 2018-10-15 16:13:23,189 org.nutz.ioc.loader.annotation.AnnotationIocLoader.addClass(AnnotationIocLoader.java:76) - Found @IocBean : class cn.wizzer.app.ins.modules.services.impl.InsRfidServiceImpl
[DEBUG] 2018-10-15 16:13:23,190 org.nutz.ioc.loader.annotation.AnnotationIocLoader.addClass(AnnotationIocLoader.java:76) - Found @IocBean : class cn.wizzer.app.ins.modules.services.impl.InsSpaceServiceImpl
[DEBUG] 2018-10-15 16:13:23,190 org.nutz.ioc.loader.annotation.AnnotationIocLoader.addClass(AnnotationIocLoader.java:76) - Found @IocBean : class cn.wizzer.app.ins.modules.services.impl.InsToolcabinetServiceImpl
[DEBUG] 2018-10-15 16:13:23,190 org.nutz.ioc.loader.annotation.AnnotationIocLoader.addClass(AnnotationIocLoader.java:76) - Found @IocBean : class cn.wizzer.app.ins.modules.services.impl.InsTransmitServiceImpl
[DEBUG] 2018-10-15 16:13:23,190 org.nutz.ioc.loader.annotation.AnnotationIocLoader.addClass(AnnotationIocLoader.java:76) - Found @IocBean : class cn.wizzer.app.logistics.modules.services.impl.LogisticsDeliveryorderentryServiceImpl
[DEBUG] 2018-10-15 16:13:23,190 org.nutz.ioc.loader.annotation.AnnotationIocLoader.addClass(AnnotationIocLoader.java:76) - Found @IocBean : class cn.wizzer.app.logistics.modules.services.impl.LogisticsDeliveryorderServiceImpl
[DEBUG] 2018-10-15 16:13:23,190 org.nutz.ioc.loader.annotation.AnnotationIocLoader.addClass(AnnotationIocLoader.java:76) - Found @IocBean : class cn.wizzer.app.logistics.modules.services.impl.LogisticsEntourageServiceImpl
[DEBUG] 2018-10-15 16:13:23,190 org.nutz.ioc.loader.annotation.AnnotationIocLoader.addClass(AnnotationIocLoader.java:76) - Found @IocBean : class cn.wizzer.app.logistics.modules.services.impl.LogisticsOrderdeliveryServiceImpl
[DEBUG] 2018-10-15 16:13:23,190 org.nutz.ioc.loader.annotation.AnnotationIocLoader.addClass(AnnotationIocLoader.java:76) - Found @IocBean : class cn.wizzer.app.logistics.modules.services.impl.LogisticsOrderentryServiceImpl
[DEBUG] 2018-10-15 16:13:23,190 org.nutz.ioc.loader.annotation.AnnotationIocLoader.addClass(AnnotationIocLoader.java:76) - Found @IocBean : class cn.wizzer.app.logistics.modules.services.impl.LogisticsOrderplanentryServiceImpl
[DEBUG] 2018-10-15 16:13:23,190 org.nutz.ioc.loader.annotation.AnnotationIocLoader.addClass(AnnotationIocLoader.java:76) - Found @IocBean : class cn.wizzer.app.logistics.modules.services.impl.LogisticsOrderplanServiceImpl
[DEBUG] 2018-10-15 16:13:23,190 org.nutz.ioc.loader.annotation.AnnotationIocLoader.addClass(AnnotationIocLoader.java:76) - Found @IocBean : class cn.wizzer.app.logistics.modules.services.impl.LogisticsOrderrejectServiceImpl
[DEBUG] 2018-10-15 16:13:23,190 org.nutz.ioc.loader.annotation.AnnotationIocLoader.addClass(AnnotationIocLoader.java:76) - Found @IocBean : class cn.wizzer.app.logistics.modules.services.impl.LogisticsOrderServiceImpl
[DEBUG] 2018-10-15 16:13:23,190 org.nutz.ioc.loader.annotation.AnnotationIocLoader.addClass(AnnotationIocLoader.java:76) - Found @IocBean : class cn.wizzer.app.logistics.modules.services.impl.LogisticsOrderstepServiceImpl
[DEBUG] 2018-10-15 16:13:23,190 org.nutz.ioc.loader.annotation.AnnotationIocLoader.addClass(AnnotationIocLoader.java:76) - Found @IocBean : class cn.wizzer.app.logistics.modules.services.impl.LogisticsSendapprovalServiceImpl
[DEBUG] 2018-10-15 16:13:23,191 org.nutz.ioc.loader.annotation.AnnotationIocLoader.addClass(AnnotationIocLoader.java:76) - Found @IocBean : class cn.wizzer.app.logistics.modules.services.impl.LogisticsSendgoodsServiceImpl
[DEBUG] 2018-10-15 16:13:23,191 org.nutz.ioc.loader.annotation.AnnotationIocLoader.addClass(AnnotationIocLoader.java:76) - Found @IocBean : class cn.wizzer.app.logistics.modules.services.impl.LogisticsSendplanServiceImpl
[DEBUG] 2018-10-15 16:13:23,191 org.nutz.ioc.loader.annotation.AnnotationIocLoader.addClass(AnnotationIocLoader.java:76) - Found @IocBean : class cn.wizzer.app.logistics.modules.services.impl.LogisticsSendtraceServiceImpl
[DEBUG] 2018-10-15 16:13:23,191 org.nutz.ioc.loader.annotation.AnnotationIocLoader.addClass(AnnotationIocLoader.java:76) - Found @IocBean : class cn.wizzer.app.logistics.modules.services.impl.LogisticsUnplanServiceImpl
[DEBUG] 2018-10-15 16:13:23,191 org.nutz.ioc.loader.annotation.AnnotationIocLoader.addClass(AnnotationIocLoader.java:76) - Found @IocBean : class cn.wizzer.app.sys.modules.services.impl.SysApiServiceImpl
[DEBUG] 2018-10-15 16:13:23,191 org.nutz.ioc.loader.annotation.AnnotationIocLoader.addClass(AnnotationIocLoader.java:76) - Found @IocBean : class cn.wizzer.app.sys.modules.services.impl.SysBarcodeServiceImpl
[DEBUG] 2018-10-15 16:13:23,191 org.nutz.ioc.loader.annotation.AnnotationIocLoader.addClass(AnnotationIocLoader.java:76) - Found @IocBean : class cn.wizzer.app.sys.modules.services.impl.SysConfigServiceImpl
[DEBUG] 2018-10-15 16:13:23,191 org.nutz.ioc.loader.annotation.AnnotationIocLoader.addClass(AnnotationIocLoader.java:76) - Found @IocBean : class cn.wizzer.app.sys.modules.services.impl.SysDictServiceImpl
[DEBUG] 2018-10-15 16:13:23,191 org.nutz.ioc.loader.annotation.AnnotationIocLoader.addClass(AnnotationIocLoader.java:76) - Found @IocBean : class cn.wizzer.app.sys.modules.services.impl.SysLogServiceImpl
[DEBUG] 2018-10-15 16:13:23,191 org.nutz.ioc.loader.annotation.AnnotationIocLoader.addClass(AnnotationIocLoader.java:76) - Found @IocBean : class cn.wizzer.app.sys.modules.services.impl.SysMenuServiceImpl
[DEBUG] 2018-10-15 16:13:23,191 org.nutz.ioc.loader.annotation.AnnotationIocLoader.addClass(AnnotationIocLoader.java:76) - Found @IocBean : class cn.wizzer.app.sys.modules.services.impl.SysMobileServiceImpl
[DEBUG] 2018-10-15 16:13:23,191 org.nutz.ioc.loader.annotation.AnnotationIocLoader.addClass(AnnotationIocLoader.java:76) - Found @IocBean : class cn.wizzer.app.sys.modules.services.impl.SysPluginServiceImpl
[DEBUG] 2018-10-15 16:13:23,191 org.nutz.ioc.loader.annotation.AnnotationIocLoader.addClass(AnnotationIocLoader.java:76) - Found @IocBean : class cn.wizzer.app.sys.modules.services.impl.SysRegistauditServiceImpl
[DEBUG] 2018-10-15 16:13:23,191 org.nutz.ioc.loader.annotation.AnnotationIocLoader.addClass(AnnotationIocLoader.java:76) - Found @IocBean : class cn.wizzer.app.sys.modules.services.impl.SysRoleServiceImpl
[DEBUG] 2018-10-15 16:13:23,191 org.nutz.ioc.loader.annotation.AnnotationIocLoader.addClass(AnnotationIocLoader.java:76) - Found @IocBean : class cn.wizzer.app.sys.modules.services.impl.SysRouteServiceImpl
[DEBUG] 2018-10-15 16:13:23,192 org.nutz.ioc.loader.annotation.AnnotationIocLoader.addClass(AnnotationIocLoader.java:76) - Found @IocBean : class cn.wizzer.app.sys.modules.services.impl.SysTaskServiceImpl
[DEBUG] 2018-10-15 16:13:23,192 org.nutz.ioc.loader.annotation.AnnotationIocLoader.addClass(AnnotationIocLoader.java:76) - Found @IocBean : class cn.wizzer.app.sys.modules.services.impl.SysTempuserServiceImpl
[DEBUG] 2018-10-15 16:13:23,192 org.nutz.ioc.loader.annotation.AnnotationIocLoader.addClass(AnnotationIocLoader.java:76) - Found @IocBean : class cn.wizzer.app.sys.modules.services.impl.SysUnitServiceImpl
[DEBUG] 2018-10-15 16:13:23,192 org.nutz.ioc.loader.annotation.AnnotationIocLoader.addClass(AnnotationIocLoader.java:76) - Found @IocBean : class cn.wizzer.app.sys.modules.services.impl.SysUserServiceImpl
[DEBUG] 2018-10-15 16:13:23,192 org.nutz.ioc.loader.annotation.AnnotationIocLoader.addClass(AnnotationIocLoader.java:76) - Found @IocBean : class cn.wizzer.app.sys.modules.services.impl.SysVersionServiceImpl
[DEBUG] 2018-10-15 16:13:23,192 org.nutz.ioc.loader.annotation.AnnotationIocLoader.addClass(AnnotationIocLoader.java:76) - Found @IocBean : class cn.wizzer.app.sys.modules.services.impl.SysWxDeptServiceImpl
[DEBUG] 2018-10-15 16:13:23,192 org.nutz.ioc.loader.annotation.AnnotationIocLoader.addClass(AnnotationIocLoader.java:76) - Found @IocBean : class cn.wizzer.app.sys.modules.services.impl.SysWxServiceImpl
[DEBUG] 2018-10-15 16:13:23,192 org.nutz.ioc.loader.annotation.AnnotationIocLoader.addClass(AnnotationIocLoader.java:76) - Found @IocBean : class cn.wizzer.app.sys.modules.services.impl.SysWxUserServiceImpl
[DEBUG] 2018-10-15 16:13:23,192 org.nutz.ioc.loader.annotation.AnnotationIocLoader.addClass(AnnotationIocLoader.java:76) - Found @IocBean : class cn.wizzer.app.web.commons.plugin.DynamicInterceptor
[DEBUG] 2018-10-15 16:13:23,192 org.nutz.ioc.loader.annotation.AnnotationIocLoader.addClass(AnnotationIocLoader.java:76) - Found @IocBean : class cn.wizzer.app.web.commons.plugin.PluginAopConfigure
[DEBUG] 2018-10-15 16:13:23,192 org.nutz.ioc.loader.annotation.AnnotationIocLoader.addClass(AnnotationIocLoader.java:76) - Found @IocBean : class cn.wizzer.app.web.commons.plugin.PluginMaster
[DEBUG] 2018-10-15 16:13:23,192 org.nutz.ioc.loader.annotation.AnnotationIocLoader.addClass(AnnotationIocLoader.java:76) - Found @IocBean : class cn.wizzer.app.web.commons.quartz.job.orderExecute
[DEBUG] 2018-10-15 16:13:23,192 org.nutz.ioc.loader.annotation.AnnotationIocLoader.addClass(AnnotationIocLoader.java:76) - Found @IocBean : class cn.wizzer.app.web.commons.quartz.job.TestJob
[DEBUG] 2018-10-15 16:13:23,192 org.nutz.ioc.loader.annotation.AnnotationIocLoader.addClass(AnnotationIocLoader.java:76) - Found @IocBean : class cn.wizzer.app.web.commons.services.email.EmailService
[DEBUG] 2018-10-15 16:13:23,192 org.nutz.ioc.loader.annotation.AnnotationIocLoader.addClass(AnnotationIocLoader.java:76) - Found @IocBean : class cn.wizzer.app.web.commons.services.qrcode.QrcodeService
[DEBUG] 2018-10-15 16:13:23,193 org.nutz.ioc.loader.annotation.AnnotationIocLoader.addClass(AnnotationIocLoader.java:76) - Found @IocBean : class cn.wizzer.app.web.commons.services.wx.TplService
[DEBUG] 2018-10-15 16:13:23,193 org.nutz.ioc.loader.annotation.AnnotationIocLoader.addClass(AnnotationIocLoader.java:76) - Found @IocBean : class cn.wizzer.app.web.commons.services.wx.WxHandler
[DEBUG] 2018-10-15 16:13:23,193 org.nutz.ioc.loader.annotation.AnnotationIocLoader.addClass(AnnotationIocLoader.java:76) - Found @IocBean : class cn.wizzer.app.web.commons.shiro.realm.PlatformAuthorizingRealm
[DEBUG] 2018-10-15 16:13:23,193 org.nutz.ioc.loader.annotation.AnnotationIocLoader.addClass(AnnotationIocLoader.java:76) - Found @IocBean : class cn.wizzer.app.web.commons.slog.SLogAopConfigration
[DEBUG] 2018-10-15 16:13:23,193 org.nutz.ioc.loader.annotation.AnnotationIocLoader.addClass(AnnotationIocLoader.java:76) - Found @IocBean : class cn.wizzer.app.web.commons.slog.SLogService
[DEBUG] 2018-10-15 16:13:23,193 org.nutz.ioc.loader.annotation.AnnotationIocLoader.addClass(AnnotationIocLoader.java:76) - Found @IocBean : class cn.wizzer.app.web.modules.controllers.front.wx.CmsController
[DEBUG] 2018-10-15 16:13:23,193 org.nutz.ioc.loader.annotation.AnnotationIocLoader.addClass(AnnotationIocLoader.java:76) - Found @IocBean : class cn.wizzer.app.web.modules.controllers.front.wx.WechatController
[DEBUG] 2018-10-15 16:13:23,193 org.nutz.ioc.loader.annotation.AnnotationIocLoader.addClass(AnnotationIocLoader.java:76) - Found @IocBean : class cn.wizzer.app.web.modules.controllers.open.api.mobile.MobileBaseController
[DEBUG] 2018-10-15 16:13:23,193 org.nutz.ioc.loader.annotation.AnnotationIocLoader.addClass(AnnotationIocLoader.java:76) - Found @IocBean : class cn.wizzer.app.web.modules.controllers.open.api.mobile.MobileInsController
[DEBUG] 2018-10-15 16:13:23,193 org.nutz.ioc.loader.annotation.AnnotationIocLoader.addClass(AnnotationIocLoader.java:76) - Found @IocBean : class cn.wizzer.app.web.modules.controllers.open.api.mobile.MobileOrderController
[DEBUG] 2018-10-15 16:13:23,193 org.nutz.ioc.loader.annotation.AnnotationIocLoader.addClass(AnnotationIocLoader.java:76) - Found @IocBean : class cn.wizzer.app.web.modules.controllers.open.api.mobile.MobileSysController
[DEBUG] 2018-10-15 16:13:23,193 org.nutz.ioc.loader.annotation.AnnotationIocLoader.addClass(AnnotationIocLoader.java:76) - Found @IocBean : class cn.wizzer.app.web.modules.controllers.open.api.pad.PadInsController
[DEBUG] 2018-10-15 16:13:23,193 org.nutz.ioc.loader.annotation.AnnotationIocLoader.addClass(AnnotationIocLoader.java:76) - Found @IocBean : class cn.wizzer.app.web.modules.controllers.open.api.pad.PadOrderController
[DEBUG] 2018-10-15 16:13:23,193 org.nutz.ioc.loader.annotation.AnnotationIocLoader.addClass(AnnotationIocLoader.java:76) - Found @IocBean : class cn.wizzer.app.web.modules.controllers.open.api.pad.PadSysController
[DEBUG] 2018-10-15 16:13:23,193 org.nutz.ioc.loader.annotation.AnnotationIocLoader.addClass(AnnotationIocLoader.java:76) - Found @IocBean : class cn.wizzer.app.web.modules.controllers.open.api.test.ApiTestController
[DEBUG] 2018-10-15 16:13:23,194 org.nutz.ioc.loader.annotation.AnnotationIocLoader.addClass(AnnotationIocLoader.java:76) - Found @IocBean : class cn.wizzer.app.web.modules.controllers.open.api.token.TokenController
[DEBUG] 2018-10-15 16:13:23,194 org.nutz.ioc.loader.annotation.AnnotationIocLoader.addClass(AnnotationIocLoader.java:76) - Found @IocBean : class cn.wizzer.app.web.modules.controllers.open.api.userpermission.UserpermissionController
[DEBUG] 2018-10-15 16:13:23,194 org.nutz.ioc.loader.annotation.AnnotationIocLoader.addClass(AnnotationIocLoader.java:76) - Found @IocBean : class cn.wizzer.app.web.modules.controllers.open.file.UploadController
[DEBUG] 2018-10-15 16:13:23,194 org.nutz.ioc.loader.annotation.AnnotationIocLoader.addClass(AnnotationIocLoader.java:76) - Found @IocBean : class cn.wizzer.app.web.modules.controllers.open.pay.WxPayBackController
[DEBUG] 2018-10-15 16:13:23,194 org.nutz.ioc.loader.annotation.AnnotationIocLoader.addClass(AnnotationIocLoader.java:76) - Found @IocBean : class cn.wizzer.app.web.modules.controllers.open.ueditor.BdController
[DEBUG] 2018-10-15 16:13:23,194 org.nutz.ioc.loader.annotation.AnnotationIocLoader.addClass(AnnotationIocLoader.java:76) - Found @IocBean : class cn.wizzer.app.web.modules.controllers.open.ueditor.WxController
[DEBUG] 2018-10-15 16:13:23,194 org.nutz.ioc.loader.annotation.AnnotationIocLoader.addClass(AnnotationIocLoader.java:76) - Found @IocBean : class cn.wizzer.app.web.modules.controllers.open.wx.WeixinController
[DEBUG] 2018-10-15 16:13:23,194 org.nutz.ioc.loader.annotation.AnnotationIocLoader.addClass(AnnotationIocLoader.java:76) - Found @IocBean : class cn.wizzer.app.web.modules.controllers.platform.base.BaseAirmeterialController
[DEBUG] 2018-10-15 16:13:23,194 org.nutz.ioc.loader.annotation.AnnotationIocLoader.addClass(AnnotationIocLoader.java:76) - Found @IocBean : class cn.wizzer.app.web.modules.controllers.platform.base.BaseAirportController
[DEBUG] 2018-10-15 16:13:23,194 org.nutz.ioc.loader.annotation.AnnotationIocLoader.addClass(AnnotationIocLoader.java:76) - Found @IocBean : class cn.wizzer.app.web.modules.controllers.platform.base.BaseCnctobjController
[DEBUG] 2018-10-15 16:13:23,194 org.nutz.ioc.loader.annotation.AnnotationIocLoader.addClass(AnnotationIocLoader.java:76) - Found @IocBean : class cn.wizzer.app.web.modules.controllers.platform.base.BaseCustomerController
[DEBUG] 2018-10-15 16:13:23,194 org.nutz.ioc.loader.annotation.AnnotationIocLoader.addClass(AnnotationIocLoader.java:76) - Found @IocBean : class cn.wizzer.app.web.modules.controllers.platform.base.BaseDeptController
[DEBUG] 2018-10-15 16:13:23,194 org.nutz.ioc.loader.annotation.AnnotationIocLoader.addClass(AnnotationIocLoader.java:76) - Found @IocBean : class cn.wizzer.app.web.modules.controllers.platform.base.BaseJobController
[DEBUG] 2018-10-15 16:13:23,195 org.nutz.ioc.loader.annotation.AnnotationIocLoader.addClass(AnnotationIocLoader.java:76) - Found @IocBean : class cn.wizzer.app.web.modules.controllers.platform.base.BasePersonController
[DEBUG] 2018-10-15 16:13:23,195 org.nutz.ioc.loader.annotation.AnnotationIocLoader.addClass(AnnotationIocLoader.java:76) - Found @IocBean : class cn.wizzer.app.web.modules.controllers.platform.base.BasePersonpoolController
[DEBUG] 2018-10-15 16:13:23,195 org.nutz.ioc.loader.annotation.AnnotationIocLoader.addClass(AnnotationIocLoader.java:76) - Found @IocBean : class cn.wizzer.app.web.modules.controllers.platform.base.BasePlaceController
[DEBUG] 2018-10-15 16:13:23,195 org.nutz.ioc.loader.annotation.AnnotationIocLoader.addClass(AnnotationIocLoader.java:76) - Found @IocBean : class cn.wizzer.app.web.modules.controllers.platform.base.BasePostController
[DEBUG] 2018-10-15 16:13:23,195 org.nutz.ioc.loader.annotation.AnnotationIocLoader.addClass(AnnotationIocLoader.java:76) - Found @IocBean : class cn.wizzer.app.web.modules.controllers.platform.base.BaseRowofficeController
[DEBUG] 2018-10-15 16:13:23,195 org.nutz.ioc.loader.annotation.AnnotationIocLoader.addClass(AnnotationIocLoader.java:76) - Found @IocBean : class cn.wizzer.app.web.modules.controllers.platform.base.BaseRowofficeentryController
[DEBUG] 2018-10-15 16:13:23,195 org.nutz.ioc.loader.annotation.AnnotationIocLoader.addClass(AnnotationIocLoader.java:76) - Found @IocBean : class cn.wizzer.app.web.modules.controllers.platform.base.BaseVehicleController
[DEBUG] 2018-10-15 16:13:23,195 org.nutz.ioc.loader.annotation.AnnotationIocLoader.addClass(AnnotationIocLoader.java:76) - Found @IocBean : class cn.wizzer.app.web.modules.controllers.platform.base.BaseWarehouseController
[DEBUG] 2018-10-15 16:13:23,195 org.nutz.ioc.loader.annotation.AnnotationIocLoader.addClass(AnnotationIocLoader.java:76) - Found @IocBean : class cn.wizzer.app.web.modules.controllers.platform.cms.CmsArticleController
[DEBUG] 2018-10-15 16:13:23,195 org.nutz.ioc.loader.annotation.AnnotationIocLoader.addClass(AnnotationIocLoader.java:76) - Found @IocBean : class cn.wizzer.app.web.modules.controllers.platform.cms.CmsChannelController
[DEBUG] 2018-10-15 16:13:23,195 org.nutz.ioc.loader.annotation.AnnotationIocLoader.addClass(AnnotationIocLoader.java:76) - Found @IocBean : class cn.wizzer.app.web.modules.controllers.platform.cms.CmsLinkClassController
[DEBUG] 2018-10-15 16:13:23,195 org.nutz.ioc.loader.annotation.AnnotationIocLoader.addClass(AnnotationIocLoader.java:76) - Found @IocBean : class cn.wizzer.app.web.modules.controllers.platform.cms.CmsLinkController
[DEBUG] 2018-10-15 16:13:23,195 org.nutz.ioc.loader.annotation.AnnotationIocLoader.addClass(AnnotationIocLoader.java:76) - Found @IocBean : class cn.wizzer.app.web.modules.controllers.platform.cms.CmsSiteController
[DEBUG] 2018-10-15 16:13:23,195 org.nutz.ioc.loader.annotation.AnnotationIocLoader.addClass(AnnotationIocLoader.java:76) - Found @IocBean : class cn.wizzer.app.web.modules.controllers.platform.ins.InsBaseinsController
[DEBUG] 2018-10-15 16:13:23,195 org.nutz.ioc.loader.annotation.AnnotationIocLoader.addClass(AnnotationIocLoader.java:76) - Found @IocBean : class cn.wizzer.app.web.modules.controllers.platform.ins.InsBaseinsSpaceController
[DEBUG] 2018-10-15 16:13:23,195 org.nutz.ioc.loader.annotation.AnnotationIocLoader.addClass(AnnotationIocLoader.java:76) - Found @IocBean : class cn.wizzer.app.web.modules.controllers.platform.ins.InsCabinetController
[DEBUG] 2018-10-15 16:13:23,196 org.nutz.ioc.loader.annotation.AnnotationIocLoader.addClass(AnnotationIocLoader.java:76) - Found @IocBean : class cn.wizzer.app.web.modules.controllers.platform.ins.InsCommonController
[DEBUG] 2018-10-15 16:13:23,196 org.nutz.ioc.loader.annotation.AnnotationIocLoader.addClass(AnnotationIocLoader.java:76) - Found @IocBean : class cn.wizzer.app.web.modules.controllers.platform.ins.InsInstrumentController
[DEBUG] 2018-10-15 16:13:23,196 org.nutz.ioc.loader.annotation.AnnotationIocLoader.addClass(AnnotationIocLoader.java:76) - Found @IocBean : class cn.wizzer.app.web.modules.controllers.platform.ins.InsLockController
[DEBUG] 2018-10-15 16:13:23,196 org.nutz.ioc.loader.annotation.AnnotationIocLoader.addClass(AnnotationIocLoader.java:76) - Found @IocBean : class cn.wizzer.app.web.modules.controllers.platform.ins.InsOrderController
[DEBUG] 2018-10-15 16:13:23,196 org.nutz.ioc.loader.annotation.AnnotationIocLoader.addClass(AnnotationIocLoader.java:76) - Found @IocBean : class cn.wizzer.app.web.modules.controllers.platform.ins.InsOrderentryController
[DEBUG] 2018-10-15 16:13:23,196 org.nutz.ioc.loader.annotation.AnnotationIocLoader.addClass(AnnotationIocLoader.java:76) - Found @IocBean : class cn.wizzer.app.web.modules.controllers.platform.ins.InsRepairController
[DEBUG] 2018-10-15 16:13:23,196 org.nutz.ioc.loader.annotation.AnnotationIocLoader.addClass(AnnotationIocLoader.java:76) - Found @IocBean : class cn.wizzer.app.web.modules.controllers.platform.ins.InsRepairtrackController
[DEBUG] 2018-10-15 16:13:23,196 org.nutz.ioc.loader.annotation.AnnotationIocLoader.addClass(AnnotationIocLoader.java:76) - Found @IocBean : class cn.wizzer.app.web.modules.controllers.platform.ins.InsRfheadController
[DEBUG] 2018-10-15 16:13:23,196 org.nutz.ioc.loader.annotation.AnnotationIocLoader.addClass(AnnotationIocLoader.java:76) - Found @IocBean : class cn.wizzer.app.web.modules.controllers.platform.ins.InsRfidController
[DEBUG] 2018-10-15 16:13:23,196 org.nutz.ioc.loader.annotation.AnnotationIocLoader.addClass(AnnotationIocLoader.java:76) - Found @IocBean : class cn.wizzer.app.web.modules.controllers.platform.ins.InsSpaceController
[DEBUG] 2018-10-15 16:13:23,196 org.nutz.ioc.loader.annotation.AnnotationIocLoader.addClass(AnnotationIocLoader.java:76) - Found @IocBean : class cn.wizzer.app.web.modules.controllers.platform.ins.InsToolcabinetController
[DEBUG] 2018-10-15 16:13:23,196 org.nutz.ioc.loader.annotation.AnnotationIocLoader.addClass(AnnotationIocLoader.java:76) - Found @IocBean : class cn.wizzer.app.web.modules.controllers.platform.ins.InsTransmitController
[DEBUG] 2018-10-15 16:13:23,196 org.nutz.ioc.loader.annotation.AnnotationIocLoader.addClass(AnnotationIocLoader.java:76) - Found @IocBean : class cn.wizzer.app.web.modules.controllers.platform.logistics.LogisticsDeliveryorderController
[DEBUG] 2018-10-15 16:13:23,196 org.nutz.ioc.loader.annotation.AnnotationIocLoader.addClass(AnnotationIocLoader.java:76) - Found @IocBean : class cn.wizzer.app.web.modules.controllers.platform.logistics.LogisticsDeliveryorderentryController
[DEBUG] 2018-10-15 16:13:23,196 org.nutz.ioc.loader.annotation.AnnotationIocLoader.addClass(AnnotationIocLoader.java:76) - Found @IocBean : class cn.wizzer.app.web.modules.controllers.platform.logistics.LogisticsEntourageController
[DEBUG] 2018-10-15 16:13:23,196 org.nutz.ioc.loader.annotation.AnnotationIocLoader.addClass(AnnotationIocLoader.java:76) - Found @IocBean : class cn.wizzer.app.web.modules.controllers.platform.logistics.LogisticsOrderController
[DEBUG] 2018-10-15 16:13:23,197 org.nutz.ioc.loader.annotation.AnnotationIocLoader.addClass(AnnotationIocLoader.java:76) - Found @IocBean : class cn.wizzer.app.web.modules.controllers.platform.logistics.LogisticsOrderdeliveryController
[DEBUG] 2018-10-15 16:13:23,197 org.nutz.ioc.loader.annotation.AnnotationIocLoader.addClass(AnnotationIocLoader.java:76) - Found @IocBean : class cn.wizzer.app.web.modules.controllers.platform.logistics.LogisticsOrderentryController
[DEBUG] 2018-10-15 16:13:23,197 org.nutz.ioc.loader.annotation.AnnotationIocLoader.addClass(AnnotationIocLoader.java:76) - Found @IocBean : class cn.wizzer.app.web.modules.controllers.platform.logistics.LogisticsOrderplanController
[DEBUG] 2018-10-15 16:13:23,197 org.nutz.ioc.loader.annotation.AnnotationIocLoader.addClass(AnnotationIocLoader.java:76) - Found @IocBean : class cn.wizzer.app.web.modules.controllers.platform.logistics.LogisticsOrderplanentryController
[DEBUG] 2018-10-15 16:13:23,197 org.nutz.ioc.loader.annotation.AnnotationIocLoader.addClass(AnnotationIocLoader.java:76) - Found @IocBean : class cn.wizzer.app.web.modules.controllers.platform.logistics.LogisticsOrderrejectController
[DEBUG] 2018-10-15 16:13:23,197 org.nutz.ioc.loader.annotation.AnnotationIocLoader.addClass(AnnotationIocLoader.java:76) - Found @IocBean : class cn.wizzer.app.web.modules.controllers.platform.logistics.LogisticsOrderstepController
[DEBUG] 2018-10-15 16:13:23,197 org.nutz.ioc.loader.annotation.AnnotationIocLoader.addClass(AnnotationIocLoader.java:76) - Found @IocBean : class cn.wizzer.app.web.modules.controllers.platform.logistics.LogisticsSendapprovalController
[DEBUG] 2018-10-15 16:13:23,197 org.nutz.ioc.loader.annotation.AnnotationIocLoader.addClass(AnnotationIocLoader.java:76) - Found @IocBean : class cn.wizzer.app.web.modules.controllers.platform.logistics.LogisticsSendgoodsController
[DEBUG] 2018-10-15 16:13:23,197 org.nutz.ioc.loader.annotation.AnnotationIocLoader.addClass(AnnotationIocLoader.java:76) - Found @IocBean : class cn.wizzer.app.web.modules.controllers.platform.logistics.LogisticsSendplanController
[DEBUG] 2018-10-15 16:13:23,197 org.nutz.ioc.loader.annotation.AnnotationIocLoader.addClass(AnnotationIocLoader.java:76) - Found @IocBean : class cn.wizzer.app.web.modules.controllers.platform.logistics.LogisticsSendtraceController
[DEBUG] 2018-10-15 16:13:23,197 org.nutz.ioc.loader.annotation.AnnotationIocLoader.addClass(AnnotationIocLoader.java:76) - Found @IocBean : class cn.wizzer.app.web.modules.controllers.platform.logistics.LogisticsUnplanController
[DEBUG] 2018-10-15 16:13:23,197 org.nutz.ioc.loader.annotation.AnnotationIocLoader.addClass(AnnotationIocLoader.java:76) - Found @IocBean : class cn.wizzer.app.web.modules.controllers.platform.sys.SysApiController
[DEBUG] 2018-10-15 16:13:23,197 org.nutz.ioc.loader.annotation.AnnotationIocLoader.addClass(AnnotationIocLoader.java:76) - Found @IocBean : class cn.wizzer.app.web.modules.controllers.platform.sys.SysBarcodeController
[DEBUG] 2018-10-15 16:13:23,197 org.nutz.ioc.loader.annotation.AnnotationIocLoader.addClass(AnnotationIocLoader.java:76) - Found @IocBean : class cn.wizzer.app.web.modules.controllers.platform.sys.SysConfController
[DEBUG] 2018-10-15 16:13:23,197 org.nutz.ioc.loader.annotation.AnnotationIocLoader.addClass(AnnotationIocLoader.java:76) - Found @IocBean : class cn.wizzer.app.web.modules.controllers.platform.sys.SysDictController
[DEBUG] 2018-10-15 16:13:23,197 org.nutz.ioc.loader.annotation.AnnotationIocLoader.addClass(AnnotationIocLoader.java:76) - Found @IocBean : class cn.wizzer.app.web.modules.controllers.platform.sys.SysHomeController
[DEBUG] 2018-10-15 16:13:23,198 org.nutz.ioc.loader.annotation.AnnotationIocLoader.addClass(AnnotationIocLoader.java:76) - Found @IocBean : class cn.wizzer.app.web.modules.controllers.platform.sys.SysLogController
[DEBUG] 2018-10-15 16:13:23,198 org.nutz.ioc.loader.annotation.AnnotationIocLoader.addClass(AnnotationIocLoader.java:76) - Found @IocBean : class cn.wizzer.app.web.modules.controllers.platform.sys.SysLoginController
[DEBUG] 2018-10-15 16:13:23,198 org.nutz.ioc.loader.annotation.AnnotationIocLoader.addClass(AnnotationIocLoader.java:76) - Found @IocBean : class cn.wizzer.app.web.modules.controllers.platform.sys.SysMenuController
[DEBUG] 2018-10-15 16:13:23,198 org.nutz.ioc.loader.annotation.AnnotationIocLoader.addClass(AnnotationIocLoader.java:76) - Found @IocBean : class cn.wizzer.app.web.modules.controllers.platform.sys.SysMobileController
[DEBUG] 2018-10-15 16:13:23,198 org.nutz.ioc.loader.annotation.AnnotationIocLoader.addClass(AnnotationIocLoader.java:76) - Found @IocBean : class cn.wizzer.app.web.modules.controllers.platform.sys.SysPluginController
[DEBUG] 2018-10-15 16:13:23,198 org.nutz.ioc.loader.annotation.AnnotationIocLoader.addClass(AnnotationIocLoader.java:76) - Found @IocBean : class cn.wizzer.app.web.modules.controllers.platform.sys.SysRegistauditController
[DEBUG] 2018-10-15 16:13:23,198 org.nutz.ioc.loader.annotation.AnnotationIocLoader.addClass(AnnotationIocLoader.java:76) - Found @IocBean : class cn.wizzer.app.web.modules.controllers.platform.sys.SysRoleController
[DEBUG] 2018-10-15 16:13:23,198 org.nutz.ioc.loader.annotation.AnnotationIocLoader.addClass(AnnotationIocLoader.java:76) - Found @IocBean : class cn.wizzer.app.web.modules.controllers.platform.sys.SysRouteController
[DEBUG] 2018-10-15 16:13:23,198 org.nutz.ioc.loader.annotation.AnnotationIocLoader.addClass(AnnotationIocLoader.java:76) - Found @IocBean : class cn.wizzer.app.web.modules.controllers.platform.sys.SysTaskController
[DEBUG] 2018-10-15 16:13:23,199 org.nutz.ioc.loader.annotation.AnnotationIocLoader.addClass(AnnotationIocLoader.java:76) - Found @IocBean : class cn.wizzer.app.web.modules.controllers.platform.sys.SysTempuserController
[DEBUG] 2018-10-15 16:13:23,199 org.nutz.ioc.loader.annotation.AnnotationIocLoader.addClass(AnnotationIocLoader.java:76) - Found @IocBean : class cn.wizzer.app.web.modules.controllers.platform.sys.SysUnitController
[DEBUG] 2018-10-15 16:13:23,199 org.nutz.ioc.loader.annotation.AnnotationIocLoader.addClass(AnnotationIocLoader.java:76) - Found @IocBean : class cn.wizzer.app.web.modules.controllers.platform.sys.SysUserController
[DEBUG] 2018-10-15 16:13:23,199 org.nutz.ioc.loader.annotation.AnnotationIocLoader.addClass(AnnotationIocLoader.java:76) - Found @IocBean : class cn.wizzer.app.web.modules.controllers.platform.sys.SysVersionController
[DEBUG] 2018-10-15 16:13:23,199 org.nutz.ioc.loader.annotation.AnnotationIocLoader.addClass(AnnotationIocLoader.java:76) - Found @IocBean : class cn.wizzer.app.web.modules.controllers.platform.sys.SysWxController
[DEBUG] 2018-10-15 16:13:23,199 org.nutz.ioc.loader.annotation.AnnotationIocLoader.addClass(AnnotationIocLoader.java:76) - Found @IocBean : class cn.wizzer.app.web.modules.controllers.platform.sys.SysWxDeptController
[DEBUG] 2018-10-15 16:13:23,199 org.nutz.ioc.loader.annotation.AnnotationIocLoader.addClass(AnnotationIocLoader.java:76) - Found @IocBean : class cn.wizzer.app.web.modules.controllers.platform.sys.SysWxUserController
[DEBUG] 2018-10-15 16:13:23,199 org.nutz.ioc.loader.annotation.AnnotationIocLoader.addClass(AnnotationIocLoader.java:76) - Found @IocBean : class cn.wizzer.app.web.modules.controllers.platform.wx.WxConfigController
[DEBUG] 2018-10-15 16:13:23,199 org.nutz.ioc.loader.annotation.AnnotationIocLoader.addClass(AnnotationIocLoader.java:76) - Found @IocBean : class cn.wizzer.app.web.modules.controllers.platform.wx.WxMassController
[DEBUG] 2018-10-15 16:13:23,199 org.nutz.ioc.loader.annotation.AnnotationIocLoader.addClass(AnnotationIocLoader.java:76) - Found @IocBean : class cn.wizzer.app.web.modules.controllers.platform.wx.WxMenuController
[DEBUG] 2018-10-15 16:13:23,199 org.nutz.ioc.loader.annotation.AnnotationIocLoader.addClass(AnnotationIocLoader.java:76) - Found @IocBean : class cn.wizzer.app.web.modules.controllers.platform.wx.WxMsgUserController
[DEBUG] 2018-10-15 16:13:23,199 org.nutz.ioc.loader.annotation.AnnotationIocLoader.addClass(AnnotationIocLoader.java:76) - Found @IocBean : class cn.wizzer.app.web.modules.controllers.platform.wx.WxPayTestController
[DEBUG] 2018-10-15 16:13:23,199 org.nutz.ioc.loader.annotation.AnnotationIocLoader.addClass(AnnotationIocLoader.java:76) - Found @IocBean : class cn.wizzer.app.web.modules.controllers.platform.wx.WxReplyController
[DEBUG] 2018-10-15 16:13:23,199 org.nutz.ioc.loader.annotation.AnnotationIocLoader.addClass(AnnotationIocLoader.java:76) - Found @IocBean : class cn.wizzer.app.web.modules.controllers.platform.wx.WxReplyNewsController
[DEBUG] 2018-10-15 16:13:23,199 org.nutz.ioc.loader.annotation.AnnotationIocLoader.addClass(AnnotationIocLoader.java:76) - Found @IocBean : class cn.wizzer.app.web.modules.controllers.platform.wx.WxReplyTxtController
[DEBUG] 2018-10-15 16:13:23,200 org.nutz.ioc.loader.annotation.AnnotationIocLoader.addClass(AnnotationIocLoader.java:76) - Found @IocBean : class cn.wizzer.app.web.modules.controllers.platform.wx.WxTplIdController
[DEBUG] 2018-10-15 16:13:23,200 org.nutz.ioc.loader.annotation.AnnotationIocLoader.addClass(AnnotationIocLoader.java:76) - Found @IocBean : class cn.wizzer.app.web.modules.controllers.platform.wx.WxTplListController
[DEBUG] 2018-10-15 16:13:23,200 org.nutz.ioc.loader.annotation.AnnotationIocLoader.addClass(AnnotationIocLoader.java:76) - Found @IocBean : class cn.wizzer.app.web.modules.controllers.platform.wx.WxTplLogController
[DEBUG] 2018-10-15 16:13:23,200 org.nutz.ioc.loader.annotation.AnnotationIocLoader.addClass(AnnotationIocLoader.java:76) - Found @IocBean : class cn.wizzer.app.web.modules.controllers.platform.wx.WxUserController
[DEBUG] 2018-10-15 16:13:23,200 org.nutz.ioc.loader.annotation.AnnotationIocLoader.addClass(AnnotationIocLoader.java:76) - Found @IocBean : class cn.wizzer.app.wx.modules.services.impl.WxConfigServiceImpl
[DEBUG] 2018-10-15 16:13:23,200 org.nutz.ioc.loader.annotation.AnnotationIocLoader.addClass(AnnotationIocLoader.java:76) - Found @IocBean : class cn.wizzer.app.wx.modules.services.impl.WxMassNewsServiceImpl
[DEBUG] 2018-10-15 16:13:23,200 org.nutz.ioc.loader.annotation.AnnotationIocLoader.addClass(AnnotationIocLoader.java:76) - Found @IocBean : class cn.wizzer.app.wx.modules.services.impl.WxMassSendServiceImpl
[DEBUG] 2018-10-15 16:13:23,200 org.nutz.ioc.loader.annotation.AnnotationIocLoader.addClass(AnnotationIocLoader.java:76) - Found @IocBean : class cn.wizzer.app.wx.modules.services.impl.WxMassServiceImpl
[DEBUG] 2018-10-15 16:13:23,200 org.nutz.ioc.loader.annotation.AnnotationIocLoader.addClass(AnnotationIocLoader.java:76) - Found @IocBean : class cn.wizzer.app.wx.modules.services.impl.WxMenuServiceImpl
[DEBUG] 2018-10-15 16:13:23,200 org.nutz.ioc.loader.annotation.AnnotationIocLoader.addClass(AnnotationIocLoader.java:76) - Found @IocBean : class cn.wizzer.app.wx.modules.services.impl.WxMsgReplyServiceImpl
[DEBUG] 2018-10-15 16:13:23,200 org.nutz.ioc.loader.annotation.AnnotationIocLoader.addClass(AnnotationIocLoader.java:76) - Found @IocBean : class cn.wizzer.app.wx.modules.services.impl.WxMsgServiceImpl
[DEBUG] 2018-10-15 16:13:23,200 org.nutz.ioc.loader.annotation.AnnotationIocLoader.addClass(AnnotationIocLoader.java:76) - Found @IocBean : class cn.wizzer.app.wx.modules.services.impl.WxReplyNewsServiceImpl
[DEBUG] 2018-10-15 16:13:23,200 org.nutz.ioc.loader.annotation.AnnotationIocLoader.addClass(AnnotationIocLoader.java:76) - Found @IocBean : class cn.wizzer.app.wx.modules.services.impl.WxReplyServiceImpl
[DEBUG] 2018-10-15 16:13:23,200 org.nutz.ioc.loader.annotation.AnnotationIocLoader.addClass(AnnotationIocLoader.java:76) - Found @IocBean : class cn.wizzer.app.wx.modules.services.impl.WxReplyTxtServiceImpl
[DEBUG] 2018-10-15 16:13:23,201 org.nutz.ioc.loader.annotation.AnnotationIocLoader.addClass(AnnotationIocLoader.java:76) - Found @IocBean : class cn.wizzer.app.wx.modules.services.impl.WxTplIdServiceImpl
[DEBUG] 2018-10-15 16:13:23,201 org.nutz.ioc.loader.annotation.AnnotationIocLoader.addClass(AnnotationIocLoader.java:76) - Found @IocBean : class cn.wizzer.app.wx.modules.services.impl.WxTplListServiceImpl
[DEBUG] 2018-10-15 16:13:23,201 org.nutz.ioc.loader.annotation.AnnotationIocLoader.addClass(AnnotationIocLoader.java:76) - Found @IocBean : class cn.wizzer.app.wx.modules.services.impl.WxTplLogServiceImpl
[DEBUG] 2018-10-15 16:13:23,201 org.nutz.ioc.loader.annotation.AnnotationIocLoader.addClass(AnnotationIocLoader.java:76) - Found @IocBean : class cn.wizzer.app.wx.modules.services.impl.WxUserServiceImpl
[DEBUG] 2018-10-15 16:13:23,201 org.nutz.ioc.loader.annotation.AnnotationIocLoader.addClass(AnnotationIocLoader.java:76) - Found @IocBean : class cn.wizzer.test.SimpleTest
[DEBUG] 2018-10-15 16:13:23,202 org.nutz.resource.Scans.scan(Scans.java:274) - Found 0 resource by src( org/nutz/apidoc/ ) , regex( ^.+[.]class$ )
[INFO ] 2018-10-15 16:13:23,203 org.nutz.ioc.loader.annotation.AnnotationIocLoader.<init>(AnnotationIocLoader.java:52) - Found 204 classes in 2 base-packages!
beans = ["wxTplListController", "uploadController", "wxReplyTxtServiceImpl", "logisticsSendplanController", "baseJobServiceImpl", "dateUtil", "qrcodeService", "logisticsSendgoodsServiceImpl", "logisticsOrderentryController", "insLockController", "baseRowofficeentryServiceImpl", "cmsChannelServiceImpl", "insBaseinsServiceImpl", "orderExecute", "cmsArticleController", "basePostController", "baseAirmeterialServiceImpl", "basePersonController", "logisticsOrderplanServiceImpl", "cmsLinkClassController", "basePostServiceImpl", "baseRowofficeServiceImpl", "baseJobController", "baseRowofficeController", "wxReplyController", "insRepairController", "sysConfigServiceImpl", "basePersonpoolController", "baseVehicleController", "wxMsgServiceImpl", "wxPayBackController", "logisticsUnplanController", "mobileInsController", "sysTaskController", "sysBarcodeController", "insTransmitController", "sysDictServiceImpl", "wxConfigServiceImpl", "baseAirportServiceImpl", "apiTestController", "sysMenuController", "cmsSiteServiceImpl", "mobileSysController", "cmsLinkController", "insCommonController", "logisticsOrderplanentryServiceImpl", "insInstrumentController", "sysRegistauditServiceImpl", "insLockServiceImpl", "insOrderController", "wechatController", "wxMsgUserController", "sysDictController", "sysWxUserController", "logisticsDeliveryorderentryController", "basePersonServiceImpl", "insOrderentryServiceImpl", "insRepairtrackController", "insInstrumentServiceImpl", "logisticsSendapprovalServiceImpl", "logisticsOrderdeliveryController", "wxTplListServiceImpl", "tplService", "sysPluginServiceImpl", "insRfheadController", "logisticsSendgoodsController", "mobileBaseController", "baseCnctobjServiceImpl", "nutShiroMethodInterceptor", "insCabinetServiceImpl", "basePlaceServiceImpl", "baseVehicleServiceImpl", "cmsLinkClassServiceImpl", "sysHomeController", "insRfheadServiceImpl", "sysMobileController", "wxMassServiceImpl", "logisticsOrderentryServiceImpl", "logisticsSendplanServiceImpl", "logisticsOrderrejectServiceImpl", "wxHandler", "cmsChannelController", "wxController", "rabbitProducer", "sysTaskServiceImpl", "sysVersionController", "shiroUtil", "wxReplyTxtController", "sysPluginController", "logisticsSendtraceController", "sysApiServiceImpl", "logisticsEntourageServiceImpl", "sLogService", "baseAirportController", "sysApiController", "wxTplIdController", "insSpaceServiceImpl", "logisticsOrderController", "sysTempuserController", "sysUserController", "platformAuthorizingRealm", "testJob", "$aop_1_plugin", "sysRegistauditController", "wxReplyNewsServiceImpl", "insTransmitServiceImpl", "sysLoginController", "wxTplLogServiceImpl", "sysUserServiceImpl", "sysRoleServiceImpl", "sysRouteController", "idcardUtil", "basePlaceController", "sysWxDeptController", "logisticsOrderplanentryController", "userpermissionController", "sysWxServiceImpl", "cmsController", "logisticsSendtraceServiceImpl", "insOrderentryController", "logisticsSendapprovalController", "wxMenuController", "insOrderServiceImpl", "weixinController", "code128Util", "insRepairServiceImpl", "logisticsOrderplanController", "wxMsgReplyServiceImpl", "logisticsOrderdeliveryServiceImpl", "cmsArticleServiceImpl", "baseCnctobjController", "baseCustomerController", "insBaseinsController", "insRfidServiceImpl", "cookieUtil", "baseRowofficeentryController", "logisticsOrderstepServiceImpl", "wxReplyServiceImpl", "bdController", "redisIdGenerator", "insBaseinsSpaceServiceImpl", "cmsSiteController", "logisticsDeliveryorderServiceImpl", "insCabinetController", "logisticsOrderServiceImpl", "sysWxDeptServiceImpl", "sysWxController", "mobileOrderController", "sysRoleController", "logisticsEntourageController", "insCommonServiceImpl", "sysUnitController", "padInsController", "wxMassSendServiceImpl", "logisticsDeliveryorderController", "rSAUtil", "wxConfigController", "stringUtil", "baseCustomerServiceImpl", "basePersonpoolServiceImpl", "insBaseinsSpaceController", "wxUserServiceImpl", "insSpaceController", "sysTempuserServiceImpl", "baseWarehouseServiceImpl", "insToolcabinetController", "sysWxUserServiceImpl", "dynamicInterceptor", "sysLogController", "wxMassController", "emailService", "baseWarehouseController", "insToolcabinetServiceImpl", "wxMenuServiceImpl", "wxReplyNewsController", "baseDeptServiceImpl", "sysRouteServiceImpl", "insRepairtrackServiceImpl", "wxMassNewsServiceImpl", "baseAirmeterialController", "sysMenuServiceImpl", "sysMobileServiceImpl", "simpleTest", "logisticsOrderstepController", "sysLogServiceImpl", "logisticsUnplanServiceImpl", "wxTplIdServiceImpl", "logisticsDeliveryorderentryServiceImpl", "$aop_syslog", "padSysController", "baseDeptController", "logisticsOrderrejectController", "padOrderController", "sysBarcodeServiceImpl", "wxTplLogController", "wxUserController", "wxPayTestController", "tokenController", "sysVersionServiceImpl", "cmsLinkServiceImpl", "sysUnitServiceImpl", "insRfidController", "sysConfController", "pluginMaster"]
[DEBUG] 2018-10-15 16:13:23,203 org.nutz.ioc.loader.combo.ComboIocLoader.createIocLoader(ComboIocLoader.java:110) - found jedis -- org.nutz.integration.jedis.JedisIocLoader
[DEBUG] 2018-10-15 16:13:23,204 org.nutz.resource.Scans.scan(Scans.java:274) - Found 1 resource by src( org/nutz/integration/jedis/jedis.js ) , regex( ^(.+[.])(js|json)$ )
[DEBUG] 2018-10-15 16:13:23,204 org.nutz.ioc.loader.json.JsonLoader.<init>(JsonLoader.java:49) - loading [org/nutz/integration/jedis/jedis.js]
[DEBUG] 2018-10-15 16:13:23,204 org.nutz.ioc.loader.json.JsonLoader.<init>(JsonLoader.java:57) - Loaded 9 bean define from path=[org/nutz/integration/jedis/jedis.js] --> [redisService, jedisCluster, jedisClusterNodes, jedisClusterWrapper, pubSubService, jedisPoolConfig, jedisPool, jedisAgent, redis]
[DEBUG] 2018-10-15 16:13:23,205 org.nutz.ioc.loader.json.JsonLoader.<init>(JsonLoader.java:40) - Loaded 5 bean define from reader --
[txREPEATABLE_READ, txSERIALIZABLE, txNONE, txREAD_UNCOMMITTED, txREAD_COMMITTED]
[DEBUG] 2018-10-15 16:13:23,206 org.nutz.ioc.loader.combo.ComboIocLoader.createIocLoader(ComboIocLoader.java:110) - found quartz -- org.nutz.integration.quartz.QuartzIocLoader
[DEBUG] 2018-10-15 16:13:23,206 org.nutz.ioc.loader.json.JsonLoader.<init>(JsonLoader.java:57) - Loaded 0 bean define from path=[] --> []
[DEBUG] 2018-10-15 16:13:23,207 org.nutz.ioc.aop.SimpleAopMaker.<init>(SimpleAopMaker.java:79) - Load AopConfigure for anno=org.nutz.aop.interceptor.async.Async by type=org.nutz.aop.interceptor.async.AsyncAopIocLoader
[DEBUG] 2018-10-15 16:13:23,208 org.nutz.ioc.loader.combo.ComboIocLoader.createIocLoader(ComboIocLoader.java:110) - found rabbitmq -- org.nutz.integration.rabbitmq.RabbitmqIocLoader
[DEBUG] 2018-10-15 16:13:23,209 org.nutz.resource.Scans.scan(Scans.java:274) - Found 1 resource by src( org/nutz/integration/rabbitmq/rabbitmq.js ) , regex( ^(.+[.])(js|json)$ )
[DEBUG] 2018-10-15 16:13:23,209 org.nutz.ioc.loader.json.JsonLoader.<init>(JsonLoader.java:49) - loading [org/nutz/integration/rabbitmq/rabbitmq.js]
[DEBUG] 2018-10-15 16:13:23,209 org.nutz.ioc.loader.json.JsonLoader.<init>(JsonLoader.java:57) - Loaded 2 bean define from path=[org/nutz/integration/rabbitmq/rabbitmq.js] --> [rabbitmq, rabbitmq_cf]
[INFO ] 2018-10-15 16:13:23,209 org.nutz.ioc.impl.NutIoc.<init>(NutIoc.java:98) - NutIoc init begin ...
[INFO ] 2018-10-15 16:13:23,210 org.nutz.ioc.impl.NutIoc.<init>(NutIoc.java:115) - ... NutIoc init complete
[DEBUG] 2018-10-15 16:13:23,210 org.nutz.ioc.impl.NutIoc.get(NutIoc.java:151) - Get 'conf'<class org.nutz.ioc.impl.PropertiesProxy>
[DEBUG] 2018-10-15 16:13:23,210 org.nutz.ioc.impl.NutIoc.get(NutIoc.java:151) - Get '$aop_1_plugin'<interface org.nutz.ioc.aop.config.AopConfigration>
[DEBUG] 2018-10-15 16:13:23,210 org.nutz.ioc.impl.NutIoc.get(NutIoc.java:177) - 	 >> Load definition name=$aop_1_plugin
[DEBUG] 2018-10-15 16:13:23,210 org.nutz.ioc.loader.combo.ComboIocLoader.load(ComboIocLoader.java:161) - Found IocObject($aop_1_plugin) in AnnotationIocLoader(packages=[cn.wizzer, org.nutz.apidoc])
[DEBUG] 2018-10-15 16:13:23,210 org.nutz.ioc.impl.NutIoc.get(NutIoc.java:209) - 	 >> Make...'$aop_1_plugin'<interface org.nutz.ioc.aop.config.AopConfigration>
[DEBUG] 2018-10-15 16:13:23,210 org.nutz.ioc.impl.ScopeContext.save(ScopeContext.java:64) - Save object '$aop_1_plugin' to [app] 
[DEBUG] 2018-10-15 16:13:23,210 org.nutz.ioc.impl.NutIoc.get(NutIoc.java:151) - Get 'dynamicInterceptor'<class cn.wizzer.app.web.commons.plugin.DynamicInterceptor>
[DEBUG] 2018-10-15 16:13:23,210 org.nutz.ioc.impl.NutIoc.get(NutIoc.java:177) - 	 >> Load definition name=dynamicInterceptor
[DEBUG] 2018-10-15 16:13:23,210 org.nutz.ioc.loader.combo.ComboIocLoader.load(ComboIocLoader.java:161) - Found IocObject(dynamicInterceptor) in AnnotationIocLoader(packages=[cn.wizzer, org.nutz.apidoc])
[DEBUG] 2018-10-15 16:13:23,211 org.nutz.ioc.impl.NutIoc.get(NutIoc.java:209) - 	 >> Make...'dynamicInterceptor'<class cn.wizzer.app.web.commons.plugin.DynamicInterceptor>
[DEBUG] 2018-10-15 16:13:23,211 org.nutz.ioc.impl.ScopeContext.save(ScopeContext.java:64) - Save object 'dynamicInterceptor' to [app] 
[DEBUG] 2018-10-15 16:13:23,211 org.nutz.ioc.impl.NutIoc.get(NutIoc.java:151) - Get '$aop_async'<interface org.nutz.ioc.aop.config.AopConfigration>
[DEBUG] 2018-10-15 16:13:23,211 org.nutz.ioc.impl.NutIoc.get(NutIoc.java:177) - 	 >> Load definition name=$aop_async
[DEBUG] 2018-10-15 16:13:23,211 org.nutz.ioc.loader.combo.ComboIocLoader.load(ComboIocLoader.java:161) - Found IocObject($aop_async) in AsyncAopIocLoader@1305935114
[DEBUG] 2018-10-15 16:13:23,211 org.nutz.ioc.impl.NutIoc.get(NutIoc.java:209) - 	 >> Make...'$aop_async'<interface org.nutz.ioc.aop.config.AopConfigration>
[DEBUG] 2018-10-15 16:13:23,211 org.nutz.ioc.impl.ScopeContext.save(ScopeContext.java:64) - Save object '$aop_async' to [app] 
[DEBUG] 2018-10-15 16:13:23,211 org.nutz.ioc.impl.NutIoc.get(NutIoc.java:151) - Get '$aop_syslog'<interface org.nutz.ioc.aop.config.AopConfigration>
[DEBUG] 2018-10-15 16:13:23,211 org.nutz.ioc.impl.NutIoc.get(NutIoc.java:177) - 	 >> Load definition name=$aop_syslog
[DEBUG] 2018-10-15 16:13:23,211 org.nutz.ioc.loader.combo.ComboIocLoader.load(ComboIocLoader.java:161) - Found IocObject($aop_syslog) in AnnotationIocLoader(packages=[cn.wizzer, org.nutz.apidoc])
[DEBUG] 2018-10-15 16:13:23,211 org.nutz.ioc.impl.NutIoc.get(NutIoc.java:209) - 	 >> Make...'$aop_syslog'<interface org.nutz.ioc.aop.config.AopConfigration>
[DEBUG] 2018-10-15 16:13:23,211 org.nutz.ioc.impl.ScopeContext.save(ScopeContext.java:64) - Save object '$aop_syslog' to [app] 
[DEBUG] 2018-10-15 16:13:23,212 org.nutz.ioc.aop.SimpleAopMaker.<init>(SimpleAopMaker.java:79) - Load AopConfigure for anno=cn.wizzer.app.web.commons.slog.annotation.SLog by type=cn.wizzer.app.web.commons.slog.SLogAopConfigration
[DEBUG] 2018-10-15 16:13:23,212 org.nutz.ioc.aop.SimpleAopMaker.<init>(SimpleAopMaker.java:79) - Load AopConfigure for anno=org.nutz.ioc.aop.Aop by type=org.nutz.ioc.aop.config.impl.AnnotationAopConfigration
[DEBUG] 2018-10-15 16:13:23,212 org.nutz.ioc.impl.NutIoc.get(NutIoc.java:177) - 	 >> Load definition name=conf
[DEBUG] 2018-10-15 16:13:23,212 org.nutz.ioc.loader.map.MapLoader.load(MapLoader.java:67) - Loading define for name=conf
[DEBUG] 2018-10-15 16:13:23,212 org.nutz.ioc.loader.combo.ComboIocLoader.load(ComboIocLoader.java:161) - Found IocObject(conf) in JsonLoader(paths=[config/ioc/])
[DEBUG] 2018-10-15 16:13:23,212 org.nutz.ioc.impl.NutIoc.get(NutIoc.java:209) - 	 >> Make...'conf'<class org.nutz.ioc.impl.PropertiesProxy>
[DEBUG] 2018-10-15 16:13:23,212 cn.wizzer.app.web.commons.plugin.PluginAopConfigure.getInterceptorPairList(PluginAopConfigure.java:33) - skip -- org.nutz.ioc.impl.PropertiesProxy
[DEBUG] 2018-10-15 16:13:23,212 org.nutz.ioc.aop.impl.DefaultMirrorFactory.getMirror(DefaultMirrorFactory.java:70) - Load class org.nutz.ioc.impl.PropertiesProxy without AOP
[DEBUG] 2018-10-15 16:13:23,212 org.nutz.ioc.impl.ScopeContext.save(ScopeContext.java:64) - Save object 'conf' to [app] 
[DEBUG] 2018-10-15 16:13:23,219 org.nutz.resource.Scans.scan(Scans.java:274) - Found 4 resource by src( config/custom/ ) , regex( ^.+[.]properties$ )
[DEBUG] 2018-10-15 16:13:23,220 org.nutz.ioc.impl.PropertiesProxy.setPaths(PropertiesProxy.java:113) - load properties from File[C:\Users\Administrator\IdeaProjects\XA-Instrument\wk-app\wk-web\target\classes\config\custom\db.properties]
[DEBUG] 2018-10-15 16:13:23,221 org.nutz.ioc.impl.PropertiesProxy.setPaths(PropertiesProxy.java:113) - load properties from File[C:\Users\Administrator\IdeaProjects\XA-Instrument\wk-app\wk-web\target\classes\config\custom\mail.properties]
[DEBUG] 2018-10-15 16:13:23,222 org.nutz.ioc.impl.PropertiesProxy.setPaths(PropertiesProxy.java:113) - load properties from File[C:\Users\Administrator\IdeaProjects\XA-Instrument\wk-app\wk-web\target\classes\config\custom\rabbit.properties]
[DEBUG] 2018-10-15 16:13:23,224 org.nutz.ioc.impl.PropertiesProxy.setPaths(PropertiesProxy.java:113) - load properties from File[C:\Users\Administrator\IdeaProjects\XA-Instrument\wk-app\wk-web\target\classes\config\custom\redis.properties]
[DEBUG] 2018-10-15 16:13:23,225 org.nutz.ioc.impl.NutIoc.get(NutIoc.java:151) - Get 'simpleTest'<class cn.wizzer.test.SimpleTest>
[DEBUG] 2018-10-15 16:13:23,226 org.nutz.ioc.impl.NutIoc.get(NutIoc.java:177) - 	 >> Load definition name=simpleTest
[DEBUG] 2018-10-15 16:13:23,226 org.nutz.ioc.loader.combo.ComboIocLoader.load(ComboIocLoader.java:161) - Found IocObject(simpleTest) in AnnotationIocLoader(packages=[cn.wizzer, org.nutz.apidoc])
[DEBUG] 2018-10-15 16:13:23,226 org.nutz.ioc.impl.NutIoc.get(NutIoc.java:209) - 	 >> Make...'simpleTest'<class cn.wizzer.test.SimpleTest>
[DEBUG] 2018-10-15 16:13:23,226 cn.wizzer.app.web.commons.plugin.PluginAopConfigure.getInterceptorPairList(PluginAopConfigure.java:33) - skip -- cn.wizzer.test.SimpleTest
[DEBUG] 2018-10-15 16:13:23,226 org.nutz.ioc.aop.impl.DefaultMirrorFactory.getMirror(DefaultMirrorFactory.java:70) - Load class cn.wizzer.test.SimpleTest without AOP
[DEBUG] 2018-10-15 16:13:23,226 org.nutz.ioc.impl.ScopeContext.save(ScopeContext.java:64) - Save object 'simpleTest' to [app] 
[DEBUG] 2018-10-15 16:13:23,229 org.nutz.ioc.impl.NutIoc.get(NutIoc.java:151) - Get 'dao'<interface org.nutz.dao.Dao>
[DEBUG] 2018-10-15 16:13:23,229 org.nutz.ioc.impl.NutIoc.get(NutIoc.java:177) - 	 >> Load definition name=dao
[DEBUG] 2018-10-15 16:13:23,229 org.nutz.ioc.loader.map.MapLoader.load(MapLoader.java:67) - Loading define for name=dao
[DEBUG] 2018-10-15 16:13:23,230 org.nutz.ioc.loader.combo.ComboIocLoader.load(ComboIocLoader.java:161) - Found IocObject(dao) in JsonLoader(paths=[config/ioc/])
[DEBUG] 2018-10-15 16:13:23,230 org.nutz.ioc.impl.NutIoc.get(NutIoc.java:209) - 	 >> Make...'dao'<interface org.nutz.dao.Dao>
[DEBUG] 2018-10-15 16:13:23,230 cn.wizzer.app.web.commons.plugin.PluginAopConfigure.getInterceptorPairList(PluginAopConfigure.java:33) - skip -- org.nutz.dao.impl.NutDao
[DEBUG] 2018-10-15 16:13:23,230 org.nutz.ioc.aop.impl.DefaultMirrorFactory.getMirror(DefaultMirrorFactory.java:70) - Load class org.nutz.dao.impl.NutDao without AOP
[DEBUG] 2018-10-15 16:13:23,230 org.nutz.ioc.impl.ScopeContext.save(ScopeContext.java:64) - Save object 'dao' to [app] 
[DEBUG] 2018-10-15 16:13:23,230 org.nutz.ioc.impl.NutIoc.get(NutIoc.java:151) - Get 'dataSource'<>
[DEBUG] 2018-10-15 16:13:23,230 org.nutz.ioc.impl.NutIoc.get(NutIoc.java:177) - 	 >> Load definition name=dataSource
[DEBUG] 2018-10-15 16:13:23,230 org.nutz.ioc.loader.map.MapLoader.load(MapLoader.java:67) - Loading define for name=dataSource
[DEBUG] 2018-10-15 16:13:23,231 org.nutz.ioc.loader.combo.ComboIocLoader.load(ComboIocLoader.java:161) - Found IocObject(dataSource) in JsonLoader(paths=[config/ioc/])
[DEBUG] 2018-10-15 16:13:23,231 org.nutz.ioc.impl.NutIoc.get(NutIoc.java:209) - 	 >> Make...'dataSource'<>
[DEBUG] 2018-10-15 16:13:23,231 cn.wizzer.app.web.commons.plugin.PluginAopConfigure.getInterceptorPairList(PluginAopConfigure.java:33) - skip -- com.alibaba.druid.pool.DruidDataSource
[DEBUG] 2018-10-15 16:13:23,231 org.nutz.ioc.aop.impl.DefaultMirrorFactory.getMirror(DefaultMirrorFactory.java:70) - Load class com.alibaba.druid.pool.DruidDataSource without AOP
[DEBUG] 2018-10-15 16:13:23,231 org.nutz.ioc.impl.ScopeContext.save(ScopeContext.java:64) - Save object 'dataSource' to [app] 
[DEBUG] 2018-10-15 16:13:23,231 org.nutz.ioc.impl.NutIoc.get(NutIoc.java:151) - Get 'conf'<>
[DEBUG] 2018-10-15 16:13:23,232 org.nutz.ioc.impl.ScopeContext.remove(ScopeContext.java:84) - Remove object 'dataSource' from [app] 
[DEBUG] 2018-10-15 16:13:23,232 org.nutz.ioc.impl.ScopeContext.remove(ScopeContext.java:84) - Remove object 'dao' from [app] 
[DEBUG] 2018-10-15 16:13:23,233 org.nutz.ioc.impl.ScopeContext.remove(ScopeContext.java:84) - Remove object 'simpleTest' from [app] 
]]></system-out>
  </testcase>
  <testcase name="testABC" classname="cn.wizzer.test.SimpleTest" time="0.001">
    <error message="IocBean[simpleTest] throw Exception when creating" type="org.nutz.ioc.IocException">org.nutz.ioc.IocException: IocBean[simpleTest] throw Exception when creating
Caused by: java.lang.RuntimeException: IocBean[simpleTest] fail at field=[dao]
Caused by: org.nutz.ioc.IocException: IocBean[dao -> dataSource] throw Exception when creating
Caused by: java.lang.IllegalArgumentException: Failed to decrypt.
Caused by: java.lang.IllegalArgumentException: String length must be a multiple of four.
</error>
    <system-out><![CDATA[[INFO ] 2018-10-15 16:13:23,233 org.nutz.ioc.impl.NutIoc.depose(NutIoc.java:255) - org.nutz.ioc.impl.NutIoc@196732636 is closing. startup date [18-10-15 16:13:23.210]
[DEBUG] 2018-10-15 16:13:23,233 org.nutz.ioc.impl.ScopeContext.clear(ScopeContext.java:108) - Depose object 'conf' ...
[DEBUG] 2018-10-15 16:13:23,233 org.nutz.ioc.impl.ScopeContext.clear(ScopeContext.java:108) - Depose object '$aop_syslog' ...
[DEBUG] 2018-10-15 16:13:23,233 org.nutz.ioc.impl.ScopeContext.clear(ScopeContext.java:108) - Depose object '$aop_async' ...
[DEBUG] 2018-10-15 16:13:23,233 org.nutz.ioc.impl.ScopeContext.clear(ScopeContext.java:108) - Depose object 'dynamicInterceptor' ...
[DEBUG] 2018-10-15 16:13:23,234 org.nutz.ioc.impl.ScopeContext.clear(ScopeContext.java:108) - Depose object '$aop_1_plugin' ...
[INFO ] 2018-10-15 16:13:23,234 org.nutz.ioc.impl.NutIoc.depose(NutIoc.java:262) - org.nutz.ioc.impl.NutIoc@196732636 is deposed. startup date [18-10-15 16:13:23.210]
[DEBUG] 2018-10-15 16:13:23,237 org.nutz.resource.Scans.scan(Scans.java:274) - Found 4 resource by src( config/ioc/ ) , regex( ^(.+[.])(js|json)$ )
[DEBUG] 2018-10-15 16:13:23,237 org.nutz.ioc.loader.json.JsonLoader.<init>(JsonLoader.java:49) - loading [dao.json]
[DEBUG] 2018-10-15 16:13:23,238 org.nutz.ioc.loader.json.JsonLoader.<init>(JsonLoader.java:49) - loading [ehcache.json]
[DEBUG] 2018-10-15 16:13:23,238 org.nutz.ioc.loader.json.JsonLoader.<init>(JsonLoader.java:49) - loading [mail.json]
[DEBUG] 2018-10-15 16:13:23,239 org.nutz.ioc.loader.json.JsonLoader.<init>(JsonLoader.java:49) - loading [upload.json]
[DEBUG] 2018-10-15 16:13:23,239 org.nutz.ioc.loader.json.JsonLoader.<init>(JsonLoader.java:57) - Loaded 15 bean define from path=[config/ioc/] --> [videoUpload, conf, uploadVideoContext, imageUpload, fileUpload, cacheManager, dao, cacheProvider, emailAuthenticator, uploadFileContext, htmlEmail, cacheExecutor, tmpFilePool, uploadImageContext, dataSource]
[DEBUG] 2018-10-15 16:13:23,394 org.nutz.resource.Scans.scan(Scans.java:274) - Found 452 resource by src( cn/wizzer/ ) , regex( ^.+[.]class$ )
[DEBUG] 2018-10-15 16:13:23,395 org.nutz.ioc.loader.annotation.AnnotationIocLoader.addClass(AnnotationIocLoader.java:76) - Found @IocBean : class cn.wizzer.framework.util.StringUtil
[DEBUG] 2018-10-15 16:13:23,395 org.nutz.ioc.loader.annotation.AnnotationIocLoader.addClass(AnnotationIocLoader.java:76) - Found @IocBean : class cn.wizzer.framework.util.CookieUtil
[DEBUG] 2018-10-15 16:13:23,395 org.nutz.ioc.loader.annotation.AnnotationIocLoader.addClass(AnnotationIocLoader.java:76) - Found @IocBean : class cn.wizzer.framework.ig.RedisIdGenerator
[DEBUG] 2018-10-15 16:13:23,395 org.nutz.ioc.loader.annotation.AnnotationIocLoader.addClass(AnnotationIocLoader.java:76) - Found @IocBean : class cn.wizzer.framework.util.DateUtil
[DEBUG] 2018-10-15 16:13:23,396 org.nutz.ioc.loader.annotation.AnnotationIocLoader.addClass(AnnotationIocLoader.java:76) - Found @IocBean : class cn.wizzer.framework.shiro.interceptor.NutShiroMethodInterceptor
[DEBUG] 2018-10-15 16:13:23,396 org.nutz.ioc.loader.annotation.AnnotationIocLoader.addClass(AnnotationIocLoader.java:76) - Found @IocBean : class cn.wizzer.framework.util.IdcardUtil
[DEBUG] 2018-10-15 16:13:23,396 org.nutz.ioc.loader.annotation.AnnotationIocLoader.addClass(AnnotationIocLoader.java:76) - Found @IocBean : class cn.wizzer.framework.rabbit.RabbitProducer
[DEBUG] 2018-10-15 16:13:23,396 org.nutz.ioc.loader.annotation.AnnotationIocLoader.addClass(AnnotationIocLoader.java:76) - Found @IocBean : class cn.wizzer.framework.util.RSAUtil
[DEBUG] 2018-10-15 16:13:23,396 org.nutz.ioc.loader.annotation.AnnotationIocLoader.addClass(AnnotationIocLoader.java:76) - Found @IocBean : class cn.wizzer.framework.util.ShiroUtil
[DEBUG] 2018-10-15 16:13:23,396 org.nutz.ioc.loader.annotation.AnnotationIocLoader.addClass(AnnotationIocLoader.java:76) - Found @IocBean : class cn.wizzer.framework.util.Code128Util
[DEBUG] 2018-10-15 16:13:23,396 org.nutz.ioc.loader.annotation.AnnotationIocLoader.addClass(AnnotationIocLoader.java:76) - Found @IocBean : class cn.wizzer.app.base.modules.services.impl.BaseAirmeterialServiceImpl
[DEBUG] 2018-10-15 16:13:23,396 org.nutz.ioc.loader.annotation.AnnotationIocLoader.addClass(AnnotationIocLoader.java:76) - Found @IocBean : class cn.wizzer.app.base.modules.services.impl.BaseAirportServiceImpl
[DEBUG] 2018-10-15 16:13:23,396 org.nutz.ioc.loader.annotation.AnnotationIocLoader.addClass(AnnotationIocLoader.java:76) - Found @IocBean : class cn.wizzer.app.base.modules.services.impl.BaseCnctobjServiceImpl
[DEBUG] 2018-10-15 16:13:23,396 org.nutz.ioc.loader.annotation.AnnotationIocLoader.addClass(AnnotationIocLoader.java:76) - Found @IocBean : class cn.wizzer.app.base.modules.services.impl.BaseCustomerServiceImpl
[DEBUG] 2018-10-15 16:13:23,396 org.nutz.ioc.loader.annotation.AnnotationIocLoader.addClass(AnnotationIocLoader.java:76) - Found @IocBean : class cn.wizzer.app.base.modules.services.impl.BaseDeptServiceImpl
[DEBUG] 2018-10-15 16:13:23,396 org.nutz.ioc.loader.annotation.AnnotationIocLoader.addClass(AnnotationIocLoader.java:76) - Found @IocBean : class cn.wizzer.app.base.modules.services.impl.BaseJobServiceImpl
[DEBUG] 2018-10-15 16:13:23,396 org.nutz.ioc.loader.annotation.AnnotationIocLoader.addClass(AnnotationIocLoader.java:76) - Found @IocBean : class cn.wizzer.app.base.modules.services.impl.BasePersonpoolServiceImpl
[DEBUG] 2018-10-15 16:13:23,396 org.nutz.ioc.loader.annotation.AnnotationIocLoader.addClass(AnnotationIocLoader.java:76) - Found @IocBean : class cn.wizzer.app.base.modules.services.impl.BasePersonServiceImpl
[DEBUG] 2018-10-15 16:13:23,396 org.nutz.ioc.loader.annotation.AnnotationIocLoader.addClass(AnnotationIocLoader.java:76) - Found @IocBean : class cn.wizzer.app.base.modules.services.impl.BasePlaceServiceImpl
[DEBUG] 2018-10-15 16:13:23,397 org.nutz.ioc.loader.annotation.AnnotationIocLoader.addClass(AnnotationIocLoader.java:76) - Found @IocBean : class cn.wizzer.app.base.modules.services.impl.BasePostServiceImpl
[DEBUG] 2018-10-15 16:13:23,397 org.nutz.ioc.loader.annotation.AnnotationIocLoader.addClass(AnnotationIocLoader.java:76) - Found @IocBean : class cn.wizzer.app.base.modules.services.impl.BaseRowofficeentryServiceImpl
[DEBUG] 2018-10-15 16:13:23,397 org.nutz.ioc.loader.annotation.AnnotationIocLoader.addClass(AnnotationIocLoader.java:76) - Found @IocBean : class cn.wizzer.app.base.modules.services.impl.BaseRowofficeServiceImpl
[DEBUG] 2018-10-15 16:13:23,397 org.nutz.ioc.loader.annotation.AnnotationIocLoader.addClass(AnnotationIocLoader.java:76) - Found @IocBean : class cn.wizzer.app.base.modules.services.impl.BaseVehicleServiceImpl
[DEBUG] 2018-10-15 16:13:23,397 org.nutz.ioc.loader.annotation.AnnotationIocLoader.addClass(AnnotationIocLoader.java:76) - Found @IocBean : class cn.wizzer.app.base.modules.services.impl.BaseWarehouseServiceImpl
[DEBUG] 2018-10-15 16:13:23,397 org.nutz.ioc.loader.annotation.AnnotationIocLoader.addClass(AnnotationIocLoader.java:76) - Found @IocBean : class cn.wizzer.app.cms.modules.services.impl.CmsArticleServiceImpl
[DEBUG] 2018-10-15 16:13:23,397 org.nutz.ioc.loader.annotation.AnnotationIocLoader.addClass(AnnotationIocLoader.java:76) - Found @IocBean : class cn.wizzer.app.cms.modules.services.impl.CmsChannelServiceImpl
[DEBUG] 2018-10-15 16:13:23,397 org.nutz.ioc.loader.annotation.AnnotationIocLoader.addClass(AnnotationIocLoader.java:76) - Found @IocBean : class cn.wizzer.app.cms.modules.services.impl.CmsLinkClassServiceImpl
[DEBUG] 2018-10-15 16:13:23,397 org.nutz.ioc.loader.annotation.AnnotationIocLoader.addClass(AnnotationIocLoader.java:76) - Found @IocBean : class cn.wizzer.app.cms.modules.services.impl.CmsLinkServiceImpl
[DEBUG] 2018-10-15 16:13:23,397 org.nutz.ioc.loader.annotation.AnnotationIocLoader.addClass(AnnotationIocLoader.java:76) - Found @IocBean : class cn.wizzer.app.cms.modules.services.impl.CmsSiteServiceImpl
[DEBUG] 2018-10-15 16:13:23,397 org.nutz.ioc.loader.annotation.AnnotationIocLoader.addClass(AnnotationIocLoader.java:76) - Found @IocBean : class cn.wizzer.app.ins.modules.services.impl.InsBaseinsServiceImpl
[DEBUG] 2018-10-15 16:13:23,397 org.nutz.ioc.loader.annotation.AnnotationIocLoader.addClass(AnnotationIocLoader.java:76) - Found @IocBean : class cn.wizzer.app.ins.modules.services.impl.InsBaseinsSpaceServiceImpl
[DEBUG] 2018-10-15 16:13:23,397 org.nutz.ioc.loader.annotation.AnnotationIocLoader.addClass(AnnotationIocLoader.java:76) - Found @IocBean : class cn.wizzer.app.ins.modules.services.impl.InsCabinetServiceImpl
[DEBUG] 2018-10-15 16:13:23,398 org.nutz.ioc.loader.annotation.AnnotationIocLoader.addClass(AnnotationIocLoader.java:76) - Found @IocBean : class cn.wizzer.app.ins.modules.services.impl.InsCommonServiceImpl
[DEBUG] 2018-10-15 16:13:23,398 org.nutz.ioc.loader.annotation.AnnotationIocLoader.addClass(AnnotationIocLoader.java:76) - Found @IocBean : class cn.wizzer.app.ins.modules.services.impl.InsInstrumentServiceImpl
[DEBUG] 2018-10-15 16:13:23,398 org.nutz.ioc.loader.annotation.AnnotationIocLoader.addClass(AnnotationIocLoader.java:76) - Found @IocBean : class cn.wizzer.app.ins.modules.services.impl.InsLockServiceImpl
[DEBUG] 2018-10-15 16:13:23,398 org.nutz.ioc.loader.annotation.AnnotationIocLoader.addClass(AnnotationIocLoader.java:76) - Found @IocBean : class cn.wizzer.app.ins.modules.services.impl.InsOrderentryServiceImpl
[DEBUG] 2018-10-15 16:13:23,398 org.nutz.ioc.loader.annotation.AnnotationIocLoader.addClass(AnnotationIocLoader.java:76) - Found @IocBean : class cn.wizzer.app.ins.modules.services.impl.InsOrderServiceImpl
[DEBUG] 2018-10-15 16:13:23,398 org.nutz.ioc.loader.annotation.AnnotationIocLoader.addClass(AnnotationIocLoader.java:76) - Found @IocBean : class cn.wizzer.app.ins.modules.services.impl.InsRepairServiceImpl
[DEBUG] 2018-10-15 16:13:23,398 org.nutz.ioc.loader.annotation.AnnotationIocLoader.addClass(AnnotationIocLoader.java:76) - Found @IocBean : class cn.wizzer.app.ins.modules.services.impl.InsRepairtrackServiceImpl
[DEBUG] 2018-10-15 16:13:23,398 org.nutz.ioc.loader.annotation.AnnotationIocLoader.addClass(AnnotationIocLoader.java:76) - Found @IocBean : class cn.wizzer.app.ins.modules.services.impl.InsRfheadServiceImpl
[DEBUG] 2018-10-15 16:13:23,398 org.nutz.ioc.loader.annotation.AnnotationIocLoader.addClass(AnnotationIocLoader.java:76) - Found @IocBean : class cn.wizzer.app.ins.modules.services.impl.InsRfidServiceImpl
[DEBUG] 2018-10-15 16:13:23,398 org.nutz.ioc.loader.annotation.AnnotationIocLoader.addClass(AnnotationIocLoader.java:76) - Found @IocBean : class cn.wizzer.app.ins.modules.services.impl.InsSpaceServiceImpl
[DEBUG] 2018-10-15 16:13:23,398 org.nutz.ioc.loader.annotation.AnnotationIocLoader.addClass(AnnotationIocLoader.java:76) - Found @IocBean : class cn.wizzer.app.ins.modules.services.impl.InsToolcabinetServiceImpl
[DEBUG] 2018-10-15 16:13:23,398 org.nutz.ioc.loader.annotation.AnnotationIocLoader.addClass(AnnotationIocLoader.java:76) - Found @IocBean : class cn.wizzer.app.ins.modules.services.impl.InsTransmitServiceImpl
[DEBUG] 2018-10-15 16:13:23,398 org.nutz.ioc.loader.annotation.AnnotationIocLoader.addClass(AnnotationIocLoader.java:76) - Found @IocBean : class cn.wizzer.app.logistics.modules.services.impl.LogisticsDeliveryorderentryServiceImpl
[DEBUG] 2018-10-15 16:13:23,398 org.nutz.ioc.loader.annotation.AnnotationIocLoader.addClass(AnnotationIocLoader.java:76) - Found @IocBean : class cn.wizzer.app.logistics.modules.services.impl.LogisticsDeliveryorderServiceImpl
[DEBUG] 2018-10-15 16:13:23,399 org.nutz.ioc.loader.annotation.AnnotationIocLoader.addClass(AnnotationIocLoader.java:76) - Found @IocBean : class cn.wizzer.app.logistics.modules.services.impl.LogisticsEntourageServiceImpl
[DEBUG] 2018-10-15 16:13:23,399 org.nutz.ioc.loader.annotation.AnnotationIocLoader.addClass(AnnotationIocLoader.java:76) - Found @IocBean : class cn.wizzer.app.logistics.modules.services.impl.LogisticsOrderdeliveryServiceImpl
[DEBUG] 2018-10-15 16:13:23,399 org.nutz.ioc.loader.annotation.AnnotationIocLoader.addClass(AnnotationIocLoader.java:76) - Found @IocBean : class cn.wizzer.app.logistics.modules.services.impl.LogisticsOrderentryServiceImpl
[DEBUG] 2018-10-15 16:13:23,399 org.nutz.ioc.loader.annotation.AnnotationIocLoader.addClass(AnnotationIocLoader.java:76) - Found @IocBean : class cn.wizzer.app.logistics.modules.services.impl.LogisticsOrderplanentryServiceImpl
[DEBUG] 2018-10-15 16:13:23,399 org.nutz.ioc.loader.annotation.AnnotationIocLoader.addClass(AnnotationIocLoader.java:76) - Found @IocBean : class cn.wizzer.app.logistics.modules.services.impl.LogisticsOrderplanServiceImpl
[DEBUG] 2018-10-15 16:13:23,399 org.nutz.ioc.loader.annotation.AnnotationIocLoader.addClass(AnnotationIocLoader.java:76) - Found @IocBean : class cn.wizzer.app.logistics.modules.services.impl.LogisticsOrderrejectServiceImpl
[DEBUG] 2018-10-15 16:13:23,399 org.nutz.ioc.loader.annotation.AnnotationIocLoader.addClass(AnnotationIocLoader.java:76) - Found @IocBean : class cn.wizzer.app.logistics.modules.services.impl.LogisticsOrderServiceImpl
[DEBUG] 2018-10-15 16:13:23,399 org.nutz.ioc.loader.annotation.AnnotationIocLoader.addClass(AnnotationIocLoader.java:76) - Found @IocBean : class cn.wizzer.app.logistics.modules.services.impl.LogisticsOrderstepServiceImpl
[DEBUG] 2018-10-15 16:13:23,399 org.nutz.ioc.loader.annotation.AnnotationIocLoader.addClass(AnnotationIocLoader.java:76) - Found @IocBean : class cn.wizzer.app.logistics.modules.services.impl.LogisticsSendapprovalServiceImpl
[DEBUG] 2018-10-15 16:13:23,399 org.nutz.ioc.loader.annotation.AnnotationIocLoader.addClass(AnnotationIocLoader.java:76) - Found @IocBean : class cn.wizzer.app.logistics.modules.services.impl.LogisticsSendgoodsServiceImpl
[DEBUG] 2018-10-15 16:13:23,399 org.nutz.ioc.loader.annotation.AnnotationIocLoader.addClass(AnnotationIocLoader.java:76) - Found @IocBean : class cn.wizzer.app.logistics.modules.services.impl.LogisticsSendplanServiceImpl
[DEBUG] 2018-10-15 16:13:23,399 org.nutz.ioc.loader.annotation.AnnotationIocLoader.addClass(AnnotationIocLoader.java:76) - Found @IocBean : class cn.wizzer.app.logistics.modules.services.impl.LogisticsSendtraceServiceImpl
[DEBUG] 2018-10-15 16:13:23,399 org.nutz.ioc.loader.annotation.AnnotationIocLoader.addClass(AnnotationIocLoader.java:76) - Found @IocBean : class cn.wizzer.app.logistics.modules.services.impl.LogisticsUnplanServiceImpl
[DEBUG] 2018-10-15 16:13:23,399 org.nutz.ioc.loader.annotation.AnnotationIocLoader.addClass(AnnotationIocLoader.java:76) - Found @IocBean : class cn.wizzer.app.sys.modules.services.impl.SysApiServiceImpl
[DEBUG] 2018-10-15 16:13:23,399 org.nutz.ioc.loader.annotation.AnnotationIocLoader.addClass(AnnotationIocLoader.java:76) - Found @IocBean : class cn.wizzer.app.sys.modules.services.impl.SysBarcodeServiceImpl
[DEBUG] 2018-10-15 16:13:23,400 org.nutz.ioc.loader.annotation.AnnotationIocLoader.addClass(AnnotationIocLoader.java:76) - Found @IocBean : class cn.wizzer.app.sys.modules.services.impl.SysConfigServiceImpl
[DEBUG] 2018-10-15 16:13:23,400 org.nutz.ioc.loader.annotation.AnnotationIocLoader.addClass(AnnotationIocLoader.java:76) - Found @IocBean : class cn.wizzer.app.sys.modules.services.impl.SysDictServiceImpl
[DEBUG] 2018-10-15 16:13:23,400 org.nutz.ioc.loader.annotation.AnnotationIocLoader.addClass(AnnotationIocLoader.java:76) - Found @IocBean : class cn.wizzer.app.sys.modules.services.impl.SysLogServiceImpl
[DEBUG] 2018-10-15 16:13:23,400 org.nutz.ioc.loader.annotation.AnnotationIocLoader.addClass(AnnotationIocLoader.java:76) - Found @IocBean : class cn.wizzer.app.sys.modules.services.impl.SysMenuServiceImpl
[DEBUG] 2018-10-15 16:13:23,400 org.nutz.ioc.loader.annotation.AnnotationIocLoader.addClass(AnnotationIocLoader.java:76) - Found @IocBean : class cn.wizzer.app.sys.modules.services.impl.SysMobileServiceImpl
[DEBUG] 2018-10-15 16:13:23,400 org.nutz.ioc.loader.annotation.AnnotationIocLoader.addClass(AnnotationIocLoader.java:76) - Found @IocBean : class cn.wizzer.app.sys.modules.services.impl.SysPluginServiceImpl
[DEBUG] 2018-10-15 16:13:23,400 org.nutz.ioc.loader.annotation.AnnotationIocLoader.addClass(AnnotationIocLoader.java:76) - Found @IocBean : class cn.wizzer.app.sys.modules.services.impl.SysRegistauditServiceImpl
[DEBUG] 2018-10-15 16:13:23,400 org.nutz.ioc.loader.annotation.AnnotationIocLoader.addClass(AnnotationIocLoader.java:76) - Found @IocBean : class cn.wizzer.app.sys.modules.services.impl.SysRoleServiceImpl
[DEBUG] 2018-10-15 16:13:23,400 org.nutz.ioc.loader.annotation.AnnotationIocLoader.addClass(AnnotationIocLoader.java:76) - Found @IocBean : class cn.wizzer.app.sys.modules.services.impl.SysRouteServiceImpl
[DEBUG] 2018-10-15 16:13:23,400 org.nutz.ioc.loader.annotation.AnnotationIocLoader.addClass(AnnotationIocLoader.java:76) - Found @IocBean : class cn.wizzer.app.sys.modules.services.impl.SysTaskServiceImpl
[DEBUG] 2018-10-15 16:13:23,400 org.nutz.ioc.loader.annotation.AnnotationIocLoader.addClass(AnnotationIocLoader.java:76) - Found @IocBean : class cn.wizzer.app.sys.modules.services.impl.SysTempuserServiceImpl
[DEBUG] 2018-10-15 16:13:23,400 org.nutz.ioc.loader.annotation.AnnotationIocLoader.addClass(AnnotationIocLoader.java:76) - Found @IocBean : class cn.wizzer.app.sys.modules.services.impl.SysUnitServiceImpl
[DEBUG] 2018-10-15 16:13:23,400 org.nutz.ioc.loader.annotation.AnnotationIocLoader.addClass(AnnotationIocLoader.java:76) - Found @IocBean : class cn.wizzer.app.sys.modules.services.impl.SysUserServiceImpl
[DEBUG] 2018-10-15 16:13:23,400 org.nutz.ioc.loader.annotation.AnnotationIocLoader.addClass(AnnotationIocLoader.java:76) - Found @IocBean : class cn.wizzer.app.sys.modules.services.impl.SysVersionServiceImpl
[DEBUG] 2018-10-15 16:13:23,401 org.nutz.ioc.loader.annotation.AnnotationIocLoader.addClass(AnnotationIocLoader.java:76) - Found @IocBean : class cn.wizzer.app.sys.modules.services.impl.SysWxDeptServiceImpl
[DEBUG] 2018-10-15 16:13:23,401 org.nutz.ioc.loader.annotation.AnnotationIocLoader.addClass(AnnotationIocLoader.java:76) - Found @IocBean : class cn.wizzer.app.sys.modules.services.impl.SysWxServiceImpl
[DEBUG] 2018-10-15 16:13:23,401 org.nutz.ioc.loader.annotation.AnnotationIocLoader.addClass(AnnotationIocLoader.java:76) - Found @IocBean : class cn.wizzer.app.sys.modules.services.impl.SysWxUserServiceImpl
[DEBUG] 2018-10-15 16:13:23,401 org.nutz.ioc.loader.annotation.AnnotationIocLoader.addClass(AnnotationIocLoader.java:76) - Found @IocBean : class cn.wizzer.app.web.commons.plugin.DynamicInterceptor
[DEBUG] 2018-10-15 16:13:23,401 org.nutz.ioc.loader.annotation.AnnotationIocLoader.addClass(AnnotationIocLoader.java:76) - Found @IocBean : class cn.wizzer.app.web.commons.plugin.PluginAopConfigure
[DEBUG] 2018-10-15 16:13:23,401 org.nutz.ioc.loader.annotation.AnnotationIocLoader.addClass(AnnotationIocLoader.java:76) - Found @IocBean : class cn.wizzer.app.web.commons.plugin.PluginMaster
[DEBUG] 2018-10-15 16:13:23,401 org.nutz.ioc.loader.annotation.AnnotationIocLoader.addClass(AnnotationIocLoader.java:76) - Found @IocBean : class cn.wizzer.app.web.commons.quartz.job.orderExecute
[DEBUG] 2018-10-15 16:13:23,401 org.nutz.ioc.loader.annotation.AnnotationIocLoader.addClass(AnnotationIocLoader.java:76) - Found @IocBean : class cn.wizzer.app.web.commons.quartz.job.TestJob
[DEBUG] 2018-10-15 16:13:23,401 org.nutz.ioc.loader.annotation.AnnotationIocLoader.addClass(AnnotationIocLoader.java:76) - Found @IocBean : class cn.wizzer.app.web.commons.services.email.EmailService
[DEBUG] 2018-10-15 16:13:23,401 org.nutz.ioc.loader.annotation.AnnotationIocLoader.addClass(AnnotationIocLoader.java:76) - Found @IocBean : class cn.wizzer.app.web.commons.services.qrcode.QrcodeService
[DEBUG] 2018-10-15 16:13:23,401 org.nutz.ioc.loader.annotation.AnnotationIocLoader.addClass(AnnotationIocLoader.java:76) - Found @IocBean : class cn.wizzer.app.web.commons.services.wx.TplService
[DEBUG] 2018-10-15 16:13:23,401 org.nutz.ioc.loader.annotation.AnnotationIocLoader.addClass(AnnotationIocLoader.java:76) - Found @IocBean : class cn.wizzer.app.web.commons.services.wx.WxHandler
[DEBUG] 2018-10-15 16:13:23,401 org.nutz.ioc.loader.annotation.AnnotationIocLoader.addClass(AnnotationIocLoader.java:76) - Found @IocBean : class cn.wizzer.app.web.commons.shiro.realm.PlatformAuthorizingRealm
[DEBUG] 2018-10-15 16:13:23,401 org.nutz.ioc.loader.annotation.AnnotationIocLoader.addClass(AnnotationIocLoader.java:76) - Found @IocBean : class cn.wizzer.app.web.commons.slog.SLogAopConfigration
[DEBUG] 2018-10-15 16:13:23,402 org.nutz.ioc.loader.annotation.AnnotationIocLoader.addClass(AnnotationIocLoader.java:76) - Found @IocBean : class cn.wizzer.app.web.commons.slog.SLogService
[DEBUG] 2018-10-15 16:13:23,402 org.nutz.ioc.loader.annotation.AnnotationIocLoader.addClass(AnnotationIocLoader.java:76) - Found @IocBean : class cn.wizzer.app.web.modules.controllers.front.wx.CmsController
[DEBUG] 2018-10-15 16:13:23,402 org.nutz.ioc.loader.annotation.AnnotationIocLoader.addClass(AnnotationIocLoader.java:76) - Found @IocBean : class cn.wizzer.app.web.modules.controllers.front.wx.WechatController
[DEBUG] 2018-10-15 16:13:23,402 org.nutz.ioc.loader.annotation.AnnotationIocLoader.addClass(AnnotationIocLoader.java:76) - Found @IocBean : class cn.wizzer.app.web.modules.controllers.open.api.mobile.MobileBaseController
[DEBUG] 2018-10-15 16:13:23,402 org.nutz.ioc.loader.annotation.AnnotationIocLoader.addClass(AnnotationIocLoader.java:76) - Found @IocBean : class cn.wizzer.app.web.modules.controllers.open.api.mobile.MobileInsController
[DEBUG] 2018-10-15 16:13:23,402 org.nutz.ioc.loader.annotation.AnnotationIocLoader.addClass(AnnotationIocLoader.java:76) - Found @IocBean : class cn.wizzer.app.web.modules.controllers.open.api.mobile.MobileOrderController
[DEBUG] 2018-10-15 16:13:23,402 org.nutz.ioc.loader.annotation.AnnotationIocLoader.addClass(AnnotationIocLoader.java:76) - Found @IocBean : class cn.wizzer.app.web.modules.controllers.open.api.mobile.MobileSysController
[DEBUG] 2018-10-15 16:13:23,402 org.nutz.ioc.loader.annotation.AnnotationIocLoader.addClass(AnnotationIocLoader.java:76) - Found @IocBean : class cn.wizzer.app.web.modules.controllers.open.api.pad.PadInsController
[DEBUG] 2018-10-15 16:13:23,403 org.nutz.ioc.loader.annotation.AnnotationIocLoader.addClass(AnnotationIocLoader.java:76) - Found @IocBean : class cn.wizzer.app.web.modules.controllers.open.api.pad.PadOrderController
[DEBUG] 2018-10-15 16:13:23,403 org.nutz.ioc.loader.annotation.AnnotationIocLoader.addClass(AnnotationIocLoader.java:76) - Found @IocBean : class cn.wizzer.app.web.modules.controllers.open.api.pad.PadSysController
[DEBUG] 2018-10-15 16:13:23,403 org.nutz.ioc.loader.annotation.AnnotationIocLoader.addClass(AnnotationIocLoader.java:76) - Found @IocBean : class cn.wizzer.app.web.modules.controllers.open.api.test.ApiTestController
[DEBUG] 2018-10-15 16:13:23,403 org.nutz.ioc.loader.annotation.AnnotationIocLoader.addClass(AnnotationIocLoader.java:76) - Found @IocBean : class cn.wizzer.app.web.modules.controllers.open.api.token.TokenController
[DEBUG] 2018-10-15 16:13:23,404 org.nutz.ioc.loader.annotation.AnnotationIocLoader.addClass(AnnotationIocLoader.java:76) - Found @IocBean : class cn.wizzer.app.web.modules.controllers.open.api.userpermission.UserpermissionController
[DEBUG] 2018-10-15 16:13:23,404 org.nutz.ioc.loader.annotation.AnnotationIocLoader.addClass(AnnotationIocLoader.java:76) - Found @IocBean : class cn.wizzer.app.web.modules.controllers.open.file.UploadController
[DEBUG] 2018-10-15 16:13:23,404 org.nutz.ioc.loader.annotation.AnnotationIocLoader.addClass(AnnotationIocLoader.java:76) - Found @IocBean : class cn.wizzer.app.web.modules.controllers.open.pay.WxPayBackController
[DEBUG] 2018-10-15 16:13:23,404 org.nutz.ioc.loader.annotation.AnnotationIocLoader.addClass(AnnotationIocLoader.java:76) - Found @IocBean : class cn.wizzer.app.web.modules.controllers.open.ueditor.BdController
[DEBUG] 2018-10-15 16:13:23,405 org.nutz.ioc.loader.annotation.AnnotationIocLoader.addClass(AnnotationIocLoader.java:76) - Found @IocBean : class cn.wizzer.app.web.modules.controllers.open.ueditor.WxController
[DEBUG] 2018-10-15 16:13:23,405 org.nutz.ioc.loader.annotation.AnnotationIocLoader.addClass(AnnotationIocLoader.java:76) - Found @IocBean : class cn.wizzer.app.web.modules.controllers.open.wx.WeixinController
[DEBUG] 2018-10-15 16:13:23,405 org.nutz.ioc.loader.annotation.AnnotationIocLoader.addClass(AnnotationIocLoader.java:76) - Found @IocBean : class cn.wizzer.app.web.modules.controllers.platform.base.BaseAirmeterialController
[DEBUG] 2018-10-15 16:13:23,405 org.nutz.ioc.loader.annotation.AnnotationIocLoader.addClass(AnnotationIocLoader.java:76) - Found @IocBean : class cn.wizzer.app.web.modules.controllers.platform.base.BaseAirportController
[DEBUG] 2018-10-15 16:13:23,405 org.nutz.ioc.loader.annotation.AnnotationIocLoader.addClass(AnnotationIocLoader.java:76) - Found @IocBean : class cn.wizzer.app.web.modules.controllers.platform.base.BaseCnctobjController
[DEBUG] 2018-10-15 16:13:23,405 org.nutz.ioc.loader.annotation.AnnotationIocLoader.addClass(AnnotationIocLoader.java:76) - Found @IocBean : class cn.wizzer.app.web.modules.controllers.platform.base.BaseCustomerController
[DEBUG] 2018-10-15 16:13:23,406 org.nutz.ioc.loader.annotation.AnnotationIocLoader.addClass(AnnotationIocLoader.java:76) - Found @IocBean : class cn.wizzer.app.web.modules.controllers.platform.base.BaseDeptController
[DEBUG] 2018-10-15 16:13:23,406 org.nutz.ioc.loader.annotation.AnnotationIocLoader.addClass(AnnotationIocLoader.java:76) - Found @IocBean : class cn.wizzer.app.web.modules.controllers.platform.base.BaseJobController
[DEBUG] 2018-10-15 16:13:23,406 org.nutz.ioc.loader.annotation.AnnotationIocLoader.addClass(AnnotationIocLoader.java:76) - Found @IocBean : class cn.wizzer.app.web.modules.controllers.platform.base.BasePersonController
[DEBUG] 2018-10-15 16:13:23,406 org.nutz.ioc.loader.annotation.AnnotationIocLoader.addClass(AnnotationIocLoader.java:76) - Found @IocBean : class cn.wizzer.app.web.modules.controllers.platform.base.BasePersonpoolController
[DEBUG] 2018-10-15 16:13:23,406 org.nutz.ioc.loader.annotation.AnnotationIocLoader.addClass(AnnotationIocLoader.java:76) - Found @IocBean : class cn.wizzer.app.web.modules.controllers.platform.base.BasePlaceController
[DEBUG] 2018-10-15 16:13:23,406 org.nutz.ioc.loader.annotation.AnnotationIocLoader.addClass(AnnotationIocLoader.java:76) - Found @IocBean : class cn.wizzer.app.web.modules.controllers.platform.base.BasePostController
[DEBUG] 2018-10-15 16:13:23,407 org.nutz.ioc.loader.annotation.AnnotationIocLoader.addClass(AnnotationIocLoader.java:76) - Found @IocBean : class cn.wizzer.app.web.modules.controllers.platform.base.BaseRowofficeController
[DEBUG] 2018-10-15 16:13:23,407 org.nutz.ioc.loader.annotation.AnnotationIocLoader.addClass(AnnotationIocLoader.java:76) - Found @IocBean : class cn.wizzer.app.web.modules.controllers.platform.base.BaseRowofficeentryController
[DEBUG] 2018-10-15 16:13:23,407 org.nutz.ioc.loader.annotation.AnnotationIocLoader.addClass(AnnotationIocLoader.java:76) - Found @IocBean : class cn.wizzer.app.web.modules.controllers.platform.base.BaseVehicleController
[DEBUG] 2018-10-15 16:13:23,407 org.nutz.ioc.loader.annotation.AnnotationIocLoader.addClass(AnnotationIocLoader.java:76) - Found @IocBean : class cn.wizzer.app.web.modules.controllers.platform.base.BaseWarehouseController
[DEBUG] 2018-10-15 16:13:23,407 org.nutz.ioc.loader.annotation.AnnotationIocLoader.addClass(AnnotationIocLoader.java:76) - Found @IocBean : class cn.wizzer.app.web.modules.controllers.platform.cms.CmsArticleController
[DEBUG] 2018-10-15 16:13:23,407 org.nutz.ioc.loader.annotation.AnnotationIocLoader.addClass(AnnotationIocLoader.java:76) - Found @IocBean : class cn.wizzer.app.web.modules.controllers.platform.cms.CmsChannelController
[DEBUG] 2018-10-15 16:13:23,408 org.nutz.ioc.loader.annotation.AnnotationIocLoader.addClass(AnnotationIocLoader.java:76) - Found @IocBean : class cn.wizzer.app.web.modules.controllers.platform.cms.CmsLinkClassController
[DEBUG] 2018-10-15 16:13:23,408 org.nutz.ioc.loader.annotation.AnnotationIocLoader.addClass(AnnotationIocLoader.java:76) - Found @IocBean : class cn.wizzer.app.web.modules.controllers.platform.cms.CmsLinkController
[DEBUG] 2018-10-15 16:13:23,408 org.nutz.ioc.loader.annotation.AnnotationIocLoader.addClass(AnnotationIocLoader.java:76) - Found @IocBean : class cn.wizzer.app.web.modules.controllers.platform.cms.CmsSiteController
[DEBUG] 2018-10-15 16:13:23,408 org.nutz.ioc.loader.annotation.AnnotationIocLoader.addClass(AnnotationIocLoader.java:76) - Found @IocBean : class cn.wizzer.app.web.modules.controllers.platform.ins.InsBaseinsController
[DEBUG] 2018-10-15 16:13:23,408 org.nutz.ioc.loader.annotation.AnnotationIocLoader.addClass(AnnotationIocLoader.java:76) - Found @IocBean : class cn.wizzer.app.web.modules.controllers.platform.ins.InsBaseinsSpaceController
[DEBUG] 2018-10-15 16:13:23,408 org.nutz.ioc.loader.annotation.AnnotationIocLoader.addClass(AnnotationIocLoader.java:76) - Found @IocBean : class cn.wizzer.app.web.modules.controllers.platform.ins.InsCabinetController
[DEBUG] 2018-10-15 16:13:23,408 org.nutz.ioc.loader.annotation.AnnotationIocLoader.addClass(AnnotationIocLoader.java:76) - Found @IocBean : class cn.wizzer.app.web.modules.controllers.platform.ins.InsCommonController
[DEBUG] 2018-10-15 16:13:23,408 org.nutz.ioc.loader.annotation.AnnotationIocLoader.addClass(AnnotationIocLoader.java:76) - Found @IocBean : class cn.wizzer.app.web.modules.controllers.platform.ins.InsInstrumentController
[DEBUG] 2018-10-15 16:13:23,408 org.nutz.ioc.loader.annotation.AnnotationIocLoader.addClass(AnnotationIocLoader.java:76) - Found @IocBean : class cn.wizzer.app.web.modules.controllers.platform.ins.InsLockController
[DEBUG] 2018-10-15 16:13:23,408 org.nutz.ioc.loader.annotation.AnnotationIocLoader.addClass(AnnotationIocLoader.java:76) - Found @IocBean : class cn.wizzer.app.web.modules.controllers.platform.ins.InsOrderController
[DEBUG] 2018-10-15 16:13:23,409 org.nutz.ioc.loader.annotation.AnnotationIocLoader.addClass(AnnotationIocLoader.java:76) - Found @IocBean : class cn.wizzer.app.web.modules.controllers.platform.ins.InsOrderentryController
[DEBUG] 2018-10-15 16:13:23,409 org.nutz.ioc.loader.annotation.AnnotationIocLoader.addClass(AnnotationIocLoader.java:76) - Found @IocBean : class cn.wizzer.app.web.modules.controllers.platform.ins.InsRepairController
[DEBUG] 2018-10-15 16:13:23,410 org.nutz.ioc.loader.annotation.AnnotationIocLoader.addClass(AnnotationIocLoader.java:76) - Found @IocBean : class cn.wizzer.app.web.modules.controllers.platform.ins.InsRepairtrackController
[DEBUG] 2018-10-15 16:13:23,410 org.nutz.ioc.loader.annotation.AnnotationIocLoader.addClass(AnnotationIocLoader.java:76) - Found @IocBean : class cn.wizzer.app.web.modules.controllers.platform.ins.InsRfheadController
[DEBUG] 2018-10-15 16:13:23,410 org.nutz.ioc.loader.annotation.AnnotationIocLoader.addClass(AnnotationIocLoader.java:76) - Found @IocBean : class cn.wizzer.app.web.modules.controllers.platform.ins.InsRfidController
[DEBUG] 2018-10-15 16:13:23,410 org.nutz.ioc.loader.annotation.AnnotationIocLoader.addClass(AnnotationIocLoader.java:76) - Found @IocBean : class cn.wizzer.app.web.modules.controllers.platform.ins.InsSpaceController
[DEBUG] 2018-10-15 16:13:23,410 org.nutz.ioc.loader.annotation.AnnotationIocLoader.addClass(AnnotationIocLoader.java:76) - Found @IocBean : class cn.wizzer.app.web.modules.controllers.platform.ins.InsToolcabinetController
[DEBUG] 2018-10-15 16:13:23,410 org.nutz.ioc.loader.annotation.AnnotationIocLoader.addClass(AnnotationIocLoader.java:76) - Found @IocBean : class cn.wizzer.app.web.modules.controllers.platform.ins.InsTransmitController
[DEBUG] 2018-10-15 16:13:23,410 org.nutz.ioc.loader.annotation.AnnotationIocLoader.addClass(AnnotationIocLoader.java:76) - Found @IocBean : class cn.wizzer.app.web.modules.controllers.platform.logistics.LogisticsDeliveryorderController
[DEBUG] 2018-10-15 16:13:23,411 org.nutz.ioc.loader.annotation.AnnotationIocLoader.addClass(AnnotationIocLoader.java:76) - Found @IocBean : class cn.wizzer.app.web.modules.controllers.platform.logistics.LogisticsDeliveryorderentryController
[DEBUG] 2018-10-15 16:13:23,411 org.nutz.ioc.loader.annotation.AnnotationIocLoader.addClass(AnnotationIocLoader.java:76) - Found @IocBean : class cn.wizzer.app.web.modules.controllers.platform.logistics.LogisticsEntourageController
[DEBUG] 2018-10-15 16:13:23,411 org.nutz.ioc.loader.annotation.AnnotationIocLoader.addClass(AnnotationIocLoader.java:76) - Found @IocBean : class cn.wizzer.app.web.modules.controllers.platform.logistics.LogisticsOrderController
[DEBUG] 2018-10-15 16:13:23,411 org.nutz.ioc.loader.annotation.AnnotationIocLoader.addClass(AnnotationIocLoader.java:76) - Found @IocBean : class cn.wizzer.app.web.modules.controllers.platform.logistics.LogisticsOrderdeliveryController
[DEBUG] 2018-10-15 16:13:23,411 org.nutz.ioc.loader.annotation.AnnotationIocLoader.addClass(AnnotationIocLoader.java:76) - Found @IocBean : class cn.wizzer.app.web.modules.controllers.platform.logistics.LogisticsOrderentryController
[DEBUG] 2018-10-15 16:13:23,411 org.nutz.ioc.loader.annotation.AnnotationIocLoader.addClass(AnnotationIocLoader.java:76) - Found @IocBean : class cn.wizzer.app.web.modules.controllers.platform.logistics.LogisticsOrderplanController
[DEBUG] 2018-10-15 16:13:23,411 org.nutz.ioc.loader.annotation.AnnotationIocLoader.addClass(AnnotationIocLoader.java:76) - Found @IocBean : class cn.wizzer.app.web.modules.controllers.platform.logistics.LogisticsOrderplanentryController
[DEBUG] 2018-10-15 16:13:23,411 org.nutz.ioc.loader.annotation.AnnotationIocLoader.addClass(AnnotationIocLoader.java:76) - Found @IocBean : class cn.wizzer.app.web.modules.controllers.platform.logistics.LogisticsOrderrejectController
[DEBUG] 2018-10-15 16:13:23,411 org.nutz.ioc.loader.annotation.AnnotationIocLoader.addClass(AnnotationIocLoader.java:76) - Found @IocBean : class cn.wizzer.app.web.modules.controllers.platform.logistics.LogisticsOrderstepController
[DEBUG] 2018-10-15 16:13:23,411 org.nutz.ioc.loader.annotation.AnnotationIocLoader.addClass(AnnotationIocLoader.java:76) - Found @IocBean : class cn.wizzer.app.web.modules.controllers.platform.logistics.LogisticsSendapprovalController
[DEBUG] 2018-10-15 16:13:23,411 org.nutz.ioc.loader.annotation.AnnotationIocLoader.addClass(AnnotationIocLoader.java:76) - Found @IocBean : class cn.wizzer.app.web.modules.controllers.platform.logistics.LogisticsSendgoodsController
[DEBUG] 2018-10-15 16:13:23,413 org.nutz.ioc.loader.annotation.AnnotationIocLoader.addClass(AnnotationIocLoader.java:76) - Found @IocBean : class cn.wizzer.app.web.modules.controllers.platform.logistics.LogisticsSendplanController
[DEBUG] 2018-10-15 16:13:23,413 org.nutz.ioc.loader.annotation.AnnotationIocLoader.addClass(AnnotationIocLoader.java:76) - Found @IocBean : class cn.wizzer.app.web.modules.controllers.platform.logistics.LogisticsSendtraceController
[DEBUG] 2018-10-15 16:13:23,413 org.nutz.ioc.loader.annotation.AnnotationIocLoader.addClass(AnnotationIocLoader.java:76) - Found @IocBean : class cn.wizzer.app.web.modules.controllers.platform.logistics.LogisticsUnplanController
[DEBUG] 2018-10-15 16:13:23,413 org.nutz.ioc.loader.annotation.AnnotationIocLoader.addClass(AnnotationIocLoader.java:76) - Found @IocBean : class cn.wizzer.app.web.modules.controllers.platform.sys.SysApiController
[DEBUG] 2018-10-15 16:13:23,413 org.nutz.ioc.loader.annotation.AnnotationIocLoader.addClass(AnnotationIocLoader.java:76) - Found @IocBean : class cn.wizzer.app.web.modules.controllers.platform.sys.SysBarcodeController
[DEBUG] 2018-10-15 16:13:23,414 org.nutz.ioc.loader.annotation.AnnotationIocLoader.addClass(AnnotationIocLoader.java:76) - Found @IocBean : class cn.wizzer.app.web.modules.controllers.platform.sys.SysConfController
[DEBUG] 2018-10-15 16:13:23,414 org.nutz.ioc.loader.annotation.AnnotationIocLoader.addClass(AnnotationIocLoader.java:76) - Found @IocBean : class cn.wizzer.app.web.modules.controllers.platform.sys.SysDictController
[DEBUG] 2018-10-15 16:13:23,414 org.nutz.ioc.loader.annotation.AnnotationIocLoader.addClass(AnnotationIocLoader.java:76) - Found @IocBean : class cn.wizzer.app.web.modules.controllers.platform.sys.SysHomeController
[DEBUG] 2018-10-15 16:13:23,414 org.nutz.ioc.loader.annotation.AnnotationIocLoader.addClass(AnnotationIocLoader.java:76) - Found @IocBean : class cn.wizzer.app.web.modules.controllers.platform.sys.SysLogController
[DEBUG] 2018-10-15 16:13:23,414 org.nutz.ioc.loader.annotation.AnnotationIocLoader.addClass(AnnotationIocLoader.java:76) - Found @IocBean : class cn.wizzer.app.web.modules.controllers.platform.sys.SysLoginController
[DEBUG] 2018-10-15 16:13:23,414 org.nutz.ioc.loader.annotation.AnnotationIocLoader.addClass(AnnotationIocLoader.java:76) - Found @IocBean : class cn.wizzer.app.web.modules.controllers.platform.sys.SysMenuController
[DEBUG] 2018-10-15 16:13:23,414 org.nutz.ioc.loader.annotation.AnnotationIocLoader.addClass(AnnotationIocLoader.java:76) - Found @IocBean : class cn.wizzer.app.web.modules.controllers.platform.sys.SysMobileController
[DEBUG] 2018-10-15 16:13:23,418 org.nutz.ioc.loader.annotation.AnnotationIocLoader.addClass(AnnotationIocLoader.java:76) - Found @IocBean : class cn.wizzer.app.web.modules.controllers.platform.sys.SysPluginController
[DEBUG] 2018-10-15 16:13:23,422 org.nutz.ioc.loader.annotation.AnnotationIocLoader.addClass(AnnotationIocLoader.java:76) - Found @IocBean : class cn.wizzer.app.web.modules.controllers.platform.sys.SysRegistauditController
[DEBUG] 2018-10-15 16:13:23,422 org.nutz.ioc.loader.annotation.AnnotationIocLoader.addClass(AnnotationIocLoader.java:76) - Found @IocBean : class cn.wizzer.app.web.modules.controllers.platform.sys.SysRoleController
[DEBUG] 2018-10-15 16:13:23,422 org.nutz.ioc.loader.annotation.AnnotationIocLoader.addClass(AnnotationIocLoader.java:76) - Found @IocBean : class cn.wizzer.app.web.modules.controllers.platform.sys.SysRouteController
[DEBUG] 2018-10-15 16:13:23,423 org.nutz.ioc.loader.annotation.AnnotationIocLoader.addClass(AnnotationIocLoader.java:76) - Found @IocBean : class cn.wizzer.app.web.modules.controllers.platform.sys.SysTaskController
[DEBUG] 2018-10-15 16:13:23,423 org.nutz.ioc.loader.annotation.AnnotationIocLoader.addClass(AnnotationIocLoader.java:76) - Found @IocBean : class cn.wizzer.app.web.modules.controllers.platform.sys.SysTempuserController
[DEBUG] 2018-10-15 16:13:23,423 org.nutz.ioc.loader.annotation.AnnotationIocLoader.addClass(AnnotationIocLoader.java:76) - Found @IocBean : class cn.wizzer.app.web.modules.controllers.platform.sys.SysUnitController
[DEBUG] 2018-10-15 16:13:23,423 org.nutz.ioc.loader.annotation.AnnotationIocLoader.addClass(AnnotationIocLoader.java:76) - Found @IocBean : class cn.wizzer.app.web.modules.controllers.platform.sys.SysUserController
[DEBUG] 2018-10-15 16:13:23,423 org.nutz.ioc.loader.annotation.AnnotationIocLoader.addClass(AnnotationIocLoader.java:76) - Found @IocBean : class cn.wizzer.app.web.modules.controllers.platform.sys.SysVersionController
[DEBUG] 2018-10-15 16:13:23,424 org.nutz.ioc.loader.annotation.AnnotationIocLoader.addClass(AnnotationIocLoader.java:76) - Found @IocBean : class cn.wizzer.app.web.modules.controllers.platform.sys.SysWxController
[DEBUG] 2018-10-15 16:13:23,424 org.nutz.ioc.loader.annotation.AnnotationIocLoader.addClass(AnnotationIocLoader.java:76) - Found @IocBean : class cn.wizzer.app.web.modules.controllers.platform.sys.SysWxDeptController
[DEBUG] 2018-10-15 16:13:23,424 org.nutz.ioc.loader.annotation.AnnotationIocLoader.addClass(AnnotationIocLoader.java:76) - Found @IocBean : class cn.wizzer.app.web.modules.controllers.platform.sys.SysWxUserController
[DEBUG] 2018-10-15 16:13:23,424 org.nutz.ioc.loader.annotation.AnnotationIocLoader.addClass(AnnotationIocLoader.java:76) - Found @IocBean : class cn.wizzer.app.web.modules.controllers.platform.wx.WxConfigController
[DEBUG] 2018-10-15 16:13:23,424 org.nutz.ioc.loader.annotation.AnnotationIocLoader.addClass(AnnotationIocLoader.java:76) - Found @IocBean : class cn.wizzer.app.web.modules.controllers.platform.wx.WxMassController
[DEBUG] 2018-10-15 16:13:23,424 org.nutz.ioc.loader.annotation.AnnotationIocLoader.addClass(AnnotationIocLoader.java:76) - Found @IocBean : class cn.wizzer.app.web.modules.controllers.platform.wx.WxMenuController
[DEBUG] 2018-10-15 16:13:23,424 org.nutz.ioc.loader.annotation.AnnotationIocLoader.addClass(AnnotationIocLoader.java:76) - Found @IocBean : class cn.wizzer.app.web.modules.controllers.platform.wx.WxMsgUserController
[DEBUG] 2018-10-15 16:13:23,425 org.nutz.ioc.loader.annotation.AnnotationIocLoader.addClass(AnnotationIocLoader.java:76) - Found @IocBean : class cn.wizzer.app.web.modules.controllers.platform.wx.WxPayTestController
[DEBUG] 2018-10-15 16:13:23,425 org.nutz.ioc.loader.annotation.AnnotationIocLoader.addClass(AnnotationIocLoader.java:76) - Found @IocBean : class cn.wizzer.app.web.modules.controllers.platform.wx.WxReplyController
[DEBUG] 2018-10-15 16:13:23,428 org.nutz.ioc.loader.annotation.AnnotationIocLoader.addClass(AnnotationIocLoader.java:76) - Found @IocBean : class cn.wizzer.app.web.modules.controllers.platform.wx.WxReplyNewsController
[DEBUG] 2018-10-15 16:13:23,428 org.nutz.ioc.loader.annotation.AnnotationIocLoader.addClass(AnnotationIocLoader.java:76) - Found @IocBean : class cn.wizzer.app.web.modules.controllers.platform.wx.WxReplyTxtController
[DEBUG] 2018-10-15 16:13:23,428 org.nutz.ioc.loader.annotation.AnnotationIocLoader.addClass(AnnotationIocLoader.java:76) - Found @IocBean : class cn.wizzer.app.web.modules.controllers.platform.wx.WxTplIdController
[DEBUG] 2018-10-15 16:13:23,428 org.nutz.ioc.loader.annotation.AnnotationIocLoader.addClass(AnnotationIocLoader.java:76) - Found @IocBean : class cn.wizzer.app.web.modules.controllers.platform.wx.WxTplListController
[DEBUG] 2018-10-15 16:13:23,429 org.nutz.ioc.loader.annotation.AnnotationIocLoader.addClass(AnnotationIocLoader.java:76) - Found @IocBean : class cn.wizzer.app.web.modules.controllers.platform.wx.WxTplLogController
[DEBUG] 2018-10-15 16:13:23,429 org.nutz.ioc.loader.annotation.AnnotationIocLoader.addClass(AnnotationIocLoader.java:76) - Found @IocBean : class cn.wizzer.app.web.modules.controllers.platform.wx.WxUserController
[DEBUG] 2018-10-15 16:13:23,429 org.nutz.ioc.loader.annotation.AnnotationIocLoader.addClass(AnnotationIocLoader.java:76) - Found @IocBean : class cn.wizzer.app.wx.modules.services.impl.WxConfigServiceImpl
[DEBUG] 2018-10-15 16:13:23,429 org.nutz.ioc.loader.annotation.AnnotationIocLoader.addClass(AnnotationIocLoader.java:76) - Found @IocBean : class cn.wizzer.app.wx.modules.services.impl.WxMassNewsServiceImpl
[DEBUG] 2018-10-15 16:13:23,429 org.nutz.ioc.loader.annotation.AnnotationIocLoader.addClass(AnnotationIocLoader.java:76) - Found @IocBean : class cn.wizzer.app.wx.modules.services.impl.WxMassSendServiceImpl
[DEBUG] 2018-10-15 16:13:23,429 org.nutz.ioc.loader.annotation.AnnotationIocLoader.addClass(AnnotationIocLoader.java:76) - Found @IocBean : class cn.wizzer.app.wx.modules.services.impl.WxMassServiceImpl
[DEBUG] 2018-10-15 16:13:23,429 org.nutz.ioc.loader.annotation.AnnotationIocLoader.addClass(AnnotationIocLoader.java:76) - Found @IocBean : class cn.wizzer.app.wx.modules.services.impl.WxMenuServiceImpl
[DEBUG] 2018-10-15 16:13:23,429 org.nutz.ioc.loader.annotation.AnnotationIocLoader.addClass(AnnotationIocLoader.java:76) - Found @IocBean : class cn.wizzer.app.wx.modules.services.impl.WxMsgReplyServiceImpl
[DEBUG] 2018-10-15 16:13:23,429 org.nutz.ioc.loader.annotation.AnnotationIocLoader.addClass(AnnotationIocLoader.java:76) - Found @IocBean : class cn.wizzer.app.wx.modules.services.impl.WxMsgServiceImpl
[DEBUG] 2018-10-15 16:13:23,429 org.nutz.ioc.loader.annotation.AnnotationIocLoader.addClass(AnnotationIocLoader.java:76) - Found @IocBean : class cn.wizzer.app.wx.modules.services.impl.WxReplyNewsServiceImpl
[DEBUG] 2018-10-15 16:13:23,430 org.nutz.ioc.loader.annotation.AnnotationIocLoader.addClass(AnnotationIocLoader.java:76) - Found @IocBean : class cn.wizzer.app.wx.modules.services.impl.WxReplyServiceImpl
[DEBUG] 2018-10-15 16:13:23,430 org.nutz.ioc.loader.annotation.AnnotationIocLoader.addClass(AnnotationIocLoader.java:76) - Found @IocBean : class cn.wizzer.app.wx.modules.services.impl.WxReplyTxtServiceImpl
[DEBUG] 2018-10-15 16:13:23,430 org.nutz.ioc.loader.annotation.AnnotationIocLoader.addClass(AnnotationIocLoader.java:76) - Found @IocBean : class cn.wizzer.app.wx.modules.services.impl.WxTplIdServiceImpl
[DEBUG] 2018-10-15 16:13:23,430 org.nutz.ioc.loader.annotation.AnnotationIocLoader.addClass(AnnotationIocLoader.java:76) - Found @IocBean : class cn.wizzer.app.wx.modules.services.impl.WxTplListServiceImpl
[DEBUG] 2018-10-15 16:13:23,430 org.nutz.ioc.loader.annotation.AnnotationIocLoader.addClass(AnnotationIocLoader.java:76) - Found @IocBean : class cn.wizzer.app.wx.modules.services.impl.WxTplLogServiceImpl
[DEBUG] 2018-10-15 16:13:23,430 org.nutz.ioc.loader.annotation.AnnotationIocLoader.addClass(AnnotationIocLoader.java:76) - Found @IocBean : class cn.wizzer.app.wx.modules.services.impl.WxUserServiceImpl
[DEBUG] 2018-10-15 16:13:23,430 org.nutz.ioc.loader.annotation.AnnotationIocLoader.addClass(AnnotationIocLoader.java:76) - Found @IocBean : class cn.wizzer.test.SimpleTest
[DEBUG] 2018-10-15 16:13:23,433 org.nutz.resource.Scans.scan(Scans.java:274) - Found 0 resource by src( org/nutz/apidoc/ ) , regex( ^.+[.]class$ )
[INFO ] 2018-10-15 16:13:23,434 org.nutz.ioc.loader.annotation.AnnotationIocLoader.<init>(AnnotationIocLoader.java:52) - Found 204 classes in 2 base-packages!
beans = ["wxTplListController", "uploadController", "wxReplyTxtServiceImpl", "logisticsSendplanController", "baseJobServiceImpl", "dateUtil", "qrcodeService", "logisticsSendgoodsServiceImpl", "logisticsOrderentryController", "insLockController", "baseRowofficeentryServiceImpl", "cmsChannelServiceImpl", "insBaseinsServiceImpl", "orderExecute", "cmsArticleController", "basePostController", "baseAirmeterialServiceImpl", "basePersonController", "logisticsOrderplanServiceImpl", "cmsLinkClassController", "basePostServiceImpl", "baseRowofficeServiceImpl", "baseJobController", "baseRowofficeController", "wxReplyController", "insRepairController", "sysConfigServiceImpl", "basePersonpoolController", "baseVehicleController", "wxMsgServiceImpl", "wxPayBackController", "logisticsUnplanController", "mobileInsController", "sysTaskController", "sysBarcodeController", "insTransmitController", "sysDictServiceImpl", "wxConfigServiceImpl", "baseAirportServiceImpl", "apiTestController", "sysMenuController", "cmsSiteServiceImpl", "mobileSysController", "cmsLinkController", "insCommonController", "logisticsOrderplanentryServiceImpl", "insInstrumentController", "sysRegistauditServiceImpl", "insLockServiceImpl", "insOrderController", "wechatController", "wxMsgUserController", "sysDictController", "sysWxUserController", "logisticsDeliveryorderentryController", "basePersonServiceImpl", "insOrderentryServiceImpl", "insRepairtrackController", "insInstrumentServiceImpl", "logisticsSendapprovalServiceImpl", "logisticsOrderdeliveryController", "wxTplListServiceImpl", "tplService", "sysPluginServiceImpl", "insRfheadController", "logisticsSendgoodsController", "mobileBaseController", "baseCnctobjServiceImpl", "nutShiroMethodInterceptor", "insCabinetServiceImpl", "basePlaceServiceImpl", "baseVehicleServiceImpl", "cmsLinkClassServiceImpl", "sysHomeController", "insRfheadServiceImpl", "sysMobileController", "wxMassServiceImpl", "logisticsOrderentryServiceImpl", "logisticsSendplanServiceImpl", "logisticsOrderrejectServiceImpl", "wxHandler", "cmsChannelController", "wxController", "rabbitProducer", "sysTaskServiceImpl", "sysVersionController", "shiroUtil", "wxReplyTxtController", "sysPluginController", "logisticsSendtraceController", "sysApiServiceImpl", "logisticsEntourageServiceImpl", "sLogService", "baseAirportController", "sysApiController", "wxTplIdController", "insSpaceServiceImpl", "logisticsOrderController", "sysTempuserController", "sysUserController", "platformAuthorizingRealm", "testJob", "$aop_1_plugin", "sysRegistauditController", "wxReplyNewsServiceImpl", "insTransmitServiceImpl", "sysLoginController", "wxTplLogServiceImpl", "sysUserServiceImpl", "sysRoleServiceImpl", "sysRouteController", "idcardUtil", "basePlaceController", "sysWxDeptController", "logisticsOrderplanentryController", "userpermissionController", "sysWxServiceImpl", "cmsController", "logisticsSendtraceServiceImpl", "insOrderentryController", "logisticsSendapprovalController", "wxMenuController", "insOrderServiceImpl", "weixinController", "code128Util", "insRepairServiceImpl", "logisticsOrderplanController", "wxMsgReplyServiceImpl", "logisticsOrderdeliveryServiceImpl", "cmsArticleServiceImpl", "baseCnctobjController", "baseCustomerController", "insBaseinsController", "insRfidServiceImpl", "cookieUtil", "baseRowofficeentryController", "logisticsOrderstepServiceImpl", "wxReplyServiceImpl", "bdController", "redisIdGenerator", "insBaseinsSpaceServiceImpl", "cmsSiteController", "logisticsDeliveryorderServiceImpl", "insCabinetController", "logisticsOrderServiceImpl", "sysWxDeptServiceImpl", "sysWxController", "mobileOrderController", "sysRoleController", "logisticsEntourageController", "insCommonServiceImpl", "sysUnitController", "padInsController", "wxMassSendServiceImpl", "logisticsDeliveryorderController", "rSAUtil", "wxConfigController", "stringUtil", "baseCustomerServiceImpl", "basePersonpoolServiceImpl", "insBaseinsSpaceController", "wxUserServiceImpl", "insSpaceController", "sysTempuserServiceImpl", "baseWarehouseServiceImpl", "insToolcabinetController", "sysWxUserServiceImpl", "dynamicInterceptor", "sysLogController", "wxMassController", "emailService", "baseWarehouseController", "insToolcabinetServiceImpl", "wxMenuServiceImpl", "wxReplyNewsController", "baseDeptServiceImpl", "sysRouteServiceImpl", "insRepairtrackServiceImpl", "wxMassNewsServiceImpl", "baseAirmeterialController", "sysMenuServiceImpl", "sysMobileServiceImpl", "simpleTest", "logisticsOrderstepController", "sysLogServiceImpl", "logisticsUnplanServiceImpl", "wxTplIdServiceImpl", "logisticsDeliveryorderentryServiceImpl", "$aop_syslog", "padSysController", "baseDeptController", "logisticsOrderrejectController", "padOrderController", "sysBarcodeServiceImpl", "wxTplLogController", "wxUserController", "wxPayTestController", "tokenController", "sysVersionServiceImpl", "cmsLinkServiceImpl", "sysUnitServiceImpl", "insRfidController", "sysConfController", "pluginMaster"]
[DEBUG] 2018-10-15 16:13:23,434 org.nutz.ioc.loader.combo.ComboIocLoader.createIocLoader(ComboIocLoader.java:110) - found jedis -- org.nutz.integration.jedis.JedisIocLoader
[DEBUG] 2018-10-15 16:13:23,438 org.nutz.resource.Scans.scan(Scans.java:274) - Found 1 resource by src( org/nutz/integration/jedis/jedis.js ) , regex( ^(.+[.])(js|json)$ )
[DEBUG] 2018-10-15 16:13:23,438 org.nutz.ioc.loader.json.JsonLoader.<init>(JsonLoader.java:49) - loading [org/nutz/integration/jedis/jedis.js]
[DEBUG] 2018-10-15 16:13:23,438 org.nutz.ioc.loader.json.JsonLoader.<init>(JsonLoader.java:57) - Loaded 9 bean define from path=[org/nutz/integration/jedis/jedis.js] --> [redisService, jedisCluster, jedisClusterNodes, jedisClusterWrapper, pubSubService, jedisPoolConfig, jedisPool, jedisAgent, redis]
[DEBUG] 2018-10-15 16:13:23,439 org.nutz.ioc.loader.json.JsonLoader.<init>(JsonLoader.java:40) - Loaded 5 bean define from reader --
[txREPEATABLE_READ, txSERIALIZABLE, txNONE, txREAD_UNCOMMITTED, txREAD_COMMITTED]
[DEBUG] 2018-10-15 16:13:23,443 org.nutz.ioc.loader.combo.ComboIocLoader.createIocLoader(ComboIocLoader.java:110) - found quartz -- org.nutz.integration.quartz.QuartzIocLoader
[DEBUG] 2018-10-15 16:13:23,443 org.nutz.ioc.loader.json.JsonLoader.<init>(JsonLoader.java:57) - Loaded 0 bean define from path=[] --> []
[DEBUG] 2018-10-15 16:13:23,445 org.nutz.ioc.aop.SimpleAopMaker.<init>(SimpleAopMaker.java:79) - Load AopConfigure for anno=org.nutz.aop.interceptor.async.Async by type=org.nutz.aop.interceptor.async.AsyncAopIocLoader
[DEBUG] 2018-10-15 16:13:23,446 org.nutz.ioc.loader.combo.ComboIocLoader.createIocLoader(ComboIocLoader.java:110) - found rabbitmq -- org.nutz.integration.rabbitmq.RabbitmqIocLoader
[DEBUG] 2018-10-15 16:13:23,449 org.nutz.resource.Scans.scan(Scans.java:274) - Found 1 resource by src( org/nutz/integration/rabbitmq/rabbitmq.js ) , regex( ^(.+[.])(js|json)$ )
[DEBUG] 2018-10-15 16:13:23,449 org.nutz.ioc.loader.json.JsonLoader.<init>(JsonLoader.java:49) - loading [org/nutz/integration/rabbitmq/rabbitmq.js]
[DEBUG] 2018-10-15 16:13:23,450 org.nutz.ioc.loader.json.JsonLoader.<init>(JsonLoader.java:57) - Loaded 2 bean define from path=[org/nutz/integration/rabbitmq/rabbitmq.js] --> [rabbitmq, rabbitmq_cf]
[INFO ] 2018-10-15 16:13:23,450 org.nutz.ioc.impl.NutIoc.<init>(NutIoc.java:98) - NutIoc init begin ...
[INFO ] 2018-10-15 16:13:23,450 org.nutz.ioc.impl.NutIoc.<init>(NutIoc.java:115) - ... NutIoc init complete
[DEBUG] 2018-10-15 16:13:23,450 org.nutz.ioc.impl.NutIoc.get(NutIoc.java:151) - Get 'conf'<class org.nutz.ioc.impl.PropertiesProxy>
[DEBUG] 2018-10-15 16:13:23,451 org.nutz.ioc.impl.NutIoc.get(NutIoc.java:151) - Get '$aop_1_plugin'<interface org.nutz.ioc.aop.config.AopConfigration>
[DEBUG] 2018-10-15 16:13:23,451 org.nutz.ioc.impl.NutIoc.get(NutIoc.java:177) - 	 >> Load definition name=$aop_1_plugin
[DEBUG] 2018-10-15 16:13:23,451 org.nutz.ioc.loader.combo.ComboIocLoader.load(ComboIocLoader.java:161) - Found IocObject($aop_1_plugin) in AnnotationIocLoader(packages=[cn.wizzer, org.nutz.apidoc])
[DEBUG] 2018-10-15 16:13:23,451 org.nutz.ioc.impl.NutIoc.get(NutIoc.java:209) - 	 >> Make...'$aop_1_plugin'<interface org.nutz.ioc.aop.config.AopConfigration>
[DEBUG] 2018-10-15 16:13:23,451 org.nutz.ioc.impl.ScopeContext.save(ScopeContext.java:64) - Save object '$aop_1_plugin' to [app] 
[DEBUG] 2018-10-15 16:13:23,451 org.nutz.ioc.impl.NutIoc.get(NutIoc.java:151) - Get 'dynamicInterceptor'<class cn.wizzer.app.web.commons.plugin.DynamicInterceptor>
[DEBUG] 2018-10-15 16:13:23,452 org.nutz.ioc.impl.NutIoc.get(NutIoc.java:177) - 	 >> Load definition name=dynamicInterceptor
[DEBUG] 2018-10-15 16:13:23,452 org.nutz.ioc.loader.combo.ComboIocLoader.load(ComboIocLoader.java:161) - Found IocObject(dynamicInterceptor) in AnnotationIocLoader(packages=[cn.wizzer, org.nutz.apidoc])
[DEBUG] 2018-10-15 16:13:23,452 org.nutz.ioc.impl.NutIoc.get(NutIoc.java:209) - 	 >> Make...'dynamicInterceptor'<class cn.wizzer.app.web.commons.plugin.DynamicInterceptor>
[DEBUG] 2018-10-15 16:13:23,452 org.nutz.ioc.impl.ScopeContext.save(ScopeContext.java:64) - Save object 'dynamicInterceptor' to [app] 
[DEBUG] 2018-10-15 16:13:23,452 org.nutz.ioc.impl.NutIoc.get(NutIoc.java:151) - Get '$aop_async'<interface org.nutz.ioc.aop.config.AopConfigration>
[DEBUG] 2018-10-15 16:13:23,452 org.nutz.ioc.impl.NutIoc.get(NutIoc.java:177) - 	 >> Load definition name=$aop_async
[DEBUG] 2018-10-15 16:13:23,452 org.nutz.ioc.loader.combo.ComboIocLoader.load(ComboIocLoader.java:161) - Found IocObject($aop_async) in AsyncAopIocLoader@1731656333
[DEBUG] 2018-10-15 16:13:23,452 org.nutz.ioc.impl.NutIoc.get(NutIoc.java:209) - 	 >> Make...'$aop_async'<interface org.nutz.ioc.aop.config.AopConfigration>
[DEBUG] 2018-10-15 16:13:23,452 org.nutz.ioc.impl.ScopeContext.save(ScopeContext.java:64) - Save object '$aop_async' to [app] 
[DEBUG] 2018-10-15 16:13:23,453 org.nutz.ioc.impl.NutIoc.get(NutIoc.java:151) - Get '$aop_syslog'<interface org.nutz.ioc.aop.config.AopConfigration>
[DEBUG] 2018-10-15 16:13:23,453 org.nutz.ioc.impl.NutIoc.get(NutIoc.java:177) - 	 >> Load definition name=$aop_syslog
[DEBUG] 2018-10-15 16:13:23,453 org.nutz.ioc.loader.combo.ComboIocLoader.load(ComboIocLoader.java:161) - Found IocObject($aop_syslog) in AnnotationIocLoader(packages=[cn.wizzer, org.nutz.apidoc])
[DEBUG] 2018-10-15 16:13:23,453 org.nutz.ioc.impl.NutIoc.get(NutIoc.java:209) - 	 >> Make...'$aop_syslog'<interface org.nutz.ioc.aop.config.AopConfigration>
[DEBUG] 2018-10-15 16:13:23,453 org.nutz.ioc.impl.ScopeContext.save(ScopeContext.java:64) - Save object '$aop_syslog' to [app] 
[DEBUG] 2018-10-15 16:13:23,453 org.nutz.ioc.aop.SimpleAopMaker.<init>(SimpleAopMaker.java:79) - Load AopConfigure for anno=cn.wizzer.app.web.commons.slog.annotation.SLog by type=cn.wizzer.app.web.commons.slog.SLogAopConfigration
[DEBUG] 2018-10-15 16:13:23,453 org.nutz.ioc.aop.SimpleAopMaker.<init>(SimpleAopMaker.java:79) - Load AopConfigure for anno=org.nutz.ioc.aop.Aop by type=org.nutz.ioc.aop.config.impl.AnnotationAopConfigration
[DEBUG] 2018-10-15 16:13:23,453 org.nutz.ioc.impl.NutIoc.get(NutIoc.java:177) - 	 >> Load definition name=conf
[DEBUG] 2018-10-15 16:13:23,454 org.nutz.ioc.loader.map.MapLoader.load(MapLoader.java:67) - Loading define for name=conf
[DEBUG] 2018-10-15 16:13:23,454 org.nutz.ioc.loader.combo.ComboIocLoader.load(ComboIocLoader.java:161) - Found IocObject(conf) in JsonLoader(paths=[config/ioc/])
[DEBUG] 2018-10-15 16:13:23,454 org.nutz.ioc.impl.NutIoc.get(NutIoc.java:209) - 	 >> Make...'conf'<class org.nutz.ioc.impl.PropertiesProxy>
[DEBUG] 2018-10-15 16:13:23,454 cn.wizzer.app.web.commons.plugin.PluginAopConfigure.getInterceptorPairList(PluginAopConfigure.java:33) - skip -- org.nutz.ioc.impl.PropertiesProxy
[DEBUG] 2018-10-15 16:13:23,454 org.nutz.ioc.aop.impl.DefaultMirrorFactory.getMirror(DefaultMirrorFactory.java:70) - Load class org.nutz.ioc.impl.PropertiesProxy without AOP
[DEBUG] 2018-10-15 16:13:23,454 org.nutz.ioc.impl.ScopeContext.save(ScopeContext.java:64) - Save object 'conf' to [app] 
[DEBUG] 2018-10-15 16:13:23,459 org.nutz.resource.Scans.scan(Scans.java:274) - Found 4 resource by src( config/custom/ ) , regex( ^.+[.]properties$ )
[DEBUG] 2018-10-15 16:13:23,459 org.nutz.ioc.impl.PropertiesProxy.setPaths(PropertiesProxy.java:113) - load properties from File[C:\Users\Administrator\IdeaProjects\XA-Instrument\wk-app\wk-web\target\classes\config\custom\db.properties]
[DEBUG] 2018-10-15 16:13:23,460 org.nutz.ioc.impl.PropertiesProxy.setPaths(PropertiesProxy.java:113) - load properties from File[C:\Users\Administrator\IdeaProjects\XA-Instrument\wk-app\wk-web\target\classes\config\custom\mail.properties]
[DEBUG] 2018-10-15 16:13:23,461 org.nutz.ioc.impl.PropertiesProxy.setPaths(PropertiesProxy.java:113) - load properties from File[C:\Users\Administrator\IdeaProjects\XA-Instrument\wk-app\wk-web\target\classes\config\custom\rabbit.properties]
[DEBUG] 2018-10-15 16:13:23,462 org.nutz.ioc.impl.PropertiesProxy.setPaths(PropertiesProxy.java:113) - load properties from File[C:\Users\Administrator\IdeaProjects\XA-Instrument\wk-app\wk-web\target\classes\config\custom\redis.properties]
[DEBUG] 2018-10-15 16:13:23,463 org.nutz.ioc.impl.NutIoc.get(NutIoc.java:151) - Get 'simpleTest'<class cn.wizzer.test.SimpleTest>
[DEBUG] 2018-10-15 16:13:23,463 org.nutz.ioc.impl.NutIoc.get(NutIoc.java:177) - 	 >> Load definition name=simpleTest
[DEBUG] 2018-10-15 16:13:23,463 org.nutz.ioc.loader.combo.ComboIocLoader.load(ComboIocLoader.java:161) - Found IocObject(simpleTest) in AnnotationIocLoader(packages=[cn.wizzer, org.nutz.apidoc])
[DEBUG] 2018-10-15 16:13:23,463 org.nutz.ioc.impl.NutIoc.get(NutIoc.java:209) - 	 >> Make...'simpleTest'<class cn.wizzer.test.SimpleTest>
[DEBUG] 2018-10-15 16:13:23,463 cn.wizzer.app.web.commons.plugin.PluginAopConfigure.getInterceptorPairList(PluginAopConfigure.java:33) - skip -- cn.wizzer.test.SimpleTest
[DEBUG] 2018-10-15 16:13:23,463 org.nutz.ioc.aop.impl.DefaultMirrorFactory.getMirror(DefaultMirrorFactory.java:70) - Load class cn.wizzer.test.SimpleTest without AOP
[DEBUG] 2018-10-15 16:13:23,464 org.nutz.ioc.impl.ScopeContext.save(ScopeContext.java:64) - Save object 'simpleTest' to [app] 
[DEBUG] 2018-10-15 16:13:23,466 org.nutz.ioc.impl.NutIoc.get(NutIoc.java:151) - Get 'dao'<interface org.nutz.dao.Dao>
[DEBUG] 2018-10-15 16:13:23,467 org.nutz.ioc.impl.NutIoc.get(NutIoc.java:177) - 	 >> Load definition name=dao
[DEBUG] 2018-10-15 16:13:23,467 org.nutz.ioc.loader.map.MapLoader.load(MapLoader.java:67) - Loading define for name=dao
[DEBUG] 2018-10-15 16:13:23,467 org.nutz.ioc.loader.combo.ComboIocLoader.load(ComboIocLoader.java:161) - Found IocObject(dao) in JsonLoader(paths=[config/ioc/])
[DEBUG] 2018-10-15 16:13:23,467 org.nutz.ioc.impl.NutIoc.get(NutIoc.java:209) - 	 >> Make...'dao'<interface org.nutz.dao.Dao>
[DEBUG] 2018-10-15 16:13:23,467 cn.wizzer.app.web.commons.plugin.PluginAopConfigure.getInterceptorPairList(PluginAopConfigure.java:33) - skip -- org.nutz.dao.impl.NutDao
[DEBUG] 2018-10-15 16:13:23,467 org.nutz.ioc.aop.impl.DefaultMirrorFactory.getMirror(DefaultMirrorFactory.java:70) - Load class org.nutz.dao.impl.NutDao without AOP
[DEBUG] 2018-10-15 16:13:23,467 org.nutz.ioc.impl.ScopeContext.save(ScopeContext.java:64) - Save object 'dao' to [app] 
[DEBUG] 2018-10-15 16:13:23,468 org.nutz.ioc.impl.NutIoc.get(NutIoc.java:151) - Get 'dataSource'<>
[DEBUG] 2018-10-15 16:13:23,468 org.nutz.ioc.impl.NutIoc.get(NutIoc.java:177) - 	 >> Load definition name=dataSource
[DEBUG] 2018-10-15 16:13:23,468 org.nutz.ioc.loader.map.MapLoader.load(MapLoader.java:67) - Loading define for name=dataSource
[DEBUG] 2018-10-15 16:13:23,468 org.nutz.ioc.loader.combo.ComboIocLoader.load(ComboIocLoader.java:161) - Found IocObject(dataSource) in JsonLoader(paths=[config/ioc/])
[DEBUG] 2018-10-15 16:13:23,468 org.nutz.ioc.impl.NutIoc.get(NutIoc.java:209) - 	 >> Make...'dataSource'<>
[DEBUG] 2018-10-15 16:13:23,469 cn.wizzer.app.web.commons.plugin.PluginAopConfigure.getInterceptorPairList(PluginAopConfigure.java:33) - skip -- com.alibaba.druid.pool.DruidDataSource
[DEBUG] 2018-10-15 16:13:23,469 org.nutz.ioc.aop.impl.DefaultMirrorFactory.getMirror(DefaultMirrorFactory.java:70) - Load class com.alibaba.druid.pool.DruidDataSource without AOP
[DEBUG] 2018-10-15 16:13:23,469 org.nutz.ioc.impl.ScopeContext.save(ScopeContext.java:64) - Save object 'dataSource' to [app] 
[DEBUG] 2018-10-15 16:13:23,469 org.nutz.ioc.impl.NutIoc.get(NutIoc.java:151) - Get 'conf'<>
[DEBUG] 2018-10-15 16:13:23,476 org.nutz.ioc.impl.ScopeContext.remove(ScopeContext.java:84) - Remove object 'dataSource' from [app] 
[DEBUG] 2018-10-15 16:13:23,476 org.nutz.ioc.impl.ScopeContext.remove(ScopeContext.java:84) - Remove object 'dao' from [app] 
[DEBUG] 2018-10-15 16:13:23,476 org.nutz.ioc.impl.ScopeContext.remove(ScopeContext.java:84) - Remove object 'simpleTest' from [app] 
]]></system-out>
  </testcase>
  <testcase name="testIns" classname="cn.wizzer.test.SimpleTest" time="0">
    <error message="IocBean[simpleTest] throw Exception when creating" type="org.nutz.ioc.IocException">org.nutz.ioc.IocException: IocBean[simpleTest] throw Exception when creating
Caused by: java.lang.RuntimeException: IocBean[simpleTest] fail at field=[dao]
Caused by: org.nutz.ioc.IocException: IocBean[dao -> dataSource] throw Exception when creating
Caused by: java.lang.IllegalArgumentException: Failed to decrypt.
Caused by: java.lang.IllegalArgumentException: String length must be a multiple of four.
</error>
    <system-out><![CDATA[[INFO ] 2018-10-15 16:13:23,477 org.nutz.ioc.impl.NutIoc.depose(NutIoc.java:255) - org.nutz.ioc.impl.NutIoc@1384210339 is closing. startup date [18-10-15 16:13:23.450]
[DEBUG] 2018-10-15 16:13:23,477 org.nutz.ioc.impl.ScopeContext.clear(ScopeContext.java:108) - Depose object 'conf' ...
[DEBUG] 2018-10-15 16:13:23,477 org.nutz.ioc.impl.ScopeContext.clear(ScopeContext.java:108) - Depose object '$aop_syslog' ...
[DEBUG] 2018-10-15 16:13:23,477 org.nutz.ioc.impl.ScopeContext.clear(ScopeContext.java:108) - Depose object '$aop_async' ...
[DEBUG] 2018-10-15 16:13:23,478 org.nutz.ioc.impl.ScopeContext.clear(ScopeContext.java:108) - Depose object 'dynamicInterceptor' ...
[DEBUG] 2018-10-15 16:13:23,478 org.nutz.ioc.impl.ScopeContext.clear(ScopeContext.java:108) - Depose object '$aop_1_plugin' ...
[INFO ] 2018-10-15 16:13:23,478 org.nutz.ioc.impl.NutIoc.depose(NutIoc.java:262) - org.nutz.ioc.impl.NutIoc@1384210339 is deposed. startup date [18-10-15 16:13:23.450]
[DEBUG] 2018-10-15 16:13:23,481 org.nutz.resource.Scans.scan(Scans.java:274) - Found 4 resource by src( config/ioc/ ) , regex( ^(.+[.])(js|json)$ )
[DEBUG] 2018-10-15 16:13:23,481 org.nutz.ioc.loader.json.JsonLoader.<init>(JsonLoader.java:49) - loading [dao.json]
[DEBUG] 2018-10-15 16:13:23,482 org.nutz.ioc.loader.json.JsonLoader.<init>(JsonLoader.java:49) - loading [ehcache.json]
[DEBUG] 2018-10-15 16:13:23,482 org.nutz.ioc.loader.json.JsonLoader.<init>(JsonLoader.java:49) - loading [mail.json]
[DEBUG] 2018-10-15 16:13:23,483 org.nutz.ioc.loader.json.JsonLoader.<init>(JsonLoader.java:49) - loading [upload.json]
[DEBUG] 2018-10-15 16:13:23,484 org.nutz.ioc.loader.json.JsonLoader.<init>(JsonLoader.java:57) - Loaded 15 bean define from path=[config/ioc/] --> [videoUpload, conf, uploadVideoContext, imageUpload, fileUpload, cacheManager, dao, cacheProvider, emailAuthenticator, uploadFileContext, htmlEmail, cacheExecutor, tmpFilePool, uploadImageContext, dataSource]
[DEBUG] 2018-10-15 16:13:23,647 org.nutz.resource.Scans.scan(Scans.java:274) - Found 452 resource by src( cn/wizzer/ ) , regex( ^.+[.]class$ )
[DEBUG] 2018-10-15 16:13:23,649 org.nutz.ioc.loader.annotation.AnnotationIocLoader.addClass(AnnotationIocLoader.java:76) - Found @IocBean : class cn.wizzer.framework.util.StringUtil
[DEBUG] 2018-10-15 16:13:23,649 org.nutz.ioc.loader.annotation.AnnotationIocLoader.addClass(AnnotationIocLoader.java:76) - Found @IocBean : class cn.wizzer.framework.util.CookieUtil
[DEBUG] 2018-10-15 16:13:23,649 org.nutz.ioc.loader.annotation.AnnotationIocLoader.addClass(AnnotationIocLoader.java:76) - Found @IocBean : class cn.wizzer.framework.ig.RedisIdGenerator
[DEBUG] 2018-10-15 16:13:23,649 org.nutz.ioc.loader.annotation.AnnotationIocLoader.addClass(AnnotationIocLoader.java:76) - Found @IocBean : class cn.wizzer.framework.util.DateUtil
[DEBUG] 2018-10-15 16:13:23,649 org.nutz.ioc.loader.annotation.AnnotationIocLoader.addClass(AnnotationIocLoader.java:76) - Found @IocBean : class cn.wizzer.framework.shiro.interceptor.NutShiroMethodInterceptor
[DEBUG] 2018-10-15 16:13:23,649 org.nutz.ioc.loader.annotation.AnnotationIocLoader.addClass(AnnotationIocLoader.java:76) - Found @IocBean : class cn.wizzer.framework.util.IdcardUtil
[DEBUG] 2018-10-15 16:13:23,649 org.nutz.ioc.loader.annotation.AnnotationIocLoader.addClass(AnnotationIocLoader.java:76) - Found @IocBean : class cn.wizzer.framework.rabbit.RabbitProducer
[DEBUG] 2018-10-15 16:13:23,649 org.nutz.ioc.loader.annotation.AnnotationIocLoader.addClass(AnnotationIocLoader.java:76) - Found @IocBean : class cn.wizzer.framework.util.RSAUtil
[DEBUG] 2018-10-15 16:13:23,649 org.nutz.ioc.loader.annotation.AnnotationIocLoader.addClass(AnnotationIocLoader.java:76) - Found @IocBean : class cn.wizzer.framework.util.ShiroUtil
[DEBUG] 2018-10-15 16:13:23,650 org.nutz.ioc.loader.annotation.AnnotationIocLoader.addClass(AnnotationIocLoader.java:76) - Found @IocBean : class cn.wizzer.framework.util.Code128Util
[DEBUG] 2018-10-15 16:13:23,650 org.nutz.ioc.loader.annotation.AnnotationIocLoader.addClass(AnnotationIocLoader.java:76) - Found @IocBean : class cn.wizzer.app.base.modules.services.impl.BaseAirmeterialServiceImpl
[DEBUG] 2018-10-15 16:13:23,650 org.nutz.ioc.loader.annotation.AnnotationIocLoader.addClass(AnnotationIocLoader.java:76) - Found @IocBean : class cn.wizzer.app.base.modules.services.impl.BaseAirportServiceImpl
[DEBUG] 2018-10-15 16:13:23,650 org.nutz.ioc.loader.annotation.AnnotationIocLoader.addClass(AnnotationIocLoader.java:76) - Found @IocBean : class cn.wizzer.app.base.modules.services.impl.BaseCnctobjServiceImpl
[DEBUG] 2018-10-15 16:13:23,650 org.nutz.ioc.loader.annotation.AnnotationIocLoader.addClass(AnnotationIocLoader.java:76) - Found @IocBean : class cn.wizzer.app.base.modules.services.impl.BaseCustomerServiceImpl
[DEBUG] 2018-10-15 16:13:23,650 org.nutz.ioc.loader.annotation.AnnotationIocLoader.addClass(AnnotationIocLoader.java:76) - Found @IocBean : class cn.wizzer.app.base.modules.services.impl.BaseDeptServiceImpl
[DEBUG] 2018-10-15 16:13:23,650 org.nutz.ioc.loader.annotation.AnnotationIocLoader.addClass(AnnotationIocLoader.java:76) - Found @IocBean : class cn.wizzer.app.base.modules.services.impl.BaseJobServiceImpl
[DEBUG] 2018-10-15 16:13:23,650 org.nutz.ioc.loader.annotation.AnnotationIocLoader.addClass(AnnotationIocLoader.java:76) - Found @IocBean : class cn.wizzer.app.base.modules.services.impl.BasePersonpoolServiceImpl
[DEBUG] 2018-10-15 16:13:23,650 org.nutz.ioc.loader.annotation.AnnotationIocLoader.addClass(AnnotationIocLoader.java:76) - Found @IocBean : class cn.wizzer.app.base.modules.services.impl.BasePersonServiceImpl
[DEBUG] 2018-10-15 16:13:23,650 org.nutz.ioc.loader.annotation.AnnotationIocLoader.addClass(AnnotationIocLoader.java:76) - Found @IocBean : class cn.wizzer.app.base.modules.services.impl.BasePlaceServiceImpl
[DEBUG] 2018-10-15 16:13:23,650 org.nutz.ioc.loader.annotation.AnnotationIocLoader.addClass(AnnotationIocLoader.java:76) - Found @IocBean : class cn.wizzer.app.base.modules.services.impl.BasePostServiceImpl
[DEBUG] 2018-10-15 16:13:23,651 org.nutz.ioc.loader.annotation.AnnotationIocLoader.addClass(AnnotationIocLoader.java:76) - Found @IocBean : class cn.wizzer.app.base.modules.services.impl.BaseRowofficeentryServiceImpl
[DEBUG] 2018-10-15 16:13:23,651 org.nutz.ioc.loader.annotation.AnnotationIocLoader.addClass(AnnotationIocLoader.java:76) - Found @IocBean : class cn.wizzer.app.base.modules.services.impl.BaseRowofficeServiceImpl
[DEBUG] 2018-10-15 16:13:23,651 org.nutz.ioc.loader.annotation.AnnotationIocLoader.addClass(AnnotationIocLoader.java:76) - Found @IocBean : class cn.wizzer.app.base.modules.services.impl.BaseVehicleServiceImpl
[DEBUG] 2018-10-15 16:13:23,651 org.nutz.ioc.loader.annotation.AnnotationIocLoader.addClass(AnnotationIocLoader.java:76) - Found @IocBean : class cn.wizzer.app.base.modules.services.impl.BaseWarehouseServiceImpl
[DEBUG] 2018-10-15 16:13:23,651 org.nutz.ioc.loader.annotation.AnnotationIocLoader.addClass(AnnotationIocLoader.java:76) - Found @IocBean : class cn.wizzer.app.cms.modules.services.impl.CmsArticleServiceImpl
[DEBUG] 2018-10-15 16:13:23,651 org.nutz.ioc.loader.annotation.AnnotationIocLoader.addClass(AnnotationIocLoader.java:76) - Found @IocBean : class cn.wizzer.app.cms.modules.services.impl.CmsChannelServiceImpl
[DEBUG] 2018-10-15 16:13:23,651 org.nutz.ioc.loader.annotation.AnnotationIocLoader.addClass(AnnotationIocLoader.java:76) - Found @IocBean : class cn.wizzer.app.cms.modules.services.impl.CmsLinkClassServiceImpl
[DEBUG] 2018-10-15 16:13:23,651 org.nutz.ioc.loader.annotation.AnnotationIocLoader.addClass(AnnotationIocLoader.java:76) - Found @IocBean : class cn.wizzer.app.cms.modules.services.impl.CmsLinkServiceImpl
[DEBUG] 2018-10-15 16:13:23,651 org.nutz.ioc.loader.annotation.AnnotationIocLoader.addClass(AnnotationIocLoader.java:76) - Found @IocBean : class cn.wizzer.app.cms.modules.services.impl.CmsSiteServiceImpl
[DEBUG] 2018-10-15 16:13:23,651 org.nutz.ioc.loader.annotation.AnnotationIocLoader.addClass(AnnotationIocLoader.java:76) - Found @IocBean : class cn.wizzer.app.ins.modules.services.impl.InsBaseinsServiceImpl
[DEBUG] 2018-10-15 16:13:23,651 org.nutz.ioc.loader.annotation.AnnotationIocLoader.addClass(AnnotationIocLoader.java:76) - Found @IocBean : class cn.wizzer.app.ins.modules.services.impl.InsBaseinsSpaceServiceImpl
[DEBUG] 2018-10-15 16:13:23,652 org.nutz.ioc.loader.annotation.AnnotationIocLoader.addClass(AnnotationIocLoader.java:76) - Found @IocBean : class cn.wizzer.app.ins.modules.services.impl.InsCabinetServiceImpl
[DEBUG] 2018-10-15 16:13:23,652 org.nutz.ioc.loader.annotation.AnnotationIocLoader.addClass(AnnotationIocLoader.java:76) - Found @IocBean : class cn.wizzer.app.ins.modules.services.impl.InsCommonServiceImpl
[DEBUG] 2018-10-15 16:13:23,652 org.nutz.ioc.loader.annotation.AnnotationIocLoader.addClass(AnnotationIocLoader.java:76) - Found @IocBean : class cn.wizzer.app.ins.modules.services.impl.InsInstrumentServiceImpl
[DEBUG] 2018-10-15 16:13:23,652 org.nutz.ioc.loader.annotation.AnnotationIocLoader.addClass(AnnotationIocLoader.java:76) - Found @IocBean : class cn.wizzer.app.ins.modules.services.impl.InsLockServiceImpl
[DEBUG] 2018-10-15 16:13:23,652 org.nutz.ioc.loader.annotation.AnnotationIocLoader.addClass(AnnotationIocLoader.java:76) - Found @IocBean : class cn.wizzer.app.ins.modules.services.impl.InsOrderentryServiceImpl
[DEBUG] 2018-10-15 16:13:23,652 org.nutz.ioc.loader.annotation.AnnotationIocLoader.addClass(AnnotationIocLoader.java:76) - Found @IocBean : class cn.wizzer.app.ins.modules.services.impl.InsOrderServiceImpl
[DEBUG] 2018-10-15 16:13:23,652 org.nutz.ioc.loader.annotation.AnnotationIocLoader.addClass(AnnotationIocLoader.java:76) - Found @IocBean : class cn.wizzer.app.ins.modules.services.impl.InsRepairServiceImpl
[DEBUG] 2018-10-15 16:13:23,652 org.nutz.ioc.loader.annotation.AnnotationIocLoader.addClass(AnnotationIocLoader.java:76) - Found @IocBean : class cn.wizzer.app.ins.modules.services.impl.InsRepairtrackServiceImpl
[DEBUG] 2018-10-15 16:13:23,652 org.nutz.ioc.loader.annotation.AnnotationIocLoader.addClass(AnnotationIocLoader.java:76) - Found @IocBean : class cn.wizzer.app.ins.modules.services.impl.InsRfheadServiceImpl
[DEBUG] 2018-10-15 16:13:23,652 org.nutz.ioc.loader.annotation.AnnotationIocLoader.addClass(AnnotationIocLoader.java:76) - Found @IocBean : class cn.wizzer.app.ins.modules.services.impl.InsRfidServiceImpl
[DEBUG] 2018-10-15 16:13:23,652 org.nutz.ioc.loader.annotation.AnnotationIocLoader.addClass(AnnotationIocLoader.java:76) - Found @IocBean : class cn.wizzer.app.ins.modules.services.impl.InsSpaceServiceImpl
[DEBUG] 2018-10-15 16:13:23,653 org.nutz.ioc.loader.annotation.AnnotationIocLoader.addClass(AnnotationIocLoader.java:76) - Found @IocBean : class cn.wizzer.app.ins.modules.services.impl.InsToolcabinetServiceImpl
[DEBUG] 2018-10-15 16:13:23,653 org.nutz.ioc.loader.annotation.AnnotationIocLoader.addClass(AnnotationIocLoader.java:76) - Found @IocBean : class cn.wizzer.app.ins.modules.services.impl.InsTransmitServiceImpl
[DEBUG] 2018-10-15 16:13:23,653 org.nutz.ioc.loader.annotation.AnnotationIocLoader.addClass(AnnotationIocLoader.java:76) - Found @IocBean : class cn.wizzer.app.logistics.modules.services.impl.LogisticsDeliveryorderentryServiceImpl
[DEBUG] 2018-10-15 16:13:23,653 org.nutz.ioc.loader.annotation.AnnotationIocLoader.addClass(AnnotationIocLoader.java:76) - Found @IocBean : class cn.wizzer.app.logistics.modules.services.impl.LogisticsDeliveryorderServiceImpl
[DEBUG] 2018-10-15 16:13:23,653 org.nutz.ioc.loader.annotation.AnnotationIocLoader.addClass(AnnotationIocLoader.java:76) - Found @IocBean : class cn.wizzer.app.logistics.modules.services.impl.LogisticsEntourageServiceImpl
[DEBUG] 2018-10-15 16:13:23,653 org.nutz.ioc.loader.annotation.AnnotationIocLoader.addClass(AnnotationIocLoader.java:76) - Found @IocBean : class cn.wizzer.app.logistics.modules.services.impl.LogisticsOrderdeliveryServiceImpl
[DEBUG] 2018-10-15 16:13:23,653 org.nutz.ioc.loader.annotation.AnnotationIocLoader.addClass(AnnotationIocLoader.java:76) - Found @IocBean : class cn.wizzer.app.logistics.modules.services.impl.LogisticsOrderentryServiceImpl
[DEBUG] 2018-10-15 16:13:23,653 org.nutz.ioc.loader.annotation.AnnotationIocLoader.addClass(AnnotationIocLoader.java:76) - Found @IocBean : class cn.wizzer.app.logistics.modules.services.impl.LogisticsOrderplanentryServiceImpl
[DEBUG] 2018-10-15 16:13:23,653 org.nutz.ioc.loader.annotation.AnnotationIocLoader.addClass(AnnotationIocLoader.java:76) - Found @IocBean : class cn.wizzer.app.logistics.modules.services.impl.LogisticsOrderplanServiceImpl
[DEBUG] 2018-10-15 16:13:23,653 org.nutz.ioc.loader.annotation.AnnotationIocLoader.addClass(AnnotationIocLoader.java:76) - Found @IocBean : class cn.wizzer.app.logistics.modules.services.impl.LogisticsOrderrejectServiceImpl
[DEBUG] 2018-10-15 16:13:23,654 org.nutz.ioc.loader.annotation.AnnotationIocLoader.addClass(AnnotationIocLoader.java:76) - Found @IocBean : class cn.wizzer.app.logistics.modules.services.impl.LogisticsOrderServiceImpl
[DEBUG] 2018-10-15 16:13:23,654 org.nutz.ioc.loader.annotation.AnnotationIocLoader.addClass(AnnotationIocLoader.java:76) - Found @IocBean : class cn.wizzer.app.logistics.modules.services.impl.LogisticsOrderstepServiceImpl
[DEBUG] 2018-10-15 16:13:23,654 org.nutz.ioc.loader.annotation.AnnotationIocLoader.addClass(AnnotationIocLoader.java:76) - Found @IocBean : class cn.wizzer.app.logistics.modules.services.impl.LogisticsSendapprovalServiceImpl
[DEBUG] 2018-10-15 16:13:23,654 org.nutz.ioc.loader.annotation.AnnotationIocLoader.addClass(AnnotationIocLoader.java:76) - Found @IocBean : class cn.wizzer.app.logistics.modules.services.impl.LogisticsSendgoodsServiceImpl
[DEBUG] 2018-10-15 16:13:23,654 org.nutz.ioc.loader.annotation.AnnotationIocLoader.addClass(AnnotationIocLoader.java:76) - Found @IocBean : class cn.wizzer.app.logistics.modules.services.impl.LogisticsSendplanServiceImpl
[DEBUG] 2018-10-15 16:13:23,654 org.nutz.ioc.loader.annotation.AnnotationIocLoader.addClass(AnnotationIocLoader.java:76) - Found @IocBean : class cn.wizzer.app.logistics.modules.services.impl.LogisticsSendtraceServiceImpl
[DEBUG] 2018-10-15 16:13:23,654 org.nutz.ioc.loader.annotation.AnnotationIocLoader.addClass(AnnotationIocLoader.java:76) - Found @IocBean : class cn.wizzer.app.logistics.modules.services.impl.LogisticsUnplanServiceImpl
[DEBUG] 2018-10-15 16:13:23,654 org.nutz.ioc.loader.annotation.AnnotationIocLoader.addClass(AnnotationIocLoader.java:76) - Found @IocBean : class cn.wizzer.app.sys.modules.services.impl.SysApiServiceImpl
[DEBUG] 2018-10-15 16:13:23,654 org.nutz.ioc.loader.annotation.AnnotationIocLoader.addClass(AnnotationIocLoader.java:76) - Found @IocBean : class cn.wizzer.app.sys.modules.services.impl.SysBarcodeServiceImpl
[DEBUG] 2018-10-15 16:13:23,654 org.nutz.ioc.loader.annotation.AnnotationIocLoader.addClass(AnnotationIocLoader.java:76) - Found @IocBean : class cn.wizzer.app.sys.modules.services.impl.SysConfigServiceImpl
[DEBUG] 2018-10-15 16:13:23,655 org.nutz.ioc.loader.annotation.AnnotationIocLoader.addClass(AnnotationIocLoader.java:76) - Found @IocBean : class cn.wizzer.app.sys.modules.services.impl.SysDictServiceImpl
[DEBUG] 2018-10-15 16:13:23,655 org.nutz.ioc.loader.annotation.AnnotationIocLoader.addClass(AnnotationIocLoader.java:76) - Found @IocBean : class cn.wizzer.app.sys.modules.services.impl.SysLogServiceImpl
[DEBUG] 2018-10-15 16:13:23,655 org.nutz.ioc.loader.annotation.AnnotationIocLoader.addClass(AnnotationIocLoader.java:76) - Found @IocBean : class cn.wizzer.app.sys.modules.services.impl.SysMenuServiceImpl
[DEBUG] 2018-10-15 16:13:23,655 org.nutz.ioc.loader.annotation.AnnotationIocLoader.addClass(AnnotationIocLoader.java:76) - Found @IocBean : class cn.wizzer.app.sys.modules.services.impl.SysMobileServiceImpl
[DEBUG] 2018-10-15 16:13:23,655 org.nutz.ioc.loader.annotation.AnnotationIocLoader.addClass(AnnotationIocLoader.java:76) - Found @IocBean : class cn.wizzer.app.sys.modules.services.impl.SysPluginServiceImpl
[DEBUG] 2018-10-15 16:13:23,655 org.nutz.ioc.loader.annotation.AnnotationIocLoader.addClass(AnnotationIocLoader.java:76) - Found @IocBean : class cn.wizzer.app.sys.modules.services.impl.SysRegistauditServiceImpl
[DEBUG] 2018-10-15 16:13:23,655 org.nutz.ioc.loader.annotation.AnnotationIocLoader.addClass(AnnotationIocLoader.java:76) - Found @IocBean : class cn.wizzer.app.sys.modules.services.impl.SysRoleServiceImpl
[DEBUG] 2018-10-15 16:13:23,655 org.nutz.ioc.loader.annotation.AnnotationIocLoader.addClass(AnnotationIocLoader.java:76) - Found @IocBean : class cn.wizzer.app.sys.modules.services.impl.SysRouteServiceImpl
[DEBUG] 2018-10-15 16:13:23,655 org.nutz.ioc.loader.annotation.AnnotationIocLoader.addClass(AnnotationIocLoader.java:76) - Found @IocBean : class cn.wizzer.app.sys.modules.services.impl.SysTaskServiceImpl
[DEBUG] 2018-10-15 16:13:23,656 org.nutz.ioc.loader.annotation.AnnotationIocLoader.addClass(AnnotationIocLoader.java:76) - Found @IocBean : class cn.wizzer.app.sys.modules.services.impl.SysTempuserServiceImpl
[DEBUG] 2018-10-15 16:13:23,656 org.nutz.ioc.loader.annotation.AnnotationIocLoader.addClass(AnnotationIocLoader.java:76) - Found @IocBean : class cn.wizzer.app.sys.modules.services.impl.SysUnitServiceImpl
[DEBUG] 2018-10-15 16:13:23,656 org.nutz.ioc.loader.annotation.AnnotationIocLoader.addClass(AnnotationIocLoader.java:76) - Found @IocBean : class cn.wizzer.app.sys.modules.services.impl.SysUserServiceImpl
[DEBUG] 2018-10-15 16:13:23,656 org.nutz.ioc.loader.annotation.AnnotationIocLoader.addClass(AnnotationIocLoader.java:76) - Found @IocBean : class cn.wizzer.app.sys.modules.services.impl.SysVersionServiceImpl
[DEBUG] 2018-10-15 16:13:23,656 org.nutz.ioc.loader.annotation.AnnotationIocLoader.addClass(AnnotationIocLoader.java:76) - Found @IocBean : class cn.wizzer.app.sys.modules.services.impl.SysWxDeptServiceImpl
[DEBUG] 2018-10-15 16:13:23,656 org.nutz.ioc.loader.annotation.AnnotationIocLoader.addClass(AnnotationIocLoader.java:76) - Found @IocBean : class cn.wizzer.app.sys.modules.services.impl.SysWxServiceImpl
[DEBUG] 2018-10-15 16:13:23,657 org.nutz.ioc.loader.annotation.AnnotationIocLoader.addClass(AnnotationIocLoader.java:76) - Found @IocBean : class cn.wizzer.app.sys.modules.services.impl.SysWxUserServiceImpl
[DEBUG] 2018-10-15 16:13:23,657 org.nutz.ioc.loader.annotation.AnnotationIocLoader.addClass(AnnotationIocLoader.java:76) - Found @IocBean : class cn.wizzer.app.web.commons.plugin.DynamicInterceptor
[DEBUG] 2018-10-15 16:13:23,657 org.nutz.ioc.loader.annotation.AnnotationIocLoader.addClass(AnnotationIocLoader.java:76) - Found @IocBean : class cn.wizzer.app.web.commons.plugin.PluginAopConfigure
[DEBUG] 2018-10-15 16:13:23,657 org.nutz.ioc.loader.annotation.AnnotationIocLoader.addClass(AnnotationIocLoader.java:76) - Found @IocBean : class cn.wizzer.app.web.commons.plugin.PluginMaster
[DEBUG] 2018-10-15 16:13:23,658 org.nutz.ioc.loader.annotation.AnnotationIocLoader.addClass(AnnotationIocLoader.java:76) - Found @IocBean : class cn.wizzer.app.web.commons.quartz.job.orderExecute
[DEBUG] 2018-10-15 16:13:23,658 org.nutz.ioc.loader.annotation.AnnotationIocLoader.addClass(AnnotationIocLoader.java:76) - Found @IocBean : class cn.wizzer.app.web.commons.quartz.job.TestJob
[DEBUG] 2018-10-15 16:13:23,658 org.nutz.ioc.loader.annotation.AnnotationIocLoader.addClass(AnnotationIocLoader.java:76) - Found @IocBean : class cn.wizzer.app.web.commons.services.email.EmailService
[DEBUG] 2018-10-15 16:13:23,659 org.nutz.ioc.loader.annotation.AnnotationIocLoader.addClass(AnnotationIocLoader.java:76) - Found @IocBean : class cn.wizzer.app.web.commons.services.qrcode.QrcodeService
[DEBUG] 2018-10-15 16:13:23,660 org.nutz.ioc.loader.annotation.AnnotationIocLoader.addClass(AnnotationIocLoader.java:76) - Found @IocBean : class cn.wizzer.app.web.commons.services.wx.TplService
[DEBUG] 2018-10-15 16:13:23,660 org.nutz.ioc.loader.annotation.AnnotationIocLoader.addClass(AnnotationIocLoader.java:76) - Found @IocBean : class cn.wizzer.app.web.commons.services.wx.WxHandler
[DEBUG] 2018-10-15 16:13:23,660 org.nutz.ioc.loader.annotation.AnnotationIocLoader.addClass(AnnotationIocLoader.java:76) - Found @IocBean : class cn.wizzer.app.web.commons.shiro.realm.PlatformAuthorizingRealm
[DEBUG] 2018-10-15 16:13:23,661 org.nutz.ioc.loader.annotation.AnnotationIocLoader.addClass(AnnotationIocLoader.java:76) - Found @IocBean : class cn.wizzer.app.web.commons.slog.SLogAopConfigration
[DEBUG] 2018-10-15 16:13:23,661 org.nutz.ioc.loader.annotation.AnnotationIocLoader.addClass(AnnotationIocLoader.java:76) - Found @IocBean : class cn.wizzer.app.web.commons.slog.SLogService
[DEBUG] 2018-10-15 16:13:23,661 org.nutz.ioc.loader.annotation.AnnotationIocLoader.addClass(AnnotationIocLoader.java:76) - Found @IocBean : class cn.wizzer.app.web.modules.controllers.front.wx.CmsController
[DEBUG] 2018-10-15 16:13:23,661 org.nutz.ioc.loader.annotation.AnnotationIocLoader.addClass(AnnotationIocLoader.java:76) - Found @IocBean : class cn.wizzer.app.web.modules.controllers.front.wx.WechatController
[DEBUG] 2018-10-15 16:13:23,661 org.nutz.ioc.loader.annotation.AnnotationIocLoader.addClass(AnnotationIocLoader.java:76) - Found @IocBean : class cn.wizzer.app.web.modules.controllers.open.api.mobile.MobileBaseController
[DEBUG] 2018-10-15 16:13:23,661 org.nutz.ioc.loader.annotation.AnnotationIocLoader.addClass(AnnotationIocLoader.java:76) - Found @IocBean : class cn.wizzer.app.web.modules.controllers.open.api.mobile.MobileInsController
[DEBUG] 2018-10-15 16:13:23,661 org.nutz.ioc.loader.annotation.AnnotationIocLoader.addClass(AnnotationIocLoader.java:76) - Found @IocBean : class cn.wizzer.app.web.modules.controllers.open.api.mobile.MobileOrderController
[DEBUG] 2018-10-15 16:13:23,662 org.nutz.ioc.loader.annotation.AnnotationIocLoader.addClass(AnnotationIocLoader.java:76) - Found @IocBean : class cn.wizzer.app.web.modules.controllers.open.api.mobile.MobileSysController
[DEBUG] 2018-10-15 16:13:23,662 org.nutz.ioc.loader.annotation.AnnotationIocLoader.addClass(AnnotationIocLoader.java:76) - Found @IocBean : class cn.wizzer.app.web.modules.controllers.open.api.pad.PadInsController
[DEBUG] 2018-10-15 16:13:23,662 org.nutz.ioc.loader.annotation.AnnotationIocLoader.addClass(AnnotationIocLoader.java:76) - Found @IocBean : class cn.wizzer.app.web.modules.controllers.open.api.pad.PadOrderController
[DEBUG] 2018-10-15 16:13:23,662 org.nutz.ioc.loader.annotation.AnnotationIocLoader.addClass(AnnotationIocLoader.java:76) - Found @IocBean : class cn.wizzer.app.web.modules.controllers.open.api.pad.PadSysController
[DEBUG] 2018-10-15 16:13:23,662 org.nutz.ioc.loader.annotation.AnnotationIocLoader.addClass(AnnotationIocLoader.java:76) - Found @IocBean : class cn.wizzer.app.web.modules.controllers.open.api.test.ApiTestController
[DEBUG] 2018-10-15 16:13:23,662 org.nutz.ioc.loader.annotation.AnnotationIocLoader.addClass(AnnotationIocLoader.java:76) - Found @IocBean : class cn.wizzer.app.web.modules.controllers.open.api.token.TokenController
[DEBUG] 2018-10-15 16:13:23,662 org.nutz.ioc.loader.annotation.AnnotationIocLoader.addClass(AnnotationIocLoader.java:76) - Found @IocBean : class cn.wizzer.app.web.modules.controllers.open.api.userpermission.UserpermissionController
[DEBUG] 2018-10-15 16:13:23,662 org.nutz.ioc.loader.annotation.AnnotationIocLoader.addClass(AnnotationIocLoader.java:76) - Found @IocBean : class cn.wizzer.app.web.modules.controllers.open.file.UploadController
[DEBUG] 2018-10-15 16:13:23,663 org.nutz.ioc.loader.annotation.AnnotationIocLoader.addClass(AnnotationIocLoader.java:76) - Found @IocBean : class cn.wizzer.app.web.modules.controllers.open.pay.WxPayBackController
[DEBUG] 2018-10-15 16:13:23,663 org.nutz.ioc.loader.annotation.AnnotationIocLoader.addClass(AnnotationIocLoader.java:76) - Found @IocBean : class cn.wizzer.app.web.modules.controllers.open.ueditor.BdController
[DEBUG] 2018-10-15 16:13:23,663 org.nutz.ioc.loader.annotation.AnnotationIocLoader.addClass(AnnotationIocLoader.java:76) - Found @IocBean : class cn.wizzer.app.web.modules.controllers.open.ueditor.WxController
[DEBUG] 2018-10-15 16:13:23,663 org.nutz.ioc.loader.annotation.AnnotationIocLoader.addClass(AnnotationIocLoader.java:76) - Found @IocBean : class cn.wizzer.app.web.modules.controllers.open.wx.WeixinController
[DEBUG] 2018-10-15 16:13:23,663 org.nutz.ioc.loader.annotation.AnnotationIocLoader.addClass(AnnotationIocLoader.java:76) - Found @IocBean : class cn.wizzer.app.web.modules.controllers.platform.base.BaseAirmeterialController
[DEBUG] 2018-10-15 16:13:23,663 org.nutz.ioc.loader.annotation.AnnotationIocLoader.addClass(AnnotationIocLoader.java:76) - Found @IocBean : class cn.wizzer.app.web.modules.controllers.platform.base.BaseAirportController
[DEBUG] 2018-10-15 16:13:23,663 org.nutz.ioc.loader.annotation.AnnotationIocLoader.addClass(AnnotationIocLoader.java:76) - Found @IocBean : class cn.wizzer.app.web.modules.controllers.platform.base.BaseCnctobjController
[DEBUG] 2018-10-15 16:13:23,663 org.nutz.ioc.loader.annotation.AnnotationIocLoader.addClass(AnnotationIocLoader.java:76) - Found @IocBean : class cn.wizzer.app.web.modules.controllers.platform.base.BaseCustomerController
[DEBUG] 2018-10-15 16:13:23,663 org.nutz.ioc.loader.annotation.AnnotationIocLoader.addClass(AnnotationIocLoader.java:76) - Found @IocBean : class cn.wizzer.app.web.modules.controllers.platform.base.BaseDeptController
[DEBUG] 2018-10-15 16:13:23,663 org.nutz.ioc.loader.annotation.AnnotationIocLoader.addClass(AnnotationIocLoader.java:76) - Found @IocBean : class cn.wizzer.app.web.modules.controllers.platform.base.BaseJobController
[DEBUG] 2018-10-15 16:13:23,664 org.nutz.ioc.loader.annotation.AnnotationIocLoader.addClass(AnnotationIocLoader.java:76) - Found @IocBean : class cn.wizzer.app.web.modules.controllers.platform.base.BasePersonController
[DEBUG] 2018-10-15 16:13:23,664 org.nutz.ioc.loader.annotation.AnnotationIocLoader.addClass(AnnotationIocLoader.java:76) - Found @IocBean : class cn.wizzer.app.web.modules.controllers.platform.base.BasePersonpoolController
[DEBUG] 2018-10-15 16:13:23,664 org.nutz.ioc.loader.annotation.AnnotationIocLoader.addClass(AnnotationIocLoader.java:76) - Found @IocBean : class cn.wizzer.app.web.modules.controllers.platform.base.BasePlaceController
[DEBUG] 2018-10-15 16:13:23,664 org.nutz.ioc.loader.annotation.AnnotationIocLoader.addClass(AnnotationIocLoader.java:76) - Found @IocBean : class cn.wizzer.app.web.modules.controllers.platform.base.BasePostController
[DEBUG] 2018-10-15 16:13:23,664 org.nutz.ioc.loader.annotation.AnnotationIocLoader.addClass(AnnotationIocLoader.java:76) - Found @IocBean : class cn.wizzer.app.web.modules.controllers.platform.base.BaseRowofficeController
[DEBUG] 2018-10-15 16:13:23,664 org.nutz.ioc.loader.annotation.AnnotationIocLoader.addClass(AnnotationIocLoader.java:76) - Found @IocBean : class cn.wizzer.app.web.modules.controllers.platform.base.BaseRowofficeentryController
[DEBUG] 2018-10-15 16:13:23,664 org.nutz.ioc.loader.annotation.AnnotationIocLoader.addClass(AnnotationIocLoader.java:76) - Found @IocBean : class cn.wizzer.app.web.modules.controllers.platform.base.BaseVehicleController
[DEBUG] 2018-10-15 16:13:23,664 org.nutz.ioc.loader.annotation.AnnotationIocLoader.addClass(AnnotationIocLoader.java:76) - Found @IocBean : class cn.wizzer.app.web.modules.controllers.platform.base.BaseWarehouseController
[DEBUG] 2018-10-15 16:13:23,665 org.nutz.ioc.loader.annotation.AnnotationIocLoader.addClass(AnnotationIocLoader.java:76) - Found @IocBean : class cn.wizzer.app.web.modules.controllers.platform.cms.CmsArticleController
[DEBUG] 2018-10-15 16:13:23,665 org.nutz.ioc.loader.annotation.AnnotationIocLoader.addClass(AnnotationIocLoader.java:76) - Found @IocBean : class cn.wizzer.app.web.modules.controllers.platform.cms.CmsChannelController
[DEBUG] 2018-10-15 16:13:23,665 org.nutz.ioc.loader.annotation.AnnotationIocLoader.addClass(AnnotationIocLoader.java:76) - Found @IocBean : class cn.wizzer.app.web.modules.controllers.platform.cms.CmsLinkClassController
[DEBUG] 2018-10-15 16:13:23,665 org.nutz.ioc.loader.annotation.AnnotationIocLoader.addClass(AnnotationIocLoader.java:76) - Found @IocBean : class cn.wizzer.app.web.modules.controllers.platform.cms.CmsLinkController
[DEBUG] 2018-10-15 16:13:23,665 org.nutz.ioc.loader.annotation.AnnotationIocLoader.addClass(AnnotationIocLoader.java:76) - Found @IocBean : class cn.wizzer.app.web.modules.controllers.platform.cms.CmsSiteController
[DEBUG] 2018-10-15 16:13:23,665 org.nutz.ioc.loader.annotation.AnnotationIocLoader.addClass(AnnotationIocLoader.java:76) - Found @IocBean : class cn.wizzer.app.web.modules.controllers.platform.ins.InsBaseinsController
[DEBUG] 2018-10-15 16:13:23,665 org.nutz.ioc.loader.annotation.AnnotationIocLoader.addClass(AnnotationIocLoader.java:76) - Found @IocBean : class cn.wizzer.app.web.modules.controllers.platform.ins.InsBaseinsSpaceController
[DEBUG] 2018-10-15 16:13:23,666 org.nutz.ioc.loader.annotation.AnnotationIocLoader.addClass(AnnotationIocLoader.java:76) - Found @IocBean : class cn.wizzer.app.web.modules.controllers.platform.ins.InsCabinetController
[DEBUG] 2018-10-15 16:13:23,666 org.nutz.ioc.loader.annotation.AnnotationIocLoader.addClass(AnnotationIocLoader.java:76) - Found @IocBean : class cn.wizzer.app.web.modules.controllers.platform.ins.InsCommonController
[DEBUG] 2018-10-15 16:13:23,666 org.nutz.ioc.loader.annotation.AnnotationIocLoader.addClass(AnnotationIocLoader.java:76) - Found @IocBean : class cn.wizzer.app.web.modules.controllers.platform.ins.InsInstrumentController
[DEBUG] 2018-10-15 16:13:23,666 org.nutz.ioc.loader.annotation.AnnotationIocLoader.addClass(AnnotationIocLoader.java:76) - Found @IocBean : class cn.wizzer.app.web.modules.controllers.platform.ins.InsLockController
[DEBUG] 2018-10-15 16:13:23,666 org.nutz.ioc.loader.annotation.AnnotationIocLoader.addClass(AnnotationIocLoader.java:76) - Found @IocBean : class cn.wizzer.app.web.modules.controllers.platform.ins.InsOrderController
[DEBUG] 2018-10-15 16:13:23,666 org.nutz.ioc.loader.annotation.AnnotationIocLoader.addClass(AnnotationIocLoader.java:76) - Found @IocBean : class cn.wizzer.app.web.modules.controllers.platform.ins.InsOrderentryController
[DEBUG] 2018-10-15 16:13:23,666 org.nutz.ioc.loader.annotation.AnnotationIocLoader.addClass(AnnotationIocLoader.java:76) - Found @IocBean : class cn.wizzer.app.web.modules.controllers.platform.ins.InsRepairController
[DEBUG] 2018-10-15 16:13:23,666 org.nutz.ioc.loader.annotation.AnnotationIocLoader.addClass(AnnotationIocLoader.java:76) - Found @IocBean : class cn.wizzer.app.web.modules.controllers.platform.ins.InsRepairtrackController
[DEBUG] 2018-10-15 16:13:23,667 org.nutz.ioc.loader.annotation.AnnotationIocLoader.addClass(AnnotationIocLoader.java:76) - Found @IocBean : class cn.wizzer.app.web.modules.controllers.platform.ins.InsRfheadController
[DEBUG] 2018-10-15 16:13:23,667 org.nutz.ioc.loader.annotation.AnnotationIocLoader.addClass(AnnotationIocLoader.java:76) - Found @IocBean : class cn.wizzer.app.web.modules.controllers.platform.ins.InsRfidController
[DEBUG] 2018-10-15 16:13:23,667 org.nutz.ioc.loader.annotation.AnnotationIocLoader.addClass(AnnotationIocLoader.java:76) - Found @IocBean : class cn.wizzer.app.web.modules.controllers.platform.ins.InsSpaceController
[DEBUG] 2018-10-15 16:13:23,667 org.nutz.ioc.loader.annotation.AnnotationIocLoader.addClass(AnnotationIocLoader.java:76) - Found @IocBean : class cn.wizzer.app.web.modules.controllers.platform.ins.InsToolcabinetController
[DEBUG] 2018-10-15 16:13:23,667 org.nutz.ioc.loader.annotation.AnnotationIocLoader.addClass(AnnotationIocLoader.java:76) - Found @IocBean : class cn.wizzer.app.web.modules.controllers.platform.ins.InsTransmitController
[DEBUG] 2018-10-15 16:13:23,667 org.nutz.ioc.loader.annotation.AnnotationIocLoader.addClass(AnnotationIocLoader.java:76) - Found @IocBean : class cn.wizzer.app.web.modules.controllers.platform.logistics.LogisticsDeliveryorderController
[DEBUG] 2018-10-15 16:13:23,667 org.nutz.ioc.loader.annotation.AnnotationIocLoader.addClass(AnnotationIocLoader.java:76) - Found @IocBean : class cn.wizzer.app.web.modules.controllers.platform.logistics.LogisticsDeliveryorderentryController
[DEBUG] 2018-10-15 16:13:23,667 org.nutz.ioc.loader.annotation.AnnotationIocLoader.addClass(AnnotationIocLoader.java:76) - Found @IocBean : class cn.wizzer.app.web.modules.controllers.platform.logistics.LogisticsEntourageController
[DEBUG] 2018-10-15 16:13:23,667 org.nutz.ioc.loader.annotation.AnnotationIocLoader.addClass(AnnotationIocLoader.java:76) - Found @IocBean : class cn.wizzer.app.web.modules.controllers.platform.logistics.LogisticsOrderController
[DEBUG] 2018-10-15 16:13:23,667 org.nutz.ioc.loader.annotation.AnnotationIocLoader.addClass(AnnotationIocLoader.java:76) - Found @IocBean : class cn.wizzer.app.web.modules.controllers.platform.logistics.LogisticsOrderdeliveryController
[DEBUG] 2018-10-15 16:13:23,668 org.nutz.ioc.loader.annotation.AnnotationIocLoader.addClass(AnnotationIocLoader.java:76) - Found @IocBean : class cn.wizzer.app.web.modules.controllers.platform.logistics.LogisticsOrderentryController
[DEBUG] 2018-10-15 16:13:23,668 org.nutz.ioc.loader.annotation.AnnotationIocLoader.addClass(AnnotationIocLoader.java:76) - Found @IocBean : class cn.wizzer.app.web.modules.controllers.platform.logistics.LogisticsOrderplanController
[DEBUG] 2018-10-15 16:13:23,668 org.nutz.ioc.loader.annotation.AnnotationIocLoader.addClass(AnnotationIocLoader.java:76) - Found @IocBean : class cn.wizzer.app.web.modules.controllers.platform.logistics.LogisticsOrderplanentryController
[DEBUG] 2018-10-15 16:13:23,668 org.nutz.ioc.loader.annotation.AnnotationIocLoader.addClass(AnnotationIocLoader.java:76) - Found @IocBean : class cn.wizzer.app.web.modules.controllers.platform.logistics.LogisticsOrderrejectController
[DEBUG] 2018-10-15 16:13:23,668 org.nutz.ioc.loader.annotation.AnnotationIocLoader.addClass(AnnotationIocLoader.java:76) - Found @IocBean : class cn.wizzer.app.web.modules.controllers.platform.logistics.LogisticsOrderstepController
[DEBUG] 2018-10-15 16:13:23,668 org.nutz.ioc.loader.annotation.AnnotationIocLoader.addClass(AnnotationIocLoader.java:76) - Found @IocBean : class cn.wizzer.app.web.modules.controllers.platform.logistics.LogisticsSendapprovalController
[DEBUG] 2018-10-15 16:13:23,668 org.nutz.ioc.loader.annotation.AnnotationIocLoader.addClass(AnnotationIocLoader.java:76) - Found @IocBean : class cn.wizzer.app.web.modules.controllers.platform.logistics.LogisticsSendgoodsController
[DEBUG] 2018-10-15 16:13:23,669 org.nutz.ioc.loader.annotation.AnnotationIocLoader.addClass(AnnotationIocLoader.java:76) - Found @IocBean : class cn.wizzer.app.web.modules.controllers.platform.logistics.LogisticsSendplanController
[DEBUG] 2018-10-15 16:13:23,669 org.nutz.ioc.loader.annotation.AnnotationIocLoader.addClass(AnnotationIocLoader.java:76) - Found @IocBean : class cn.wizzer.app.web.modules.controllers.platform.logistics.LogisticsSendtraceController
[DEBUG] 2018-10-15 16:13:23,669 org.nutz.ioc.loader.annotation.AnnotationIocLoader.addClass(AnnotationIocLoader.java:76) - Found @IocBean : class cn.wizzer.app.web.modules.controllers.platform.logistics.LogisticsUnplanController
[DEBUG] 2018-10-15 16:13:23,669 org.nutz.ioc.loader.annotation.AnnotationIocLoader.addClass(AnnotationIocLoader.java:76) - Found @IocBean : class cn.wizzer.app.web.modules.controllers.platform.sys.SysApiController
[DEBUG] 2018-10-15 16:13:23,669 org.nutz.ioc.loader.annotation.AnnotationIocLoader.addClass(AnnotationIocLoader.java:76) - Found @IocBean : class cn.wizzer.app.web.modules.controllers.platform.sys.SysBarcodeController
[DEBUG] 2018-10-15 16:13:23,669 org.nutz.ioc.loader.annotation.AnnotationIocLoader.addClass(AnnotationIocLoader.java:76) - Found @IocBean : class cn.wizzer.app.web.modules.controllers.platform.sys.SysConfController
[DEBUG] 2018-10-15 16:13:23,669 org.nutz.ioc.loader.annotation.AnnotationIocLoader.addClass(AnnotationIocLoader.java:76) - Found @IocBean : class cn.wizzer.app.web.modules.controllers.platform.sys.SysDictController
[DEBUG] 2018-10-15 16:13:23,670 org.nutz.ioc.loader.annotation.AnnotationIocLoader.addClass(AnnotationIocLoader.java:76) - Found @IocBean : class cn.wizzer.app.web.modules.controllers.platform.sys.SysHomeController
[DEBUG] 2018-10-15 16:13:23,670 org.nutz.ioc.loader.annotation.AnnotationIocLoader.addClass(AnnotationIocLoader.java:76) - Found @IocBean : class cn.wizzer.app.web.modules.controllers.platform.sys.SysLogController
[DEBUG] 2018-10-15 16:13:23,670 org.nutz.ioc.loader.annotation.AnnotationIocLoader.addClass(AnnotationIocLoader.java:76) - Found @IocBean : class cn.wizzer.app.web.modules.controllers.platform.sys.SysLoginController
[DEBUG] 2018-10-15 16:13:23,670 org.nutz.ioc.loader.annotation.AnnotationIocLoader.addClass(AnnotationIocLoader.java:76) - Found @IocBean : class cn.wizzer.app.web.modules.controllers.platform.sys.SysMenuController
[DEBUG] 2018-10-15 16:13:23,670 org.nutz.ioc.loader.annotation.AnnotationIocLoader.addClass(AnnotationIocLoader.java:76) - Found @IocBean : class cn.wizzer.app.web.modules.controllers.platform.sys.SysMobileController
[DEBUG] 2018-10-15 16:13:23,670 org.nutz.ioc.loader.annotation.AnnotationIocLoader.addClass(AnnotationIocLoader.java:76) - Found @IocBean : class cn.wizzer.app.web.modules.controllers.platform.sys.SysPluginController
[DEBUG] 2018-10-15 16:13:23,670 org.nutz.ioc.loader.annotation.AnnotationIocLoader.addClass(AnnotationIocLoader.java:76) - Found @IocBean : class cn.wizzer.app.web.modules.controllers.platform.sys.SysRegistauditController
[DEBUG] 2018-10-15 16:13:23,670 org.nutz.ioc.loader.annotation.AnnotationIocLoader.addClass(AnnotationIocLoader.java:76) - Found @IocBean : class cn.wizzer.app.web.modules.controllers.platform.sys.SysRoleController
[DEBUG] 2018-10-15 16:13:23,671 org.nutz.ioc.loader.annotation.AnnotationIocLoader.addClass(AnnotationIocLoader.java:76) - Found @IocBean : class cn.wizzer.app.web.modules.controllers.platform.sys.SysRouteController
[DEBUG] 2018-10-15 16:13:23,671 org.nutz.ioc.loader.annotation.AnnotationIocLoader.addClass(AnnotationIocLoader.java:76) - Found @IocBean : class cn.wizzer.app.web.modules.controllers.platform.sys.SysTaskController
[DEBUG] 2018-10-15 16:13:23,671 org.nutz.ioc.loader.annotation.AnnotationIocLoader.addClass(AnnotationIocLoader.java:76) - Found @IocBean : class cn.wizzer.app.web.modules.controllers.platform.sys.SysTempuserController
[DEBUG] 2018-10-15 16:13:23,671 org.nutz.ioc.loader.annotation.AnnotationIocLoader.addClass(AnnotationIocLoader.java:76) - Found @IocBean : class cn.wizzer.app.web.modules.controllers.platform.sys.SysUnitController
[DEBUG] 2018-10-15 16:13:23,671 org.nutz.ioc.loader.annotation.AnnotationIocLoader.addClass(AnnotationIocLoader.java:76) - Found @IocBean : class cn.wizzer.app.web.modules.controllers.platform.sys.SysUserController
[DEBUG] 2018-10-15 16:13:23,671 org.nutz.ioc.loader.annotation.AnnotationIocLoader.addClass(AnnotationIocLoader.java:76) - Found @IocBean : class cn.wizzer.app.web.modules.controllers.platform.sys.SysVersionController
[DEBUG] 2018-10-15 16:13:23,671 org.nutz.ioc.loader.annotation.AnnotationIocLoader.addClass(AnnotationIocLoader.java:76) - Found @IocBean : class cn.wizzer.app.web.modules.controllers.platform.sys.SysWxController
[DEBUG] 2018-10-15 16:13:23,671 org.nutz.ioc.loader.annotation.AnnotationIocLoader.addClass(AnnotationIocLoader.java:76) - Found @IocBean : class cn.wizzer.app.web.modules.controllers.platform.sys.SysWxDeptController
[DEBUG] 2018-10-15 16:13:23,671 org.nutz.ioc.loader.annotation.AnnotationIocLoader.addClass(AnnotationIocLoader.java:76) - Found @IocBean : class cn.wizzer.app.web.modules.controllers.platform.sys.SysWxUserController
[DEBUG] 2018-10-15 16:13:23,671 org.nutz.ioc.loader.annotation.AnnotationIocLoader.addClass(AnnotationIocLoader.java:76) - Found @IocBean : class cn.wizzer.app.web.modules.controllers.platform.wx.WxConfigController
[DEBUG] 2018-10-15 16:13:23,671 org.nutz.ioc.loader.annotation.AnnotationIocLoader.addClass(AnnotationIocLoader.java:76) - Found @IocBean : class cn.wizzer.app.web.modules.controllers.platform.wx.WxMassController
[DEBUG] 2018-10-15 16:13:23,672 org.nutz.ioc.loader.annotation.AnnotationIocLoader.addClass(AnnotationIocLoader.java:76) - Found @IocBean : class cn.wizzer.app.web.modules.controllers.platform.wx.WxMenuController
[DEBUG] 2018-10-15 16:13:23,672 org.nutz.ioc.loader.annotation.AnnotationIocLoader.addClass(AnnotationIocLoader.java:76) - Found @IocBean : class cn.wizzer.app.web.modules.controllers.platform.wx.WxMsgUserController
[DEBUG] 2018-10-15 16:13:23,672 org.nutz.ioc.loader.annotation.AnnotationIocLoader.addClass(AnnotationIocLoader.java:76) - Found @IocBean : class cn.wizzer.app.web.modules.controllers.platform.wx.WxPayTestController
[DEBUG] 2018-10-15 16:13:23,672 org.nutz.ioc.loader.annotation.AnnotationIocLoader.addClass(AnnotationIocLoader.java:76) - Found @IocBean : class cn.wizzer.app.web.modules.controllers.platform.wx.WxReplyController
[DEBUG] 2018-10-15 16:13:23,672 org.nutz.ioc.loader.annotation.AnnotationIocLoader.addClass(AnnotationIocLoader.java:76) - Found @IocBean : class cn.wizzer.app.web.modules.controllers.platform.wx.WxReplyNewsController
[DEBUG] 2018-10-15 16:13:23,672 org.nutz.ioc.loader.annotation.AnnotationIocLoader.addClass(AnnotationIocLoader.java:76) - Found @IocBean : class cn.wizzer.app.web.modules.controllers.platform.wx.WxReplyTxtController
[DEBUG] 2018-10-15 16:13:23,672 org.nutz.ioc.loader.annotation.AnnotationIocLoader.addClass(AnnotationIocLoader.java:76) - Found @IocBean : class cn.wizzer.app.web.modules.controllers.platform.wx.WxTplIdController
[DEBUG] 2018-10-15 16:13:23,672 org.nutz.ioc.loader.annotation.AnnotationIocLoader.addClass(AnnotationIocLoader.java:76) - Found @IocBean : class cn.wizzer.app.web.modules.controllers.platform.wx.WxTplListController
[DEBUG] 2018-10-15 16:13:23,672 org.nutz.ioc.loader.annotation.AnnotationIocLoader.addClass(AnnotationIocLoader.java:76) - Found @IocBean : class cn.wizzer.app.web.modules.controllers.platform.wx.WxTplLogController
[DEBUG] 2018-10-15 16:13:23,673 org.nutz.ioc.loader.annotation.AnnotationIocLoader.addClass(AnnotationIocLoader.java:76) - Found @IocBean : class cn.wizzer.app.web.modules.controllers.platform.wx.WxUserController
[DEBUG] 2018-10-15 16:13:23,673 org.nutz.ioc.loader.annotation.AnnotationIocLoader.addClass(AnnotationIocLoader.java:76) - Found @IocBean : class cn.wizzer.app.wx.modules.services.impl.WxConfigServiceImpl
[DEBUG] 2018-10-15 16:13:23,673 org.nutz.ioc.loader.annotation.AnnotationIocLoader.addClass(AnnotationIocLoader.java:76) - Found @IocBean : class cn.wizzer.app.wx.modules.services.impl.WxMassNewsServiceImpl
[DEBUG] 2018-10-15 16:13:23,674 org.nutz.ioc.loader.annotation.AnnotationIocLoader.addClass(AnnotationIocLoader.java:76) - Found @IocBean : class cn.wizzer.app.wx.modules.services.impl.WxMassSendServiceImpl
[DEBUG] 2018-10-15 16:13:23,674 org.nutz.ioc.loader.annotation.AnnotationIocLoader.addClass(AnnotationIocLoader.java:76) - Found @IocBean : class cn.wizzer.app.wx.modules.services.impl.WxMassServiceImpl
[DEBUG] 2018-10-15 16:13:23,674 org.nutz.ioc.loader.annotation.AnnotationIocLoader.addClass(AnnotationIocLoader.java:76) - Found @IocBean : class cn.wizzer.app.wx.modules.services.impl.WxMenuServiceImpl
[DEBUG] 2018-10-15 16:13:23,675 org.nutz.ioc.loader.annotation.AnnotationIocLoader.addClass(AnnotationIocLoader.java:76) - Found @IocBean : class cn.wizzer.app.wx.modules.services.impl.WxMsgReplyServiceImpl
[DEBUG] 2018-10-15 16:13:23,676 org.nutz.ioc.loader.annotation.AnnotationIocLoader.addClass(AnnotationIocLoader.java:76) - Found @IocBean : class cn.wizzer.app.wx.modules.services.impl.WxMsgServiceImpl
[DEBUG] 2018-10-15 16:13:23,676 org.nutz.ioc.loader.annotation.AnnotationIocLoader.addClass(AnnotationIocLoader.java:76) - Found @IocBean : class cn.wizzer.app.wx.modules.services.impl.WxReplyNewsServiceImpl
[DEBUG] 2018-10-15 16:13:23,676 org.nutz.ioc.loader.annotation.AnnotationIocLoader.addClass(AnnotationIocLoader.java:76) - Found @IocBean : class cn.wizzer.app.wx.modules.services.impl.WxReplyServiceImpl
[DEBUG] 2018-10-15 16:13:23,677 org.nutz.ioc.loader.annotation.AnnotationIocLoader.addClass(AnnotationIocLoader.java:76) - Found @IocBean : class cn.wizzer.app.wx.modules.services.impl.WxReplyTxtServiceImpl
[DEBUG] 2018-10-15 16:13:23,677 org.nutz.ioc.loader.annotation.AnnotationIocLoader.addClass(AnnotationIocLoader.java:76) - Found @IocBean : class cn.wizzer.app.wx.modules.services.impl.WxTplIdServiceImpl
[DEBUG] 2018-10-15 16:13:23,677 org.nutz.ioc.loader.annotation.AnnotationIocLoader.addClass(AnnotationIocLoader.java:76) - Found @IocBean : class cn.wizzer.app.wx.modules.services.impl.WxTplListServiceImpl
[DEBUG] 2018-10-15 16:13:23,677 org.nutz.ioc.loader.annotation.AnnotationIocLoader.addClass(AnnotationIocLoader.java:76) - Found @IocBean : class cn.wizzer.app.wx.modules.services.impl.WxTplLogServiceImpl
[DEBUG] 2018-10-15 16:13:23,677 org.nutz.ioc.loader.annotation.AnnotationIocLoader.addClass(AnnotationIocLoader.java:76) - Found @IocBean : class cn.wizzer.app.wx.modules.services.impl.WxUserServiceImpl
[DEBUG] 2018-10-15 16:13:23,677 org.nutz.ioc.loader.annotation.AnnotationIocLoader.addClass(AnnotationIocLoader.java:76) - Found @IocBean : class cn.wizzer.test.SimpleTest
[DEBUG] 2018-10-15 16:13:23,680 org.nutz.resource.Scans.scan(Scans.java:274) - Found 0 resource by src( org/nutz/apidoc/ ) , regex( ^.+[.]class$ )
[INFO ] 2018-10-15 16:13:23,681 org.nutz.ioc.loader.annotation.AnnotationIocLoader.<init>(AnnotationIocLoader.java:52) - Found 204 classes in 2 base-packages!
beans = ["wxTplListController", "uploadController", "wxReplyTxtServiceImpl", "logisticsSendplanController", "baseJobServiceImpl", "dateUtil", "qrcodeService", "logisticsSendgoodsServiceImpl", "logisticsOrderentryController", "insLockController", "baseRowofficeentryServiceImpl", "cmsChannelServiceImpl", "insBaseinsServiceImpl", "orderExecute", "cmsArticleController", "basePostController", "baseAirmeterialServiceImpl", "basePersonController", "logisticsOrderplanServiceImpl", "cmsLinkClassController", "basePostServiceImpl", "baseRowofficeServiceImpl", "baseJobController", "baseRowofficeController", "wxReplyController", "insRepairController", "sysConfigServiceImpl", "basePersonpoolController", "baseVehicleController", "wxMsgServiceImpl", "wxPayBackController", "logisticsUnplanController", "mobileInsController", "sysTaskController", "sysBarcodeController", "insTransmitController", "sysDictServiceImpl", "wxConfigServiceImpl", "baseAirportServiceImpl", "apiTestController", "sysMenuController", "cmsSiteServiceImpl", "mobileSysController", "cmsLinkController", "insCommonController", "logisticsOrderplanentryServiceImpl", "insInstrumentController", "sysRegistauditServiceImpl", "insLockServiceImpl", "insOrderController", "wechatController", "wxMsgUserController", "sysDictController", "sysWxUserController", "logisticsDeliveryorderentryController", "basePersonServiceImpl", "insOrderentryServiceImpl", "insRepairtrackController", "insInstrumentServiceImpl", "logisticsSendapprovalServiceImpl", "logisticsOrderdeliveryController", "wxTplListServiceImpl", "tplService", "sysPluginServiceImpl", "insRfheadController", "logisticsSendgoodsController", "mobileBaseController", "baseCnctobjServiceImpl", "nutShiroMethodInterceptor", "insCabinetServiceImpl", "basePlaceServiceImpl", "baseVehicleServiceImpl", "cmsLinkClassServiceImpl", "sysHomeController", "insRfheadServiceImpl", "sysMobileController", "wxMassServiceImpl", "logisticsOrderentryServiceImpl", "logisticsSendplanServiceImpl", "logisticsOrderrejectServiceImpl", "wxHandler", "cmsChannelController", "wxController", "rabbitProducer", "sysTaskServiceImpl", "sysVersionController", "shiroUtil", "wxReplyTxtController", "sysPluginController", "logisticsSendtraceController", "sysApiServiceImpl", "logisticsEntourageServiceImpl", "sLogService", "baseAirportController", "sysApiController", "wxTplIdController", "insSpaceServiceImpl", "logisticsOrderController", "sysTempuserController", "sysUserController", "platformAuthorizingRealm", "testJob", "$aop_1_plugin", "sysRegistauditController", "wxReplyNewsServiceImpl", "insTransmitServiceImpl", "sysLoginController", "wxTplLogServiceImpl", "sysUserServiceImpl", "sysRoleServiceImpl", "sysRouteController", "idcardUtil", "basePlaceController", "sysWxDeptController", "logisticsOrderplanentryController", "userpermissionController", "sysWxServiceImpl", "cmsController", "logisticsSendtraceServiceImpl", "insOrderentryController", "logisticsSendapprovalController", "wxMenuController", "insOrderServiceImpl", "weixinController", "code128Util", "insRepairServiceImpl", "logisticsOrderplanController", "wxMsgReplyServiceImpl", "logisticsOrderdeliveryServiceImpl", "cmsArticleServiceImpl", "baseCnctobjController", "baseCustomerController", "insBaseinsController", "insRfidServiceImpl", "cookieUtil", "baseRowofficeentryController", "logisticsOrderstepServiceImpl", "wxReplyServiceImpl", "bdController", "redisIdGenerator", "insBaseinsSpaceServiceImpl", "cmsSiteController", "logisticsDeliveryorderServiceImpl", "insCabinetController", "logisticsOrderServiceImpl", "sysWxDeptServiceImpl", "sysWxController", "mobileOrderController", "sysRoleController", "logisticsEntourageController", "insCommonServiceImpl", "sysUnitController", "padInsController", "wxMassSendServiceImpl", "logisticsDeliveryorderController", "rSAUtil", "wxConfigController", "stringUtil", "baseCustomerServiceImpl", "basePersonpoolServiceImpl", "insBaseinsSpaceController", "wxUserServiceImpl", "insSpaceController", "sysTempuserServiceImpl", "baseWarehouseServiceImpl", "insToolcabinetController", "sysWxUserServiceImpl", "dynamicInterceptor", "sysLogController", "wxMassController", "emailService", "baseWarehouseController", "insToolcabinetServiceImpl", "wxMenuServiceImpl", "wxReplyNewsController", "baseDeptServiceImpl", "sysRouteServiceImpl", "insRepairtrackServiceImpl", "wxMassNewsServiceImpl", "baseAirmeterialController", "sysMenuServiceImpl", "sysMobileServiceImpl", "simpleTest", "logisticsOrderstepController", "sysLogServiceImpl", "logisticsUnplanServiceImpl", "wxTplIdServiceImpl", "logisticsDeliveryorderentryServiceImpl", "$aop_syslog", "padSysController", "baseDeptController", "logisticsOrderrejectController", "padOrderController", "sysBarcodeServiceImpl", "wxTplLogController", "wxUserController", "wxPayTestController", "tokenController", "sysVersionServiceImpl", "cmsLinkServiceImpl", "sysUnitServiceImpl", "insRfidController", "sysConfController", "pluginMaster"]
[DEBUG] 2018-10-15 16:13:23,682 org.nutz.ioc.loader.combo.ComboIocLoader.createIocLoader(ComboIocLoader.java:110) - found jedis -- org.nutz.integration.jedis.JedisIocLoader
[DEBUG] 2018-10-15 16:13:23,683 org.nutz.resource.Scans.scan(Scans.java:274) - Found 1 resource by src( org/nutz/integration/jedis/jedis.js ) , regex( ^(.+[.])(js|json)$ )
[DEBUG] 2018-10-15 16:13:23,684 org.nutz.ioc.loader.json.JsonLoader.<init>(JsonLoader.java:49) - loading [org/nutz/integration/jedis/jedis.js]
[DEBUG] 2018-10-15 16:13:23,684 org.nutz.ioc.loader.json.JsonLoader.<init>(JsonLoader.java:57) - Loaded 9 bean define from path=[org/nutz/integration/jedis/jedis.js] --> [redisService, jedisCluster, jedisClusterNodes, jedisClusterWrapper, pubSubService, jedisPoolConfig, jedisPool, jedisAgent, redis]
[DEBUG] 2018-10-15 16:13:23,684 org.nutz.ioc.loader.json.JsonLoader.<init>(JsonLoader.java:40) - Loaded 5 bean define from reader --
[txREPEATABLE_READ, txSERIALIZABLE, txNONE, txREAD_UNCOMMITTED, txREAD_COMMITTED]
[DEBUG] 2018-10-15 16:13:23,686 org.nutz.ioc.loader.combo.ComboIocLoader.createIocLoader(ComboIocLoader.java:110) - found quartz -- org.nutz.integration.quartz.QuartzIocLoader
[DEBUG] 2018-10-15 16:13:23,687 org.nutz.ioc.loader.json.JsonLoader.<init>(JsonLoader.java:57) - Loaded 0 bean define from path=[] --> []
[DEBUG] 2018-10-15 16:13:23,688 org.nutz.ioc.aop.SimpleAopMaker.<init>(SimpleAopMaker.java:79) - Load AopConfigure for anno=org.nutz.aop.interceptor.async.Async by type=org.nutz.aop.interceptor.async.AsyncAopIocLoader
[DEBUG] 2018-10-15 16:13:23,689 org.nutz.ioc.loader.combo.ComboIocLoader.createIocLoader(ComboIocLoader.java:110) - found rabbitmq -- org.nutz.integration.rabbitmq.RabbitmqIocLoader
[DEBUG] 2018-10-15 16:13:23,693 org.nutz.resource.Scans.scan(Scans.java:274) - Found 1 resource by src( org/nutz/integration/rabbitmq/rabbitmq.js ) , regex( ^(.+[.])(js|json)$ )
[DEBUG] 2018-10-15 16:13:23,693 org.nutz.ioc.loader.json.JsonLoader.<init>(JsonLoader.java:49) - loading [org/nutz/integration/rabbitmq/rabbitmq.js]
[DEBUG] 2018-10-15 16:13:23,694 org.nutz.ioc.loader.json.JsonLoader.<init>(JsonLoader.java:57) - Loaded 2 bean define from path=[org/nutz/integration/rabbitmq/rabbitmq.js] --> [rabbitmq, rabbitmq_cf]
[INFO ] 2018-10-15 16:13:23,694 org.nutz.ioc.impl.NutIoc.<init>(NutIoc.java:98) - NutIoc init begin ...
[INFO ] 2018-10-15 16:13:23,694 org.nutz.ioc.impl.NutIoc.<init>(NutIoc.java:115) - ... NutIoc init complete
[DEBUG] 2018-10-15 16:13:23,694 org.nutz.ioc.impl.NutIoc.get(NutIoc.java:151) - Get 'conf'<class org.nutz.ioc.impl.PropertiesProxy>
[DEBUG] 2018-10-15 16:13:23,695 org.nutz.ioc.impl.NutIoc.get(NutIoc.java:151) - Get '$aop_1_plugin'<interface org.nutz.ioc.aop.config.AopConfigration>
[DEBUG] 2018-10-15 16:13:23,695 org.nutz.ioc.impl.NutIoc.get(NutIoc.java:177) - 	 >> Load definition name=$aop_1_plugin
[DEBUG] 2018-10-15 16:13:23,695 org.nutz.ioc.loader.combo.ComboIocLoader.load(ComboIocLoader.java:161) - Found IocObject($aop_1_plugin) in AnnotationIocLoader(packages=[cn.wizzer, org.nutz.apidoc])
[DEBUG] 2018-10-15 16:13:23,695 org.nutz.ioc.impl.NutIoc.get(NutIoc.java:209) - 	 >> Make...'$aop_1_plugin'<interface org.nutz.ioc.aop.config.AopConfigration>
[DEBUG] 2018-10-15 16:13:23,695 org.nutz.ioc.impl.ScopeContext.save(ScopeContext.java:64) - Save object '$aop_1_plugin' to [app] 
[DEBUG] 2018-10-15 16:13:23,695 org.nutz.ioc.impl.NutIoc.get(NutIoc.java:151) - Get 'dynamicInterceptor'<class cn.wizzer.app.web.commons.plugin.DynamicInterceptor>
[DEBUG] 2018-10-15 16:13:23,696 org.nutz.ioc.impl.NutIoc.get(NutIoc.java:177) - 	 >> Load definition name=dynamicInterceptor
[DEBUG] 2018-10-15 16:13:23,696 org.nutz.ioc.loader.combo.ComboIocLoader.load(ComboIocLoader.java:161) - Found IocObject(dynamicInterceptor) in AnnotationIocLoader(packages=[cn.wizzer, org.nutz.apidoc])
[DEBUG] 2018-10-15 16:13:23,696 org.nutz.ioc.impl.NutIoc.get(NutIoc.java:209) - 	 >> Make...'dynamicInterceptor'<class cn.wizzer.app.web.commons.plugin.DynamicInterceptor>
[DEBUG] 2018-10-15 16:13:23,696 org.nutz.ioc.impl.ScopeContext.save(ScopeContext.java:64) - Save object 'dynamicInterceptor' to [app] 
[DEBUG] 2018-10-15 16:13:23,696 org.nutz.ioc.impl.NutIoc.get(NutIoc.java:151) - Get '$aop_async'<interface org.nutz.ioc.aop.config.AopConfigration>
[DEBUG] 2018-10-15 16:13:23,697 org.nutz.ioc.impl.NutIoc.get(NutIoc.java:177) - 	 >> Load definition name=$aop_async
[DEBUG] 2018-10-15 16:13:23,697 org.nutz.ioc.loader.combo.ComboIocLoader.load(ComboIocLoader.java:161) - Found IocObject($aop_async) in AsyncAopIocLoader@238816832
[DEBUG] 2018-10-15 16:13:23,697 org.nutz.ioc.impl.NutIoc.get(NutIoc.java:209) - 	 >> Make...'$aop_async'<interface org.nutz.ioc.aop.config.AopConfigration>
[DEBUG] 2018-10-15 16:13:23,697 org.nutz.ioc.impl.ScopeContext.save(ScopeContext.java:64) - Save object '$aop_async' to [app] 
[DEBUG] 2018-10-15 16:13:23,697 org.nutz.ioc.impl.NutIoc.get(NutIoc.java:151) - Get '$aop_syslog'<interface org.nutz.ioc.aop.config.AopConfigration>
[DEBUG] 2018-10-15 16:13:23,698 org.nutz.ioc.impl.NutIoc.get(NutIoc.java:177) - 	 >> Load definition name=$aop_syslog
[DEBUG] 2018-10-15 16:13:23,698 org.nutz.ioc.loader.combo.ComboIocLoader.load(ComboIocLoader.java:161) - Found IocObject($aop_syslog) in AnnotationIocLoader(packages=[cn.wizzer, org.nutz.apidoc])
[DEBUG] 2018-10-15 16:13:23,698 org.nutz.ioc.impl.NutIoc.get(NutIoc.java:209) - 	 >> Make...'$aop_syslog'<interface org.nutz.ioc.aop.config.AopConfigration>
[DEBUG] 2018-10-15 16:13:23,698 org.nutz.ioc.impl.ScopeContext.save(ScopeContext.java:64) - Save object '$aop_syslog' to [app] 
[DEBUG] 2018-10-15 16:13:23,698 org.nutz.ioc.aop.SimpleAopMaker.<init>(SimpleAopMaker.java:79) - Load AopConfigure for anno=cn.wizzer.app.web.commons.slog.annotation.SLog by type=cn.wizzer.app.web.commons.slog.SLogAopConfigration
[DEBUG] 2018-10-15 16:13:23,698 org.nutz.ioc.aop.SimpleAopMaker.<init>(SimpleAopMaker.java:79) - Load AopConfigure for anno=org.nutz.ioc.aop.Aop by type=org.nutz.ioc.aop.config.impl.AnnotationAopConfigration
[DEBUG] 2018-10-15 16:13:23,698 org.nutz.ioc.impl.NutIoc.get(NutIoc.java:177) - 	 >> Load definition name=conf
[DEBUG] 2018-10-15 16:13:23,699 org.nutz.ioc.loader.map.MapLoader.load(MapLoader.java:67) - Loading define for name=conf
[DEBUG] 2018-10-15 16:13:23,699 org.nutz.ioc.loader.combo.ComboIocLoader.load(ComboIocLoader.java:161) - Found IocObject(conf) in JsonLoader(paths=[config/ioc/])
[DEBUG] 2018-10-15 16:13:23,699 org.nutz.ioc.impl.NutIoc.get(NutIoc.java:209) - 	 >> Make...'conf'<class org.nutz.ioc.impl.PropertiesProxy>
[DEBUG] 2018-10-15 16:13:23,699 cn.wizzer.app.web.commons.plugin.PluginAopConfigure.getInterceptorPairList(PluginAopConfigure.java:33) - skip -- org.nutz.ioc.impl.PropertiesProxy
[DEBUG] 2018-10-15 16:13:23,699 org.nutz.ioc.aop.impl.DefaultMirrorFactory.getMirror(DefaultMirrorFactory.java:70) - Load class org.nutz.ioc.impl.PropertiesProxy without AOP
[DEBUG] 2018-10-15 16:13:23,699 org.nutz.ioc.impl.ScopeContext.save(ScopeContext.java:64) - Save object 'conf' to [app] 
[DEBUG] 2018-10-15 16:13:23,702 org.nutz.resource.Scans.scan(Scans.java:274) - Found 4 resource by src( config/custom/ ) , regex( ^.+[.]properties$ )
[DEBUG] 2018-10-15 16:13:23,702 org.nutz.ioc.impl.PropertiesProxy.setPaths(PropertiesProxy.java:113) - load properties from File[C:\Users\Administrator\IdeaProjects\XA-Instrument\wk-app\wk-web\target\classes\config\custom\db.properties]
[DEBUG] 2018-10-15 16:13:23,703 org.nutz.ioc.impl.PropertiesProxy.setPaths(PropertiesProxy.java:113) - load properties from File[C:\Users\Administrator\IdeaProjects\XA-Instrument\wk-app\wk-web\target\classes\config\custom\mail.properties]
[DEBUG] 2018-10-15 16:13:23,704 org.nutz.ioc.impl.PropertiesProxy.setPaths(PropertiesProxy.java:113) - load properties from File[C:\Users\Administrator\IdeaProjects\XA-Instrument\wk-app\wk-web\target\classes\config\custom\rabbit.properties]
[DEBUG] 2018-10-15 16:13:23,705 org.nutz.ioc.impl.PropertiesProxy.setPaths(PropertiesProxy.java:113) - load properties from File[C:\Users\Administrator\IdeaProjects\XA-Instrument\wk-app\wk-web\target\classes\config\custom\redis.properties]
[DEBUG] 2018-10-15 16:13:23,706 org.nutz.ioc.impl.NutIoc.get(NutIoc.java:151) - Get 'simpleTest'<class cn.wizzer.test.SimpleTest>
[DEBUG] 2018-10-15 16:13:23,706 org.nutz.ioc.impl.NutIoc.get(NutIoc.java:177) - 	 >> Load definition name=simpleTest
[DEBUG] 2018-10-15 16:13:23,706 org.nutz.ioc.loader.combo.ComboIocLoader.load(ComboIocLoader.java:161) - Found IocObject(simpleTest) in AnnotationIocLoader(packages=[cn.wizzer, org.nutz.apidoc])
[DEBUG] 2018-10-15 16:13:23,706 org.nutz.ioc.impl.NutIoc.get(NutIoc.java:209) - 	 >> Make...'simpleTest'<class cn.wizzer.test.SimpleTest>
[DEBUG] 2018-10-15 16:13:23,707 cn.wizzer.app.web.commons.plugin.PluginAopConfigure.getInterceptorPairList(PluginAopConfigure.java:33) - skip -- cn.wizzer.test.SimpleTest
[DEBUG] 2018-10-15 16:13:23,707 org.nutz.ioc.aop.impl.DefaultMirrorFactory.getMirror(DefaultMirrorFactory.java:70) - Load class cn.wizzer.test.SimpleTest without AOP
[DEBUG] 2018-10-15 16:13:23,707 org.nutz.ioc.impl.ScopeContext.save(ScopeContext.java:64) - Save object 'simpleTest' to [app] 
[DEBUG] 2018-10-15 16:13:23,711 org.nutz.ioc.impl.NutIoc.get(NutIoc.java:151) - Get 'dao'<interface org.nutz.dao.Dao>
[DEBUG] 2018-10-15 16:13:23,711 org.nutz.ioc.impl.NutIoc.get(NutIoc.java:177) - 	 >> Load definition name=dao
[DEBUG] 2018-10-15 16:13:23,711 org.nutz.ioc.loader.map.MapLoader.load(MapLoader.java:67) - Loading define for name=dao
[DEBUG] 2018-10-15 16:13:23,712 org.nutz.ioc.loader.combo.ComboIocLoader.load(ComboIocLoader.java:161) - Found IocObject(dao) in JsonLoader(paths=[config/ioc/])
[DEBUG] 2018-10-15 16:13:23,712 org.nutz.ioc.impl.NutIoc.get(NutIoc.java:209) - 	 >> Make...'dao'<interface org.nutz.dao.Dao>
[DEBUG] 2018-10-15 16:13:23,712 cn.wizzer.app.web.commons.plugin.PluginAopConfigure.getInterceptorPairList(PluginAopConfigure.java:33) - skip -- org.nutz.dao.impl.NutDao
[DEBUG] 2018-10-15 16:13:23,712 org.nutz.ioc.aop.impl.DefaultMirrorFactory.getMirror(DefaultMirrorFactory.java:70) - Load class org.nutz.dao.impl.NutDao without AOP
[DEBUG] 2018-10-15 16:13:23,712 org.nutz.ioc.impl.ScopeContext.save(ScopeContext.java:64) - Save object 'dao' to [app] 
[DEBUG] 2018-10-15 16:13:23,712 org.nutz.ioc.impl.NutIoc.get(NutIoc.java:151) - Get 'dataSource'<>
[DEBUG] 2018-10-15 16:13:23,712 org.nutz.ioc.impl.NutIoc.get(NutIoc.java:177) - 	 >> Load definition name=dataSource
[DEBUG] 2018-10-15 16:13:23,713 org.nutz.ioc.loader.map.MapLoader.load(MapLoader.java:67) - Loading define for name=dataSource
[DEBUG] 2018-10-15 16:13:23,713 org.nutz.ioc.loader.combo.ComboIocLoader.load(ComboIocLoader.java:161) - Found IocObject(dataSource) in JsonLoader(paths=[config/ioc/])
[DEBUG] 2018-10-15 16:13:23,713 org.nutz.ioc.impl.NutIoc.get(NutIoc.java:209) - 	 >> Make...'dataSource'<>
[DEBUG] 2018-10-15 16:13:23,713 cn.wizzer.app.web.commons.plugin.PluginAopConfigure.getInterceptorPairList(PluginAopConfigure.java:33) - skip -- com.alibaba.druid.pool.DruidDataSource
[DEBUG] 2018-10-15 16:13:23,713 org.nutz.ioc.aop.impl.DefaultMirrorFactory.getMirror(DefaultMirrorFactory.java:70) - Load class com.alibaba.druid.pool.DruidDataSource without AOP
[DEBUG] 2018-10-15 16:13:23,714 org.nutz.ioc.impl.ScopeContext.save(ScopeContext.java:64) - Save object 'dataSource' to [app] 
[DEBUG] 2018-10-15 16:13:23,714 org.nutz.ioc.impl.NutIoc.get(NutIoc.java:151) - Get 'conf'<>
[DEBUG] 2018-10-15 16:13:23,716 org.nutz.ioc.impl.ScopeContext.remove(ScopeContext.java:84) - Remove object 'dataSource' from [app] 
[DEBUG] 2018-10-15 16:13:23,716 org.nutz.ioc.impl.ScopeContext.remove(ScopeContext.java:84) - Remove object 'dao' from [app] 
[DEBUG] 2018-10-15 16:13:23,716 org.nutz.ioc.impl.ScopeContext.remove(ScopeContext.java:84) - Remove object 'simpleTest' from [app] 
]]></system-out>
  </testcase>
  <testcase name="testSys" classname="cn.wizzer.test.SimpleTest" time="0">
    <error message="IocBean[simpleTest] throw Exception when creating" type="org.nutz.ioc.IocException">org.nutz.ioc.IocException: IocBean[simpleTest] throw Exception when creating
Caused by: java.lang.RuntimeException: IocBean[simpleTest] fail at field=[dao]
Caused by: org.nutz.ioc.IocException: IocBean[dao -> dataSource] throw Exception when creating
Caused by: java.lang.IllegalArgumentException: Failed to decrypt.
Caused by: java.lang.IllegalArgumentException: String length must be a multiple of four.
</error>
    <system-out><![CDATA[[INFO ] 2018-10-15 16:13:23,717 org.nutz.ioc.impl.NutIoc.depose(NutIoc.java:255) - org.nutz.ioc.impl.NutIoc@849198527 is closing. startup date [18-10-15 16:13:23.694]
[DEBUG] 2018-10-15 16:13:23,718 org.nutz.ioc.impl.ScopeContext.clear(ScopeContext.java:108) - Depose object 'conf' ...
[DEBUG] 2018-10-15 16:13:23,718 org.nutz.ioc.impl.ScopeContext.clear(ScopeContext.java:108) - Depose object '$aop_syslog' ...
[DEBUG] 2018-10-15 16:13:23,718 org.nutz.ioc.impl.ScopeContext.clear(ScopeContext.java:108) - Depose object '$aop_async' ...
[DEBUG] 2018-10-15 16:13:23,718 org.nutz.ioc.impl.ScopeContext.clear(ScopeContext.java:108) - Depose object 'dynamicInterceptor' ...
[DEBUG] 2018-10-15 16:13:23,718 org.nutz.ioc.impl.ScopeContext.clear(ScopeContext.java:108) - Depose object '$aop_1_plugin' ...
[INFO ] 2018-10-15 16:13:23,718 org.nutz.ioc.impl.NutIoc.depose(NutIoc.java:262) - org.nutz.ioc.impl.NutIoc@849198527 is deposed. startup date [18-10-15 16:13:23.694]
[DEBUG] 2018-10-15 16:13:23,723 org.nutz.resource.Scans.scan(Scans.java:274) - Found 4 resource by src( config/ioc/ ) , regex( ^(.+[.])(js|json)$ )
[DEBUG] 2018-10-15 16:13:23,723 org.nutz.ioc.loader.json.JsonLoader.<init>(JsonLoader.java:49) - loading [dao.json]
[DEBUG] 2018-10-15 16:13:23,724 org.nutz.ioc.loader.json.JsonLoader.<init>(JsonLoader.java:49) - loading [ehcache.json]
[DEBUG] 2018-10-15 16:13:23,725 org.nutz.ioc.loader.json.JsonLoader.<init>(JsonLoader.java:49) - loading [mail.json]
[DEBUG] 2018-10-15 16:13:23,726 org.nutz.ioc.loader.json.JsonLoader.<init>(JsonLoader.java:49) - loading [upload.json]
[DEBUG] 2018-10-15 16:13:23,726 org.nutz.ioc.loader.json.JsonLoader.<init>(JsonLoader.java:57) - Loaded 15 bean define from path=[config/ioc/] --> [videoUpload, conf, uploadVideoContext, imageUpload, fileUpload, cacheManager, dao, cacheProvider, emailAuthenticator, uploadFileContext, htmlEmail, cacheExecutor, tmpFilePool, uploadImageContext, dataSource]
[DEBUG] 2018-10-15 16:13:23,910 org.nutz.resource.Scans.scan(Scans.java:274) - Found 452 resource by src( cn/wizzer/ ) , regex( ^.+[.]class$ )
[DEBUG] 2018-10-15 16:13:23,912 org.nutz.ioc.loader.annotation.AnnotationIocLoader.addClass(AnnotationIocLoader.java:76) - Found @IocBean : class cn.wizzer.framework.util.StringUtil
[DEBUG] 2018-10-15 16:13:23,913 org.nutz.ioc.loader.annotation.AnnotationIocLoader.addClass(AnnotationIocLoader.java:76) - Found @IocBean : class cn.wizzer.framework.util.CookieUtil
[DEBUG] 2018-10-15 16:13:23,913 org.nutz.ioc.loader.annotation.AnnotationIocLoader.addClass(AnnotationIocLoader.java:76) - Found @IocBean : class cn.wizzer.framework.ig.RedisIdGenerator
[DEBUG] 2018-10-15 16:13:23,913 org.nutz.ioc.loader.annotation.AnnotationIocLoader.addClass(AnnotationIocLoader.java:76) - Found @IocBean : class cn.wizzer.framework.util.DateUtil
[DEBUG] 2018-10-15 16:13:23,913 org.nutz.ioc.loader.annotation.AnnotationIocLoader.addClass(AnnotationIocLoader.java:76) - Found @IocBean : class cn.wizzer.framework.shiro.interceptor.NutShiroMethodInterceptor
[DEBUG] 2018-10-15 16:13:23,913 org.nutz.ioc.loader.annotation.AnnotationIocLoader.addClass(AnnotationIocLoader.java:76) - Found @IocBean : class cn.wizzer.framework.util.IdcardUtil
[DEBUG] 2018-10-15 16:13:23,913 org.nutz.ioc.loader.annotation.AnnotationIocLoader.addClass(AnnotationIocLoader.java:76) - Found @IocBean : class cn.wizzer.framework.rabbit.RabbitProducer
[DEBUG] 2018-10-15 16:13:23,913 org.nutz.ioc.loader.annotation.AnnotationIocLoader.addClass(AnnotationIocLoader.java:76) - Found @IocBean : class cn.wizzer.framework.util.RSAUtil
[DEBUG] 2018-10-15 16:13:23,913 org.nutz.ioc.loader.annotation.AnnotationIocLoader.addClass(AnnotationIocLoader.java:76) - Found @IocBean : class cn.wizzer.framework.util.ShiroUtil
[DEBUG] 2018-10-15 16:13:23,913 org.nutz.ioc.loader.annotation.AnnotationIocLoader.addClass(AnnotationIocLoader.java:76) - Found @IocBean : class cn.wizzer.framework.util.Code128Util
[DEBUG] 2018-10-15 16:13:23,913 org.nutz.ioc.loader.annotation.AnnotationIocLoader.addClass(AnnotationIocLoader.java:76) - Found @IocBean : class cn.wizzer.app.base.modules.services.impl.BaseAirmeterialServiceImpl
[DEBUG] 2018-10-15 16:13:23,913 org.nutz.ioc.loader.annotation.AnnotationIocLoader.addClass(AnnotationIocLoader.java:76) - Found @IocBean : class cn.wizzer.app.base.modules.services.impl.BaseAirportServiceImpl
[DEBUG] 2018-10-15 16:13:23,914 org.nutz.ioc.loader.annotation.AnnotationIocLoader.addClass(AnnotationIocLoader.java:76) - Found @IocBean : class cn.wizzer.app.base.modules.services.impl.BaseCnctobjServiceImpl
[DEBUG] 2018-10-15 16:13:23,914 org.nutz.ioc.loader.annotation.AnnotationIocLoader.addClass(AnnotationIocLoader.java:76) - Found @IocBean : class cn.wizzer.app.base.modules.services.impl.BaseCustomerServiceImpl
[DEBUG] 2018-10-15 16:13:23,914 org.nutz.ioc.loader.annotation.AnnotationIocLoader.addClass(AnnotationIocLoader.java:76) - Found @IocBean : class cn.wizzer.app.base.modules.services.impl.BaseDeptServiceImpl
[DEBUG] 2018-10-15 16:13:23,914 org.nutz.ioc.loader.annotation.AnnotationIocLoader.addClass(AnnotationIocLoader.java:76) - Found @IocBean : class cn.wizzer.app.base.modules.services.impl.BaseJobServiceImpl
[DEBUG] 2018-10-15 16:13:23,914 org.nutz.ioc.loader.annotation.AnnotationIocLoader.addClass(AnnotationIocLoader.java:76) - Found @IocBean : class cn.wizzer.app.base.modules.services.impl.BasePersonpoolServiceImpl
[DEBUG] 2018-10-15 16:13:23,914 org.nutz.ioc.loader.annotation.AnnotationIocLoader.addClass(AnnotationIocLoader.java:76) - Found @IocBean : class cn.wizzer.app.base.modules.services.impl.BasePersonServiceImpl
[DEBUG] 2018-10-15 16:13:23,914 org.nutz.ioc.loader.annotation.AnnotationIocLoader.addClass(AnnotationIocLoader.java:76) - Found @IocBean : class cn.wizzer.app.base.modules.services.impl.BasePlaceServiceImpl
[DEBUG] 2018-10-15 16:13:23,914 org.nutz.ioc.loader.annotation.AnnotationIocLoader.addClass(AnnotationIocLoader.java:76) - Found @IocBean : class cn.wizzer.app.base.modules.services.impl.BasePostServiceImpl
[DEBUG] 2018-10-15 16:13:23,914 org.nutz.ioc.loader.annotation.AnnotationIocLoader.addClass(AnnotationIocLoader.java:76) - Found @IocBean : class cn.wizzer.app.base.modules.services.impl.BaseRowofficeentryServiceImpl
[DEBUG] 2018-10-15 16:13:23,914 org.nutz.ioc.loader.annotation.AnnotationIocLoader.addClass(AnnotationIocLoader.java:76) - Found @IocBean : class cn.wizzer.app.base.modules.services.impl.BaseRowofficeServiceImpl
[DEBUG] 2018-10-15 16:13:23,914 org.nutz.ioc.loader.annotation.AnnotationIocLoader.addClass(AnnotationIocLoader.java:76) - Found @IocBean : class cn.wizzer.app.base.modules.services.impl.BaseVehicleServiceImpl
[DEBUG] 2018-10-15 16:13:23,914 org.nutz.ioc.loader.annotation.AnnotationIocLoader.addClass(AnnotationIocLoader.java:76) - Found @IocBean : class cn.wizzer.app.base.modules.services.impl.BaseWarehouseServiceImpl
[DEBUG] 2018-10-15 16:13:23,914 org.nutz.ioc.loader.annotation.AnnotationIocLoader.addClass(AnnotationIocLoader.java:76) - Found @IocBean : class cn.wizzer.app.cms.modules.services.impl.CmsArticleServiceImpl
[DEBUG] 2018-10-15 16:13:23,915 org.nutz.ioc.loader.annotation.AnnotationIocLoader.addClass(AnnotationIocLoader.java:76) - Found @IocBean : class cn.wizzer.app.cms.modules.services.impl.CmsChannelServiceImpl
[DEBUG] 2018-10-15 16:13:23,915 org.nutz.ioc.loader.annotation.AnnotationIocLoader.addClass(AnnotationIocLoader.java:76) - Found @IocBean : class cn.wizzer.app.cms.modules.services.impl.CmsLinkClassServiceImpl
[DEBUG] 2018-10-15 16:13:23,915 org.nutz.ioc.loader.annotation.AnnotationIocLoader.addClass(AnnotationIocLoader.java:76) - Found @IocBean : class cn.wizzer.app.cms.modules.services.impl.CmsLinkServiceImpl
[DEBUG] 2018-10-15 16:13:23,915 org.nutz.ioc.loader.annotation.AnnotationIocLoader.addClass(AnnotationIocLoader.java:76) - Found @IocBean : class cn.wizzer.app.cms.modules.services.impl.CmsSiteServiceImpl
[DEBUG] 2018-10-15 16:13:23,915 org.nutz.ioc.loader.annotation.AnnotationIocLoader.addClass(AnnotationIocLoader.java:76) - Found @IocBean : class cn.wizzer.app.ins.modules.services.impl.InsBaseinsServiceImpl
[DEBUG] 2018-10-15 16:13:23,915 org.nutz.ioc.loader.annotation.AnnotationIocLoader.addClass(AnnotationIocLoader.java:76) - Found @IocBean : class cn.wizzer.app.ins.modules.services.impl.InsBaseinsSpaceServiceImpl
[DEBUG] 2018-10-15 16:13:23,915 org.nutz.ioc.loader.annotation.AnnotationIocLoader.addClass(AnnotationIocLoader.java:76) - Found @IocBean : class cn.wizzer.app.ins.modules.services.impl.InsCabinetServiceImpl
[DEBUG] 2018-10-15 16:13:23,915 org.nutz.ioc.loader.annotation.AnnotationIocLoader.addClass(AnnotationIocLoader.java:76) - Found @IocBean : class cn.wizzer.app.ins.modules.services.impl.InsCommonServiceImpl
[DEBUG] 2018-10-15 16:13:23,915 org.nutz.ioc.loader.annotation.AnnotationIocLoader.addClass(AnnotationIocLoader.java:76) - Found @IocBean : class cn.wizzer.app.ins.modules.services.impl.InsInstrumentServiceImpl
[DEBUG] 2018-10-15 16:13:23,916 org.nutz.ioc.loader.annotation.AnnotationIocLoader.addClass(AnnotationIocLoader.java:76) - Found @IocBean : class cn.wizzer.app.ins.modules.services.impl.InsLockServiceImpl
[DEBUG] 2018-10-15 16:13:23,916 org.nutz.ioc.loader.annotation.AnnotationIocLoader.addClass(AnnotationIocLoader.java:76) - Found @IocBean : class cn.wizzer.app.ins.modules.services.impl.InsOrderentryServiceImpl
[DEBUG] 2018-10-15 16:13:23,916 org.nutz.ioc.loader.annotation.AnnotationIocLoader.addClass(AnnotationIocLoader.java:76) - Found @IocBean : class cn.wizzer.app.ins.modules.services.impl.InsOrderServiceImpl
[DEBUG] 2018-10-15 16:13:23,916 org.nutz.ioc.loader.annotation.AnnotationIocLoader.addClass(AnnotationIocLoader.java:76) - Found @IocBean : class cn.wizzer.app.ins.modules.services.impl.InsRepairServiceImpl
[DEBUG] 2018-10-15 16:13:23,916 org.nutz.ioc.loader.annotation.AnnotationIocLoader.addClass(AnnotationIocLoader.java:76) - Found @IocBean : class cn.wizzer.app.ins.modules.services.impl.InsRepairtrackServiceImpl
[DEBUG] 2018-10-15 16:13:23,916 org.nutz.ioc.loader.annotation.AnnotationIocLoader.addClass(AnnotationIocLoader.java:76) - Found @IocBean : class cn.wizzer.app.ins.modules.services.impl.InsRfheadServiceImpl
[DEBUG] 2018-10-15 16:13:23,916 org.nutz.ioc.loader.annotation.AnnotationIocLoader.addClass(AnnotationIocLoader.java:76) - Found @IocBean : class cn.wizzer.app.ins.modules.services.impl.InsRfidServiceImpl
[DEBUG] 2018-10-15 16:13:23,916 org.nutz.ioc.loader.annotation.AnnotationIocLoader.addClass(AnnotationIocLoader.java:76) - Found @IocBean : class cn.wizzer.app.ins.modules.services.impl.InsSpaceServiceImpl
[DEBUG] 2018-10-15 16:13:23,916 org.nutz.ioc.loader.annotation.AnnotationIocLoader.addClass(AnnotationIocLoader.java:76) - Found @IocBean : class cn.wizzer.app.ins.modules.services.impl.InsToolcabinetServiceImpl
[DEBUG] 2018-10-15 16:13:23,916 org.nutz.ioc.loader.annotation.AnnotationIocLoader.addClass(AnnotationIocLoader.java:76) - Found @IocBean : class cn.wizzer.app.ins.modules.services.impl.InsTransmitServiceImpl
[DEBUG] 2018-10-15 16:13:23,916 org.nutz.ioc.loader.annotation.AnnotationIocLoader.addClass(AnnotationIocLoader.java:76) - Found @IocBean : class cn.wizzer.app.logistics.modules.services.impl.LogisticsDeliveryorderentryServiceImpl
[DEBUG] 2018-10-15 16:13:23,917 org.nutz.ioc.loader.annotation.AnnotationIocLoader.addClass(AnnotationIocLoader.java:76) - Found @IocBean : class cn.wizzer.app.logistics.modules.services.impl.LogisticsDeliveryorderServiceImpl
[DEBUG] 2018-10-15 16:13:23,917 org.nutz.ioc.loader.annotation.AnnotationIocLoader.addClass(AnnotationIocLoader.java:76) - Found @IocBean : class cn.wizzer.app.logistics.modules.services.impl.LogisticsEntourageServiceImpl
[DEBUG] 2018-10-15 16:13:23,917 org.nutz.ioc.loader.annotation.AnnotationIocLoader.addClass(AnnotationIocLoader.java:76) - Found @IocBean : class cn.wizzer.app.logistics.modules.services.impl.LogisticsOrderdeliveryServiceImpl
[DEBUG] 2018-10-15 16:13:23,917 org.nutz.ioc.loader.annotation.AnnotationIocLoader.addClass(AnnotationIocLoader.java:76) - Found @IocBean : class cn.wizzer.app.logistics.modules.services.impl.LogisticsOrderentryServiceImpl
[DEBUG] 2018-10-15 16:13:23,917 org.nutz.ioc.loader.annotation.AnnotationIocLoader.addClass(AnnotationIocLoader.java:76) - Found @IocBean : class cn.wizzer.app.logistics.modules.services.impl.LogisticsOrderplanentryServiceImpl
[DEBUG] 2018-10-15 16:13:23,917 org.nutz.ioc.loader.annotation.AnnotationIocLoader.addClass(AnnotationIocLoader.java:76) - Found @IocBean : class cn.wizzer.app.logistics.modules.services.impl.LogisticsOrderplanServiceImpl
[DEBUG] 2018-10-15 16:13:23,917 org.nutz.ioc.loader.annotation.AnnotationIocLoader.addClass(AnnotationIocLoader.java:76) - Found @IocBean : class cn.wizzer.app.logistics.modules.services.impl.LogisticsOrderrejectServiceImpl
[DEBUG] 2018-10-15 16:13:23,917 org.nutz.ioc.loader.annotation.AnnotationIocLoader.addClass(AnnotationIocLoader.java:76) - Found @IocBean : class cn.wizzer.app.logistics.modules.services.impl.LogisticsOrderServiceImpl
[DEBUG] 2018-10-15 16:13:23,917 org.nutz.ioc.loader.annotation.AnnotationIocLoader.addClass(AnnotationIocLoader.java:76) - Found @IocBean : class cn.wizzer.app.logistics.modules.services.impl.LogisticsOrderstepServiceImpl
[DEBUG] 2018-10-15 16:13:23,917 org.nutz.ioc.loader.annotation.AnnotationIocLoader.addClass(AnnotationIocLoader.java:76) - Found @IocBean : class cn.wizzer.app.logistics.modules.services.impl.LogisticsSendapprovalServiceImpl
[DEBUG] 2018-10-15 16:13:23,918 org.nutz.ioc.loader.annotation.AnnotationIocLoader.addClass(AnnotationIocLoader.java:76) - Found @IocBean : class cn.wizzer.app.logistics.modules.services.impl.LogisticsSendgoodsServiceImpl
[DEBUG] 2018-10-15 16:13:23,918 org.nutz.ioc.loader.annotation.AnnotationIocLoader.addClass(AnnotationIocLoader.java:76) - Found @IocBean : class cn.wizzer.app.logistics.modules.services.impl.LogisticsSendplanServiceImpl
[DEBUG] 2018-10-15 16:13:23,918 org.nutz.ioc.loader.annotation.AnnotationIocLoader.addClass(AnnotationIocLoader.java:76) - Found @IocBean : class cn.wizzer.app.logistics.modules.services.impl.LogisticsSendtraceServiceImpl
[DEBUG] 2018-10-15 16:13:23,918 org.nutz.ioc.loader.annotation.AnnotationIocLoader.addClass(AnnotationIocLoader.java:76) - Found @IocBean : class cn.wizzer.app.logistics.modules.services.impl.LogisticsUnplanServiceImpl
[DEBUG] 2018-10-15 16:13:23,918 org.nutz.ioc.loader.annotation.AnnotationIocLoader.addClass(AnnotationIocLoader.java:76) - Found @IocBean : class cn.wizzer.app.sys.modules.services.impl.SysApiServiceImpl
[DEBUG] 2018-10-15 16:13:23,918 org.nutz.ioc.loader.annotation.AnnotationIocLoader.addClass(AnnotationIocLoader.java:76) - Found @IocBean : class cn.wizzer.app.sys.modules.services.impl.SysBarcodeServiceImpl
[DEBUG] 2018-10-15 16:13:23,918 org.nutz.ioc.loader.annotation.AnnotationIocLoader.addClass(AnnotationIocLoader.java:76) - Found @IocBean : class cn.wizzer.app.sys.modules.services.impl.SysConfigServiceImpl
[DEBUG] 2018-10-15 16:13:23,918 org.nutz.ioc.loader.annotation.AnnotationIocLoader.addClass(AnnotationIocLoader.java:76) - Found @IocBean : class cn.wizzer.app.sys.modules.services.impl.SysDictServiceImpl
[DEBUG] 2018-10-15 16:13:23,918 org.nutz.ioc.loader.annotation.AnnotationIocLoader.addClass(AnnotationIocLoader.java:76) - Found @IocBean : class cn.wizzer.app.sys.modules.services.impl.SysLogServiceImpl
[DEBUG] 2018-10-15 16:13:23,918 org.nutz.ioc.loader.annotation.AnnotationIocLoader.addClass(AnnotationIocLoader.java:76) - Found @IocBean : class cn.wizzer.app.sys.modules.services.impl.SysMenuServiceImpl
[DEBUG] 2018-10-15 16:13:23,918 org.nutz.ioc.loader.annotation.AnnotationIocLoader.addClass(AnnotationIocLoader.java:76) - Found @IocBean : class cn.wizzer.app.sys.modules.services.impl.SysMobileServiceImpl
[DEBUG] 2018-10-15 16:13:23,918 org.nutz.ioc.loader.annotation.AnnotationIocLoader.addClass(AnnotationIocLoader.java:76) - Found @IocBean : class cn.wizzer.app.sys.modules.services.impl.SysPluginServiceImpl
[DEBUG] 2018-10-15 16:13:23,919 org.nutz.ioc.loader.annotation.AnnotationIocLoader.addClass(AnnotationIocLoader.java:76) - Found @IocBean : class cn.wizzer.app.sys.modules.services.impl.SysRegistauditServiceImpl
[DEBUG] 2018-10-15 16:13:23,919 org.nutz.ioc.loader.annotation.AnnotationIocLoader.addClass(AnnotationIocLoader.java:76) - Found @IocBean : class cn.wizzer.app.sys.modules.services.impl.SysRoleServiceImpl
[DEBUG] 2018-10-15 16:13:23,919 org.nutz.ioc.loader.annotation.AnnotationIocLoader.addClass(AnnotationIocLoader.java:76) - Found @IocBean : class cn.wizzer.app.sys.modules.services.impl.SysRouteServiceImpl
[DEBUG] 2018-10-15 16:13:23,919 org.nutz.ioc.loader.annotation.AnnotationIocLoader.addClass(AnnotationIocLoader.java:76) - Found @IocBean : class cn.wizzer.app.sys.modules.services.impl.SysTaskServiceImpl
[DEBUG] 2018-10-15 16:13:23,919 org.nutz.ioc.loader.annotation.AnnotationIocLoader.addClass(AnnotationIocLoader.java:76) - Found @IocBean : class cn.wizzer.app.sys.modules.services.impl.SysTempuserServiceImpl
[DEBUG] 2018-10-15 16:13:23,919 org.nutz.ioc.loader.annotation.AnnotationIocLoader.addClass(AnnotationIocLoader.java:76) - Found @IocBean : class cn.wizzer.app.sys.modules.services.impl.SysUnitServiceImpl
[DEBUG] 2018-10-15 16:13:23,919 org.nutz.ioc.loader.annotation.AnnotationIocLoader.addClass(AnnotationIocLoader.java:76) - Found @IocBean : class cn.wizzer.app.sys.modules.services.impl.SysUserServiceImpl
[DEBUG] 2018-10-15 16:13:23,919 org.nutz.ioc.loader.annotation.AnnotationIocLoader.addClass(AnnotationIocLoader.java:76) - Found @IocBean : class cn.wizzer.app.sys.modules.services.impl.SysVersionServiceImpl
[DEBUG] 2018-10-15 16:13:23,919 org.nutz.ioc.loader.annotation.AnnotationIocLoader.addClass(AnnotationIocLoader.java:76) - Found @IocBean : class cn.wizzer.app.sys.modules.services.impl.SysWxDeptServiceImpl
[DEBUG] 2018-10-15 16:13:23,919 org.nutz.ioc.loader.annotation.AnnotationIocLoader.addClass(AnnotationIocLoader.java:76) - Found @IocBean : class cn.wizzer.app.sys.modules.services.impl.SysWxServiceImpl
[DEBUG] 2018-10-15 16:13:23,920 org.nutz.ioc.loader.annotation.AnnotationIocLoader.addClass(AnnotationIocLoader.java:76) - Found @IocBean : class cn.wizzer.app.sys.modules.services.impl.SysWxUserServiceImpl
[DEBUG] 2018-10-15 16:13:23,920 org.nutz.ioc.loader.annotation.AnnotationIocLoader.addClass(AnnotationIocLoader.java:76) - Found @IocBean : class cn.wizzer.app.web.commons.plugin.DynamicInterceptor
[DEBUG] 2018-10-15 16:13:23,920 org.nutz.ioc.loader.annotation.AnnotationIocLoader.addClass(AnnotationIocLoader.java:76) - Found @IocBean : class cn.wizzer.app.web.commons.plugin.PluginAopConfigure
[DEBUG] 2018-10-15 16:13:23,920 org.nutz.ioc.loader.annotation.AnnotationIocLoader.addClass(AnnotationIocLoader.java:76) - Found @IocBean : class cn.wizzer.app.web.commons.plugin.PluginMaster
[DEBUG] 2018-10-15 16:13:23,920 org.nutz.ioc.loader.annotation.AnnotationIocLoader.addClass(AnnotationIocLoader.java:76) - Found @IocBean : class cn.wizzer.app.web.commons.quartz.job.orderExecute
[DEBUG] 2018-10-15 16:13:23,920 org.nutz.ioc.loader.annotation.AnnotationIocLoader.addClass(AnnotationIocLoader.java:76) - Found @IocBean : class cn.wizzer.app.web.commons.quartz.job.TestJob
[DEBUG] 2018-10-15 16:13:23,920 org.nutz.ioc.loader.annotation.AnnotationIocLoader.addClass(AnnotationIocLoader.java:76) - Found @IocBean : class cn.wizzer.app.web.commons.services.email.EmailService
[DEBUG] 2018-10-15 16:13:23,920 org.nutz.ioc.loader.annotation.AnnotationIocLoader.addClass(AnnotationIocLoader.java:76) - Found @IocBean : class cn.wizzer.app.web.commons.services.qrcode.QrcodeService
[DEBUG] 2018-10-15 16:13:23,920 org.nutz.ioc.loader.annotation.AnnotationIocLoader.addClass(AnnotationIocLoader.java:76) - Found @IocBean : class cn.wizzer.app.web.commons.services.wx.TplService
[DEBUG] 2018-10-15 16:13:23,920 org.nutz.ioc.loader.annotation.AnnotationIocLoader.addClass(AnnotationIocLoader.java:76) - Found @IocBean : class cn.wizzer.app.web.commons.services.wx.WxHandler
[DEBUG] 2018-10-15 16:13:23,920 org.nutz.ioc.loader.annotation.AnnotationIocLoader.addClass(AnnotationIocLoader.java:76) - Found @IocBean : class cn.wizzer.app.web.commons.shiro.realm.PlatformAuthorizingRealm
[DEBUG] 2018-10-15 16:13:23,921 org.nutz.ioc.loader.annotation.AnnotationIocLoader.addClass(AnnotationIocLoader.java:76) - Found @IocBean : class cn.wizzer.app.web.commons.slog.SLogAopConfigration
[DEBUG] 2018-10-15 16:13:23,921 org.nutz.ioc.loader.annotation.AnnotationIocLoader.addClass(AnnotationIocLoader.java:76) - Found @IocBean : class cn.wizzer.app.web.commons.slog.SLogService
[DEBUG] 2018-10-15 16:13:23,921 org.nutz.ioc.loader.annotation.AnnotationIocLoader.addClass(AnnotationIocLoader.java:76) - Found @IocBean : class cn.wizzer.app.web.modules.controllers.front.wx.CmsController
[DEBUG] 2018-10-15 16:13:23,921 org.nutz.ioc.loader.annotation.AnnotationIocLoader.addClass(AnnotationIocLoader.java:76) - Found @IocBean : class cn.wizzer.app.web.modules.controllers.front.wx.WechatController
[DEBUG] 2018-10-15 16:13:23,921 org.nutz.ioc.loader.annotation.AnnotationIocLoader.addClass(AnnotationIocLoader.java:76) - Found @IocBean : class cn.wizzer.app.web.modules.controllers.open.api.mobile.MobileBaseController
[DEBUG] 2018-10-15 16:13:23,921 org.nutz.ioc.loader.annotation.AnnotationIocLoader.addClass(AnnotationIocLoader.java:76) - Found @IocBean : class cn.wizzer.app.web.modules.controllers.open.api.mobile.MobileInsController
[DEBUG] 2018-10-15 16:13:23,921 org.nutz.ioc.loader.annotation.AnnotationIocLoader.addClass(AnnotationIocLoader.java:76) - Found @IocBean : class cn.wizzer.app.web.modules.controllers.open.api.mobile.MobileOrderController
[DEBUG] 2018-10-15 16:13:23,921 org.nutz.ioc.loader.annotation.AnnotationIocLoader.addClass(AnnotationIocLoader.java:76) - Found @IocBean : class cn.wizzer.app.web.modules.controllers.open.api.mobile.MobileSysController
[DEBUG] 2018-10-15 16:13:23,921 org.nutz.ioc.loader.annotation.AnnotationIocLoader.addClass(AnnotationIocLoader.java:76) - Found @IocBean : class cn.wizzer.app.web.modules.controllers.open.api.pad.PadInsController
[DEBUG] 2018-10-15 16:13:23,921 org.nutz.ioc.loader.annotation.AnnotationIocLoader.addClass(AnnotationIocLoader.java:76) - Found @IocBean : class cn.wizzer.app.web.modules.controllers.open.api.pad.PadOrderController
[DEBUG] 2018-10-15 16:13:23,921 org.nutz.ioc.loader.annotation.AnnotationIocLoader.addClass(AnnotationIocLoader.java:76) - Found @IocBean : class cn.wizzer.app.web.modules.controllers.open.api.pad.PadSysController
[DEBUG] 2018-10-15 16:13:23,921 org.nutz.ioc.loader.annotation.AnnotationIocLoader.addClass(AnnotationIocLoader.java:76) - Found @IocBean : class cn.wizzer.app.web.modules.controllers.open.api.test.ApiTestController
[DEBUG] 2018-10-15 16:13:23,922 org.nutz.ioc.loader.annotation.AnnotationIocLoader.addClass(AnnotationIocLoader.java:76) - Found @IocBean : class cn.wizzer.app.web.modules.controllers.open.api.token.TokenController
[DEBUG] 2018-10-15 16:13:23,922 org.nutz.ioc.loader.annotation.AnnotationIocLoader.addClass(AnnotationIocLoader.java:76) - Found @IocBean : class cn.wizzer.app.web.modules.controllers.open.api.userpermission.UserpermissionController
[DEBUG] 2018-10-15 16:13:23,922 org.nutz.ioc.loader.annotation.AnnotationIocLoader.addClass(AnnotationIocLoader.java:76) - Found @IocBean : class cn.wizzer.app.web.modules.controllers.open.file.UploadController
[DEBUG] 2018-10-15 16:13:23,922 org.nutz.ioc.loader.annotation.AnnotationIocLoader.addClass(AnnotationIocLoader.java:76) - Found @IocBean : class cn.wizzer.app.web.modules.controllers.open.pay.WxPayBackController
[DEBUG] 2018-10-15 16:13:23,922 org.nutz.ioc.loader.annotation.AnnotationIocLoader.addClass(AnnotationIocLoader.java:76) - Found @IocBean : class cn.wizzer.app.web.modules.controllers.open.ueditor.BdController
[DEBUG] 2018-10-15 16:13:23,922 org.nutz.ioc.loader.annotation.AnnotationIocLoader.addClass(AnnotationIocLoader.java:76) - Found @IocBean : class cn.wizzer.app.web.modules.controllers.open.ueditor.WxController
[DEBUG] 2018-10-15 16:13:23,922 org.nutz.ioc.loader.annotation.AnnotationIocLoader.addClass(AnnotationIocLoader.java:76) - Found @IocBean : class cn.wizzer.app.web.modules.controllers.open.wx.WeixinController
[DEBUG] 2018-10-15 16:13:23,922 org.nutz.ioc.loader.annotation.AnnotationIocLoader.addClass(AnnotationIocLoader.java:76) - Found @IocBean : class cn.wizzer.app.web.modules.controllers.platform.base.BaseAirmeterialController
[DEBUG] 2018-10-15 16:13:23,922 org.nutz.ioc.loader.annotation.AnnotationIocLoader.addClass(AnnotationIocLoader.java:76) - Found @IocBean : class cn.wizzer.app.web.modules.controllers.platform.base.BaseAirportController
[DEBUG] 2018-10-15 16:13:23,922 org.nutz.ioc.loader.annotation.AnnotationIocLoader.addClass(AnnotationIocLoader.java:76) - Found @IocBean : class cn.wizzer.app.web.modules.controllers.platform.base.BaseCnctobjController
[DEBUG] 2018-10-15 16:13:23,922 org.nutz.ioc.loader.annotation.AnnotationIocLoader.addClass(AnnotationIocLoader.java:76) - Found @IocBean : class cn.wizzer.app.web.modules.controllers.platform.base.BaseCustomerController
[DEBUG] 2018-10-15 16:13:23,923 org.nutz.ioc.loader.annotation.AnnotationIocLoader.addClass(AnnotationIocLoader.java:76) - Found @IocBean : class cn.wizzer.app.web.modules.controllers.platform.base.BaseDeptController
[DEBUG] 2018-10-15 16:13:23,923 org.nutz.ioc.loader.annotation.AnnotationIocLoader.addClass(AnnotationIocLoader.java:76) - Found @IocBean : class cn.wizzer.app.web.modules.controllers.platform.base.BaseJobController
[DEBUG] 2018-10-15 16:13:23,923 org.nutz.ioc.loader.annotation.AnnotationIocLoader.addClass(AnnotationIocLoader.java:76) - Found @IocBean : class cn.wizzer.app.web.modules.controllers.platform.base.BasePersonController
[DEBUG] 2018-10-15 16:13:23,923 org.nutz.ioc.loader.annotation.AnnotationIocLoader.addClass(AnnotationIocLoader.java:76) - Found @IocBean : class cn.wizzer.app.web.modules.controllers.platform.base.BasePersonpoolController
[DEBUG] 2018-10-15 16:13:23,923 org.nutz.ioc.loader.annotation.AnnotationIocLoader.addClass(AnnotationIocLoader.java:76) - Found @IocBean : class cn.wizzer.app.web.modules.controllers.platform.base.BasePlaceController
[DEBUG] 2018-10-15 16:13:23,923 org.nutz.ioc.loader.annotation.AnnotationIocLoader.addClass(AnnotationIocLoader.java:76) - Found @IocBean : class cn.wizzer.app.web.modules.controllers.platform.base.BasePostController
[DEBUG] 2018-10-15 16:13:23,923 org.nutz.ioc.loader.annotation.AnnotationIocLoader.addClass(AnnotationIocLoader.java:76) - Found @IocBean : class cn.wizzer.app.web.modules.controllers.platform.base.BaseRowofficeController
[DEBUG] 2018-10-15 16:13:23,923 org.nutz.ioc.loader.annotation.AnnotationIocLoader.addClass(AnnotationIocLoader.java:76) - Found @IocBean : class cn.wizzer.app.web.modules.controllers.platform.base.BaseRowofficeentryController
[DEBUG] 2018-10-15 16:13:23,923 org.nutz.ioc.loader.annotation.AnnotationIocLoader.addClass(AnnotationIocLoader.java:76) - Found @IocBean : class cn.wizzer.app.web.modules.controllers.platform.base.BaseVehicleController
[DEBUG] 2018-10-15 16:13:23,923 org.nutz.ioc.loader.annotation.AnnotationIocLoader.addClass(AnnotationIocLoader.java:76) - Found @IocBean : class cn.wizzer.app.web.modules.controllers.platform.base.BaseWarehouseController
[DEBUG] 2018-10-15 16:13:23,924 org.nutz.ioc.loader.annotation.AnnotationIocLoader.addClass(AnnotationIocLoader.java:76) - Found @IocBean : class cn.wizzer.app.web.modules.controllers.platform.cms.CmsArticleController
[DEBUG] 2018-10-15 16:13:23,924 org.nutz.ioc.loader.annotation.AnnotationIocLoader.addClass(AnnotationIocLoader.java:76) - Found @IocBean : class cn.wizzer.app.web.modules.controllers.platform.cms.CmsChannelController
[DEBUG] 2018-10-15 16:13:23,924 org.nutz.ioc.loader.annotation.AnnotationIocLoader.addClass(AnnotationIocLoader.java:76) - Found @IocBean : class cn.wizzer.app.web.modules.controllers.platform.cms.CmsLinkClassController
[DEBUG] 2018-10-15 16:13:23,924 org.nutz.ioc.loader.annotation.AnnotationIocLoader.addClass(AnnotationIocLoader.java:76) - Found @IocBean : class cn.wizzer.app.web.modules.controllers.platform.cms.CmsLinkController
[DEBUG] 2018-10-15 16:13:23,924 org.nutz.ioc.loader.annotation.AnnotationIocLoader.addClass(AnnotationIocLoader.java:76) - Found @IocBean : class cn.wizzer.app.web.modules.controllers.platform.cms.CmsSiteController
[DEBUG] 2018-10-15 16:13:23,924 org.nutz.ioc.loader.annotation.AnnotationIocLoader.addClass(AnnotationIocLoader.java:76) - Found @IocBean : class cn.wizzer.app.web.modules.controllers.platform.ins.InsBaseinsController
[DEBUG] 2018-10-15 16:13:23,924 org.nutz.ioc.loader.annotation.AnnotationIocLoader.addClass(AnnotationIocLoader.java:76) - Found @IocBean : class cn.wizzer.app.web.modules.controllers.platform.ins.InsBaseinsSpaceController
[DEBUG] 2018-10-15 16:13:23,924 org.nutz.ioc.loader.annotation.AnnotationIocLoader.addClass(AnnotationIocLoader.java:76) - Found @IocBean : class cn.wizzer.app.web.modules.controllers.platform.ins.InsCabinetController
[DEBUG] 2018-10-15 16:13:23,924 org.nutz.ioc.loader.annotation.AnnotationIocLoader.addClass(AnnotationIocLoader.java:76) - Found @IocBean : class cn.wizzer.app.web.modules.controllers.platform.ins.InsCommonController
[DEBUG] 2018-10-15 16:13:23,924 org.nutz.ioc.loader.annotation.AnnotationIocLoader.addClass(AnnotationIocLoader.java:76) - Found @IocBean : class cn.wizzer.app.web.modules.controllers.platform.ins.InsInstrumentController
[DEBUG] 2018-10-15 16:13:23,925 org.nutz.ioc.loader.annotation.AnnotationIocLoader.addClass(AnnotationIocLoader.java:76) - Found @IocBean : class cn.wizzer.app.web.modules.controllers.platform.ins.InsLockController
[DEBUG] 2018-10-15 16:13:23,925 org.nutz.ioc.loader.annotation.AnnotationIocLoader.addClass(AnnotationIocLoader.java:76) - Found @IocBean : class cn.wizzer.app.web.modules.controllers.platform.ins.InsOrderController
[DEBUG] 2018-10-15 16:13:23,925 org.nutz.ioc.loader.annotation.AnnotationIocLoader.addClass(AnnotationIocLoader.java:76) - Found @IocBean : class cn.wizzer.app.web.modules.controllers.platform.ins.InsOrderentryController
[DEBUG] 2018-10-15 16:13:23,925 org.nutz.ioc.loader.annotation.AnnotationIocLoader.addClass(AnnotationIocLoader.java:76) - Found @IocBean : class cn.wizzer.app.web.modules.controllers.platform.ins.InsRepairController
[DEBUG] 2018-10-15 16:13:23,925 org.nutz.ioc.loader.annotation.AnnotationIocLoader.addClass(AnnotationIocLoader.java:76) - Found @IocBean : class cn.wizzer.app.web.modules.controllers.platform.ins.InsRepairtrackController
[DEBUG] 2018-10-15 16:13:23,925 org.nutz.ioc.loader.annotation.AnnotationIocLoader.addClass(AnnotationIocLoader.java:76) - Found @IocBean : class cn.wizzer.app.web.modules.controllers.platform.ins.InsRfheadController
[DEBUG] 2018-10-15 16:13:23,925 org.nutz.ioc.loader.annotation.AnnotationIocLoader.addClass(AnnotationIocLoader.java:76) - Found @IocBean : class cn.wizzer.app.web.modules.controllers.platform.ins.InsRfidController
[DEBUG] 2018-10-15 16:13:23,925 org.nutz.ioc.loader.annotation.AnnotationIocLoader.addClass(AnnotationIocLoader.java:76) - Found @IocBean : class cn.wizzer.app.web.modules.controllers.platform.ins.InsSpaceController
[DEBUG] 2018-10-15 16:13:23,925 org.nutz.ioc.loader.annotation.AnnotationIocLoader.addClass(AnnotationIocLoader.java:76) - Found @IocBean : class cn.wizzer.app.web.modules.controllers.platform.ins.InsToolcabinetController
[DEBUG] 2018-10-15 16:13:23,925 org.nutz.ioc.loader.annotation.AnnotationIocLoader.addClass(AnnotationIocLoader.java:76) - Found @IocBean : class cn.wizzer.app.web.modules.controllers.platform.ins.InsTransmitController
[DEBUG] 2018-10-15 16:13:23,925 org.nutz.ioc.loader.annotation.AnnotationIocLoader.addClass(AnnotationIocLoader.java:76) - Found @IocBean : class cn.wizzer.app.web.modules.controllers.platform.logistics.LogisticsDeliveryorderController
[DEBUG] 2018-10-15 16:13:23,925 org.nutz.ioc.loader.annotation.AnnotationIocLoader.addClass(AnnotationIocLoader.java:76) - Found @IocBean : class cn.wizzer.app.web.modules.controllers.platform.logistics.LogisticsDeliveryorderentryController
[DEBUG] 2018-10-15 16:13:23,925 org.nutz.ioc.loader.annotation.AnnotationIocLoader.addClass(AnnotationIocLoader.java:76) - Found @IocBean : class cn.wizzer.app.web.modules.controllers.platform.logistics.LogisticsEntourageController
[DEBUG] 2018-10-15 16:13:23,926 org.nutz.ioc.loader.annotation.AnnotationIocLoader.addClass(AnnotationIocLoader.java:76) - Found @IocBean : class cn.wizzer.app.web.modules.controllers.platform.logistics.LogisticsOrderController
[DEBUG] 2018-10-15 16:13:23,926 org.nutz.ioc.loader.annotation.AnnotationIocLoader.addClass(AnnotationIocLoader.java:76) - Found @IocBean : class cn.wizzer.app.web.modules.controllers.platform.logistics.LogisticsOrderdeliveryController
[DEBUG] 2018-10-15 16:13:23,926 org.nutz.ioc.loader.annotation.AnnotationIocLoader.addClass(AnnotationIocLoader.java:76) - Found @IocBean : class cn.wizzer.app.web.modules.controllers.platform.logistics.LogisticsOrderentryController
[DEBUG] 2018-10-15 16:13:23,926 org.nutz.ioc.loader.annotation.AnnotationIocLoader.addClass(AnnotationIocLoader.java:76) - Found @IocBean : class cn.wizzer.app.web.modules.controllers.platform.logistics.LogisticsOrderplanController
[DEBUG] 2018-10-15 16:13:23,926 org.nutz.ioc.loader.annotation.AnnotationIocLoader.addClass(AnnotationIocLoader.java:76) - Found @IocBean : class cn.wizzer.app.web.modules.controllers.platform.logistics.LogisticsOrderplanentryController
[DEBUG] 2018-10-15 16:13:23,926 org.nutz.ioc.loader.annotation.AnnotationIocLoader.addClass(AnnotationIocLoader.java:76) - Found @IocBean : class cn.wizzer.app.web.modules.controllers.platform.logistics.LogisticsOrderrejectController
[DEBUG] 2018-10-15 16:13:23,926 org.nutz.ioc.loader.annotation.AnnotationIocLoader.addClass(AnnotationIocLoader.java:76) - Found @IocBean : class cn.wizzer.app.web.modules.controllers.platform.logistics.LogisticsOrderstepController
[DEBUG] 2018-10-15 16:13:23,926 org.nutz.ioc.loader.annotation.AnnotationIocLoader.addClass(AnnotationIocLoader.java:76) - Found @IocBean : class cn.wizzer.app.web.modules.controllers.platform.logistics.LogisticsSendapprovalController
[DEBUG] 2018-10-15 16:13:23,926 org.nutz.ioc.loader.annotation.AnnotationIocLoader.addClass(AnnotationIocLoader.java:76) - Found @IocBean : class cn.wizzer.app.web.modules.controllers.platform.logistics.LogisticsSendgoodsController
[DEBUG] 2018-10-15 16:13:23,926 org.nutz.ioc.loader.annotation.AnnotationIocLoader.addClass(AnnotationIocLoader.java:76) - Found @IocBean : class cn.wizzer.app.web.modules.controllers.platform.logistics.LogisticsSendplanController
[DEBUG] 2018-10-15 16:13:23,926 org.nutz.ioc.loader.annotation.AnnotationIocLoader.addClass(AnnotationIocLoader.java:76) - Found @IocBean : class cn.wizzer.app.web.modules.controllers.platform.logistics.LogisticsSendtraceController
[DEBUG] 2018-10-15 16:13:23,926 org.nutz.ioc.loader.annotation.AnnotationIocLoader.addClass(AnnotationIocLoader.java:76) - Found @IocBean : class cn.wizzer.app.web.modules.controllers.platform.logistics.LogisticsUnplanController
[DEBUG] 2018-10-15 16:13:23,926 org.nutz.ioc.loader.annotation.AnnotationIocLoader.addClass(AnnotationIocLoader.java:76) - Found @IocBean : class cn.wizzer.app.web.modules.controllers.platform.sys.SysApiController
[DEBUG] 2018-10-15 16:13:23,927 org.nutz.ioc.loader.annotation.AnnotationIocLoader.addClass(AnnotationIocLoader.java:76) - Found @IocBean : class cn.wizzer.app.web.modules.controllers.platform.sys.SysBarcodeController
[DEBUG] 2018-10-15 16:13:23,927 org.nutz.ioc.loader.annotation.AnnotationIocLoader.addClass(AnnotationIocLoader.java:76) - Found @IocBean : class cn.wizzer.app.web.modules.controllers.platform.sys.SysConfController
[DEBUG] 2018-10-15 16:13:23,927 org.nutz.ioc.loader.annotation.AnnotationIocLoader.addClass(AnnotationIocLoader.java:76) - Found @IocBean : class cn.wizzer.app.web.modules.controllers.platform.sys.SysDictController
[DEBUG] 2018-10-15 16:13:23,927 org.nutz.ioc.loader.annotation.AnnotationIocLoader.addClass(AnnotationIocLoader.java:76) - Found @IocBean : class cn.wizzer.app.web.modules.controllers.platform.sys.SysHomeController
[DEBUG] 2018-10-15 16:13:23,927 org.nutz.ioc.loader.annotation.AnnotationIocLoader.addClass(AnnotationIocLoader.java:76) - Found @IocBean : class cn.wizzer.app.web.modules.controllers.platform.sys.SysLogController
[DEBUG] 2018-10-15 16:13:23,927 org.nutz.ioc.loader.annotation.AnnotationIocLoader.addClass(AnnotationIocLoader.java:76) - Found @IocBean : class cn.wizzer.app.web.modules.controllers.platform.sys.SysLoginController
[DEBUG] 2018-10-15 16:13:23,927 org.nutz.ioc.loader.annotation.AnnotationIocLoader.addClass(AnnotationIocLoader.java:76) - Found @IocBean : class cn.wizzer.app.web.modules.controllers.platform.sys.SysMenuController
[DEBUG] 2018-10-15 16:13:23,927 org.nutz.ioc.loader.annotation.AnnotationIocLoader.addClass(AnnotationIocLoader.java:76) - Found @IocBean : class cn.wizzer.app.web.modules.controllers.platform.sys.SysMobileController
[DEBUG] 2018-10-15 16:13:23,927 org.nutz.ioc.loader.annotation.AnnotationIocLoader.addClass(AnnotationIocLoader.java:76) - Found @IocBean : class cn.wizzer.app.web.modules.controllers.platform.sys.SysPluginController
[DEBUG] 2018-10-15 16:13:23,927 org.nutz.ioc.loader.annotation.AnnotationIocLoader.addClass(AnnotationIocLoader.java:76) - Found @IocBean : class cn.wizzer.app.web.modules.controllers.platform.sys.SysRegistauditController
[DEBUG] 2018-10-15 16:13:23,927 org.nutz.ioc.loader.annotation.AnnotationIocLoader.addClass(AnnotationIocLoader.java:76) - Found @IocBean : class cn.wizzer.app.web.modules.controllers.platform.sys.SysRoleController
[DEBUG] 2018-10-15 16:13:23,927 org.nutz.ioc.loader.annotation.AnnotationIocLoader.addClass(AnnotationIocLoader.java:76) - Found @IocBean : class cn.wizzer.app.web.modules.controllers.platform.sys.SysRouteController
[DEBUG] 2018-10-15 16:13:23,928 org.nutz.ioc.loader.annotation.AnnotationIocLoader.addClass(AnnotationIocLoader.java:76) - Found @IocBean : class cn.wizzer.app.web.modules.controllers.platform.sys.SysTaskController
[DEBUG] 2018-10-15 16:13:23,928 org.nutz.ioc.loader.annotation.AnnotationIocLoader.addClass(AnnotationIocLoader.java:76) - Found @IocBean : class cn.wizzer.app.web.modules.controllers.platform.sys.SysTempuserController
[DEBUG] 2018-10-15 16:13:23,928 org.nutz.ioc.loader.annotation.AnnotationIocLoader.addClass(AnnotationIocLoader.java:76) - Found @IocBean : class cn.wizzer.app.web.modules.controllers.platform.sys.SysUnitController
[DEBUG] 2018-10-15 16:13:23,928 org.nutz.ioc.loader.annotation.AnnotationIocLoader.addClass(AnnotationIocLoader.java:76) - Found @IocBean : class cn.wizzer.app.web.modules.controllers.platform.sys.SysUserController
[DEBUG] 2018-10-15 16:13:23,928 org.nutz.ioc.loader.annotation.AnnotationIocLoader.addClass(AnnotationIocLoader.java:76) - Found @IocBean : class cn.wizzer.app.web.modules.controllers.platform.sys.SysVersionController
[DEBUG] 2018-10-15 16:13:23,928 org.nutz.ioc.loader.annotation.AnnotationIocLoader.addClass(AnnotationIocLoader.java:76) - Found @IocBean : class cn.wizzer.app.web.modules.controllers.platform.sys.SysWxController
[DEBUG] 2018-10-15 16:13:23,928 org.nutz.ioc.loader.annotation.AnnotationIocLoader.addClass(AnnotationIocLoader.java:76) - Found @IocBean : class cn.wizzer.app.web.modules.controllers.platform.sys.SysWxDeptController
[DEBUG] 2018-10-15 16:13:23,928 org.nutz.ioc.loader.annotation.AnnotationIocLoader.addClass(AnnotationIocLoader.java:76) - Found @IocBean : class cn.wizzer.app.web.modules.controllers.platform.sys.SysWxUserController
[DEBUG] 2018-10-15 16:13:23,928 org.nutz.ioc.loader.annotation.AnnotationIocLoader.addClass(AnnotationIocLoader.java:76) - Found @IocBean : class cn.wizzer.app.web.modules.controllers.platform.wx.WxConfigController
[DEBUG] 2018-10-15 16:13:23,928 org.nutz.ioc.loader.annotation.AnnotationIocLoader.addClass(AnnotationIocLoader.java:76) - Found @IocBean : class cn.wizzer.app.web.modules.controllers.platform.wx.WxMassController
[DEBUG] 2018-10-15 16:13:23,929 org.nutz.ioc.loader.annotation.AnnotationIocLoader.addClass(AnnotationIocLoader.java:76) - Found @IocBean : class cn.wizzer.app.web.modules.controllers.platform.wx.WxMenuController
[DEBUG] 2018-10-15 16:13:23,929 org.nutz.ioc.loader.annotation.AnnotationIocLoader.addClass(AnnotationIocLoader.java:76) - Found @IocBean : class cn.wizzer.app.web.modules.controllers.platform.wx.WxMsgUserController
[DEBUG] 2018-10-15 16:13:23,929 org.nutz.ioc.loader.annotation.AnnotationIocLoader.addClass(AnnotationIocLoader.java:76) - Found @IocBean : class cn.wizzer.app.web.modules.controllers.platform.wx.WxPayTestController
[DEBUG] 2018-10-15 16:13:23,929 org.nutz.ioc.loader.annotation.AnnotationIocLoader.addClass(AnnotationIocLoader.java:76) - Found @IocBean : class cn.wizzer.app.web.modules.controllers.platform.wx.WxReplyController
[DEBUG] 2018-10-15 16:13:23,929 org.nutz.ioc.loader.annotation.AnnotationIocLoader.addClass(AnnotationIocLoader.java:76) - Found @IocBean : class cn.wizzer.app.web.modules.controllers.platform.wx.WxReplyNewsController
[DEBUG] 2018-10-15 16:13:23,929 org.nutz.ioc.loader.annotation.AnnotationIocLoader.addClass(AnnotationIocLoader.java:76) - Found @IocBean : class cn.wizzer.app.web.modules.controllers.platform.wx.WxReplyTxtController
[DEBUG] 2018-10-15 16:13:23,929 org.nutz.ioc.loader.annotation.AnnotationIocLoader.addClass(AnnotationIocLoader.java:76) - Found @IocBean : class cn.wizzer.app.web.modules.controllers.platform.wx.WxTplIdController
[DEBUG] 2018-10-15 16:13:23,929 org.nutz.ioc.loader.annotation.AnnotationIocLoader.addClass(AnnotationIocLoader.java:76) - Found @IocBean : class cn.wizzer.app.web.modules.controllers.platform.wx.WxTplListController
[DEBUG] 2018-10-15 16:13:23,929 org.nutz.ioc.loader.annotation.AnnotationIocLoader.addClass(AnnotationIocLoader.java:76) - Found @IocBean : class cn.wizzer.app.web.modules.controllers.platform.wx.WxTplLogController
[DEBUG] 2018-10-15 16:13:23,929 org.nutz.ioc.loader.annotation.AnnotationIocLoader.addClass(AnnotationIocLoader.java:76) - Found @IocBean : class cn.wizzer.app.web.modules.controllers.platform.wx.WxUserController
[DEBUG] 2018-10-15 16:13:23,930 org.nutz.ioc.loader.annotation.AnnotationIocLoader.addClass(AnnotationIocLoader.java:76) - Found @IocBean : class cn.wizzer.app.wx.modules.services.impl.WxConfigServiceImpl
[DEBUG] 2018-10-15 16:13:23,930 org.nutz.ioc.loader.annotation.AnnotationIocLoader.addClass(AnnotationIocLoader.java:76) - Found @IocBean : class cn.wizzer.app.wx.modules.services.impl.WxMassNewsServiceImpl
[DEBUG] 2018-10-15 16:13:23,930 org.nutz.ioc.loader.annotation.AnnotationIocLoader.addClass(AnnotationIocLoader.java:76) - Found @IocBean : class cn.wizzer.app.wx.modules.services.impl.WxMassSendServiceImpl
[DEBUG] 2018-10-15 16:13:23,930 org.nutz.ioc.loader.annotation.AnnotationIocLoader.addClass(AnnotationIocLoader.java:76) - Found @IocBean : class cn.wizzer.app.wx.modules.services.impl.WxMassServiceImpl
[DEBUG] 2018-10-15 16:13:23,930 org.nutz.ioc.loader.annotation.AnnotationIocLoader.addClass(AnnotationIocLoader.java:76) - Found @IocBean : class cn.wizzer.app.wx.modules.services.impl.WxMenuServiceImpl
[DEBUG] 2018-10-15 16:13:23,930 org.nutz.ioc.loader.annotation.AnnotationIocLoader.addClass(AnnotationIocLoader.java:76) - Found @IocBean : class cn.wizzer.app.wx.modules.services.impl.WxMsgReplyServiceImpl
[DEBUG] 2018-10-15 16:13:23,930 org.nutz.ioc.loader.annotation.AnnotationIocLoader.addClass(AnnotationIocLoader.java:76) - Found @IocBean : class cn.wizzer.app.wx.modules.services.impl.WxMsgServiceImpl
[DEBUG] 2018-10-15 16:13:23,930 org.nutz.ioc.loader.annotation.AnnotationIocLoader.addClass(AnnotationIocLoader.java:76) - Found @IocBean : class cn.wizzer.app.wx.modules.services.impl.WxReplyNewsServiceImpl
[DEBUG] 2018-10-15 16:13:23,930 org.nutz.ioc.loader.annotation.AnnotationIocLoader.addClass(AnnotationIocLoader.java:76) - Found @IocBean : class cn.wizzer.app.wx.modules.services.impl.WxReplyServiceImpl
[DEBUG] 2018-10-15 16:13:23,931 org.nutz.ioc.loader.annotation.AnnotationIocLoader.addClass(AnnotationIocLoader.java:76) - Found @IocBean : class cn.wizzer.app.wx.modules.services.impl.WxReplyTxtServiceImpl
[DEBUG] 2018-10-15 16:13:23,931 org.nutz.ioc.loader.annotation.AnnotationIocLoader.addClass(AnnotationIocLoader.java:76) - Found @IocBean : class cn.wizzer.app.wx.modules.services.impl.WxTplIdServiceImpl
[DEBUG] 2018-10-15 16:13:23,931 org.nutz.ioc.loader.annotation.AnnotationIocLoader.addClass(AnnotationIocLoader.java:76) - Found @IocBean : class cn.wizzer.app.wx.modules.services.impl.WxTplListServiceImpl
[DEBUG] 2018-10-15 16:13:23,931 org.nutz.ioc.loader.annotation.AnnotationIocLoader.addClass(AnnotationIocLoader.java:76) - Found @IocBean : class cn.wizzer.app.wx.modules.services.impl.WxTplLogServiceImpl
[DEBUG] 2018-10-15 16:13:23,931 org.nutz.ioc.loader.annotation.AnnotationIocLoader.addClass(AnnotationIocLoader.java:76) - Found @IocBean : class cn.wizzer.app.wx.modules.services.impl.WxUserServiceImpl
[DEBUG] 2018-10-15 16:13:23,931 org.nutz.ioc.loader.annotation.AnnotationIocLoader.addClass(AnnotationIocLoader.java:76) - Found @IocBean : class cn.wizzer.test.SimpleTest
[DEBUG] 2018-10-15 16:13:23,933 org.nutz.resource.Scans.scan(Scans.java:274) - Found 0 resource by src( org/nutz/apidoc/ ) , regex( ^.+[.]class$ )
[INFO ] 2018-10-15 16:13:23,933 org.nutz.ioc.loader.annotation.AnnotationIocLoader.<init>(AnnotationIocLoader.java:52) - Found 204 classes in 2 base-packages!
beans = ["wxTplListController", "uploadController", "wxReplyTxtServiceImpl", "logisticsSendplanController", "baseJobServiceImpl", "dateUtil", "qrcodeService", "logisticsSendgoodsServiceImpl", "logisticsOrderentryController", "insLockController", "baseRowofficeentryServiceImpl", "cmsChannelServiceImpl", "insBaseinsServiceImpl", "orderExecute", "cmsArticleController", "basePostController", "baseAirmeterialServiceImpl", "basePersonController", "logisticsOrderplanServiceImpl", "cmsLinkClassController", "basePostServiceImpl", "baseRowofficeServiceImpl", "baseJobController", "baseRowofficeController", "wxReplyController", "insRepairController", "sysConfigServiceImpl", "basePersonpoolController", "baseVehicleController", "wxMsgServiceImpl", "wxPayBackController", "logisticsUnplanController", "mobileInsController", "sysTaskController", "sysBarcodeController", "insTransmitController", "sysDictServiceImpl", "wxConfigServiceImpl", "baseAirportServiceImpl", "apiTestController", "sysMenuController", "cmsSiteServiceImpl", "mobileSysController", "cmsLinkController", "insCommonController", "logisticsOrderplanentryServiceImpl", "insInstrumentController", "sysRegistauditServiceImpl", "insLockServiceImpl", "insOrderController", "wechatController", "wxMsgUserController", "sysDictController", "sysWxUserController", "logisticsDeliveryorderentryController", "basePersonServiceImpl", "insOrderentryServiceImpl", "insRepairtrackController", "insInstrumentServiceImpl", "logisticsSendapprovalServiceImpl", "logisticsOrderdeliveryController", "wxTplListServiceImpl", "tplService", "sysPluginServiceImpl", "insRfheadController", "logisticsSendgoodsController", "mobileBaseController", "baseCnctobjServiceImpl", "nutShiroMethodInterceptor", "insCabinetServiceImpl", "basePlaceServiceImpl", "baseVehicleServiceImpl", "cmsLinkClassServiceImpl", "sysHomeController", "insRfheadServiceImpl", "sysMobileController", "wxMassServiceImpl", "logisticsOrderentryServiceImpl", "logisticsSendplanServiceImpl", "logisticsOrderrejectServiceImpl", "wxHandler", "cmsChannelController", "wxController", "rabbitProducer", "sysTaskServiceImpl", "sysVersionController", "shiroUtil", "wxReplyTxtController", "sysPluginController", "logisticsSendtraceController", "sysApiServiceImpl", "logisticsEntourageServiceImpl", "sLogService", "baseAirportController", "sysApiController", "wxTplIdController", "insSpaceServiceImpl", "logisticsOrderController", "sysTempuserController", "sysUserController", "platformAuthorizingRealm", "testJob", "$aop_1_plugin", "sysRegistauditController", "wxReplyNewsServiceImpl", "insTransmitServiceImpl", "sysLoginController", "wxTplLogServiceImpl", "sysUserServiceImpl", "sysRoleServiceImpl", "sysRouteController", "idcardUtil", "basePlaceController", "sysWxDeptController", "logisticsOrderplanentryController", "userpermissionController", "sysWxServiceImpl", "cmsController", "logisticsSendtraceServiceImpl", "insOrderentryController", "logisticsSendapprovalController", "wxMenuController", "insOrderServiceImpl", "weixinController", "code128Util", "insRepairServiceImpl", "logisticsOrderplanController", "wxMsgReplyServiceImpl", "logisticsOrderdeliveryServiceImpl", "cmsArticleServiceImpl", "baseCnctobjController", "baseCustomerController", "insBaseinsController", "insRfidServiceImpl", "cookieUtil", "baseRowofficeentryController", "logisticsOrderstepServiceImpl", "wxReplyServiceImpl", "bdController", "redisIdGenerator", "insBaseinsSpaceServiceImpl", "cmsSiteController", "logisticsDeliveryorderServiceImpl", "insCabinetController", "logisticsOrderServiceImpl", "sysWxDeptServiceImpl", "sysWxController", "mobileOrderController", "sysRoleController", "logisticsEntourageController", "insCommonServiceImpl", "sysUnitController", "padInsController", "wxMassSendServiceImpl", "logisticsDeliveryorderController", "rSAUtil", "wxConfigController", "stringUtil", "baseCustomerServiceImpl", "basePersonpoolServiceImpl", "insBaseinsSpaceController", "wxUserServiceImpl", "insSpaceController", "sysTempuserServiceImpl", "baseWarehouseServiceImpl", "insToolcabinetController", "sysWxUserServiceImpl", "dynamicInterceptor", "sysLogController", "wxMassController", "emailService", "baseWarehouseController", "insToolcabinetServiceImpl", "wxMenuServiceImpl", "wxReplyNewsController", "baseDeptServiceImpl", "sysRouteServiceImpl", "insRepairtrackServiceImpl", "wxMassNewsServiceImpl", "baseAirmeterialController", "sysMenuServiceImpl", "sysMobileServiceImpl", "simpleTest", "logisticsOrderstepController", "sysLogServiceImpl", "logisticsUnplanServiceImpl", "wxTplIdServiceImpl", "logisticsDeliveryorderentryServiceImpl", "$aop_syslog", "padSysController", "baseDeptController", "logisticsOrderrejectController", "padOrderController", "sysBarcodeServiceImpl", "wxTplLogController", "wxUserController", "wxPayTestController", "tokenController", "sysVersionServiceImpl", "cmsLinkServiceImpl", "sysUnitServiceImpl", "insRfidController", "sysConfController", "pluginMaster"]
[DEBUG] 2018-10-15 16:13:23,933 org.nutz.ioc.loader.combo.ComboIocLoader.createIocLoader(ComboIocLoader.java:110) - found jedis -- org.nutz.integration.jedis.JedisIocLoader
[DEBUG] 2018-10-15 16:13:23,935 org.nutz.resource.Scans.scan(Scans.java:274) - Found 1 resource by src( org/nutz/integration/jedis/jedis.js ) , regex( ^(.+[.])(js|json)$ )
[DEBUG] 2018-10-15 16:13:23,935 org.nutz.ioc.loader.json.JsonLoader.<init>(JsonLoader.java:49) - loading [org/nutz/integration/jedis/jedis.js]
[DEBUG] 2018-10-15 16:13:23,935 org.nutz.ioc.loader.json.JsonLoader.<init>(JsonLoader.java:57) - Loaded 9 bean define from path=[org/nutz/integration/jedis/jedis.js] --> [redisService, jedisCluster, jedisClusterNodes, jedisClusterWrapper, pubSubService, jedisPoolConfig, jedisPool, jedisAgent, redis]
[DEBUG] 2018-10-15 16:13:23,935 org.nutz.ioc.loader.json.JsonLoader.<init>(JsonLoader.java:40) - Loaded 5 bean define from reader --
[txREPEATABLE_READ, txSERIALIZABLE, txNONE, txREAD_UNCOMMITTED, txREAD_COMMITTED]
[DEBUG] 2018-10-15 16:13:23,937 org.nutz.ioc.loader.combo.ComboIocLoader.createIocLoader(ComboIocLoader.java:110) - found quartz -- org.nutz.integration.quartz.QuartzIocLoader
[DEBUG] 2018-10-15 16:13:23,937 org.nutz.ioc.loader.json.JsonLoader.<init>(JsonLoader.java:57) - Loaded 0 bean define from path=[] --> []
[DEBUG] 2018-10-15 16:13:23,937 org.nutz.ioc.aop.SimpleAopMaker.<init>(SimpleAopMaker.java:79) - Load AopConfigure for anno=org.nutz.aop.interceptor.async.Async by type=org.nutz.aop.interceptor.async.AsyncAopIocLoader
[DEBUG] 2018-10-15 16:13:23,938 org.nutz.ioc.loader.combo.ComboIocLoader.createIocLoader(ComboIocLoader.java:110) - found rabbitmq -- org.nutz.integration.rabbitmq.RabbitmqIocLoader
[DEBUG] 2018-10-15 16:13:23,940 org.nutz.resource.Scans.scan(Scans.java:274) - Found 1 resource by src( org/nutz/integration/rabbitmq/rabbitmq.js ) , regex( ^(.+[.])(js|json)$ )
[DEBUG] 2018-10-15 16:13:23,941 org.nutz.ioc.loader.json.JsonLoader.<init>(JsonLoader.java:49) - loading [org/nutz/integration/rabbitmq/rabbitmq.js]
[DEBUG] 2018-10-15 16:13:23,941 org.nutz.ioc.loader.json.JsonLoader.<init>(JsonLoader.java:57) - Loaded 2 bean define from path=[org/nutz/integration/rabbitmq/rabbitmq.js] --> [rabbitmq, rabbitmq_cf]
[INFO ] 2018-10-15 16:13:23,941 org.nutz.ioc.impl.NutIoc.<init>(NutIoc.java:98) - NutIoc init begin ...
[INFO ] 2018-10-15 16:13:23,942 org.nutz.ioc.impl.NutIoc.<init>(NutIoc.java:115) - ... NutIoc init complete
[DEBUG] 2018-10-15 16:13:23,942 org.nutz.ioc.impl.NutIoc.get(NutIoc.java:151) - Get 'conf'<class org.nutz.ioc.impl.PropertiesProxy>
[DEBUG] 2018-10-15 16:13:23,942 org.nutz.ioc.impl.NutIoc.get(NutIoc.java:151) - Get '$aop_1_plugin'<interface org.nutz.ioc.aop.config.AopConfigration>
[DEBUG] 2018-10-15 16:13:23,942 org.nutz.ioc.impl.NutIoc.get(NutIoc.java:177) - 	 >> Load definition name=$aop_1_plugin
[DEBUG] 2018-10-15 16:13:23,942 org.nutz.ioc.loader.combo.ComboIocLoader.load(ComboIocLoader.java:161) - Found IocObject($aop_1_plugin) in AnnotationIocLoader(packages=[cn.wizzer, org.nutz.apidoc])
[DEBUG] 2018-10-15 16:13:23,942 org.nutz.ioc.impl.NutIoc.get(NutIoc.java:209) - 	 >> Make...'$aop_1_plugin'<interface org.nutz.ioc.aop.config.AopConfigration>
[DEBUG] 2018-10-15 16:13:23,942 org.nutz.ioc.impl.ScopeContext.save(ScopeContext.java:64) - Save object '$aop_1_plugin' to [app] 
[DEBUG] 2018-10-15 16:13:23,943 org.nutz.ioc.impl.NutIoc.get(NutIoc.java:151) - Get 'dynamicInterceptor'<class cn.wizzer.app.web.commons.plugin.DynamicInterceptor>
[DEBUG] 2018-10-15 16:13:23,943 org.nutz.ioc.impl.NutIoc.get(NutIoc.java:177) - 	 >> Load definition name=dynamicInterceptor
[DEBUG] 2018-10-15 16:13:23,943 org.nutz.ioc.loader.combo.ComboIocLoader.load(ComboIocLoader.java:161) - Found IocObject(dynamicInterceptor) in AnnotationIocLoader(packages=[cn.wizzer, org.nutz.apidoc])
[DEBUG] 2018-10-15 16:13:23,943 org.nutz.ioc.impl.NutIoc.get(NutIoc.java:209) - 	 >> Make...'dynamicInterceptor'<class cn.wizzer.app.web.commons.plugin.DynamicInterceptor>
[DEBUG] 2018-10-15 16:13:23,943 org.nutz.ioc.impl.ScopeContext.save(ScopeContext.java:64) - Save object 'dynamicInterceptor' to [app] 
[DEBUG] 2018-10-15 16:13:23,943 org.nutz.ioc.impl.NutIoc.get(NutIoc.java:151) - Get '$aop_async'<interface org.nutz.ioc.aop.config.AopConfigration>
[DEBUG] 2018-10-15 16:13:23,944 org.nutz.ioc.impl.NutIoc.get(NutIoc.java:177) - 	 >> Load definition name=$aop_async
[DEBUG] 2018-10-15 16:13:23,944 org.nutz.ioc.loader.combo.ComboIocLoader.load(ComboIocLoader.java:161) - Found IocObject($aop_async) in AsyncAopIocLoader@728943498
[DEBUG] 2018-10-15 16:13:23,944 org.nutz.ioc.impl.NutIoc.get(NutIoc.java:209) - 	 >> Make...'$aop_async'<interface org.nutz.ioc.aop.config.AopConfigration>
[DEBUG] 2018-10-15 16:13:23,944 org.nutz.ioc.impl.ScopeContext.save(ScopeContext.java:64) - Save object '$aop_async' to [app] 
[DEBUG] 2018-10-15 16:13:23,944 org.nutz.ioc.impl.NutIoc.get(NutIoc.java:151) - Get '$aop_syslog'<interface org.nutz.ioc.aop.config.AopConfigration>
[DEBUG] 2018-10-15 16:13:23,944 org.nutz.ioc.impl.NutIoc.get(NutIoc.java:177) - 	 >> Load definition name=$aop_syslog
[DEBUG] 2018-10-15 16:13:23,944 org.nutz.ioc.loader.combo.ComboIocLoader.load(ComboIocLoader.java:161) - Found IocObject($aop_syslog) in AnnotationIocLoader(packages=[cn.wizzer, org.nutz.apidoc])
[DEBUG] 2018-10-15 16:13:23,944 org.nutz.ioc.impl.NutIoc.get(NutIoc.java:209) - 	 >> Make...'$aop_syslog'<interface org.nutz.ioc.aop.config.AopConfigration>
[DEBUG] 2018-10-15 16:13:23,945 org.nutz.ioc.impl.ScopeContext.save(ScopeContext.java:64) - Save object '$aop_syslog' to [app] 
[DEBUG] 2018-10-15 16:13:23,945 org.nutz.ioc.aop.SimpleAopMaker.<init>(SimpleAopMaker.java:79) - Load AopConfigure for anno=cn.wizzer.app.web.commons.slog.annotation.SLog by type=cn.wizzer.app.web.commons.slog.SLogAopConfigration
[DEBUG] 2018-10-15 16:13:23,945 org.nutz.ioc.aop.SimpleAopMaker.<init>(SimpleAopMaker.java:79) - Load AopConfigure for anno=org.nutz.ioc.aop.Aop by type=org.nutz.ioc.aop.config.impl.AnnotationAopConfigration
[DEBUG] 2018-10-15 16:13:23,945 org.nutz.ioc.impl.NutIoc.get(NutIoc.java:177) - 	 >> Load definition name=conf
[DEBUG] 2018-10-15 16:13:23,945 org.nutz.ioc.loader.map.MapLoader.load(MapLoader.java:67) - Loading define for name=conf
[DEBUG] 2018-10-15 16:13:23,945 org.nutz.ioc.loader.combo.ComboIocLoader.load(ComboIocLoader.java:161) - Found IocObject(conf) in JsonLoader(paths=[config/ioc/])
[DEBUG] 2018-10-15 16:13:23,945 org.nutz.ioc.impl.NutIoc.get(NutIoc.java:209) - 	 >> Make...'conf'<class org.nutz.ioc.impl.PropertiesProxy>
[DEBUG] 2018-10-15 16:13:23,946 cn.wizzer.app.web.commons.plugin.PluginAopConfigure.getInterceptorPairList(PluginAopConfigure.java:33) - skip -- org.nutz.ioc.impl.PropertiesProxy
[DEBUG] 2018-10-15 16:13:23,946 org.nutz.ioc.aop.impl.DefaultMirrorFactory.getMirror(DefaultMirrorFactory.java:70) - Load class org.nutz.ioc.impl.PropertiesProxy without AOP
[DEBUG] 2018-10-15 16:13:23,946 org.nutz.ioc.impl.ScopeContext.save(ScopeContext.java:64) - Save object 'conf' to [app] 
[DEBUG] 2018-10-15 16:13:23,949 org.nutz.resource.Scans.scan(Scans.java:274) - Found 4 resource by src( config/custom/ ) , regex( ^.+[.]properties$ )
[DEBUG] 2018-10-15 16:13:23,949 org.nutz.ioc.impl.PropertiesProxy.setPaths(PropertiesProxy.java:113) - load properties from File[C:\Users\Administrator\IdeaProjects\XA-Instrument\wk-app\wk-web\target\classes\config\custom\db.properties]
[DEBUG] 2018-10-15 16:13:23,950 org.nutz.ioc.impl.PropertiesProxy.setPaths(PropertiesProxy.java:113) - load properties from File[C:\Users\Administrator\IdeaProjects\XA-Instrument\wk-app\wk-web\target\classes\config\custom\mail.properties]
[DEBUG] 2018-10-15 16:13:23,950 org.nutz.ioc.impl.PropertiesProxy.setPaths(PropertiesProxy.java:113) - load properties from File[C:\Users\Administrator\IdeaProjects\XA-Instrument\wk-app\wk-web\target\classes\config\custom\rabbit.properties]
[DEBUG] 2018-10-15 16:13:23,951 org.nutz.ioc.impl.PropertiesProxy.setPaths(PropertiesProxy.java:113) - load properties from File[C:\Users\Administrator\IdeaProjects\XA-Instrument\wk-app\wk-web\target\classes\config\custom\redis.properties]
[DEBUG] 2018-10-15 16:13:23,951 org.nutz.ioc.impl.NutIoc.get(NutIoc.java:151) - Get 'simpleTest'<class cn.wizzer.test.SimpleTest>
[DEBUG] 2018-10-15 16:13:23,951 org.nutz.ioc.impl.NutIoc.get(NutIoc.java:177) - 	 >> Load definition name=simpleTest
[DEBUG] 2018-10-15 16:13:23,951 org.nutz.ioc.loader.combo.ComboIocLoader.load(ComboIocLoader.java:161) - Found IocObject(simpleTest) in AnnotationIocLoader(packages=[cn.wizzer, org.nutz.apidoc])
[DEBUG] 2018-10-15 16:13:23,951 org.nutz.ioc.impl.NutIoc.get(NutIoc.java:209) - 	 >> Make...'simpleTest'<class cn.wizzer.test.SimpleTest>
[DEBUG] 2018-10-15 16:13:23,951 cn.wizzer.app.web.commons.plugin.PluginAopConfigure.getInterceptorPairList(PluginAopConfigure.java:33) - skip -- cn.wizzer.test.SimpleTest
[DEBUG] 2018-10-15 16:13:23,952 org.nutz.ioc.aop.impl.DefaultMirrorFactory.getMirror(DefaultMirrorFactory.java:70) - Load class cn.wizzer.test.SimpleTest without AOP
[DEBUG] 2018-10-15 16:13:23,952 org.nutz.ioc.impl.ScopeContext.save(ScopeContext.java:64) - Save object 'simpleTest' to [app] 
[DEBUG] 2018-10-15 16:13:23,953 org.nutz.ioc.impl.NutIoc.get(NutIoc.java:151) - Get 'dao'<interface org.nutz.dao.Dao>
[DEBUG] 2018-10-15 16:13:23,954 org.nutz.ioc.impl.NutIoc.get(NutIoc.java:177) - 	 >> Load definition name=dao
[DEBUG] 2018-10-15 16:13:23,954 org.nutz.ioc.loader.map.MapLoader.load(MapLoader.java:67) - Loading define for name=dao
[DEBUG] 2018-10-15 16:13:23,954 org.nutz.ioc.loader.combo.ComboIocLoader.load(ComboIocLoader.java:161) - Found IocObject(dao) in JsonLoader(paths=[config/ioc/])
[DEBUG] 2018-10-15 16:13:23,954 org.nutz.ioc.impl.NutIoc.get(NutIoc.java:209) - 	 >> Make...'dao'<interface org.nutz.dao.Dao>
[DEBUG] 2018-10-15 16:13:23,954 cn.wizzer.app.web.commons.plugin.PluginAopConfigure.getInterceptorPairList(PluginAopConfigure.java:33) - skip -- org.nutz.dao.impl.NutDao
[DEBUG] 2018-10-15 16:13:23,954 org.nutz.ioc.aop.impl.DefaultMirrorFactory.getMirror(DefaultMirrorFactory.java:70) - Load class org.nutz.dao.impl.NutDao without AOP
[DEBUG] 2018-10-15 16:13:23,955 org.nutz.ioc.impl.ScopeContext.save(ScopeContext.java:64) - Save object 'dao' to [app] 
[DEBUG] 2018-10-15 16:13:23,955 org.nutz.ioc.impl.NutIoc.get(NutIoc.java:151) - Get 'dataSource'<>
[DEBUG] 2018-10-15 16:13:23,955 org.nutz.ioc.impl.NutIoc.get(NutIoc.java:177) - 	 >> Load definition name=dataSource
[DEBUG] 2018-10-15 16:13:23,955 org.nutz.ioc.loader.map.MapLoader.load(MapLoader.java:67) - Loading define for name=dataSource
[DEBUG] 2018-10-15 16:13:23,955 org.nutz.ioc.loader.combo.ComboIocLoader.load(ComboIocLoader.java:161) - Found IocObject(dataSource) in JsonLoader(paths=[config/ioc/])
[DEBUG] 2018-10-15 16:13:23,955 org.nutz.ioc.impl.NutIoc.get(NutIoc.java:209) - 	 >> Make...'dataSource'<>
[DEBUG] 2018-10-15 16:13:23,956 cn.wizzer.app.web.commons.plugin.PluginAopConfigure.getInterceptorPairList(PluginAopConfigure.java:33) - skip -- com.alibaba.druid.pool.DruidDataSource
[DEBUG] 2018-10-15 16:13:23,956 org.nutz.ioc.aop.impl.DefaultMirrorFactory.getMirror(DefaultMirrorFactory.java:70) - Load class com.alibaba.druid.pool.DruidDataSource without AOP
[DEBUG] 2018-10-15 16:13:23,956 org.nutz.ioc.impl.ScopeContext.save(ScopeContext.java:64) - Save object 'dataSource' to [app] 
[DEBUG] 2018-10-15 16:13:23,956 org.nutz.ioc.impl.NutIoc.get(NutIoc.java:151) - Get 'conf'<>
[DEBUG] 2018-10-15 16:13:23,959 org.nutz.ioc.impl.ScopeContext.remove(ScopeContext.java:84) - Remove object 'dataSource' from [app] 
[DEBUG] 2018-10-15 16:13:23,959 org.nutz.ioc.impl.ScopeContext.remove(ScopeContext.java:84) - Remove object 'dao' from [app] 
[DEBUG] 2018-10-15 16:13:23,960 org.nutz.ioc.impl.ScopeContext.remove(ScopeContext.java:84) - Remove object 'simpleTest' from [app] 
]]></system-out>
  </testcase>
  <testcase name="testWxP" classname="cn.wizzer.test.SimpleTest" time="0">
    <error message="IocBean[simpleTest] throw Exception when creating" type="org.nutz.ioc.IocException">org.nutz.ioc.IocException: IocBean[simpleTest] throw Exception when creating
Caused by: java.lang.RuntimeException: IocBean[simpleTest] fail at field=[dao]
Caused by: org.nutz.ioc.IocException: IocBean[dao -> dataSource] throw Exception when creating
Caused by: java.lang.IllegalArgumentException: Failed to decrypt.
Caused by: java.lang.IllegalArgumentException: String length must be a multiple of four.
</error>
    <system-out><![CDATA[[INFO ] 2018-10-15 16:13:23,960 org.nutz.ioc.impl.NutIoc.depose(NutIoc.java:255) - org.nutz.ioc.impl.NutIoc@2139788441 is closing. startup date [18-10-15 16:13:23.942]
[DEBUG] 2018-10-15 16:13:23,960 org.nutz.ioc.impl.ScopeContext.clear(ScopeContext.java:108) - Depose object 'conf' ...
[DEBUG] 2018-10-15 16:13:23,961 org.nutz.ioc.impl.ScopeContext.clear(ScopeContext.java:108) - Depose object '$aop_syslog' ...
[DEBUG] 2018-10-15 16:13:23,961 org.nutz.ioc.impl.ScopeContext.clear(ScopeContext.java:108) - Depose object '$aop_async' ...
[DEBUG] 2018-10-15 16:13:23,961 org.nutz.ioc.impl.ScopeContext.clear(ScopeContext.java:108) - Depose object 'dynamicInterceptor' ...
[DEBUG] 2018-10-15 16:13:23,961 org.nutz.ioc.impl.ScopeContext.clear(ScopeContext.java:108) - Depose object '$aop_1_plugin' ...
[INFO ] 2018-10-15 16:13:23,961 org.nutz.ioc.impl.NutIoc.depose(NutIoc.java:262) - org.nutz.ioc.impl.NutIoc@2139788441 is deposed. startup date [18-10-15 16:13:23.942]
[DEBUG] 2018-10-15 16:13:23,964 org.nutz.resource.Scans.scan(Scans.java:274) - Found 4 resource by src( config/ioc/ ) , regex( ^(.+[.])(js|json)$ )
[DEBUG] 2018-10-15 16:13:23,964 org.nutz.ioc.loader.json.JsonLoader.<init>(JsonLoader.java:49) - loading [dao.json]
[DEBUG] 2018-10-15 16:13:23,964 org.nutz.ioc.loader.json.JsonLoader.<init>(JsonLoader.java:49) - loading [ehcache.json]
[DEBUG] 2018-10-15 16:13:23,965 org.nutz.ioc.loader.json.JsonLoader.<init>(JsonLoader.java:49) - loading [mail.json]
[DEBUG] 2018-10-15 16:13:23,965 org.nutz.ioc.loader.json.JsonLoader.<init>(JsonLoader.java:49) - loading [upload.json]
[DEBUG] 2018-10-15 16:13:23,965 org.nutz.ioc.loader.json.JsonLoader.<init>(JsonLoader.java:57) - Loaded 15 bean define from path=[config/ioc/] --> [videoUpload, conf, uploadVideoContext, imageUpload, fileUpload, cacheManager, dao, cacheProvider, emailAuthenticator, uploadFileContext, htmlEmail, cacheExecutor, tmpFilePool, uploadImageContext, dataSource]
[DEBUG] 2018-10-15 16:13:24,127 org.nutz.resource.Scans.scan(Scans.java:274) - Found 452 resource by src( cn/wizzer/ ) , regex( ^.+[.]class$ )
[DEBUG] 2018-10-15 16:13:24,128 org.nutz.ioc.loader.annotation.AnnotationIocLoader.addClass(AnnotationIocLoader.java:76) - Found @IocBean : class cn.wizzer.framework.util.StringUtil
[DEBUG] 2018-10-15 16:13:24,128 org.nutz.ioc.loader.annotation.AnnotationIocLoader.addClass(AnnotationIocLoader.java:76) - Found @IocBean : class cn.wizzer.framework.util.CookieUtil
[DEBUG] 2018-10-15 16:13:24,128 org.nutz.ioc.loader.annotation.AnnotationIocLoader.addClass(AnnotationIocLoader.java:76) - Found @IocBean : class cn.wizzer.framework.ig.RedisIdGenerator
[DEBUG] 2018-10-15 16:13:24,128 org.nutz.ioc.loader.annotation.AnnotationIocLoader.addClass(AnnotationIocLoader.java:76) - Found @IocBean : class cn.wizzer.framework.util.DateUtil
[DEBUG] 2018-10-15 16:13:24,129 org.nutz.ioc.loader.annotation.AnnotationIocLoader.addClass(AnnotationIocLoader.java:76) - Found @IocBean : class cn.wizzer.framework.shiro.interceptor.NutShiroMethodInterceptor
[DEBUG] 2018-10-15 16:13:24,129 org.nutz.ioc.loader.annotation.AnnotationIocLoader.addClass(AnnotationIocLoader.java:76) - Found @IocBean : class cn.wizzer.framework.util.IdcardUtil
[DEBUG] 2018-10-15 16:13:24,129 org.nutz.ioc.loader.annotation.AnnotationIocLoader.addClass(AnnotationIocLoader.java:76) - Found @IocBean : class cn.wizzer.framework.rabbit.RabbitProducer
[DEBUG] 2018-10-15 16:13:24,129 org.nutz.ioc.loader.annotation.AnnotationIocLoader.addClass(AnnotationIocLoader.java:76) - Found @IocBean : class cn.wizzer.framework.util.RSAUtil
[DEBUG] 2018-10-15 16:13:24,129 org.nutz.ioc.loader.annotation.AnnotationIocLoader.addClass(AnnotationIocLoader.java:76) - Found @IocBean : class cn.wizzer.framework.util.ShiroUtil
[DEBUG] 2018-10-15 16:13:24,129 org.nutz.ioc.loader.annotation.AnnotationIocLoader.addClass(AnnotationIocLoader.java:76) - Found @IocBean : class cn.wizzer.framework.util.Code128Util
[DEBUG] 2018-10-15 16:13:24,129 org.nutz.ioc.loader.annotation.AnnotationIocLoader.addClass(AnnotationIocLoader.java:76) - Found @IocBean : class cn.wizzer.app.base.modules.services.impl.BaseAirmeterialServiceImpl
[DEBUG] 2018-10-15 16:13:24,129 org.nutz.ioc.loader.annotation.AnnotationIocLoader.addClass(AnnotationIocLoader.java:76) - Found @IocBean : class cn.wizzer.app.base.modules.services.impl.BaseAirportServiceImpl
[DEBUG] 2018-10-15 16:13:24,129 org.nutz.ioc.loader.annotation.AnnotationIocLoader.addClass(AnnotationIocLoader.java:76) - Found @IocBean : class cn.wizzer.app.base.modules.services.impl.BaseCnctobjServiceImpl
[DEBUG] 2018-10-15 16:13:24,129 org.nutz.ioc.loader.annotation.AnnotationIocLoader.addClass(AnnotationIocLoader.java:76) - Found @IocBean : class cn.wizzer.app.base.modules.services.impl.BaseCustomerServiceImpl
[DEBUG] 2018-10-15 16:13:24,129 org.nutz.ioc.loader.annotation.AnnotationIocLoader.addClass(AnnotationIocLoader.java:76) - Found @IocBean : class cn.wizzer.app.base.modules.services.impl.BaseDeptServiceImpl
[DEBUG] 2018-10-15 16:13:24,129 org.nutz.ioc.loader.annotation.AnnotationIocLoader.addClass(AnnotationIocLoader.java:76) - Found @IocBean : class cn.wizzer.app.base.modules.services.impl.BaseJobServiceImpl
[DEBUG] 2018-10-15 16:13:24,129 org.nutz.ioc.loader.annotation.AnnotationIocLoader.addClass(AnnotationIocLoader.java:76) - Found @IocBean : class cn.wizzer.app.base.modules.services.impl.BasePersonpoolServiceImpl
[DEBUG] 2018-10-15 16:13:24,129 org.nutz.ioc.loader.annotation.AnnotationIocLoader.addClass(AnnotationIocLoader.java:76) - Found @IocBean : class cn.wizzer.app.base.modules.services.impl.BasePersonServiceImpl
[DEBUG] 2018-10-15 16:13:24,129 org.nutz.ioc.loader.annotation.AnnotationIocLoader.addClass(AnnotationIocLoader.java:76) - Found @IocBean : class cn.wizzer.app.base.modules.services.impl.BasePlaceServiceImpl
[DEBUG] 2018-10-15 16:13:24,130 org.nutz.ioc.loader.annotation.AnnotationIocLoader.addClass(AnnotationIocLoader.java:76) - Found @IocBean : class cn.wizzer.app.base.modules.services.impl.BasePostServiceImpl
[DEBUG] 2018-10-15 16:13:24,130 org.nutz.ioc.loader.annotation.AnnotationIocLoader.addClass(AnnotationIocLoader.java:76) - Found @IocBean : class cn.wizzer.app.base.modules.services.impl.BaseRowofficeentryServiceImpl
[DEBUG] 2018-10-15 16:13:24,130 org.nutz.ioc.loader.annotation.AnnotationIocLoader.addClass(AnnotationIocLoader.java:76) - Found @IocBean : class cn.wizzer.app.base.modules.services.impl.BaseRowofficeServiceImpl
[DEBUG] 2018-10-15 16:13:24,130 org.nutz.ioc.loader.annotation.AnnotationIocLoader.addClass(AnnotationIocLoader.java:76) - Found @IocBean : class cn.wizzer.app.base.modules.services.impl.BaseVehicleServiceImpl
[DEBUG] 2018-10-15 16:13:24,130 org.nutz.ioc.loader.annotation.AnnotationIocLoader.addClass(AnnotationIocLoader.java:76) - Found @IocBean : class cn.wizzer.app.base.modules.services.impl.BaseWarehouseServiceImpl
[DEBUG] 2018-10-15 16:13:24,130 org.nutz.ioc.loader.annotation.AnnotationIocLoader.addClass(AnnotationIocLoader.java:76) - Found @IocBean : class cn.wizzer.app.cms.modules.services.impl.CmsArticleServiceImpl
[DEBUG] 2018-10-15 16:13:24,130 org.nutz.ioc.loader.annotation.AnnotationIocLoader.addClass(AnnotationIocLoader.java:76) - Found @IocBean : class cn.wizzer.app.cms.modules.services.impl.CmsChannelServiceImpl
[DEBUG] 2018-10-15 16:13:24,130 org.nutz.ioc.loader.annotation.AnnotationIocLoader.addClass(AnnotationIocLoader.java:76) - Found @IocBean : class cn.wizzer.app.cms.modules.services.impl.CmsLinkClassServiceImpl
[DEBUG] 2018-10-15 16:13:24,130 org.nutz.ioc.loader.annotation.AnnotationIocLoader.addClass(AnnotationIocLoader.java:76) - Found @IocBean : class cn.wizzer.app.cms.modules.services.impl.CmsLinkServiceImpl
[DEBUG] 2018-10-15 16:13:24,130 org.nutz.ioc.loader.annotation.AnnotationIocLoader.addClass(AnnotationIocLoader.java:76) - Found @IocBean : class cn.wizzer.app.cms.modules.services.impl.CmsSiteServiceImpl
[DEBUG] 2018-10-15 16:13:24,130 org.nutz.ioc.loader.annotation.AnnotationIocLoader.addClass(AnnotationIocLoader.java:76) - Found @IocBean : class cn.wizzer.app.ins.modules.services.impl.InsBaseinsServiceImpl
[DEBUG] 2018-10-15 16:13:24,130 org.nutz.ioc.loader.annotation.AnnotationIocLoader.addClass(AnnotationIocLoader.java:76) - Found @IocBean : class cn.wizzer.app.ins.modules.services.impl.InsBaseinsSpaceServiceImpl
[DEBUG] 2018-10-15 16:13:24,130 org.nutz.ioc.loader.annotation.AnnotationIocLoader.addClass(AnnotationIocLoader.java:76) - Found @IocBean : class cn.wizzer.app.ins.modules.services.impl.InsCabinetServiceImpl
[DEBUG] 2018-10-15 16:13:24,131 org.nutz.ioc.loader.annotation.AnnotationIocLoader.addClass(AnnotationIocLoader.java:76) - Found @IocBean : class cn.wizzer.app.ins.modules.services.impl.InsCommonServiceImpl
[DEBUG] 2018-10-15 16:13:24,131 org.nutz.ioc.loader.annotation.AnnotationIocLoader.addClass(AnnotationIocLoader.java:76) - Found @IocBean : class cn.wizzer.app.ins.modules.services.impl.InsInstrumentServiceImpl
[DEBUG] 2018-10-15 16:13:24,131 org.nutz.ioc.loader.annotation.AnnotationIocLoader.addClass(AnnotationIocLoader.java:76) - Found @IocBean : class cn.wizzer.app.ins.modules.services.impl.InsLockServiceImpl
[DEBUG] 2018-10-15 16:13:24,131 org.nutz.ioc.loader.annotation.AnnotationIocLoader.addClass(AnnotationIocLoader.java:76) - Found @IocBean : class cn.wizzer.app.ins.modules.services.impl.InsOrderentryServiceImpl
[DEBUG] 2018-10-15 16:13:24,131 org.nutz.ioc.loader.annotation.AnnotationIocLoader.addClass(AnnotationIocLoader.java:76) - Found @IocBean : class cn.wizzer.app.ins.modules.services.impl.InsOrderServiceImpl
[DEBUG] 2018-10-15 16:13:24,131 org.nutz.ioc.loader.annotation.AnnotationIocLoader.addClass(AnnotationIocLoader.java:76) - Found @IocBean : class cn.wizzer.app.ins.modules.services.impl.InsRepairServiceImpl
[DEBUG] 2018-10-15 16:13:24,131 org.nutz.ioc.loader.annotation.AnnotationIocLoader.addClass(AnnotationIocLoader.java:76) - Found @IocBean : class cn.wizzer.app.ins.modules.services.impl.InsRepairtrackServiceImpl
[DEBUG] 2018-10-15 16:13:24,131 org.nutz.ioc.loader.annotation.AnnotationIocLoader.addClass(AnnotationIocLoader.java:76) - Found @IocBean : class cn.wizzer.app.ins.modules.services.impl.InsRfheadServiceImpl
[DEBUG] 2018-10-15 16:13:24,131 org.nutz.ioc.loader.annotation.AnnotationIocLoader.addClass(AnnotationIocLoader.java:76) - Found @IocBean : class cn.wizzer.app.ins.modules.services.impl.InsRfidServiceImpl
[DEBUG] 2018-10-15 16:13:24,131 org.nutz.ioc.loader.annotation.AnnotationIocLoader.addClass(AnnotationIocLoader.java:76) - Found @IocBean : class cn.wizzer.app.ins.modules.services.impl.InsSpaceServiceImpl
[DEBUG] 2018-10-15 16:13:24,131 org.nutz.ioc.loader.annotation.AnnotationIocLoader.addClass(AnnotationIocLoader.java:76) - Found @IocBean : class cn.wizzer.app.ins.modules.services.impl.InsToolcabinetServiceImpl
[DEBUG] 2018-10-15 16:13:24,131 org.nutz.ioc.loader.annotation.AnnotationIocLoader.addClass(AnnotationIocLoader.java:76) - Found @IocBean : class cn.wizzer.app.ins.modules.services.impl.InsTransmitServiceImpl
[DEBUG] 2018-10-15 16:13:24,132 org.nutz.ioc.loader.annotation.AnnotationIocLoader.addClass(AnnotationIocLoader.java:76) - Found @IocBean : class cn.wizzer.app.logistics.modules.services.impl.LogisticsDeliveryorderentryServiceImpl
[DEBUG] 2018-10-15 16:13:24,132 org.nutz.ioc.loader.annotation.AnnotationIocLoader.addClass(AnnotationIocLoader.java:76) - Found @IocBean : class cn.wizzer.app.logistics.modules.services.impl.LogisticsDeliveryorderServiceImpl
[DEBUG] 2018-10-15 16:13:24,132 org.nutz.ioc.loader.annotation.AnnotationIocLoader.addClass(AnnotationIocLoader.java:76) - Found @IocBean : class cn.wizzer.app.logistics.modules.services.impl.LogisticsEntourageServiceImpl
[DEBUG] 2018-10-15 16:13:24,132 org.nutz.ioc.loader.annotation.AnnotationIocLoader.addClass(AnnotationIocLoader.java:76) - Found @IocBean : class cn.wizzer.app.logistics.modules.services.impl.LogisticsOrderdeliveryServiceImpl
[DEBUG] 2018-10-15 16:13:24,132 org.nutz.ioc.loader.annotation.AnnotationIocLoader.addClass(AnnotationIocLoader.java:76) - Found @IocBean : class cn.wizzer.app.logistics.modules.services.impl.LogisticsOrderentryServiceImpl
[DEBUG] 2018-10-15 16:13:24,132 org.nutz.ioc.loader.annotation.AnnotationIocLoader.addClass(AnnotationIocLoader.java:76) - Found @IocBean : class cn.wizzer.app.logistics.modules.services.impl.LogisticsOrderplanentryServiceImpl
[DEBUG] 2018-10-15 16:13:24,132 org.nutz.ioc.loader.annotation.AnnotationIocLoader.addClass(AnnotationIocLoader.java:76) - Found @IocBean : class cn.wizzer.app.logistics.modules.services.impl.LogisticsOrderplanServiceImpl
[DEBUG] 2018-10-15 16:13:24,132 org.nutz.ioc.loader.annotation.AnnotationIocLoader.addClass(AnnotationIocLoader.java:76) - Found @IocBean : class cn.wizzer.app.logistics.modules.services.impl.LogisticsOrderrejectServiceImpl
[DEBUG] 2018-10-15 16:13:24,133 org.nutz.ioc.loader.annotation.AnnotationIocLoader.addClass(AnnotationIocLoader.java:76) - Found @IocBean : class cn.wizzer.app.logistics.modules.services.impl.LogisticsOrderServiceImpl
[DEBUG] 2018-10-15 16:13:24,133 org.nutz.ioc.loader.annotation.AnnotationIocLoader.addClass(AnnotationIocLoader.java:76) - Found @IocBean : class cn.wizzer.app.logistics.modules.services.impl.LogisticsOrderstepServiceImpl
[DEBUG] 2018-10-15 16:13:24,133 org.nutz.ioc.loader.annotation.AnnotationIocLoader.addClass(AnnotationIocLoader.java:76) - Found @IocBean : class cn.wizzer.app.logistics.modules.services.impl.LogisticsSendapprovalServiceImpl
[DEBUG] 2018-10-15 16:13:24,133 org.nutz.ioc.loader.annotation.AnnotationIocLoader.addClass(AnnotationIocLoader.java:76) - Found @IocBean : class cn.wizzer.app.logistics.modules.services.impl.LogisticsSendgoodsServiceImpl
[DEBUG] 2018-10-15 16:13:24,133 org.nutz.ioc.loader.annotation.AnnotationIocLoader.addClass(AnnotationIocLoader.java:76) - Found @IocBean : class cn.wizzer.app.logistics.modules.services.impl.LogisticsSendplanServiceImpl
[DEBUG] 2018-10-15 16:13:24,133 org.nutz.ioc.loader.annotation.AnnotationIocLoader.addClass(AnnotationIocLoader.java:76) - Found @IocBean : class cn.wizzer.app.logistics.modules.services.impl.LogisticsSendtraceServiceImpl
[DEBUG] 2018-10-15 16:13:24,133 org.nutz.ioc.loader.annotation.AnnotationIocLoader.addClass(AnnotationIocLoader.java:76) - Found @IocBean : class cn.wizzer.app.logistics.modules.services.impl.LogisticsUnplanServiceImpl
[DEBUG] 2018-10-15 16:13:24,133 org.nutz.ioc.loader.annotation.AnnotationIocLoader.addClass(AnnotationIocLoader.java:76) - Found @IocBean : class cn.wizzer.app.sys.modules.services.impl.SysApiServiceImpl
[DEBUG] 2018-10-15 16:13:24,133 org.nutz.ioc.loader.annotation.AnnotationIocLoader.addClass(AnnotationIocLoader.java:76) - Found @IocBean : class cn.wizzer.app.sys.modules.services.impl.SysBarcodeServiceImpl
[DEBUG] 2018-10-15 16:13:24,134 org.nutz.ioc.loader.annotation.AnnotationIocLoader.addClass(AnnotationIocLoader.java:76) - Found @IocBean : class cn.wizzer.app.sys.modules.services.impl.SysConfigServiceImpl
[DEBUG] 2018-10-15 16:13:24,134 org.nutz.ioc.loader.annotation.AnnotationIocLoader.addClass(AnnotationIocLoader.java:76) - Found @IocBean : class cn.wizzer.app.sys.modules.services.impl.SysDictServiceImpl
[DEBUG] 2018-10-15 16:13:24,134 org.nutz.ioc.loader.annotation.AnnotationIocLoader.addClass(AnnotationIocLoader.java:76) - Found @IocBean : class cn.wizzer.app.sys.modules.services.impl.SysLogServiceImpl
[DEBUG] 2018-10-15 16:13:24,134 org.nutz.ioc.loader.annotation.AnnotationIocLoader.addClass(AnnotationIocLoader.java:76) - Found @IocBean : class cn.wizzer.app.sys.modules.services.impl.SysMenuServiceImpl
[DEBUG] 2018-10-15 16:13:24,134 org.nutz.ioc.loader.annotation.AnnotationIocLoader.addClass(AnnotationIocLoader.java:76) - Found @IocBean : class cn.wizzer.app.sys.modules.services.impl.SysMobileServiceImpl
[DEBUG] 2018-10-15 16:13:24,134 org.nutz.ioc.loader.annotation.AnnotationIocLoader.addClass(AnnotationIocLoader.java:76) - Found @IocBean : class cn.wizzer.app.sys.modules.services.impl.SysPluginServiceImpl
[DEBUG] 2018-10-15 16:13:24,134 org.nutz.ioc.loader.annotation.AnnotationIocLoader.addClass(AnnotationIocLoader.java:76) - Found @IocBean : class cn.wizzer.app.sys.modules.services.impl.SysRegistauditServiceImpl
[DEBUG] 2018-10-15 16:13:24,134 org.nutz.ioc.loader.annotation.AnnotationIocLoader.addClass(AnnotationIocLoader.java:76) - Found @IocBean : class cn.wizzer.app.sys.modules.services.impl.SysRoleServiceImpl
[DEBUG] 2018-10-15 16:13:24,135 org.nutz.ioc.loader.annotation.AnnotationIocLoader.addClass(AnnotationIocLoader.java:76) - Found @IocBean : class cn.wizzer.app.sys.modules.services.impl.SysRouteServiceImpl
[DEBUG] 2018-10-15 16:13:24,135 org.nutz.ioc.loader.annotation.AnnotationIocLoader.addClass(AnnotationIocLoader.java:76) - Found @IocBean : class cn.wizzer.app.sys.modules.services.impl.SysTaskServiceImpl
[DEBUG] 2018-10-15 16:13:24,135 org.nutz.ioc.loader.annotation.AnnotationIocLoader.addClass(AnnotationIocLoader.java:76) - Found @IocBean : class cn.wizzer.app.sys.modules.services.impl.SysTempuserServiceImpl
[DEBUG] 2018-10-15 16:13:24,135 org.nutz.ioc.loader.annotation.AnnotationIocLoader.addClass(AnnotationIocLoader.java:76) - Found @IocBean : class cn.wizzer.app.sys.modules.services.impl.SysUnitServiceImpl
[DEBUG] 2018-10-15 16:13:24,135 org.nutz.ioc.loader.annotation.AnnotationIocLoader.addClass(AnnotationIocLoader.java:76) - Found @IocBean : class cn.wizzer.app.sys.modules.services.impl.SysUserServiceImpl
[DEBUG] 2018-10-15 16:13:24,135 org.nutz.ioc.loader.annotation.AnnotationIocLoader.addClass(AnnotationIocLoader.java:76) - Found @IocBean : class cn.wizzer.app.sys.modules.services.impl.SysVersionServiceImpl
[DEBUG] 2018-10-15 16:13:24,135 org.nutz.ioc.loader.annotation.AnnotationIocLoader.addClass(AnnotationIocLoader.java:76) - Found @IocBean : class cn.wizzer.app.sys.modules.services.impl.SysWxDeptServiceImpl
[DEBUG] 2018-10-15 16:13:24,135 org.nutz.ioc.loader.annotation.AnnotationIocLoader.addClass(AnnotationIocLoader.java:76) - Found @IocBean : class cn.wizzer.app.sys.modules.services.impl.SysWxServiceImpl
[DEBUG] 2018-10-15 16:13:24,136 org.nutz.ioc.loader.annotation.AnnotationIocLoader.addClass(AnnotationIocLoader.java:76) - Found @IocBean : class cn.wizzer.app.sys.modules.services.impl.SysWxUserServiceImpl
[DEBUG] 2018-10-15 16:13:24,136 org.nutz.ioc.loader.annotation.AnnotationIocLoader.addClass(AnnotationIocLoader.java:76) - Found @IocBean : class cn.wizzer.app.web.commons.plugin.DynamicInterceptor
[DEBUG] 2018-10-15 16:13:24,136 org.nutz.ioc.loader.annotation.AnnotationIocLoader.addClass(AnnotationIocLoader.java:76) - Found @IocBean : class cn.wizzer.app.web.commons.plugin.PluginAopConfigure
[DEBUG] 2018-10-15 16:13:24,136 org.nutz.ioc.loader.annotation.AnnotationIocLoader.addClass(AnnotationIocLoader.java:76) - Found @IocBean : class cn.wizzer.app.web.commons.plugin.PluginMaster
[DEBUG] 2018-10-15 16:13:24,136 org.nutz.ioc.loader.annotation.AnnotationIocLoader.addClass(AnnotationIocLoader.java:76) - Found @IocBean : class cn.wizzer.app.web.commons.quartz.job.orderExecute
[DEBUG] 2018-10-15 16:13:24,136 org.nutz.ioc.loader.annotation.AnnotationIocLoader.addClass(AnnotationIocLoader.java:76) - Found @IocBean : class cn.wizzer.app.web.commons.quartz.job.TestJob
[DEBUG] 2018-10-15 16:13:24,136 org.nutz.ioc.loader.annotation.AnnotationIocLoader.addClass(AnnotationIocLoader.java:76) - Found @IocBean : class cn.wizzer.app.web.commons.services.email.EmailService
[DEBUG] 2018-10-15 16:13:24,136 org.nutz.ioc.loader.annotation.AnnotationIocLoader.addClass(AnnotationIocLoader.java:76) - Found @IocBean : class cn.wizzer.app.web.commons.services.qrcode.QrcodeService
[DEBUG] 2018-10-15 16:13:24,136 org.nutz.ioc.loader.annotation.AnnotationIocLoader.addClass(AnnotationIocLoader.java:76) - Found @IocBean : class cn.wizzer.app.web.commons.services.wx.TplService
[DEBUG] 2018-10-15 16:13:24,137 org.nutz.ioc.loader.annotation.AnnotationIocLoader.addClass(AnnotationIocLoader.java:76) - Found @IocBean : class cn.wizzer.app.web.commons.services.wx.WxHandler
[DEBUG] 2018-10-15 16:13:24,137 org.nutz.ioc.loader.annotation.AnnotationIocLoader.addClass(AnnotationIocLoader.java:76) - Found @IocBean : class cn.wizzer.app.web.commons.shiro.realm.PlatformAuthorizingRealm
[DEBUG] 2018-10-15 16:13:24,137 org.nutz.ioc.loader.annotation.AnnotationIocLoader.addClass(AnnotationIocLoader.java:76) - Found @IocBean : class cn.wizzer.app.web.commons.slog.SLogAopConfigration
[DEBUG] 2018-10-15 16:13:24,137 org.nutz.ioc.loader.annotation.AnnotationIocLoader.addClass(AnnotationIocLoader.java:76) - Found @IocBean : class cn.wizzer.app.web.commons.slog.SLogService
[DEBUG] 2018-10-15 16:13:24,137 org.nutz.ioc.loader.annotation.AnnotationIocLoader.addClass(AnnotationIocLoader.java:76) - Found @IocBean : class cn.wizzer.app.web.modules.controllers.front.wx.CmsController
[DEBUG] 2018-10-15 16:13:24,137 org.nutz.ioc.loader.annotation.AnnotationIocLoader.addClass(AnnotationIocLoader.java:76) - Found @IocBean : class cn.wizzer.app.web.modules.controllers.front.wx.WechatController
[DEBUG] 2018-10-15 16:13:24,137 org.nutz.ioc.loader.annotation.AnnotationIocLoader.addClass(AnnotationIocLoader.java:76) - Found @IocBean : class cn.wizzer.app.web.modules.controllers.open.api.mobile.MobileBaseController
[DEBUG] 2018-10-15 16:13:24,137 org.nutz.ioc.loader.annotation.AnnotationIocLoader.addClass(AnnotationIocLoader.java:76) - Found @IocBean : class cn.wizzer.app.web.modules.controllers.open.api.mobile.MobileInsController
[DEBUG] 2018-10-15 16:13:24,137 org.nutz.ioc.loader.annotation.AnnotationIocLoader.addClass(AnnotationIocLoader.java:76) - Found @IocBean : class cn.wizzer.app.web.modules.controllers.open.api.mobile.MobileOrderController
[DEBUG] 2018-10-15 16:13:24,137 org.nutz.ioc.loader.annotation.AnnotationIocLoader.addClass(AnnotationIocLoader.java:76) - Found @IocBean : class cn.wizzer.app.web.modules.controllers.open.api.mobile.MobileSysController
[DEBUG] 2018-10-15 16:13:24,138 org.nutz.ioc.loader.annotation.AnnotationIocLoader.addClass(AnnotationIocLoader.java:76) - Found @IocBean : class cn.wizzer.app.web.modules.controllers.open.api.pad.PadInsController
[DEBUG] 2018-10-15 16:13:24,138 org.nutz.ioc.loader.annotation.AnnotationIocLoader.addClass(AnnotationIocLoader.java:76) - Found @IocBean : class cn.wizzer.app.web.modules.controllers.open.api.pad.PadOrderController
[DEBUG] 2018-10-15 16:13:24,138 org.nutz.ioc.loader.annotation.AnnotationIocLoader.addClass(AnnotationIocLoader.java:76) - Found @IocBean : class cn.wizzer.app.web.modules.controllers.open.api.pad.PadSysController
[DEBUG] 2018-10-15 16:13:24,138 org.nutz.ioc.loader.annotation.AnnotationIocLoader.addClass(AnnotationIocLoader.java:76) - Found @IocBean : class cn.wizzer.app.web.modules.controllers.open.api.test.ApiTestController
[DEBUG] 2018-10-15 16:13:24,138 org.nutz.ioc.loader.annotation.AnnotationIocLoader.addClass(AnnotationIocLoader.java:76) - Found @IocBean : class cn.wizzer.app.web.modules.controllers.open.api.token.TokenController
[DEBUG] 2018-10-15 16:13:24,138 org.nutz.ioc.loader.annotation.AnnotationIocLoader.addClass(AnnotationIocLoader.java:76) - Found @IocBean : class cn.wizzer.app.web.modules.controllers.open.api.userpermission.UserpermissionController
[DEBUG] 2018-10-15 16:13:24,138 org.nutz.ioc.loader.annotation.AnnotationIocLoader.addClass(AnnotationIocLoader.java:76) - Found @IocBean : class cn.wizzer.app.web.modules.controllers.open.file.UploadController
[DEBUG] 2018-10-15 16:13:24,138 org.nutz.ioc.loader.annotation.AnnotationIocLoader.addClass(AnnotationIocLoader.java:76) - Found @IocBean : class cn.wizzer.app.web.modules.controllers.open.pay.WxPayBackController
[DEBUG] 2018-10-15 16:13:24,138 org.nutz.ioc.loader.annotation.AnnotationIocLoader.addClass(AnnotationIocLoader.java:76) - Found @IocBean : class cn.wizzer.app.web.modules.controllers.open.ueditor.BdController
[DEBUG] 2018-10-15 16:13:24,139 org.nutz.ioc.loader.annotation.AnnotationIocLoader.addClass(AnnotationIocLoader.java:76) - Found @IocBean : class cn.wizzer.app.web.modules.controllers.open.ueditor.WxController
[DEBUG] 2018-10-15 16:13:24,139 org.nutz.ioc.loader.annotation.AnnotationIocLoader.addClass(AnnotationIocLoader.java:76) - Found @IocBean : class cn.wizzer.app.web.modules.controllers.open.wx.WeixinController
[DEBUG] 2018-10-15 16:13:24,139 org.nutz.ioc.loader.annotation.AnnotationIocLoader.addClass(AnnotationIocLoader.java:76) - Found @IocBean : class cn.wizzer.app.web.modules.controllers.platform.base.BaseAirmeterialController
[DEBUG] 2018-10-15 16:13:24,139 org.nutz.ioc.loader.annotation.AnnotationIocLoader.addClass(AnnotationIocLoader.java:76) - Found @IocBean : class cn.wizzer.app.web.modules.controllers.platform.base.BaseAirportController
[DEBUG] 2018-10-15 16:13:24,139 org.nutz.ioc.loader.annotation.AnnotationIocLoader.addClass(AnnotationIocLoader.java:76) - Found @IocBean : class cn.wizzer.app.web.modules.controllers.platform.base.BaseCnctobjController
[DEBUG] 2018-10-15 16:13:24,139 org.nutz.ioc.loader.annotation.AnnotationIocLoader.addClass(AnnotationIocLoader.java:76) - Found @IocBean : class cn.wizzer.app.web.modules.controllers.platform.base.BaseCustomerController
[DEBUG] 2018-10-15 16:13:24,139 org.nutz.ioc.loader.annotation.AnnotationIocLoader.addClass(AnnotationIocLoader.java:76) - Found @IocBean : class cn.wizzer.app.web.modules.controllers.platform.base.BaseDeptController
[DEBUG] 2018-10-15 16:13:24,139 org.nutz.ioc.loader.annotation.AnnotationIocLoader.addClass(AnnotationIocLoader.java:76) - Found @IocBean : class cn.wizzer.app.web.modules.controllers.platform.base.BaseJobController
[DEBUG] 2018-10-15 16:13:24,139 org.nutz.ioc.loader.annotation.AnnotationIocLoader.addClass(AnnotationIocLoader.java:76) - Found @IocBean : class cn.wizzer.app.web.modules.controllers.platform.base.BasePersonController
[DEBUG] 2018-10-15 16:13:24,140 org.nutz.ioc.loader.annotation.AnnotationIocLoader.addClass(AnnotationIocLoader.java:76) - Found @IocBean : class cn.wizzer.app.web.modules.controllers.platform.base.BasePersonpoolController
[DEBUG] 2018-10-15 16:13:24,140 org.nutz.ioc.loader.annotation.AnnotationIocLoader.addClass(AnnotationIocLoader.java:76) - Found @IocBean : class cn.wizzer.app.web.modules.controllers.platform.base.BasePlaceController
[DEBUG] 2018-10-15 16:13:24,140 org.nutz.ioc.loader.annotation.AnnotationIocLoader.addClass(AnnotationIocLoader.java:76) - Found @IocBean : class cn.wizzer.app.web.modules.controllers.platform.base.BasePostController
[DEBUG] 2018-10-15 16:13:24,140 org.nutz.ioc.loader.annotation.AnnotationIocLoader.addClass(AnnotationIocLoader.java:76) - Found @IocBean : class cn.wizzer.app.web.modules.controllers.platform.base.BaseRowofficeController
[DEBUG] 2018-10-15 16:13:24,140 org.nutz.ioc.loader.annotation.AnnotationIocLoader.addClass(AnnotationIocLoader.java:76) - Found @IocBean : class cn.wizzer.app.web.modules.controllers.platform.base.BaseRowofficeentryController
[DEBUG] 2018-10-15 16:13:24,140 org.nutz.ioc.loader.annotation.AnnotationIocLoader.addClass(AnnotationIocLoader.java:76) - Found @IocBean : class cn.wizzer.app.web.modules.controllers.platform.base.BaseVehicleController
[DEBUG] 2018-10-15 16:13:24,140 org.nutz.ioc.loader.annotation.AnnotationIocLoader.addClass(AnnotationIocLoader.java:76) - Found @IocBean : class cn.wizzer.app.web.modules.controllers.platform.base.BaseWarehouseController
[DEBUG] 2018-10-15 16:13:24,140 org.nutz.ioc.loader.annotation.AnnotationIocLoader.addClass(AnnotationIocLoader.java:76) - Found @IocBean : class cn.wizzer.app.web.modules.controllers.platform.cms.CmsArticleController
[DEBUG] 2018-10-15 16:13:24,140 org.nutz.ioc.loader.annotation.AnnotationIocLoader.addClass(AnnotationIocLoader.java:76) - Found @IocBean : class cn.wizzer.app.web.modules.controllers.platform.cms.CmsChannelController
[DEBUG] 2018-10-15 16:13:24,140 org.nutz.ioc.loader.annotation.AnnotationIocLoader.addClass(AnnotationIocLoader.java:76) - Found @IocBean : class cn.wizzer.app.web.modules.controllers.platform.cms.CmsLinkClassController
[DEBUG] 2018-10-15 16:13:24,140 org.nutz.ioc.loader.annotation.AnnotationIocLoader.addClass(AnnotationIocLoader.java:76) - Found @IocBean : class cn.wizzer.app.web.modules.controllers.platform.cms.CmsLinkController
[DEBUG] 2018-10-15 16:13:24,140 org.nutz.ioc.loader.annotation.AnnotationIocLoader.addClass(AnnotationIocLoader.java:76) - Found @IocBean : class cn.wizzer.app.web.modules.controllers.platform.cms.CmsSiteController
[DEBUG] 2018-10-15 16:13:24,141 org.nutz.ioc.loader.annotation.AnnotationIocLoader.addClass(AnnotationIocLoader.java:76) - Found @IocBean : class cn.wizzer.app.web.modules.controllers.platform.ins.InsBaseinsController
[DEBUG] 2018-10-15 16:13:24,141 org.nutz.ioc.loader.annotation.AnnotationIocLoader.addClass(AnnotationIocLoader.java:76) - Found @IocBean : class cn.wizzer.app.web.modules.controllers.platform.ins.InsBaseinsSpaceController
[DEBUG] 2018-10-15 16:13:24,141 org.nutz.ioc.loader.annotation.AnnotationIocLoader.addClass(AnnotationIocLoader.java:76) - Found @IocBean : class cn.wizzer.app.web.modules.controllers.platform.ins.InsCabinetController
[DEBUG] 2018-10-15 16:13:24,141 org.nutz.ioc.loader.annotation.AnnotationIocLoader.addClass(AnnotationIocLoader.java:76) - Found @IocBean : class cn.wizzer.app.web.modules.controllers.platform.ins.InsCommonController
[DEBUG] 2018-10-15 16:13:24,141 org.nutz.ioc.loader.annotation.AnnotationIocLoader.addClass(AnnotationIocLoader.java:76) - Found @IocBean : class cn.wizzer.app.web.modules.controllers.platform.ins.InsInstrumentController
[DEBUG] 2018-10-15 16:13:24,141 org.nutz.ioc.loader.annotation.AnnotationIocLoader.addClass(AnnotationIocLoader.java:76) - Found @IocBean : class cn.wizzer.app.web.modules.controllers.platform.ins.InsLockController
[DEBUG] 2018-10-15 16:13:24,141 org.nutz.ioc.loader.annotation.AnnotationIocLoader.addClass(AnnotationIocLoader.java:76) - Found @IocBean : class cn.wizzer.app.web.modules.controllers.platform.ins.InsOrderController
[DEBUG] 2018-10-15 16:13:24,141 org.nutz.ioc.loader.annotation.AnnotationIocLoader.addClass(AnnotationIocLoader.java:76) - Found @IocBean : class cn.wizzer.app.web.modules.controllers.platform.ins.InsOrderentryController
[DEBUG] 2018-10-15 16:13:24,141 org.nutz.ioc.loader.annotation.AnnotationIocLoader.addClass(AnnotationIocLoader.java:76) - Found @IocBean : class cn.wizzer.app.web.modules.controllers.platform.ins.InsRepairController
[DEBUG] 2018-10-15 16:13:24,141 org.nutz.ioc.loader.annotation.AnnotationIocLoader.addClass(AnnotationIocLoader.java:76) - Found @IocBean : class cn.wizzer.app.web.modules.controllers.platform.ins.InsRepairtrackController
[DEBUG] 2018-10-15 16:13:24,141 org.nutz.ioc.loader.annotation.AnnotationIocLoader.addClass(AnnotationIocLoader.java:76) - Found @IocBean : class cn.wizzer.app.web.modules.controllers.platform.ins.InsRfheadController
[DEBUG] 2018-10-15 16:13:24,141 org.nutz.ioc.loader.annotation.AnnotationIocLoader.addClass(AnnotationIocLoader.java:76) - Found @IocBean : class cn.wizzer.app.web.modules.controllers.platform.ins.InsRfidController
[DEBUG] 2018-10-15 16:13:24,141 org.nutz.ioc.loader.annotation.AnnotationIocLoader.addClass(AnnotationIocLoader.java:76) - Found @IocBean : class cn.wizzer.app.web.modules.controllers.platform.ins.InsSpaceController
[DEBUG] 2018-10-15 16:13:24,142 org.nutz.ioc.loader.annotation.AnnotationIocLoader.addClass(AnnotationIocLoader.java:76) - Found @IocBean : class cn.wizzer.app.web.modules.controllers.platform.ins.InsToolcabinetController
[DEBUG] 2018-10-15 16:13:24,142 org.nutz.ioc.loader.annotation.AnnotationIocLoader.addClass(AnnotationIocLoader.java:76) - Found @IocBean : class cn.wizzer.app.web.modules.controllers.platform.ins.InsTransmitController
[DEBUG] 2018-10-15 16:13:24,142 org.nutz.ioc.loader.annotation.AnnotationIocLoader.addClass(AnnotationIocLoader.java:76) - Found @IocBean : class cn.wizzer.app.web.modules.controllers.platform.logistics.LogisticsDeliveryorderController
[DEBUG] 2018-10-15 16:13:24,142 org.nutz.ioc.loader.annotation.AnnotationIocLoader.addClass(AnnotationIocLoader.java:76) - Found @IocBean : class cn.wizzer.app.web.modules.controllers.platform.logistics.LogisticsDeliveryorderentryController
[DEBUG] 2018-10-15 16:13:24,142 org.nutz.ioc.loader.annotation.AnnotationIocLoader.addClass(AnnotationIocLoader.java:76) - Found @IocBean : class cn.wizzer.app.web.modules.controllers.platform.logistics.LogisticsEntourageController
[DEBUG] 2018-10-15 16:13:24,142 org.nutz.ioc.loader.annotation.AnnotationIocLoader.addClass(AnnotationIocLoader.java:76) - Found @IocBean : class cn.wizzer.app.web.modules.controllers.platform.logistics.LogisticsOrderController
[DEBUG] 2018-10-15 16:13:24,142 org.nutz.ioc.loader.annotation.AnnotationIocLoader.addClass(AnnotationIocLoader.java:76) - Found @IocBean : class cn.wizzer.app.web.modules.controllers.platform.logistics.LogisticsOrderdeliveryController
[DEBUG] 2018-10-15 16:13:24,142 org.nutz.ioc.loader.annotation.AnnotationIocLoader.addClass(AnnotationIocLoader.java:76) - Found @IocBean : class cn.wizzer.app.web.modules.controllers.platform.logistics.LogisticsOrderentryController
[DEBUG] 2018-10-15 16:13:24,142 org.nutz.ioc.loader.annotation.AnnotationIocLoader.addClass(AnnotationIocLoader.java:76) - Found @IocBean : class cn.wizzer.app.web.modules.controllers.platform.logistics.LogisticsOrderplanController
[DEBUG] 2018-10-15 16:13:24,142 org.nutz.ioc.loader.annotation.AnnotationIocLoader.addClass(AnnotationIocLoader.java:76) - Found @IocBean : class cn.wizzer.app.web.modules.controllers.platform.logistics.LogisticsOrderplanentryController
[DEBUG] 2018-10-15 16:13:24,142 org.nutz.ioc.loader.annotation.AnnotationIocLoader.addClass(AnnotationIocLoader.java:76) - Found @IocBean : class cn.wizzer.app.web.modules.controllers.platform.logistics.LogisticsOrderrejectController
[DEBUG] 2018-10-15 16:13:24,142 org.nutz.ioc.loader.annotation.AnnotationIocLoader.addClass(AnnotationIocLoader.java:76) - Found @IocBean : class cn.wizzer.app.web.modules.controllers.platform.logistics.LogisticsOrderstepController
[DEBUG] 2018-10-15 16:13:24,142 org.nutz.ioc.loader.annotation.AnnotationIocLoader.addClass(AnnotationIocLoader.java:76) - Found @IocBean : class cn.wizzer.app.web.modules.controllers.platform.logistics.LogisticsSendapprovalController
[DEBUG] 2018-10-15 16:13:24,142 org.nutz.ioc.loader.annotation.AnnotationIocLoader.addClass(AnnotationIocLoader.java:76) - Found @IocBean : class cn.wizzer.app.web.modules.controllers.platform.logistics.LogisticsSendgoodsController
[DEBUG] 2018-10-15 16:13:24,142 org.nutz.ioc.loader.annotation.AnnotationIocLoader.addClass(AnnotationIocLoader.java:76) - Found @IocBean : class cn.wizzer.app.web.modules.controllers.platform.logistics.LogisticsSendplanController
[DEBUG] 2018-10-15 16:13:24,142 org.nutz.ioc.loader.annotation.AnnotationIocLoader.addClass(AnnotationIocLoader.java:76) - Found @IocBean : class cn.wizzer.app.web.modules.controllers.platform.logistics.LogisticsSendtraceController
[DEBUG] 2018-10-15 16:13:24,143 org.nutz.ioc.loader.annotation.AnnotationIocLoader.addClass(AnnotationIocLoader.java:76) - Found @IocBean : class cn.wizzer.app.web.modules.controllers.platform.logistics.LogisticsUnplanController
[DEBUG] 2018-10-15 16:13:24,143 org.nutz.ioc.loader.annotation.AnnotationIocLoader.addClass(AnnotationIocLoader.java:76) - Found @IocBean : class cn.wizzer.app.web.modules.controllers.platform.sys.SysApiController
[DEBUG] 2018-10-15 16:13:24,143 org.nutz.ioc.loader.annotation.AnnotationIocLoader.addClass(AnnotationIocLoader.java:76) - Found @IocBean : class cn.wizzer.app.web.modules.controllers.platform.sys.SysBarcodeController
[DEBUG] 2018-10-15 16:13:24,143 org.nutz.ioc.loader.annotation.AnnotationIocLoader.addClass(AnnotationIocLoader.java:76) - Found @IocBean : class cn.wizzer.app.web.modules.controllers.platform.sys.SysConfController
[DEBUG] 2018-10-15 16:13:24,143 org.nutz.ioc.loader.annotation.AnnotationIocLoader.addClass(AnnotationIocLoader.java:76) - Found @IocBean : class cn.wizzer.app.web.modules.controllers.platform.sys.SysDictController
[DEBUG] 2018-10-15 16:13:24,143 org.nutz.ioc.loader.annotation.AnnotationIocLoader.addClass(AnnotationIocLoader.java:76) - Found @IocBean : class cn.wizzer.app.web.modules.controllers.platform.sys.SysHomeController
[DEBUG] 2018-10-15 16:13:24,143 org.nutz.ioc.loader.annotation.AnnotationIocLoader.addClass(AnnotationIocLoader.java:76) - Found @IocBean : class cn.wizzer.app.web.modules.controllers.platform.sys.SysLogController
[DEBUG] 2018-10-15 16:13:24,143 org.nutz.ioc.loader.annotation.AnnotationIocLoader.addClass(AnnotationIocLoader.java:76) - Found @IocBean : class cn.wizzer.app.web.modules.controllers.platform.sys.SysLoginController
[DEBUG] 2018-10-15 16:13:24,143 org.nutz.ioc.loader.annotation.AnnotationIocLoader.addClass(AnnotationIocLoader.java:76) - Found @IocBean : class cn.wizzer.app.web.modules.controllers.platform.sys.SysMenuController
[DEBUG] 2018-10-15 16:13:24,143 org.nutz.ioc.loader.annotation.AnnotationIocLoader.addClass(AnnotationIocLoader.java:76) - Found @IocBean : class cn.wizzer.app.web.modules.controllers.platform.sys.SysMobileController
[DEBUG] 2018-10-15 16:13:24,143 org.nutz.ioc.loader.annotation.AnnotationIocLoader.addClass(AnnotationIocLoader.java:76) - Found @IocBean : class cn.wizzer.app.web.modules.controllers.platform.sys.SysPluginController
[DEBUG] 2018-10-15 16:13:24,143 org.nutz.ioc.loader.annotation.AnnotationIocLoader.addClass(AnnotationIocLoader.java:76) - Found @IocBean : class cn.wizzer.app.web.modules.controllers.platform.sys.SysRegistauditController
[DEBUG] 2018-10-15 16:13:24,143 org.nutz.ioc.loader.annotation.AnnotationIocLoader.addClass(AnnotationIocLoader.java:76) - Found @IocBean : class cn.wizzer.app.web.modules.controllers.platform.sys.SysRoleController
[DEBUG] 2018-10-15 16:13:24,143 org.nutz.ioc.loader.annotation.AnnotationIocLoader.addClass(AnnotationIocLoader.java:76) - Found @IocBean : class cn.wizzer.app.web.modules.controllers.platform.sys.SysRouteController
[DEBUG] 2018-10-15 16:13:24,143 org.nutz.ioc.loader.annotation.AnnotationIocLoader.addClass(AnnotationIocLoader.java:76) - Found @IocBean : class cn.wizzer.app.web.modules.controllers.platform.sys.SysTaskController
[DEBUG] 2018-10-15 16:13:24,143 org.nutz.ioc.loader.annotation.AnnotationIocLoader.addClass(AnnotationIocLoader.java:76) - Found @IocBean : class cn.wizzer.app.web.modules.controllers.platform.sys.SysTempuserController
[DEBUG] 2018-10-15 16:13:24,143 org.nutz.ioc.loader.annotation.AnnotationIocLoader.addClass(AnnotationIocLoader.java:76) - Found @IocBean : class cn.wizzer.app.web.modules.controllers.platform.sys.SysUnitController
[DEBUG] 2018-10-15 16:13:24,144 org.nutz.ioc.loader.annotation.AnnotationIocLoader.addClass(AnnotationIocLoader.java:76) - Found @IocBean : class cn.wizzer.app.web.modules.controllers.platform.sys.SysUserController
[DEBUG] 2018-10-15 16:13:24,144 org.nutz.ioc.loader.annotation.AnnotationIocLoader.addClass(AnnotationIocLoader.java:76) - Found @IocBean : class cn.wizzer.app.web.modules.controllers.platform.sys.SysVersionController
[DEBUG] 2018-10-15 16:13:24,144 org.nutz.ioc.loader.annotation.AnnotationIocLoader.addClass(AnnotationIocLoader.java:76) - Found @IocBean : class cn.wizzer.app.web.modules.controllers.platform.sys.SysWxController
[DEBUG] 2018-10-15 16:13:24,144 org.nutz.ioc.loader.annotation.AnnotationIocLoader.addClass(AnnotationIocLoader.java:76) - Found @IocBean : class cn.wizzer.app.web.modules.controllers.platform.sys.SysWxDeptController
[DEBUG] 2018-10-15 16:13:24,144 org.nutz.ioc.loader.annotation.AnnotationIocLoader.addClass(AnnotationIocLoader.java:76) - Found @IocBean : class cn.wizzer.app.web.modules.controllers.platform.sys.SysWxUserController
[DEBUG] 2018-10-15 16:13:24,144 org.nutz.ioc.loader.annotation.AnnotationIocLoader.addClass(AnnotationIocLoader.java:76) - Found @IocBean : class cn.wizzer.app.web.modules.controllers.platform.wx.WxConfigController
[DEBUG] 2018-10-15 16:13:24,144 org.nutz.ioc.loader.annotation.AnnotationIocLoader.addClass(AnnotationIocLoader.java:76) - Found @IocBean : class cn.wizzer.app.web.modules.controllers.platform.wx.WxMassController
[DEBUG] 2018-10-15 16:13:24,144 org.nutz.ioc.loader.annotation.AnnotationIocLoader.addClass(AnnotationIocLoader.java:76) - Found @IocBean : class cn.wizzer.app.web.modules.controllers.platform.wx.WxMenuController
[DEBUG] 2018-10-15 16:13:24,144 org.nutz.ioc.loader.annotation.AnnotationIocLoader.addClass(AnnotationIocLoader.java:76) - Found @IocBean : class cn.wizzer.app.web.modules.controllers.platform.wx.WxMsgUserController
[DEBUG] 2018-10-15 16:13:24,144 org.nutz.ioc.loader.annotation.AnnotationIocLoader.addClass(AnnotationIocLoader.java:76) - Found @IocBean : class cn.wizzer.app.web.modules.controllers.platform.wx.WxPayTestController
[DEBUG] 2018-10-15 16:13:24,144 org.nutz.ioc.loader.annotation.AnnotationIocLoader.addClass(AnnotationIocLoader.java:76) - Found @IocBean : class cn.wizzer.app.web.modules.controllers.platform.wx.WxReplyController
[DEBUG] 2018-10-15 16:13:24,144 org.nutz.ioc.loader.annotation.AnnotationIocLoader.addClass(AnnotationIocLoader.java:76) - Found @IocBean : class cn.wizzer.app.web.modules.controllers.platform.wx.WxReplyNewsController
[DEBUG] 2018-10-15 16:13:24,144 org.nutz.ioc.loader.annotation.AnnotationIocLoader.addClass(AnnotationIocLoader.java:76) - Found @IocBean : class cn.wizzer.app.web.modules.controllers.platform.wx.WxReplyTxtController
[DEBUG] 2018-10-15 16:13:24,144 org.nutz.ioc.loader.annotation.AnnotationIocLoader.addClass(AnnotationIocLoader.java:76) - Found @IocBean : class cn.wizzer.app.web.modules.controllers.platform.wx.WxTplIdController
[DEBUG] 2018-10-15 16:13:24,144 org.nutz.ioc.loader.annotation.AnnotationIocLoader.addClass(AnnotationIocLoader.java:76) - Found @IocBean : class cn.wizzer.app.web.modules.controllers.platform.wx.WxTplListController
[DEBUG] 2018-10-15 16:13:24,144 org.nutz.ioc.loader.annotation.AnnotationIocLoader.addClass(AnnotationIocLoader.java:76) - Found @IocBean : class cn.wizzer.app.web.modules.controllers.platform.wx.WxTplLogController
[DEBUG] 2018-10-15 16:13:24,145 org.nutz.ioc.loader.annotation.AnnotationIocLoader.addClass(AnnotationIocLoader.java:76) - Found @IocBean : class cn.wizzer.app.web.modules.controllers.platform.wx.WxUserController
[DEBUG] 2018-10-15 16:13:24,145 org.nutz.ioc.loader.annotation.AnnotationIocLoader.addClass(AnnotationIocLoader.java:76) - Found @IocBean : class cn.wizzer.app.wx.modules.services.impl.WxConfigServiceImpl
[DEBUG] 2018-10-15 16:13:24,145 org.nutz.ioc.loader.annotation.AnnotationIocLoader.addClass(AnnotationIocLoader.java:76) - Found @IocBean : class cn.wizzer.app.wx.modules.services.impl.WxMassNewsServiceImpl
[DEBUG] 2018-10-15 16:13:24,145 org.nutz.ioc.loader.annotation.AnnotationIocLoader.addClass(AnnotationIocLoader.java:76) - Found @IocBean : class cn.wizzer.app.wx.modules.services.impl.WxMassSendServiceImpl
[DEBUG] 2018-10-15 16:13:24,145 org.nutz.ioc.loader.annotation.AnnotationIocLoader.addClass(AnnotationIocLoader.java:76) - Found @IocBean : class cn.wizzer.app.wx.modules.services.impl.WxMassServiceImpl
[DEBUG] 2018-10-15 16:13:24,145 org.nutz.ioc.loader.annotation.AnnotationIocLoader.addClass(AnnotationIocLoader.java:76) - Found @IocBean : class cn.wizzer.app.wx.modules.services.impl.WxMenuServiceImpl
[DEBUG] 2018-10-15 16:13:24,145 org.nutz.ioc.loader.annotation.AnnotationIocLoader.addClass(AnnotationIocLoader.java:76) - Found @IocBean : class cn.wizzer.app.wx.modules.services.impl.WxMsgReplyServiceImpl
[DEBUG] 2018-10-15 16:13:24,145 org.nutz.ioc.loader.annotation.AnnotationIocLoader.addClass(AnnotationIocLoader.java:76) - Found @IocBean : class cn.wizzer.app.wx.modules.services.impl.WxMsgServiceImpl
[DEBUG] 2018-10-15 16:13:24,145 org.nutz.ioc.loader.annotation.AnnotationIocLoader.addClass(AnnotationIocLoader.java:76) - Found @IocBean : class cn.wizzer.app.wx.modules.services.impl.WxReplyNewsServiceImpl
[DEBUG] 2018-10-15 16:13:24,145 org.nutz.ioc.loader.annotation.AnnotationIocLoader.addClass(AnnotationIocLoader.java:76) - Found @IocBean : class cn.wizzer.app.wx.modules.services.impl.WxReplyServiceImpl
[DEBUG] 2018-10-15 16:13:24,145 org.nutz.ioc.loader.annotation.AnnotationIocLoader.addClass(AnnotationIocLoader.java:76) - Found @IocBean : class cn.wizzer.app.wx.modules.services.impl.WxReplyTxtServiceImpl
[DEBUG] 2018-10-15 16:13:24,145 org.nutz.ioc.loader.annotation.AnnotationIocLoader.addClass(AnnotationIocLoader.java:76) - Found @IocBean : class cn.wizzer.app.wx.modules.services.impl.WxTplIdServiceImpl
[DEBUG] 2018-10-15 16:13:24,145 org.nutz.ioc.loader.annotation.AnnotationIocLoader.addClass(AnnotationIocLoader.java:76) - Found @IocBean : class cn.wizzer.app.wx.modules.services.impl.WxTplListServiceImpl
[DEBUG] 2018-10-15 16:13:24,145 org.nutz.ioc.loader.annotation.AnnotationIocLoader.addClass(AnnotationIocLoader.java:76) - Found @IocBean : class cn.wizzer.app.wx.modules.services.impl.WxTplLogServiceImpl
[DEBUG] 2018-10-15 16:13:24,145 org.nutz.ioc.loader.annotation.AnnotationIocLoader.addClass(AnnotationIocLoader.java:76) - Found @IocBean : class cn.wizzer.app.wx.modules.services.impl.WxUserServiceImpl
[DEBUG] 2018-10-15 16:13:24,146 org.nutz.ioc.loader.annotation.AnnotationIocLoader.addClass(AnnotationIocLoader.java:76) - Found @IocBean : class cn.wizzer.test.SimpleTest
[DEBUG] 2018-10-15 16:13:24,147 org.nutz.resource.Scans.scan(Scans.java:274) - Found 0 resource by src( org/nutz/apidoc/ ) , regex( ^.+[.]class$ )
[INFO ] 2018-10-15 16:13:24,148 org.nutz.ioc.loader.annotation.AnnotationIocLoader.<init>(AnnotationIocLoader.java:52) - Found 204 classes in 2 base-packages!
beans = ["wxTplListController", "uploadController", "wxReplyTxtServiceImpl", "logisticsSendplanController", "baseJobServiceImpl", "dateUtil", "qrcodeService", "logisticsSendgoodsServiceImpl", "logisticsOrderentryController", "insLockController", "baseRowofficeentryServiceImpl", "cmsChannelServiceImpl", "insBaseinsServiceImpl", "orderExecute", "cmsArticleController", "basePostController", "baseAirmeterialServiceImpl", "basePersonController", "logisticsOrderplanServiceImpl", "cmsLinkClassController", "basePostServiceImpl", "baseRowofficeServiceImpl", "baseJobController", "baseRowofficeController", "wxReplyController", "insRepairController", "sysConfigServiceImpl", "basePersonpoolController", "baseVehicleController", "wxMsgServiceImpl", "wxPayBackController", "logisticsUnplanController", "mobileInsController", "sysTaskController", "sysBarcodeController", "insTransmitController", "sysDictServiceImpl", "wxConfigServiceImpl", "baseAirportServiceImpl", "apiTestController", "sysMenuController", "cmsSiteServiceImpl", "mobileSysController", "cmsLinkController", "insCommonController", "logisticsOrderplanentryServiceImpl", "insInstrumentController", "sysRegistauditServiceImpl", "insLockServiceImpl", "insOrderController", "wechatController", "wxMsgUserController", "sysDictController", "sysWxUserController", "logisticsDeliveryorderentryController", "basePersonServiceImpl", "insOrderentryServiceImpl", "insRepairtrackController", "insInstrumentServiceImpl", "logisticsSendapprovalServiceImpl", "logisticsOrderdeliveryController", "wxTplListServiceImpl", "tplService", "sysPluginServiceImpl", "insRfheadController", "logisticsSendgoodsController", "mobileBaseController", "baseCnctobjServiceImpl", "nutShiroMethodInterceptor", "insCabinetServiceImpl", "basePlaceServiceImpl", "baseVehicleServiceImpl", "cmsLinkClassServiceImpl", "sysHomeController", "insRfheadServiceImpl", "sysMobileController", "wxMassServiceImpl", "logisticsOrderentryServiceImpl", "logisticsSendplanServiceImpl", "logisticsOrderrejectServiceImpl", "wxHandler", "cmsChannelController", "wxController", "rabbitProducer", "sysTaskServiceImpl", "sysVersionController", "shiroUtil", "wxReplyTxtController", "sysPluginController", "logisticsSendtraceController", "sysApiServiceImpl", "logisticsEntourageServiceImpl", "sLogService", "baseAirportController", "sysApiController", "wxTplIdController", "insSpaceServiceImpl", "logisticsOrderController", "sysTempuserController", "sysUserController", "platformAuthorizingRealm", "testJob", "$aop_1_plugin", "sysRegistauditController", "wxReplyNewsServiceImpl", "insTransmitServiceImpl", "sysLoginController", "wxTplLogServiceImpl", "sysUserServiceImpl", "sysRoleServiceImpl", "sysRouteController", "idcardUtil", "basePlaceController", "sysWxDeptController", "logisticsOrderplanentryController", "userpermissionController", "sysWxServiceImpl", "cmsController", "logisticsSendtraceServiceImpl", "insOrderentryController", "logisticsSendapprovalController", "wxMenuController", "insOrderServiceImpl", "weixinController", "code128Util", "insRepairServiceImpl", "logisticsOrderplanController", "wxMsgReplyServiceImpl", "logisticsOrderdeliveryServiceImpl", "cmsArticleServiceImpl", "baseCnctobjController", "baseCustomerController", "insBaseinsController", "insRfidServiceImpl", "cookieUtil", "baseRowofficeentryController", "logisticsOrderstepServiceImpl", "wxReplyServiceImpl", "bdController", "redisIdGenerator", "insBaseinsSpaceServiceImpl", "cmsSiteController", "logisticsDeliveryorderServiceImpl", "insCabinetController", "logisticsOrderServiceImpl", "sysWxDeptServiceImpl", "sysWxController", "mobileOrderController", "sysRoleController", "logisticsEntourageController", "insCommonServiceImpl", "sysUnitController", "padInsController", "wxMassSendServiceImpl", "logisticsDeliveryorderController", "rSAUtil", "wxConfigController", "stringUtil", "baseCustomerServiceImpl", "basePersonpoolServiceImpl", "insBaseinsSpaceController", "wxUserServiceImpl", "insSpaceController", "sysTempuserServiceImpl", "baseWarehouseServiceImpl", "insToolcabinetController", "sysWxUserServiceImpl", "dynamicInterceptor", "sysLogController", "wxMassController", "emailService", "baseWarehouseController", "insToolcabinetServiceImpl", "wxMenuServiceImpl", "wxReplyNewsController", "baseDeptServiceImpl", "sysRouteServiceImpl", "insRepairtrackServiceImpl", "wxMassNewsServiceImpl", "baseAirmeterialController", "sysMenuServiceImpl", "sysMobileServiceImpl", "simpleTest", "logisticsOrderstepController", "sysLogServiceImpl", "logisticsUnplanServiceImpl", "wxTplIdServiceImpl", "logisticsDeliveryorderentryServiceImpl", "$aop_syslog", "padSysController", "baseDeptController", "logisticsOrderrejectController", "padOrderController", "sysBarcodeServiceImpl", "wxTplLogController", "wxUserController", "wxPayTestController", "tokenController", "sysVersionServiceImpl", "cmsLinkServiceImpl", "sysUnitServiceImpl", "insRfidController", "sysConfController", "pluginMaster"]
[DEBUG] 2018-10-15 16:13:24,148 org.nutz.ioc.loader.combo.ComboIocLoader.createIocLoader(ComboIocLoader.java:110) - found jedis -- org.nutz.integration.jedis.JedisIocLoader
[DEBUG] 2018-10-15 16:13:24,149 org.nutz.resource.Scans.scan(Scans.java:274) - Found 1 resource by src( org/nutz/integration/jedis/jedis.js ) , regex( ^(.+[.])(js|json)$ )
[DEBUG] 2018-10-15 16:13:24,149 org.nutz.ioc.loader.json.JsonLoader.<init>(JsonLoader.java:49) - loading [org/nutz/integration/jedis/jedis.js]
[DEBUG] 2018-10-15 16:13:24,150 org.nutz.ioc.loader.json.JsonLoader.<init>(JsonLoader.java:57) - Loaded 9 bean define from path=[org/nutz/integration/jedis/jedis.js] --> [redisService, jedisCluster, jedisClusterNodes, jedisClusterWrapper, pubSubService, jedisPoolConfig, jedisPool, jedisAgent, redis]
[DEBUG] 2018-10-15 16:13:24,150 org.nutz.ioc.loader.json.JsonLoader.<init>(JsonLoader.java:40) - Loaded 5 bean define from reader --
[txREPEATABLE_READ, txSERIALIZABLE, txNONE, txREAD_UNCOMMITTED, txREAD_COMMITTED]
[DEBUG] 2018-10-15 16:13:24,151 org.nutz.ioc.loader.combo.ComboIocLoader.createIocLoader(ComboIocLoader.java:110) - found quartz -- org.nutz.integration.quartz.QuartzIocLoader
[DEBUG] 2018-10-15 16:13:24,151 org.nutz.ioc.loader.json.JsonLoader.<init>(JsonLoader.java:57) - Loaded 0 bean define from path=[] --> []
[DEBUG] 2018-10-15 16:13:24,152 org.nutz.ioc.aop.SimpleAopMaker.<init>(SimpleAopMaker.java:79) - Load AopConfigure for anno=org.nutz.aop.interceptor.async.Async by type=org.nutz.aop.interceptor.async.AsyncAopIocLoader
[DEBUG] 2018-10-15 16:13:24,152 org.nutz.ioc.loader.combo.ComboIocLoader.createIocLoader(ComboIocLoader.java:110) - found rabbitmq -- org.nutz.integration.rabbitmq.RabbitmqIocLoader
[DEBUG] 2018-10-15 16:13:24,153 org.nutz.resource.Scans.scan(Scans.java:274) - Found 1 resource by src( org/nutz/integration/rabbitmq/rabbitmq.js ) , regex( ^(.+[.])(js|json)$ )
[DEBUG] 2018-10-15 16:13:24,153 org.nutz.ioc.loader.json.JsonLoader.<init>(JsonLoader.java:49) - loading [org/nutz/integration/rabbitmq/rabbitmq.js]
[DEBUG] 2018-10-15 16:13:24,154 org.nutz.ioc.loader.json.JsonLoader.<init>(JsonLoader.java:57) - Loaded 2 bean define from path=[org/nutz/integration/rabbitmq/rabbitmq.js] --> [rabbitmq, rabbitmq_cf]
[INFO ] 2018-10-15 16:13:24,154 org.nutz.ioc.impl.NutIoc.<init>(NutIoc.java:98) - NutIoc init begin ...
[INFO ] 2018-10-15 16:13:24,154 org.nutz.ioc.impl.NutIoc.<init>(NutIoc.java:115) - ... NutIoc init complete
[DEBUG] 2018-10-15 16:13:24,154 org.nutz.ioc.impl.NutIoc.get(NutIoc.java:151) - Get 'conf'<class org.nutz.ioc.impl.PropertiesProxy>
[DEBUG] 2018-10-15 16:13:24,154 org.nutz.ioc.impl.NutIoc.get(NutIoc.java:151) - Get '$aop_1_plugin'<interface org.nutz.ioc.aop.config.AopConfigration>
[DEBUG] 2018-10-15 16:13:24,154 org.nutz.ioc.impl.NutIoc.get(NutIoc.java:177) - 	 >> Load definition name=$aop_1_plugin
[DEBUG] 2018-10-15 16:13:24,154 org.nutz.ioc.loader.combo.ComboIocLoader.load(ComboIocLoader.java:161) - Found IocObject($aop_1_plugin) in AnnotationIocLoader(packages=[cn.wizzer, org.nutz.apidoc])
[DEBUG] 2018-10-15 16:13:24,154 org.nutz.ioc.impl.NutIoc.get(NutIoc.java:209) - 	 >> Make...'$aop_1_plugin'<interface org.nutz.ioc.aop.config.AopConfigration>
[DEBUG] 2018-10-15 16:13:24,154 org.nutz.ioc.impl.ScopeContext.save(ScopeContext.java:64) - Save object '$aop_1_plugin' to [app] 
[DEBUG] 2018-10-15 16:13:24,155 org.nutz.ioc.impl.NutIoc.get(NutIoc.java:151) - Get 'dynamicInterceptor'<class cn.wizzer.app.web.commons.plugin.DynamicInterceptor>
[DEBUG] 2018-10-15 16:13:24,155 org.nutz.ioc.impl.NutIoc.get(NutIoc.java:177) - 	 >> Load definition name=dynamicInterceptor
[DEBUG] 2018-10-15 16:13:24,155 org.nutz.ioc.loader.combo.ComboIocLoader.load(ComboIocLoader.java:161) - Found IocObject(dynamicInterceptor) in AnnotationIocLoader(packages=[cn.wizzer, org.nutz.apidoc])
[DEBUG] 2018-10-15 16:13:24,155 org.nutz.ioc.impl.NutIoc.get(NutIoc.java:209) - 	 >> Make...'dynamicInterceptor'<class cn.wizzer.app.web.commons.plugin.DynamicInterceptor>
[DEBUG] 2018-10-15 16:13:24,155 org.nutz.ioc.impl.ScopeContext.save(ScopeContext.java:64) - Save object 'dynamicInterceptor' to [app] 
[DEBUG] 2018-10-15 16:13:24,155 org.nutz.ioc.impl.NutIoc.get(NutIoc.java:151) - Get '$aop_async'<interface org.nutz.ioc.aop.config.AopConfigration>
[DEBUG] 2018-10-15 16:13:24,155 org.nutz.ioc.impl.NutIoc.get(NutIoc.java:177) - 	 >> Load definition name=$aop_async
[DEBUG] 2018-10-15 16:13:24,155 org.nutz.ioc.loader.combo.ComboIocLoader.load(ComboIocLoader.java:161) - Found IocObject($aop_async) in AsyncAopIocLoader@1652764753
[DEBUG] 2018-10-15 16:13:24,155 org.nutz.ioc.impl.NutIoc.get(NutIoc.java:209) - 	 >> Make...'$aop_async'<interface org.nutz.ioc.aop.config.AopConfigration>
[DEBUG] 2018-10-15 16:13:24,155 org.nutz.ioc.impl.ScopeContext.save(ScopeContext.java:64) - Save object '$aop_async' to [app] 
[DEBUG] 2018-10-15 16:13:24,155 org.nutz.ioc.impl.NutIoc.get(NutIoc.java:151) - Get '$aop_syslog'<interface org.nutz.ioc.aop.config.AopConfigration>
[DEBUG] 2018-10-15 16:13:24,155 org.nutz.ioc.impl.NutIoc.get(NutIoc.java:177) - 	 >> Load definition name=$aop_syslog
[DEBUG] 2018-10-15 16:13:24,155 org.nutz.ioc.loader.combo.ComboIocLoader.load(ComboIocLoader.java:161) - Found IocObject($aop_syslog) in AnnotationIocLoader(packages=[cn.wizzer, org.nutz.apidoc])
[DEBUG] 2018-10-15 16:13:24,155 org.nutz.ioc.impl.NutIoc.get(NutIoc.java:209) - 	 >> Make...'$aop_syslog'<interface org.nutz.ioc.aop.config.AopConfigration>
[DEBUG] 2018-10-15 16:13:24,156 org.nutz.ioc.impl.ScopeContext.save(ScopeContext.java:64) - Save object '$aop_syslog' to [app] 
[DEBUG] 2018-10-15 16:13:24,156 org.nutz.ioc.aop.SimpleAopMaker.<init>(SimpleAopMaker.java:79) - Load AopConfigure for anno=cn.wizzer.app.web.commons.slog.annotation.SLog by type=cn.wizzer.app.web.commons.slog.SLogAopConfigration
[DEBUG] 2018-10-15 16:13:24,156 org.nutz.ioc.aop.SimpleAopMaker.<init>(SimpleAopMaker.java:79) - Load AopConfigure for anno=org.nutz.ioc.aop.Aop by type=org.nutz.ioc.aop.config.impl.AnnotationAopConfigration
[DEBUG] 2018-10-15 16:13:24,156 org.nutz.ioc.impl.NutIoc.get(NutIoc.java:177) - 	 >> Load definition name=conf
[DEBUG] 2018-10-15 16:13:24,156 org.nutz.ioc.loader.map.MapLoader.load(MapLoader.java:67) - Loading define for name=conf
[DEBUG] 2018-10-15 16:13:24,156 org.nutz.ioc.loader.combo.ComboIocLoader.load(ComboIocLoader.java:161) - Found IocObject(conf) in JsonLoader(paths=[config/ioc/])
[DEBUG] 2018-10-15 16:13:24,156 org.nutz.ioc.impl.NutIoc.get(NutIoc.java:209) - 	 >> Make...'conf'<class org.nutz.ioc.impl.PropertiesProxy>
[DEBUG] 2018-10-15 16:13:24,156 cn.wizzer.app.web.commons.plugin.PluginAopConfigure.getInterceptorPairList(PluginAopConfigure.java:33) - skip -- org.nutz.ioc.impl.PropertiesProxy
[DEBUG] 2018-10-15 16:13:24,156 org.nutz.ioc.aop.impl.DefaultMirrorFactory.getMirror(DefaultMirrorFactory.java:70) - Load class org.nutz.ioc.impl.PropertiesProxy without AOP
[DEBUG] 2018-10-15 16:13:24,156 org.nutz.ioc.impl.ScopeContext.save(ScopeContext.java:64) - Save object 'conf' to [app] 
[DEBUG] 2018-10-15 16:13:24,159 org.nutz.resource.Scans.scan(Scans.java:274) - Found 4 resource by src( config/custom/ ) , regex( ^.+[.]properties$ )
[DEBUG] 2018-10-15 16:13:24,159 org.nutz.ioc.impl.PropertiesProxy.setPaths(PropertiesProxy.java:113) - load properties from File[C:\Users\Administrator\IdeaProjects\XA-Instrument\wk-app\wk-web\target\classes\config\custom\db.properties]
[DEBUG] 2018-10-15 16:13:24,159 org.nutz.ioc.impl.PropertiesProxy.setPaths(PropertiesProxy.java:113) - load properties from File[C:\Users\Administrator\IdeaProjects\XA-Instrument\wk-app\wk-web\target\classes\config\custom\mail.properties]
[DEBUG] 2018-10-15 16:13:24,159 org.nutz.ioc.impl.PropertiesProxy.setPaths(PropertiesProxy.java:113) - load properties from File[C:\Users\Administrator\IdeaProjects\XA-Instrument\wk-app\wk-web\target\classes\config\custom\rabbit.properties]
[DEBUG] 2018-10-15 16:13:24,160 org.nutz.ioc.impl.PropertiesProxy.setPaths(PropertiesProxy.java:113) - load properties from File[C:\Users\Administrator\IdeaProjects\XA-Instrument\wk-app\wk-web\target\classes\config\custom\redis.properties]
[DEBUG] 2018-10-15 16:13:24,160 org.nutz.ioc.impl.NutIoc.get(NutIoc.java:151) - Get 'simpleTest'<class cn.wizzer.test.SimpleTest>
[DEBUG] 2018-10-15 16:13:24,160 org.nutz.ioc.impl.NutIoc.get(NutIoc.java:177) - 	 >> Load definition name=simpleTest
[DEBUG] 2018-10-15 16:13:24,160 org.nutz.ioc.loader.combo.ComboIocLoader.load(ComboIocLoader.java:161) - Found IocObject(simpleTest) in AnnotationIocLoader(packages=[cn.wizzer, org.nutz.apidoc])
[DEBUG] 2018-10-15 16:13:24,161 org.nutz.ioc.impl.NutIoc.get(NutIoc.java:209) - 	 >> Make...'simpleTest'<class cn.wizzer.test.SimpleTest>
[DEBUG] 2018-10-15 16:13:24,161 cn.wizzer.app.web.commons.plugin.PluginAopConfigure.getInterceptorPairList(PluginAopConfigure.java:33) - skip -- cn.wizzer.test.SimpleTest
[DEBUG] 2018-10-15 16:13:24,161 org.nutz.ioc.aop.impl.DefaultMirrorFactory.getMirror(DefaultMirrorFactory.java:70) - Load class cn.wizzer.test.SimpleTest without AOP
[DEBUG] 2018-10-15 16:13:24,161 org.nutz.ioc.impl.ScopeContext.save(ScopeContext.java:64) - Save object 'simpleTest' to [app] 
[DEBUG] 2018-10-15 16:13:24,162 org.nutz.ioc.impl.NutIoc.get(NutIoc.java:151) - Get 'dao'<interface org.nutz.dao.Dao>
[DEBUG] 2018-10-15 16:13:24,162 org.nutz.ioc.impl.NutIoc.get(NutIoc.java:177) - 	 >> Load definition name=dao
[DEBUG] 2018-10-15 16:13:24,162 org.nutz.ioc.loader.map.MapLoader.load(MapLoader.java:67) - Loading define for name=dao
[DEBUG] 2018-10-15 16:13:24,162 org.nutz.ioc.loader.combo.ComboIocLoader.load(ComboIocLoader.java:161) - Found IocObject(dao) in JsonLoader(paths=[config/ioc/])
[DEBUG] 2018-10-15 16:13:24,162 org.nutz.ioc.impl.NutIoc.get(NutIoc.java:209) - 	 >> Make...'dao'<interface org.nutz.dao.Dao>
[DEBUG] 2018-10-15 16:13:24,162 cn.wizzer.app.web.commons.plugin.PluginAopConfigure.getInterceptorPairList(PluginAopConfigure.java:33) - skip -- org.nutz.dao.impl.NutDao
[DEBUG] 2018-10-15 16:13:24,162 org.nutz.ioc.aop.impl.DefaultMirrorFactory.getMirror(DefaultMirrorFactory.java:70) - Load class org.nutz.dao.impl.NutDao without AOP
[DEBUG] 2018-10-15 16:13:24,162 org.nutz.ioc.impl.ScopeContext.save(ScopeContext.java:64) - Save object 'dao' to [app] 
[DEBUG] 2018-10-15 16:13:24,162 org.nutz.ioc.impl.NutIoc.get(NutIoc.java:151) - Get 'dataSource'<>
[DEBUG] 2018-10-15 16:13:24,162 org.nutz.ioc.impl.NutIoc.get(NutIoc.java:177) - 	 >> Load definition name=dataSource
[DEBUG] 2018-10-15 16:13:24,163 org.nutz.ioc.loader.map.MapLoader.load(MapLoader.java:67) - Loading define for name=dataSource
[DEBUG] 2018-10-15 16:13:24,163 org.nutz.ioc.loader.combo.ComboIocLoader.load(ComboIocLoader.java:161) - Found IocObject(dataSource) in JsonLoader(paths=[config/ioc/])
[DEBUG] 2018-10-15 16:13:24,163 org.nutz.ioc.impl.NutIoc.get(NutIoc.java:209) - 	 >> Make...'dataSource'<>
[DEBUG] 2018-10-15 16:13:24,163 cn.wizzer.app.web.commons.plugin.PluginAopConfigure.getInterceptorPairList(PluginAopConfigure.java:33) - skip -- com.alibaba.druid.pool.DruidDataSource
[DEBUG] 2018-10-15 16:13:24,163 org.nutz.ioc.aop.impl.DefaultMirrorFactory.getMirror(DefaultMirrorFactory.java:70) - Load class com.alibaba.druid.pool.DruidDataSource without AOP
[DEBUG] 2018-10-15 16:13:24,163 org.nutz.ioc.impl.ScopeContext.save(ScopeContext.java:64) - Save object 'dataSource' to [app] 
[DEBUG] 2018-10-15 16:13:24,163 org.nutz.ioc.impl.NutIoc.get(NutIoc.java:151) - Get 'conf'<>
[DEBUG] 2018-10-15 16:13:24,164 org.nutz.ioc.impl.ScopeContext.remove(ScopeContext.java:84) - Remove object 'dataSource' from [app] 
[DEBUG] 2018-10-15 16:13:24,164 org.nutz.ioc.impl.ScopeContext.remove(ScopeContext.java:84) - Remove object 'dao' from [app] 
[DEBUG] 2018-10-15 16:13:24,164 org.nutz.ioc.impl.ScopeContext.remove(ScopeContext.java:84) - Remove object 'simpleTest' from [app] 
]]></system-out>
  </testcase>
  <testcase name="testGoods" classname="cn.wizzer.test.SimpleTest" time="0">
    <error message="IocBean[simpleTest] throw Exception when creating" type="org.nutz.ioc.IocException">org.nutz.ioc.IocException: IocBean[simpleTest] throw Exception when creating
Caused by: java.lang.RuntimeException: IocBean[simpleTest] fail at field=[dao]
Caused by: org.nutz.ioc.IocException: IocBean[dao -> dataSource] throw Exception when creating
Caused by: java.lang.IllegalArgumentException: Failed to decrypt.
Caused by: java.lang.IllegalArgumentException: String length must be a multiple of four.
</error>
    <system-out><![CDATA[[INFO ] 2018-10-15 16:13:24,164 org.nutz.ioc.impl.NutIoc.depose(NutIoc.java:255) - org.nutz.ioc.impl.NutIoc@478489615 is closing. startup date [18-10-15 16:13:24.154]
[DEBUG] 2018-10-15 16:13:24,164 org.nutz.ioc.impl.ScopeContext.clear(ScopeContext.java:108) - Depose object 'conf' ...
[DEBUG] 2018-10-15 16:13:24,165 org.nutz.ioc.impl.ScopeContext.clear(ScopeContext.java:108) - Depose object '$aop_syslog' ...
[DEBUG] 2018-10-15 16:13:24,165 org.nutz.ioc.impl.ScopeContext.clear(ScopeContext.java:108) - Depose object '$aop_async' ...
[DEBUG] 2018-10-15 16:13:24,165 org.nutz.ioc.impl.ScopeContext.clear(ScopeContext.java:108) - Depose object 'dynamicInterceptor' ...
[DEBUG] 2018-10-15 16:13:24,165 org.nutz.ioc.impl.ScopeContext.clear(ScopeContext.java:108) - Depose object '$aop_1_plugin' ...
[INFO ] 2018-10-15 16:13:24,165 org.nutz.ioc.impl.NutIoc.depose(NutIoc.java:262) - org.nutz.ioc.impl.NutIoc@478489615 is deposed. startup date [18-10-15 16:13:24.154]
[DEBUG] 2018-10-15 16:13:24,167 org.nutz.resource.Scans.scan(Scans.java:274) - Found 4 resource by src( config/ioc/ ) , regex( ^(.+[.])(js|json)$ )
[DEBUG] 2018-10-15 16:13:24,167 org.nutz.ioc.loader.json.JsonLoader.<init>(JsonLoader.java:49) - loading [dao.json]
[DEBUG] 2018-10-15 16:13:24,168 org.nutz.ioc.loader.json.JsonLoader.<init>(JsonLoader.java:49) - loading [ehcache.json]
[DEBUG] 2018-10-15 16:13:24,168 org.nutz.ioc.loader.json.JsonLoader.<init>(JsonLoader.java:49) - loading [mail.json]
[DEBUG] 2018-10-15 16:13:24,168 org.nutz.ioc.loader.json.JsonLoader.<init>(JsonLoader.java:49) - loading [upload.json]
[DEBUG] 2018-10-15 16:13:24,168 org.nutz.ioc.loader.json.JsonLoader.<init>(JsonLoader.java:57) - Loaded 15 bean define from path=[config/ioc/] --> [videoUpload, conf, uploadVideoContext, imageUpload, fileUpload, cacheManager, dao, cacheProvider, emailAuthenticator, uploadFileContext, htmlEmail, cacheExecutor, tmpFilePool, uploadImageContext, dataSource]
[DEBUG] 2018-10-15 16:13:24,313 org.nutz.resource.Scans.scan(Scans.java:274) - Found 452 resource by src( cn/wizzer/ ) , regex( ^.+[.]class$ )
[DEBUG] 2018-10-15 16:13:24,315 org.nutz.ioc.loader.annotation.AnnotationIocLoader.addClass(AnnotationIocLoader.java:76) - Found @IocBean : class cn.wizzer.framework.util.StringUtil
[DEBUG] 2018-10-15 16:13:24,315 org.nutz.ioc.loader.annotation.AnnotationIocLoader.addClass(AnnotationIocLoader.java:76) - Found @IocBean : class cn.wizzer.framework.util.CookieUtil
[DEBUG] 2018-10-15 16:13:24,315 org.nutz.ioc.loader.annotation.AnnotationIocLoader.addClass(AnnotationIocLoader.java:76) - Found @IocBean : class cn.wizzer.framework.ig.RedisIdGenerator
[DEBUG] 2018-10-15 16:13:24,315 org.nutz.ioc.loader.annotation.AnnotationIocLoader.addClass(AnnotationIocLoader.java:76) - Found @IocBean : class cn.wizzer.framework.util.DateUtil
[DEBUG] 2018-10-15 16:13:24,315 org.nutz.ioc.loader.annotation.AnnotationIocLoader.addClass(AnnotationIocLoader.java:76) - Found @IocBean : class cn.wizzer.framework.shiro.interceptor.NutShiroMethodInterceptor
[DEBUG] 2018-10-15 16:13:24,315 org.nutz.ioc.loader.annotation.AnnotationIocLoader.addClass(AnnotationIocLoader.java:76) - Found @IocBean : class cn.wizzer.framework.util.IdcardUtil
[DEBUG] 2018-10-15 16:13:24,315 org.nutz.ioc.loader.annotation.AnnotationIocLoader.addClass(AnnotationIocLoader.java:76) - Found @IocBean : class cn.wizzer.framework.rabbit.RabbitProducer
[DEBUG] 2018-10-15 16:13:24,315 org.nutz.ioc.loader.annotation.AnnotationIocLoader.addClass(AnnotationIocLoader.java:76) - Found @IocBean : class cn.wizzer.framework.util.RSAUtil
[DEBUG] 2018-10-15 16:13:24,315 org.nutz.ioc.loader.annotation.AnnotationIocLoader.addClass(AnnotationIocLoader.java:76) - Found @IocBean : class cn.wizzer.framework.util.ShiroUtil
[DEBUG] 2018-10-15 16:13:24,315 org.nutz.ioc.loader.annotation.AnnotationIocLoader.addClass(AnnotationIocLoader.java:76) - Found @IocBean : class cn.wizzer.framework.util.Code128Util
[DEBUG] 2018-10-15 16:13:24,316 org.nutz.ioc.loader.annotation.AnnotationIocLoader.addClass(AnnotationIocLoader.java:76) - Found @IocBean : class cn.wizzer.app.base.modules.services.impl.BaseAirmeterialServiceImpl
[DEBUG] 2018-10-15 16:13:24,316 org.nutz.ioc.loader.annotation.AnnotationIocLoader.addClass(AnnotationIocLoader.java:76) - Found @IocBean : class cn.wizzer.app.base.modules.services.impl.BaseAirportServiceImpl
[DEBUG] 2018-10-15 16:13:24,316 org.nutz.ioc.loader.annotation.AnnotationIocLoader.addClass(AnnotationIocLoader.java:76) - Found @IocBean : class cn.wizzer.app.base.modules.services.impl.BaseCnctobjServiceImpl
[DEBUG] 2018-10-15 16:13:24,316 org.nutz.ioc.loader.annotation.AnnotationIocLoader.addClass(AnnotationIocLoader.java:76) - Found @IocBean : class cn.wizzer.app.base.modules.services.impl.BaseCustomerServiceImpl
[DEBUG] 2018-10-15 16:13:24,316 org.nutz.ioc.loader.annotation.AnnotationIocLoader.addClass(AnnotationIocLoader.java:76) - Found @IocBean : class cn.wizzer.app.base.modules.services.impl.BaseDeptServiceImpl
[DEBUG] 2018-10-15 16:13:24,316 org.nutz.ioc.loader.annotation.AnnotationIocLoader.addClass(AnnotationIocLoader.java:76) - Found @IocBean : class cn.wizzer.app.base.modules.services.impl.BaseJobServiceImpl
[DEBUG] 2018-10-15 16:13:24,316 org.nutz.ioc.loader.annotation.AnnotationIocLoader.addClass(AnnotationIocLoader.java:76) - Found @IocBean : class cn.wizzer.app.base.modules.services.impl.BasePersonpoolServiceImpl
[DEBUG] 2018-10-15 16:13:24,316 org.nutz.ioc.loader.annotation.AnnotationIocLoader.addClass(AnnotationIocLoader.java:76) - Found @IocBean : class cn.wizzer.app.base.modules.services.impl.BasePersonServiceImpl
[DEBUG] 2018-10-15 16:13:24,316 org.nutz.ioc.loader.annotation.AnnotationIocLoader.addClass(AnnotationIocLoader.java:76) - Found @IocBean : class cn.wizzer.app.base.modules.services.impl.BasePlaceServiceImpl
[DEBUG] 2018-10-15 16:13:24,316 org.nutz.ioc.loader.annotation.AnnotationIocLoader.addClass(AnnotationIocLoader.java:76) - Found @IocBean : class cn.wizzer.app.base.modules.services.impl.BasePostServiceImpl
[DEBUG] 2018-10-15 16:13:24,316 org.nutz.ioc.loader.annotation.AnnotationIocLoader.addClass(AnnotationIocLoader.java:76) - Found @IocBean : class cn.wizzer.app.base.modules.services.impl.BaseRowofficeentryServiceImpl
[DEBUG] 2018-10-15 16:13:24,316 org.nutz.ioc.loader.annotation.AnnotationIocLoader.addClass(AnnotationIocLoader.java:76) - Found @IocBean : class cn.wizzer.app.base.modules.services.impl.BaseRowofficeServiceImpl
[DEBUG] 2018-10-15 16:13:24,316 org.nutz.ioc.loader.annotation.AnnotationIocLoader.addClass(AnnotationIocLoader.java:76) - Found @IocBean : class cn.wizzer.app.base.modules.services.impl.BaseVehicleServiceImpl
[DEBUG] 2018-10-15 16:13:24,316 org.nutz.ioc.loader.annotation.AnnotationIocLoader.addClass(AnnotationIocLoader.java:76) - Found @IocBean : class cn.wizzer.app.base.modules.services.impl.BaseWarehouseServiceImpl
[DEBUG] 2018-10-15 16:13:24,316 org.nutz.ioc.loader.annotation.AnnotationIocLoader.addClass(AnnotationIocLoader.java:76) - Found @IocBean : class cn.wizzer.app.cms.modules.services.impl.CmsArticleServiceImpl
[DEBUG] 2018-10-15 16:13:24,317 org.nutz.ioc.loader.annotation.AnnotationIocLoader.addClass(AnnotationIocLoader.java:76) - Found @IocBean : class cn.wizzer.app.cms.modules.services.impl.CmsChannelServiceImpl
[DEBUG] 2018-10-15 16:13:24,317 org.nutz.ioc.loader.annotation.AnnotationIocLoader.addClass(AnnotationIocLoader.java:76) - Found @IocBean : class cn.wizzer.app.cms.modules.services.impl.CmsLinkClassServiceImpl
[DEBUG] 2018-10-15 16:13:24,317 org.nutz.ioc.loader.annotation.AnnotationIocLoader.addClass(AnnotationIocLoader.java:76) - Found @IocBean : class cn.wizzer.app.cms.modules.services.impl.CmsLinkServiceImpl
[DEBUG] 2018-10-15 16:13:24,317 org.nutz.ioc.loader.annotation.AnnotationIocLoader.addClass(AnnotationIocLoader.java:76) - Found @IocBean : class cn.wizzer.app.cms.modules.services.impl.CmsSiteServiceImpl
[DEBUG] 2018-10-15 16:13:24,317 org.nutz.ioc.loader.annotation.AnnotationIocLoader.addClass(AnnotationIocLoader.java:76) - Found @IocBean : class cn.wizzer.app.ins.modules.services.impl.InsBaseinsServiceImpl
[DEBUG] 2018-10-15 16:13:24,317 org.nutz.ioc.loader.annotation.AnnotationIocLoader.addClass(AnnotationIocLoader.java:76) - Found @IocBean : class cn.wizzer.app.ins.modules.services.impl.InsBaseinsSpaceServiceImpl
[DEBUG] 2018-10-15 16:13:24,317 org.nutz.ioc.loader.annotation.AnnotationIocLoader.addClass(AnnotationIocLoader.java:76) - Found @IocBean : class cn.wizzer.app.ins.modules.services.impl.InsCabinetServiceImpl
[DEBUG] 2018-10-15 16:13:24,317 org.nutz.ioc.loader.annotation.AnnotationIocLoader.addClass(AnnotationIocLoader.java:76) - Found @IocBean : class cn.wizzer.app.ins.modules.services.impl.InsCommonServiceImpl
[DEBUG] 2018-10-15 16:13:24,317 org.nutz.ioc.loader.annotation.AnnotationIocLoader.addClass(AnnotationIocLoader.java:76) - Found @IocBean : class cn.wizzer.app.ins.modules.services.impl.InsInstrumentServiceImpl
[DEBUG] 2018-10-15 16:13:24,317 org.nutz.ioc.loader.annotation.AnnotationIocLoader.addClass(AnnotationIocLoader.java:76) - Found @IocBean : class cn.wizzer.app.ins.modules.services.impl.InsLockServiceImpl
[DEBUG] 2018-10-15 16:13:24,317 org.nutz.ioc.loader.annotation.AnnotationIocLoader.addClass(AnnotationIocLoader.java:76) - Found @IocBean : class cn.wizzer.app.ins.modules.services.impl.InsOrderentryServiceImpl
[DEBUG] 2018-10-15 16:13:24,317 org.nutz.ioc.loader.annotation.AnnotationIocLoader.addClass(AnnotationIocLoader.java:76) - Found @IocBean : class cn.wizzer.app.ins.modules.services.impl.InsOrderServiceImpl
[DEBUG] 2018-10-15 16:13:24,317 org.nutz.ioc.loader.annotation.AnnotationIocLoader.addClass(AnnotationIocLoader.java:76) - Found @IocBean : class cn.wizzer.app.ins.modules.services.impl.InsRepairServiceImpl
[DEBUG] 2018-10-15 16:13:24,317 org.nutz.ioc.loader.annotation.AnnotationIocLoader.addClass(AnnotationIocLoader.java:76) - Found @IocBean : class cn.wizzer.app.ins.modules.services.impl.InsRepairtrackServiceImpl
[DEBUG] 2018-10-15 16:13:24,318 org.nutz.ioc.loader.annotation.AnnotationIocLoader.addClass(AnnotationIocLoader.java:76) - Found @IocBean : class cn.wizzer.app.ins.modules.services.impl.InsRfheadServiceImpl
[DEBUG] 2018-10-15 16:13:24,318 org.nutz.ioc.loader.annotation.AnnotationIocLoader.addClass(AnnotationIocLoader.java:76) - Found @IocBean : class cn.wizzer.app.ins.modules.services.impl.InsRfidServiceImpl
[DEBUG] 2018-10-15 16:13:24,318 org.nutz.ioc.loader.annotation.AnnotationIocLoader.addClass(AnnotationIocLoader.java:76) - Found @IocBean : class cn.wizzer.app.ins.modules.services.impl.InsSpaceServiceImpl
[DEBUG] 2018-10-15 16:13:24,318 org.nutz.ioc.loader.annotation.AnnotationIocLoader.addClass(AnnotationIocLoader.java:76) - Found @IocBean : class cn.wizzer.app.ins.modules.services.impl.InsToolcabinetServiceImpl
[DEBUG] 2018-10-15 16:13:24,318 org.nutz.ioc.loader.annotation.AnnotationIocLoader.addClass(AnnotationIocLoader.java:76) - Found @IocBean : class cn.wizzer.app.ins.modules.services.impl.InsTransmitServiceImpl
[DEBUG] 2018-10-15 16:13:24,318 org.nutz.ioc.loader.annotation.AnnotationIocLoader.addClass(AnnotationIocLoader.java:76) - Found @IocBean : class cn.wizzer.app.logistics.modules.services.impl.LogisticsDeliveryorderentryServiceImpl
[DEBUG] 2018-10-15 16:13:24,318 org.nutz.ioc.loader.annotation.AnnotationIocLoader.addClass(AnnotationIocLoader.java:76) - Found @IocBean : class cn.wizzer.app.logistics.modules.services.impl.LogisticsDeliveryorderServiceImpl
[DEBUG] 2018-10-15 16:13:24,318 org.nutz.ioc.loader.annotation.AnnotationIocLoader.addClass(AnnotationIocLoader.java:76) - Found @IocBean : class cn.wizzer.app.logistics.modules.services.impl.LogisticsEntourageServiceImpl
[DEBUG] 2018-10-15 16:13:24,318 org.nutz.ioc.loader.annotation.AnnotationIocLoader.addClass(AnnotationIocLoader.java:76) - Found @IocBean : class cn.wizzer.app.logistics.modules.services.impl.LogisticsOrderdeliveryServiceImpl
[DEBUG] 2018-10-15 16:13:24,318 org.nutz.ioc.loader.annotation.AnnotationIocLoader.addClass(AnnotationIocLoader.java:76) - Found @IocBean : class cn.wizzer.app.logistics.modules.services.impl.LogisticsOrderentryServiceImpl
[DEBUG] 2018-10-15 16:13:24,318 org.nutz.ioc.loader.annotation.AnnotationIocLoader.addClass(AnnotationIocLoader.java:76) - Found @IocBean : class cn.wizzer.app.logistics.modules.services.impl.LogisticsOrderplanentryServiceImpl
[DEBUG] 2018-10-15 16:13:24,318 org.nutz.ioc.loader.annotation.AnnotationIocLoader.addClass(AnnotationIocLoader.java:76) - Found @IocBean : class cn.wizzer.app.logistics.modules.services.impl.LogisticsOrderplanServiceImpl
[DEBUG] 2018-10-15 16:13:24,318 org.nutz.ioc.loader.annotation.AnnotationIocLoader.addClass(AnnotationIocLoader.java:76) - Found @IocBean : class cn.wizzer.app.logistics.modules.services.impl.LogisticsOrderrejectServiceImpl
[DEBUG] 2018-10-15 16:13:24,318 org.nutz.ioc.loader.annotation.AnnotationIocLoader.addClass(AnnotationIocLoader.java:76) - Found @IocBean : class cn.wizzer.app.logistics.modules.services.impl.LogisticsOrderServiceImpl
[DEBUG] 2018-10-15 16:13:24,319 org.nutz.ioc.loader.annotation.AnnotationIocLoader.addClass(AnnotationIocLoader.java:76) - Found @IocBean : class cn.wizzer.app.logistics.modules.services.impl.LogisticsOrderstepServiceImpl
[DEBUG] 2018-10-15 16:13:24,319 org.nutz.ioc.loader.annotation.AnnotationIocLoader.addClass(AnnotationIocLoader.java:76) - Found @IocBean : class cn.wizzer.app.logistics.modules.services.impl.LogisticsSendapprovalServiceImpl
[DEBUG] 2018-10-15 16:13:24,319 org.nutz.ioc.loader.annotation.AnnotationIocLoader.addClass(AnnotationIocLoader.java:76) - Found @IocBean : class cn.wizzer.app.logistics.modules.services.impl.LogisticsSendgoodsServiceImpl
[DEBUG] 2018-10-15 16:13:24,319 org.nutz.ioc.loader.annotation.AnnotationIocLoader.addClass(AnnotationIocLoader.java:76) - Found @IocBean : class cn.wizzer.app.logistics.modules.services.impl.LogisticsSendplanServiceImpl
[DEBUG] 2018-10-15 16:13:24,319 org.nutz.ioc.loader.annotation.AnnotationIocLoader.addClass(AnnotationIocLoader.java:76) - Found @IocBean : class cn.wizzer.app.logistics.modules.services.impl.LogisticsSendtraceServiceImpl
[DEBUG] 2018-10-15 16:13:24,319 org.nutz.ioc.loader.annotation.AnnotationIocLoader.addClass(AnnotationIocLoader.java:76) - Found @IocBean : class cn.wizzer.app.logistics.modules.services.impl.LogisticsUnplanServiceImpl
[DEBUG] 2018-10-15 16:13:24,319 org.nutz.ioc.loader.annotation.AnnotationIocLoader.addClass(AnnotationIocLoader.java:76) - Found @IocBean : class cn.wizzer.app.sys.modules.services.impl.SysApiServiceImpl
[DEBUG] 2018-10-15 16:13:24,319 org.nutz.ioc.loader.annotation.AnnotationIocLoader.addClass(AnnotationIocLoader.java:76) - Found @IocBean : class cn.wizzer.app.sys.modules.services.impl.SysBarcodeServiceImpl
[DEBUG] 2018-10-15 16:13:24,319 org.nutz.ioc.loader.annotation.AnnotationIocLoader.addClass(AnnotationIocLoader.java:76) - Found @IocBean : class cn.wizzer.app.sys.modules.services.impl.SysConfigServiceImpl
[DEBUG] 2018-10-15 16:13:24,319 org.nutz.ioc.loader.annotation.AnnotationIocLoader.addClass(AnnotationIocLoader.java:76) - Found @IocBean : class cn.wizzer.app.sys.modules.services.impl.SysDictServiceImpl
[DEBUG] 2018-10-15 16:13:24,319 org.nutz.ioc.loader.annotation.AnnotationIocLoader.addClass(AnnotationIocLoader.java:76) - Found @IocBean : class cn.wizzer.app.sys.modules.services.impl.SysLogServiceImpl
[DEBUG] 2018-10-15 16:13:24,319 org.nutz.ioc.loader.annotation.AnnotationIocLoader.addClass(AnnotationIocLoader.java:76) - Found @IocBean : class cn.wizzer.app.sys.modules.services.impl.SysMenuServiceImpl
[DEBUG] 2018-10-15 16:13:24,319 org.nutz.ioc.loader.annotation.AnnotationIocLoader.addClass(AnnotationIocLoader.java:76) - Found @IocBean : class cn.wizzer.app.sys.modules.services.impl.SysMobileServiceImpl
[DEBUG] 2018-10-15 16:13:24,319 org.nutz.ioc.loader.annotation.AnnotationIocLoader.addClass(AnnotationIocLoader.java:76) - Found @IocBean : class cn.wizzer.app.sys.modules.services.impl.SysPluginServiceImpl
[DEBUG] 2018-10-15 16:13:24,319 org.nutz.ioc.loader.annotation.AnnotationIocLoader.addClass(AnnotationIocLoader.java:76) - Found @IocBean : class cn.wizzer.app.sys.modules.services.impl.SysRegistauditServiceImpl
[DEBUG] 2018-10-15 16:13:24,320 org.nutz.ioc.loader.annotation.AnnotationIocLoader.addClass(AnnotationIocLoader.java:76) - Found @IocBean : class cn.wizzer.app.sys.modules.services.impl.SysRoleServiceImpl
[DEBUG] 2018-10-15 16:13:24,320 org.nutz.ioc.loader.annotation.AnnotationIocLoader.addClass(AnnotationIocLoader.java:76) - Found @IocBean : class cn.wizzer.app.sys.modules.services.impl.SysRouteServiceImpl
[DEBUG] 2018-10-15 16:13:24,320 org.nutz.ioc.loader.annotation.AnnotationIocLoader.addClass(AnnotationIocLoader.java:76) - Found @IocBean : class cn.wizzer.app.sys.modules.services.impl.SysTaskServiceImpl
[DEBUG] 2018-10-15 16:13:24,320 org.nutz.ioc.loader.annotation.AnnotationIocLoader.addClass(AnnotationIocLoader.java:76) - Found @IocBean : class cn.wizzer.app.sys.modules.services.impl.SysTempuserServiceImpl
[DEBUG] 2018-10-15 16:13:24,320 org.nutz.ioc.loader.annotation.AnnotationIocLoader.addClass(AnnotationIocLoader.java:76) - Found @IocBean : class cn.wizzer.app.sys.modules.services.impl.SysUnitServiceImpl
[DEBUG] 2018-10-15 16:13:24,320 org.nutz.ioc.loader.annotation.AnnotationIocLoader.addClass(AnnotationIocLoader.java:76) - Found @IocBean : class cn.wizzer.app.sys.modules.services.impl.SysUserServiceImpl
[DEBUG] 2018-10-15 16:13:24,320 org.nutz.ioc.loader.annotation.AnnotationIocLoader.addClass(AnnotationIocLoader.java:76) - Found @IocBean : class cn.wizzer.app.sys.modules.services.impl.SysVersionServiceImpl
[DEBUG] 2018-10-15 16:13:24,320 org.nutz.ioc.loader.annotation.AnnotationIocLoader.addClass(AnnotationIocLoader.java:76) - Found @IocBean : class cn.wizzer.app.sys.modules.services.impl.SysWxDeptServiceImpl
[DEBUG] 2018-10-15 16:13:24,320 org.nutz.ioc.loader.annotation.AnnotationIocLoader.addClass(AnnotationIocLoader.java:76) - Found @IocBean : class cn.wizzer.app.sys.modules.services.impl.SysWxServiceImpl
[DEBUG] 2018-10-15 16:13:24,320 org.nutz.ioc.loader.annotation.AnnotationIocLoader.addClass(AnnotationIocLoader.java:76) - Found @IocBean : class cn.wizzer.app.sys.modules.services.impl.SysWxUserServiceImpl
[DEBUG] 2018-10-15 16:13:24,320 org.nutz.ioc.loader.annotation.AnnotationIocLoader.addClass(AnnotationIocLoader.java:76) - Found @IocBean : class cn.wizzer.app.web.commons.plugin.DynamicInterceptor
[DEBUG] 2018-10-15 16:13:24,320 org.nutz.ioc.loader.annotation.AnnotationIocLoader.addClass(AnnotationIocLoader.java:76) - Found @IocBean : class cn.wizzer.app.web.commons.plugin.PluginAopConfigure
[DEBUG] 2018-10-15 16:13:24,320 org.nutz.ioc.loader.annotation.AnnotationIocLoader.addClass(AnnotationIocLoader.java:76) - Found @IocBean : class cn.wizzer.app.web.commons.plugin.PluginMaster
[DEBUG] 2018-10-15 16:13:24,320 org.nutz.ioc.loader.annotation.AnnotationIocLoader.addClass(AnnotationIocLoader.java:76) - Found @IocBean : class cn.wizzer.app.web.commons.quartz.job.orderExecute
[DEBUG] 2018-10-15 16:13:24,321 org.nutz.ioc.loader.annotation.AnnotationIocLoader.addClass(AnnotationIocLoader.java:76) - Found @IocBean : class cn.wizzer.app.web.commons.quartz.job.TestJob
[DEBUG] 2018-10-15 16:13:24,321 org.nutz.ioc.loader.annotation.AnnotationIocLoader.addClass(AnnotationIocLoader.java:76) - Found @IocBean : class cn.wizzer.app.web.commons.services.email.EmailService
[DEBUG] 2018-10-15 16:13:24,321 org.nutz.ioc.loader.annotation.AnnotationIocLoader.addClass(AnnotationIocLoader.java:76) - Found @IocBean : class cn.wizzer.app.web.commons.services.qrcode.QrcodeService
[DEBUG] 2018-10-15 16:13:24,321 org.nutz.ioc.loader.annotation.AnnotationIocLoader.addClass(AnnotationIocLoader.java:76) - Found @IocBean : class cn.wizzer.app.web.commons.services.wx.TplService
[DEBUG] 2018-10-15 16:13:24,321 org.nutz.ioc.loader.annotation.AnnotationIocLoader.addClass(AnnotationIocLoader.java:76) - Found @IocBean : class cn.wizzer.app.web.commons.services.wx.WxHandler
[DEBUG] 2018-10-15 16:13:24,321 org.nutz.ioc.loader.annotation.AnnotationIocLoader.addClass(AnnotationIocLoader.java:76) - Found @IocBean : class cn.wizzer.app.web.commons.shiro.realm.PlatformAuthorizingRealm
[DEBUG] 2018-10-15 16:13:24,321 org.nutz.ioc.loader.annotation.AnnotationIocLoader.addClass(AnnotationIocLoader.java:76) - Found @IocBean : class cn.wizzer.app.web.commons.slog.SLogAopConfigration
[DEBUG] 2018-10-15 16:13:24,321 org.nutz.ioc.loader.annotation.AnnotationIocLoader.addClass(AnnotationIocLoader.java:76) - Found @IocBean : class cn.wizzer.app.web.commons.slog.SLogService
[DEBUG] 2018-10-15 16:13:24,321 org.nutz.ioc.loader.annotation.AnnotationIocLoader.addClass(AnnotationIocLoader.java:76) - Found @IocBean : class cn.wizzer.app.web.modules.controllers.front.wx.CmsController
[DEBUG] 2018-10-15 16:13:24,321 org.nutz.ioc.loader.annotation.AnnotationIocLoader.addClass(AnnotationIocLoader.java:76) - Found @IocBean : class cn.wizzer.app.web.modules.controllers.front.wx.WechatController
[DEBUG] 2018-10-15 16:13:24,321 org.nutz.ioc.loader.annotation.AnnotationIocLoader.addClass(AnnotationIocLoader.java:76) - Found @IocBean : class cn.wizzer.app.web.modules.controllers.open.api.mobile.MobileBaseController
[DEBUG] 2018-10-15 16:13:24,321 org.nutz.ioc.loader.annotation.AnnotationIocLoader.addClass(AnnotationIocLoader.java:76) - Found @IocBean : class cn.wizzer.app.web.modules.controllers.open.api.mobile.MobileInsController
[DEBUG] 2018-10-15 16:13:24,321 org.nutz.ioc.loader.annotation.AnnotationIocLoader.addClass(AnnotationIocLoader.java:76) - Found @IocBean : class cn.wizzer.app.web.modules.controllers.open.api.mobile.MobileOrderController
[DEBUG] 2018-10-15 16:13:24,321 org.nutz.ioc.loader.annotation.AnnotationIocLoader.addClass(AnnotationIocLoader.java:76) - Found @IocBean : class cn.wizzer.app.web.modules.controllers.open.api.mobile.MobileSysController
[DEBUG] 2018-10-15 16:13:24,321 org.nutz.ioc.loader.annotation.AnnotationIocLoader.addClass(AnnotationIocLoader.java:76) - Found @IocBean : class cn.wizzer.app.web.modules.controllers.open.api.pad.PadInsController
[DEBUG] 2018-10-15 16:13:24,322 org.nutz.ioc.loader.annotation.AnnotationIocLoader.addClass(AnnotationIocLoader.java:76) - Found @IocBean : class cn.wizzer.app.web.modules.controllers.open.api.pad.PadOrderController
[DEBUG] 2018-10-15 16:13:24,322 org.nutz.ioc.loader.annotation.AnnotationIocLoader.addClass(AnnotationIocLoader.java:76) - Found @IocBean : class cn.wizzer.app.web.modules.controllers.open.api.pad.PadSysController
[DEBUG] 2018-10-15 16:13:24,322 org.nutz.ioc.loader.annotation.AnnotationIocLoader.addClass(AnnotationIocLoader.java:76) - Found @IocBean : class cn.wizzer.app.web.modules.controllers.open.api.test.ApiTestController
[DEBUG] 2018-10-15 16:13:24,322 org.nutz.ioc.loader.annotation.AnnotationIocLoader.addClass(AnnotationIocLoader.java:76) - Found @IocBean : class cn.wizzer.app.web.modules.controllers.open.api.token.TokenController
[DEBUG] 2018-10-15 16:13:24,322 org.nutz.ioc.loader.annotation.AnnotationIocLoader.addClass(AnnotationIocLoader.java:76) - Found @IocBean : class cn.wizzer.app.web.modules.controllers.open.api.userpermission.UserpermissionController
[DEBUG] 2018-10-15 16:13:24,322 org.nutz.ioc.loader.annotation.AnnotationIocLoader.addClass(AnnotationIocLoader.java:76) - Found @IocBean : class cn.wizzer.app.web.modules.controllers.open.file.UploadController
[DEBUG] 2018-10-15 16:13:24,322 org.nutz.ioc.loader.annotation.AnnotationIocLoader.addClass(AnnotationIocLoader.java:76) - Found @IocBean : class cn.wizzer.app.web.modules.controllers.open.pay.WxPayBackController
[DEBUG] 2018-10-15 16:13:24,322 org.nutz.ioc.loader.annotation.AnnotationIocLoader.addClass(AnnotationIocLoader.java:76) - Found @IocBean : class cn.wizzer.app.web.modules.controllers.open.ueditor.BdController
[DEBUG] 2018-10-15 16:13:24,322 org.nutz.ioc.loader.annotation.AnnotationIocLoader.addClass(AnnotationIocLoader.java:76) - Found @IocBean : class cn.wizzer.app.web.modules.controllers.open.ueditor.WxController
[DEBUG] 2018-10-15 16:13:24,322 org.nutz.ioc.loader.annotation.AnnotationIocLoader.addClass(AnnotationIocLoader.java:76) - Found @IocBean : class cn.wizzer.app.web.modules.controllers.open.wx.WeixinController
[DEBUG] 2018-10-15 16:13:24,322 org.nutz.ioc.loader.annotation.AnnotationIocLoader.addClass(AnnotationIocLoader.java:76) - Found @IocBean : class cn.wizzer.app.web.modules.controllers.platform.base.BaseAirmeterialController
[DEBUG] 2018-10-15 16:13:24,322 org.nutz.ioc.loader.annotation.AnnotationIocLoader.addClass(AnnotationIocLoader.java:76) - Found @IocBean : class cn.wizzer.app.web.modules.controllers.platform.base.BaseAirportController
[DEBUG] 2018-10-15 16:13:24,322 org.nutz.ioc.loader.annotation.AnnotationIocLoader.addClass(AnnotationIocLoader.java:76) - Found @IocBean : class cn.wizzer.app.web.modules.controllers.platform.base.BaseCnctobjController
[DEBUG] 2018-10-15 16:13:24,322 org.nutz.ioc.loader.annotation.AnnotationIocLoader.addClass(AnnotationIocLoader.java:76) - Found @IocBean : class cn.wizzer.app.web.modules.controllers.platform.base.BaseCustomerController
[DEBUG] 2018-10-15 16:13:24,322 org.nutz.ioc.loader.annotation.AnnotationIocLoader.addClass(AnnotationIocLoader.java:76) - Found @IocBean : class cn.wizzer.app.web.modules.controllers.platform.base.BaseDeptController
[DEBUG] 2018-10-15 16:13:24,322 org.nutz.ioc.loader.annotation.AnnotationIocLoader.addClass(AnnotationIocLoader.java:76) - Found @IocBean : class cn.wizzer.app.web.modules.controllers.platform.base.BaseJobController
[DEBUG] 2018-10-15 16:13:24,323 org.nutz.ioc.loader.annotation.AnnotationIocLoader.addClass(AnnotationIocLoader.java:76) - Found @IocBean : class cn.wizzer.app.web.modules.controllers.platform.base.BasePersonController
[DEBUG] 2018-10-15 16:13:24,323 org.nutz.ioc.loader.annotation.AnnotationIocLoader.addClass(AnnotationIocLoader.java:76) - Found @IocBean : class cn.wizzer.app.web.modules.controllers.platform.base.BasePersonpoolController
[DEBUG] 2018-10-15 16:13:24,323 org.nutz.ioc.loader.annotation.AnnotationIocLoader.addClass(AnnotationIocLoader.java:76) - Found @IocBean : class cn.wizzer.app.web.modules.controllers.platform.base.BasePlaceController
[DEBUG] 2018-10-15 16:13:24,323 org.nutz.ioc.loader.annotation.AnnotationIocLoader.addClass(AnnotationIocLoader.java:76) - Found @IocBean : class cn.wizzer.app.web.modules.controllers.platform.base.BasePostController
[DEBUG] 2018-10-15 16:13:24,323 org.nutz.ioc.loader.annotation.AnnotationIocLoader.addClass(AnnotationIocLoader.java:76) - Found @IocBean : class cn.wizzer.app.web.modules.controllers.platform.base.BaseRowofficeController
[DEBUG] 2018-10-15 16:13:24,323 org.nutz.ioc.loader.annotation.AnnotationIocLoader.addClass(AnnotationIocLoader.java:76) - Found @IocBean : class cn.wizzer.app.web.modules.controllers.platform.base.BaseRowofficeentryController
[DEBUG] 2018-10-15 16:13:24,323 org.nutz.ioc.loader.annotation.AnnotationIocLoader.addClass(AnnotationIocLoader.java:76) - Found @IocBean : class cn.wizzer.app.web.modules.controllers.platform.base.BaseVehicleController
[DEBUG] 2018-10-15 16:13:24,323 org.nutz.ioc.loader.annotation.AnnotationIocLoader.addClass(AnnotationIocLoader.java:76) - Found @IocBean : class cn.wizzer.app.web.modules.controllers.platform.base.BaseWarehouseController
[DEBUG] 2018-10-15 16:13:24,323 org.nutz.ioc.loader.annotation.AnnotationIocLoader.addClass(AnnotationIocLoader.java:76) - Found @IocBean : class cn.wizzer.app.web.modules.controllers.platform.cms.CmsArticleController
[DEBUG] 2018-10-15 16:13:24,323 org.nutz.ioc.loader.annotation.AnnotationIocLoader.addClass(AnnotationIocLoader.java:76) - Found @IocBean : class cn.wizzer.app.web.modules.controllers.platform.cms.CmsChannelController
[DEBUG] 2018-10-15 16:13:24,323 org.nutz.ioc.loader.annotation.AnnotationIocLoader.addClass(AnnotationIocLoader.java:76) - Found @IocBean : class cn.wizzer.app.web.modules.controllers.platform.cms.CmsLinkClassController
[DEBUG] 2018-10-15 16:13:24,323 org.nutz.ioc.loader.annotation.AnnotationIocLoader.addClass(AnnotationIocLoader.java:76) - Found @IocBean : class cn.wizzer.app.web.modules.controllers.platform.cms.CmsLinkController
[DEBUG] 2018-10-15 16:13:24,323 org.nutz.ioc.loader.annotation.AnnotationIocLoader.addClass(AnnotationIocLoader.java:76) - Found @IocBean : class cn.wizzer.app.web.modules.controllers.platform.cms.CmsSiteController
[DEBUG] 2018-10-15 16:13:24,323 org.nutz.ioc.loader.annotation.AnnotationIocLoader.addClass(AnnotationIocLoader.java:76) - Found @IocBean : class cn.wizzer.app.web.modules.controllers.platform.ins.InsBaseinsController
[DEBUG] 2018-10-15 16:13:24,323 org.nutz.ioc.loader.annotation.AnnotationIocLoader.addClass(AnnotationIocLoader.java:76) - Found @IocBean : class cn.wizzer.app.web.modules.controllers.platform.ins.InsBaseinsSpaceController
[DEBUG] 2018-10-15 16:13:24,323 org.nutz.ioc.loader.annotation.AnnotationIocLoader.addClass(AnnotationIocLoader.java:76) - Found @IocBean : class cn.wizzer.app.web.modules.controllers.platform.ins.InsCabinetController
[DEBUG] 2018-10-15 16:13:24,323 org.nutz.ioc.loader.annotation.AnnotationIocLoader.addClass(AnnotationIocLoader.java:76) - Found @IocBean : class cn.wizzer.app.web.modules.controllers.platform.ins.InsCommonController
[DEBUG] 2018-10-15 16:13:24,324 org.nutz.ioc.loader.annotation.AnnotationIocLoader.addClass(AnnotationIocLoader.java:76) - Found @IocBean : class cn.wizzer.app.web.modules.controllers.platform.ins.InsInstrumentController
[DEBUG] 2018-10-15 16:13:24,324 org.nutz.ioc.loader.annotation.AnnotationIocLoader.addClass(AnnotationIocLoader.java:76) - Found @IocBean : class cn.wizzer.app.web.modules.controllers.platform.ins.InsLockController
[DEBUG] 2018-10-15 16:13:24,324 org.nutz.ioc.loader.annotation.AnnotationIocLoader.addClass(AnnotationIocLoader.java:76) - Found @IocBean : class cn.wizzer.app.web.modules.controllers.platform.ins.InsOrderController
[DEBUG] 2018-10-15 16:13:24,324 org.nutz.ioc.loader.annotation.AnnotationIocLoader.addClass(AnnotationIocLoader.java:76) - Found @IocBean : class cn.wizzer.app.web.modules.controllers.platform.ins.InsOrderentryController
[DEBUG] 2018-10-15 16:13:24,324 org.nutz.ioc.loader.annotation.AnnotationIocLoader.addClass(AnnotationIocLoader.java:76) - Found @IocBean : class cn.wizzer.app.web.modules.controllers.platform.ins.InsRepairController
[DEBUG] 2018-10-15 16:13:24,324 org.nutz.ioc.loader.annotation.AnnotationIocLoader.addClass(AnnotationIocLoader.java:76) - Found @IocBean : class cn.wizzer.app.web.modules.controllers.platform.ins.InsRepairtrackController
[DEBUG] 2018-10-15 16:13:24,324 org.nutz.ioc.loader.annotation.AnnotationIocLoader.addClass(AnnotationIocLoader.java:76) - Found @IocBean : class cn.wizzer.app.web.modules.controllers.platform.ins.InsRfheadController
[DEBUG] 2018-10-15 16:13:24,324 org.nutz.ioc.loader.annotation.AnnotationIocLoader.addClass(AnnotationIocLoader.java:76) - Found @IocBean : class cn.wizzer.app.web.modules.controllers.platform.ins.InsRfidController
[DEBUG] 2018-10-15 16:13:24,324 org.nutz.ioc.loader.annotation.AnnotationIocLoader.addClass(AnnotationIocLoader.java:76) - Found @IocBean : class cn.wizzer.app.web.modules.controllers.platform.ins.InsSpaceController
[DEBUG] 2018-10-15 16:13:24,324 org.nutz.ioc.loader.annotation.AnnotationIocLoader.addClass(AnnotationIocLoader.java:76) - Found @IocBean : class cn.wizzer.app.web.modules.controllers.platform.ins.InsToolcabinetController
[DEBUG] 2018-10-15 16:13:24,324 org.nutz.ioc.loader.annotation.AnnotationIocLoader.addClass(AnnotationIocLoader.java:76) - Found @IocBean : class cn.wizzer.app.web.modules.controllers.platform.ins.InsTransmitController
[DEBUG] 2018-10-15 16:13:24,324 org.nutz.ioc.loader.annotation.AnnotationIocLoader.addClass(AnnotationIocLoader.java:76) - Found @IocBean : class cn.wizzer.app.web.modules.controllers.platform.logistics.LogisticsDeliveryorderController
[DEBUG] 2018-10-15 16:13:24,324 org.nutz.ioc.loader.annotation.AnnotationIocLoader.addClass(AnnotationIocLoader.java:76) - Found @IocBean : class cn.wizzer.app.web.modules.controllers.platform.logistics.LogisticsDeliveryorderentryController
[DEBUG] 2018-10-15 16:13:24,324 org.nutz.ioc.loader.annotation.AnnotationIocLoader.addClass(AnnotationIocLoader.java:76) - Found @IocBean : class cn.wizzer.app.web.modules.controllers.platform.logistics.LogisticsEntourageController
[DEBUG] 2018-10-15 16:13:24,324 org.nutz.ioc.loader.annotation.AnnotationIocLoader.addClass(AnnotationIocLoader.java:76) - Found @IocBean : class cn.wizzer.app.web.modules.controllers.platform.logistics.LogisticsOrderController
[DEBUG] 2018-10-15 16:13:24,324 org.nutz.ioc.loader.annotation.AnnotationIocLoader.addClass(AnnotationIocLoader.java:76) - Found @IocBean : class cn.wizzer.app.web.modules.controllers.platform.logistics.LogisticsOrderdeliveryController
[DEBUG] 2018-10-15 16:13:24,325 org.nutz.ioc.loader.annotation.AnnotationIocLoader.addClass(AnnotationIocLoader.java:76) - Found @IocBean : class cn.wizzer.app.web.modules.controllers.platform.logistics.LogisticsOrderentryController
[DEBUG] 2018-10-15 16:13:24,325 org.nutz.ioc.loader.annotation.AnnotationIocLoader.addClass(AnnotationIocLoader.java:76) - Found @IocBean : class cn.wizzer.app.web.modules.controllers.platform.logistics.LogisticsOrderplanController
[DEBUG] 2018-10-15 16:13:24,325 org.nutz.ioc.loader.annotation.AnnotationIocLoader.addClass(AnnotationIocLoader.java:76) - Found @IocBean : class cn.wizzer.app.web.modules.controllers.platform.logistics.LogisticsOrderplanentryController
[DEBUG] 2018-10-15 16:13:24,325 org.nutz.ioc.loader.annotation.AnnotationIocLoader.addClass(AnnotationIocLoader.java:76) - Found @IocBean : class cn.wizzer.app.web.modules.controllers.platform.logistics.LogisticsOrderrejectController
[DEBUG] 2018-10-15 16:13:24,325 org.nutz.ioc.loader.annotation.AnnotationIocLoader.addClass(AnnotationIocLoader.java:76) - Found @IocBean : class cn.wizzer.app.web.modules.controllers.platform.logistics.LogisticsOrderstepController
[DEBUG] 2018-10-15 16:13:24,325 org.nutz.ioc.loader.annotation.AnnotationIocLoader.addClass(AnnotationIocLoader.java:76) - Found @IocBean : class cn.wizzer.app.web.modules.controllers.platform.logistics.LogisticsSendapprovalController
[DEBUG] 2018-10-15 16:13:24,325 org.nutz.ioc.loader.annotation.AnnotationIocLoader.addClass(AnnotationIocLoader.java:76) - Found @IocBean : class cn.wizzer.app.web.modules.controllers.platform.logistics.LogisticsSendgoodsController
[DEBUG] 2018-10-15 16:13:24,325 org.nutz.ioc.loader.annotation.AnnotationIocLoader.addClass(AnnotationIocLoader.java:76) - Found @IocBean : class cn.wizzer.app.web.modules.controllers.platform.logistics.LogisticsSendplanController
[DEBUG] 2018-10-15 16:13:24,325 org.nutz.ioc.loader.annotation.AnnotationIocLoader.addClass(AnnotationIocLoader.java:76) - Found @IocBean : class cn.wizzer.app.web.modules.controllers.platform.logistics.LogisticsSendtraceController
[DEBUG] 2018-10-15 16:13:24,325 org.nutz.ioc.loader.annotation.AnnotationIocLoader.addClass(AnnotationIocLoader.java:76) - Found @IocBean : class cn.wizzer.app.web.modules.controllers.platform.logistics.LogisticsUnplanController
[DEBUG] 2018-10-15 16:13:24,325 org.nutz.ioc.loader.annotation.AnnotationIocLoader.addClass(AnnotationIocLoader.java:76) - Found @IocBean : class cn.wizzer.app.web.modules.controllers.platform.sys.SysApiController
[DEBUG] 2018-10-15 16:13:24,325 org.nutz.ioc.loader.annotation.AnnotationIocLoader.addClass(AnnotationIocLoader.java:76) - Found @IocBean : class cn.wizzer.app.web.modules.controllers.platform.sys.SysBarcodeController
[DEBUG] 2018-10-15 16:13:24,325 org.nutz.ioc.loader.annotation.AnnotationIocLoader.addClass(AnnotationIocLoader.java:76) - Found @IocBean : class cn.wizzer.app.web.modules.controllers.platform.sys.SysConfController
[DEBUG] 2018-10-15 16:13:24,325 org.nutz.ioc.loader.annotation.AnnotationIocLoader.addClass(AnnotationIocLoader.java:76) - Found @IocBean : class cn.wizzer.app.web.modules.controllers.platform.sys.SysDictController
[DEBUG] 2018-10-15 16:13:24,325 org.nutz.ioc.loader.annotation.AnnotationIocLoader.addClass(AnnotationIocLoader.java:76) - Found @IocBean : class cn.wizzer.app.web.modules.controllers.platform.sys.SysHomeController
[DEBUG] 2018-10-15 16:13:24,325 org.nutz.ioc.loader.annotation.AnnotationIocLoader.addClass(AnnotationIocLoader.java:76) - Found @IocBean : class cn.wizzer.app.web.modules.controllers.platform.sys.SysLogController
[DEBUG] 2018-10-15 16:13:24,326 org.nutz.ioc.loader.annotation.AnnotationIocLoader.addClass(AnnotationIocLoader.java:76) - Found @IocBean : class cn.wizzer.app.web.modules.controllers.platform.sys.SysLoginController
[DEBUG] 2018-10-15 16:13:24,326 org.nutz.ioc.loader.annotation.AnnotationIocLoader.addClass(AnnotationIocLoader.java:76) - Found @IocBean : class cn.wizzer.app.web.modules.controllers.platform.sys.SysMenuController
[DEBUG] 2018-10-15 16:13:24,326 org.nutz.ioc.loader.annotation.AnnotationIocLoader.addClass(AnnotationIocLoader.java:76) - Found @IocBean : class cn.wizzer.app.web.modules.controllers.platform.sys.SysMobileController
[DEBUG] 2018-10-15 16:13:24,326 org.nutz.ioc.loader.annotation.AnnotationIocLoader.addClass(AnnotationIocLoader.java:76) - Found @IocBean : class cn.wizzer.app.web.modules.controllers.platform.sys.SysPluginController
[DEBUG] 2018-10-15 16:13:24,326 org.nutz.ioc.loader.annotation.AnnotationIocLoader.addClass(AnnotationIocLoader.java:76) - Found @IocBean : class cn.wizzer.app.web.modules.controllers.platform.sys.SysRegistauditController
[DEBUG] 2018-10-15 16:13:24,326 org.nutz.ioc.loader.annotation.AnnotationIocLoader.addClass(AnnotationIocLoader.java:76) - Found @IocBean : class cn.wizzer.app.web.modules.controllers.platform.sys.SysRoleController
[DEBUG] 2018-10-15 16:13:24,326 org.nutz.ioc.loader.annotation.AnnotationIocLoader.addClass(AnnotationIocLoader.java:76) - Found @IocBean : class cn.wizzer.app.web.modules.controllers.platform.sys.SysRouteController
[DEBUG] 2018-10-15 16:13:24,326 org.nutz.ioc.loader.annotation.AnnotationIocLoader.addClass(AnnotationIocLoader.java:76) - Found @IocBean : class cn.wizzer.app.web.modules.controllers.platform.sys.SysTaskController
[DEBUG] 2018-10-15 16:13:24,326 org.nutz.ioc.loader.annotation.AnnotationIocLoader.addClass(AnnotationIocLoader.java:76) - Found @IocBean : class cn.wizzer.app.web.modules.controllers.platform.sys.SysTempuserController
[DEBUG] 2018-10-15 16:13:24,326 org.nutz.ioc.loader.annotation.AnnotationIocLoader.addClass(AnnotationIocLoader.java:76) - Found @IocBean : class cn.wizzer.app.web.modules.controllers.platform.sys.SysUnitController
[DEBUG] 2018-10-15 16:13:24,326 org.nutz.ioc.loader.annotation.AnnotationIocLoader.addClass(AnnotationIocLoader.java:76) - Found @IocBean : class cn.wizzer.app.web.modules.controllers.platform.sys.SysUserController
[DEBUG] 2018-10-15 16:13:24,326 org.nutz.ioc.loader.annotation.AnnotationIocLoader.addClass(AnnotationIocLoader.java:76) - Found @IocBean : class cn.wizzer.app.web.modules.controllers.platform.sys.SysVersionController
[DEBUG] 2018-10-15 16:13:24,326 org.nutz.ioc.loader.annotation.AnnotationIocLoader.addClass(AnnotationIocLoader.java:76) - Found @IocBean : class cn.wizzer.app.web.modules.controllers.platform.sys.SysWxController
[DEBUG] 2018-10-15 16:13:24,326 org.nutz.ioc.loader.annotation.AnnotationIocLoader.addClass(AnnotationIocLoader.java:76) - Found @IocBean : class cn.wizzer.app.web.modules.controllers.platform.sys.SysWxDeptController
[DEBUG] 2018-10-15 16:13:24,326 org.nutz.ioc.loader.annotation.AnnotationIocLoader.addClass(AnnotationIocLoader.java:76) - Found @IocBean : class cn.wizzer.app.web.modules.controllers.platform.sys.SysWxUserController
[DEBUG] 2018-10-15 16:13:24,326 org.nutz.ioc.loader.annotation.AnnotationIocLoader.addClass(AnnotationIocLoader.java:76) - Found @IocBean : class cn.wizzer.app.web.modules.controllers.platform.wx.WxConfigController
[DEBUG] 2018-10-15 16:13:24,327 org.nutz.ioc.loader.annotation.AnnotationIocLoader.addClass(AnnotationIocLoader.java:76) - Found @IocBean : class cn.wizzer.app.web.modules.controllers.platform.wx.WxMassController
[DEBUG] 2018-10-15 16:13:24,327 org.nutz.ioc.loader.annotation.AnnotationIocLoader.addClass(AnnotationIocLoader.java:76) - Found @IocBean : class cn.wizzer.app.web.modules.controllers.platform.wx.WxMenuController
[DEBUG] 2018-10-15 16:13:24,327 org.nutz.ioc.loader.annotation.AnnotationIocLoader.addClass(AnnotationIocLoader.java:76) - Found @IocBean : class cn.wizzer.app.web.modules.controllers.platform.wx.WxMsgUserController
[DEBUG] 2018-10-15 16:13:24,327 org.nutz.ioc.loader.annotation.AnnotationIocLoader.addClass(AnnotationIocLoader.java:76) - Found @IocBean : class cn.wizzer.app.web.modules.controllers.platform.wx.WxPayTestController
[DEBUG] 2018-10-15 16:13:24,327 org.nutz.ioc.loader.annotation.AnnotationIocLoader.addClass(AnnotationIocLoader.java:76) - Found @IocBean : class cn.wizzer.app.web.modules.controllers.platform.wx.WxReplyController
[DEBUG] 2018-10-15 16:13:24,327 org.nutz.ioc.loader.annotation.AnnotationIocLoader.addClass(AnnotationIocLoader.java:76) - Found @IocBean : class cn.wizzer.app.web.modules.controllers.platform.wx.WxReplyNewsController
[DEBUG] 2018-10-15 16:13:24,327 org.nutz.ioc.loader.annotation.AnnotationIocLoader.addClass(AnnotationIocLoader.java:76) - Found @IocBean : class cn.wizzer.app.web.modules.controllers.platform.wx.WxReplyTxtController
[DEBUG] 2018-10-15 16:13:24,327 org.nutz.ioc.loader.annotation.AnnotationIocLoader.addClass(AnnotationIocLoader.java:76) - Found @IocBean : class cn.wizzer.app.web.modules.controllers.platform.wx.WxTplIdController
[DEBUG] 2018-10-15 16:13:24,327 org.nutz.ioc.loader.annotation.AnnotationIocLoader.addClass(AnnotationIocLoader.java:76) - Found @IocBean : class cn.wizzer.app.web.modules.controllers.platform.wx.WxTplListController
[DEBUG] 2018-10-15 16:13:24,327 org.nutz.ioc.loader.annotation.AnnotationIocLoader.addClass(AnnotationIocLoader.java:76) - Found @IocBean : class cn.wizzer.app.web.modules.controllers.platform.wx.WxTplLogController
[DEBUG] 2018-10-15 16:13:24,327 org.nutz.ioc.loader.annotation.AnnotationIocLoader.addClass(AnnotationIocLoader.java:76) - Found @IocBean : class cn.wizzer.app.web.modules.controllers.platform.wx.WxUserController
[DEBUG] 2018-10-15 16:13:24,327 org.nutz.ioc.loader.annotation.AnnotationIocLoader.addClass(AnnotationIocLoader.java:76) - Found @IocBean : class cn.wizzer.app.wx.modules.services.impl.WxConfigServiceImpl
[DEBUG] 2018-10-15 16:13:24,327 org.nutz.ioc.loader.annotation.AnnotationIocLoader.addClass(AnnotationIocLoader.java:76) - Found @IocBean : class cn.wizzer.app.wx.modules.services.impl.WxMassNewsServiceImpl
[DEBUG] 2018-10-15 16:13:24,327 org.nutz.ioc.loader.annotation.AnnotationIocLoader.addClass(AnnotationIocLoader.java:76) - Found @IocBean : class cn.wizzer.app.wx.modules.services.impl.WxMassSendServiceImpl
[DEBUG] 2018-10-15 16:13:24,327 org.nutz.ioc.loader.annotation.AnnotationIocLoader.addClass(AnnotationIocLoader.java:76) - Found @IocBean : class cn.wizzer.app.wx.modules.services.impl.WxMassServiceImpl
[DEBUG] 2018-10-15 16:13:24,328 org.nutz.ioc.loader.annotation.AnnotationIocLoader.addClass(AnnotationIocLoader.java:76) - Found @IocBean : class cn.wizzer.app.wx.modules.services.impl.WxMenuServiceImpl
[DEBUG] 2018-10-15 16:13:24,328 org.nutz.ioc.loader.annotation.AnnotationIocLoader.addClass(AnnotationIocLoader.java:76) - Found @IocBean : class cn.wizzer.app.wx.modules.services.impl.WxMsgReplyServiceImpl
[DEBUG] 2018-10-15 16:13:24,328 org.nutz.ioc.loader.annotation.AnnotationIocLoader.addClass(AnnotationIocLoader.java:76) - Found @IocBean : class cn.wizzer.app.wx.modules.services.impl.WxMsgServiceImpl
[DEBUG] 2018-10-15 16:13:24,328 org.nutz.ioc.loader.annotation.AnnotationIocLoader.addClass(AnnotationIocLoader.java:76) - Found @IocBean : class cn.wizzer.app.wx.modules.services.impl.WxReplyNewsServiceImpl
[DEBUG] 2018-10-15 16:13:24,328 org.nutz.ioc.loader.annotation.AnnotationIocLoader.addClass(AnnotationIocLoader.java:76) - Found @IocBean : class cn.wizzer.app.wx.modules.services.impl.WxReplyServiceImpl
[DEBUG] 2018-10-15 16:13:24,328 org.nutz.ioc.loader.annotation.AnnotationIocLoader.addClass(AnnotationIocLoader.java:76) - Found @IocBean : class cn.wizzer.app.wx.modules.services.impl.WxReplyTxtServiceImpl
[DEBUG] 2018-10-15 16:13:24,328 org.nutz.ioc.loader.annotation.AnnotationIocLoader.addClass(AnnotationIocLoader.java:76) - Found @IocBean : class cn.wizzer.app.wx.modules.services.impl.WxTplIdServiceImpl
[DEBUG] 2018-10-15 16:13:24,328 org.nutz.ioc.loader.annotation.AnnotationIocLoader.addClass(AnnotationIocLoader.java:76) - Found @IocBean : class cn.wizzer.app.wx.modules.services.impl.WxTplListServiceImpl
[DEBUG] 2018-10-15 16:13:24,328 org.nutz.ioc.loader.annotation.AnnotationIocLoader.addClass(AnnotationIocLoader.java:76) - Found @IocBean : class cn.wizzer.app.wx.modules.services.impl.WxTplLogServiceImpl
[DEBUG] 2018-10-15 16:13:24,328 org.nutz.ioc.loader.annotation.AnnotationIocLoader.addClass(AnnotationIocLoader.java:76) - Found @IocBean : class cn.wizzer.app.wx.modules.services.impl.WxUserServiceImpl
[DEBUG] 2018-10-15 16:13:24,328 org.nutz.ioc.loader.annotation.AnnotationIocLoader.addClass(AnnotationIocLoader.java:76) - Found @IocBean : class cn.wizzer.test.SimpleTest
[DEBUG] 2018-10-15 16:13:24,330 org.nutz.resource.Scans.scan(Scans.java:274) - Found 0 resource by src( org/nutz/apidoc/ ) , regex( ^.+[.]class$ )
[INFO ] 2018-10-15 16:13:24,330 org.nutz.ioc.loader.annotation.AnnotationIocLoader.<init>(AnnotationIocLoader.java:52) - Found 204 classes in 2 base-packages!
beans = ["wxTplListController", "uploadController", "wxReplyTxtServiceImpl", "logisticsSendplanController", "baseJobServiceImpl", "dateUtil", "qrcodeService", "logisticsSendgoodsServiceImpl", "logisticsOrderentryController", "insLockController", "baseRowofficeentryServiceImpl", "cmsChannelServiceImpl", "insBaseinsServiceImpl", "orderExecute", "cmsArticleController", "basePostController", "baseAirmeterialServiceImpl", "basePersonController", "logisticsOrderplanServiceImpl", "cmsLinkClassController", "basePostServiceImpl", "baseRowofficeServiceImpl", "baseJobController", "baseRowofficeController", "wxReplyController", "insRepairController", "sysConfigServiceImpl", "basePersonpoolController", "baseVehicleController", "wxMsgServiceImpl", "wxPayBackController", "logisticsUnplanController", "mobileInsController", "sysTaskController", "sysBarcodeController", "insTransmitController", "sysDictServiceImpl", "wxConfigServiceImpl", "baseAirportServiceImpl", "apiTestController", "sysMenuController", "cmsSiteServiceImpl", "mobileSysController", "cmsLinkController", "insCommonController", "logisticsOrderplanentryServiceImpl", "insInstrumentController", "sysRegistauditServiceImpl", "insLockServiceImpl", "insOrderController", "wechatController", "wxMsgUserController", "sysDictController", "sysWxUserController", "logisticsDeliveryorderentryController", "basePersonServiceImpl", "insOrderentryServiceImpl", "insRepairtrackController", "insInstrumentServiceImpl", "logisticsSendapprovalServiceImpl", "logisticsOrderdeliveryController", "wxTplListServiceImpl", "tplService", "sysPluginServiceImpl", "insRfheadController", "logisticsSendgoodsController", "mobileBaseController", "baseCnctobjServiceImpl", "nutShiroMethodInterceptor", "insCabinetServiceImpl", "basePlaceServiceImpl", "baseVehicleServiceImpl", "cmsLinkClassServiceImpl", "sysHomeController", "insRfheadServiceImpl", "sysMobileController", "wxMassServiceImpl", "logisticsOrderentryServiceImpl", "logisticsSendplanServiceImpl", "logisticsOrderrejectServiceImpl", "wxHandler", "cmsChannelController", "wxController", "rabbitProducer", "sysTaskServiceImpl", "sysVersionController", "shiroUtil", "wxReplyTxtController", "sysPluginController", "logisticsSendtraceController", "sysApiServiceImpl", "logisticsEntourageServiceImpl", "sLogService", "baseAirportController", "sysApiController", "wxTplIdController", "insSpaceServiceImpl", "logisticsOrderController", "sysTempuserController", "sysUserController", "platformAuthorizingRealm", "testJob", "$aop_1_plugin", "sysRegistauditController", "wxReplyNewsServiceImpl", "insTransmitServiceImpl", "sysLoginController", "wxTplLogServiceImpl", "sysUserServiceImpl", "sysRoleServiceImpl", "sysRouteController", "idcardUtil", "basePlaceController", "sysWxDeptController", "logisticsOrderplanentryController", "userpermissionController", "sysWxServiceImpl", "cmsController", "logisticsSendtraceServiceImpl", "insOrderentryController", "logisticsSendapprovalController", "wxMenuController", "insOrderServiceImpl", "weixinController", "code128Util", "insRepairServiceImpl", "logisticsOrderplanController", "wxMsgReplyServiceImpl", "logisticsOrderdeliveryServiceImpl", "cmsArticleServiceImpl", "baseCnctobjController", "baseCustomerController", "insBaseinsController", "insRfidServiceImpl", "cookieUtil", "baseRowofficeentryController", "logisticsOrderstepServiceImpl", "wxReplyServiceImpl", "bdController", "redisIdGenerator", "insBaseinsSpaceServiceImpl", "cmsSiteController", "logisticsDeliveryorderServiceImpl", "insCabinetController", "logisticsOrderServiceImpl", "sysWxDeptServiceImpl", "sysWxController", "mobileOrderController", "sysRoleController", "logisticsEntourageController", "insCommonServiceImpl", "sysUnitController", "padInsController", "wxMassSendServiceImpl", "logisticsDeliveryorderController", "rSAUtil", "wxConfigController", "stringUtil", "baseCustomerServiceImpl", "basePersonpoolServiceImpl", "insBaseinsSpaceController", "wxUserServiceImpl", "insSpaceController", "sysTempuserServiceImpl", "baseWarehouseServiceImpl", "insToolcabinetController", "sysWxUserServiceImpl", "dynamicInterceptor", "sysLogController", "wxMassController", "emailService", "baseWarehouseController", "insToolcabinetServiceImpl", "wxMenuServiceImpl", "wxReplyNewsController", "baseDeptServiceImpl", "sysRouteServiceImpl", "insRepairtrackServiceImpl", "wxMassNewsServiceImpl", "baseAirmeterialController", "sysMenuServiceImpl", "sysMobileServiceImpl", "simpleTest", "logisticsOrderstepController", "sysLogServiceImpl", "logisticsUnplanServiceImpl", "wxTplIdServiceImpl", "logisticsDeliveryorderentryServiceImpl", "$aop_syslog", "padSysController", "baseDeptController", "logisticsOrderrejectController", "padOrderController", "sysBarcodeServiceImpl", "wxTplLogController", "wxUserController", "wxPayTestController", "tokenController", "sysVersionServiceImpl", "cmsLinkServiceImpl", "sysUnitServiceImpl", "insRfidController", "sysConfController", "pluginMaster"]
[DEBUG] 2018-10-15 16:13:24,330 org.nutz.ioc.loader.combo.ComboIocLoader.createIocLoader(ComboIocLoader.java:110) - found jedis -- org.nutz.integration.jedis.JedisIocLoader
[DEBUG] 2018-10-15 16:13:24,331 org.nutz.resource.Scans.scan(Scans.java:274) - Found 1 resource by src( org/nutz/integration/jedis/jedis.js ) , regex( ^(.+[.])(js|json)$ )
[DEBUG] 2018-10-15 16:13:24,332 org.nutz.ioc.loader.json.JsonLoader.<init>(JsonLoader.java:49) - loading [org/nutz/integration/jedis/jedis.js]
[DEBUG] 2018-10-15 16:13:24,332 org.nutz.ioc.loader.json.JsonLoader.<init>(JsonLoader.java:57) - Loaded 9 bean define from path=[org/nutz/integration/jedis/jedis.js] --> [redisService, jedisCluster, jedisClusterNodes, jedisClusterWrapper, pubSubService, jedisPoolConfig, jedisPool, jedisAgent, redis]
[DEBUG] 2018-10-15 16:13:24,332 org.nutz.ioc.loader.json.JsonLoader.<init>(JsonLoader.java:40) - Loaded 5 bean define from reader --
[txREPEATABLE_READ, txSERIALIZABLE, txNONE, txREAD_UNCOMMITTED, txREAD_COMMITTED]
[DEBUG] 2018-10-15 16:13:24,333 org.nutz.ioc.loader.combo.ComboIocLoader.createIocLoader(ComboIocLoader.java:110) - found quartz -- org.nutz.integration.quartz.QuartzIocLoader
[DEBUG] 2018-10-15 16:13:24,333 org.nutz.ioc.loader.json.JsonLoader.<init>(JsonLoader.java:57) - Loaded 0 bean define from path=[] --> []
[DEBUG] 2018-10-15 16:13:24,334 org.nutz.ioc.aop.SimpleAopMaker.<init>(SimpleAopMaker.java:79) - Load AopConfigure for anno=org.nutz.aop.interceptor.async.Async by type=org.nutz.aop.interceptor.async.AsyncAopIocLoader
[DEBUG] 2018-10-15 16:13:24,335 org.nutz.ioc.loader.combo.ComboIocLoader.createIocLoader(ComboIocLoader.java:110) - found rabbitmq -- org.nutz.integration.rabbitmq.RabbitmqIocLoader
[DEBUG] 2018-10-15 16:13:24,336 org.nutz.resource.Scans.scan(Scans.java:274) - Found 1 resource by src( org/nutz/integration/rabbitmq/rabbitmq.js ) , regex( ^(.+[.])(js|json)$ )
[DEBUG] 2018-10-15 16:13:24,336 org.nutz.ioc.loader.json.JsonLoader.<init>(JsonLoader.java:49) - loading [org/nutz/integration/rabbitmq/rabbitmq.js]
[DEBUG] 2018-10-15 16:13:24,337 org.nutz.ioc.loader.json.JsonLoader.<init>(JsonLoader.java:57) - Loaded 2 bean define from path=[org/nutz/integration/rabbitmq/rabbitmq.js] --> [rabbitmq, rabbitmq_cf]
[INFO ] 2018-10-15 16:13:24,337 org.nutz.ioc.impl.NutIoc.<init>(NutIoc.java:98) - NutIoc init begin ...
[INFO ] 2018-10-15 16:13:24,337 org.nutz.ioc.impl.NutIoc.<init>(NutIoc.java:115) - ... NutIoc init complete
[DEBUG] 2018-10-15 16:13:24,337 org.nutz.ioc.impl.NutIoc.get(NutIoc.java:151) - Get 'conf'<class org.nutz.ioc.impl.PropertiesProxy>
[DEBUG] 2018-10-15 16:13:24,338 org.nutz.ioc.impl.NutIoc.get(NutIoc.java:151) - Get '$aop_1_plugin'<interface org.nutz.ioc.aop.config.AopConfigration>
[DEBUG] 2018-10-15 16:13:24,338 org.nutz.ioc.impl.NutIoc.get(NutIoc.java:177) - 	 >> Load definition name=$aop_1_plugin
[DEBUG] 2018-10-15 16:13:24,338 org.nutz.ioc.loader.combo.ComboIocLoader.load(ComboIocLoader.java:161) - Found IocObject($aop_1_plugin) in AnnotationIocLoader(packages=[cn.wizzer, org.nutz.apidoc])
[DEBUG] 2018-10-15 16:13:24,338 org.nutz.ioc.impl.NutIoc.get(NutIoc.java:209) - 	 >> Make...'$aop_1_plugin'<interface org.nutz.ioc.aop.config.AopConfigration>
[DEBUG] 2018-10-15 16:13:24,338 org.nutz.ioc.impl.ScopeContext.save(ScopeContext.java:64) - Save object '$aop_1_plugin' to [app] 
[DEBUG] 2018-10-15 16:13:24,338 org.nutz.ioc.impl.NutIoc.get(NutIoc.java:151) - Get 'dynamicInterceptor'<class cn.wizzer.app.web.commons.plugin.DynamicInterceptor>
[DEBUG] 2018-10-15 16:13:24,338 org.nutz.ioc.impl.NutIoc.get(NutIoc.java:177) - 	 >> Load definition name=dynamicInterceptor
[DEBUG] 2018-10-15 16:13:24,338 org.nutz.ioc.loader.combo.ComboIocLoader.load(ComboIocLoader.java:161) - Found IocObject(dynamicInterceptor) in AnnotationIocLoader(packages=[cn.wizzer, org.nutz.apidoc])
[DEBUG] 2018-10-15 16:13:24,339 org.nutz.ioc.impl.NutIoc.get(NutIoc.java:209) - 	 >> Make...'dynamicInterceptor'<class cn.wizzer.app.web.commons.plugin.DynamicInterceptor>
[DEBUG] 2018-10-15 16:13:24,339 org.nutz.ioc.impl.ScopeContext.save(ScopeContext.java:64) - Save object 'dynamicInterceptor' to [app] 
[DEBUG] 2018-10-15 16:13:24,339 org.nutz.ioc.impl.NutIoc.get(NutIoc.java:151) - Get '$aop_async'<interface org.nutz.ioc.aop.config.AopConfigration>
[DEBUG] 2018-10-15 16:13:24,339 org.nutz.ioc.impl.NutIoc.get(NutIoc.java:177) - 	 >> Load definition name=$aop_async
[DEBUG] 2018-10-15 16:13:24,339 org.nutz.ioc.loader.combo.ComboIocLoader.load(ComboIocLoader.java:161) - Found IocObject($aop_async) in AsyncAopIocLoader@176342513
[DEBUG] 2018-10-15 16:13:24,339 org.nutz.ioc.impl.NutIoc.get(NutIoc.java:209) - 	 >> Make...'$aop_async'<interface org.nutz.ioc.aop.config.AopConfigration>
[DEBUG] 2018-10-15 16:13:24,339 org.nutz.ioc.impl.ScopeContext.save(ScopeContext.java:64) - Save object '$aop_async' to [app] 
[DEBUG] 2018-10-15 16:13:24,339 org.nutz.ioc.impl.NutIoc.get(NutIoc.java:151) - Get '$aop_syslog'<interface org.nutz.ioc.aop.config.AopConfigration>
[DEBUG] 2018-10-15 16:13:24,339 org.nutz.ioc.impl.NutIoc.get(NutIoc.java:177) - 	 >> Load definition name=$aop_syslog
[DEBUG] 2018-10-15 16:13:24,340 org.nutz.ioc.loader.combo.ComboIocLoader.load(ComboIocLoader.java:161) - Found IocObject($aop_syslog) in AnnotationIocLoader(packages=[cn.wizzer, org.nutz.apidoc])
[DEBUG] 2018-10-15 16:13:24,340 org.nutz.ioc.impl.NutIoc.get(NutIoc.java:209) - 	 >> Make...'$aop_syslog'<interface org.nutz.ioc.aop.config.AopConfigration>
[DEBUG] 2018-10-15 16:13:24,340 org.nutz.ioc.impl.ScopeContext.save(ScopeContext.java:64) - Save object '$aop_syslog' to [app] 
[DEBUG] 2018-10-15 16:13:24,340 org.nutz.ioc.aop.SimpleAopMaker.<init>(SimpleAopMaker.java:79) - Load AopConfigure for anno=cn.wizzer.app.web.commons.slog.annotation.SLog by type=cn.wizzer.app.web.commons.slog.SLogAopConfigration
[DEBUG] 2018-10-15 16:13:24,340 org.nutz.ioc.aop.SimpleAopMaker.<init>(SimpleAopMaker.java:79) - Load AopConfigure for anno=org.nutz.ioc.aop.Aop by type=org.nutz.ioc.aop.config.impl.AnnotationAopConfigration
[DEBUG] 2018-10-15 16:13:24,340 org.nutz.ioc.impl.NutIoc.get(NutIoc.java:177) - 	 >> Load definition name=conf
[DEBUG] 2018-10-15 16:13:24,340 org.nutz.ioc.loader.map.MapLoader.load(MapLoader.java:67) - Loading define for name=conf
[DEBUG] 2018-10-15 16:13:24,340 org.nutz.ioc.loader.combo.ComboIocLoader.load(ComboIocLoader.java:161) - Found IocObject(conf) in JsonLoader(paths=[config/ioc/])
[DEBUG] 2018-10-15 16:13:24,341 org.nutz.ioc.impl.NutIoc.get(NutIoc.java:209) - 	 >> Make...'conf'<class org.nutz.ioc.impl.PropertiesProxy>
[DEBUG] 2018-10-15 16:13:24,341 cn.wizzer.app.web.commons.plugin.PluginAopConfigure.getInterceptorPairList(PluginAopConfigure.java:33) - skip -- org.nutz.ioc.impl.PropertiesProxy
[DEBUG] 2018-10-15 16:13:24,341 org.nutz.ioc.aop.impl.DefaultMirrorFactory.getMirror(DefaultMirrorFactory.java:70) - Load class org.nutz.ioc.impl.PropertiesProxy without AOP
[DEBUG] 2018-10-15 16:13:24,341 org.nutz.ioc.impl.ScopeContext.save(ScopeContext.java:64) - Save object 'conf' to [app] 
[DEBUG] 2018-10-15 16:13:24,344 org.nutz.resource.Scans.scan(Scans.java:274) - Found 4 resource by src( config/custom/ ) , regex( ^.+[.]properties$ )
[DEBUG] 2018-10-15 16:13:24,344 org.nutz.ioc.impl.PropertiesProxy.setPaths(PropertiesProxy.java:113) - load properties from File[C:\Users\Administrator\IdeaProjects\XA-Instrument\wk-app\wk-web\target\classes\config\custom\db.properties]
[DEBUG] 2018-10-15 16:13:24,345 org.nutz.ioc.impl.PropertiesProxy.setPaths(PropertiesProxy.java:113) - load properties from File[C:\Users\Administrator\IdeaProjects\XA-Instrument\wk-app\wk-web\target\classes\config\custom\mail.properties]
[DEBUG] 2018-10-15 16:13:24,345 org.nutz.ioc.impl.PropertiesProxy.setPaths(PropertiesProxy.java:113) - load properties from File[C:\Users\Administrator\IdeaProjects\XA-Instrument\wk-app\wk-web\target\classes\config\custom\rabbit.properties]
[DEBUG] 2018-10-15 16:13:24,346 org.nutz.ioc.impl.PropertiesProxy.setPaths(PropertiesProxy.java:113) - load properties from File[C:\Users\Administrator\IdeaProjects\XA-Instrument\wk-app\wk-web\target\classes\config\custom\redis.properties]
[DEBUG] 2018-10-15 16:13:24,346 org.nutz.ioc.impl.NutIoc.get(NutIoc.java:151) - Get 'simpleTest'<class cn.wizzer.test.SimpleTest>
[DEBUG] 2018-10-15 16:13:24,346 org.nutz.ioc.impl.NutIoc.get(NutIoc.java:177) - 	 >> Load definition name=simpleTest
[DEBUG] 2018-10-15 16:13:24,347 org.nutz.ioc.loader.combo.ComboIocLoader.load(ComboIocLoader.java:161) - Found IocObject(simpleTest) in AnnotationIocLoader(packages=[cn.wizzer, org.nutz.apidoc])
[DEBUG] 2018-10-15 16:13:24,347 org.nutz.ioc.impl.NutIoc.get(NutIoc.java:209) - 	 >> Make...'simpleTest'<class cn.wizzer.test.SimpleTest>
[DEBUG] 2018-10-15 16:13:24,347 cn.wizzer.app.web.commons.plugin.PluginAopConfigure.getInterceptorPairList(PluginAopConfigure.java:33) - skip -- cn.wizzer.test.SimpleTest
[DEBUG] 2018-10-15 16:13:24,347 org.nutz.ioc.aop.impl.DefaultMirrorFactory.getMirror(DefaultMirrorFactory.java:70) - Load class cn.wizzer.test.SimpleTest without AOP
[DEBUG] 2018-10-15 16:13:24,347 org.nutz.ioc.impl.ScopeContext.save(ScopeContext.java:64) - Save object 'simpleTest' to [app] 
[DEBUG] 2018-10-15 16:13:24,349 org.nutz.ioc.impl.NutIoc.get(NutIoc.java:151) - Get 'dao'<interface org.nutz.dao.Dao>
[DEBUG] 2018-10-15 16:13:24,349 org.nutz.ioc.impl.NutIoc.get(NutIoc.java:177) - 	 >> Load definition name=dao
[DEBUG] 2018-10-15 16:13:24,349 org.nutz.ioc.loader.map.MapLoader.load(MapLoader.java:67) - Loading define for name=dao
[DEBUG] 2018-10-15 16:13:24,350 org.nutz.ioc.loader.combo.ComboIocLoader.load(ComboIocLoader.java:161) - Found IocObject(dao) in JsonLoader(paths=[config/ioc/])
[DEBUG] 2018-10-15 16:13:24,350 org.nutz.ioc.impl.NutIoc.get(NutIoc.java:209) - 	 >> Make...'dao'<interface org.nutz.dao.Dao>
[DEBUG] 2018-10-15 16:13:24,350 cn.wizzer.app.web.commons.plugin.PluginAopConfigure.getInterceptorPairList(PluginAopConfigure.java:33) - skip -- org.nutz.dao.impl.NutDao
[DEBUG] 2018-10-15 16:13:24,350 org.nutz.ioc.aop.impl.DefaultMirrorFactory.getMirror(DefaultMirrorFactory.java:70) - Load class org.nutz.dao.impl.NutDao without AOP
[DEBUG] 2018-10-15 16:13:24,350 org.nutz.ioc.impl.ScopeContext.save(ScopeContext.java:64) - Save object 'dao' to [app] 
[DEBUG] 2018-10-15 16:13:24,350 org.nutz.ioc.impl.NutIoc.get(NutIoc.java:151) - Get 'dataSource'<>
[DEBUG] 2018-10-15 16:13:24,350 org.nutz.ioc.impl.NutIoc.get(NutIoc.java:177) - 	 >> Load definition name=dataSource
[DEBUG] 2018-10-15 16:13:24,350 org.nutz.ioc.loader.map.MapLoader.load(MapLoader.java:67) - Loading define for name=dataSource
[DEBUG] 2018-10-15 16:13:24,351 org.nutz.ioc.loader.combo.ComboIocLoader.load(ComboIocLoader.java:161) - Found IocObject(dataSource) in JsonLoader(paths=[config/ioc/])
[DEBUG] 2018-10-15 16:13:24,351 org.nutz.ioc.impl.NutIoc.get(NutIoc.java:209) - 	 >> Make...'dataSource'<>
[DEBUG] 2018-10-15 16:13:24,351 cn.wizzer.app.web.commons.plugin.PluginAopConfigure.getInterceptorPairList(PluginAopConfigure.java:33) - skip -- com.alibaba.druid.pool.DruidDataSource
[DEBUG] 2018-10-15 16:13:24,351 org.nutz.ioc.aop.impl.DefaultMirrorFactory.getMirror(DefaultMirrorFactory.java:70) - Load class com.alibaba.druid.pool.DruidDataSource without AOP
[DEBUG] 2018-10-15 16:13:24,351 org.nutz.ioc.impl.ScopeContext.save(ScopeContext.java:64) - Save object 'dataSource' to [app] 
[DEBUG] 2018-10-15 16:13:24,351 org.nutz.ioc.impl.NutIoc.get(NutIoc.java:151) - Get 'conf'<>
[DEBUG] 2018-10-15 16:13:24,352 org.nutz.ioc.impl.ScopeContext.remove(ScopeContext.java:84) - Remove object 'dataSource' from [app] 
[DEBUG] 2018-10-15 16:13:24,352 org.nutz.ioc.impl.ScopeContext.remove(ScopeContext.java:84) - Remove object 'dao' from [app] 
[DEBUG] 2018-10-15 16:13:24,353 org.nutz.ioc.impl.ScopeContext.remove(ScopeContext.java:84) - Remove object 'simpleTest' from [app] 
]]></system-out>
  </testcase>
  <testcase name="testOrder" classname="cn.wizzer.test.SimpleTest" time="0">
    <error message="IocBean[simpleTest] throw Exception when creating" type="org.nutz.ioc.IocException">org.nutz.ioc.IocException: IocBean[simpleTest] throw Exception when creating
Caused by: java.lang.RuntimeException: IocBean[simpleTest] fail at field=[dao]
Caused by: org.nutz.ioc.IocException: IocBean[dao -> dataSource] throw Exception when creating
Caused by: java.lang.IllegalArgumentException: Failed to decrypt.
Caused by: java.lang.IllegalArgumentException: String length must be a multiple of four.
</error>
    <system-out><![CDATA[[INFO ] 2018-10-15 16:13:24,353 org.nutz.ioc.impl.NutIoc.depose(NutIoc.java:255) - org.nutz.ioc.impl.NutIoc@129498568 is closing. startup date [18-10-15 16:13:24.337]
[DEBUG] 2018-10-15 16:13:24,353 org.nutz.ioc.impl.ScopeContext.clear(ScopeContext.java:108) - Depose object 'conf' ...
[DEBUG] 2018-10-15 16:13:24,353 org.nutz.ioc.impl.ScopeContext.clear(ScopeContext.java:108) - Depose object '$aop_syslog' ...
[DEBUG] 2018-10-15 16:13:24,353 org.nutz.ioc.impl.ScopeContext.clear(ScopeContext.java:108) - Depose object '$aop_async' ...
[DEBUG] 2018-10-15 16:13:24,353 org.nutz.ioc.impl.ScopeContext.clear(ScopeContext.java:108) - Depose object 'dynamicInterceptor' ...
[DEBUG] 2018-10-15 16:13:24,354 org.nutz.ioc.impl.ScopeContext.clear(ScopeContext.java:108) - Depose object '$aop_1_plugin' ...
[INFO ] 2018-10-15 16:13:24,354 org.nutz.ioc.impl.NutIoc.depose(NutIoc.java:262) - org.nutz.ioc.impl.NutIoc@129498568 is deposed. startup date [18-10-15 16:13:24.337]
[DEBUG] 2018-10-15 16:13:24,358 org.nutz.resource.Scans.scan(Scans.java:274) - Found 4 resource by src( config/ioc/ ) , regex( ^(.+[.])(js|json)$ )
[DEBUG] 2018-10-15 16:13:24,358 org.nutz.ioc.loader.json.JsonLoader.<init>(JsonLoader.java:49) - loading [dao.json]
[DEBUG] 2018-10-15 16:13:24,358 org.nutz.ioc.loader.json.JsonLoader.<init>(JsonLoader.java:49) - loading [ehcache.json]
[DEBUG] 2018-10-15 16:13:24,359 org.nutz.ioc.loader.json.JsonLoader.<init>(JsonLoader.java:49) - loading [mail.json]
[DEBUG] 2018-10-15 16:13:24,359 org.nutz.ioc.loader.json.JsonLoader.<init>(JsonLoader.java:49) - loading [upload.json]
[DEBUG] 2018-10-15 16:13:24,359 org.nutz.ioc.loader.json.JsonLoader.<init>(JsonLoader.java:57) - Loaded 15 bean define from path=[config/ioc/] --> [videoUpload, conf, uploadVideoContext, imageUpload, fileUpload, cacheManager, dao, cacheProvider, emailAuthenticator, uploadFileContext, htmlEmail, cacheExecutor, tmpFilePool, uploadImageContext, dataSource]
[DEBUG] 2018-10-15 16:13:24,503 org.nutz.resource.Scans.scan(Scans.java:274) - Found 452 resource by src( cn/wizzer/ ) , regex( ^.+[.]class$ )
[DEBUG] 2018-10-15 16:13:24,504 org.nutz.ioc.loader.annotation.AnnotationIocLoader.addClass(AnnotationIocLoader.java:76) - Found @IocBean : class cn.wizzer.framework.util.StringUtil
[DEBUG] 2018-10-15 16:13:24,504 org.nutz.ioc.loader.annotation.AnnotationIocLoader.addClass(AnnotationIocLoader.java:76) - Found @IocBean : class cn.wizzer.framework.util.CookieUtil
[DEBUG] 2018-10-15 16:13:24,504 org.nutz.ioc.loader.annotation.AnnotationIocLoader.addClass(AnnotationIocLoader.java:76) - Found @IocBean : class cn.wizzer.framework.ig.RedisIdGenerator
[DEBUG] 2018-10-15 16:13:24,505 org.nutz.ioc.loader.annotation.AnnotationIocLoader.addClass(AnnotationIocLoader.java:76) - Found @IocBean : class cn.wizzer.framework.util.DateUtil
[DEBUG] 2018-10-15 16:13:24,505 org.nutz.ioc.loader.annotation.AnnotationIocLoader.addClass(AnnotationIocLoader.java:76) - Found @IocBean : class cn.wizzer.framework.shiro.interceptor.NutShiroMethodInterceptor
[DEBUG] 2018-10-15 16:13:24,505 org.nutz.ioc.loader.annotation.AnnotationIocLoader.addClass(AnnotationIocLoader.java:76) - Found @IocBean : class cn.wizzer.framework.util.IdcardUtil
[DEBUG] 2018-10-15 16:13:24,505 org.nutz.ioc.loader.annotation.AnnotationIocLoader.addClass(AnnotationIocLoader.java:76) - Found @IocBean : class cn.wizzer.framework.rabbit.RabbitProducer
[DEBUG] 2018-10-15 16:13:24,505 org.nutz.ioc.loader.annotation.AnnotationIocLoader.addClass(AnnotationIocLoader.java:76) - Found @IocBean : class cn.wizzer.framework.util.RSAUtil
[DEBUG] 2018-10-15 16:13:24,505 org.nutz.ioc.loader.annotation.AnnotationIocLoader.addClass(AnnotationIocLoader.java:76) - Found @IocBean : class cn.wizzer.framework.util.ShiroUtil
[DEBUG] 2018-10-15 16:13:24,505 org.nutz.ioc.loader.annotation.AnnotationIocLoader.addClass(AnnotationIocLoader.java:76) - Found @IocBean : class cn.wizzer.framework.util.Code128Util
[DEBUG] 2018-10-15 16:13:24,505 org.nutz.ioc.loader.annotation.AnnotationIocLoader.addClass(AnnotationIocLoader.java:76) - Found @IocBean : class cn.wizzer.app.base.modules.services.impl.BaseAirmeterialServiceImpl
[DEBUG] 2018-10-15 16:13:24,505 org.nutz.ioc.loader.annotation.AnnotationIocLoader.addClass(AnnotationIocLoader.java:76) - Found @IocBean : class cn.wizzer.app.base.modules.services.impl.BaseAirportServiceImpl
[DEBUG] 2018-10-15 16:13:24,505 org.nutz.ioc.loader.annotation.AnnotationIocLoader.addClass(AnnotationIocLoader.java:76) - Found @IocBean : class cn.wizzer.app.base.modules.services.impl.BaseCnctobjServiceImpl
[DEBUG] 2018-10-15 16:13:24,505 org.nutz.ioc.loader.annotation.AnnotationIocLoader.addClass(AnnotationIocLoader.java:76) - Found @IocBean : class cn.wizzer.app.base.modules.services.impl.BaseCustomerServiceImpl
[DEBUG] 2018-10-15 16:13:24,505 org.nutz.ioc.loader.annotation.AnnotationIocLoader.addClass(AnnotationIocLoader.java:76) - Found @IocBean : class cn.wizzer.app.base.modules.services.impl.BaseDeptServiceImpl
[DEBUG] 2018-10-15 16:13:24,505 org.nutz.ioc.loader.annotation.AnnotationIocLoader.addClass(AnnotationIocLoader.java:76) - Found @IocBean : class cn.wizzer.app.base.modules.services.impl.BaseJobServiceImpl
[DEBUG] 2018-10-15 16:13:24,505 org.nutz.ioc.loader.annotation.AnnotationIocLoader.addClass(AnnotationIocLoader.java:76) - Found @IocBean : class cn.wizzer.app.base.modules.services.impl.BasePersonpoolServiceImpl
[DEBUG] 2018-10-15 16:13:24,505 org.nutz.ioc.loader.annotation.AnnotationIocLoader.addClass(AnnotationIocLoader.java:76) - Found @IocBean : class cn.wizzer.app.base.modules.services.impl.BasePersonServiceImpl
[DEBUG] 2018-10-15 16:13:24,506 org.nutz.ioc.loader.annotation.AnnotationIocLoader.addClass(AnnotationIocLoader.java:76) - Found @IocBean : class cn.wizzer.app.base.modules.services.impl.BasePlaceServiceImpl
[DEBUG] 2018-10-15 16:13:24,506 org.nutz.ioc.loader.annotation.AnnotationIocLoader.addClass(AnnotationIocLoader.java:76) - Found @IocBean : class cn.wizzer.app.base.modules.services.impl.BasePostServiceImpl
[DEBUG] 2018-10-15 16:13:24,506 org.nutz.ioc.loader.annotation.AnnotationIocLoader.addClass(AnnotationIocLoader.java:76) - Found @IocBean : class cn.wizzer.app.base.modules.services.impl.BaseRowofficeentryServiceImpl
[DEBUG] 2018-10-15 16:13:24,506 org.nutz.ioc.loader.annotation.AnnotationIocLoader.addClass(AnnotationIocLoader.java:76) - Found @IocBean : class cn.wizzer.app.base.modules.services.impl.BaseRowofficeServiceImpl
[DEBUG] 2018-10-15 16:13:24,506 org.nutz.ioc.loader.annotation.AnnotationIocLoader.addClass(AnnotationIocLoader.java:76) - Found @IocBean : class cn.wizzer.app.base.modules.services.impl.BaseVehicleServiceImpl
[DEBUG] 2018-10-15 16:13:24,506 org.nutz.ioc.loader.annotation.AnnotationIocLoader.addClass(AnnotationIocLoader.java:76) - Found @IocBean : class cn.wizzer.app.base.modules.services.impl.BaseWarehouseServiceImpl
[DEBUG] 2018-10-15 16:13:24,506 org.nutz.ioc.loader.annotation.AnnotationIocLoader.addClass(AnnotationIocLoader.java:76) - Found @IocBean : class cn.wizzer.app.cms.modules.services.impl.CmsArticleServiceImpl
[DEBUG] 2018-10-15 16:13:24,506 org.nutz.ioc.loader.annotation.AnnotationIocLoader.addClass(AnnotationIocLoader.java:76) - Found @IocBean : class cn.wizzer.app.cms.modules.services.impl.CmsChannelServiceImpl
[DEBUG] 2018-10-15 16:13:24,506 org.nutz.ioc.loader.annotation.AnnotationIocLoader.addClass(AnnotationIocLoader.java:76) - Found @IocBean : class cn.wizzer.app.cms.modules.services.impl.CmsLinkClassServiceImpl
[DEBUG] 2018-10-15 16:13:24,506 org.nutz.ioc.loader.annotation.AnnotationIocLoader.addClass(AnnotationIocLoader.java:76) - Found @IocBean : class cn.wizzer.app.cms.modules.services.impl.CmsLinkServiceImpl
[DEBUG] 2018-10-15 16:13:24,506 org.nutz.ioc.loader.annotation.AnnotationIocLoader.addClass(AnnotationIocLoader.java:76) - Found @IocBean : class cn.wizzer.app.cms.modules.services.impl.CmsSiteServiceImpl
[DEBUG] 2018-10-15 16:13:24,506 org.nutz.ioc.loader.annotation.AnnotationIocLoader.addClass(AnnotationIocLoader.java:76) - Found @IocBean : class cn.wizzer.app.ins.modules.services.impl.InsBaseinsServiceImpl
[DEBUG] 2018-10-15 16:13:24,506 org.nutz.ioc.loader.annotation.AnnotationIocLoader.addClass(AnnotationIocLoader.java:76) - Found @IocBean : class cn.wizzer.app.ins.modules.services.impl.InsBaseinsSpaceServiceImpl
[DEBUG] 2018-10-15 16:13:24,506 org.nutz.ioc.loader.annotation.AnnotationIocLoader.addClass(AnnotationIocLoader.java:76) - Found @IocBean : class cn.wizzer.app.ins.modules.services.impl.InsCabinetServiceImpl
[DEBUG] 2018-10-15 16:13:24,506 org.nutz.ioc.loader.annotation.AnnotationIocLoader.addClass(AnnotationIocLoader.java:76) - Found @IocBean : class cn.wizzer.app.ins.modules.services.impl.InsCommonServiceImpl
[DEBUG] 2018-10-15 16:13:24,507 org.nutz.ioc.loader.annotation.AnnotationIocLoader.addClass(AnnotationIocLoader.java:76) - Found @IocBean : class cn.wizzer.app.ins.modules.services.impl.InsInstrumentServiceImpl
[DEBUG] 2018-10-15 16:13:24,507 org.nutz.ioc.loader.annotation.AnnotationIocLoader.addClass(AnnotationIocLoader.java:76) - Found @IocBean : class cn.wizzer.app.ins.modules.services.impl.InsLockServiceImpl
[DEBUG] 2018-10-15 16:13:24,507 org.nutz.ioc.loader.annotation.AnnotationIocLoader.addClass(AnnotationIocLoader.java:76) - Found @IocBean : class cn.wizzer.app.ins.modules.services.impl.InsOrderentryServiceImpl
[DEBUG] 2018-10-15 16:13:24,507 org.nutz.ioc.loader.annotation.AnnotationIocLoader.addClass(AnnotationIocLoader.java:76) - Found @IocBean : class cn.wizzer.app.ins.modules.services.impl.InsOrderServiceImpl
[DEBUG] 2018-10-15 16:13:24,507 org.nutz.ioc.loader.annotation.AnnotationIocLoader.addClass(AnnotationIocLoader.java:76) - Found @IocBean : class cn.wizzer.app.ins.modules.services.impl.InsRepairServiceImpl
[DEBUG] 2018-10-15 16:13:24,507 org.nutz.ioc.loader.annotation.AnnotationIocLoader.addClass(AnnotationIocLoader.java:76) - Found @IocBean : class cn.wizzer.app.ins.modules.services.impl.InsRepairtrackServiceImpl
[DEBUG] 2018-10-15 16:13:24,507 org.nutz.ioc.loader.annotation.AnnotationIocLoader.addClass(AnnotationIocLoader.java:76) - Found @IocBean : class cn.wizzer.app.ins.modules.services.impl.InsRfheadServiceImpl
[DEBUG] 2018-10-15 16:13:24,507 org.nutz.ioc.loader.annotation.AnnotationIocLoader.addClass(AnnotationIocLoader.java:76) - Found @IocBean : class cn.wizzer.app.ins.modules.services.impl.InsRfidServiceImpl
[DEBUG] 2018-10-15 16:13:24,507 org.nutz.ioc.loader.annotation.AnnotationIocLoader.addClass(AnnotationIocLoader.java:76) - Found @IocBean : class cn.wizzer.app.ins.modules.services.impl.InsSpaceServiceImpl
[DEBUG] 2018-10-15 16:13:24,507 org.nutz.ioc.loader.annotation.AnnotationIocLoader.addClass(AnnotationIocLoader.java:76) - Found @IocBean : class cn.wizzer.app.ins.modules.services.impl.InsToolcabinetServiceImpl
[DEBUG] 2018-10-15 16:13:24,507 org.nutz.ioc.loader.annotation.AnnotationIocLoader.addClass(AnnotationIocLoader.java:76) - Found @IocBean : class cn.wizzer.app.ins.modules.services.impl.InsTransmitServiceImpl
[DEBUG] 2018-10-15 16:13:24,507 org.nutz.ioc.loader.annotation.AnnotationIocLoader.addClass(AnnotationIocLoader.java:76) - Found @IocBean : class cn.wizzer.app.logistics.modules.services.impl.LogisticsDeliveryorderentryServiceImpl
[DEBUG] 2018-10-15 16:13:24,507 org.nutz.ioc.loader.annotation.AnnotationIocLoader.addClass(AnnotationIocLoader.java:76) - Found @IocBean : class cn.wizzer.app.logistics.modules.services.impl.LogisticsDeliveryorderServiceImpl
[DEBUG] 2018-10-15 16:13:24,507 org.nutz.ioc.loader.annotation.AnnotationIocLoader.addClass(AnnotationIocLoader.java:76) - Found @IocBean : class cn.wizzer.app.logistics.modules.services.impl.LogisticsEntourageServiceImpl
[DEBUG] 2018-10-15 16:13:24,507 org.nutz.ioc.loader.annotation.AnnotationIocLoader.addClass(AnnotationIocLoader.java:76) - Found @IocBean : class cn.wizzer.app.logistics.modules.services.impl.LogisticsOrderdeliveryServiceImpl
[DEBUG] 2018-10-15 16:13:24,507 org.nutz.ioc.loader.annotation.AnnotationIocLoader.addClass(AnnotationIocLoader.java:76) - Found @IocBean : class cn.wizzer.app.logistics.modules.services.impl.LogisticsOrderentryServiceImpl
[DEBUG] 2018-10-15 16:13:24,508 org.nutz.ioc.loader.annotation.AnnotationIocLoader.addClass(AnnotationIocLoader.java:76) - Found @IocBean : class cn.wizzer.app.logistics.modules.services.impl.LogisticsOrderplanentryServiceImpl
[DEBUG] 2018-10-15 16:13:24,508 org.nutz.ioc.loader.annotation.AnnotationIocLoader.addClass(AnnotationIocLoader.java:76) - Found @IocBean : class cn.wizzer.app.logistics.modules.services.impl.LogisticsOrderplanServiceImpl
[DEBUG] 2018-10-15 16:13:24,508 org.nutz.ioc.loader.annotation.AnnotationIocLoader.addClass(AnnotationIocLoader.java:76) - Found @IocBean : class cn.wizzer.app.logistics.modules.services.impl.LogisticsOrderrejectServiceImpl
[DEBUG] 2018-10-15 16:13:24,508 org.nutz.ioc.loader.annotation.AnnotationIocLoader.addClass(AnnotationIocLoader.java:76) - Found @IocBean : class cn.wizzer.app.logistics.modules.services.impl.LogisticsOrderServiceImpl
[DEBUG] 2018-10-15 16:13:24,508 org.nutz.ioc.loader.annotation.AnnotationIocLoader.addClass(AnnotationIocLoader.java:76) - Found @IocBean : class cn.wizzer.app.logistics.modules.services.impl.LogisticsOrderstepServiceImpl
[DEBUG] 2018-10-15 16:13:24,508 org.nutz.ioc.loader.annotation.AnnotationIocLoader.addClass(AnnotationIocLoader.java:76) - Found @IocBean : class cn.wizzer.app.logistics.modules.services.impl.LogisticsSendapprovalServiceImpl
[DEBUG] 2018-10-15 16:13:24,508 org.nutz.ioc.loader.annotation.AnnotationIocLoader.addClass(AnnotationIocLoader.java:76) - Found @IocBean : class cn.wizzer.app.logistics.modules.services.impl.LogisticsSendgoodsServiceImpl
[DEBUG] 2018-10-15 16:13:24,508 org.nutz.ioc.loader.annotation.AnnotationIocLoader.addClass(AnnotationIocLoader.java:76) - Found @IocBean : class cn.wizzer.app.logistics.modules.services.impl.LogisticsSendplanServiceImpl
[DEBUG] 2018-10-15 16:13:24,508 org.nutz.ioc.loader.annotation.AnnotationIocLoader.addClass(AnnotationIocLoader.java:76) - Found @IocBean : class cn.wizzer.app.logistics.modules.services.impl.LogisticsSendtraceServiceImpl
[DEBUG] 2018-10-15 16:13:24,508 org.nutz.ioc.loader.annotation.AnnotationIocLoader.addClass(AnnotationIocLoader.java:76) - Found @IocBean : class cn.wizzer.app.logistics.modules.services.impl.LogisticsUnplanServiceImpl
[DEBUG] 2018-10-15 16:13:24,508 org.nutz.ioc.loader.annotation.AnnotationIocLoader.addClass(AnnotationIocLoader.java:76) - Found @IocBean : class cn.wizzer.app.sys.modules.services.impl.SysApiServiceImpl
[DEBUG] 2018-10-15 16:13:24,508 org.nutz.ioc.loader.annotation.AnnotationIocLoader.addClass(AnnotationIocLoader.java:76) - Found @IocBean : class cn.wizzer.app.sys.modules.services.impl.SysBarcodeServiceImpl
[DEBUG] 2018-10-15 16:13:24,508 org.nutz.ioc.loader.annotation.AnnotationIocLoader.addClass(AnnotationIocLoader.java:76) - Found @IocBean : class cn.wizzer.app.sys.modules.services.impl.SysConfigServiceImpl
[DEBUG] 2018-10-15 16:13:24,509 org.nutz.ioc.loader.annotation.AnnotationIocLoader.addClass(AnnotationIocLoader.java:76) - Found @IocBean : class cn.wizzer.app.sys.modules.services.impl.SysDictServiceImpl
[DEBUG] 2018-10-15 16:13:24,509 org.nutz.ioc.loader.annotation.AnnotationIocLoader.addClass(AnnotationIocLoader.java:76) - Found @IocBean : class cn.wizzer.app.sys.modules.services.impl.SysLogServiceImpl
[DEBUG] 2018-10-15 16:13:24,509 org.nutz.ioc.loader.annotation.AnnotationIocLoader.addClass(AnnotationIocLoader.java:76) - Found @IocBean : class cn.wizzer.app.sys.modules.services.impl.SysMenuServiceImpl
[DEBUG] 2018-10-15 16:13:24,509 org.nutz.ioc.loader.annotation.AnnotationIocLoader.addClass(AnnotationIocLoader.java:76) - Found @IocBean : class cn.wizzer.app.sys.modules.services.impl.SysMobileServiceImpl
[DEBUG] 2018-10-15 16:13:24,509 org.nutz.ioc.loader.annotation.AnnotationIocLoader.addClass(AnnotationIocLoader.java:76) - Found @IocBean : class cn.wizzer.app.sys.modules.services.impl.SysPluginServiceImpl
[DEBUG] 2018-10-15 16:13:24,509 org.nutz.ioc.loader.annotation.AnnotationIocLoader.addClass(AnnotationIocLoader.java:76) - Found @IocBean : class cn.wizzer.app.sys.modules.services.impl.SysRegistauditServiceImpl
[DEBUG] 2018-10-15 16:13:24,509 org.nutz.ioc.loader.annotation.AnnotationIocLoader.addClass(AnnotationIocLoader.java:76) - Found @IocBean : class cn.wizzer.app.sys.modules.services.impl.SysRoleServiceImpl
[DEBUG] 2018-10-15 16:13:24,509 org.nutz.ioc.loader.annotation.AnnotationIocLoader.addClass(AnnotationIocLoader.java:76) - Found @IocBean : class cn.wizzer.app.sys.modules.services.impl.SysRouteServiceImpl
[DEBUG] 2018-10-15 16:13:24,509 org.nutz.ioc.loader.annotation.AnnotationIocLoader.addClass(AnnotationIocLoader.java:76) - Found @IocBean : class cn.wizzer.app.sys.modules.services.impl.SysTaskServiceImpl
[DEBUG] 2018-10-15 16:13:24,509 org.nutz.ioc.loader.annotation.AnnotationIocLoader.addClass(AnnotationIocLoader.java:76) - Found @IocBean : class cn.wizzer.app.sys.modules.services.impl.SysTempuserServiceImpl
[DEBUG] 2018-10-15 16:13:24,509 org.nutz.ioc.loader.annotation.AnnotationIocLoader.addClass(AnnotationIocLoader.java:76) - Found @IocBean : class cn.wizzer.app.sys.modules.services.impl.SysUnitServiceImpl
[DEBUG] 2018-10-15 16:13:24,509 org.nutz.ioc.loader.annotation.AnnotationIocLoader.addClass(AnnotationIocLoader.java:76) - Found @IocBean : class cn.wizzer.app.sys.modules.services.impl.SysUserServiceImpl
[DEBUG] 2018-10-15 16:13:24,509 org.nutz.ioc.loader.annotation.AnnotationIocLoader.addClass(AnnotationIocLoader.java:76) - Found @IocBean : class cn.wizzer.app.sys.modules.services.impl.SysVersionServiceImpl
[DEBUG] 2018-10-15 16:13:24,509 org.nutz.ioc.loader.annotation.AnnotationIocLoader.addClass(AnnotationIocLoader.java:76) - Found @IocBean : class cn.wizzer.app.sys.modules.services.impl.SysWxDeptServiceImpl
[DEBUG] 2018-10-15 16:13:24,509 org.nutz.ioc.loader.annotation.AnnotationIocLoader.addClass(AnnotationIocLoader.java:76) - Found @IocBean : class cn.wizzer.app.sys.modules.services.impl.SysWxServiceImpl
[DEBUG] 2018-10-15 16:13:24,510 org.nutz.ioc.loader.annotation.AnnotationIocLoader.addClass(AnnotationIocLoader.java:76) - Found @IocBean : class cn.wizzer.app.sys.modules.services.impl.SysWxUserServiceImpl
[DEBUG] 2018-10-15 16:13:24,510 org.nutz.ioc.loader.annotation.AnnotationIocLoader.addClass(AnnotationIocLoader.java:76) - Found @IocBean : class cn.wizzer.app.web.commons.plugin.DynamicInterceptor
[DEBUG] 2018-10-15 16:13:24,510 org.nutz.ioc.loader.annotation.AnnotationIocLoader.addClass(AnnotationIocLoader.java:76) - Found @IocBean : class cn.wizzer.app.web.commons.plugin.PluginAopConfigure
[DEBUG] 2018-10-15 16:13:24,510 org.nutz.ioc.loader.annotation.AnnotationIocLoader.addClass(AnnotationIocLoader.java:76) - Found @IocBean : class cn.wizzer.app.web.commons.plugin.PluginMaster
[DEBUG] 2018-10-15 16:13:24,510 org.nutz.ioc.loader.annotation.AnnotationIocLoader.addClass(AnnotationIocLoader.java:76) - Found @IocBean : class cn.wizzer.app.web.commons.quartz.job.orderExecute
[DEBUG] 2018-10-15 16:13:24,510 org.nutz.ioc.loader.annotation.AnnotationIocLoader.addClass(AnnotationIocLoader.java:76) - Found @IocBean : class cn.wizzer.app.web.commons.quartz.job.TestJob
[DEBUG] 2018-10-15 16:13:24,510 org.nutz.ioc.loader.annotation.AnnotationIocLoader.addClass(AnnotationIocLoader.java:76) - Found @IocBean : class cn.wizzer.app.web.commons.services.email.EmailService
[DEBUG] 2018-10-15 16:13:24,510 org.nutz.ioc.loader.annotation.AnnotationIocLoader.addClass(AnnotationIocLoader.java:76) - Found @IocBean : class cn.wizzer.app.web.commons.services.qrcode.QrcodeService
[DEBUG] 2018-10-15 16:13:24,510 org.nutz.ioc.loader.annotation.AnnotationIocLoader.addClass(AnnotationIocLoader.java:76) - Found @IocBean : class cn.wizzer.app.web.commons.services.wx.TplService
[DEBUG] 2018-10-15 16:13:24,510 org.nutz.ioc.loader.annotation.AnnotationIocLoader.addClass(AnnotationIocLoader.java:76) - Found @IocBean : class cn.wizzer.app.web.commons.services.wx.WxHandler
[DEBUG] 2018-10-15 16:13:24,510 org.nutz.ioc.loader.annotation.AnnotationIocLoader.addClass(AnnotationIocLoader.java:76) - Found @IocBean : class cn.wizzer.app.web.commons.shiro.realm.PlatformAuthorizingRealm
[DEBUG] 2018-10-15 16:13:24,510 org.nutz.ioc.loader.annotation.AnnotationIocLoader.addClass(AnnotationIocLoader.java:76) - Found @IocBean : class cn.wizzer.app.web.commons.slog.SLogAopConfigration
[DEBUG] 2018-10-15 16:13:24,510 org.nutz.ioc.loader.annotation.AnnotationIocLoader.addClass(AnnotationIocLoader.java:76) - Found @IocBean : class cn.wizzer.app.web.commons.slog.SLogService
[DEBUG] 2018-10-15 16:13:24,510 org.nutz.ioc.loader.annotation.AnnotationIocLoader.addClass(AnnotationIocLoader.java:76) - Found @IocBean : class cn.wizzer.app.web.modules.controllers.front.wx.CmsController
[DEBUG] 2018-10-15 16:13:24,511 org.nutz.ioc.loader.annotation.AnnotationIocLoader.addClass(AnnotationIocLoader.java:76) - Found @IocBean : class cn.wizzer.app.web.modules.controllers.front.wx.WechatController
[DEBUG] 2018-10-15 16:13:24,511 org.nutz.ioc.loader.annotation.AnnotationIocLoader.addClass(AnnotationIocLoader.java:76) - Found @IocBean : class cn.wizzer.app.web.modules.controllers.open.api.mobile.MobileBaseController
[DEBUG] 2018-10-15 16:13:24,511 org.nutz.ioc.loader.annotation.AnnotationIocLoader.addClass(AnnotationIocLoader.java:76) - Found @IocBean : class cn.wizzer.app.web.modules.controllers.open.api.mobile.MobileInsController
[DEBUG] 2018-10-15 16:13:24,511 org.nutz.ioc.loader.annotation.AnnotationIocLoader.addClass(AnnotationIocLoader.java:76) - Found @IocBean : class cn.wizzer.app.web.modules.controllers.open.api.mobile.MobileOrderController
[DEBUG] 2018-10-15 16:13:24,511 org.nutz.ioc.loader.annotation.AnnotationIocLoader.addClass(AnnotationIocLoader.java:76) - Found @IocBean : class cn.wizzer.app.web.modules.controllers.open.api.mobile.MobileSysController
[DEBUG] 2018-10-15 16:13:24,511 org.nutz.ioc.loader.annotation.AnnotationIocLoader.addClass(AnnotationIocLoader.java:76) - Found @IocBean : class cn.wizzer.app.web.modules.controllers.open.api.pad.PadInsController
[DEBUG] 2018-10-15 16:13:24,511 org.nutz.ioc.loader.annotation.AnnotationIocLoader.addClass(AnnotationIocLoader.java:76) - Found @IocBean : class cn.wizzer.app.web.modules.controllers.open.api.pad.PadOrderController
[DEBUG] 2018-10-15 16:13:24,511 org.nutz.ioc.loader.annotation.AnnotationIocLoader.addClass(AnnotationIocLoader.java:76) - Found @IocBean : class cn.wizzer.app.web.modules.controllers.open.api.pad.PadSysController
[DEBUG] 2018-10-15 16:13:24,511 org.nutz.ioc.loader.annotation.AnnotationIocLoader.addClass(AnnotationIocLoader.java:76) - Found @IocBean : class cn.wizzer.app.web.modules.controllers.open.api.test.ApiTestController
[DEBUG] 2018-10-15 16:13:24,511 org.nutz.ioc.loader.annotation.AnnotationIocLoader.addClass(AnnotationIocLoader.java:76) - Found @IocBean : class cn.wizzer.app.web.modules.controllers.open.api.token.TokenController
[DEBUG] 2018-10-15 16:13:24,511 org.nutz.ioc.loader.annotation.AnnotationIocLoader.addClass(AnnotationIocLoader.java:76) - Found @IocBean : class cn.wizzer.app.web.modules.controllers.open.api.userpermission.UserpermissionController
[DEBUG] 2018-10-15 16:13:24,511 org.nutz.ioc.loader.annotation.AnnotationIocLoader.addClass(AnnotationIocLoader.java:76) - Found @IocBean : class cn.wizzer.app.web.modules.controllers.open.file.UploadController
[DEBUG] 2018-10-15 16:13:24,511 org.nutz.ioc.loader.annotation.AnnotationIocLoader.addClass(AnnotationIocLoader.java:76) - Found @IocBean : class cn.wizzer.app.web.modules.controllers.open.pay.WxPayBackController
[DEBUG] 2018-10-15 16:13:24,511 org.nutz.ioc.loader.annotation.AnnotationIocLoader.addClass(AnnotationIocLoader.java:76) - Found @IocBean : class cn.wizzer.app.web.modules.controllers.open.ueditor.BdController
[DEBUG] 2018-10-15 16:13:24,511 org.nutz.ioc.loader.annotation.AnnotationIocLoader.addClass(AnnotationIocLoader.java:76) - Found @IocBean : class cn.wizzer.app.web.modules.controllers.open.ueditor.WxController
[DEBUG] 2018-10-15 16:13:24,511 org.nutz.ioc.loader.annotation.AnnotationIocLoader.addClass(AnnotationIocLoader.java:76) - Found @IocBean : class cn.wizzer.app.web.modules.controllers.open.wx.WeixinController
[DEBUG] 2018-10-15 16:13:24,511 org.nutz.ioc.loader.annotation.AnnotationIocLoader.addClass(AnnotationIocLoader.java:76) - Found @IocBean : class cn.wizzer.app.web.modules.controllers.platform.base.BaseAirmeterialController
[DEBUG] 2018-10-15 16:13:24,512 org.nutz.ioc.loader.annotation.AnnotationIocLoader.addClass(AnnotationIocLoader.java:76) - Found @IocBean : class cn.wizzer.app.web.modules.controllers.platform.base.BaseAirportController
[DEBUG] 2018-10-15 16:13:24,512 org.nutz.ioc.loader.annotation.AnnotationIocLoader.addClass(AnnotationIocLoader.java:76) - Found @IocBean : class cn.wizzer.app.web.modules.controllers.platform.base.BaseCnctobjController
[DEBUG] 2018-10-15 16:13:24,512 org.nutz.ioc.loader.annotation.AnnotationIocLoader.addClass(AnnotationIocLoader.java:76) - Found @IocBean : class cn.wizzer.app.web.modules.controllers.platform.base.BaseCustomerController
[DEBUG] 2018-10-15 16:13:24,512 org.nutz.ioc.loader.annotation.AnnotationIocLoader.addClass(AnnotationIocLoader.java:76) - Found @IocBean : class cn.wizzer.app.web.modules.controllers.platform.base.BaseDeptController
[DEBUG] 2018-10-15 16:13:24,512 org.nutz.ioc.loader.annotation.AnnotationIocLoader.addClass(AnnotationIocLoader.java:76) - Found @IocBean : class cn.wizzer.app.web.modules.controllers.platform.base.BaseJobController
[DEBUG] 2018-10-15 16:13:24,512 org.nutz.ioc.loader.annotation.AnnotationIocLoader.addClass(AnnotationIocLoader.java:76) - Found @IocBean : class cn.wizzer.app.web.modules.controllers.platform.base.BasePersonController
[DEBUG] 2018-10-15 16:13:24,512 org.nutz.ioc.loader.annotation.AnnotationIocLoader.addClass(AnnotationIocLoader.java:76) - Found @IocBean : class cn.wizzer.app.web.modules.controllers.platform.base.BasePersonpoolController
[DEBUG] 2018-10-15 16:13:24,512 org.nutz.ioc.loader.annotation.AnnotationIocLoader.addClass(AnnotationIocLoader.java:76) - Found @IocBean : class cn.wizzer.app.web.modules.controllers.platform.base.BasePlaceController
[DEBUG] 2018-10-15 16:13:24,512 org.nutz.ioc.loader.annotation.AnnotationIocLoader.addClass(AnnotationIocLoader.java:76) - Found @IocBean : class cn.wizzer.app.web.modules.controllers.platform.base.BasePostController
[DEBUG] 2018-10-15 16:13:24,512 org.nutz.ioc.loader.annotation.AnnotationIocLoader.addClass(AnnotationIocLoader.java:76) - Found @IocBean : class cn.wizzer.app.web.modules.controllers.platform.base.BaseRowofficeController
[DEBUG] 2018-10-15 16:13:24,512 org.nutz.ioc.loader.annotation.AnnotationIocLoader.addClass(AnnotationIocLoader.java:76) - Found @IocBean : class cn.wizzer.app.web.modules.controllers.platform.base.BaseRowofficeentryController
[DEBUG] 2018-10-15 16:13:24,512 org.nutz.ioc.loader.annotation.AnnotationIocLoader.addClass(AnnotationIocLoader.java:76) - Found @IocBean : class cn.wizzer.app.web.modules.controllers.platform.base.BaseVehicleController
[DEBUG] 2018-10-15 16:13:24,512 org.nutz.ioc.loader.annotation.AnnotationIocLoader.addClass(AnnotationIocLoader.java:76) - Found @IocBean : class cn.wizzer.app.web.modules.controllers.platform.base.BaseWarehouseController
[DEBUG] 2018-10-15 16:13:24,512 org.nutz.ioc.loader.annotation.AnnotationIocLoader.addClass(AnnotationIocLoader.java:76) - Found @IocBean : class cn.wizzer.app.web.modules.controllers.platform.cms.CmsArticleController
[DEBUG] 2018-10-15 16:13:24,512 org.nutz.ioc.loader.annotation.AnnotationIocLoader.addClass(AnnotationIocLoader.java:76) - Found @IocBean : class cn.wizzer.app.web.modules.controllers.platform.cms.CmsChannelController
[DEBUG] 2018-10-15 16:13:24,512 org.nutz.ioc.loader.annotation.AnnotationIocLoader.addClass(AnnotationIocLoader.java:76) - Found @IocBean : class cn.wizzer.app.web.modules.controllers.platform.cms.CmsLinkClassController
[DEBUG] 2018-10-15 16:13:24,512 org.nutz.ioc.loader.annotation.AnnotationIocLoader.addClass(AnnotationIocLoader.java:76) - Found @IocBean : class cn.wizzer.app.web.modules.controllers.platform.cms.CmsLinkController
[DEBUG] 2018-10-15 16:13:24,513 org.nutz.ioc.loader.annotation.AnnotationIocLoader.addClass(AnnotationIocLoader.java:76) - Found @IocBean : class cn.wizzer.app.web.modules.controllers.platform.cms.CmsSiteController
[DEBUG] 2018-10-15 16:13:24,513 org.nutz.ioc.loader.annotation.AnnotationIocLoader.addClass(AnnotationIocLoader.java:76) - Found @IocBean : class cn.wizzer.app.web.modules.controllers.platform.ins.InsBaseinsController
[DEBUG] 2018-10-15 16:13:24,513 org.nutz.ioc.loader.annotation.AnnotationIocLoader.addClass(AnnotationIocLoader.java:76) - Found @IocBean : class cn.wizzer.app.web.modules.controllers.platform.ins.InsBaseinsSpaceController
[DEBUG] 2018-10-15 16:13:24,513 org.nutz.ioc.loader.annotation.AnnotationIocLoader.addClass(AnnotationIocLoader.java:76) - Found @IocBean : class cn.wizzer.app.web.modules.controllers.platform.ins.InsCabinetController
[DEBUG] 2018-10-15 16:13:24,513 org.nutz.ioc.loader.annotation.AnnotationIocLoader.addClass(AnnotationIocLoader.java:76) - Found @IocBean : class cn.wizzer.app.web.modules.controllers.platform.ins.InsCommonController
[DEBUG] 2018-10-15 16:13:24,513 org.nutz.ioc.loader.annotation.AnnotationIocLoader.addClass(AnnotationIocLoader.java:76) - Found @IocBean : class cn.wizzer.app.web.modules.controllers.platform.ins.InsInstrumentController
[DEBUG] 2018-10-15 16:13:24,513 org.nutz.ioc.loader.annotation.AnnotationIocLoader.addClass(AnnotationIocLoader.java:76) - Found @IocBean : class cn.wizzer.app.web.modules.controllers.platform.ins.InsLockController
[DEBUG] 2018-10-15 16:13:24,513 org.nutz.ioc.loader.annotation.AnnotationIocLoader.addClass(AnnotationIocLoader.java:76) - Found @IocBean : class cn.wizzer.app.web.modules.controllers.platform.ins.InsOrderController
[DEBUG] 2018-10-15 16:13:24,513 org.nutz.ioc.loader.annotation.AnnotationIocLoader.addClass(AnnotationIocLoader.java:76) - Found @IocBean : class cn.wizzer.app.web.modules.controllers.platform.ins.InsOrderentryController
[DEBUG] 2018-10-15 16:13:24,513 org.nutz.ioc.loader.annotation.AnnotationIocLoader.addClass(AnnotationIocLoader.java:76) - Found @IocBean : class cn.wizzer.app.web.modules.controllers.platform.ins.InsRepairController
[DEBUG] 2018-10-15 16:13:24,513 org.nutz.ioc.loader.annotation.AnnotationIocLoader.addClass(AnnotationIocLoader.java:76) - Found @IocBean : class cn.wizzer.app.web.modules.controllers.platform.ins.InsRepairtrackController
[DEBUG] 2018-10-15 16:13:24,513 org.nutz.ioc.loader.annotation.AnnotationIocLoader.addClass(AnnotationIocLoader.java:76) - Found @IocBean : class cn.wizzer.app.web.modules.controllers.platform.ins.InsRfheadController
[DEBUG] 2018-10-15 16:13:24,513 org.nutz.ioc.loader.annotation.AnnotationIocLoader.addClass(AnnotationIocLoader.java:76) - Found @IocBean : class cn.wizzer.app.web.modules.controllers.platform.ins.InsRfidController
[DEBUG] 2018-10-15 16:13:24,513 org.nutz.ioc.loader.annotation.AnnotationIocLoader.addClass(AnnotationIocLoader.java:76) - Found @IocBean : class cn.wizzer.app.web.modules.controllers.platform.ins.InsSpaceController
[DEBUG] 2018-10-15 16:13:24,513 org.nutz.ioc.loader.annotation.AnnotationIocLoader.addClass(AnnotationIocLoader.java:76) - Found @IocBean : class cn.wizzer.app.web.modules.controllers.platform.ins.InsToolcabinetController
[DEBUG] 2018-10-15 16:13:24,513 org.nutz.ioc.loader.annotation.AnnotationIocLoader.addClass(AnnotationIocLoader.java:76) - Found @IocBean : class cn.wizzer.app.web.modules.controllers.platform.ins.InsTransmitController
[DEBUG] 2018-10-15 16:13:24,513 org.nutz.ioc.loader.annotation.AnnotationIocLoader.addClass(AnnotationIocLoader.java:76) - Found @IocBean : class cn.wizzer.app.web.modules.controllers.platform.logistics.LogisticsDeliveryorderController
[DEBUG] 2018-10-15 16:13:24,514 org.nutz.ioc.loader.annotation.AnnotationIocLoader.addClass(AnnotationIocLoader.java:76) - Found @IocBean : class cn.wizzer.app.web.modules.controllers.platform.logistics.LogisticsDeliveryorderentryController
[DEBUG] 2018-10-15 16:13:24,514 org.nutz.ioc.loader.annotation.AnnotationIocLoader.addClass(AnnotationIocLoader.java:76) - Found @IocBean : class cn.wizzer.app.web.modules.controllers.platform.logistics.LogisticsEntourageController
[DEBUG] 2018-10-15 16:13:24,514 org.nutz.ioc.loader.annotation.AnnotationIocLoader.addClass(AnnotationIocLoader.java:76) - Found @IocBean : class cn.wizzer.app.web.modules.controllers.platform.logistics.LogisticsOrderController
[DEBUG] 2018-10-15 16:13:24,514 org.nutz.ioc.loader.annotation.AnnotationIocLoader.addClass(AnnotationIocLoader.java:76) - Found @IocBean : class cn.wizzer.app.web.modules.controllers.platform.logistics.LogisticsOrderdeliveryController
[DEBUG] 2018-10-15 16:13:24,514 org.nutz.ioc.loader.annotation.AnnotationIocLoader.addClass(AnnotationIocLoader.java:76) - Found @IocBean : class cn.wizzer.app.web.modules.controllers.platform.logistics.LogisticsOrderentryController
[DEBUG] 2018-10-15 16:13:24,514 org.nutz.ioc.loader.annotation.AnnotationIocLoader.addClass(AnnotationIocLoader.java:76) - Found @IocBean : class cn.wizzer.app.web.modules.controllers.platform.logistics.LogisticsOrderplanController
[DEBUG] 2018-10-15 16:13:24,514 org.nutz.ioc.loader.annotation.AnnotationIocLoader.addClass(AnnotationIocLoader.java:76) - Found @IocBean : class cn.wizzer.app.web.modules.controllers.platform.logistics.LogisticsOrderplanentryController
[DEBUG] 2018-10-15 16:13:24,514 org.nutz.ioc.loader.annotation.AnnotationIocLoader.addClass(AnnotationIocLoader.java:76) - Found @IocBean : class cn.wizzer.app.web.modules.controllers.platform.logistics.LogisticsOrderrejectController
[DEBUG] 2018-10-15 16:13:24,514 org.nutz.ioc.loader.annotation.AnnotationIocLoader.addClass(AnnotationIocLoader.java:76) - Found @IocBean : class cn.wizzer.app.web.modules.controllers.platform.logistics.LogisticsOrderstepController
[DEBUG] 2018-10-15 16:13:24,514 org.nutz.ioc.loader.annotation.AnnotationIocLoader.addClass(AnnotationIocLoader.java:76) - Found @IocBean : class cn.wizzer.app.web.modules.controllers.platform.logistics.LogisticsSendapprovalController
[DEBUG] 2018-10-15 16:13:24,514 org.nutz.ioc.loader.annotation.AnnotationIocLoader.addClass(AnnotationIocLoader.java:76) - Found @IocBean : class cn.wizzer.app.web.modules.controllers.platform.logistics.LogisticsSendgoodsController
[DEBUG] 2018-10-15 16:13:24,514 org.nutz.ioc.loader.annotation.AnnotationIocLoader.addClass(AnnotationIocLoader.java:76) - Found @IocBean : class cn.wizzer.app.web.modules.controllers.platform.logistics.LogisticsSendplanController
[DEBUG] 2018-10-15 16:13:24,514 org.nutz.ioc.loader.annotation.AnnotationIocLoader.addClass(AnnotationIocLoader.java:76) - Found @IocBean : class cn.wizzer.app.web.modules.controllers.platform.logistics.LogisticsSendtraceController
[DEBUG] 2018-10-15 16:13:24,514 org.nutz.ioc.loader.annotation.AnnotationIocLoader.addClass(AnnotationIocLoader.java:76) - Found @IocBean : class cn.wizzer.app.web.modules.controllers.platform.logistics.LogisticsUnplanController
[DEBUG] 2018-10-15 16:13:24,514 org.nutz.ioc.loader.annotation.AnnotationIocLoader.addClass(AnnotationIocLoader.java:76) - Found @IocBean : class cn.wizzer.app.web.modules.controllers.platform.sys.SysApiController
[DEBUG] 2018-10-15 16:13:24,514 org.nutz.ioc.loader.annotation.AnnotationIocLoader.addClass(AnnotationIocLoader.java:76) - Found @IocBean : class cn.wizzer.app.web.modules.controllers.platform.sys.SysBarcodeController
[DEBUG] 2018-10-15 16:13:24,515 org.nutz.ioc.loader.annotation.AnnotationIocLoader.addClass(AnnotationIocLoader.java:76) - Found @IocBean : class cn.wizzer.app.web.modules.controllers.platform.sys.SysConfController
[DEBUG] 2018-10-15 16:13:24,515 org.nutz.ioc.loader.annotation.AnnotationIocLoader.addClass(AnnotationIocLoader.java:76) - Found @IocBean : class cn.wizzer.app.web.modules.controllers.platform.sys.SysDictController
[DEBUG] 2018-10-15 16:13:24,515 org.nutz.ioc.loader.annotation.AnnotationIocLoader.addClass(AnnotationIocLoader.java:76) - Found @IocBean : class cn.wizzer.app.web.modules.controllers.platform.sys.SysHomeController
[DEBUG] 2018-10-15 16:13:24,515 org.nutz.ioc.loader.annotation.AnnotationIocLoader.addClass(AnnotationIocLoader.java:76) - Found @IocBean : class cn.wizzer.app.web.modules.controllers.platform.sys.SysLogController
[DEBUG] 2018-10-15 16:13:24,515 org.nutz.ioc.loader.annotation.AnnotationIocLoader.addClass(AnnotationIocLoader.java:76) - Found @IocBean : class cn.wizzer.app.web.modules.controllers.platform.sys.SysLoginController
[DEBUG] 2018-10-15 16:13:24,515 org.nutz.ioc.loader.annotation.AnnotationIocLoader.addClass(AnnotationIocLoader.java:76) - Found @IocBean : class cn.wizzer.app.web.modules.controllers.platform.sys.SysMenuController
[DEBUG] 2018-10-15 16:13:24,515 org.nutz.ioc.loader.annotation.AnnotationIocLoader.addClass(AnnotationIocLoader.java:76) - Found @IocBean : class cn.wizzer.app.web.modules.controllers.platform.sys.SysMobileController
[DEBUG] 2018-10-15 16:13:24,515 org.nutz.ioc.loader.annotation.AnnotationIocLoader.addClass(AnnotationIocLoader.java:76) - Found @IocBean : class cn.wizzer.app.web.modules.controllers.platform.sys.SysPluginController
[DEBUG] 2018-10-15 16:13:24,515 org.nutz.ioc.loader.annotation.AnnotationIocLoader.addClass(AnnotationIocLoader.java:76) - Found @IocBean : class cn.wizzer.app.web.modules.controllers.platform.sys.SysRegistauditController
[DEBUG] 2018-10-15 16:13:24,515 org.nutz.ioc.loader.annotation.AnnotationIocLoader.addClass(AnnotationIocLoader.java:76) - Found @IocBean : class cn.wizzer.app.web.modules.controllers.platform.sys.SysRoleController
[DEBUG] 2018-10-15 16:13:24,515 org.nutz.ioc.loader.annotation.AnnotationIocLoader.addClass(AnnotationIocLoader.java:76) - Found @IocBean : class cn.wizzer.app.web.modules.controllers.platform.sys.SysRouteController
[DEBUG] 2018-10-15 16:13:24,515 org.nutz.ioc.loader.annotation.AnnotationIocLoader.addClass(AnnotationIocLoader.java:76) - Found @IocBean : class cn.wizzer.app.web.modules.controllers.platform.sys.SysTaskController
[DEBUG] 2018-10-15 16:13:24,515 org.nutz.ioc.loader.annotation.AnnotationIocLoader.addClass(AnnotationIocLoader.java:76) - Found @IocBean : class cn.wizzer.app.web.modules.controllers.platform.sys.SysTempuserController
[DEBUG] 2018-10-15 16:13:24,515 org.nutz.ioc.loader.annotation.AnnotationIocLoader.addClass(AnnotationIocLoader.java:76) - Found @IocBean : class cn.wizzer.app.web.modules.controllers.platform.sys.SysUnitController
[DEBUG] 2018-10-15 16:13:24,515 org.nutz.ioc.loader.annotation.AnnotationIocLoader.addClass(AnnotationIocLoader.java:76) - Found @IocBean : class cn.wizzer.app.web.modules.controllers.platform.sys.SysUserController
[DEBUG] 2018-10-15 16:13:24,515 org.nutz.ioc.loader.annotation.AnnotationIocLoader.addClass(AnnotationIocLoader.java:76) - Found @IocBean : class cn.wizzer.app.web.modules.controllers.platform.sys.SysVersionController
[DEBUG] 2018-10-15 16:13:24,515 org.nutz.ioc.loader.annotation.AnnotationIocLoader.addClass(AnnotationIocLoader.java:76) - Found @IocBean : class cn.wizzer.app.web.modules.controllers.platform.sys.SysWxController
[DEBUG] 2018-10-15 16:13:24,516 org.nutz.ioc.loader.annotation.AnnotationIocLoader.addClass(AnnotationIocLoader.java:76) - Found @IocBean : class cn.wizzer.app.web.modules.controllers.platform.sys.SysWxDeptController
[DEBUG] 2018-10-15 16:13:24,516 org.nutz.ioc.loader.annotation.AnnotationIocLoader.addClass(AnnotationIocLoader.java:76) - Found @IocBean : class cn.wizzer.app.web.modules.controllers.platform.sys.SysWxUserController
[DEBUG] 2018-10-15 16:13:24,516 org.nutz.ioc.loader.annotation.AnnotationIocLoader.addClass(AnnotationIocLoader.java:76) - Found @IocBean : class cn.wizzer.app.web.modules.controllers.platform.wx.WxConfigController
[DEBUG] 2018-10-15 16:13:24,516 org.nutz.ioc.loader.annotation.AnnotationIocLoader.addClass(AnnotationIocLoader.java:76) - Found @IocBean : class cn.wizzer.app.web.modules.controllers.platform.wx.WxMassController
[DEBUG] 2018-10-15 16:13:24,516 org.nutz.ioc.loader.annotation.AnnotationIocLoader.addClass(AnnotationIocLoader.java:76) - Found @IocBean : class cn.wizzer.app.web.modules.controllers.platform.wx.WxMenuController
[DEBUG] 2018-10-15 16:13:24,516 org.nutz.ioc.loader.annotation.AnnotationIocLoader.addClass(AnnotationIocLoader.java:76) - Found @IocBean : class cn.wizzer.app.web.modules.controllers.platform.wx.WxMsgUserController
[DEBUG] 2018-10-15 16:13:24,516 org.nutz.ioc.loader.annotation.AnnotationIocLoader.addClass(AnnotationIocLoader.java:76) - Found @IocBean : class cn.wizzer.app.web.modules.controllers.platform.wx.WxPayTestController
[DEBUG] 2018-10-15 16:13:24,516 org.nutz.ioc.loader.annotation.AnnotationIocLoader.addClass(AnnotationIocLoader.java:76) - Found @IocBean : class cn.wizzer.app.web.modules.controllers.platform.wx.WxReplyController
[DEBUG] 2018-10-15 16:13:24,516 org.nutz.ioc.loader.annotation.AnnotationIocLoader.addClass(AnnotationIocLoader.java:76) - Found @IocBean : class cn.wizzer.app.web.modules.controllers.platform.wx.WxReplyNewsController
[DEBUG] 2018-10-15 16:13:24,516 org.nutz.ioc.loader.annotation.AnnotationIocLoader.addClass(AnnotationIocLoader.java:76) - Found @IocBean : class cn.wizzer.app.web.modules.controllers.platform.wx.WxReplyTxtController
[DEBUG] 2018-10-15 16:13:24,516 org.nutz.ioc.loader.annotation.AnnotationIocLoader.addClass(AnnotationIocLoader.java:76) - Found @IocBean : class cn.wizzer.app.web.modules.controllers.platform.wx.WxTplIdController
[DEBUG] 2018-10-15 16:13:24,516 org.nutz.ioc.loader.annotation.AnnotationIocLoader.addClass(AnnotationIocLoader.java:76) - Found @IocBean : class cn.wizzer.app.web.modules.controllers.platform.wx.WxTplListController
[DEBUG] 2018-10-15 16:13:24,516 org.nutz.ioc.loader.annotation.AnnotationIocLoader.addClass(AnnotationIocLoader.java:76) - Found @IocBean : class cn.wizzer.app.web.modules.controllers.platform.wx.WxTplLogController
[DEBUG] 2018-10-15 16:13:24,516 org.nutz.ioc.loader.annotation.AnnotationIocLoader.addClass(AnnotationIocLoader.java:76) - Found @IocBean : class cn.wizzer.app.web.modules.controllers.platform.wx.WxUserController
[DEBUG] 2018-10-15 16:13:24,516 org.nutz.ioc.loader.annotation.AnnotationIocLoader.addClass(AnnotationIocLoader.java:76) - Found @IocBean : class cn.wizzer.app.wx.modules.services.impl.WxConfigServiceImpl
[DEBUG] 2018-10-15 16:13:24,516 org.nutz.ioc.loader.annotation.AnnotationIocLoader.addClass(AnnotationIocLoader.java:76) - Found @IocBean : class cn.wizzer.app.wx.modules.services.impl.WxMassNewsServiceImpl
[DEBUG] 2018-10-15 16:13:24,516 org.nutz.ioc.loader.annotation.AnnotationIocLoader.addClass(AnnotationIocLoader.java:76) - Found @IocBean : class cn.wizzer.app.wx.modules.services.impl.WxMassSendServiceImpl
[DEBUG] 2018-10-15 16:13:24,517 org.nutz.ioc.loader.annotation.AnnotationIocLoader.addClass(AnnotationIocLoader.java:76) - Found @IocBean : class cn.wizzer.app.wx.modules.services.impl.WxMassServiceImpl
[DEBUG] 2018-10-15 16:13:24,517 org.nutz.ioc.loader.annotation.AnnotationIocLoader.addClass(AnnotationIocLoader.java:76) - Found @IocBean : class cn.wizzer.app.wx.modules.services.impl.WxMenuServiceImpl
[DEBUG] 2018-10-15 16:13:24,517 org.nutz.ioc.loader.annotation.AnnotationIocLoader.addClass(AnnotationIocLoader.java:76) - Found @IocBean : class cn.wizzer.app.wx.modules.services.impl.WxMsgReplyServiceImpl
[DEBUG] 2018-10-15 16:13:24,517 org.nutz.ioc.loader.annotation.AnnotationIocLoader.addClass(AnnotationIocLoader.java:76) - Found @IocBean : class cn.wizzer.app.wx.modules.services.impl.WxMsgServiceImpl
[DEBUG] 2018-10-15 16:13:24,517 org.nutz.ioc.loader.annotation.AnnotationIocLoader.addClass(AnnotationIocLoader.java:76) - Found @IocBean : class cn.wizzer.app.wx.modules.services.impl.WxReplyNewsServiceImpl
[DEBUG] 2018-10-15 16:13:24,517 org.nutz.ioc.loader.annotation.AnnotationIocLoader.addClass(AnnotationIocLoader.java:76) - Found @IocBean : class cn.wizzer.app.wx.modules.services.impl.WxReplyServiceImpl
[DEBUG] 2018-10-15 16:13:24,517 org.nutz.ioc.loader.annotation.AnnotationIocLoader.addClass(AnnotationIocLoader.java:76) - Found @IocBean : class cn.wizzer.app.wx.modules.services.impl.WxReplyTxtServiceImpl
[DEBUG] 2018-10-15 16:13:24,517 org.nutz.ioc.loader.annotation.AnnotationIocLoader.addClass(AnnotationIocLoader.java:76) - Found @IocBean : class cn.wizzer.app.wx.modules.services.impl.WxTplIdServiceImpl
[DEBUG] 2018-10-15 16:13:24,517 org.nutz.ioc.loader.annotation.AnnotationIocLoader.addClass(AnnotationIocLoader.java:76) - Found @IocBean : class cn.wizzer.app.wx.modules.services.impl.WxTplListServiceImpl
[DEBUG] 2018-10-15 16:13:24,517 org.nutz.ioc.loader.annotation.AnnotationIocLoader.addClass(AnnotationIocLoader.java:76) - Found @IocBean : class cn.wizzer.app.wx.modules.services.impl.WxTplLogServiceImpl
[DEBUG] 2018-10-15 16:13:24,517 org.nutz.ioc.loader.annotation.AnnotationIocLoader.addClass(AnnotationIocLoader.java:76) - Found @IocBean : class cn.wizzer.app.wx.modules.services.impl.WxUserServiceImpl
[DEBUG] 2018-10-15 16:13:24,517 org.nutz.ioc.loader.annotation.AnnotationIocLoader.addClass(AnnotationIocLoader.java:76) - Found @IocBean : class cn.wizzer.test.SimpleTest
[DEBUG] 2018-10-15 16:13:24,519 org.nutz.resource.Scans.scan(Scans.java:274) - Found 0 resource by src( org/nutz/apidoc/ ) , regex( ^.+[.]class$ )
[INFO ] 2018-10-15 16:13:24,519 org.nutz.ioc.loader.annotation.AnnotationIocLoader.<init>(AnnotationIocLoader.java:52) - Found 204 classes in 2 base-packages!
beans = ["wxTplListController", "uploadController", "wxReplyTxtServiceImpl", "logisticsSendplanController", "baseJobServiceImpl", "dateUtil", "qrcodeService", "logisticsSendgoodsServiceImpl", "logisticsOrderentryController", "insLockController", "baseRowofficeentryServiceImpl", "cmsChannelServiceImpl", "insBaseinsServiceImpl", "orderExecute", "cmsArticleController", "basePostController", "baseAirmeterialServiceImpl", "basePersonController", "logisticsOrderplanServiceImpl", "cmsLinkClassController", "basePostServiceImpl", "baseRowofficeServiceImpl", "baseJobController", "baseRowofficeController", "wxReplyController", "insRepairController", "sysConfigServiceImpl", "basePersonpoolController", "baseVehicleController", "wxMsgServiceImpl", "wxPayBackController", "logisticsUnplanController", "mobileInsController", "sysTaskController", "sysBarcodeController", "insTransmitController", "sysDictServiceImpl", "wxConfigServiceImpl", "baseAirportServiceImpl", "apiTestController", "sysMenuController", "cmsSiteServiceImpl", "mobileSysController", "cmsLinkController", "insCommonController", "logisticsOrderplanentryServiceImpl", "insInstrumentController", "sysRegistauditServiceImpl", "insLockServiceImpl", "insOrderController", "wechatController", "wxMsgUserController", "sysDictController", "sysWxUserController", "logisticsDeliveryorderentryController", "basePersonServiceImpl", "insOrderentryServiceImpl", "insRepairtrackController", "insInstrumentServiceImpl", "logisticsSendapprovalServiceImpl", "logisticsOrderdeliveryController", "wxTplListServiceImpl", "tplService", "sysPluginServiceImpl", "insRfheadController", "logisticsSendgoodsController", "mobileBaseController", "baseCnctobjServiceImpl", "nutShiroMethodInterceptor", "insCabinetServiceImpl", "basePlaceServiceImpl", "baseVehicleServiceImpl", "cmsLinkClassServiceImpl", "sysHomeController", "insRfheadServiceImpl", "sysMobileController", "wxMassServiceImpl", "logisticsOrderentryServiceImpl", "logisticsSendplanServiceImpl", "logisticsOrderrejectServiceImpl", "wxHandler", "cmsChannelController", "wxController", "rabbitProducer", "sysTaskServiceImpl", "sysVersionController", "shiroUtil", "wxReplyTxtController", "sysPluginController", "logisticsSendtraceController", "sysApiServiceImpl", "logisticsEntourageServiceImpl", "sLogService", "baseAirportController", "sysApiController", "wxTplIdController", "insSpaceServiceImpl", "logisticsOrderController", "sysTempuserController", "sysUserController", "platformAuthorizingRealm", "testJob", "$aop_1_plugin", "sysRegistauditController", "wxReplyNewsServiceImpl", "insTransmitServiceImpl", "sysLoginController", "wxTplLogServiceImpl", "sysUserServiceImpl", "sysRoleServiceImpl", "sysRouteController", "idcardUtil", "basePlaceController", "sysWxDeptController", "logisticsOrderplanentryController", "userpermissionController", "sysWxServiceImpl", "cmsController", "logisticsSendtraceServiceImpl", "insOrderentryController", "logisticsSendapprovalController", "wxMenuController", "insOrderServiceImpl", "weixinController", "code128Util", "insRepairServiceImpl", "logisticsOrderplanController", "wxMsgReplyServiceImpl", "logisticsOrderdeliveryServiceImpl", "cmsArticleServiceImpl", "baseCnctobjController", "baseCustomerController", "insBaseinsController", "insRfidServiceImpl", "cookieUtil", "baseRowofficeentryController", "logisticsOrderstepServiceImpl", "wxReplyServiceImpl", "bdController", "redisIdGenerator", "insBaseinsSpaceServiceImpl", "cmsSiteController", "logisticsDeliveryorderServiceImpl", "insCabinetController", "logisticsOrderServiceImpl", "sysWxDeptServiceImpl", "sysWxController", "mobileOrderController", "sysRoleController", "logisticsEntourageController", "insCommonServiceImpl", "sysUnitController", "padInsController", "wxMassSendServiceImpl", "logisticsDeliveryorderController", "rSAUtil", "wxConfigController", "stringUtil", "baseCustomerServiceImpl", "basePersonpoolServiceImpl", "insBaseinsSpaceController", "wxUserServiceImpl", "insSpaceController", "sysTempuserServiceImpl", "baseWarehouseServiceImpl", "insToolcabinetController", "sysWxUserServiceImpl", "dynamicInterceptor", "sysLogController", "wxMassController", "emailService", "baseWarehouseController", "insToolcabinetServiceImpl", "wxMenuServiceImpl", "wxReplyNewsController", "baseDeptServiceImpl", "sysRouteServiceImpl", "insRepairtrackServiceImpl", "wxMassNewsServiceImpl", "baseAirmeterialController", "sysMenuServiceImpl", "sysMobileServiceImpl", "simpleTest", "logisticsOrderstepController", "sysLogServiceImpl", "logisticsUnplanServiceImpl", "wxTplIdServiceImpl", "logisticsDeliveryorderentryServiceImpl", "$aop_syslog", "padSysController", "baseDeptController", "logisticsOrderrejectController", "padOrderController", "sysBarcodeServiceImpl", "wxTplLogController", "wxUserController", "wxPayTestController", "tokenController", "sysVersionServiceImpl", "cmsLinkServiceImpl", "sysUnitServiceImpl", "insRfidController", "sysConfController", "pluginMaster"]
[DEBUG] 2018-10-15 16:13:24,519 org.nutz.ioc.loader.combo.ComboIocLoader.createIocLoader(ComboIocLoader.java:110) - found jedis -- org.nutz.integration.jedis.JedisIocLoader
[DEBUG] 2018-10-15 16:13:24,520 org.nutz.resource.Scans.scan(Scans.java:274) - Found 1 resource by src( org/nutz/integration/jedis/jedis.js ) , regex( ^(.+[.])(js|json)$ )
[DEBUG] 2018-10-15 16:13:24,520 org.nutz.ioc.loader.json.JsonLoader.<init>(JsonLoader.java:49) - loading [org/nutz/integration/jedis/jedis.js]
[DEBUG] 2018-10-15 16:13:24,520 org.nutz.ioc.loader.json.JsonLoader.<init>(JsonLoader.java:57) - Loaded 9 bean define from path=[org/nutz/integration/jedis/jedis.js] --> [redisService, jedisCluster, jedisClusterNodes, jedisClusterWrapper, pubSubService, jedisPoolConfig, jedisPool, jedisAgent, redis]
[DEBUG] 2018-10-15 16:13:24,521 org.nutz.ioc.loader.json.JsonLoader.<init>(JsonLoader.java:40) - Loaded 5 bean define from reader --
[txREPEATABLE_READ, txSERIALIZABLE, txNONE, txREAD_UNCOMMITTED, txREAD_COMMITTED]
[DEBUG] 2018-10-15 16:13:24,522 org.nutz.ioc.loader.combo.ComboIocLoader.createIocLoader(ComboIocLoader.java:110) - found quartz -- org.nutz.integration.quartz.QuartzIocLoader
[DEBUG] 2018-10-15 16:13:24,522 org.nutz.ioc.loader.json.JsonLoader.<init>(JsonLoader.java:57) - Loaded 0 bean define from path=[] --> []
[DEBUG] 2018-10-15 16:13:24,522 org.nutz.ioc.aop.SimpleAopMaker.<init>(SimpleAopMaker.java:79) - Load AopConfigure for anno=org.nutz.aop.interceptor.async.Async by type=org.nutz.aop.interceptor.async.AsyncAopIocLoader
[DEBUG] 2018-10-15 16:13:24,523 org.nutz.ioc.loader.combo.ComboIocLoader.createIocLoader(ComboIocLoader.java:110) - found rabbitmq -- org.nutz.integration.rabbitmq.RabbitmqIocLoader
[DEBUG] 2018-10-15 16:13:24,524 org.nutz.resource.Scans.scan(Scans.java:274) - Found 1 resource by src( org/nutz/integration/rabbitmq/rabbitmq.js ) , regex( ^(.+[.])(js|json)$ )
[DEBUG] 2018-10-15 16:13:24,524 org.nutz.ioc.loader.json.JsonLoader.<init>(JsonLoader.java:49) - loading [org/nutz/integration/rabbitmq/rabbitmq.js]
[DEBUG] 2018-10-15 16:13:24,524 org.nutz.ioc.loader.json.JsonLoader.<init>(JsonLoader.java:57) - Loaded 2 bean define from path=[org/nutz/integration/rabbitmq/rabbitmq.js] --> [rabbitmq, rabbitmq_cf]
[INFO ] 2018-10-15 16:13:24,524 org.nutz.ioc.impl.NutIoc.<init>(NutIoc.java:98) - NutIoc init begin ...
[INFO ] 2018-10-15 16:13:24,524 org.nutz.ioc.impl.NutIoc.<init>(NutIoc.java:115) - ... NutIoc init complete
[DEBUG] 2018-10-15 16:13:24,525 org.nutz.ioc.impl.NutIoc.get(NutIoc.java:151) - Get 'conf'<class org.nutz.ioc.impl.PropertiesProxy>
[DEBUG] 2018-10-15 16:13:24,525 org.nutz.ioc.impl.NutIoc.get(NutIoc.java:151) - Get '$aop_1_plugin'<interface org.nutz.ioc.aop.config.AopConfigration>
[DEBUG] 2018-10-15 16:13:24,525 org.nutz.ioc.impl.NutIoc.get(NutIoc.java:177) - 	 >> Load definition name=$aop_1_plugin
[DEBUG] 2018-10-15 16:13:24,525 org.nutz.ioc.loader.combo.ComboIocLoader.load(ComboIocLoader.java:161) - Found IocObject($aop_1_plugin) in AnnotationIocLoader(packages=[cn.wizzer, org.nutz.apidoc])
[DEBUG] 2018-10-15 16:13:24,525 org.nutz.ioc.impl.NutIoc.get(NutIoc.java:209) - 	 >> Make...'$aop_1_plugin'<interface org.nutz.ioc.aop.config.AopConfigration>
[DEBUG] 2018-10-15 16:13:24,525 org.nutz.ioc.impl.ScopeContext.save(ScopeContext.java:64) - Save object '$aop_1_plugin' to [app] 
[DEBUG] 2018-10-15 16:13:24,525 org.nutz.ioc.impl.NutIoc.get(NutIoc.java:151) - Get 'dynamicInterceptor'<class cn.wizzer.app.web.commons.plugin.DynamicInterceptor>
[DEBUG] 2018-10-15 16:13:24,525 org.nutz.ioc.impl.NutIoc.get(NutIoc.java:177) - 	 >> Load definition name=dynamicInterceptor
[DEBUG] 2018-10-15 16:13:24,525 org.nutz.ioc.loader.combo.ComboIocLoader.load(ComboIocLoader.java:161) - Found IocObject(dynamicInterceptor) in AnnotationIocLoader(packages=[cn.wizzer, org.nutz.apidoc])
[DEBUG] 2018-10-15 16:13:24,525 org.nutz.ioc.impl.NutIoc.get(NutIoc.java:209) - 	 >> Make...'dynamicInterceptor'<class cn.wizzer.app.web.commons.plugin.DynamicInterceptor>
[DEBUG] 2018-10-15 16:13:24,525 org.nutz.ioc.impl.ScopeContext.save(ScopeContext.java:64) - Save object 'dynamicInterceptor' to [app] 
[DEBUG] 2018-10-15 16:13:24,525 org.nutz.ioc.impl.NutIoc.get(NutIoc.java:151) - Get '$aop_async'<interface org.nutz.ioc.aop.config.AopConfigration>
[DEBUG] 2018-10-15 16:13:24,525 org.nutz.ioc.impl.NutIoc.get(NutIoc.java:177) - 	 >> Load definition name=$aop_async
[DEBUG] 2018-10-15 16:13:24,526 org.nutz.ioc.loader.combo.ComboIocLoader.load(ComboIocLoader.java:161) - Found IocObject($aop_async) in AsyncAopIocLoader@997850486
[DEBUG] 2018-10-15 16:13:24,526 org.nutz.ioc.impl.NutIoc.get(NutIoc.java:209) - 	 >> Make...'$aop_async'<interface org.nutz.ioc.aop.config.AopConfigration>
[DEBUG] 2018-10-15 16:13:24,526 org.nutz.ioc.impl.ScopeContext.save(ScopeContext.java:64) - Save object '$aop_async' to [app] 
[DEBUG] 2018-10-15 16:13:24,526 org.nutz.ioc.impl.NutIoc.get(NutIoc.java:151) - Get '$aop_syslog'<interface org.nutz.ioc.aop.config.AopConfigration>
[DEBUG] 2018-10-15 16:13:24,526 org.nutz.ioc.impl.NutIoc.get(NutIoc.java:177) - 	 >> Load definition name=$aop_syslog
[DEBUG] 2018-10-15 16:13:24,526 org.nutz.ioc.loader.combo.ComboIocLoader.load(ComboIocLoader.java:161) - Found IocObject($aop_syslog) in AnnotationIocLoader(packages=[cn.wizzer, org.nutz.apidoc])
[DEBUG] 2018-10-15 16:13:24,526 org.nutz.ioc.impl.NutIoc.get(NutIoc.java:209) - 	 >> Make...'$aop_syslog'<interface org.nutz.ioc.aop.config.AopConfigration>
[DEBUG] 2018-10-15 16:13:24,526 org.nutz.ioc.impl.ScopeContext.save(ScopeContext.java:64) - Save object '$aop_syslog' to [app] 
[DEBUG] 2018-10-15 16:13:24,526 org.nutz.ioc.aop.SimpleAopMaker.<init>(SimpleAopMaker.java:79) - Load AopConfigure for anno=cn.wizzer.app.web.commons.slog.annotation.SLog by type=cn.wizzer.app.web.commons.slog.SLogAopConfigration
[DEBUG] 2018-10-15 16:13:24,526 org.nutz.ioc.aop.SimpleAopMaker.<init>(SimpleAopMaker.java:79) - Load AopConfigure for anno=org.nutz.ioc.aop.Aop by type=org.nutz.ioc.aop.config.impl.AnnotationAopConfigration
[DEBUG] 2018-10-15 16:13:24,526 org.nutz.ioc.impl.NutIoc.get(NutIoc.java:177) - 	 >> Load definition name=conf
[DEBUG] 2018-10-15 16:13:24,526 org.nutz.ioc.loader.map.MapLoader.load(MapLoader.java:67) - Loading define for name=conf
[DEBUG] 2018-10-15 16:13:24,526 org.nutz.ioc.loader.combo.ComboIocLoader.load(ComboIocLoader.java:161) - Found IocObject(conf) in JsonLoader(paths=[config/ioc/])
[DEBUG] 2018-10-15 16:13:24,526 org.nutz.ioc.impl.NutIoc.get(NutIoc.java:209) - 	 >> Make...'conf'<class org.nutz.ioc.impl.PropertiesProxy>
[DEBUG] 2018-10-15 16:13:24,526 cn.wizzer.app.web.commons.plugin.PluginAopConfigure.getInterceptorPairList(PluginAopConfigure.java:33) - skip -- org.nutz.ioc.impl.PropertiesProxy
[DEBUG] 2018-10-15 16:13:24,526 org.nutz.ioc.aop.impl.DefaultMirrorFactory.getMirror(DefaultMirrorFactory.java:70) - Load class org.nutz.ioc.impl.PropertiesProxy without AOP
[DEBUG] 2018-10-15 16:13:24,526 org.nutz.ioc.impl.ScopeContext.save(ScopeContext.java:64) - Save object 'conf' to [app] 
[DEBUG] 2018-10-15 16:13:24,529 org.nutz.resource.Scans.scan(Scans.java:274) - Found 4 resource by src( config/custom/ ) , regex( ^.+[.]properties$ )
[DEBUG] 2018-10-15 16:13:24,529 org.nutz.ioc.impl.PropertiesProxy.setPaths(PropertiesProxy.java:113) - load properties from File[C:\Users\Administrator\IdeaProjects\XA-Instrument\wk-app\wk-web\target\classes\config\custom\db.properties]
[DEBUG] 2018-10-15 16:13:24,529 org.nutz.ioc.impl.PropertiesProxy.setPaths(PropertiesProxy.java:113) - load properties from File[C:\Users\Administrator\IdeaProjects\XA-Instrument\wk-app\wk-web\target\classes\config\custom\mail.properties]
[DEBUG] 2018-10-15 16:13:24,530 org.nutz.ioc.impl.PropertiesProxy.setPaths(PropertiesProxy.java:113) - load properties from File[C:\Users\Administrator\IdeaProjects\XA-Instrument\wk-app\wk-web\target\classes\config\custom\rabbit.properties]
[DEBUG] 2018-10-15 16:13:24,530 org.nutz.ioc.impl.PropertiesProxy.setPaths(PropertiesProxy.java:113) - load properties from File[C:\Users\Administrator\IdeaProjects\XA-Instrument\wk-app\wk-web\target\classes\config\custom\redis.properties]
[DEBUG] 2018-10-15 16:13:24,530 org.nutz.ioc.impl.NutIoc.get(NutIoc.java:151) - Get 'simpleTest'<class cn.wizzer.test.SimpleTest>
[DEBUG] 2018-10-15 16:13:24,530 org.nutz.ioc.impl.NutIoc.get(NutIoc.java:177) - 	 >> Load definition name=simpleTest
[DEBUG] 2018-10-15 16:13:24,530 org.nutz.ioc.loader.combo.ComboIocLoader.load(ComboIocLoader.java:161) - Found IocObject(simpleTest) in AnnotationIocLoader(packages=[cn.wizzer, org.nutz.apidoc])
[DEBUG] 2018-10-15 16:13:24,531 org.nutz.ioc.impl.NutIoc.get(NutIoc.java:209) - 	 >> Make...'simpleTest'<class cn.wizzer.test.SimpleTest>
[DEBUG] 2018-10-15 16:13:24,531 cn.wizzer.app.web.commons.plugin.PluginAopConfigure.getInterceptorPairList(PluginAopConfigure.java:33) - skip -- cn.wizzer.test.SimpleTest
[DEBUG] 2018-10-15 16:13:24,531 org.nutz.ioc.aop.impl.DefaultMirrorFactory.getMirror(DefaultMirrorFactory.java:70) - Load class cn.wizzer.test.SimpleTest without AOP
[DEBUG] 2018-10-15 16:13:24,531 org.nutz.ioc.impl.ScopeContext.save(ScopeContext.java:64) - Save object 'simpleTest' to [app] 
[DEBUG] 2018-10-15 16:13:24,532 org.nutz.ioc.impl.NutIoc.get(NutIoc.java:151) - Get 'dao'<interface org.nutz.dao.Dao>
[DEBUG] 2018-10-15 16:13:24,532 org.nutz.ioc.impl.NutIoc.get(NutIoc.java:177) - 	 >> Load definition name=dao
[DEBUG] 2018-10-15 16:13:24,532 org.nutz.ioc.loader.map.MapLoader.load(MapLoader.java:67) - Loading define for name=dao
[DEBUG] 2018-10-15 16:13:24,532 org.nutz.ioc.loader.combo.ComboIocLoader.load(ComboIocLoader.java:161) - Found IocObject(dao) in JsonLoader(paths=[config/ioc/])
[DEBUG] 2018-10-15 16:13:24,532 org.nutz.ioc.impl.NutIoc.get(NutIoc.java:209) - 	 >> Make...'dao'<interface org.nutz.dao.Dao>
[DEBUG] 2018-10-15 16:13:24,532 cn.wizzer.app.web.commons.plugin.PluginAopConfigure.getInterceptorPairList(PluginAopConfigure.java:33) - skip -- org.nutz.dao.impl.NutDao
[DEBUG] 2018-10-15 16:13:24,532 org.nutz.ioc.aop.impl.DefaultMirrorFactory.getMirror(DefaultMirrorFactory.java:70) - Load class org.nutz.dao.impl.NutDao without AOP
[DEBUG] 2018-10-15 16:13:24,532 org.nutz.ioc.impl.ScopeContext.save(ScopeContext.java:64) - Save object 'dao' to [app] 
[DEBUG] 2018-10-15 16:13:24,532 org.nutz.ioc.impl.NutIoc.get(NutIoc.java:151) - Get 'dataSource'<>
[DEBUG] 2018-10-15 16:13:24,532 org.nutz.ioc.impl.NutIoc.get(NutIoc.java:177) - 	 >> Load definition name=dataSource
[DEBUG] 2018-10-15 16:13:24,532 org.nutz.ioc.loader.map.MapLoader.load(MapLoader.java:67) - Loading define for name=dataSource
[DEBUG] 2018-10-15 16:13:24,532 org.nutz.ioc.loader.combo.ComboIocLoader.load(ComboIocLoader.java:161) - Found IocObject(dataSource) in JsonLoader(paths=[config/ioc/])
[DEBUG] 2018-10-15 16:13:24,533 org.nutz.ioc.impl.NutIoc.get(NutIoc.java:209) - 	 >> Make...'dataSource'<>
[DEBUG] 2018-10-15 16:13:24,533 cn.wizzer.app.web.commons.plugin.PluginAopConfigure.getInterceptorPairList(PluginAopConfigure.java:33) - skip -- com.alibaba.druid.pool.DruidDataSource
[DEBUG] 2018-10-15 16:13:24,533 org.nutz.ioc.aop.impl.DefaultMirrorFactory.getMirror(DefaultMirrorFactory.java:70) - Load class com.alibaba.druid.pool.DruidDataSource without AOP
[DEBUG] 2018-10-15 16:13:24,533 org.nutz.ioc.impl.ScopeContext.save(ScopeContext.java:64) - Save object 'dataSource' to [app] 
[DEBUG] 2018-10-15 16:13:24,533 org.nutz.ioc.impl.NutIoc.get(NutIoc.java:151) - Get 'conf'<>
[DEBUG] 2018-10-15 16:13:24,534 org.nutz.ioc.impl.ScopeContext.remove(ScopeContext.java:84) - Remove object 'dataSource' from [app] 
[DEBUG] 2018-10-15 16:13:24,534 org.nutz.ioc.impl.ScopeContext.remove(ScopeContext.java:84) - Remove object 'dao' from [app] 
[DEBUG] 2018-10-15 16:13:24,534 org.nutz.ioc.impl.ScopeContext.remove(ScopeContext.java:84) - Remove object 'simpleTest' from [app] 
]]></system-out>
  </testcase>
  <testcase name="testUser1" classname="cn.wizzer.test.SimpleTest" time="0">
    <error message="IocBean[simpleTest] throw Exception when creating" type="org.nutz.ioc.IocException">org.nutz.ioc.IocException: IocBean[simpleTest] throw Exception when creating
Caused by: java.lang.RuntimeException: IocBean[simpleTest] fail at field=[dao]
Caused by: org.nutz.ioc.IocException: IocBean[dao -> dataSource] throw Exception when creating
Caused by: java.lang.IllegalArgumentException: Failed to decrypt.
Caused by: java.lang.IllegalArgumentException: String length must be a multiple of four.
</error>
    <system-out><![CDATA[[INFO ] 2018-10-15 16:13:24,534 org.nutz.ioc.impl.NutIoc.depose(NutIoc.java:255) - org.nutz.ioc.impl.NutIoc@1221027335 is closing. startup date [18-10-15 16:13:24.524]
[DEBUG] 2018-10-15 16:13:24,534 org.nutz.ioc.impl.ScopeContext.clear(ScopeContext.java:108) - Depose object 'conf' ...
[DEBUG] 2018-10-15 16:13:24,534 org.nutz.ioc.impl.ScopeContext.clear(ScopeContext.java:108) - Depose object '$aop_syslog' ...
[DEBUG] 2018-10-15 16:13:24,535 org.nutz.ioc.impl.ScopeContext.clear(ScopeContext.java:108) - Depose object '$aop_async' ...
[DEBUG] 2018-10-15 16:13:24,535 org.nutz.ioc.impl.ScopeContext.clear(ScopeContext.java:108) - Depose object 'dynamicInterceptor' ...
[DEBUG] 2018-10-15 16:13:24,535 org.nutz.ioc.impl.ScopeContext.clear(ScopeContext.java:108) - Depose object '$aop_1_plugin' ...
[INFO ] 2018-10-15 16:13:24,535 org.nutz.ioc.impl.NutIoc.depose(NutIoc.java:262) - org.nutz.ioc.impl.NutIoc@1221027335 is deposed. startup date [18-10-15 16:13:24.524]
[DEBUG] 2018-10-15 16:13:24,540 org.nutz.resource.Scans.scan(Scans.java:274) - Found 4 resource by src( config/ioc/ ) , regex( ^(.+[.])(js|json)$ )
[DEBUG] 2018-10-15 16:13:24,541 org.nutz.ioc.loader.json.JsonLoader.<init>(JsonLoader.java:49) - loading [dao.json]
[DEBUG] 2018-10-15 16:13:24,541 org.nutz.ioc.loader.json.JsonLoader.<init>(JsonLoader.java:49) - loading [ehcache.json]
[DEBUG] 2018-10-15 16:13:24,542 org.nutz.ioc.loader.json.JsonLoader.<init>(JsonLoader.java:49) - loading [mail.json]
[DEBUG] 2018-10-15 16:13:24,542 org.nutz.ioc.loader.json.JsonLoader.<init>(JsonLoader.java:49) - loading [upload.json]
[DEBUG] 2018-10-15 16:13:24,542 org.nutz.ioc.loader.json.JsonLoader.<init>(JsonLoader.java:57) - Loaded 15 bean define from path=[config/ioc/] --> [videoUpload, conf, uploadVideoContext, imageUpload, fileUpload, cacheManager, dao, cacheProvider, emailAuthenticator, uploadFileContext, htmlEmail, cacheExecutor, tmpFilePool, uploadImageContext, dataSource]
[DEBUG] 2018-10-15 16:13:24,695 org.nutz.resource.Scans.scan(Scans.java:274) - Found 452 resource by src( cn/wizzer/ ) , regex( ^.+[.]class$ )
[DEBUG] 2018-10-15 16:13:24,696 org.nutz.ioc.loader.annotation.AnnotationIocLoader.addClass(AnnotationIocLoader.java:76) - Found @IocBean : class cn.wizzer.framework.util.StringUtil
[DEBUG] 2018-10-15 16:13:24,697 org.nutz.ioc.loader.annotation.AnnotationIocLoader.addClass(AnnotationIocLoader.java:76) - Found @IocBean : class cn.wizzer.framework.util.CookieUtil
[DEBUG] 2018-10-15 16:13:24,697 org.nutz.ioc.loader.annotation.AnnotationIocLoader.addClass(AnnotationIocLoader.java:76) - Found @IocBean : class cn.wizzer.framework.ig.RedisIdGenerator
[DEBUG] 2018-10-15 16:13:24,697 org.nutz.ioc.loader.annotation.AnnotationIocLoader.addClass(AnnotationIocLoader.java:76) - Found @IocBean : class cn.wizzer.framework.util.DateUtil
[DEBUG] 2018-10-15 16:13:24,697 org.nutz.ioc.loader.annotation.AnnotationIocLoader.addClass(AnnotationIocLoader.java:76) - Found @IocBean : class cn.wizzer.framework.shiro.interceptor.NutShiroMethodInterceptor
[DEBUG] 2018-10-15 16:13:24,697 org.nutz.ioc.loader.annotation.AnnotationIocLoader.addClass(AnnotationIocLoader.java:76) - Found @IocBean : class cn.wizzer.framework.util.IdcardUtil
[DEBUG] 2018-10-15 16:13:24,697 org.nutz.ioc.loader.annotation.AnnotationIocLoader.addClass(AnnotationIocLoader.java:76) - Found @IocBean : class cn.wizzer.framework.rabbit.RabbitProducer
[DEBUG] 2018-10-15 16:13:24,697 org.nutz.ioc.loader.annotation.AnnotationIocLoader.addClass(AnnotationIocLoader.java:76) - Found @IocBean : class cn.wizzer.framework.util.RSAUtil
[DEBUG] 2018-10-15 16:13:24,697 org.nutz.ioc.loader.annotation.AnnotationIocLoader.addClass(AnnotationIocLoader.java:76) - Found @IocBean : class cn.wizzer.framework.util.ShiroUtil
[DEBUG] 2018-10-15 16:13:24,697 org.nutz.ioc.loader.annotation.AnnotationIocLoader.addClass(AnnotationIocLoader.java:76) - Found @IocBean : class cn.wizzer.framework.util.Code128Util
[DEBUG] 2018-10-15 16:13:24,697 org.nutz.ioc.loader.annotation.AnnotationIocLoader.addClass(AnnotationIocLoader.java:76) - Found @IocBean : class cn.wizzer.app.base.modules.services.impl.BaseAirmeterialServiceImpl
[DEBUG] 2018-10-15 16:13:24,697 org.nutz.ioc.loader.annotation.AnnotationIocLoader.addClass(AnnotationIocLoader.java:76) - Found @IocBean : class cn.wizzer.app.base.modules.services.impl.BaseAirportServiceImpl
[DEBUG] 2018-10-15 16:13:24,697 org.nutz.ioc.loader.annotation.AnnotationIocLoader.addClass(AnnotationIocLoader.java:76) - Found @IocBean : class cn.wizzer.app.base.modules.services.impl.BaseCnctobjServiceImpl
[DEBUG] 2018-10-15 16:13:24,697 org.nutz.ioc.loader.annotation.AnnotationIocLoader.addClass(AnnotationIocLoader.java:76) - Found @IocBean : class cn.wizzer.app.base.modules.services.impl.BaseCustomerServiceImpl
[DEBUG] 2018-10-15 16:13:24,697 org.nutz.ioc.loader.annotation.AnnotationIocLoader.addClass(AnnotationIocLoader.java:76) - Found @IocBean : class cn.wizzer.app.base.modules.services.impl.BaseDeptServiceImpl
[DEBUG] 2018-10-15 16:13:24,697 org.nutz.ioc.loader.annotation.AnnotationIocLoader.addClass(AnnotationIocLoader.java:76) - Found @IocBean : class cn.wizzer.app.base.modules.services.impl.BaseJobServiceImpl
[DEBUG] 2018-10-15 16:13:24,697 org.nutz.ioc.loader.annotation.AnnotationIocLoader.addClass(AnnotationIocLoader.java:76) - Found @IocBean : class cn.wizzer.app.base.modules.services.impl.BasePersonpoolServiceImpl
[DEBUG] 2018-10-15 16:13:24,698 org.nutz.ioc.loader.annotation.AnnotationIocLoader.addClass(AnnotationIocLoader.java:76) - Found @IocBean : class cn.wizzer.app.base.modules.services.impl.BasePersonServiceImpl
[DEBUG] 2018-10-15 16:13:24,698 org.nutz.ioc.loader.annotation.AnnotationIocLoader.addClass(AnnotationIocLoader.java:76) - Found @IocBean : class cn.wizzer.app.base.modules.services.impl.BasePlaceServiceImpl
[DEBUG] 2018-10-15 16:13:24,698 org.nutz.ioc.loader.annotation.AnnotationIocLoader.addClass(AnnotationIocLoader.java:76) - Found @IocBean : class cn.wizzer.app.base.modules.services.impl.BasePostServiceImpl
[DEBUG] 2018-10-15 16:13:24,698 org.nutz.ioc.loader.annotation.AnnotationIocLoader.addClass(AnnotationIocLoader.java:76) - Found @IocBean : class cn.wizzer.app.base.modules.services.impl.BaseRowofficeentryServiceImpl
[DEBUG] 2018-10-15 16:13:24,698 org.nutz.ioc.loader.annotation.AnnotationIocLoader.addClass(AnnotationIocLoader.java:76) - Found @IocBean : class cn.wizzer.app.base.modules.services.impl.BaseRowofficeServiceImpl
[DEBUG] 2018-10-15 16:13:24,698 org.nutz.ioc.loader.annotation.AnnotationIocLoader.addClass(AnnotationIocLoader.java:76) - Found @IocBean : class cn.wizzer.app.base.modules.services.impl.BaseVehicleServiceImpl
[DEBUG] 2018-10-15 16:13:24,698 org.nutz.ioc.loader.annotation.AnnotationIocLoader.addClass(AnnotationIocLoader.java:76) - Found @IocBean : class cn.wizzer.app.base.modules.services.impl.BaseWarehouseServiceImpl
[DEBUG] 2018-10-15 16:13:24,698 org.nutz.ioc.loader.annotation.AnnotationIocLoader.addClass(AnnotationIocLoader.java:76) - Found @IocBean : class cn.wizzer.app.cms.modules.services.impl.CmsArticleServiceImpl
[DEBUG] 2018-10-15 16:13:24,698 org.nutz.ioc.loader.annotation.AnnotationIocLoader.addClass(AnnotationIocLoader.java:76) - Found @IocBean : class cn.wizzer.app.cms.modules.services.impl.CmsChannelServiceImpl
[DEBUG] 2018-10-15 16:13:24,698 org.nutz.ioc.loader.annotation.AnnotationIocLoader.addClass(AnnotationIocLoader.java:76) - Found @IocBean : class cn.wizzer.app.cms.modules.services.impl.CmsLinkClassServiceImpl
[DEBUG] 2018-10-15 16:13:24,698 org.nutz.ioc.loader.annotation.AnnotationIocLoader.addClass(AnnotationIocLoader.java:76) - Found @IocBean : class cn.wizzer.app.cms.modules.services.impl.CmsLinkServiceImpl
[DEBUG] 2018-10-15 16:13:24,698 org.nutz.ioc.loader.annotation.AnnotationIocLoader.addClass(AnnotationIocLoader.java:76) - Found @IocBean : class cn.wizzer.app.cms.modules.services.impl.CmsSiteServiceImpl
[DEBUG] 2018-10-15 16:13:24,698 org.nutz.ioc.loader.annotation.AnnotationIocLoader.addClass(AnnotationIocLoader.java:76) - Found @IocBean : class cn.wizzer.app.ins.modules.services.impl.InsBaseinsServiceImpl
[DEBUG] 2018-10-15 16:13:24,698 org.nutz.ioc.loader.annotation.AnnotationIocLoader.addClass(AnnotationIocLoader.java:76) - Found @IocBean : class cn.wizzer.app.ins.modules.services.impl.InsBaseinsSpaceServiceImpl
[DEBUG] 2018-10-15 16:13:24,698 org.nutz.ioc.loader.annotation.AnnotationIocLoader.addClass(AnnotationIocLoader.java:76) - Found @IocBean : class cn.wizzer.app.ins.modules.services.impl.InsCabinetServiceImpl
[DEBUG] 2018-10-15 16:13:24,698 org.nutz.ioc.loader.annotation.AnnotationIocLoader.addClass(AnnotationIocLoader.java:76) - Found @IocBean : class cn.wizzer.app.ins.modules.services.impl.InsCommonServiceImpl
[DEBUG] 2018-10-15 16:13:24,699 org.nutz.ioc.loader.annotation.AnnotationIocLoader.addClass(AnnotationIocLoader.java:76) - Found @IocBean : class cn.wizzer.app.ins.modules.services.impl.InsInstrumentServiceImpl
[DEBUG] 2018-10-15 16:13:24,699 org.nutz.ioc.loader.annotation.AnnotationIocLoader.addClass(AnnotationIocLoader.java:76) - Found @IocBean : class cn.wizzer.app.ins.modules.services.impl.InsLockServiceImpl
[DEBUG] 2018-10-15 16:13:24,699 org.nutz.ioc.loader.annotation.AnnotationIocLoader.addClass(AnnotationIocLoader.java:76) - Found @IocBean : class cn.wizzer.app.ins.modules.services.impl.InsOrderentryServiceImpl
[DEBUG] 2018-10-15 16:13:24,699 org.nutz.ioc.loader.annotation.AnnotationIocLoader.addClass(AnnotationIocLoader.java:76) - Found @IocBean : class cn.wizzer.app.ins.modules.services.impl.InsOrderServiceImpl
[DEBUG] 2018-10-15 16:13:24,699 org.nutz.ioc.loader.annotation.AnnotationIocLoader.addClass(AnnotationIocLoader.java:76) - Found @IocBean : class cn.wizzer.app.ins.modules.services.impl.InsRepairServiceImpl
[DEBUG] 2018-10-15 16:13:24,699 org.nutz.ioc.loader.annotation.AnnotationIocLoader.addClass(AnnotationIocLoader.java:76) - Found @IocBean : class cn.wizzer.app.ins.modules.services.impl.InsRepairtrackServiceImpl
[DEBUG] 2018-10-15 16:13:24,699 org.nutz.ioc.loader.annotation.AnnotationIocLoader.addClass(AnnotationIocLoader.java:76) - Found @IocBean : class cn.wizzer.app.ins.modules.services.impl.InsRfheadServiceImpl
[DEBUG] 2018-10-15 16:13:24,699 org.nutz.ioc.loader.annotation.AnnotationIocLoader.addClass(AnnotationIocLoader.java:76) - Found @IocBean : class cn.wizzer.app.ins.modules.services.impl.InsRfidServiceImpl
[DEBUG] 2018-10-15 16:13:24,699 org.nutz.ioc.loader.annotation.AnnotationIocLoader.addClass(AnnotationIocLoader.java:76) - Found @IocBean : class cn.wizzer.app.ins.modules.services.impl.InsSpaceServiceImpl
[DEBUG] 2018-10-15 16:13:24,699 org.nutz.ioc.loader.annotation.AnnotationIocLoader.addClass(AnnotationIocLoader.java:76) - Found @IocBean : class cn.wizzer.app.ins.modules.services.impl.InsToolcabinetServiceImpl
[DEBUG] 2018-10-15 16:13:24,699 org.nutz.ioc.loader.annotation.AnnotationIocLoader.addClass(AnnotationIocLoader.java:76) - Found @IocBean : class cn.wizzer.app.ins.modules.services.impl.InsTransmitServiceImpl
[DEBUG] 2018-10-15 16:13:24,699 org.nutz.ioc.loader.annotation.AnnotationIocLoader.addClass(AnnotationIocLoader.java:76) - Found @IocBean : class cn.wizzer.app.logistics.modules.services.impl.LogisticsDeliveryorderentryServiceImpl
[DEBUG] 2018-10-15 16:13:24,699 org.nutz.ioc.loader.annotation.AnnotationIocLoader.addClass(AnnotationIocLoader.java:76) - Found @IocBean : class cn.wizzer.app.logistics.modules.services.impl.LogisticsDeliveryorderServiceImpl
[DEBUG] 2018-10-15 16:13:24,699 org.nutz.ioc.loader.annotation.AnnotationIocLoader.addClass(AnnotationIocLoader.java:76) - Found @IocBean : class cn.wizzer.app.logistics.modules.services.impl.LogisticsEntourageServiceImpl
[DEBUG] 2018-10-15 16:13:24,699 org.nutz.ioc.loader.annotation.AnnotationIocLoader.addClass(AnnotationIocLoader.java:76) - Found @IocBean : class cn.wizzer.app.logistics.modules.services.impl.LogisticsOrderdeliveryServiceImpl
[DEBUG] 2018-10-15 16:13:24,700 org.nutz.ioc.loader.annotation.AnnotationIocLoader.addClass(AnnotationIocLoader.java:76) - Found @IocBean : class cn.wizzer.app.logistics.modules.services.impl.LogisticsOrderentryServiceImpl
[DEBUG] 2018-10-15 16:13:24,700 org.nutz.ioc.loader.annotation.AnnotationIocLoader.addClass(AnnotationIocLoader.java:76) - Found @IocBean : class cn.wizzer.app.logistics.modules.services.impl.LogisticsOrderplanentryServiceImpl
[DEBUG] 2018-10-15 16:13:24,700 org.nutz.ioc.loader.annotation.AnnotationIocLoader.addClass(AnnotationIocLoader.java:76) - Found @IocBean : class cn.wizzer.app.logistics.modules.services.impl.LogisticsOrderplanServiceImpl
[DEBUG] 2018-10-15 16:13:24,700 org.nutz.ioc.loader.annotation.AnnotationIocLoader.addClass(AnnotationIocLoader.java:76) - Found @IocBean : class cn.wizzer.app.logistics.modules.services.impl.LogisticsOrderrejectServiceImpl
[DEBUG] 2018-10-15 16:13:24,700 org.nutz.ioc.loader.annotation.AnnotationIocLoader.addClass(AnnotationIocLoader.java:76) - Found @IocBean : class cn.wizzer.app.logistics.modules.services.impl.LogisticsOrderServiceImpl
[DEBUG] 2018-10-15 16:13:24,700 org.nutz.ioc.loader.annotation.AnnotationIocLoader.addClass(AnnotationIocLoader.java:76) - Found @IocBean : class cn.wizzer.app.logistics.modules.services.impl.LogisticsOrderstepServiceImpl
[DEBUG] 2018-10-15 16:13:24,700 org.nutz.ioc.loader.annotation.AnnotationIocLoader.addClass(AnnotationIocLoader.java:76) - Found @IocBean : class cn.wizzer.app.logistics.modules.services.impl.LogisticsSendapprovalServiceImpl
[DEBUG] 2018-10-15 16:13:24,700 org.nutz.ioc.loader.annotation.AnnotationIocLoader.addClass(AnnotationIocLoader.java:76) - Found @IocBean : class cn.wizzer.app.logistics.modules.services.impl.LogisticsSendgoodsServiceImpl
[DEBUG] 2018-10-15 16:13:24,700 org.nutz.ioc.loader.annotation.AnnotationIocLoader.addClass(AnnotationIocLoader.java:76) - Found @IocBean : class cn.wizzer.app.logistics.modules.services.impl.LogisticsSendplanServiceImpl
[DEBUG] 2018-10-15 16:13:24,700 org.nutz.ioc.loader.annotation.AnnotationIocLoader.addClass(AnnotationIocLoader.java:76) - Found @IocBean : class cn.wizzer.app.logistics.modules.services.impl.LogisticsSendtraceServiceImpl
[DEBUG] 2018-10-15 16:13:24,700 org.nutz.ioc.loader.annotation.AnnotationIocLoader.addClass(AnnotationIocLoader.java:76) - Found @IocBean : class cn.wizzer.app.logistics.modules.services.impl.LogisticsUnplanServiceImpl
[DEBUG] 2018-10-15 16:13:24,700 org.nutz.ioc.loader.annotation.AnnotationIocLoader.addClass(AnnotationIocLoader.java:76) - Found @IocBean : class cn.wizzer.app.sys.modules.services.impl.SysApiServiceImpl
[DEBUG] 2018-10-15 16:13:24,700 org.nutz.ioc.loader.annotation.AnnotationIocLoader.addClass(AnnotationIocLoader.java:76) - Found @IocBean : class cn.wizzer.app.sys.modules.services.impl.SysBarcodeServiceImpl
[DEBUG] 2018-10-15 16:13:24,700 org.nutz.ioc.loader.annotation.AnnotationIocLoader.addClass(AnnotationIocLoader.java:76) - Found @IocBean : class cn.wizzer.app.sys.modules.services.impl.SysConfigServiceImpl
[DEBUG] 2018-10-15 16:13:24,700 org.nutz.ioc.loader.annotation.AnnotationIocLoader.addClass(AnnotationIocLoader.java:76) - Found @IocBean : class cn.wizzer.app.sys.modules.services.impl.SysDictServiceImpl
[DEBUG] 2018-10-15 16:13:24,701 org.nutz.ioc.loader.annotation.AnnotationIocLoader.addClass(AnnotationIocLoader.java:76) - Found @IocBean : class cn.wizzer.app.sys.modules.services.impl.SysLogServiceImpl
[DEBUG] 2018-10-15 16:13:24,701 org.nutz.ioc.loader.annotation.AnnotationIocLoader.addClass(AnnotationIocLoader.java:76) - Found @IocBean : class cn.wizzer.app.sys.modules.services.impl.SysMenuServiceImpl
[DEBUG] 2018-10-15 16:13:24,701 org.nutz.ioc.loader.annotation.AnnotationIocLoader.addClass(AnnotationIocLoader.java:76) - Found @IocBean : class cn.wizzer.app.sys.modules.services.impl.SysMobileServiceImpl
[DEBUG] 2018-10-15 16:13:24,701 org.nutz.ioc.loader.annotation.AnnotationIocLoader.addClass(AnnotationIocLoader.java:76) - Found @IocBean : class cn.wizzer.app.sys.modules.services.impl.SysPluginServiceImpl
[DEBUG] 2018-10-15 16:13:24,701 org.nutz.ioc.loader.annotation.AnnotationIocLoader.addClass(AnnotationIocLoader.java:76) - Found @IocBean : class cn.wizzer.app.sys.modules.services.impl.SysRegistauditServiceImpl
[DEBUG] 2018-10-15 16:13:24,701 org.nutz.ioc.loader.annotation.AnnotationIocLoader.addClass(AnnotationIocLoader.java:76) - Found @IocBean : class cn.wizzer.app.sys.modules.services.impl.SysRoleServiceImpl
[DEBUG] 2018-10-15 16:13:24,701 org.nutz.ioc.loader.annotation.AnnotationIocLoader.addClass(AnnotationIocLoader.java:76) - Found @IocBean : class cn.wizzer.app.sys.modules.services.impl.SysRouteServiceImpl
[DEBUG] 2018-10-15 16:13:24,701 org.nutz.ioc.loader.annotation.AnnotationIocLoader.addClass(AnnotationIocLoader.java:76) - Found @IocBean : class cn.wizzer.app.sys.modules.services.impl.SysTaskServiceImpl
[DEBUG] 2018-10-15 16:13:24,701 org.nutz.ioc.loader.annotation.AnnotationIocLoader.addClass(AnnotationIocLoader.java:76) - Found @IocBean : class cn.wizzer.app.sys.modules.services.impl.SysTempuserServiceImpl
[DEBUG] 2018-10-15 16:13:24,701 org.nutz.ioc.loader.annotation.AnnotationIocLoader.addClass(AnnotationIocLoader.java:76) - Found @IocBean : class cn.wizzer.app.sys.modules.services.impl.SysUnitServiceImpl
[DEBUG] 2018-10-15 16:13:24,701 org.nutz.ioc.loader.annotation.AnnotationIocLoader.addClass(AnnotationIocLoader.java:76) - Found @IocBean : class cn.wizzer.app.sys.modules.services.impl.SysUserServiceImpl
[DEBUG] 2018-10-15 16:13:24,701 org.nutz.ioc.loader.annotation.AnnotationIocLoader.addClass(AnnotationIocLoader.java:76) - Found @IocBean : class cn.wizzer.app.sys.modules.services.impl.SysVersionServiceImpl
[DEBUG] 2018-10-15 16:13:24,701 org.nutz.ioc.loader.annotation.AnnotationIocLoader.addClass(AnnotationIocLoader.java:76) - Found @IocBean : class cn.wizzer.app.sys.modules.services.impl.SysWxDeptServiceImpl
[DEBUG] 2018-10-15 16:13:24,701 org.nutz.ioc.loader.annotation.AnnotationIocLoader.addClass(AnnotationIocLoader.java:76) - Found @IocBean : class cn.wizzer.app.sys.modules.services.impl.SysWxServiceImpl
[DEBUG] 2018-10-15 16:13:24,701 org.nutz.ioc.loader.annotation.AnnotationIocLoader.addClass(AnnotationIocLoader.java:76) - Found @IocBean : class cn.wizzer.app.sys.modules.services.impl.SysWxUserServiceImpl
[DEBUG] 2018-10-15 16:13:24,702 org.nutz.ioc.loader.annotation.AnnotationIocLoader.addClass(AnnotationIocLoader.java:76) - Found @IocBean : class cn.wizzer.app.web.commons.plugin.DynamicInterceptor
[DEBUG] 2018-10-15 16:13:24,702 org.nutz.ioc.loader.annotation.AnnotationIocLoader.addClass(AnnotationIocLoader.java:76) - Found @IocBean : class cn.wizzer.app.web.commons.plugin.PluginAopConfigure
[DEBUG] 2018-10-15 16:13:24,702 org.nutz.ioc.loader.annotation.AnnotationIocLoader.addClass(AnnotationIocLoader.java:76) - Found @IocBean : class cn.wizzer.app.web.commons.plugin.PluginMaster
[DEBUG] 2018-10-15 16:13:24,702 org.nutz.ioc.loader.annotation.AnnotationIocLoader.addClass(AnnotationIocLoader.java:76) - Found @IocBean : class cn.wizzer.app.web.commons.quartz.job.orderExecute
[DEBUG] 2018-10-15 16:13:24,702 org.nutz.ioc.loader.annotation.AnnotationIocLoader.addClass(AnnotationIocLoader.java:76) - Found @IocBean : class cn.wizzer.app.web.commons.quartz.job.TestJob
[DEBUG] 2018-10-15 16:13:24,702 org.nutz.ioc.loader.annotation.AnnotationIocLoader.addClass(AnnotationIocLoader.java:76) - Found @IocBean : class cn.wizzer.app.web.commons.services.email.EmailService
[DEBUG] 2018-10-15 16:13:24,702 org.nutz.ioc.loader.annotation.AnnotationIocLoader.addClass(AnnotationIocLoader.java:76) - Found @IocBean : class cn.wizzer.app.web.commons.services.qrcode.QrcodeService
[DEBUG] 2018-10-15 16:13:24,702 org.nutz.ioc.loader.annotation.AnnotationIocLoader.addClass(AnnotationIocLoader.java:76) - Found @IocBean : class cn.wizzer.app.web.commons.services.wx.TplService
[DEBUG] 2018-10-15 16:13:24,702 org.nutz.ioc.loader.annotation.AnnotationIocLoader.addClass(AnnotationIocLoader.java:76) - Found @IocBean : class cn.wizzer.app.web.commons.services.wx.WxHandler
[DEBUG] 2018-10-15 16:13:24,702 org.nutz.ioc.loader.annotation.AnnotationIocLoader.addClass(AnnotationIocLoader.java:76) - Found @IocBean : class cn.wizzer.app.web.commons.shiro.realm.PlatformAuthorizingRealm
[DEBUG] 2018-10-15 16:13:24,702 org.nutz.ioc.loader.annotation.AnnotationIocLoader.addClass(AnnotationIocLoader.java:76) - Found @IocBean : class cn.wizzer.app.web.commons.slog.SLogAopConfigration
[DEBUG] 2018-10-15 16:13:24,702 org.nutz.ioc.loader.annotation.AnnotationIocLoader.addClass(AnnotationIocLoader.java:76) - Found @IocBean : class cn.wizzer.app.web.commons.slog.SLogService
[DEBUG] 2018-10-15 16:13:24,702 org.nutz.ioc.loader.annotation.AnnotationIocLoader.addClass(AnnotationIocLoader.java:76) - Found @IocBean : class cn.wizzer.app.web.modules.controllers.front.wx.CmsController
[DEBUG] 2018-10-15 16:13:24,702 org.nutz.ioc.loader.annotation.AnnotationIocLoader.addClass(AnnotationIocLoader.java:76) - Found @IocBean : class cn.wizzer.app.web.modules.controllers.front.wx.WechatController
[DEBUG] 2018-10-15 16:13:24,702 org.nutz.ioc.loader.annotation.AnnotationIocLoader.addClass(AnnotationIocLoader.java:76) - Found @IocBean : class cn.wizzer.app.web.modules.controllers.open.api.mobile.MobileBaseController
[DEBUG] 2018-10-15 16:13:24,702 org.nutz.ioc.loader.annotation.AnnotationIocLoader.addClass(AnnotationIocLoader.java:76) - Found @IocBean : class cn.wizzer.app.web.modules.controllers.open.api.mobile.MobileInsController
[DEBUG] 2018-10-15 16:13:24,703 org.nutz.ioc.loader.annotation.AnnotationIocLoader.addClass(AnnotationIocLoader.java:76) - Found @IocBean : class cn.wizzer.app.web.modules.controllers.open.api.mobile.MobileOrderController
[DEBUG] 2018-10-15 16:13:24,703 org.nutz.ioc.loader.annotation.AnnotationIocLoader.addClass(AnnotationIocLoader.java:76) - Found @IocBean : class cn.wizzer.app.web.modules.controllers.open.api.mobile.MobileSysController
[DEBUG] 2018-10-15 16:13:24,703 org.nutz.ioc.loader.annotation.AnnotationIocLoader.addClass(AnnotationIocLoader.java:76) - Found @IocBean : class cn.wizzer.app.web.modules.controllers.open.api.pad.PadInsController
[DEBUG] 2018-10-15 16:13:24,703 org.nutz.ioc.loader.annotation.AnnotationIocLoader.addClass(AnnotationIocLoader.java:76) - Found @IocBean : class cn.wizzer.app.web.modules.controllers.open.api.pad.PadOrderController
[DEBUG] 2018-10-15 16:13:24,703 org.nutz.ioc.loader.annotation.AnnotationIocLoader.addClass(AnnotationIocLoader.java:76) - Found @IocBean : class cn.wizzer.app.web.modules.controllers.open.api.pad.PadSysController
[DEBUG] 2018-10-15 16:13:24,703 org.nutz.ioc.loader.annotation.AnnotationIocLoader.addClass(AnnotationIocLoader.java:76) - Found @IocBean : class cn.wizzer.app.web.modules.controllers.open.api.test.ApiTestController
[DEBUG] 2018-10-15 16:13:24,703 org.nutz.ioc.loader.annotation.AnnotationIocLoader.addClass(AnnotationIocLoader.java:76) - Found @IocBean : class cn.wizzer.app.web.modules.controllers.open.api.token.TokenController
[DEBUG] 2018-10-15 16:13:24,703 org.nutz.ioc.loader.annotation.AnnotationIocLoader.addClass(AnnotationIocLoader.java:76) - Found @IocBean : class cn.wizzer.app.web.modules.controllers.open.api.userpermission.UserpermissionController
[DEBUG] 2018-10-15 16:13:24,703 org.nutz.ioc.loader.annotation.AnnotationIocLoader.addClass(AnnotationIocLoader.java:76) - Found @IocBean : class cn.wizzer.app.web.modules.controllers.open.file.UploadController
[DEBUG] 2018-10-15 16:13:24,703 org.nutz.ioc.loader.annotation.AnnotationIocLoader.addClass(AnnotationIocLoader.java:76) - Found @IocBean : class cn.wizzer.app.web.modules.controllers.open.pay.WxPayBackController
[DEBUG] 2018-10-15 16:13:24,703 org.nutz.ioc.loader.annotation.AnnotationIocLoader.addClass(AnnotationIocLoader.java:76) - Found @IocBean : class cn.wizzer.app.web.modules.controllers.open.ueditor.BdController
[DEBUG] 2018-10-15 16:13:24,703 org.nutz.ioc.loader.annotation.AnnotationIocLoader.addClass(AnnotationIocLoader.java:76) - Found @IocBean : class cn.wizzer.app.web.modules.controllers.open.ueditor.WxController
[DEBUG] 2018-10-15 16:13:24,703 org.nutz.ioc.loader.annotation.AnnotationIocLoader.addClass(AnnotationIocLoader.java:76) - Found @IocBean : class cn.wizzer.app.web.modules.controllers.open.wx.WeixinController
[DEBUG] 2018-10-15 16:13:24,703 org.nutz.ioc.loader.annotation.AnnotationIocLoader.addClass(AnnotationIocLoader.java:76) - Found @IocBean : class cn.wizzer.app.web.modules.controllers.platform.base.BaseAirmeterialController
[DEBUG] 2018-10-15 16:13:24,703 org.nutz.ioc.loader.annotation.AnnotationIocLoader.addClass(AnnotationIocLoader.java:76) - Found @IocBean : class cn.wizzer.app.web.modules.controllers.platform.base.BaseAirportController
[DEBUG] 2018-10-15 16:13:24,703 org.nutz.ioc.loader.annotation.AnnotationIocLoader.addClass(AnnotationIocLoader.java:76) - Found @IocBean : class cn.wizzer.app.web.modules.controllers.platform.base.BaseCnctobjController
[DEBUG] 2018-10-15 16:13:24,703 org.nutz.ioc.loader.annotation.AnnotationIocLoader.addClass(AnnotationIocLoader.java:76) - Found @IocBean : class cn.wizzer.app.web.modules.controllers.platform.base.BaseCustomerController
[DEBUG] 2018-10-15 16:13:24,704 org.nutz.ioc.loader.annotation.AnnotationIocLoader.addClass(AnnotationIocLoader.java:76) - Found @IocBean : class cn.wizzer.app.web.modules.controllers.platform.base.BaseDeptController
[DEBUG] 2018-10-15 16:13:24,704 org.nutz.ioc.loader.annotation.AnnotationIocLoader.addClass(AnnotationIocLoader.java:76) - Found @IocBean : class cn.wizzer.app.web.modules.controllers.platform.base.BaseJobController
[DEBUG] 2018-10-15 16:13:24,704 org.nutz.ioc.loader.annotation.AnnotationIocLoader.addClass(AnnotationIocLoader.java:76) - Found @IocBean : class cn.wizzer.app.web.modules.controllers.platform.base.BasePersonController
[DEBUG] 2018-10-15 16:13:24,704 org.nutz.ioc.loader.annotation.AnnotationIocLoader.addClass(AnnotationIocLoader.java:76) - Found @IocBean : class cn.wizzer.app.web.modules.controllers.platform.base.BasePersonpoolController
[DEBUG] 2018-10-15 16:13:24,704 org.nutz.ioc.loader.annotation.AnnotationIocLoader.addClass(AnnotationIocLoader.java:76) - Found @IocBean : class cn.wizzer.app.web.modules.controllers.platform.base.BasePlaceController
[DEBUG] 2018-10-15 16:13:24,704 org.nutz.ioc.loader.annotation.AnnotationIocLoader.addClass(AnnotationIocLoader.java:76) - Found @IocBean : class cn.wizzer.app.web.modules.controllers.platform.base.BasePostController
[DEBUG] 2018-10-15 16:13:24,704 org.nutz.ioc.loader.annotation.AnnotationIocLoader.addClass(AnnotationIocLoader.java:76) - Found @IocBean : class cn.wizzer.app.web.modules.controllers.platform.base.BaseRowofficeController
[DEBUG] 2018-10-15 16:13:24,704 org.nutz.ioc.loader.annotation.AnnotationIocLoader.addClass(AnnotationIocLoader.java:76) - Found @IocBean : class cn.wizzer.app.web.modules.controllers.platform.base.BaseRowofficeentryController
[DEBUG] 2018-10-15 16:13:24,704 org.nutz.ioc.loader.annotation.AnnotationIocLoader.addClass(AnnotationIocLoader.java:76) - Found @IocBean : class cn.wizzer.app.web.modules.controllers.platform.base.BaseVehicleController
[DEBUG] 2018-10-15 16:13:24,705 org.nutz.ioc.loader.annotation.AnnotationIocLoader.addClass(AnnotationIocLoader.java:76) - Found @IocBean : class cn.wizzer.app.web.modules.controllers.platform.base.BaseWarehouseController
[DEBUG] 2018-10-15 16:13:24,705 org.nutz.ioc.loader.annotation.AnnotationIocLoader.addClass(AnnotationIocLoader.java:76) - Found @IocBean : class cn.wizzer.app.web.modules.controllers.platform.cms.CmsArticleController
[DEBUG] 2018-10-15 16:13:24,705 org.nutz.ioc.loader.annotation.AnnotationIocLoader.addClass(AnnotationIocLoader.java:76) - Found @IocBean : class cn.wizzer.app.web.modules.controllers.platform.cms.CmsChannelController
[DEBUG] 2018-10-15 16:13:24,705 org.nutz.ioc.loader.annotation.AnnotationIocLoader.addClass(AnnotationIocLoader.java:76) - Found @IocBean : class cn.wizzer.app.web.modules.controllers.platform.cms.CmsLinkClassController
[DEBUG] 2018-10-15 16:13:24,705 org.nutz.ioc.loader.annotation.AnnotationIocLoader.addClass(AnnotationIocLoader.java:76) - Found @IocBean : class cn.wizzer.app.web.modules.controllers.platform.cms.CmsLinkController
[DEBUG] 2018-10-15 16:13:24,705 org.nutz.ioc.loader.annotation.AnnotationIocLoader.addClass(AnnotationIocLoader.java:76) - Found @IocBean : class cn.wizzer.app.web.modules.controllers.platform.cms.CmsSiteController
[DEBUG] 2018-10-15 16:13:24,705 org.nutz.ioc.loader.annotation.AnnotationIocLoader.addClass(AnnotationIocLoader.java:76) - Found @IocBean : class cn.wizzer.app.web.modules.controllers.platform.ins.InsBaseinsController
[DEBUG] 2018-10-15 16:13:24,705 org.nutz.ioc.loader.annotation.AnnotationIocLoader.addClass(AnnotationIocLoader.java:76) - Found @IocBean : class cn.wizzer.app.web.modules.controllers.platform.ins.InsBaseinsSpaceController
[DEBUG] 2018-10-15 16:13:24,705 org.nutz.ioc.loader.annotation.AnnotationIocLoader.addClass(AnnotationIocLoader.java:76) - Found @IocBean : class cn.wizzer.app.web.modules.controllers.platform.ins.InsCabinetController
[DEBUG] 2018-10-15 16:13:24,705 org.nutz.ioc.loader.annotation.AnnotationIocLoader.addClass(AnnotationIocLoader.java:76) - Found @IocBean : class cn.wizzer.app.web.modules.controllers.platform.ins.InsCommonController
[DEBUG] 2018-10-15 16:13:24,706 org.nutz.ioc.loader.annotation.AnnotationIocLoader.addClass(AnnotationIocLoader.java:76) - Found @IocBean : class cn.wizzer.app.web.modules.controllers.platform.ins.InsInstrumentController
[DEBUG] 2018-10-15 16:13:24,706 org.nutz.ioc.loader.annotation.AnnotationIocLoader.addClass(AnnotationIocLoader.java:76) - Found @IocBean : class cn.wizzer.app.web.modules.controllers.platform.ins.InsLockController
[DEBUG] 2018-10-15 16:13:24,706 org.nutz.ioc.loader.annotation.AnnotationIocLoader.addClass(AnnotationIocLoader.java:76) - Found @IocBean : class cn.wizzer.app.web.modules.controllers.platform.ins.InsOrderController
[DEBUG] 2018-10-15 16:13:24,706 org.nutz.ioc.loader.annotation.AnnotationIocLoader.addClass(AnnotationIocLoader.java:76) - Found @IocBean : class cn.wizzer.app.web.modules.controllers.platform.ins.InsOrderentryController
[DEBUG] 2018-10-15 16:13:24,706 org.nutz.ioc.loader.annotation.AnnotationIocLoader.addClass(AnnotationIocLoader.java:76) - Found @IocBean : class cn.wizzer.app.web.modules.controllers.platform.ins.InsRepairController
[DEBUG] 2018-10-15 16:13:24,706 org.nutz.ioc.loader.annotation.AnnotationIocLoader.addClass(AnnotationIocLoader.java:76) - Found @IocBean : class cn.wizzer.app.web.modules.controllers.platform.ins.InsRepairtrackController
[DEBUG] 2018-10-15 16:13:24,706 org.nutz.ioc.loader.annotation.AnnotationIocLoader.addClass(AnnotationIocLoader.java:76) - Found @IocBean : class cn.wizzer.app.web.modules.controllers.platform.ins.InsRfheadController
[DEBUG] 2018-10-15 16:13:24,706 org.nutz.ioc.loader.annotation.AnnotationIocLoader.addClass(AnnotationIocLoader.java:76) - Found @IocBean : class cn.wizzer.app.web.modules.controllers.platform.ins.InsRfidController
[DEBUG] 2018-10-15 16:13:24,706 org.nutz.ioc.loader.annotation.AnnotationIocLoader.addClass(AnnotationIocLoader.java:76) - Found @IocBean : class cn.wizzer.app.web.modules.controllers.platform.ins.InsSpaceController
[DEBUG] 2018-10-15 16:13:24,706 org.nutz.ioc.loader.annotation.AnnotationIocLoader.addClass(AnnotationIocLoader.java:76) - Found @IocBean : class cn.wizzer.app.web.modules.controllers.platform.ins.InsToolcabinetController
[DEBUG] 2018-10-15 16:13:24,706 org.nutz.ioc.loader.annotation.AnnotationIocLoader.addClass(AnnotationIocLoader.java:76) - Found @IocBean : class cn.wizzer.app.web.modules.controllers.platform.ins.InsTransmitController
[DEBUG] 2018-10-15 16:13:24,707 org.nutz.ioc.loader.annotation.AnnotationIocLoader.addClass(AnnotationIocLoader.java:76) - Found @IocBean : class cn.wizzer.app.web.modules.controllers.platform.logistics.LogisticsDeliveryorderController
[DEBUG] 2018-10-15 16:13:24,707 org.nutz.ioc.loader.annotation.AnnotationIocLoader.addClass(AnnotationIocLoader.java:76) - Found @IocBean : class cn.wizzer.app.web.modules.controllers.platform.logistics.LogisticsDeliveryorderentryController
[DEBUG] 2018-10-15 16:13:24,707 org.nutz.ioc.loader.annotation.AnnotationIocLoader.addClass(AnnotationIocLoader.java:76) - Found @IocBean : class cn.wizzer.app.web.modules.controllers.platform.logistics.LogisticsEntourageController
[DEBUG] 2018-10-15 16:13:24,707 org.nutz.ioc.loader.annotation.AnnotationIocLoader.addClass(AnnotationIocLoader.java:76) - Found @IocBean : class cn.wizzer.app.web.modules.controllers.platform.logistics.LogisticsOrderController
[DEBUG] 2018-10-15 16:13:24,707 org.nutz.ioc.loader.annotation.AnnotationIocLoader.addClass(AnnotationIocLoader.java:76) - Found @IocBean : class cn.wizzer.app.web.modules.controllers.platform.logistics.LogisticsOrderdeliveryController
[DEBUG] 2018-10-15 16:13:24,707 org.nutz.ioc.loader.annotation.AnnotationIocLoader.addClass(AnnotationIocLoader.java:76) - Found @IocBean : class cn.wizzer.app.web.modules.controllers.platform.logistics.LogisticsOrderentryController
[DEBUG] 2018-10-15 16:13:24,707 org.nutz.ioc.loader.annotation.AnnotationIocLoader.addClass(AnnotationIocLoader.java:76) - Found @IocBean : class cn.wizzer.app.web.modules.controllers.platform.logistics.LogisticsOrderplanController
[DEBUG] 2018-10-15 16:13:24,707 org.nutz.ioc.loader.annotation.AnnotationIocLoader.addClass(AnnotationIocLoader.java:76) - Found @IocBean : class cn.wizzer.app.web.modules.controllers.platform.logistics.LogisticsOrderplanentryController
[DEBUG] 2018-10-15 16:13:24,707 org.nutz.ioc.loader.annotation.AnnotationIocLoader.addClass(AnnotationIocLoader.java:76) - Found @IocBean : class cn.wizzer.app.web.modules.controllers.platform.logistics.LogisticsOrderrejectController
[DEBUG] 2018-10-15 16:13:24,707 org.nutz.ioc.loader.annotation.AnnotationIocLoader.addClass(AnnotationIocLoader.java:76) - Found @IocBean : class cn.wizzer.app.web.modules.controllers.platform.logistics.LogisticsOrderstepController
[DEBUG] 2018-10-15 16:13:24,708 org.nutz.ioc.loader.annotation.AnnotationIocLoader.addClass(AnnotationIocLoader.java:76) - Found @IocBean : class cn.wizzer.app.web.modules.controllers.platform.logistics.LogisticsSendapprovalController
[DEBUG] 2018-10-15 16:13:24,708 org.nutz.ioc.loader.annotation.AnnotationIocLoader.addClass(AnnotationIocLoader.java:76) - Found @IocBean : class cn.wizzer.app.web.modules.controllers.platform.logistics.LogisticsSendgoodsController
[DEBUG] 2018-10-15 16:13:24,708 org.nutz.ioc.loader.annotation.AnnotationIocLoader.addClass(AnnotationIocLoader.java:76) - Found @IocBean : class cn.wizzer.app.web.modules.controllers.platform.logistics.LogisticsSendplanController
[DEBUG] 2018-10-15 16:13:24,708 org.nutz.ioc.loader.annotation.AnnotationIocLoader.addClass(AnnotationIocLoader.java:76) - Found @IocBean : class cn.wizzer.app.web.modules.controllers.platform.logistics.LogisticsSendtraceController
[DEBUG] 2018-10-15 16:13:24,708 org.nutz.ioc.loader.annotation.AnnotationIocLoader.addClass(AnnotationIocLoader.java:76) - Found @IocBean : class cn.wizzer.app.web.modules.controllers.platform.logistics.LogisticsUnplanController
[DEBUG] 2018-10-15 16:13:24,708 org.nutz.ioc.loader.annotation.AnnotationIocLoader.addClass(AnnotationIocLoader.java:76) - Found @IocBean : class cn.wizzer.app.web.modules.controllers.platform.sys.SysApiController
[DEBUG] 2018-10-15 16:13:24,708 org.nutz.ioc.loader.annotation.AnnotationIocLoader.addClass(AnnotationIocLoader.java:76) - Found @IocBean : class cn.wizzer.app.web.modules.controllers.platform.sys.SysBarcodeController
[DEBUG] 2018-10-15 16:13:24,708 org.nutz.ioc.loader.annotation.AnnotationIocLoader.addClass(AnnotationIocLoader.java:76) - Found @IocBean : class cn.wizzer.app.web.modules.controllers.platform.sys.SysConfController
[DEBUG] 2018-10-15 16:13:24,708 org.nutz.ioc.loader.annotation.AnnotationIocLoader.addClass(AnnotationIocLoader.java:76) - Found @IocBean : class cn.wizzer.app.web.modules.controllers.platform.sys.SysDictController
[DEBUG] 2018-10-15 16:13:24,708 org.nutz.ioc.loader.annotation.AnnotationIocLoader.addClass(AnnotationIocLoader.java:76) - Found @IocBean : class cn.wizzer.app.web.modules.controllers.platform.sys.SysHomeController
[DEBUG] 2018-10-15 16:13:24,708 org.nutz.ioc.loader.annotation.AnnotationIocLoader.addClass(AnnotationIocLoader.java:76) - Found @IocBean : class cn.wizzer.app.web.modules.controllers.platform.sys.SysLogController
[DEBUG] 2018-10-15 16:13:24,709 org.nutz.ioc.loader.annotation.AnnotationIocLoader.addClass(AnnotationIocLoader.java:76) - Found @IocBean : class cn.wizzer.app.web.modules.controllers.platform.sys.SysLoginController
[DEBUG] 2018-10-15 16:13:24,709 org.nutz.ioc.loader.annotation.AnnotationIocLoader.addClass(AnnotationIocLoader.java:76) - Found @IocBean : class cn.wizzer.app.web.modules.controllers.platform.sys.SysMenuController
[DEBUG] 2018-10-15 16:13:24,709 org.nutz.ioc.loader.annotation.AnnotationIocLoader.addClass(AnnotationIocLoader.java:76) - Found @IocBean : class cn.wizzer.app.web.modules.controllers.platform.sys.SysMobileController
[DEBUG] 2018-10-15 16:13:24,709 org.nutz.ioc.loader.annotation.AnnotationIocLoader.addClass(AnnotationIocLoader.java:76) - Found @IocBean : class cn.wizzer.app.web.modules.controllers.platform.sys.SysPluginController
[DEBUG] 2018-10-15 16:13:24,709 org.nutz.ioc.loader.annotation.AnnotationIocLoader.addClass(AnnotationIocLoader.java:76) - Found @IocBean : class cn.wizzer.app.web.modules.controllers.platform.sys.SysRegistauditController
[DEBUG] 2018-10-15 16:13:24,709 org.nutz.ioc.loader.annotation.AnnotationIocLoader.addClass(AnnotationIocLoader.java:76) - Found @IocBean : class cn.wizzer.app.web.modules.controllers.platform.sys.SysRoleController
[DEBUG] 2018-10-15 16:13:24,709 org.nutz.ioc.loader.annotation.AnnotationIocLoader.addClass(AnnotationIocLoader.java:76) - Found @IocBean : class cn.wizzer.app.web.modules.controllers.platform.sys.SysRouteController
[DEBUG] 2018-10-15 16:13:24,709 org.nutz.ioc.loader.annotation.AnnotationIocLoader.addClass(AnnotationIocLoader.java:76) - Found @IocBean : class cn.wizzer.app.web.modules.controllers.platform.sys.SysTaskController
[DEBUG] 2018-10-15 16:13:24,709 org.nutz.ioc.loader.annotation.AnnotationIocLoader.addClass(AnnotationIocLoader.java:76) - Found @IocBean : class cn.wizzer.app.web.modules.controllers.platform.sys.SysTempuserController
[DEBUG] 2018-10-15 16:13:24,709 org.nutz.ioc.loader.annotation.AnnotationIocLoader.addClass(AnnotationIocLoader.java:76) - Found @IocBean : class cn.wizzer.app.web.modules.controllers.platform.sys.SysUnitController
[DEBUG] 2018-10-15 16:13:24,709 org.nutz.ioc.loader.annotation.AnnotationIocLoader.addClass(AnnotationIocLoader.java:76) - Found @IocBean : class cn.wizzer.app.web.modules.controllers.platform.sys.SysUserController
[DEBUG] 2018-10-15 16:13:24,710 org.nutz.ioc.loader.annotation.AnnotationIocLoader.addClass(AnnotationIocLoader.java:76) - Found @IocBean : class cn.wizzer.app.web.modules.controllers.platform.sys.SysVersionController
[DEBUG] 2018-10-15 16:13:24,710 org.nutz.ioc.loader.annotation.AnnotationIocLoader.addClass(AnnotationIocLoader.java:76) - Found @IocBean : class cn.wizzer.app.web.modules.controllers.platform.sys.SysWxController
[DEBUG] 2018-10-15 16:13:24,710 org.nutz.ioc.loader.annotation.AnnotationIocLoader.addClass(AnnotationIocLoader.java:76) - Found @IocBean : class cn.wizzer.app.web.modules.controllers.platform.sys.SysWxDeptController
[DEBUG] 2018-10-15 16:13:24,710 org.nutz.ioc.loader.annotation.AnnotationIocLoader.addClass(AnnotationIocLoader.java:76) - Found @IocBean : class cn.wizzer.app.web.modules.controllers.platform.sys.SysWxUserController
[DEBUG] 2018-10-15 16:13:24,710 org.nutz.ioc.loader.annotation.AnnotationIocLoader.addClass(AnnotationIocLoader.java:76) - Found @IocBean : class cn.wizzer.app.web.modules.controllers.platform.wx.WxConfigController
[DEBUG] 2018-10-15 16:13:24,710 org.nutz.ioc.loader.annotation.AnnotationIocLoader.addClass(AnnotationIocLoader.java:76) - Found @IocBean : class cn.wizzer.app.web.modules.controllers.platform.wx.WxMassController
[DEBUG] 2018-10-15 16:13:24,710 org.nutz.ioc.loader.annotation.AnnotationIocLoader.addClass(AnnotationIocLoader.java:76) - Found @IocBean : class cn.wizzer.app.web.modules.controllers.platform.wx.WxMenuController
[DEBUG] 2018-10-15 16:13:24,710 org.nutz.ioc.loader.annotation.AnnotationIocLoader.addClass(AnnotationIocLoader.java:76) - Found @IocBean : class cn.wizzer.app.web.modules.controllers.platform.wx.WxMsgUserController
[DEBUG] 2018-10-15 16:13:24,710 org.nutz.ioc.loader.annotation.AnnotationIocLoader.addClass(AnnotationIocLoader.java:76) - Found @IocBean : class cn.wizzer.app.web.modules.controllers.platform.wx.WxPayTestController
[DEBUG] 2018-10-15 16:13:24,710 org.nutz.ioc.loader.annotation.AnnotationIocLoader.addClass(AnnotationIocLoader.java:76) - Found @IocBean : class cn.wizzer.app.web.modules.controllers.platform.wx.WxReplyController
[DEBUG] 2018-10-15 16:13:24,711 org.nutz.ioc.loader.annotation.AnnotationIocLoader.addClass(AnnotationIocLoader.java:76) - Found @IocBean : class cn.wizzer.app.web.modules.controllers.platform.wx.WxReplyNewsController
[DEBUG] 2018-10-15 16:13:24,711 org.nutz.ioc.loader.annotation.AnnotationIocLoader.addClass(AnnotationIocLoader.java:76) - Found @IocBean : class cn.wizzer.app.web.modules.controllers.platform.wx.WxReplyTxtController
[DEBUG] 2018-10-15 16:13:24,711 org.nutz.ioc.loader.annotation.AnnotationIocLoader.addClass(AnnotationIocLoader.java:76) - Found @IocBean : class cn.wizzer.app.web.modules.controllers.platform.wx.WxTplIdController
[DEBUG] 2018-10-15 16:13:24,711 org.nutz.ioc.loader.annotation.AnnotationIocLoader.addClass(AnnotationIocLoader.java:76) - Found @IocBean : class cn.wizzer.app.web.modules.controllers.platform.wx.WxTplListController
[DEBUG] 2018-10-15 16:13:24,711 org.nutz.ioc.loader.annotation.AnnotationIocLoader.addClass(AnnotationIocLoader.java:76) - Found @IocBean : class cn.wizzer.app.web.modules.controllers.platform.wx.WxTplLogController
[DEBUG] 2018-10-15 16:13:24,711 org.nutz.ioc.loader.annotation.AnnotationIocLoader.addClass(AnnotationIocLoader.java:76) - Found @IocBean : class cn.wizzer.app.web.modules.controllers.platform.wx.WxUserController
[DEBUG] 2018-10-15 16:13:24,711 org.nutz.ioc.loader.annotation.AnnotationIocLoader.addClass(AnnotationIocLoader.java:76) - Found @IocBean : class cn.wizzer.app.wx.modules.services.impl.WxConfigServiceImpl
[DEBUG] 2018-10-15 16:13:24,711 org.nutz.ioc.loader.annotation.AnnotationIocLoader.addClass(AnnotationIocLoader.java:76) - Found @IocBean : class cn.wizzer.app.wx.modules.services.impl.WxMassNewsServiceImpl
[DEBUG] 2018-10-15 16:13:24,711 org.nutz.ioc.loader.annotation.AnnotationIocLoader.addClass(AnnotationIocLoader.java:76) - Found @IocBean : class cn.wizzer.app.wx.modules.services.impl.WxMassSendServiceImpl
[DEBUG] 2018-10-15 16:13:24,711 org.nutz.ioc.loader.annotation.AnnotationIocLoader.addClass(AnnotationIocLoader.java:76) - Found @IocBean : class cn.wizzer.app.wx.modules.services.impl.WxMassServiceImpl
[DEBUG] 2018-10-15 16:13:24,712 org.nutz.ioc.loader.annotation.AnnotationIocLoader.addClass(AnnotationIocLoader.java:76) - Found @IocBean : class cn.wizzer.app.wx.modules.services.impl.WxMenuServiceImpl
[DEBUG] 2018-10-15 16:13:24,712 org.nutz.ioc.loader.annotation.AnnotationIocLoader.addClass(AnnotationIocLoader.java:76) - Found @IocBean : class cn.wizzer.app.wx.modules.services.impl.WxMsgReplyServiceImpl
[DEBUG] 2018-10-15 16:13:24,712 org.nutz.ioc.loader.annotation.AnnotationIocLoader.addClass(AnnotationIocLoader.java:76) - Found @IocBean : class cn.wizzer.app.wx.modules.services.impl.WxMsgServiceImpl
[DEBUG] 2018-10-15 16:13:24,712 org.nutz.ioc.loader.annotation.AnnotationIocLoader.addClass(AnnotationIocLoader.java:76) - Found @IocBean : class cn.wizzer.app.wx.modules.services.impl.WxReplyNewsServiceImpl
[DEBUG] 2018-10-15 16:13:24,712 org.nutz.ioc.loader.annotation.AnnotationIocLoader.addClass(AnnotationIocLoader.java:76) - Found @IocBean : class cn.wizzer.app.wx.modules.services.impl.WxReplyServiceImpl
[DEBUG] 2018-10-15 16:13:24,712 org.nutz.ioc.loader.annotation.AnnotationIocLoader.addClass(AnnotationIocLoader.java:76) - Found @IocBean : class cn.wizzer.app.wx.modules.services.impl.WxReplyTxtServiceImpl
[DEBUG] 2018-10-15 16:13:24,712 org.nutz.ioc.loader.annotation.AnnotationIocLoader.addClass(AnnotationIocLoader.java:76) - Found @IocBean : class cn.wizzer.app.wx.modules.services.impl.WxTplIdServiceImpl
[DEBUG] 2018-10-15 16:13:24,712 org.nutz.ioc.loader.annotation.AnnotationIocLoader.addClass(AnnotationIocLoader.java:76) - Found @IocBean : class cn.wizzer.app.wx.modules.services.impl.WxTplListServiceImpl
[DEBUG] 2018-10-15 16:13:24,712 org.nutz.ioc.loader.annotation.AnnotationIocLoader.addClass(AnnotationIocLoader.java:76) - Found @IocBean : class cn.wizzer.app.wx.modules.services.impl.WxTplLogServiceImpl
[DEBUG] 2018-10-15 16:13:24,712 org.nutz.ioc.loader.annotation.AnnotationIocLoader.addClass(AnnotationIocLoader.java:76) - Found @IocBean : class cn.wizzer.app.wx.modules.services.impl.WxUserServiceImpl
[DEBUG] 2018-10-15 16:13:24,713 org.nutz.ioc.loader.annotation.AnnotationIocLoader.addClass(AnnotationIocLoader.java:76) - Found @IocBean : class cn.wizzer.test.SimpleTest
[DEBUG] 2018-10-15 16:13:24,714 org.nutz.resource.Scans.scan(Scans.java:274) - Found 0 resource by src( org/nutz/apidoc/ ) , regex( ^.+[.]class$ )
[INFO ] 2018-10-15 16:13:24,715 org.nutz.ioc.loader.annotation.AnnotationIocLoader.<init>(AnnotationIocLoader.java:52) - Found 204 classes in 2 base-packages!
beans = ["wxTplListController", "uploadController", "wxReplyTxtServiceImpl", "logisticsSendplanController", "baseJobServiceImpl", "dateUtil", "qrcodeService", "logisticsSendgoodsServiceImpl", "logisticsOrderentryController", "insLockController", "baseRowofficeentryServiceImpl", "cmsChannelServiceImpl", "insBaseinsServiceImpl", "orderExecute", "cmsArticleController", "basePostController", "baseAirmeterialServiceImpl", "basePersonController", "logisticsOrderplanServiceImpl", "cmsLinkClassController", "basePostServiceImpl", "baseRowofficeServiceImpl", "baseJobController", "baseRowofficeController", "wxReplyController", "insRepairController", "sysConfigServiceImpl", "basePersonpoolController", "baseVehicleController", "wxMsgServiceImpl", "wxPayBackController", "logisticsUnplanController", "mobileInsController", "sysTaskController", "sysBarcodeController", "insTransmitController", "sysDictServiceImpl", "wxConfigServiceImpl", "baseAirportServiceImpl", "apiTestController", "sysMenuController", "cmsSiteServiceImpl", "mobileSysController", "cmsLinkController", "insCommonController", "logisticsOrderplanentryServiceImpl", "insInstrumentController", "sysRegistauditServiceImpl", "insLockServiceImpl", "insOrderController", "wechatController", "wxMsgUserController", "sysDictController", "sysWxUserController", "logisticsDeliveryorderentryController", "basePersonServiceImpl", "insOrderentryServiceImpl", "insRepairtrackController", "insInstrumentServiceImpl", "logisticsSendapprovalServiceImpl", "logisticsOrderdeliveryController", "wxTplListServiceImpl", "tplService", "sysPluginServiceImpl", "insRfheadController", "logisticsSendgoodsController", "mobileBaseController", "baseCnctobjServiceImpl", "nutShiroMethodInterceptor", "insCabinetServiceImpl", "basePlaceServiceImpl", "baseVehicleServiceImpl", "cmsLinkClassServiceImpl", "sysHomeController", "insRfheadServiceImpl", "sysMobileController", "wxMassServiceImpl", "logisticsOrderentryServiceImpl", "logisticsSendplanServiceImpl", "logisticsOrderrejectServiceImpl", "wxHandler", "cmsChannelController", "wxController", "rabbitProducer", "sysTaskServiceImpl", "sysVersionController", "shiroUtil", "wxReplyTxtController", "sysPluginController", "logisticsSendtraceController", "sysApiServiceImpl", "logisticsEntourageServiceImpl", "sLogService", "baseAirportController", "sysApiController", "wxTplIdController", "insSpaceServiceImpl", "logisticsOrderController", "sysTempuserController", "sysUserController", "platformAuthorizingRealm", "testJob", "$aop_1_plugin", "sysRegistauditController", "wxReplyNewsServiceImpl", "insTransmitServiceImpl", "sysLoginController", "wxTplLogServiceImpl", "sysUserServiceImpl", "sysRoleServiceImpl", "sysRouteController", "idcardUtil", "basePlaceController", "sysWxDeptController", "logisticsOrderplanentryController", "userpermissionController", "sysWxServiceImpl", "cmsController", "logisticsSendtraceServiceImpl", "insOrderentryController", "logisticsSendapprovalController", "wxMenuController", "insOrderServiceImpl", "weixinController", "code128Util", "insRepairServiceImpl", "logisticsOrderplanController", "wxMsgReplyServiceImpl", "logisticsOrderdeliveryServiceImpl", "cmsArticleServiceImpl", "baseCnctobjController", "baseCustomerController", "insBaseinsController", "insRfidServiceImpl", "cookieUtil", "baseRowofficeentryController", "logisticsOrderstepServiceImpl", "wxReplyServiceImpl", "bdController", "redisIdGenerator", "insBaseinsSpaceServiceImpl", "cmsSiteController", "logisticsDeliveryorderServiceImpl", "insCabinetController", "logisticsOrderServiceImpl", "sysWxDeptServiceImpl", "sysWxController", "mobileOrderController", "sysRoleController", "logisticsEntourageController", "insCommonServiceImpl", "sysUnitController", "padInsController", "wxMassSendServiceImpl", "logisticsDeliveryorderController", "rSAUtil", "wxConfigController", "stringUtil", "baseCustomerServiceImpl", "basePersonpoolServiceImpl", "insBaseinsSpaceController", "wxUserServiceImpl", "insSpaceController", "sysTempuserServiceImpl", "baseWarehouseServiceImpl", "insToolcabinetController", "sysWxUserServiceImpl", "dynamicInterceptor", "sysLogController", "wxMassController", "emailService", "baseWarehouseController", "insToolcabinetServiceImpl", "wxMenuServiceImpl", "wxReplyNewsController", "baseDeptServiceImpl", "sysRouteServiceImpl", "insRepairtrackServiceImpl", "wxMassNewsServiceImpl", "baseAirmeterialController", "sysMenuServiceImpl", "sysMobileServiceImpl", "simpleTest", "logisticsOrderstepController", "sysLogServiceImpl", "logisticsUnplanServiceImpl", "wxTplIdServiceImpl", "logisticsDeliveryorderentryServiceImpl", "$aop_syslog", "padSysController", "baseDeptController", "logisticsOrderrejectController", "padOrderController", "sysBarcodeServiceImpl", "wxTplLogController", "wxUserController", "wxPayTestController", "tokenController", "sysVersionServiceImpl", "cmsLinkServiceImpl", "sysUnitServiceImpl", "insRfidController", "sysConfController", "pluginMaster"]
[DEBUG] 2018-10-15 16:13:24,715 org.nutz.ioc.loader.combo.ComboIocLoader.createIocLoader(ComboIocLoader.java:110) - found jedis -- org.nutz.integration.jedis.JedisIocLoader
[DEBUG] 2018-10-15 16:13:24,716 org.nutz.resource.Scans.scan(Scans.java:274) - Found 1 resource by src( org/nutz/integration/jedis/jedis.js ) , regex( ^(.+[.])(js|json)$ )
[DEBUG] 2018-10-15 16:13:24,716 org.nutz.ioc.loader.json.JsonLoader.<init>(JsonLoader.java:49) - loading [org/nutz/integration/jedis/jedis.js]
[DEBUG] 2018-10-15 16:13:24,716 org.nutz.ioc.loader.json.JsonLoader.<init>(JsonLoader.java:57) - Loaded 9 bean define from path=[org/nutz/integration/jedis/jedis.js] --> [redisService, jedisCluster, jedisClusterNodes, jedisClusterWrapper, pubSubService, jedisPoolConfig, jedisPool, jedisAgent, redis]
[DEBUG] 2018-10-15 16:13:24,716 org.nutz.ioc.loader.json.JsonLoader.<init>(JsonLoader.java:40) - Loaded 5 bean define from reader --
[txREPEATABLE_READ, txSERIALIZABLE, txNONE, txREAD_UNCOMMITTED, txREAD_COMMITTED]
[DEBUG] 2018-10-15 16:13:24,718 org.nutz.ioc.loader.combo.ComboIocLoader.createIocLoader(ComboIocLoader.java:110) - found quartz -- org.nutz.integration.quartz.QuartzIocLoader
[DEBUG] 2018-10-15 16:13:24,718 org.nutz.ioc.loader.json.JsonLoader.<init>(JsonLoader.java:57) - Loaded 0 bean define from path=[] --> []
[DEBUG] 2018-10-15 16:13:24,718 org.nutz.ioc.aop.SimpleAopMaker.<init>(SimpleAopMaker.java:79) - Load AopConfigure for anno=org.nutz.aop.interceptor.async.Async by type=org.nutz.aop.interceptor.async.AsyncAopIocLoader
[DEBUG] 2018-10-15 16:13:24,719 org.nutz.ioc.loader.combo.ComboIocLoader.createIocLoader(ComboIocLoader.java:110) - found rabbitmq -- org.nutz.integration.rabbitmq.RabbitmqIocLoader
[DEBUG] 2018-10-15 16:13:24,720 org.nutz.resource.Scans.scan(Scans.java:274) - Found 1 resource by src( org/nutz/integration/rabbitmq/rabbitmq.js ) , regex( ^(.+[.])(js|json)$ )
[DEBUG] 2018-10-15 16:13:24,720 org.nutz.ioc.loader.json.JsonLoader.<init>(JsonLoader.java:49) - loading [org/nutz/integration/rabbitmq/rabbitmq.js]
[DEBUG] 2018-10-15 16:13:24,720 org.nutz.ioc.loader.json.JsonLoader.<init>(JsonLoader.java:57) - Loaded 2 bean define from path=[org/nutz/integration/rabbitmq/rabbitmq.js] --> [rabbitmq, rabbitmq_cf]
[INFO ] 2018-10-15 16:13:24,720 org.nutz.ioc.impl.NutIoc.<init>(NutIoc.java:98) - NutIoc init begin ...
[INFO ] 2018-10-15 16:13:24,721 org.nutz.ioc.impl.NutIoc.<init>(NutIoc.java:115) - ... NutIoc init complete
[DEBUG] 2018-10-15 16:13:24,721 org.nutz.ioc.impl.NutIoc.get(NutIoc.java:151) - Get 'conf'<class org.nutz.ioc.impl.PropertiesProxy>
[DEBUG] 2018-10-15 16:13:24,721 org.nutz.ioc.impl.NutIoc.get(NutIoc.java:151) - Get '$aop_1_plugin'<interface org.nutz.ioc.aop.config.AopConfigration>
[DEBUG] 2018-10-15 16:13:24,721 org.nutz.ioc.impl.NutIoc.get(NutIoc.java:177) - 	 >> Load definition name=$aop_1_plugin
[DEBUG] 2018-10-15 16:13:24,721 org.nutz.ioc.loader.combo.ComboIocLoader.load(ComboIocLoader.java:161) - Found IocObject($aop_1_plugin) in AnnotationIocLoader(packages=[cn.wizzer, org.nutz.apidoc])
[DEBUG] 2018-10-15 16:13:24,721 org.nutz.ioc.impl.NutIoc.get(NutIoc.java:209) - 	 >> Make...'$aop_1_plugin'<interface org.nutz.ioc.aop.config.AopConfigration>
[DEBUG] 2018-10-15 16:13:24,721 org.nutz.ioc.impl.ScopeContext.save(ScopeContext.java:64) - Save object '$aop_1_plugin' to [app] 
[DEBUG] 2018-10-15 16:13:24,721 org.nutz.ioc.impl.NutIoc.get(NutIoc.java:151) - Get 'dynamicInterceptor'<class cn.wizzer.app.web.commons.plugin.DynamicInterceptor>
[DEBUG] 2018-10-15 16:13:24,721 org.nutz.ioc.impl.NutIoc.get(NutIoc.java:177) - 	 >> Load definition name=dynamicInterceptor
[DEBUG] 2018-10-15 16:13:24,721 org.nutz.ioc.loader.combo.ComboIocLoader.load(ComboIocLoader.java:161) - Found IocObject(dynamicInterceptor) in AnnotationIocLoader(packages=[cn.wizzer, org.nutz.apidoc])
[DEBUG] 2018-10-15 16:13:24,721 org.nutz.ioc.impl.NutIoc.get(NutIoc.java:209) - 	 >> Make...'dynamicInterceptor'<class cn.wizzer.app.web.commons.plugin.DynamicInterceptor>
[DEBUG] 2018-10-15 16:13:24,721 org.nutz.ioc.impl.ScopeContext.save(ScopeContext.java:64) - Save object 'dynamicInterceptor' to [app] 
[DEBUG] 2018-10-15 16:13:24,722 org.nutz.ioc.impl.NutIoc.get(NutIoc.java:151) - Get '$aop_async'<interface org.nutz.ioc.aop.config.AopConfigration>
[DEBUG] 2018-10-15 16:13:24,722 org.nutz.ioc.impl.NutIoc.get(NutIoc.java:177) - 	 >> Load definition name=$aop_async
[DEBUG] 2018-10-15 16:13:24,722 org.nutz.ioc.loader.combo.ComboIocLoader.load(ComboIocLoader.java:161) - Found IocObject($aop_async) in AsyncAopIocLoader@1438988851
[DEBUG] 2018-10-15 16:13:24,722 org.nutz.ioc.impl.NutIoc.get(NutIoc.java:209) - 	 >> Make...'$aop_async'<interface org.nutz.ioc.aop.config.AopConfigration>
[DEBUG] 2018-10-15 16:13:24,722 org.nutz.ioc.impl.ScopeContext.save(ScopeContext.java:64) - Save object '$aop_async' to [app] 
[DEBUG] 2018-10-15 16:13:24,722 org.nutz.ioc.impl.NutIoc.get(NutIoc.java:151) - Get '$aop_syslog'<interface org.nutz.ioc.aop.config.AopConfigration>
[DEBUG] 2018-10-15 16:13:24,722 org.nutz.ioc.impl.NutIoc.get(NutIoc.java:177) - 	 >> Load definition name=$aop_syslog
[DEBUG] 2018-10-15 16:13:24,722 org.nutz.ioc.loader.combo.ComboIocLoader.load(ComboIocLoader.java:161) - Found IocObject($aop_syslog) in AnnotationIocLoader(packages=[cn.wizzer, org.nutz.apidoc])
[DEBUG] 2018-10-15 16:13:24,722 org.nutz.ioc.impl.NutIoc.get(NutIoc.java:209) - 	 >> Make...'$aop_syslog'<interface org.nutz.ioc.aop.config.AopConfigration>
[DEBUG] 2018-10-15 16:13:24,722 org.nutz.ioc.impl.ScopeContext.save(ScopeContext.java:64) - Save object '$aop_syslog' to [app] 
[DEBUG] 2018-10-15 16:13:24,722 org.nutz.ioc.aop.SimpleAopMaker.<init>(SimpleAopMaker.java:79) - Load AopConfigure for anno=cn.wizzer.app.web.commons.slog.annotation.SLog by type=cn.wizzer.app.web.commons.slog.SLogAopConfigration
[DEBUG] 2018-10-15 16:13:24,722 org.nutz.ioc.aop.SimpleAopMaker.<init>(SimpleAopMaker.java:79) - Load AopConfigure for anno=org.nutz.ioc.aop.Aop by type=org.nutz.ioc.aop.config.impl.AnnotationAopConfigration
[DEBUG] 2018-10-15 16:13:24,722 org.nutz.ioc.impl.NutIoc.get(NutIoc.java:177) - 	 >> Load definition name=conf
[DEBUG] 2018-10-15 16:13:24,722 org.nutz.ioc.loader.map.MapLoader.load(MapLoader.java:67) - Loading define for name=conf
[DEBUG] 2018-10-15 16:13:24,722 org.nutz.ioc.loader.combo.ComboIocLoader.load(ComboIocLoader.java:161) - Found IocObject(conf) in JsonLoader(paths=[config/ioc/])
[DEBUG] 2018-10-15 16:13:24,722 org.nutz.ioc.impl.NutIoc.get(NutIoc.java:209) - 	 >> Make...'conf'<class org.nutz.ioc.impl.PropertiesProxy>
[DEBUG] 2018-10-15 16:13:24,723 cn.wizzer.app.web.commons.plugin.PluginAopConfigure.getInterceptorPairList(PluginAopConfigure.java:33) - skip -- org.nutz.ioc.impl.PropertiesProxy
[DEBUG] 2018-10-15 16:13:24,723 org.nutz.ioc.aop.impl.DefaultMirrorFactory.getMirror(DefaultMirrorFactory.java:70) - Load class org.nutz.ioc.impl.PropertiesProxy without AOP
[DEBUG] 2018-10-15 16:13:24,723 org.nutz.ioc.impl.ScopeContext.save(ScopeContext.java:64) - Save object 'conf' to [app] 
[DEBUG] 2018-10-15 16:13:24,725 org.nutz.resource.Scans.scan(Scans.java:274) - Found 4 resource by src( config/custom/ ) , regex( ^.+[.]properties$ )
[DEBUG] 2018-10-15 16:13:24,725 org.nutz.ioc.impl.PropertiesProxy.setPaths(PropertiesProxy.java:113) - load properties from File[C:\Users\Administrator\IdeaProjects\XA-Instrument\wk-app\wk-web\target\classes\config\custom\db.properties]
[DEBUG] 2018-10-15 16:13:24,725 org.nutz.ioc.impl.PropertiesProxy.setPaths(PropertiesProxy.java:113) - load properties from File[C:\Users\Administrator\IdeaProjects\XA-Instrument\wk-app\wk-web\target\classes\config\custom\mail.properties]
[DEBUG] 2018-10-15 16:13:24,726 org.nutz.ioc.impl.PropertiesProxy.setPaths(PropertiesProxy.java:113) - load properties from File[C:\Users\Administrator\IdeaProjects\XA-Instrument\wk-app\wk-web\target\classes\config\custom\rabbit.properties]
[DEBUG] 2018-10-15 16:13:24,726 org.nutz.ioc.impl.PropertiesProxy.setPaths(PropertiesProxy.java:113) - load properties from File[C:\Users\Administrator\IdeaProjects\XA-Instrument\wk-app\wk-web\target\classes\config\custom\redis.properties]
[DEBUG] 2018-10-15 16:13:24,726 org.nutz.ioc.impl.NutIoc.get(NutIoc.java:151) - Get 'simpleTest'<class cn.wizzer.test.SimpleTest>
[DEBUG] 2018-10-15 16:13:24,727 org.nutz.ioc.impl.NutIoc.get(NutIoc.java:177) - 	 >> Load definition name=simpleTest
[DEBUG] 2018-10-15 16:13:24,727 org.nutz.ioc.loader.combo.ComboIocLoader.load(ComboIocLoader.java:161) - Found IocObject(simpleTest) in AnnotationIocLoader(packages=[cn.wizzer, org.nutz.apidoc])
[DEBUG] 2018-10-15 16:13:24,727 org.nutz.ioc.impl.NutIoc.get(NutIoc.java:209) - 	 >> Make...'simpleTest'<class cn.wizzer.test.SimpleTest>
[DEBUG] 2018-10-15 16:13:24,727 cn.wizzer.app.web.commons.plugin.PluginAopConfigure.getInterceptorPairList(PluginAopConfigure.java:33) - skip -- cn.wizzer.test.SimpleTest
[DEBUG] 2018-10-15 16:13:24,727 org.nutz.ioc.aop.impl.DefaultMirrorFactory.getMirror(DefaultMirrorFactory.java:70) - Load class cn.wizzer.test.SimpleTest without AOP
[DEBUG] 2018-10-15 16:13:24,727 org.nutz.ioc.impl.ScopeContext.save(ScopeContext.java:64) - Save object 'simpleTest' to [app] 
[DEBUG] 2018-10-15 16:13:24,728 org.nutz.ioc.impl.NutIoc.get(NutIoc.java:151) - Get 'dao'<interface org.nutz.dao.Dao>
[DEBUG] 2018-10-15 16:13:24,728 org.nutz.ioc.impl.NutIoc.get(NutIoc.java:177) - 	 >> Load definition name=dao
[DEBUG] 2018-10-15 16:13:24,728 org.nutz.ioc.loader.map.MapLoader.load(MapLoader.java:67) - Loading define for name=dao
[DEBUG] 2018-10-15 16:13:24,728 org.nutz.ioc.loader.combo.ComboIocLoader.load(ComboIocLoader.java:161) - Found IocObject(dao) in JsonLoader(paths=[config/ioc/])
[DEBUG] 2018-10-15 16:13:24,728 org.nutz.ioc.impl.NutIoc.get(NutIoc.java:209) - 	 >> Make...'dao'<interface org.nutz.dao.Dao>
[DEBUG] 2018-10-15 16:13:24,728 cn.wizzer.app.web.commons.plugin.PluginAopConfigure.getInterceptorPairList(PluginAopConfigure.java:33) - skip -- org.nutz.dao.impl.NutDao
[DEBUG] 2018-10-15 16:13:24,728 org.nutz.ioc.aop.impl.DefaultMirrorFactory.getMirror(DefaultMirrorFactory.java:70) - Load class org.nutz.dao.impl.NutDao without AOP
[DEBUG] 2018-10-15 16:13:24,728 org.nutz.ioc.impl.ScopeContext.save(ScopeContext.java:64) - Save object 'dao' to [app] 
[DEBUG] 2018-10-15 16:13:24,728 org.nutz.ioc.impl.NutIoc.get(NutIoc.java:151) - Get 'dataSource'<>
[DEBUG] 2018-10-15 16:13:24,728 org.nutz.ioc.impl.NutIoc.get(NutIoc.java:177) - 	 >> Load definition name=dataSource
[DEBUG] 2018-10-15 16:13:24,729 org.nutz.ioc.loader.map.MapLoader.load(MapLoader.java:67) - Loading define for name=dataSource
[DEBUG] 2018-10-15 16:13:24,729 org.nutz.ioc.loader.combo.ComboIocLoader.load(ComboIocLoader.java:161) - Found IocObject(dataSource) in JsonLoader(paths=[config/ioc/])
[DEBUG] 2018-10-15 16:13:24,729 org.nutz.ioc.impl.NutIoc.get(NutIoc.java:209) - 	 >> Make...'dataSource'<>
[DEBUG] 2018-10-15 16:13:24,729 cn.wizzer.app.web.commons.plugin.PluginAopConfigure.getInterceptorPairList(PluginAopConfigure.java:33) - skip -- com.alibaba.druid.pool.DruidDataSource
[DEBUG] 2018-10-15 16:13:24,729 org.nutz.ioc.aop.impl.DefaultMirrorFactory.getMirror(DefaultMirrorFactory.java:70) - Load class com.alibaba.druid.pool.DruidDataSource without AOP
[DEBUG] 2018-10-15 16:13:24,729 org.nutz.ioc.impl.ScopeContext.save(ScopeContext.java:64) - Save object 'dataSource' to [app] 
[DEBUG] 2018-10-15 16:13:24,729 org.nutz.ioc.impl.NutIoc.get(NutIoc.java:151) - Get 'conf'<>
[DEBUG] 2018-10-15 16:13:24,730 org.nutz.ioc.impl.ScopeContext.remove(ScopeContext.java:84) - Remove object 'dataSource' from [app] 
[DEBUG] 2018-10-15 16:13:24,730 org.nutz.ioc.impl.ScopeContext.remove(ScopeContext.java:84) - Remove object 'dao' from [app] 
[DEBUG] 2018-10-15 16:13:24,730 org.nutz.ioc.impl.ScopeContext.remove(ScopeContext.java:84) - Remove object 'simpleTest' from [app] 
]]></system-out>
  </testcase>
  <testcase name="test_user" classname="cn.wizzer.test.SimpleTest" time="0.001">
    <error message="IocBean[simpleTest] throw Exception when creating" type="org.nutz.ioc.IocException">org.nutz.ioc.IocException: IocBean[simpleTest] throw Exception when creating
Caused by: java.lang.RuntimeException: IocBean[simpleTest] fail at field=[dao]
Caused by: org.nutz.ioc.IocException: IocBean[dao -> dataSource] throw Exception when creating
Caused by: java.lang.IllegalArgumentException: Failed to decrypt.
Caused by: java.lang.IllegalArgumentException: String length must be a multiple of four.
</error>
    <system-out><![CDATA[[INFO ] 2018-10-15 16:13:24,730 org.nutz.ioc.impl.NutIoc.depose(NutIoc.java:255) - org.nutz.ioc.impl.NutIoc@1404565079 is closing. startup date [18-10-15 16:13:24.721]
[DEBUG] 2018-10-15 16:13:24,730 org.nutz.ioc.impl.ScopeContext.clear(ScopeContext.java:108) - Depose object 'conf' ...
[DEBUG] 2018-10-15 16:13:24,730 org.nutz.ioc.impl.ScopeContext.clear(ScopeContext.java:108) - Depose object '$aop_syslog' ...
[DEBUG] 2018-10-15 16:13:24,730 org.nutz.ioc.impl.ScopeContext.clear(ScopeContext.java:108) - Depose object '$aop_async' ...
[DEBUG] 2018-10-15 16:13:24,730 org.nutz.ioc.impl.ScopeContext.clear(ScopeContext.java:108) - Depose object 'dynamicInterceptor' ...
[DEBUG] 2018-10-15 16:13:24,731 org.nutz.ioc.impl.ScopeContext.clear(ScopeContext.java:108) - Depose object '$aop_1_plugin' ...
[INFO ] 2018-10-15 16:13:24,731 org.nutz.ioc.impl.NutIoc.depose(NutIoc.java:262) - org.nutz.ioc.impl.NutIoc@1404565079 is deposed. startup date [18-10-15 16:13:24.721]
[DEBUG] 2018-10-15 16:13:24,733 org.nutz.resource.Scans.scan(Scans.java:274) - Found 4 resource by src( config/ioc/ ) , regex( ^(.+[.])(js|json)$ )
[DEBUG] 2018-10-15 16:13:24,733 org.nutz.ioc.loader.json.JsonLoader.<init>(JsonLoader.java:49) - loading [dao.json]
[DEBUG] 2018-10-15 16:13:24,734 org.nutz.ioc.loader.json.JsonLoader.<init>(JsonLoader.java:49) - loading [ehcache.json]
[DEBUG] 2018-10-15 16:13:24,734 org.nutz.ioc.loader.json.JsonLoader.<init>(JsonLoader.java:49) - loading [mail.json]
[DEBUG] 2018-10-15 16:13:24,734 org.nutz.ioc.loader.json.JsonLoader.<init>(JsonLoader.java:49) - loading [upload.json]
[DEBUG] 2018-10-15 16:13:24,734 org.nutz.ioc.loader.json.JsonLoader.<init>(JsonLoader.java:57) - Loaded 15 bean define from path=[config/ioc/] --> [videoUpload, conf, uploadVideoContext, imageUpload, fileUpload, cacheManager, dao, cacheProvider, emailAuthenticator, uploadFileContext, htmlEmail, cacheExecutor, tmpFilePool, uploadImageContext, dataSource]
[DEBUG] 2018-10-15 16:13:24,880 org.nutz.resource.Scans.scan(Scans.java:274) - Found 452 resource by src( cn/wizzer/ ) , regex( ^.+[.]class$ )
[DEBUG] 2018-10-15 16:13:24,882 org.nutz.ioc.loader.annotation.AnnotationIocLoader.addClass(AnnotationIocLoader.java:76) - Found @IocBean : class cn.wizzer.framework.util.StringUtil
[DEBUG] 2018-10-15 16:13:24,882 org.nutz.ioc.loader.annotation.AnnotationIocLoader.addClass(AnnotationIocLoader.java:76) - Found @IocBean : class cn.wizzer.framework.util.CookieUtil
[DEBUG] 2018-10-15 16:13:24,882 org.nutz.ioc.loader.annotation.AnnotationIocLoader.addClass(AnnotationIocLoader.java:76) - Found @IocBean : class cn.wizzer.framework.ig.RedisIdGenerator
[DEBUG] 2018-10-15 16:13:24,882 org.nutz.ioc.loader.annotation.AnnotationIocLoader.addClass(AnnotationIocLoader.java:76) - Found @IocBean : class cn.wizzer.framework.util.DateUtil
[DEBUG] 2018-10-15 16:13:24,882 org.nutz.ioc.loader.annotation.AnnotationIocLoader.addClass(AnnotationIocLoader.java:76) - Found @IocBean : class cn.wizzer.framework.shiro.interceptor.NutShiroMethodInterceptor
[DEBUG] 2018-10-15 16:13:24,882 org.nutz.ioc.loader.annotation.AnnotationIocLoader.addClass(AnnotationIocLoader.java:76) - Found @IocBean : class cn.wizzer.framework.util.IdcardUtil
[DEBUG] 2018-10-15 16:13:24,882 org.nutz.ioc.loader.annotation.AnnotationIocLoader.addClass(AnnotationIocLoader.java:76) - Found @IocBean : class cn.wizzer.framework.rabbit.RabbitProducer
[DEBUG] 2018-10-15 16:13:24,882 org.nutz.ioc.loader.annotation.AnnotationIocLoader.addClass(AnnotationIocLoader.java:76) - Found @IocBean : class cn.wizzer.framework.util.RSAUtil
[DEBUG] 2018-10-15 16:13:24,882 org.nutz.ioc.loader.annotation.AnnotationIocLoader.addClass(AnnotationIocLoader.java:76) - Found @IocBean : class cn.wizzer.framework.util.ShiroUtil
[DEBUG] 2018-10-15 16:13:24,882 org.nutz.ioc.loader.annotation.AnnotationIocLoader.addClass(AnnotationIocLoader.java:76) - Found @IocBean : class cn.wizzer.framework.util.Code128Util
[DEBUG] 2018-10-15 16:13:24,883 org.nutz.ioc.loader.annotation.AnnotationIocLoader.addClass(AnnotationIocLoader.java:76) - Found @IocBean : class cn.wizzer.app.base.modules.services.impl.BaseAirmeterialServiceImpl
[DEBUG] 2018-10-15 16:13:24,883 org.nutz.ioc.loader.annotation.AnnotationIocLoader.addClass(AnnotationIocLoader.java:76) - Found @IocBean : class cn.wizzer.app.base.modules.services.impl.BaseAirportServiceImpl
[DEBUG] 2018-10-15 16:13:24,883 org.nutz.ioc.loader.annotation.AnnotationIocLoader.addClass(AnnotationIocLoader.java:76) - Found @IocBean : class cn.wizzer.app.base.modules.services.impl.BaseCnctobjServiceImpl
[DEBUG] 2018-10-15 16:13:24,883 org.nutz.ioc.loader.annotation.AnnotationIocLoader.addClass(AnnotationIocLoader.java:76) - Found @IocBean : class cn.wizzer.app.base.modules.services.impl.BaseCustomerServiceImpl
[DEBUG] 2018-10-15 16:13:24,883 org.nutz.ioc.loader.annotation.AnnotationIocLoader.addClass(AnnotationIocLoader.java:76) - Found @IocBean : class cn.wizzer.app.base.modules.services.impl.BaseDeptServiceImpl
[DEBUG] 2018-10-15 16:13:24,883 org.nutz.ioc.loader.annotation.AnnotationIocLoader.addClass(AnnotationIocLoader.java:76) - Found @IocBean : class cn.wizzer.app.base.modules.services.impl.BaseJobServiceImpl
[DEBUG] 2018-10-15 16:13:24,883 org.nutz.ioc.loader.annotation.AnnotationIocLoader.addClass(AnnotationIocLoader.java:76) - Found @IocBean : class cn.wizzer.app.base.modules.services.impl.BasePersonpoolServiceImpl
[DEBUG] 2018-10-15 16:13:24,883 org.nutz.ioc.loader.annotation.AnnotationIocLoader.addClass(AnnotationIocLoader.java:76) - Found @IocBean : class cn.wizzer.app.base.modules.services.impl.BasePersonServiceImpl
[DEBUG] 2018-10-15 16:13:24,883 org.nutz.ioc.loader.annotation.AnnotationIocLoader.addClass(AnnotationIocLoader.java:76) - Found @IocBean : class cn.wizzer.app.base.modules.services.impl.BasePlaceServiceImpl
[DEBUG] 2018-10-15 16:13:24,883 org.nutz.ioc.loader.annotation.AnnotationIocLoader.addClass(AnnotationIocLoader.java:76) - Found @IocBean : class cn.wizzer.app.base.modules.services.impl.BasePostServiceImpl
[DEBUG] 2018-10-15 16:13:24,883 org.nutz.ioc.loader.annotation.AnnotationIocLoader.addClass(AnnotationIocLoader.java:76) - Found @IocBean : class cn.wizzer.app.base.modules.services.impl.BaseRowofficeentryServiceImpl
[DEBUG] 2018-10-15 16:13:24,883 org.nutz.ioc.loader.annotation.AnnotationIocLoader.addClass(AnnotationIocLoader.java:76) - Found @IocBean : class cn.wizzer.app.base.modules.services.impl.BaseRowofficeServiceImpl
[DEBUG] 2018-10-15 16:13:24,883 org.nutz.ioc.loader.annotation.AnnotationIocLoader.addClass(AnnotationIocLoader.java:76) - Found @IocBean : class cn.wizzer.app.base.modules.services.impl.BaseVehicleServiceImpl
[DEBUG] 2018-10-15 16:13:24,883 org.nutz.ioc.loader.annotation.AnnotationIocLoader.addClass(AnnotationIocLoader.java:76) - Found @IocBean : class cn.wizzer.app.base.modules.services.impl.BaseWarehouseServiceImpl
[DEBUG] 2018-10-15 16:13:24,883 org.nutz.ioc.loader.annotation.AnnotationIocLoader.addClass(AnnotationIocLoader.java:76) - Found @IocBean : class cn.wizzer.app.cms.modules.services.impl.CmsArticleServiceImpl
[DEBUG] 2018-10-15 16:13:24,883 org.nutz.ioc.loader.annotation.AnnotationIocLoader.addClass(AnnotationIocLoader.java:76) - Found @IocBean : class cn.wizzer.app.cms.modules.services.impl.CmsChannelServiceImpl
[DEBUG] 2018-10-15 16:13:24,884 org.nutz.ioc.loader.annotation.AnnotationIocLoader.addClass(AnnotationIocLoader.java:76) - Found @IocBean : class cn.wizzer.app.cms.modules.services.impl.CmsLinkClassServiceImpl
[DEBUG] 2018-10-15 16:13:24,884 org.nutz.ioc.loader.annotation.AnnotationIocLoader.addClass(AnnotationIocLoader.java:76) - Found @IocBean : class cn.wizzer.app.cms.modules.services.impl.CmsLinkServiceImpl
[DEBUG] 2018-10-15 16:13:24,884 org.nutz.ioc.loader.annotation.AnnotationIocLoader.addClass(AnnotationIocLoader.java:76) - Found @IocBean : class cn.wizzer.app.cms.modules.services.impl.CmsSiteServiceImpl
[DEBUG] 2018-10-15 16:13:24,884 org.nutz.ioc.loader.annotation.AnnotationIocLoader.addClass(AnnotationIocLoader.java:76) - Found @IocBean : class cn.wizzer.app.ins.modules.services.impl.InsBaseinsServiceImpl
[DEBUG] 2018-10-15 16:13:24,884 org.nutz.ioc.loader.annotation.AnnotationIocLoader.addClass(AnnotationIocLoader.java:76) - Found @IocBean : class cn.wizzer.app.ins.modules.services.impl.InsBaseinsSpaceServiceImpl
[DEBUG] 2018-10-15 16:13:24,884 org.nutz.ioc.loader.annotation.AnnotationIocLoader.addClass(AnnotationIocLoader.java:76) - Found @IocBean : class cn.wizzer.app.ins.modules.services.impl.InsCabinetServiceImpl
[DEBUG] 2018-10-15 16:13:24,884 org.nutz.ioc.loader.annotation.AnnotationIocLoader.addClass(AnnotationIocLoader.java:76) - Found @IocBean : class cn.wizzer.app.ins.modules.services.impl.InsCommonServiceImpl
[DEBUG] 2018-10-15 16:13:24,884 org.nutz.ioc.loader.annotation.AnnotationIocLoader.addClass(AnnotationIocLoader.java:76) - Found @IocBean : class cn.wizzer.app.ins.modules.services.impl.InsInstrumentServiceImpl
[DEBUG] 2018-10-15 16:13:24,884 org.nutz.ioc.loader.annotation.AnnotationIocLoader.addClass(AnnotationIocLoader.java:76) - Found @IocBean : class cn.wizzer.app.ins.modules.services.impl.InsLockServiceImpl
[DEBUG] 2018-10-15 16:13:24,884 org.nutz.ioc.loader.annotation.AnnotationIocLoader.addClass(AnnotationIocLoader.java:76) - Found @IocBean : class cn.wizzer.app.ins.modules.services.impl.InsOrderentryServiceImpl
[DEBUG] 2018-10-15 16:13:24,884 org.nutz.ioc.loader.annotation.AnnotationIocLoader.addClass(AnnotationIocLoader.java:76) - Found @IocBean : class cn.wizzer.app.ins.modules.services.impl.InsOrderServiceImpl
[DEBUG] 2018-10-15 16:13:24,884 org.nutz.ioc.loader.annotation.AnnotationIocLoader.addClass(AnnotationIocLoader.java:76) - Found @IocBean : class cn.wizzer.app.ins.modules.services.impl.InsRepairServiceImpl
[DEBUG] 2018-10-15 16:13:24,884 org.nutz.ioc.loader.annotation.AnnotationIocLoader.addClass(AnnotationIocLoader.java:76) - Found @IocBean : class cn.wizzer.app.ins.modules.services.impl.InsRepairtrackServiceImpl
[DEBUG] 2018-10-15 16:13:24,884 org.nutz.ioc.loader.annotation.AnnotationIocLoader.addClass(AnnotationIocLoader.java:76) - Found @IocBean : class cn.wizzer.app.ins.modules.services.impl.InsRfheadServiceImpl
[DEBUG] 2018-10-15 16:13:24,884 org.nutz.ioc.loader.annotation.AnnotationIocLoader.addClass(AnnotationIocLoader.java:76) - Found @IocBean : class cn.wizzer.app.ins.modules.services.impl.InsRfidServiceImpl
[DEBUG] 2018-10-15 16:13:24,885 org.nutz.ioc.loader.annotation.AnnotationIocLoader.addClass(AnnotationIocLoader.java:76) - Found @IocBean : class cn.wizzer.app.ins.modules.services.impl.InsSpaceServiceImpl
[DEBUG] 2018-10-15 16:13:24,885 org.nutz.ioc.loader.annotation.AnnotationIocLoader.addClass(AnnotationIocLoader.java:76) - Found @IocBean : class cn.wizzer.app.ins.modules.services.impl.InsToolcabinetServiceImpl
[DEBUG] 2018-10-15 16:13:24,885 org.nutz.ioc.loader.annotation.AnnotationIocLoader.addClass(AnnotationIocLoader.java:76) - Found @IocBean : class cn.wizzer.app.ins.modules.services.impl.InsTransmitServiceImpl
[DEBUG] 2018-10-15 16:13:24,885 org.nutz.ioc.loader.annotation.AnnotationIocLoader.addClass(AnnotationIocLoader.java:76) - Found @IocBean : class cn.wizzer.app.logistics.modules.services.impl.LogisticsDeliveryorderentryServiceImpl
[DEBUG] 2018-10-15 16:13:24,885 org.nutz.ioc.loader.annotation.AnnotationIocLoader.addClass(AnnotationIocLoader.java:76) - Found @IocBean : class cn.wizzer.app.logistics.modules.services.impl.LogisticsDeliveryorderServiceImpl
[DEBUG] 2018-10-15 16:13:24,885 org.nutz.ioc.loader.annotation.AnnotationIocLoader.addClass(AnnotationIocLoader.java:76) - Found @IocBean : class cn.wizzer.app.logistics.modules.services.impl.LogisticsEntourageServiceImpl
[DEBUG] 2018-10-15 16:13:24,885 org.nutz.ioc.loader.annotation.AnnotationIocLoader.addClass(AnnotationIocLoader.java:76) - Found @IocBean : class cn.wizzer.app.logistics.modules.services.impl.LogisticsOrderdeliveryServiceImpl
[DEBUG] 2018-10-15 16:13:24,885 org.nutz.ioc.loader.annotation.AnnotationIocLoader.addClass(AnnotationIocLoader.java:76) - Found @IocBean : class cn.wizzer.app.logistics.modules.services.impl.LogisticsOrderentryServiceImpl
[DEBUG] 2018-10-15 16:13:24,885 org.nutz.ioc.loader.annotation.AnnotationIocLoader.addClass(AnnotationIocLoader.java:76) - Found @IocBean : class cn.wizzer.app.logistics.modules.services.impl.LogisticsOrderplanentryServiceImpl
[DEBUG] 2018-10-15 16:13:24,885 org.nutz.ioc.loader.annotation.AnnotationIocLoader.addClass(AnnotationIocLoader.java:76) - Found @IocBean : class cn.wizzer.app.logistics.modules.services.impl.LogisticsOrderplanServiceImpl
[DEBUG] 2018-10-15 16:13:24,885 org.nutz.ioc.loader.annotation.AnnotationIocLoader.addClass(AnnotationIocLoader.java:76) - Found @IocBean : class cn.wizzer.app.logistics.modules.services.impl.LogisticsOrderrejectServiceImpl
[DEBUG] 2018-10-15 16:13:24,885 org.nutz.ioc.loader.annotation.AnnotationIocLoader.addClass(AnnotationIocLoader.java:76) - Found @IocBean : class cn.wizzer.app.logistics.modules.services.impl.LogisticsOrderServiceImpl
[DEBUG] 2018-10-15 16:13:24,885 org.nutz.ioc.loader.annotation.AnnotationIocLoader.addClass(AnnotationIocLoader.java:76) - Found @IocBean : class cn.wizzer.app.logistics.modules.services.impl.LogisticsOrderstepServiceImpl
[DEBUG] 2018-10-15 16:13:24,885 org.nutz.ioc.loader.annotation.AnnotationIocLoader.addClass(AnnotationIocLoader.java:76) - Found @IocBean : class cn.wizzer.app.logistics.modules.services.impl.LogisticsSendapprovalServiceImpl
[DEBUG] 2018-10-15 16:13:24,885 org.nutz.ioc.loader.annotation.AnnotationIocLoader.addClass(AnnotationIocLoader.java:76) - Found @IocBean : class cn.wizzer.app.logistics.modules.services.impl.LogisticsSendgoodsServiceImpl
[DEBUG] 2018-10-15 16:13:24,885 org.nutz.ioc.loader.annotation.AnnotationIocLoader.addClass(AnnotationIocLoader.java:76) - Found @IocBean : class cn.wizzer.app.logistics.modules.services.impl.LogisticsSendplanServiceImpl
[DEBUG] 2018-10-15 16:13:24,886 org.nutz.ioc.loader.annotation.AnnotationIocLoader.addClass(AnnotationIocLoader.java:76) - Found @IocBean : class cn.wizzer.app.logistics.modules.services.impl.LogisticsSendtraceServiceImpl
[DEBUG] 2018-10-15 16:13:24,886 org.nutz.ioc.loader.annotation.AnnotationIocLoader.addClass(AnnotationIocLoader.java:76) - Found @IocBean : class cn.wizzer.app.logistics.modules.services.impl.LogisticsUnplanServiceImpl
[DEBUG] 2018-10-15 16:13:24,886 org.nutz.ioc.loader.annotation.AnnotationIocLoader.addClass(AnnotationIocLoader.java:76) - Found @IocBean : class cn.wizzer.app.sys.modules.services.impl.SysApiServiceImpl
[DEBUG] 2018-10-15 16:13:24,886 org.nutz.ioc.loader.annotation.AnnotationIocLoader.addClass(AnnotationIocLoader.java:76) - Found @IocBean : class cn.wizzer.app.sys.modules.services.impl.SysBarcodeServiceImpl
[DEBUG] 2018-10-15 16:13:24,886 org.nutz.ioc.loader.annotation.AnnotationIocLoader.addClass(AnnotationIocLoader.java:76) - Found @IocBean : class cn.wizzer.app.sys.modules.services.impl.SysConfigServiceImpl
[DEBUG] 2018-10-15 16:13:24,886 org.nutz.ioc.loader.annotation.AnnotationIocLoader.addClass(AnnotationIocLoader.java:76) - Found @IocBean : class cn.wizzer.app.sys.modules.services.impl.SysDictServiceImpl
[DEBUG] 2018-10-15 16:13:24,886 org.nutz.ioc.loader.annotation.AnnotationIocLoader.addClass(AnnotationIocLoader.java:76) - Found @IocBean : class cn.wizzer.app.sys.modules.services.impl.SysLogServiceImpl
[DEBUG] 2018-10-15 16:13:24,886 org.nutz.ioc.loader.annotation.AnnotationIocLoader.addClass(AnnotationIocLoader.java:76) - Found @IocBean : class cn.wizzer.app.sys.modules.services.impl.SysMenuServiceImpl
[DEBUG] 2018-10-15 16:13:24,886 org.nutz.ioc.loader.annotation.AnnotationIocLoader.addClass(AnnotationIocLoader.java:76) - Found @IocBean : class cn.wizzer.app.sys.modules.services.impl.SysMobileServiceImpl
[DEBUG] 2018-10-15 16:13:24,886 org.nutz.ioc.loader.annotation.AnnotationIocLoader.addClass(AnnotationIocLoader.java:76) - Found @IocBean : class cn.wizzer.app.sys.modules.services.impl.SysPluginServiceImpl
[DEBUG] 2018-10-15 16:13:24,886 org.nutz.ioc.loader.annotation.AnnotationIocLoader.addClass(AnnotationIocLoader.java:76) - Found @IocBean : class cn.wizzer.app.sys.modules.services.impl.SysRegistauditServiceImpl
[DEBUG] 2018-10-15 16:13:24,886 org.nutz.ioc.loader.annotation.AnnotationIocLoader.addClass(AnnotationIocLoader.java:76) - Found @IocBean : class cn.wizzer.app.sys.modules.services.impl.SysRoleServiceImpl
[DEBUG] 2018-10-15 16:13:24,886 org.nutz.ioc.loader.annotation.AnnotationIocLoader.addClass(AnnotationIocLoader.java:76) - Found @IocBean : class cn.wizzer.app.sys.modules.services.impl.SysRouteServiceImpl
[DEBUG] 2018-10-15 16:13:24,886 org.nutz.ioc.loader.annotation.AnnotationIocLoader.addClass(AnnotationIocLoader.java:76) - Found @IocBean : class cn.wizzer.app.sys.modules.services.impl.SysTaskServiceImpl
[DEBUG] 2018-10-15 16:13:24,887 org.nutz.ioc.loader.annotation.AnnotationIocLoader.addClass(AnnotationIocLoader.java:76) - Found @IocBean : class cn.wizzer.app.sys.modules.services.impl.SysTempuserServiceImpl
[DEBUG] 2018-10-15 16:13:24,887 org.nutz.ioc.loader.annotation.AnnotationIocLoader.addClass(AnnotationIocLoader.java:76) - Found @IocBean : class cn.wizzer.app.sys.modules.services.impl.SysUnitServiceImpl
[DEBUG] 2018-10-15 16:13:24,887 org.nutz.ioc.loader.annotation.AnnotationIocLoader.addClass(AnnotationIocLoader.java:76) - Found @IocBean : class cn.wizzer.app.sys.modules.services.impl.SysUserServiceImpl
[DEBUG] 2018-10-15 16:13:24,887 org.nutz.ioc.loader.annotation.AnnotationIocLoader.addClass(AnnotationIocLoader.java:76) - Found @IocBean : class cn.wizzer.app.sys.modules.services.impl.SysVersionServiceImpl
[DEBUG] 2018-10-15 16:13:24,887 org.nutz.ioc.loader.annotation.AnnotationIocLoader.addClass(AnnotationIocLoader.java:76) - Found @IocBean : class cn.wizzer.app.sys.modules.services.impl.SysWxDeptServiceImpl
[DEBUG] 2018-10-15 16:13:24,887 org.nutz.ioc.loader.annotation.AnnotationIocLoader.addClass(AnnotationIocLoader.java:76) - Found @IocBean : class cn.wizzer.app.sys.modules.services.impl.SysWxServiceImpl
[DEBUG] 2018-10-15 16:13:24,887 org.nutz.ioc.loader.annotation.AnnotationIocLoader.addClass(AnnotationIocLoader.java:76) - Found @IocBean : class cn.wizzer.app.sys.modules.services.impl.SysWxUserServiceImpl
[DEBUG] 2018-10-15 16:13:24,887 org.nutz.ioc.loader.annotation.AnnotationIocLoader.addClass(AnnotationIocLoader.java:76) - Found @IocBean : class cn.wizzer.app.web.commons.plugin.DynamicInterceptor
[DEBUG] 2018-10-15 16:13:24,887 org.nutz.ioc.loader.annotation.AnnotationIocLoader.addClass(AnnotationIocLoader.java:76) - Found @IocBean : class cn.wizzer.app.web.commons.plugin.PluginAopConfigure
[DEBUG] 2018-10-15 16:13:24,887 org.nutz.ioc.loader.annotation.AnnotationIocLoader.addClass(AnnotationIocLoader.java:76) - Found @IocBean : class cn.wizzer.app.web.commons.plugin.PluginMaster
[DEBUG] 2018-10-15 16:13:24,887 org.nutz.ioc.loader.annotation.AnnotationIocLoader.addClass(AnnotationIocLoader.java:76) - Found @IocBean : class cn.wizzer.app.web.commons.quartz.job.orderExecute
[DEBUG] 2018-10-15 16:13:24,887 org.nutz.ioc.loader.annotation.AnnotationIocLoader.addClass(AnnotationIocLoader.java:76) - Found @IocBean : class cn.wizzer.app.web.commons.quartz.job.TestJob
[DEBUG] 2018-10-15 16:13:24,887 org.nutz.ioc.loader.annotation.AnnotationIocLoader.addClass(AnnotationIocLoader.java:76) - Found @IocBean : class cn.wizzer.app.web.commons.services.email.EmailService
[DEBUG] 2018-10-15 16:13:24,887 org.nutz.ioc.loader.annotation.AnnotationIocLoader.addClass(AnnotationIocLoader.java:76) - Found @IocBean : class cn.wizzer.app.web.commons.services.qrcode.QrcodeService
[DEBUG] 2018-10-15 16:13:24,887 org.nutz.ioc.loader.annotation.AnnotationIocLoader.addClass(AnnotationIocLoader.java:76) - Found @IocBean : class cn.wizzer.app.web.commons.services.wx.TplService
[DEBUG] 2018-10-15 16:13:24,887 org.nutz.ioc.loader.annotation.AnnotationIocLoader.addClass(AnnotationIocLoader.java:76) - Found @IocBean : class cn.wizzer.app.web.commons.services.wx.WxHandler
[DEBUG] 2018-10-15 16:13:24,888 org.nutz.ioc.loader.annotation.AnnotationIocLoader.addClass(AnnotationIocLoader.java:76) - Found @IocBean : class cn.wizzer.app.web.commons.shiro.realm.PlatformAuthorizingRealm
[DEBUG] 2018-10-15 16:13:24,888 org.nutz.ioc.loader.annotation.AnnotationIocLoader.addClass(AnnotationIocLoader.java:76) - Found @IocBean : class cn.wizzer.app.web.commons.slog.SLogAopConfigration
[DEBUG] 2018-10-15 16:13:24,888 org.nutz.ioc.loader.annotation.AnnotationIocLoader.addClass(AnnotationIocLoader.java:76) - Found @IocBean : class cn.wizzer.app.web.commons.slog.SLogService
[DEBUG] 2018-10-15 16:13:24,888 org.nutz.ioc.loader.annotation.AnnotationIocLoader.addClass(AnnotationIocLoader.java:76) - Found @IocBean : class cn.wizzer.app.web.modules.controllers.front.wx.CmsController
[DEBUG] 2018-10-15 16:13:24,888 org.nutz.ioc.loader.annotation.AnnotationIocLoader.addClass(AnnotationIocLoader.java:76) - Found @IocBean : class cn.wizzer.app.web.modules.controllers.front.wx.WechatController
[DEBUG] 2018-10-15 16:13:24,888 org.nutz.ioc.loader.annotation.AnnotationIocLoader.addClass(AnnotationIocLoader.java:76) - Found @IocBean : class cn.wizzer.app.web.modules.controllers.open.api.mobile.MobileBaseController
[DEBUG] 2018-10-15 16:13:24,888 org.nutz.ioc.loader.annotation.AnnotationIocLoader.addClass(AnnotationIocLoader.java:76) - Found @IocBean : class cn.wizzer.app.web.modules.controllers.open.api.mobile.MobileInsController
[DEBUG] 2018-10-15 16:13:24,888 org.nutz.ioc.loader.annotation.AnnotationIocLoader.addClass(AnnotationIocLoader.java:76) - Found @IocBean : class cn.wizzer.app.web.modules.controllers.open.api.mobile.MobileOrderController
[DEBUG] 2018-10-15 16:13:24,888 org.nutz.ioc.loader.annotation.AnnotationIocLoader.addClass(AnnotationIocLoader.java:76) - Found @IocBean : class cn.wizzer.app.web.modules.controllers.open.api.mobile.MobileSysController
[DEBUG] 2018-10-15 16:13:24,888 org.nutz.ioc.loader.annotation.AnnotationIocLoader.addClass(AnnotationIocLoader.java:76) - Found @IocBean : class cn.wizzer.app.web.modules.controllers.open.api.pad.PadInsController
[DEBUG] 2018-10-15 16:13:24,888 org.nutz.ioc.loader.annotation.AnnotationIocLoader.addClass(AnnotationIocLoader.java:76) - Found @IocBean : class cn.wizzer.app.web.modules.controllers.open.api.pad.PadOrderController
[DEBUG] 2018-10-15 16:13:24,888 org.nutz.ioc.loader.annotation.AnnotationIocLoader.addClass(AnnotationIocLoader.java:76) - Found @IocBean : class cn.wizzer.app.web.modules.controllers.open.api.pad.PadSysController
[DEBUG] 2018-10-15 16:13:24,888 org.nutz.ioc.loader.annotation.AnnotationIocLoader.addClass(AnnotationIocLoader.java:76) - Found @IocBean : class cn.wizzer.app.web.modules.controllers.open.api.test.ApiTestController
[DEBUG] 2018-10-15 16:13:24,888 org.nutz.ioc.loader.annotation.AnnotationIocLoader.addClass(AnnotationIocLoader.java:76) - Found @IocBean : class cn.wizzer.app.web.modules.controllers.open.api.token.TokenController
[DEBUG] 2018-10-15 16:13:24,888 org.nutz.ioc.loader.annotation.AnnotationIocLoader.addClass(AnnotationIocLoader.java:76) - Found @IocBean : class cn.wizzer.app.web.modules.controllers.open.api.userpermission.UserpermissionController
[DEBUG] 2018-10-15 16:13:24,888 org.nutz.ioc.loader.annotation.AnnotationIocLoader.addClass(AnnotationIocLoader.java:76) - Found @IocBean : class cn.wizzer.app.web.modules.controllers.open.file.UploadController
[DEBUG] 2018-10-15 16:13:24,889 org.nutz.ioc.loader.annotation.AnnotationIocLoader.addClass(AnnotationIocLoader.java:76) - Found @IocBean : class cn.wizzer.app.web.modules.controllers.open.pay.WxPayBackController
[DEBUG] 2018-10-15 16:13:24,889 org.nutz.ioc.loader.annotation.AnnotationIocLoader.addClass(AnnotationIocLoader.java:76) - Found @IocBean : class cn.wizzer.app.web.modules.controllers.open.ueditor.BdController
[DEBUG] 2018-10-15 16:13:24,889 org.nutz.ioc.loader.annotation.AnnotationIocLoader.addClass(AnnotationIocLoader.java:76) - Found @IocBean : class cn.wizzer.app.web.modules.controllers.open.ueditor.WxController
[DEBUG] 2018-10-15 16:13:24,889 org.nutz.ioc.loader.annotation.AnnotationIocLoader.addClass(AnnotationIocLoader.java:76) - Found @IocBean : class cn.wizzer.app.web.modules.controllers.open.wx.WeixinController
[DEBUG] 2018-10-15 16:13:24,889 org.nutz.ioc.loader.annotation.AnnotationIocLoader.addClass(AnnotationIocLoader.java:76) - Found @IocBean : class cn.wizzer.app.web.modules.controllers.platform.base.BaseAirmeterialController
[DEBUG] 2018-10-15 16:13:24,889 org.nutz.ioc.loader.annotation.AnnotationIocLoader.addClass(AnnotationIocLoader.java:76) - Found @IocBean : class cn.wizzer.app.web.modules.controllers.platform.base.BaseAirportController
[DEBUG] 2018-10-15 16:13:24,889 org.nutz.ioc.loader.annotation.AnnotationIocLoader.addClass(AnnotationIocLoader.java:76) - Found @IocBean : class cn.wizzer.app.web.modules.controllers.platform.base.BaseCnctobjController
[DEBUG] 2018-10-15 16:13:24,889 org.nutz.ioc.loader.annotation.AnnotationIocLoader.addClass(AnnotationIocLoader.java:76) - Found @IocBean : class cn.wizzer.app.web.modules.controllers.platform.base.BaseCustomerController
[DEBUG] 2018-10-15 16:13:24,889 org.nutz.ioc.loader.annotation.AnnotationIocLoader.addClass(AnnotationIocLoader.java:76) - Found @IocBean : class cn.wizzer.app.web.modules.controllers.platform.base.BaseDeptController
[DEBUG] 2018-10-15 16:13:24,889 org.nutz.ioc.loader.annotation.AnnotationIocLoader.addClass(AnnotationIocLoader.java:76) - Found @IocBean : class cn.wizzer.app.web.modules.controllers.platform.base.BaseJobController
[DEBUG] 2018-10-15 16:13:24,889 org.nutz.ioc.loader.annotation.AnnotationIocLoader.addClass(AnnotationIocLoader.java:76) - Found @IocBean : class cn.wizzer.app.web.modules.controllers.platform.base.BasePersonController
[DEBUG] 2018-10-15 16:13:24,889 org.nutz.ioc.loader.annotation.AnnotationIocLoader.addClass(AnnotationIocLoader.java:76) - Found @IocBean : class cn.wizzer.app.web.modules.controllers.platform.base.BasePersonpoolController
[DEBUG] 2018-10-15 16:13:24,889 org.nutz.ioc.loader.annotation.AnnotationIocLoader.addClass(AnnotationIocLoader.java:76) - Found @IocBean : class cn.wizzer.app.web.modules.controllers.platform.base.BasePlaceController
[DEBUG] 2018-10-15 16:13:24,889 org.nutz.ioc.loader.annotation.AnnotationIocLoader.addClass(AnnotationIocLoader.java:76) - Found @IocBean : class cn.wizzer.app.web.modules.controllers.platform.base.BasePostController
[DEBUG] 2018-10-15 16:13:24,889 org.nutz.ioc.loader.annotation.AnnotationIocLoader.addClass(AnnotationIocLoader.java:76) - Found @IocBean : class cn.wizzer.app.web.modules.controllers.platform.base.BaseRowofficeController
[DEBUG] 2018-10-15 16:13:24,889 org.nutz.ioc.loader.annotation.AnnotationIocLoader.addClass(AnnotationIocLoader.java:76) - Found @IocBean : class cn.wizzer.app.web.modules.controllers.platform.base.BaseRowofficeentryController
[DEBUG] 2018-10-15 16:13:24,889 org.nutz.ioc.loader.annotation.AnnotationIocLoader.addClass(AnnotationIocLoader.java:76) - Found @IocBean : class cn.wizzer.app.web.modules.controllers.platform.base.BaseVehicleController
[DEBUG] 2018-10-15 16:13:24,889 org.nutz.ioc.loader.annotation.AnnotationIocLoader.addClass(AnnotationIocLoader.java:76) - Found @IocBean : class cn.wizzer.app.web.modules.controllers.platform.base.BaseWarehouseController
[DEBUG] 2018-10-15 16:13:24,890 org.nutz.ioc.loader.annotation.AnnotationIocLoader.addClass(AnnotationIocLoader.java:76) - Found @IocBean : class cn.wizzer.app.web.modules.controllers.platform.cms.CmsArticleController
[DEBUG] 2018-10-15 16:13:24,890 org.nutz.ioc.loader.annotation.AnnotationIocLoader.addClass(AnnotationIocLoader.java:76) - Found @IocBean : class cn.wizzer.app.web.modules.controllers.platform.cms.CmsChannelController
[DEBUG] 2018-10-15 16:13:24,890 org.nutz.ioc.loader.annotation.AnnotationIocLoader.addClass(AnnotationIocLoader.java:76) - Found @IocBean : class cn.wizzer.app.web.modules.controllers.platform.cms.CmsLinkClassController
[DEBUG] 2018-10-15 16:13:24,890 org.nutz.ioc.loader.annotation.AnnotationIocLoader.addClass(AnnotationIocLoader.java:76) - Found @IocBean : class cn.wizzer.app.web.modules.controllers.platform.cms.CmsLinkController
[DEBUG] 2018-10-15 16:13:24,890 org.nutz.ioc.loader.annotation.AnnotationIocLoader.addClass(AnnotationIocLoader.java:76) - Found @IocBean : class cn.wizzer.app.web.modules.controllers.platform.cms.CmsSiteController
[DEBUG] 2018-10-15 16:13:24,890 org.nutz.ioc.loader.annotation.AnnotationIocLoader.addClass(AnnotationIocLoader.java:76) - Found @IocBean : class cn.wizzer.app.web.modules.controllers.platform.ins.InsBaseinsController
[DEBUG] 2018-10-15 16:13:24,890 org.nutz.ioc.loader.annotation.AnnotationIocLoader.addClass(AnnotationIocLoader.java:76) - Found @IocBean : class cn.wizzer.app.web.modules.controllers.platform.ins.InsBaseinsSpaceController
[DEBUG] 2018-10-15 16:13:24,890 org.nutz.ioc.loader.annotation.AnnotationIocLoader.addClass(AnnotationIocLoader.java:76) - Found @IocBean : class cn.wizzer.app.web.modules.controllers.platform.ins.InsCabinetController
[DEBUG] 2018-10-15 16:13:24,890 org.nutz.ioc.loader.annotation.AnnotationIocLoader.addClass(AnnotationIocLoader.java:76) - Found @IocBean : class cn.wizzer.app.web.modules.controllers.platform.ins.InsCommonController
[DEBUG] 2018-10-15 16:13:24,890 org.nutz.ioc.loader.annotation.AnnotationIocLoader.addClass(AnnotationIocLoader.java:76) - Found @IocBean : class cn.wizzer.app.web.modules.controllers.platform.ins.InsInstrumentController
[DEBUG] 2018-10-15 16:13:24,890 org.nutz.ioc.loader.annotation.AnnotationIocLoader.addClass(AnnotationIocLoader.java:76) - Found @IocBean : class cn.wizzer.app.web.modules.controllers.platform.ins.InsLockController
[DEBUG] 2018-10-15 16:13:24,890 org.nutz.ioc.loader.annotation.AnnotationIocLoader.addClass(AnnotationIocLoader.java:76) - Found @IocBean : class cn.wizzer.app.web.modules.controllers.platform.ins.InsOrderController
[DEBUG] 2018-10-15 16:13:24,890 org.nutz.ioc.loader.annotation.AnnotationIocLoader.addClass(AnnotationIocLoader.java:76) - Found @IocBean : class cn.wizzer.app.web.modules.controllers.platform.ins.InsOrderentryController
[DEBUG] 2018-10-15 16:13:24,890 org.nutz.ioc.loader.annotation.AnnotationIocLoader.addClass(AnnotationIocLoader.java:76) - Found @IocBean : class cn.wizzer.app.web.modules.controllers.platform.ins.InsRepairController
[DEBUG] 2018-10-15 16:13:24,891 org.nutz.ioc.loader.annotation.AnnotationIocLoader.addClass(AnnotationIocLoader.java:76) - Found @IocBean : class cn.wizzer.app.web.modules.controllers.platform.ins.InsRepairtrackController
[DEBUG] 2018-10-15 16:13:24,891 org.nutz.ioc.loader.annotation.AnnotationIocLoader.addClass(AnnotationIocLoader.java:76) - Found @IocBean : class cn.wizzer.app.web.modules.controllers.platform.ins.InsRfheadController
[DEBUG] 2018-10-15 16:13:24,891 org.nutz.ioc.loader.annotation.AnnotationIocLoader.addClass(AnnotationIocLoader.java:76) - Found @IocBean : class cn.wizzer.app.web.modules.controllers.platform.ins.InsRfidController
[DEBUG] 2018-10-15 16:13:24,891 org.nutz.ioc.loader.annotation.AnnotationIocLoader.addClass(AnnotationIocLoader.java:76) - Found @IocBean : class cn.wizzer.app.web.modules.controllers.platform.ins.InsSpaceController
[DEBUG] 2018-10-15 16:13:24,891 org.nutz.ioc.loader.annotation.AnnotationIocLoader.addClass(AnnotationIocLoader.java:76) - Found @IocBean : class cn.wizzer.app.web.modules.controllers.platform.ins.InsToolcabinetController
[DEBUG] 2018-10-15 16:13:24,891 org.nutz.ioc.loader.annotation.AnnotationIocLoader.addClass(AnnotationIocLoader.java:76) - Found @IocBean : class cn.wizzer.app.web.modules.controllers.platform.ins.InsTransmitController
[DEBUG] 2018-10-15 16:13:24,891 org.nutz.ioc.loader.annotation.AnnotationIocLoader.addClass(AnnotationIocLoader.java:76) - Found @IocBean : class cn.wizzer.app.web.modules.controllers.platform.logistics.LogisticsDeliveryorderController
[DEBUG] 2018-10-15 16:13:24,891 org.nutz.ioc.loader.annotation.AnnotationIocLoader.addClass(AnnotationIocLoader.java:76) - Found @IocBean : class cn.wizzer.app.web.modules.controllers.platform.logistics.LogisticsDeliveryorderentryController
[DEBUG] 2018-10-15 16:13:24,891 org.nutz.ioc.loader.annotation.AnnotationIocLoader.addClass(AnnotationIocLoader.java:76) - Found @IocBean : class cn.wizzer.app.web.modules.controllers.platform.logistics.LogisticsEntourageController
[DEBUG] 2018-10-15 16:13:24,891 org.nutz.ioc.loader.annotation.AnnotationIocLoader.addClass(AnnotationIocLoader.java:76) - Found @IocBean : class cn.wizzer.app.web.modules.controllers.platform.logistics.LogisticsOrderController
[DEBUG] 2018-10-15 16:13:24,891 org.nutz.ioc.loader.annotation.AnnotationIocLoader.addClass(AnnotationIocLoader.java:76) - Found @IocBean : class cn.wizzer.app.web.modules.controllers.platform.logistics.LogisticsOrderdeliveryController
[DEBUG] 2018-10-15 16:13:24,891 org.nutz.ioc.loader.annotation.AnnotationIocLoader.addClass(AnnotationIocLoader.java:76) - Found @IocBean : class cn.wizzer.app.web.modules.controllers.platform.logistics.LogisticsOrderentryController
[DEBUG] 2018-10-15 16:13:24,891 org.nutz.ioc.loader.annotation.AnnotationIocLoader.addClass(AnnotationIocLoader.java:76) - Found @IocBean : class cn.wizzer.app.web.modules.controllers.platform.logistics.LogisticsOrderplanController
[DEBUG] 2018-10-15 16:13:24,891 org.nutz.ioc.loader.annotation.AnnotationIocLoader.addClass(AnnotationIocLoader.java:76) - Found @IocBean : class cn.wizzer.app.web.modules.controllers.platform.logistics.LogisticsOrderplanentryController
[DEBUG] 2018-10-15 16:13:24,891 org.nutz.ioc.loader.annotation.AnnotationIocLoader.addClass(AnnotationIocLoader.java:76) - Found @IocBean : class cn.wizzer.app.web.modules.controllers.platform.logistics.LogisticsOrderrejectController
[DEBUG] 2018-10-15 16:13:24,891 org.nutz.ioc.loader.annotation.AnnotationIocLoader.addClass(AnnotationIocLoader.java:76) - Found @IocBean : class cn.wizzer.app.web.modules.controllers.platform.logistics.LogisticsOrderstepController
[DEBUG] 2018-10-15 16:13:24,891 org.nutz.ioc.loader.annotation.AnnotationIocLoader.addClass(AnnotationIocLoader.java:76) - Found @IocBean : class cn.wizzer.app.web.modules.controllers.platform.logistics.LogisticsSendapprovalController
[DEBUG] 2018-10-15 16:13:24,892 org.nutz.ioc.loader.annotation.AnnotationIocLoader.addClass(AnnotationIocLoader.java:76) - Found @IocBean : class cn.wizzer.app.web.modules.controllers.platform.logistics.LogisticsSendgoodsController
[DEBUG] 2018-10-15 16:13:24,892 org.nutz.ioc.loader.annotation.AnnotationIocLoader.addClass(AnnotationIocLoader.java:76) - Found @IocBean : class cn.wizzer.app.web.modules.controllers.platform.logistics.LogisticsSendplanController
[DEBUG] 2018-10-15 16:13:24,892 org.nutz.ioc.loader.annotation.AnnotationIocLoader.addClass(AnnotationIocLoader.java:76) - Found @IocBean : class cn.wizzer.app.web.modules.controllers.platform.logistics.LogisticsSendtraceController
[DEBUG] 2018-10-15 16:13:24,892 org.nutz.ioc.loader.annotation.AnnotationIocLoader.addClass(AnnotationIocLoader.java:76) - Found @IocBean : class cn.wizzer.app.web.modules.controllers.platform.logistics.LogisticsUnplanController
[DEBUG] 2018-10-15 16:13:24,892 org.nutz.ioc.loader.annotation.AnnotationIocLoader.addClass(AnnotationIocLoader.java:76) - Found @IocBean : class cn.wizzer.app.web.modules.controllers.platform.sys.SysApiController
[DEBUG] 2018-10-15 16:13:24,892 org.nutz.ioc.loader.annotation.AnnotationIocLoader.addClass(AnnotationIocLoader.java:76) - Found @IocBean : class cn.wizzer.app.web.modules.controllers.platform.sys.SysBarcodeController
[DEBUG] 2018-10-15 16:13:24,892 org.nutz.ioc.loader.annotation.AnnotationIocLoader.addClass(AnnotationIocLoader.java:76) - Found @IocBean : class cn.wizzer.app.web.modules.controllers.platform.sys.SysConfController
[DEBUG] 2018-10-15 16:13:24,892 org.nutz.ioc.loader.annotation.AnnotationIocLoader.addClass(AnnotationIocLoader.java:76) - Found @IocBean : class cn.wizzer.app.web.modules.controllers.platform.sys.SysDictController
[DEBUG] 2018-10-15 16:13:24,892 org.nutz.ioc.loader.annotation.AnnotationIocLoader.addClass(AnnotationIocLoader.java:76) - Found @IocBean : class cn.wizzer.app.web.modules.controllers.platform.sys.SysHomeController
[DEBUG] 2018-10-15 16:13:24,892 org.nutz.ioc.loader.annotation.AnnotationIocLoader.addClass(AnnotationIocLoader.java:76) - Found @IocBean : class cn.wizzer.app.web.modules.controllers.platform.sys.SysLogController
[DEBUG] 2018-10-15 16:13:24,892 org.nutz.ioc.loader.annotation.AnnotationIocLoader.addClass(AnnotationIocLoader.java:76) - Found @IocBean : class cn.wizzer.app.web.modules.controllers.platform.sys.SysLoginController
[DEBUG] 2018-10-15 16:13:24,892 org.nutz.ioc.loader.annotation.AnnotationIocLoader.addClass(AnnotationIocLoader.java:76) - Found @IocBean : class cn.wizzer.app.web.modules.controllers.platform.sys.SysMenuController
[DEBUG] 2018-10-15 16:13:24,892 org.nutz.ioc.loader.annotation.AnnotationIocLoader.addClass(AnnotationIocLoader.java:76) - Found @IocBean : class cn.wizzer.app.web.modules.controllers.platform.sys.SysMobileController
[DEBUG] 2018-10-15 16:13:24,892 org.nutz.ioc.loader.annotation.AnnotationIocLoader.addClass(AnnotationIocLoader.java:76) - Found @IocBean : class cn.wizzer.app.web.modules.controllers.platform.sys.SysPluginController
[DEBUG] 2018-10-15 16:13:24,892 org.nutz.ioc.loader.annotation.AnnotationIocLoader.addClass(AnnotationIocLoader.java:76) - Found @IocBean : class cn.wizzer.app.web.modules.controllers.platform.sys.SysRegistauditController
[DEBUG] 2018-10-15 16:13:24,892 org.nutz.ioc.loader.annotation.AnnotationIocLoader.addClass(AnnotationIocLoader.java:76) - Found @IocBean : class cn.wizzer.app.web.modules.controllers.platform.sys.SysRoleController
[DEBUG] 2018-10-15 16:13:24,892 org.nutz.ioc.loader.annotation.AnnotationIocLoader.addClass(AnnotationIocLoader.java:76) - Found @IocBean : class cn.wizzer.app.web.modules.controllers.platform.sys.SysRouteController
[DEBUG] 2018-10-15 16:13:24,893 org.nutz.ioc.loader.annotation.AnnotationIocLoader.addClass(AnnotationIocLoader.java:76) - Found @IocBean : class cn.wizzer.app.web.modules.controllers.platform.sys.SysTaskController
[DEBUG] 2018-10-15 16:13:24,893 org.nutz.ioc.loader.annotation.AnnotationIocLoader.addClass(AnnotationIocLoader.java:76) - Found @IocBean : class cn.wizzer.app.web.modules.controllers.platform.sys.SysTempuserController
[DEBUG] 2018-10-15 16:13:24,893 org.nutz.ioc.loader.annotation.AnnotationIocLoader.addClass(AnnotationIocLoader.java:76) - Found @IocBean : class cn.wizzer.app.web.modules.controllers.platform.sys.SysUnitController
[DEBUG] 2018-10-15 16:13:24,893 org.nutz.ioc.loader.annotation.AnnotationIocLoader.addClass(AnnotationIocLoader.java:76) - Found @IocBean : class cn.wizzer.app.web.modules.controllers.platform.sys.SysUserController
[DEBUG] 2018-10-15 16:13:24,893 org.nutz.ioc.loader.annotation.AnnotationIocLoader.addClass(AnnotationIocLoader.java:76) - Found @IocBean : class cn.wizzer.app.web.modules.controllers.platform.sys.SysVersionController
[DEBUG] 2018-10-15 16:13:24,893 org.nutz.ioc.loader.annotation.AnnotationIocLoader.addClass(AnnotationIocLoader.java:76) - Found @IocBean : class cn.wizzer.app.web.modules.controllers.platform.sys.SysWxController
[DEBUG] 2018-10-15 16:13:24,893 org.nutz.ioc.loader.annotation.AnnotationIocLoader.addClass(AnnotationIocLoader.java:76) - Found @IocBean : class cn.wizzer.app.web.modules.controllers.platform.sys.SysWxDeptController
[DEBUG] 2018-10-15 16:13:24,893 org.nutz.ioc.loader.annotation.AnnotationIocLoader.addClass(AnnotationIocLoader.java:76) - Found @IocBean : class cn.wizzer.app.web.modules.controllers.platform.sys.SysWxUserController
[DEBUG] 2018-10-15 16:13:24,893 org.nutz.ioc.loader.annotation.AnnotationIocLoader.addClass(AnnotationIocLoader.java:76) - Found @IocBean : class cn.wizzer.app.web.modules.controllers.platform.wx.WxConfigController
[DEBUG] 2018-10-15 16:13:24,893 org.nutz.ioc.loader.annotation.AnnotationIocLoader.addClass(AnnotationIocLoader.java:76) - Found @IocBean : class cn.wizzer.app.web.modules.controllers.platform.wx.WxMassController
[DEBUG] 2018-10-15 16:13:24,893 org.nutz.ioc.loader.annotation.AnnotationIocLoader.addClass(AnnotationIocLoader.java:76) - Found @IocBean : class cn.wizzer.app.web.modules.controllers.platform.wx.WxMenuController
[DEBUG] 2018-10-15 16:13:24,893 org.nutz.ioc.loader.annotation.AnnotationIocLoader.addClass(AnnotationIocLoader.java:76) - Found @IocBean : class cn.wizzer.app.web.modules.controllers.platform.wx.WxMsgUserController
[DEBUG] 2018-10-15 16:13:24,893 org.nutz.ioc.loader.annotation.AnnotationIocLoader.addClass(AnnotationIocLoader.java:76) - Found @IocBean : class cn.wizzer.app.web.modules.controllers.platform.wx.WxPayTestController
[DEBUG] 2018-10-15 16:13:24,893 org.nutz.ioc.loader.annotation.AnnotationIocLoader.addClass(AnnotationIocLoader.java:76) - Found @IocBean : class cn.wizzer.app.web.modules.controllers.platform.wx.WxReplyController
[DEBUG] 2018-10-15 16:13:24,893 org.nutz.ioc.loader.annotation.AnnotationIocLoader.addClass(AnnotationIocLoader.java:76) - Found @IocBean : class cn.wizzer.app.web.modules.controllers.platform.wx.WxReplyNewsController
[DEBUG] 2018-10-15 16:13:24,894 org.nutz.ioc.loader.annotation.AnnotationIocLoader.addClass(AnnotationIocLoader.java:76) - Found @IocBean : class cn.wizzer.app.web.modules.controllers.platform.wx.WxReplyTxtController
[DEBUG] 2018-10-15 16:13:24,894 org.nutz.ioc.loader.annotation.AnnotationIocLoader.addClass(AnnotationIocLoader.java:76) - Found @IocBean : class cn.wizzer.app.web.modules.controllers.platform.wx.WxTplIdController
[DEBUG] 2018-10-15 16:13:24,894 org.nutz.ioc.loader.annotation.AnnotationIocLoader.addClass(AnnotationIocLoader.java:76) - Found @IocBean : class cn.wizzer.app.web.modules.controllers.platform.wx.WxTplListController
[DEBUG] 2018-10-15 16:13:24,894 org.nutz.ioc.loader.annotation.AnnotationIocLoader.addClass(AnnotationIocLoader.java:76) - Found @IocBean : class cn.wizzer.app.web.modules.controllers.platform.wx.WxTplLogController
[DEBUG] 2018-10-15 16:13:24,894 org.nutz.ioc.loader.annotation.AnnotationIocLoader.addClass(AnnotationIocLoader.java:76) - Found @IocBean : class cn.wizzer.app.web.modules.controllers.platform.wx.WxUserController
[DEBUG] 2018-10-15 16:13:24,894 org.nutz.ioc.loader.annotation.AnnotationIocLoader.addClass(AnnotationIocLoader.java:76) - Found @IocBean : class cn.wizzer.app.wx.modules.services.impl.WxConfigServiceImpl
[DEBUG] 2018-10-15 16:13:24,894 org.nutz.ioc.loader.annotation.AnnotationIocLoader.addClass(AnnotationIocLoader.java:76) - Found @IocBean : class cn.wizzer.app.wx.modules.services.impl.WxMassNewsServiceImpl
[DEBUG] 2018-10-15 16:13:24,894 org.nutz.ioc.loader.annotation.AnnotationIocLoader.addClass(AnnotationIocLoader.java:76) - Found @IocBean : class cn.wizzer.app.wx.modules.services.impl.WxMassSendServiceImpl
[DEBUG] 2018-10-15 16:13:24,894 org.nutz.ioc.loader.annotation.AnnotationIocLoader.addClass(AnnotationIocLoader.java:76) - Found @IocBean : class cn.wizzer.app.wx.modules.services.impl.WxMassServiceImpl
[DEBUG] 2018-10-15 16:13:24,894 org.nutz.ioc.loader.annotation.AnnotationIocLoader.addClass(AnnotationIocLoader.java:76) - Found @IocBean : class cn.wizzer.app.wx.modules.services.impl.WxMenuServiceImpl
[DEBUG] 2018-10-15 16:13:24,894 org.nutz.ioc.loader.annotation.AnnotationIocLoader.addClass(AnnotationIocLoader.java:76) - Found @IocBean : class cn.wizzer.app.wx.modules.services.impl.WxMsgReplyServiceImpl
[DEBUG] 2018-10-15 16:13:24,894 org.nutz.ioc.loader.annotation.AnnotationIocLoader.addClass(AnnotationIocLoader.java:76) - Found @IocBean : class cn.wizzer.app.wx.modules.services.impl.WxMsgServiceImpl
[DEBUG] 2018-10-15 16:13:24,894 org.nutz.ioc.loader.annotation.AnnotationIocLoader.addClass(AnnotationIocLoader.java:76) - Found @IocBean : class cn.wizzer.app.wx.modules.services.impl.WxReplyNewsServiceImpl
[DEBUG] 2018-10-15 16:13:24,894 org.nutz.ioc.loader.annotation.AnnotationIocLoader.addClass(AnnotationIocLoader.java:76) - Found @IocBean : class cn.wizzer.app.wx.modules.services.impl.WxReplyServiceImpl
[DEBUG] 2018-10-15 16:13:24,894 org.nutz.ioc.loader.annotation.AnnotationIocLoader.addClass(AnnotationIocLoader.java:76) - Found @IocBean : class cn.wizzer.app.wx.modules.services.impl.WxReplyTxtServiceImpl
[DEBUG] 2018-10-15 16:13:24,894 org.nutz.ioc.loader.annotation.AnnotationIocLoader.addClass(AnnotationIocLoader.java:76) - Found @IocBean : class cn.wizzer.app.wx.modules.services.impl.WxTplIdServiceImpl
[DEBUG] 2018-10-15 16:13:24,895 org.nutz.ioc.loader.annotation.AnnotationIocLoader.addClass(AnnotationIocLoader.java:76) - Found @IocBean : class cn.wizzer.app.wx.modules.services.impl.WxTplListServiceImpl
[DEBUG] 2018-10-15 16:13:24,895 org.nutz.ioc.loader.annotation.AnnotationIocLoader.addClass(AnnotationIocLoader.java:76) - Found @IocBean : class cn.wizzer.app.wx.modules.services.impl.WxTplLogServiceImpl
[DEBUG] 2018-10-15 16:13:24,895 org.nutz.ioc.loader.annotation.AnnotationIocLoader.addClass(AnnotationIocLoader.java:76) - Found @IocBean : class cn.wizzer.app.wx.modules.services.impl.WxUserServiceImpl
[DEBUG] 2018-10-15 16:13:24,895 org.nutz.ioc.loader.annotation.AnnotationIocLoader.addClass(AnnotationIocLoader.java:76) - Found @IocBean : class cn.wizzer.test.SimpleTest
[DEBUG] 2018-10-15 16:13:24,896 org.nutz.resource.Scans.scan(Scans.java:274) - Found 0 resource by src( org/nutz/apidoc/ ) , regex( ^.+[.]class$ )
[INFO ] 2018-10-15 16:13:24,896 org.nutz.ioc.loader.annotation.AnnotationIocLoader.<init>(AnnotationIocLoader.java:52) - Found 204 classes in 2 base-packages!
beans = ["wxTplListController", "uploadController", "wxReplyTxtServiceImpl", "logisticsSendplanController", "baseJobServiceImpl", "dateUtil", "qrcodeService", "logisticsSendgoodsServiceImpl", "logisticsOrderentryController", "insLockController", "baseRowofficeentryServiceImpl", "cmsChannelServiceImpl", "insBaseinsServiceImpl", "orderExecute", "cmsArticleController", "basePostController", "baseAirmeterialServiceImpl", "basePersonController", "logisticsOrderplanServiceImpl", "cmsLinkClassController", "basePostServiceImpl", "baseRowofficeServiceImpl", "baseJobController", "baseRowofficeController", "wxReplyController", "insRepairController", "sysConfigServiceImpl", "basePersonpoolController", "baseVehicleController", "wxMsgServiceImpl", "wxPayBackController", "logisticsUnplanController", "mobileInsController", "sysTaskController", "sysBarcodeController", "insTransmitController", "sysDictServiceImpl", "wxConfigServiceImpl", "baseAirportServiceImpl", "apiTestController", "sysMenuController", "cmsSiteServiceImpl", "mobileSysController", "cmsLinkController", "insCommonController", "logisticsOrderplanentryServiceImpl", "insInstrumentController", "sysRegistauditServiceImpl", "insLockServiceImpl", "insOrderController", "wechatController", "wxMsgUserController", "sysDictController", "sysWxUserController", "logisticsDeliveryorderentryController", "basePersonServiceImpl", "insOrderentryServiceImpl", "insRepairtrackController", "insInstrumentServiceImpl", "logisticsSendapprovalServiceImpl", "logisticsOrderdeliveryController", "wxTplListServiceImpl", "tplService", "sysPluginServiceImpl", "insRfheadController", "logisticsSendgoodsController", "mobileBaseController", "baseCnctobjServiceImpl", "nutShiroMethodInterceptor", "insCabinetServiceImpl", "basePlaceServiceImpl", "baseVehicleServiceImpl", "cmsLinkClassServiceImpl", "sysHomeController", "insRfheadServiceImpl", "sysMobileController", "wxMassServiceImpl", "logisticsOrderentryServiceImpl", "logisticsSendplanServiceImpl", "logisticsOrderrejectServiceImpl", "wxHandler", "cmsChannelController", "wxController", "rabbitProducer", "sysTaskServiceImpl", "sysVersionController", "shiroUtil", "wxReplyTxtController", "sysPluginController", "logisticsSendtraceController", "sysApiServiceImpl", "logisticsEntourageServiceImpl", "sLogService", "baseAirportController", "sysApiController", "wxTplIdController", "insSpaceServiceImpl", "logisticsOrderController", "sysTempuserController", "sysUserController", "platformAuthorizingRealm", "testJob", "$aop_1_plugin", "sysRegistauditController", "wxReplyNewsServiceImpl", "insTransmitServiceImpl", "sysLoginController", "wxTplLogServiceImpl", "sysUserServiceImpl", "sysRoleServiceImpl", "sysRouteController", "idcardUtil", "basePlaceController", "sysWxDeptController", "logisticsOrderplanentryController", "userpermissionController", "sysWxServiceImpl", "cmsController", "logisticsSendtraceServiceImpl", "insOrderentryController", "logisticsSendapprovalController", "wxMenuController", "insOrderServiceImpl", "weixinController", "code128Util", "insRepairServiceImpl", "logisticsOrderplanController", "wxMsgReplyServiceImpl", "logisticsOrderdeliveryServiceImpl", "cmsArticleServiceImpl", "baseCnctobjController", "baseCustomerController", "insBaseinsController", "insRfidServiceImpl", "cookieUtil", "baseRowofficeentryController", "logisticsOrderstepServiceImpl", "wxReplyServiceImpl", "bdController", "redisIdGenerator", "insBaseinsSpaceServiceImpl", "cmsSiteController", "logisticsDeliveryorderServiceImpl", "insCabinetController", "logisticsOrderServiceImpl", "sysWxDeptServiceImpl", "sysWxController", "mobileOrderController", "sysRoleController", "logisticsEntourageController", "insCommonServiceImpl", "sysUnitController", "padInsController", "wxMassSendServiceImpl", "logisticsDeliveryorderController", "rSAUtil", "wxConfigController", "stringUtil", "baseCustomerServiceImpl", "basePersonpoolServiceImpl", "insBaseinsSpaceController", "wxUserServiceImpl", "insSpaceController", "sysTempuserServiceImpl", "baseWarehouseServiceImpl", "insToolcabinetController", "sysWxUserServiceImpl", "dynamicInterceptor", "sysLogController", "wxMassController", "emailService", "baseWarehouseController", "insToolcabinetServiceImpl", "wxMenuServiceImpl", "wxReplyNewsController", "baseDeptServiceImpl", "sysRouteServiceImpl", "insRepairtrackServiceImpl", "wxMassNewsServiceImpl", "baseAirmeterialController", "sysMenuServiceImpl", "sysMobileServiceImpl", "simpleTest", "logisticsOrderstepController", "sysLogServiceImpl", "logisticsUnplanServiceImpl", "wxTplIdServiceImpl", "logisticsDeliveryorderentryServiceImpl", "$aop_syslog", "padSysController", "baseDeptController", "logisticsOrderrejectController", "padOrderController", "sysBarcodeServiceImpl", "wxTplLogController", "wxUserController", "wxPayTestController", "tokenController", "sysVersionServiceImpl", "cmsLinkServiceImpl", "sysUnitServiceImpl", "insRfidController", "sysConfController", "pluginMaster"]
[DEBUG] 2018-10-15 16:13:24,897 org.nutz.ioc.loader.combo.ComboIocLoader.createIocLoader(ComboIocLoader.java:110) - found jedis -- org.nutz.integration.jedis.JedisIocLoader
[DEBUG] 2018-10-15 16:13:24,898 org.nutz.resource.Scans.scan(Scans.java:274) - Found 1 resource by src( org/nutz/integration/jedis/jedis.js ) , regex( ^(.+[.])(js|json)$ )
[DEBUG] 2018-10-15 16:13:24,898 org.nutz.ioc.loader.json.JsonLoader.<init>(JsonLoader.java:49) - loading [org/nutz/integration/jedis/jedis.js]
[DEBUG] 2018-10-15 16:13:24,898 org.nutz.ioc.loader.json.JsonLoader.<init>(JsonLoader.java:57) - Loaded 9 bean define from path=[org/nutz/integration/jedis/jedis.js] --> [redisService, jedisCluster, jedisClusterNodes, jedisClusterWrapper, pubSubService, jedisPoolConfig, jedisPool, jedisAgent, redis]
[DEBUG] 2018-10-15 16:13:24,898 org.nutz.ioc.loader.json.JsonLoader.<init>(JsonLoader.java:40) - Loaded 5 bean define from reader --
[txREPEATABLE_READ, txSERIALIZABLE, txNONE, txREAD_UNCOMMITTED, txREAD_COMMITTED]
[DEBUG] 2018-10-15 16:13:24,899 org.nutz.ioc.loader.combo.ComboIocLoader.createIocLoader(ComboIocLoader.java:110) - found quartz -- org.nutz.integration.quartz.QuartzIocLoader
[DEBUG] 2018-10-15 16:13:24,900 org.nutz.ioc.loader.json.JsonLoader.<init>(JsonLoader.java:57) - Loaded 0 bean define from path=[] --> []
[DEBUG] 2018-10-15 16:13:24,900 org.nutz.ioc.aop.SimpleAopMaker.<init>(SimpleAopMaker.java:79) - Load AopConfigure for anno=org.nutz.aop.interceptor.async.Async by type=org.nutz.aop.interceptor.async.AsyncAopIocLoader
[DEBUG] 2018-10-15 16:13:24,901 org.nutz.ioc.loader.combo.ComboIocLoader.createIocLoader(ComboIocLoader.java:110) - found rabbitmq -- org.nutz.integration.rabbitmq.RabbitmqIocLoader
[DEBUG] 2018-10-15 16:13:24,902 org.nutz.resource.Scans.scan(Scans.java:274) - Found 1 resource by src( org/nutz/integration/rabbitmq/rabbitmq.js ) , regex( ^(.+[.])(js|json)$ )
[DEBUG] 2018-10-15 16:13:24,902 org.nutz.ioc.loader.json.JsonLoader.<init>(JsonLoader.java:49) - loading [org/nutz/integration/rabbitmq/rabbitmq.js]
[DEBUG] 2018-10-15 16:13:24,902 org.nutz.ioc.loader.json.JsonLoader.<init>(JsonLoader.java:57) - Loaded 2 bean define from path=[org/nutz/integration/rabbitmq/rabbitmq.js] --> [rabbitmq, rabbitmq_cf]
[INFO ] 2018-10-15 16:13:24,902 org.nutz.ioc.impl.NutIoc.<init>(NutIoc.java:98) - NutIoc init begin ...
[INFO ] 2018-10-15 16:13:24,902 org.nutz.ioc.impl.NutIoc.<init>(NutIoc.java:115) - ... NutIoc init complete
[DEBUG] 2018-10-15 16:13:24,902 org.nutz.ioc.impl.NutIoc.get(NutIoc.java:151) - Get 'conf'<class org.nutz.ioc.impl.PropertiesProxy>
[DEBUG] 2018-10-15 16:13:24,902 org.nutz.ioc.impl.NutIoc.get(NutIoc.java:151) - Get '$aop_1_plugin'<interface org.nutz.ioc.aop.config.AopConfigration>
[DEBUG] 2018-10-15 16:13:24,902 org.nutz.ioc.impl.NutIoc.get(NutIoc.java:177) - 	 >> Load definition name=$aop_1_plugin
[DEBUG] 2018-10-15 16:13:24,902 org.nutz.ioc.loader.combo.ComboIocLoader.load(ComboIocLoader.java:161) - Found IocObject($aop_1_plugin) in AnnotationIocLoader(packages=[cn.wizzer, org.nutz.apidoc])
[DEBUG] 2018-10-15 16:13:24,903 org.nutz.ioc.impl.NutIoc.get(NutIoc.java:209) - 	 >> Make...'$aop_1_plugin'<interface org.nutz.ioc.aop.config.AopConfigration>
[DEBUG] 2018-10-15 16:13:24,903 org.nutz.ioc.impl.ScopeContext.save(ScopeContext.java:64) - Save object '$aop_1_plugin' to [app] 
[DEBUG] 2018-10-15 16:13:24,903 org.nutz.ioc.impl.NutIoc.get(NutIoc.java:151) - Get 'dynamicInterceptor'<class cn.wizzer.app.web.commons.plugin.DynamicInterceptor>
[DEBUG] 2018-10-15 16:13:24,903 org.nutz.ioc.impl.NutIoc.get(NutIoc.java:177) - 	 >> Load definition name=dynamicInterceptor
[DEBUG] 2018-10-15 16:13:24,903 org.nutz.ioc.loader.combo.ComboIocLoader.load(ComboIocLoader.java:161) - Found IocObject(dynamicInterceptor) in AnnotationIocLoader(packages=[cn.wizzer, org.nutz.apidoc])
[DEBUG] 2018-10-15 16:13:24,903 org.nutz.ioc.impl.NutIoc.get(NutIoc.java:209) - 	 >> Make...'dynamicInterceptor'<class cn.wizzer.app.web.commons.plugin.DynamicInterceptor>
[DEBUG] 2018-10-15 16:13:24,903 org.nutz.ioc.impl.ScopeContext.save(ScopeContext.java:64) - Save object 'dynamicInterceptor' to [app] 
[DEBUG] 2018-10-15 16:13:24,903 org.nutz.ioc.impl.NutIoc.get(NutIoc.java:151) - Get '$aop_async'<interface org.nutz.ioc.aop.config.AopConfigration>
[DEBUG] 2018-10-15 16:13:24,903 org.nutz.ioc.impl.NutIoc.get(NutIoc.java:177) - 	 >> Load definition name=$aop_async
[DEBUG] 2018-10-15 16:13:24,903 org.nutz.ioc.loader.combo.ComboIocLoader.load(ComboIocLoader.java:161) - Found IocObject($aop_async) in AsyncAopIocLoader@1390913202
[DEBUG] 2018-10-15 16:13:24,903 org.nutz.ioc.impl.NutIoc.get(NutIoc.java:209) - 	 >> Make...'$aop_async'<interface org.nutz.ioc.aop.config.AopConfigration>
[DEBUG] 2018-10-15 16:13:24,903 org.nutz.ioc.impl.ScopeContext.save(ScopeContext.java:64) - Save object '$aop_async' to [app] 
[DEBUG] 2018-10-15 16:13:24,903 org.nutz.ioc.impl.NutIoc.get(NutIoc.java:151) - Get '$aop_syslog'<interface org.nutz.ioc.aop.config.AopConfigration>
[DEBUG] 2018-10-15 16:13:24,903 org.nutz.ioc.impl.NutIoc.get(NutIoc.java:177) - 	 >> Load definition name=$aop_syslog
[DEBUG] 2018-10-15 16:13:24,904 org.nutz.ioc.loader.combo.ComboIocLoader.load(ComboIocLoader.java:161) - Found IocObject($aop_syslog) in AnnotationIocLoader(packages=[cn.wizzer, org.nutz.apidoc])
[DEBUG] 2018-10-15 16:13:24,904 org.nutz.ioc.impl.NutIoc.get(NutIoc.java:209) - 	 >> Make...'$aop_syslog'<interface org.nutz.ioc.aop.config.AopConfigration>
[DEBUG] 2018-10-15 16:13:24,904 org.nutz.ioc.impl.ScopeContext.save(ScopeContext.java:64) - Save object '$aop_syslog' to [app] 
[DEBUG] 2018-10-15 16:13:24,904 org.nutz.ioc.aop.SimpleAopMaker.<init>(SimpleAopMaker.java:79) - Load AopConfigure for anno=cn.wizzer.app.web.commons.slog.annotation.SLog by type=cn.wizzer.app.web.commons.slog.SLogAopConfigration
[DEBUG] 2018-10-15 16:13:24,904 org.nutz.ioc.aop.SimpleAopMaker.<init>(SimpleAopMaker.java:79) - Load AopConfigure for anno=org.nutz.ioc.aop.Aop by type=org.nutz.ioc.aop.config.impl.AnnotationAopConfigration
[DEBUG] 2018-10-15 16:13:24,904 org.nutz.ioc.impl.NutIoc.get(NutIoc.java:177) - 	 >> Load definition name=conf
[DEBUG] 2018-10-15 16:13:24,904 org.nutz.ioc.loader.map.MapLoader.load(MapLoader.java:67) - Loading define for name=conf
[DEBUG] 2018-10-15 16:13:24,904 org.nutz.ioc.loader.combo.ComboIocLoader.load(ComboIocLoader.java:161) - Found IocObject(conf) in JsonLoader(paths=[config/ioc/])
[DEBUG] 2018-10-15 16:13:24,904 org.nutz.ioc.impl.NutIoc.get(NutIoc.java:209) - 	 >> Make...'conf'<class org.nutz.ioc.impl.PropertiesProxy>
[DEBUG] 2018-10-15 16:13:24,904 cn.wizzer.app.web.commons.plugin.PluginAopConfigure.getInterceptorPairList(PluginAopConfigure.java:33) - skip -- org.nutz.ioc.impl.PropertiesProxy
[DEBUG] 2018-10-15 16:13:24,904 org.nutz.ioc.aop.impl.DefaultMirrorFactory.getMirror(DefaultMirrorFactory.java:70) - Load class org.nutz.ioc.impl.PropertiesProxy without AOP
[DEBUG] 2018-10-15 16:13:24,904 org.nutz.ioc.impl.ScopeContext.save(ScopeContext.java:64) - Save object 'conf' to [app] 
[DEBUG] 2018-10-15 16:13:24,906 org.nutz.resource.Scans.scan(Scans.java:274) - Found 4 resource by src( config/custom/ ) , regex( ^.+[.]properties$ )
[DEBUG] 2018-10-15 16:13:24,906 org.nutz.ioc.impl.PropertiesProxy.setPaths(PropertiesProxy.java:113) - load properties from File[C:\Users\Administrator\IdeaProjects\XA-Instrument\wk-app\wk-web\target\classes\config\custom\db.properties]
[DEBUG] 2018-10-15 16:13:24,907 org.nutz.ioc.impl.PropertiesProxy.setPaths(PropertiesProxy.java:113) - load properties from File[C:\Users\Administrator\IdeaProjects\XA-Instrument\wk-app\wk-web\target\classes\config\custom\mail.properties]
[DEBUG] 2018-10-15 16:13:24,907 org.nutz.ioc.impl.PropertiesProxy.setPaths(PropertiesProxy.java:113) - load properties from File[C:\Users\Administrator\IdeaProjects\XA-Instrument\wk-app\wk-web\target\classes\config\custom\rabbit.properties]
[DEBUG] 2018-10-15 16:13:24,908 org.nutz.ioc.impl.PropertiesProxy.setPaths(PropertiesProxy.java:113) - load properties from File[C:\Users\Administrator\IdeaProjects\XA-Instrument\wk-app\wk-web\target\classes\config\custom\redis.properties]
[DEBUG] 2018-10-15 16:13:24,908 org.nutz.ioc.impl.NutIoc.get(NutIoc.java:151) - Get 'simpleTest'<class cn.wizzer.test.SimpleTest>
[DEBUG] 2018-10-15 16:13:24,908 org.nutz.ioc.impl.NutIoc.get(NutIoc.java:177) - 	 >> Load definition name=simpleTest
[DEBUG] 2018-10-15 16:13:24,908 org.nutz.ioc.loader.combo.ComboIocLoader.load(ComboIocLoader.java:161) - Found IocObject(simpleTest) in AnnotationIocLoader(packages=[cn.wizzer, org.nutz.apidoc])
[DEBUG] 2018-10-15 16:13:24,908 org.nutz.ioc.impl.NutIoc.get(NutIoc.java:209) - 	 >> Make...'simpleTest'<class cn.wizzer.test.SimpleTest>
[DEBUG] 2018-10-15 16:13:24,908 cn.wizzer.app.web.commons.plugin.PluginAopConfigure.getInterceptorPairList(PluginAopConfigure.java:33) - skip -- cn.wizzer.test.SimpleTest
[DEBUG] 2018-10-15 16:13:24,908 org.nutz.ioc.aop.impl.DefaultMirrorFactory.getMirror(DefaultMirrorFactory.java:70) - Load class cn.wizzer.test.SimpleTest without AOP
[DEBUG] 2018-10-15 16:13:24,908 org.nutz.ioc.impl.ScopeContext.save(ScopeContext.java:64) - Save object 'simpleTest' to [app] 
[DEBUG] 2018-10-15 16:13:24,909 org.nutz.ioc.impl.NutIoc.get(NutIoc.java:151) - Get 'dao'<interface org.nutz.dao.Dao>
[DEBUG] 2018-10-15 16:13:24,909 org.nutz.ioc.impl.NutIoc.get(NutIoc.java:177) - 	 >> Load definition name=dao
[DEBUG] 2018-10-15 16:13:24,909 org.nutz.ioc.loader.map.MapLoader.load(MapLoader.java:67) - Loading define for name=dao
[DEBUG] 2018-10-15 16:13:24,910 org.nutz.ioc.loader.combo.ComboIocLoader.load(ComboIocLoader.java:161) - Found IocObject(dao) in JsonLoader(paths=[config/ioc/])
[DEBUG] 2018-10-15 16:13:24,910 org.nutz.ioc.impl.NutIoc.get(NutIoc.java:209) - 	 >> Make...'dao'<interface org.nutz.dao.Dao>
[DEBUG] 2018-10-15 16:13:24,910 cn.wizzer.app.web.commons.plugin.PluginAopConfigure.getInterceptorPairList(PluginAopConfigure.java:33) - skip -- org.nutz.dao.impl.NutDao
[DEBUG] 2018-10-15 16:13:24,910 org.nutz.ioc.aop.impl.DefaultMirrorFactory.getMirror(DefaultMirrorFactory.java:70) - Load class org.nutz.dao.impl.NutDao without AOP
[DEBUG] 2018-10-15 16:13:24,910 org.nutz.ioc.impl.ScopeContext.save(ScopeContext.java:64) - Save object 'dao' to [app] 
[DEBUG] 2018-10-15 16:13:24,910 org.nutz.ioc.impl.NutIoc.get(NutIoc.java:151) - Get 'dataSource'<>
[DEBUG] 2018-10-15 16:13:24,910 org.nutz.ioc.impl.NutIoc.get(NutIoc.java:177) - 	 >> Load definition name=dataSource
[DEBUG] 2018-10-15 16:13:24,910 org.nutz.ioc.loader.map.MapLoader.load(MapLoader.java:67) - Loading define for name=dataSource
[DEBUG] 2018-10-15 16:13:24,910 org.nutz.ioc.loader.combo.ComboIocLoader.load(ComboIocLoader.java:161) - Found IocObject(dataSource) in JsonLoader(paths=[config/ioc/])
[DEBUG] 2018-10-15 16:13:24,910 org.nutz.ioc.impl.NutIoc.get(NutIoc.java:209) - 	 >> Make...'dataSource'<>
[DEBUG] 2018-10-15 16:13:24,910 cn.wizzer.app.web.commons.plugin.PluginAopConfigure.getInterceptorPairList(PluginAopConfigure.java:33) - skip -- com.alibaba.druid.pool.DruidDataSource
[DEBUG] 2018-10-15 16:13:24,910 org.nutz.ioc.aop.impl.DefaultMirrorFactory.getMirror(DefaultMirrorFactory.java:70) - Load class com.alibaba.druid.pool.DruidDataSource without AOP
[DEBUG] 2018-10-15 16:13:24,910 org.nutz.ioc.impl.ScopeContext.save(ScopeContext.java:64) - Save object 'dataSource' to [app] 
[DEBUG] 2018-10-15 16:13:24,910 org.nutz.ioc.impl.NutIoc.get(NutIoc.java:151) - Get 'conf'<>
[DEBUG] 2018-10-15 16:13:24,911 org.nutz.ioc.impl.ScopeContext.remove(ScopeContext.java:84) - Remove object 'dataSource' from [app] 
[DEBUG] 2018-10-15 16:13:24,911 org.nutz.ioc.impl.ScopeContext.remove(ScopeContext.java:84) - Remove object 'dao' from [app] 
[DEBUG] 2018-10-15 16:13:24,911 org.nutz.ioc.impl.ScopeContext.remove(ScopeContext.java:84) - Remove object 'simpleTest' from [app] 
]]></system-out>
  </testcase>
  <testcase name="testWx" classname="cn.wizzer.test.SimpleTest" time="0">
    <error message="IocBean[simpleTest] throw Exception when creating" type="org.nutz.ioc.IocException">org.nutz.ioc.IocException: IocBean[simpleTest] throw Exception when creating
Caused by: java.lang.RuntimeException: IocBean[simpleTest] fail at field=[dao]
Caused by: org.nutz.ioc.IocException: IocBean[dao -> dataSource] throw Exception when creating
Caused by: java.lang.IllegalArgumentException: Failed to decrypt.
Caused by: java.lang.IllegalArgumentException: String length must be a multiple of four.
</error>
    <system-out><![CDATA[[INFO ] 2018-10-15 16:13:24,912 org.nutz.ioc.impl.NutIoc.depose(NutIoc.java:255) - org.nutz.ioc.impl.NutIoc@698741991 is closing. startup date [18-10-15 16:13:24.902]
[DEBUG] 2018-10-15 16:13:24,912 org.nutz.ioc.impl.ScopeContext.clear(ScopeContext.java:108) - Depose object 'conf' ...
[DEBUG] 2018-10-15 16:13:24,912 org.nutz.ioc.impl.ScopeContext.clear(ScopeContext.java:108) - Depose object '$aop_syslog' ...
[DEBUG] 2018-10-15 16:13:24,912 org.nutz.ioc.impl.ScopeContext.clear(ScopeContext.java:108) - Depose object '$aop_async' ...
[DEBUG] 2018-10-15 16:13:24,912 org.nutz.ioc.impl.ScopeContext.clear(ScopeContext.java:108) - Depose object 'dynamicInterceptor' ...
[DEBUG] 2018-10-15 16:13:24,912 org.nutz.ioc.impl.ScopeContext.clear(ScopeContext.java:108) - Depose object '$aop_1_plugin' ...
[INFO ] 2018-10-15 16:13:24,912 org.nutz.ioc.impl.NutIoc.depose(NutIoc.java:262) - org.nutz.ioc.impl.NutIoc@698741991 is deposed. startup date [18-10-15 16:13:24.902]
[DEBUG] 2018-10-15 16:13:24,914 org.nutz.resource.Scans.scan(Scans.java:274) - Found 4 resource by src( config/ioc/ ) , regex( ^(.+[.])(js|json)$ )
[DEBUG] 2018-10-15 16:13:24,914 org.nutz.ioc.loader.json.JsonLoader.<init>(JsonLoader.java:49) - loading [dao.json]
[DEBUG] 2018-10-15 16:13:24,914 org.nutz.ioc.loader.json.JsonLoader.<init>(JsonLoader.java:49) - loading [ehcache.json]
[DEBUG] 2018-10-15 16:13:24,915 org.nutz.ioc.loader.json.JsonLoader.<init>(JsonLoader.java:49) - loading [mail.json]
[DEBUG] 2018-10-15 16:13:24,915 org.nutz.ioc.loader.json.JsonLoader.<init>(JsonLoader.java:49) - loading [upload.json]
[DEBUG] 2018-10-15 16:13:24,915 org.nutz.ioc.loader.json.JsonLoader.<init>(JsonLoader.java:57) - Loaded 15 bean define from path=[config/ioc/] --> [videoUpload, conf, uploadVideoContext, imageUpload, fileUpload, cacheManager, dao, cacheProvider, emailAuthenticator, uploadFileContext, htmlEmail, cacheExecutor, tmpFilePool, uploadImageContext, dataSource]
[DEBUG] 2018-10-15 16:13:25,049 org.nutz.resource.Scans.scan(Scans.java:274) - Found 452 resource by src( cn/wizzer/ ) , regex( ^.+[.]class$ )
[DEBUG] 2018-10-15 16:13:25,051 org.nutz.ioc.loader.annotation.AnnotationIocLoader.addClass(AnnotationIocLoader.java:76) - Found @IocBean : class cn.wizzer.framework.util.StringUtil
[DEBUG] 2018-10-15 16:13:25,051 org.nutz.ioc.loader.annotation.AnnotationIocLoader.addClass(AnnotationIocLoader.java:76) - Found @IocBean : class cn.wizzer.framework.util.CookieUtil
[DEBUG] 2018-10-15 16:13:25,051 org.nutz.ioc.loader.annotation.AnnotationIocLoader.addClass(AnnotationIocLoader.java:76) - Found @IocBean : class cn.wizzer.framework.ig.RedisIdGenerator
[DEBUG] 2018-10-15 16:13:25,051 org.nutz.ioc.loader.annotation.AnnotationIocLoader.addClass(AnnotationIocLoader.java:76) - Found @IocBean : class cn.wizzer.framework.util.DateUtil
[DEBUG] 2018-10-15 16:13:25,051 org.nutz.ioc.loader.annotation.AnnotationIocLoader.addClass(AnnotationIocLoader.java:76) - Found @IocBean : class cn.wizzer.framework.shiro.interceptor.NutShiroMethodInterceptor
[DEBUG] 2018-10-15 16:13:25,051 org.nutz.ioc.loader.annotation.AnnotationIocLoader.addClass(AnnotationIocLoader.java:76) - Found @IocBean : class cn.wizzer.framework.util.IdcardUtil
[DEBUG] 2018-10-15 16:13:25,051 org.nutz.ioc.loader.annotation.AnnotationIocLoader.addClass(AnnotationIocLoader.java:76) - Found @IocBean : class cn.wizzer.framework.rabbit.RabbitProducer
[DEBUG] 2018-10-15 16:13:25,051 org.nutz.ioc.loader.annotation.AnnotationIocLoader.addClass(AnnotationIocLoader.java:76) - Found @IocBean : class cn.wizzer.framework.util.RSAUtil
[DEBUG] 2018-10-15 16:13:25,052 org.nutz.ioc.loader.annotation.AnnotationIocLoader.addClass(AnnotationIocLoader.java:76) - Found @IocBean : class cn.wizzer.framework.util.ShiroUtil
[DEBUG] 2018-10-15 16:13:25,052 org.nutz.ioc.loader.annotation.AnnotationIocLoader.addClass(AnnotationIocLoader.java:76) - Found @IocBean : class cn.wizzer.framework.util.Code128Util
[DEBUG] 2018-10-15 16:13:25,052 org.nutz.ioc.loader.annotation.AnnotationIocLoader.addClass(AnnotationIocLoader.java:76) - Found @IocBean : class cn.wizzer.app.base.modules.services.impl.BaseAirmeterialServiceImpl
[DEBUG] 2018-10-15 16:13:25,052 org.nutz.ioc.loader.annotation.AnnotationIocLoader.addClass(AnnotationIocLoader.java:76) - Found @IocBean : class cn.wizzer.app.base.modules.services.impl.BaseAirportServiceImpl
[DEBUG] 2018-10-15 16:13:25,052 org.nutz.ioc.loader.annotation.AnnotationIocLoader.addClass(AnnotationIocLoader.java:76) - Found @IocBean : class cn.wizzer.app.base.modules.services.impl.BaseCnctobjServiceImpl
[DEBUG] 2018-10-15 16:13:25,052 org.nutz.ioc.loader.annotation.AnnotationIocLoader.addClass(AnnotationIocLoader.java:76) - Found @IocBean : class cn.wizzer.app.base.modules.services.impl.BaseCustomerServiceImpl
[DEBUG] 2018-10-15 16:13:25,052 org.nutz.ioc.loader.annotation.AnnotationIocLoader.addClass(AnnotationIocLoader.java:76) - Found @IocBean : class cn.wizzer.app.base.modules.services.impl.BaseDeptServiceImpl
[DEBUG] 2018-10-15 16:13:25,052 org.nutz.ioc.loader.annotation.AnnotationIocLoader.addClass(AnnotationIocLoader.java:76) - Found @IocBean : class cn.wizzer.app.base.modules.services.impl.BaseJobServiceImpl
[DEBUG] 2018-10-15 16:13:25,052 org.nutz.ioc.loader.annotation.AnnotationIocLoader.addClass(AnnotationIocLoader.java:76) - Found @IocBean : class cn.wizzer.app.base.modules.services.impl.BasePersonpoolServiceImpl
[DEBUG] 2018-10-15 16:13:25,052 org.nutz.ioc.loader.annotation.AnnotationIocLoader.addClass(AnnotationIocLoader.java:76) - Found @IocBean : class cn.wizzer.app.base.modules.services.impl.BasePersonServiceImpl
[DEBUG] 2018-10-15 16:13:25,052 org.nutz.ioc.loader.annotation.AnnotationIocLoader.addClass(AnnotationIocLoader.java:76) - Found @IocBean : class cn.wizzer.app.base.modules.services.impl.BasePlaceServiceImpl
[DEBUG] 2018-10-15 16:13:25,052 org.nutz.ioc.loader.annotation.AnnotationIocLoader.addClass(AnnotationIocLoader.java:76) - Found @IocBean : class cn.wizzer.app.base.modules.services.impl.BasePostServiceImpl
[DEBUG] 2018-10-15 16:13:25,052 org.nutz.ioc.loader.annotation.AnnotationIocLoader.addClass(AnnotationIocLoader.java:76) - Found @IocBean : class cn.wizzer.app.base.modules.services.impl.BaseRowofficeentryServiceImpl
[DEBUG] 2018-10-15 16:13:25,052 org.nutz.ioc.loader.annotation.AnnotationIocLoader.addClass(AnnotationIocLoader.java:76) - Found @IocBean : class cn.wizzer.app.base.modules.services.impl.BaseRowofficeServiceImpl
[DEBUG] 2018-10-15 16:13:25,052 org.nutz.ioc.loader.annotation.AnnotationIocLoader.addClass(AnnotationIocLoader.java:76) - Found @IocBean : class cn.wizzer.app.base.modules.services.impl.BaseVehicleServiceImpl
[DEBUG] 2018-10-15 16:13:25,052 org.nutz.ioc.loader.annotation.AnnotationIocLoader.addClass(AnnotationIocLoader.java:76) - Found @IocBean : class cn.wizzer.app.base.modules.services.impl.BaseWarehouseServiceImpl
[DEBUG] 2018-10-15 16:13:25,053 org.nutz.ioc.loader.annotation.AnnotationIocLoader.addClass(AnnotationIocLoader.java:76) - Found @IocBean : class cn.wizzer.app.cms.modules.services.impl.CmsArticleServiceImpl
[DEBUG] 2018-10-15 16:13:25,053 org.nutz.ioc.loader.annotation.AnnotationIocLoader.addClass(AnnotationIocLoader.java:76) - Found @IocBean : class cn.wizzer.app.cms.modules.services.impl.CmsChannelServiceImpl
[DEBUG] 2018-10-15 16:13:25,053 org.nutz.ioc.loader.annotation.AnnotationIocLoader.addClass(AnnotationIocLoader.java:76) - Found @IocBean : class cn.wizzer.app.cms.modules.services.impl.CmsLinkClassServiceImpl
[DEBUG] 2018-10-15 16:13:25,053 org.nutz.ioc.loader.annotation.AnnotationIocLoader.addClass(AnnotationIocLoader.java:76) - Found @IocBean : class cn.wizzer.app.cms.modules.services.impl.CmsLinkServiceImpl
[DEBUG] 2018-10-15 16:13:25,053 org.nutz.ioc.loader.annotation.AnnotationIocLoader.addClass(AnnotationIocLoader.java:76) - Found @IocBean : class cn.wizzer.app.cms.modules.services.impl.CmsSiteServiceImpl
[DEBUG] 2018-10-15 16:13:25,053 org.nutz.ioc.loader.annotation.AnnotationIocLoader.addClass(AnnotationIocLoader.java:76) - Found @IocBean : class cn.wizzer.app.ins.modules.services.impl.InsBaseinsServiceImpl
[DEBUG] 2018-10-15 16:13:25,053 org.nutz.ioc.loader.annotation.AnnotationIocLoader.addClass(AnnotationIocLoader.java:76) - Found @IocBean : class cn.wizzer.app.ins.modules.services.impl.InsBaseinsSpaceServiceImpl
[DEBUG] 2018-10-15 16:13:25,053 org.nutz.ioc.loader.annotation.AnnotationIocLoader.addClass(AnnotationIocLoader.java:76) - Found @IocBean : class cn.wizzer.app.ins.modules.services.impl.InsCabinetServiceImpl
[DEBUG] 2018-10-15 16:13:25,053 org.nutz.ioc.loader.annotation.AnnotationIocLoader.addClass(AnnotationIocLoader.java:76) - Found @IocBean : class cn.wizzer.app.ins.modules.services.impl.InsCommonServiceImpl
[DEBUG] 2018-10-15 16:13:25,053 org.nutz.ioc.loader.annotation.AnnotationIocLoader.addClass(AnnotationIocLoader.java:76) - Found @IocBean : class cn.wizzer.app.ins.modules.services.impl.InsInstrumentServiceImpl
[DEBUG] 2018-10-15 16:13:25,053 org.nutz.ioc.loader.annotation.AnnotationIocLoader.addClass(AnnotationIocLoader.java:76) - Found @IocBean : class cn.wizzer.app.ins.modules.services.impl.InsLockServiceImpl
[DEBUG] 2018-10-15 16:13:25,053 org.nutz.ioc.loader.annotation.AnnotationIocLoader.addClass(AnnotationIocLoader.java:76) - Found @IocBean : class cn.wizzer.app.ins.modules.services.impl.InsOrderentryServiceImpl
[DEBUG] 2018-10-15 16:13:25,053 org.nutz.ioc.loader.annotation.AnnotationIocLoader.addClass(AnnotationIocLoader.java:76) - Found @IocBean : class cn.wizzer.app.ins.modules.services.impl.InsOrderServiceImpl
[DEBUG] 2018-10-15 16:13:25,053 org.nutz.ioc.loader.annotation.AnnotationIocLoader.addClass(AnnotationIocLoader.java:76) - Found @IocBean : class cn.wizzer.app.ins.modules.services.impl.InsRepairServiceImpl
[DEBUG] 2018-10-15 16:13:25,053 org.nutz.ioc.loader.annotation.AnnotationIocLoader.addClass(AnnotationIocLoader.java:76) - Found @IocBean : class cn.wizzer.app.ins.modules.services.impl.InsRepairtrackServiceImpl
[DEBUG] 2018-10-15 16:13:25,054 org.nutz.ioc.loader.annotation.AnnotationIocLoader.addClass(AnnotationIocLoader.java:76) - Found @IocBean : class cn.wizzer.app.ins.modules.services.impl.InsRfheadServiceImpl
[DEBUG] 2018-10-15 16:13:25,054 org.nutz.ioc.loader.annotation.AnnotationIocLoader.addClass(AnnotationIocLoader.java:76) - Found @IocBean : class cn.wizzer.app.ins.modules.services.impl.InsRfidServiceImpl
[DEBUG] 2018-10-15 16:13:25,054 org.nutz.ioc.loader.annotation.AnnotationIocLoader.addClass(AnnotationIocLoader.java:76) - Found @IocBean : class cn.wizzer.app.ins.modules.services.impl.InsSpaceServiceImpl
[DEBUG] 2018-10-15 16:13:25,054 org.nutz.ioc.loader.annotation.AnnotationIocLoader.addClass(AnnotationIocLoader.java:76) - Found @IocBean : class cn.wizzer.app.ins.modules.services.impl.InsToolcabinetServiceImpl
[DEBUG] 2018-10-15 16:13:25,054 org.nutz.ioc.loader.annotation.AnnotationIocLoader.addClass(AnnotationIocLoader.java:76) - Found @IocBean : class cn.wizzer.app.ins.modules.services.impl.InsTransmitServiceImpl
[DEBUG] 2018-10-15 16:13:25,054 org.nutz.ioc.loader.annotation.AnnotationIocLoader.addClass(AnnotationIocLoader.java:76) - Found @IocBean : class cn.wizzer.app.logistics.modules.services.impl.LogisticsDeliveryorderentryServiceImpl
[DEBUG] 2018-10-15 16:13:25,054 org.nutz.ioc.loader.annotation.AnnotationIocLoader.addClass(AnnotationIocLoader.java:76) - Found @IocBean : class cn.wizzer.app.logistics.modules.services.impl.LogisticsDeliveryorderServiceImpl
[DEBUG] 2018-10-15 16:13:25,054 org.nutz.ioc.loader.annotation.AnnotationIocLoader.addClass(AnnotationIocLoader.java:76) - Found @IocBean : class cn.wizzer.app.logistics.modules.services.impl.LogisticsEntourageServiceImpl
[DEBUG] 2018-10-15 16:13:25,054 org.nutz.ioc.loader.annotation.AnnotationIocLoader.addClass(AnnotationIocLoader.java:76) - Found @IocBean : class cn.wizzer.app.logistics.modules.services.impl.LogisticsOrderdeliveryServiceImpl
[DEBUG] 2018-10-15 16:13:25,054 org.nutz.ioc.loader.annotation.AnnotationIocLoader.addClass(AnnotationIocLoader.java:76) - Found @IocBean : class cn.wizzer.app.logistics.modules.services.impl.LogisticsOrderentryServiceImpl
[DEBUG] 2018-10-15 16:13:25,054 org.nutz.ioc.loader.annotation.AnnotationIocLoader.addClass(AnnotationIocLoader.java:76) - Found @IocBean : class cn.wizzer.app.logistics.modules.services.impl.LogisticsOrderplanentryServiceImpl
[DEBUG] 2018-10-15 16:13:25,054 org.nutz.ioc.loader.annotation.AnnotationIocLoader.addClass(AnnotationIocLoader.java:76) - Found @IocBean : class cn.wizzer.app.logistics.modules.services.impl.LogisticsOrderplanServiceImpl
[DEBUG] 2018-10-15 16:13:25,054 org.nutz.ioc.loader.annotation.AnnotationIocLoader.addClass(AnnotationIocLoader.java:76) - Found @IocBean : class cn.wizzer.app.logistics.modules.services.impl.LogisticsOrderrejectServiceImpl
[DEBUG] 2018-10-15 16:13:25,055 org.nutz.ioc.loader.annotation.AnnotationIocLoader.addClass(AnnotationIocLoader.java:76) - Found @IocBean : class cn.wizzer.app.logistics.modules.services.impl.LogisticsOrderServiceImpl
[DEBUG] 2018-10-15 16:13:25,055 org.nutz.ioc.loader.annotation.AnnotationIocLoader.addClass(AnnotationIocLoader.java:76) - Found @IocBean : class cn.wizzer.app.logistics.modules.services.impl.LogisticsOrderstepServiceImpl
[DEBUG] 2018-10-15 16:13:25,055 org.nutz.ioc.loader.annotation.AnnotationIocLoader.addClass(AnnotationIocLoader.java:76) - Found @IocBean : class cn.wizzer.app.logistics.modules.services.impl.LogisticsSendapprovalServiceImpl
[DEBUG] 2018-10-15 16:13:25,055 org.nutz.ioc.loader.annotation.AnnotationIocLoader.addClass(AnnotationIocLoader.java:76) - Found @IocBean : class cn.wizzer.app.logistics.modules.services.impl.LogisticsSendgoodsServiceImpl
[DEBUG] 2018-10-15 16:13:25,055 org.nutz.ioc.loader.annotation.AnnotationIocLoader.addClass(AnnotationIocLoader.java:76) - Found @IocBean : class cn.wizzer.app.logistics.modules.services.impl.LogisticsSendplanServiceImpl
[DEBUG] 2018-10-15 16:13:25,055 org.nutz.ioc.loader.annotation.AnnotationIocLoader.addClass(AnnotationIocLoader.java:76) - Found @IocBean : class cn.wizzer.app.logistics.modules.services.impl.LogisticsSendtraceServiceImpl
[DEBUG] 2018-10-15 16:13:25,055 org.nutz.ioc.loader.annotation.AnnotationIocLoader.addClass(AnnotationIocLoader.java:76) - Found @IocBean : class cn.wizzer.app.logistics.modules.services.impl.LogisticsUnplanServiceImpl
[DEBUG] 2018-10-15 16:13:25,055 org.nutz.ioc.loader.annotation.AnnotationIocLoader.addClass(AnnotationIocLoader.java:76) - Found @IocBean : class cn.wizzer.app.sys.modules.services.impl.SysApiServiceImpl
[DEBUG] 2018-10-15 16:13:25,055 org.nutz.ioc.loader.annotation.AnnotationIocLoader.addClass(AnnotationIocLoader.java:76) - Found @IocBean : class cn.wizzer.app.sys.modules.services.impl.SysBarcodeServiceImpl
[DEBUG] 2018-10-15 16:13:25,055 org.nutz.ioc.loader.annotation.AnnotationIocLoader.addClass(AnnotationIocLoader.java:76) - Found @IocBean : class cn.wizzer.app.sys.modules.services.impl.SysConfigServiceImpl
[DEBUG] 2018-10-15 16:13:25,055 org.nutz.ioc.loader.annotation.AnnotationIocLoader.addClass(AnnotationIocLoader.java:76) - Found @IocBean : class cn.wizzer.app.sys.modules.services.impl.SysDictServiceImpl
[DEBUG] 2018-10-15 16:13:25,055 org.nutz.ioc.loader.annotation.AnnotationIocLoader.addClass(AnnotationIocLoader.java:76) - Found @IocBean : class cn.wizzer.app.sys.modules.services.impl.SysLogServiceImpl
[DEBUG] 2018-10-15 16:13:25,055 org.nutz.ioc.loader.annotation.AnnotationIocLoader.addClass(AnnotationIocLoader.java:76) - Found @IocBean : class cn.wizzer.app.sys.modules.services.impl.SysMenuServiceImpl
[DEBUG] 2018-10-15 16:13:25,055 org.nutz.ioc.loader.annotation.AnnotationIocLoader.addClass(AnnotationIocLoader.java:76) - Found @IocBean : class cn.wizzer.app.sys.modules.services.impl.SysMobileServiceImpl
[DEBUG] 2018-10-15 16:13:25,056 org.nutz.ioc.loader.annotation.AnnotationIocLoader.addClass(AnnotationIocLoader.java:76) - Found @IocBean : class cn.wizzer.app.sys.modules.services.impl.SysPluginServiceImpl
[DEBUG] 2018-10-15 16:13:25,056 org.nutz.ioc.loader.annotation.AnnotationIocLoader.addClass(AnnotationIocLoader.java:76) - Found @IocBean : class cn.wizzer.app.sys.modules.services.impl.SysRegistauditServiceImpl
[DEBUG] 2018-10-15 16:13:25,056 org.nutz.ioc.loader.annotation.AnnotationIocLoader.addClass(AnnotationIocLoader.java:76) - Found @IocBean : class cn.wizzer.app.sys.modules.services.impl.SysRoleServiceImpl
[DEBUG] 2018-10-15 16:13:25,056 org.nutz.ioc.loader.annotation.AnnotationIocLoader.addClass(AnnotationIocLoader.java:76) - Found @IocBean : class cn.wizzer.app.sys.modules.services.impl.SysRouteServiceImpl
[DEBUG] 2018-10-15 16:13:25,056 org.nutz.ioc.loader.annotation.AnnotationIocLoader.addClass(AnnotationIocLoader.java:76) - Found @IocBean : class cn.wizzer.app.sys.modules.services.impl.SysTaskServiceImpl
[DEBUG] 2018-10-15 16:13:25,056 org.nutz.ioc.loader.annotation.AnnotationIocLoader.addClass(AnnotationIocLoader.java:76) - Found @IocBean : class cn.wizzer.app.sys.modules.services.impl.SysTempuserServiceImpl
[DEBUG] 2018-10-15 16:13:25,056 org.nutz.ioc.loader.annotation.AnnotationIocLoader.addClass(AnnotationIocLoader.java:76) - Found @IocBean : class cn.wizzer.app.sys.modules.services.impl.SysUnitServiceImpl
[DEBUG] 2018-10-15 16:13:25,056 org.nutz.ioc.loader.annotation.AnnotationIocLoader.addClass(AnnotationIocLoader.java:76) - Found @IocBean : class cn.wizzer.app.sys.modules.services.impl.SysUserServiceImpl
[DEBUG] 2018-10-15 16:13:25,056 org.nutz.ioc.loader.annotation.AnnotationIocLoader.addClass(AnnotationIocLoader.java:76) - Found @IocBean : class cn.wizzer.app.sys.modules.services.impl.SysVersionServiceImpl
[DEBUG] 2018-10-15 16:13:25,056 org.nutz.ioc.loader.annotation.AnnotationIocLoader.addClass(AnnotationIocLoader.java:76) - Found @IocBean : class cn.wizzer.app.sys.modules.services.impl.SysWxDeptServiceImpl
[DEBUG] 2018-10-15 16:13:25,056 org.nutz.ioc.loader.annotation.AnnotationIocLoader.addClass(AnnotationIocLoader.java:76) - Found @IocBean : class cn.wizzer.app.sys.modules.services.impl.SysWxServiceImpl
[DEBUG] 2018-10-15 16:13:25,056 org.nutz.ioc.loader.annotation.AnnotationIocLoader.addClass(AnnotationIocLoader.java:76) - Found @IocBean : class cn.wizzer.app.sys.modules.services.impl.SysWxUserServiceImpl
[DEBUG] 2018-10-15 16:13:25,056 org.nutz.ioc.loader.annotation.AnnotationIocLoader.addClass(AnnotationIocLoader.java:76) - Found @IocBean : class cn.wizzer.app.web.commons.plugin.DynamicInterceptor
[DEBUG] 2018-10-15 16:13:25,056 org.nutz.ioc.loader.annotation.AnnotationIocLoader.addClass(AnnotationIocLoader.java:76) - Found @IocBean : class cn.wizzer.app.web.commons.plugin.PluginAopConfigure
[DEBUG] 2018-10-15 16:13:25,056 org.nutz.ioc.loader.annotation.AnnotationIocLoader.addClass(AnnotationIocLoader.java:76) - Found @IocBean : class cn.wizzer.app.web.commons.plugin.PluginMaster
[DEBUG] 2018-10-15 16:13:25,056 org.nutz.ioc.loader.annotation.AnnotationIocLoader.addClass(AnnotationIocLoader.java:76) - Found @IocBean : class cn.wizzer.app.web.commons.quartz.job.orderExecute
[DEBUG] 2018-10-15 16:13:25,057 org.nutz.ioc.loader.annotation.AnnotationIocLoader.addClass(AnnotationIocLoader.java:76) - Found @IocBean : class cn.wizzer.app.web.commons.quartz.job.TestJob
[DEBUG] 2018-10-15 16:13:25,057 org.nutz.ioc.loader.annotation.AnnotationIocLoader.addClass(AnnotationIocLoader.java:76) - Found @IocBean : class cn.wizzer.app.web.commons.services.email.EmailService
[DEBUG] 2018-10-15 16:13:25,057 org.nutz.ioc.loader.annotation.AnnotationIocLoader.addClass(AnnotationIocLoader.java:76) - Found @IocBean : class cn.wizzer.app.web.commons.services.qrcode.QrcodeService
[DEBUG] 2018-10-15 16:13:25,057 org.nutz.ioc.loader.annotation.AnnotationIocLoader.addClass(AnnotationIocLoader.java:76) - Found @IocBean : class cn.wizzer.app.web.commons.services.wx.TplService
[DEBUG] 2018-10-15 16:13:25,057 org.nutz.ioc.loader.annotation.AnnotationIocLoader.addClass(AnnotationIocLoader.java:76) - Found @IocBean : class cn.wizzer.app.web.commons.services.wx.WxHandler
[DEBUG] 2018-10-15 16:13:25,057 org.nutz.ioc.loader.annotation.AnnotationIocLoader.addClass(AnnotationIocLoader.java:76) - Found @IocBean : class cn.wizzer.app.web.commons.shiro.realm.PlatformAuthorizingRealm
[DEBUG] 2018-10-15 16:13:25,057 org.nutz.ioc.loader.annotation.AnnotationIocLoader.addClass(AnnotationIocLoader.java:76) - Found @IocBean : class cn.wizzer.app.web.commons.slog.SLogAopConfigration
[DEBUG] 2018-10-15 16:13:25,057 org.nutz.ioc.loader.annotation.AnnotationIocLoader.addClass(AnnotationIocLoader.java:76) - Found @IocBean : class cn.wizzer.app.web.commons.slog.SLogService
[DEBUG] 2018-10-15 16:13:25,057 org.nutz.ioc.loader.annotation.AnnotationIocLoader.addClass(AnnotationIocLoader.java:76) - Found @IocBean : class cn.wizzer.app.web.modules.controllers.front.wx.CmsController
[DEBUG] 2018-10-15 16:13:25,057 org.nutz.ioc.loader.annotation.AnnotationIocLoader.addClass(AnnotationIocLoader.java:76) - Found @IocBean : class cn.wizzer.app.web.modules.controllers.front.wx.WechatController
[DEBUG] 2018-10-15 16:13:25,057 org.nutz.ioc.loader.annotation.AnnotationIocLoader.addClass(AnnotationIocLoader.java:76) - Found @IocBean : class cn.wizzer.app.web.modules.controllers.open.api.mobile.MobileBaseController
[DEBUG] 2018-10-15 16:13:25,057 org.nutz.ioc.loader.annotation.AnnotationIocLoader.addClass(AnnotationIocLoader.java:76) - Found @IocBean : class cn.wizzer.app.web.modules.controllers.open.api.mobile.MobileInsController
[DEBUG] 2018-10-15 16:13:25,057 org.nutz.ioc.loader.annotation.AnnotationIocLoader.addClass(AnnotationIocLoader.java:76) - Found @IocBean : class cn.wizzer.app.web.modules.controllers.open.api.mobile.MobileOrderController
[DEBUG] 2018-10-15 16:13:25,057 org.nutz.ioc.loader.annotation.AnnotationIocLoader.addClass(AnnotationIocLoader.java:76) - Found @IocBean : class cn.wizzer.app.web.modules.controllers.open.api.mobile.MobileSysController
[DEBUG] 2018-10-15 16:13:25,057 org.nutz.ioc.loader.annotation.AnnotationIocLoader.addClass(AnnotationIocLoader.java:76) - Found @IocBean : class cn.wizzer.app.web.modules.controllers.open.api.pad.PadInsController
[DEBUG] 2018-10-15 16:13:25,057 org.nutz.ioc.loader.annotation.AnnotationIocLoader.addClass(AnnotationIocLoader.java:76) - Found @IocBean : class cn.wizzer.app.web.modules.controllers.open.api.pad.PadOrderController
[DEBUG] 2018-10-15 16:13:25,057 org.nutz.ioc.loader.annotation.AnnotationIocLoader.addClass(AnnotationIocLoader.java:76) - Found @IocBean : class cn.wizzer.app.web.modules.controllers.open.api.pad.PadSysController
[DEBUG] 2018-10-15 16:13:25,058 org.nutz.ioc.loader.annotation.AnnotationIocLoader.addClass(AnnotationIocLoader.java:76) - Found @IocBean : class cn.wizzer.app.web.modules.controllers.open.api.test.ApiTestController
[DEBUG] 2018-10-15 16:13:25,058 org.nutz.ioc.loader.annotation.AnnotationIocLoader.addClass(AnnotationIocLoader.java:76) - Found @IocBean : class cn.wizzer.app.web.modules.controllers.open.api.token.TokenController
[DEBUG] 2018-10-15 16:13:25,058 org.nutz.ioc.loader.annotation.AnnotationIocLoader.addClass(AnnotationIocLoader.java:76) - Found @IocBean : class cn.wizzer.app.web.modules.controllers.open.api.userpermission.UserpermissionController
[DEBUG] 2018-10-15 16:13:25,058 org.nutz.ioc.loader.annotation.AnnotationIocLoader.addClass(AnnotationIocLoader.java:76) - Found @IocBean : class cn.wizzer.app.web.modules.controllers.open.file.UploadController
[DEBUG] 2018-10-15 16:13:25,058 org.nutz.ioc.loader.annotation.AnnotationIocLoader.addClass(AnnotationIocLoader.java:76) - Found @IocBean : class cn.wizzer.app.web.modules.controllers.open.pay.WxPayBackController
[DEBUG] 2018-10-15 16:13:25,058 org.nutz.ioc.loader.annotation.AnnotationIocLoader.addClass(AnnotationIocLoader.java:76) - Found @IocBean : class cn.wizzer.app.web.modules.controllers.open.ueditor.BdController
[DEBUG] 2018-10-15 16:13:25,058 org.nutz.ioc.loader.annotation.AnnotationIocLoader.addClass(AnnotationIocLoader.java:76) - Found @IocBean : class cn.wizzer.app.web.modules.controllers.open.ueditor.WxController
[DEBUG] 2018-10-15 16:13:25,058 org.nutz.ioc.loader.annotation.AnnotationIocLoader.addClass(AnnotationIocLoader.java:76) - Found @IocBean : class cn.wizzer.app.web.modules.controllers.open.wx.WeixinController
[DEBUG] 2018-10-15 16:13:25,058 org.nutz.ioc.loader.annotation.AnnotationIocLoader.addClass(AnnotationIocLoader.java:76) - Found @IocBean : class cn.wizzer.app.web.modules.controllers.platform.base.BaseAirmeterialController
[DEBUG] 2018-10-15 16:13:25,058 org.nutz.ioc.loader.annotation.AnnotationIocLoader.addClass(AnnotationIocLoader.java:76) - Found @IocBean : class cn.wizzer.app.web.modules.controllers.platform.base.BaseAirportController
[DEBUG] 2018-10-15 16:13:25,058 org.nutz.ioc.loader.annotation.AnnotationIocLoader.addClass(AnnotationIocLoader.java:76) - Found @IocBean : class cn.wizzer.app.web.modules.controllers.platform.base.BaseCnctobjController
[DEBUG] 2018-10-15 16:13:25,058 org.nutz.ioc.loader.annotation.AnnotationIocLoader.addClass(AnnotationIocLoader.java:76) - Found @IocBean : class cn.wizzer.app.web.modules.controllers.platform.base.BaseCustomerController
[DEBUG] 2018-10-15 16:13:25,058 org.nutz.ioc.loader.annotation.AnnotationIocLoader.addClass(AnnotationIocLoader.java:76) - Found @IocBean : class cn.wizzer.app.web.modules.controllers.platform.base.BaseDeptController
[DEBUG] 2018-10-15 16:13:25,058 org.nutz.ioc.loader.annotation.AnnotationIocLoader.addClass(AnnotationIocLoader.java:76) - Found @IocBean : class cn.wizzer.app.web.modules.controllers.platform.base.BaseJobController
[DEBUG] 2018-10-15 16:13:25,058 org.nutz.ioc.loader.annotation.AnnotationIocLoader.addClass(AnnotationIocLoader.java:76) - Found @IocBean : class cn.wizzer.app.web.modules.controllers.platform.base.BasePersonController
[DEBUG] 2018-10-15 16:13:25,058 org.nutz.ioc.loader.annotation.AnnotationIocLoader.addClass(AnnotationIocLoader.java:76) - Found @IocBean : class cn.wizzer.app.web.modules.controllers.platform.base.BasePersonpoolController
[DEBUG] 2018-10-15 16:13:25,058 org.nutz.ioc.loader.annotation.AnnotationIocLoader.addClass(AnnotationIocLoader.java:76) - Found @IocBean : class cn.wizzer.app.web.modules.controllers.platform.base.BasePlaceController
[DEBUG] 2018-10-15 16:13:25,058 org.nutz.ioc.loader.annotation.AnnotationIocLoader.addClass(AnnotationIocLoader.java:76) - Found @IocBean : class cn.wizzer.app.web.modules.controllers.platform.base.BasePostController
[DEBUG] 2018-10-15 16:13:25,059 org.nutz.ioc.loader.annotation.AnnotationIocLoader.addClass(AnnotationIocLoader.java:76) - Found @IocBean : class cn.wizzer.app.web.modules.controllers.platform.base.BaseRowofficeController
[DEBUG] 2018-10-15 16:13:25,059 org.nutz.ioc.loader.annotation.AnnotationIocLoader.addClass(AnnotationIocLoader.java:76) - Found @IocBean : class cn.wizzer.app.web.modules.controllers.platform.base.BaseRowofficeentryController
[DEBUG] 2018-10-15 16:13:25,059 org.nutz.ioc.loader.annotation.AnnotationIocLoader.addClass(AnnotationIocLoader.java:76) - Found @IocBean : class cn.wizzer.app.web.modules.controllers.platform.base.BaseVehicleController
[DEBUG] 2018-10-15 16:13:25,059 org.nutz.ioc.loader.annotation.AnnotationIocLoader.addClass(AnnotationIocLoader.java:76) - Found @IocBean : class cn.wizzer.app.web.modules.controllers.platform.base.BaseWarehouseController
[DEBUG] 2018-10-15 16:13:25,059 org.nutz.ioc.loader.annotation.AnnotationIocLoader.addClass(AnnotationIocLoader.java:76) - Found @IocBean : class cn.wizzer.app.web.modules.controllers.platform.cms.CmsArticleController
[DEBUG] 2018-10-15 16:13:25,059 org.nutz.ioc.loader.annotation.AnnotationIocLoader.addClass(AnnotationIocLoader.java:76) - Found @IocBean : class cn.wizzer.app.web.modules.controllers.platform.cms.CmsChannelController
[DEBUG] 2018-10-15 16:13:25,059 org.nutz.ioc.loader.annotation.AnnotationIocLoader.addClass(AnnotationIocLoader.java:76) - Found @IocBean : class cn.wizzer.app.web.modules.controllers.platform.cms.CmsLinkClassController
[DEBUG] 2018-10-15 16:13:25,059 org.nutz.ioc.loader.annotation.AnnotationIocLoader.addClass(AnnotationIocLoader.java:76) - Found @IocBean : class cn.wizzer.app.web.modules.controllers.platform.cms.CmsLinkController
[DEBUG] 2018-10-15 16:13:25,059 org.nutz.ioc.loader.annotation.AnnotationIocLoader.addClass(AnnotationIocLoader.java:76) - Found @IocBean : class cn.wizzer.app.web.modules.controllers.platform.cms.CmsSiteController
[DEBUG] 2018-10-15 16:13:25,059 org.nutz.ioc.loader.annotation.AnnotationIocLoader.addClass(AnnotationIocLoader.java:76) - Found @IocBean : class cn.wizzer.app.web.modules.controllers.platform.ins.InsBaseinsController
[DEBUG] 2018-10-15 16:13:25,059 org.nutz.ioc.loader.annotation.AnnotationIocLoader.addClass(AnnotationIocLoader.java:76) - Found @IocBean : class cn.wizzer.app.web.modules.controllers.platform.ins.InsBaseinsSpaceController
[DEBUG] 2018-10-15 16:13:25,059 org.nutz.ioc.loader.annotation.AnnotationIocLoader.addClass(AnnotationIocLoader.java:76) - Found @IocBean : class cn.wizzer.app.web.modules.controllers.platform.ins.InsCabinetController
[DEBUG] 2018-10-15 16:13:25,059 org.nutz.ioc.loader.annotation.AnnotationIocLoader.addClass(AnnotationIocLoader.java:76) - Found @IocBean : class cn.wizzer.app.web.modules.controllers.platform.ins.InsCommonController
[DEBUG] 2018-10-15 16:13:25,059 org.nutz.ioc.loader.annotation.AnnotationIocLoader.addClass(AnnotationIocLoader.java:76) - Found @IocBean : class cn.wizzer.app.web.modules.controllers.platform.ins.InsInstrumentController
[DEBUG] 2018-10-15 16:13:25,059 org.nutz.ioc.loader.annotation.AnnotationIocLoader.addClass(AnnotationIocLoader.java:76) - Found @IocBean : class cn.wizzer.app.web.modules.controllers.platform.ins.InsLockController
[DEBUG] 2018-10-15 16:13:25,059 org.nutz.ioc.loader.annotation.AnnotationIocLoader.addClass(AnnotationIocLoader.java:76) - Found @IocBean : class cn.wizzer.app.web.modules.controllers.platform.ins.InsOrderController
[DEBUG] 2018-10-15 16:13:25,059 org.nutz.ioc.loader.annotation.AnnotationIocLoader.addClass(AnnotationIocLoader.java:76) - Found @IocBean : class cn.wizzer.app.web.modules.controllers.platform.ins.InsOrderentryController
[DEBUG] 2018-10-15 16:13:25,060 org.nutz.ioc.loader.annotation.AnnotationIocLoader.addClass(AnnotationIocLoader.java:76) - Found @IocBean : class cn.wizzer.app.web.modules.controllers.platform.ins.InsRepairController
[DEBUG] 2018-10-15 16:13:25,060 org.nutz.ioc.loader.annotation.AnnotationIocLoader.addClass(AnnotationIocLoader.java:76) - Found @IocBean : class cn.wizzer.app.web.modules.controllers.platform.ins.InsRepairtrackController
[DEBUG] 2018-10-15 16:13:25,060 org.nutz.ioc.loader.annotation.AnnotationIocLoader.addClass(AnnotationIocLoader.java:76) - Found @IocBean : class cn.wizzer.app.web.modules.controllers.platform.ins.InsRfheadController
[DEBUG] 2018-10-15 16:13:25,060 org.nutz.ioc.loader.annotation.AnnotationIocLoader.addClass(AnnotationIocLoader.java:76) - Found @IocBean : class cn.wizzer.app.web.modules.controllers.platform.ins.InsRfidController
[DEBUG] 2018-10-15 16:13:25,060 org.nutz.ioc.loader.annotation.AnnotationIocLoader.addClass(AnnotationIocLoader.java:76) - Found @IocBean : class cn.wizzer.app.web.modules.controllers.platform.ins.InsSpaceController
[DEBUG] 2018-10-15 16:13:25,060 org.nutz.ioc.loader.annotation.AnnotationIocLoader.addClass(AnnotationIocLoader.java:76) - Found @IocBean : class cn.wizzer.app.web.modules.controllers.platform.ins.InsToolcabinetController
[DEBUG] 2018-10-15 16:13:25,060 org.nutz.ioc.loader.annotation.AnnotationIocLoader.addClass(AnnotationIocLoader.java:76) - Found @IocBean : class cn.wizzer.app.web.modules.controllers.platform.ins.InsTransmitController
[DEBUG] 2018-10-15 16:13:25,060 org.nutz.ioc.loader.annotation.AnnotationIocLoader.addClass(AnnotationIocLoader.java:76) - Found @IocBean : class cn.wizzer.app.web.modules.controllers.platform.logistics.LogisticsDeliveryorderController
[DEBUG] 2018-10-15 16:13:25,060 org.nutz.ioc.loader.annotation.AnnotationIocLoader.addClass(AnnotationIocLoader.java:76) - Found @IocBean : class cn.wizzer.app.web.modules.controllers.platform.logistics.LogisticsDeliveryorderentryController
[DEBUG] 2018-10-15 16:13:25,060 org.nutz.ioc.loader.annotation.AnnotationIocLoader.addClass(AnnotationIocLoader.java:76) - Found @IocBean : class cn.wizzer.app.web.modules.controllers.platform.logistics.LogisticsEntourageController
[DEBUG] 2018-10-15 16:13:25,060 org.nutz.ioc.loader.annotation.AnnotationIocLoader.addClass(AnnotationIocLoader.java:76) - Found @IocBean : class cn.wizzer.app.web.modules.controllers.platform.logistics.LogisticsOrderController
[DEBUG] 2018-10-15 16:13:25,060 org.nutz.ioc.loader.annotation.AnnotationIocLoader.addClass(AnnotationIocLoader.java:76) - Found @IocBean : class cn.wizzer.app.web.modules.controllers.platform.logistics.LogisticsOrderdeliveryController
[DEBUG] 2018-10-15 16:13:25,060 org.nutz.ioc.loader.annotation.AnnotationIocLoader.addClass(AnnotationIocLoader.java:76) - Found @IocBean : class cn.wizzer.app.web.modules.controllers.platform.logistics.LogisticsOrderentryController
[DEBUG] 2018-10-15 16:13:25,060 org.nutz.ioc.loader.annotation.AnnotationIocLoader.addClass(AnnotationIocLoader.java:76) - Found @IocBean : class cn.wizzer.app.web.modules.controllers.platform.logistics.LogisticsOrderplanController
[DEBUG] 2018-10-15 16:13:25,061 org.nutz.ioc.loader.annotation.AnnotationIocLoader.addClass(AnnotationIocLoader.java:76) - Found @IocBean : class cn.wizzer.app.web.modules.controllers.platform.logistics.LogisticsOrderplanentryController
[DEBUG] 2018-10-15 16:13:25,061 org.nutz.ioc.loader.annotation.AnnotationIocLoader.addClass(AnnotationIocLoader.java:76) - Found @IocBean : class cn.wizzer.app.web.modules.controllers.platform.logistics.LogisticsOrderrejectController
[DEBUG] 2018-10-15 16:13:25,061 org.nutz.ioc.loader.annotation.AnnotationIocLoader.addClass(AnnotationIocLoader.java:76) - Found @IocBean : class cn.wizzer.app.web.modules.controllers.platform.logistics.LogisticsOrderstepController
[DEBUG] 2018-10-15 16:13:25,061 org.nutz.ioc.loader.annotation.AnnotationIocLoader.addClass(AnnotationIocLoader.java:76) - Found @IocBean : class cn.wizzer.app.web.modules.controllers.platform.logistics.LogisticsSendapprovalController
[DEBUG] 2018-10-15 16:13:25,061 org.nutz.ioc.loader.annotation.AnnotationIocLoader.addClass(AnnotationIocLoader.java:76) - Found @IocBean : class cn.wizzer.app.web.modules.controllers.platform.logistics.LogisticsSendgoodsController
[DEBUG] 2018-10-15 16:13:25,061 org.nutz.ioc.loader.annotation.AnnotationIocLoader.addClass(AnnotationIocLoader.java:76) - Found @IocBean : class cn.wizzer.app.web.modules.controllers.platform.logistics.LogisticsSendplanController
[DEBUG] 2018-10-15 16:13:25,061 org.nutz.ioc.loader.annotation.AnnotationIocLoader.addClass(AnnotationIocLoader.java:76) - Found @IocBean : class cn.wizzer.app.web.modules.controllers.platform.logistics.LogisticsSendtraceController
[DEBUG] 2018-10-15 16:13:25,061 org.nutz.ioc.loader.annotation.AnnotationIocLoader.addClass(AnnotationIocLoader.java:76) - Found @IocBean : class cn.wizzer.app.web.modules.controllers.platform.logistics.LogisticsUnplanController
[DEBUG] 2018-10-15 16:13:25,061 org.nutz.ioc.loader.annotation.AnnotationIocLoader.addClass(AnnotationIocLoader.java:76) - Found @IocBean : class cn.wizzer.app.web.modules.controllers.platform.sys.SysApiController
[DEBUG] 2018-10-15 16:13:25,061 org.nutz.ioc.loader.annotation.AnnotationIocLoader.addClass(AnnotationIocLoader.java:76) - Found @IocBean : class cn.wizzer.app.web.modules.controllers.platform.sys.SysBarcodeController
[DEBUG] 2018-10-15 16:13:25,061 org.nutz.ioc.loader.annotation.AnnotationIocLoader.addClass(AnnotationIocLoader.java:76) - Found @IocBean : class cn.wizzer.app.web.modules.controllers.platform.sys.SysConfController
[DEBUG] 2018-10-15 16:13:25,061 org.nutz.ioc.loader.annotation.AnnotationIocLoader.addClass(AnnotationIocLoader.java:76) - Found @IocBean : class cn.wizzer.app.web.modules.controllers.platform.sys.SysDictController
[DEBUG] 2018-10-15 16:13:25,061 org.nutz.ioc.loader.annotation.AnnotationIocLoader.addClass(AnnotationIocLoader.java:76) - Found @IocBean : class cn.wizzer.app.web.modules.controllers.platform.sys.SysHomeController
[DEBUG] 2018-10-15 16:13:25,061 org.nutz.ioc.loader.annotation.AnnotationIocLoader.addClass(AnnotationIocLoader.java:76) - Found @IocBean : class cn.wizzer.app.web.modules.controllers.platform.sys.SysLogController
[DEBUG] 2018-10-15 16:13:25,062 org.nutz.ioc.loader.annotation.AnnotationIocLoader.addClass(AnnotationIocLoader.java:76) - Found @IocBean : class cn.wizzer.app.web.modules.controllers.platform.sys.SysLoginController
[DEBUG] 2018-10-15 16:13:25,062 org.nutz.ioc.loader.annotation.AnnotationIocLoader.addClass(AnnotationIocLoader.java:76) - Found @IocBean : class cn.wizzer.app.web.modules.controllers.platform.sys.SysMenuController
[DEBUG] 2018-10-15 16:13:25,062 org.nutz.ioc.loader.annotation.AnnotationIocLoader.addClass(AnnotationIocLoader.java:76) - Found @IocBean : class cn.wizzer.app.web.modules.controllers.platform.sys.SysMobileController
[DEBUG] 2018-10-15 16:13:25,062 org.nutz.ioc.loader.annotation.AnnotationIocLoader.addClass(AnnotationIocLoader.java:76) - Found @IocBean : class cn.wizzer.app.web.modules.controllers.platform.sys.SysPluginController
[DEBUG] 2018-10-15 16:13:25,062 org.nutz.ioc.loader.annotation.AnnotationIocLoader.addClass(AnnotationIocLoader.java:76) - Found @IocBean : class cn.wizzer.app.web.modules.controllers.platform.sys.SysRegistauditController
[DEBUG] 2018-10-15 16:13:25,062 org.nutz.ioc.loader.annotation.AnnotationIocLoader.addClass(AnnotationIocLoader.java:76) - Found @IocBean : class cn.wizzer.app.web.modules.controllers.platform.sys.SysRoleController
[DEBUG] 2018-10-15 16:13:25,062 org.nutz.ioc.loader.annotation.AnnotationIocLoader.addClass(AnnotationIocLoader.java:76) - Found @IocBean : class cn.wizzer.app.web.modules.controllers.platform.sys.SysRouteController
[DEBUG] 2018-10-15 16:13:25,062 org.nutz.ioc.loader.annotation.AnnotationIocLoader.addClass(AnnotationIocLoader.java:76) - Found @IocBean : class cn.wizzer.app.web.modules.controllers.platform.sys.SysTaskController
[DEBUG] 2018-10-15 16:13:25,062 org.nutz.ioc.loader.annotation.AnnotationIocLoader.addClass(AnnotationIocLoader.java:76) - Found @IocBean : class cn.wizzer.app.web.modules.controllers.platform.sys.SysTempuserController
[DEBUG] 2018-10-15 16:13:25,062 org.nutz.ioc.loader.annotation.AnnotationIocLoader.addClass(AnnotationIocLoader.java:76) - Found @IocBean : class cn.wizzer.app.web.modules.controllers.platform.sys.SysUnitController
[DEBUG] 2018-10-15 16:13:25,062 org.nutz.ioc.loader.annotation.AnnotationIocLoader.addClass(AnnotationIocLoader.java:76) - Found @IocBean : class cn.wizzer.app.web.modules.controllers.platform.sys.SysUserController
[DEBUG] 2018-10-15 16:13:25,062 org.nutz.ioc.loader.annotation.AnnotationIocLoader.addClass(AnnotationIocLoader.java:76) - Found @IocBean : class cn.wizzer.app.web.modules.controllers.platform.sys.SysVersionController
[DEBUG] 2018-10-15 16:13:25,062 org.nutz.ioc.loader.annotation.AnnotationIocLoader.addClass(AnnotationIocLoader.java:76) - Found @IocBean : class cn.wizzer.app.web.modules.controllers.platform.sys.SysWxController
[DEBUG] 2018-10-15 16:13:25,062 org.nutz.ioc.loader.annotation.AnnotationIocLoader.addClass(AnnotationIocLoader.java:76) - Found @IocBean : class cn.wizzer.app.web.modules.controllers.platform.sys.SysWxDeptController
[DEBUG] 2018-10-15 16:13:25,063 org.nutz.ioc.loader.annotation.AnnotationIocLoader.addClass(AnnotationIocLoader.java:76) - Found @IocBean : class cn.wizzer.app.web.modules.controllers.platform.sys.SysWxUserController
[DEBUG] 2018-10-15 16:13:25,063 org.nutz.ioc.loader.annotation.AnnotationIocLoader.addClass(AnnotationIocLoader.java:76) - Found @IocBean : class cn.wizzer.app.web.modules.controllers.platform.wx.WxConfigController
[DEBUG] 2018-10-15 16:13:25,063 org.nutz.ioc.loader.annotation.AnnotationIocLoader.addClass(AnnotationIocLoader.java:76) - Found @IocBean : class cn.wizzer.app.web.modules.controllers.platform.wx.WxMassController
[DEBUG] 2018-10-15 16:13:25,063 org.nutz.ioc.loader.annotation.AnnotationIocLoader.addClass(AnnotationIocLoader.java:76) - Found @IocBean : class cn.wizzer.app.web.modules.controllers.platform.wx.WxMenuController
[DEBUG] 2018-10-15 16:13:25,063 org.nutz.ioc.loader.annotation.AnnotationIocLoader.addClass(AnnotationIocLoader.java:76) - Found @IocBean : class cn.wizzer.app.web.modules.controllers.platform.wx.WxMsgUserController
[DEBUG] 2018-10-15 16:13:25,063 org.nutz.ioc.loader.annotation.AnnotationIocLoader.addClass(AnnotationIocLoader.java:76) - Found @IocBean : class cn.wizzer.app.web.modules.controllers.platform.wx.WxPayTestController
[DEBUG] 2018-10-15 16:13:25,063 org.nutz.ioc.loader.annotation.AnnotationIocLoader.addClass(AnnotationIocLoader.java:76) - Found @IocBean : class cn.wizzer.app.web.modules.controllers.platform.wx.WxReplyController
[DEBUG] 2018-10-15 16:13:25,063 org.nutz.ioc.loader.annotation.AnnotationIocLoader.addClass(AnnotationIocLoader.java:76) - Found @IocBean : class cn.wizzer.app.web.modules.controllers.platform.wx.WxReplyNewsController
[DEBUG] 2018-10-15 16:13:25,063 org.nutz.ioc.loader.annotation.AnnotationIocLoader.addClass(AnnotationIocLoader.java:76) - Found @IocBean : class cn.wizzer.app.web.modules.controllers.platform.wx.WxReplyTxtController
[DEBUG] 2018-10-15 16:13:25,063 org.nutz.ioc.loader.annotation.AnnotationIocLoader.addClass(AnnotationIocLoader.java:76) - Found @IocBean : class cn.wizzer.app.web.modules.controllers.platform.wx.WxTplIdController
[DEBUG] 2018-10-15 16:13:25,063 org.nutz.ioc.loader.annotation.AnnotationIocLoader.addClass(AnnotationIocLoader.java:76) - Found @IocBean : class cn.wizzer.app.web.modules.controllers.platform.wx.WxTplListController
[DEBUG] 2018-10-15 16:13:25,063 org.nutz.ioc.loader.annotation.AnnotationIocLoader.addClass(AnnotationIocLoader.java:76) - Found @IocBean : class cn.wizzer.app.web.modules.controllers.platform.wx.WxTplLogController
[DEBUG] 2018-10-15 16:13:25,063 org.nutz.ioc.loader.annotation.AnnotationIocLoader.addClass(AnnotationIocLoader.java:76) - Found @IocBean : class cn.wizzer.app.web.modules.controllers.platform.wx.WxUserController
[DEBUG] 2018-10-15 16:13:25,063 org.nutz.ioc.loader.annotation.AnnotationIocLoader.addClass(AnnotationIocLoader.java:76) - Found @IocBean : class cn.wizzer.app.wx.modules.services.impl.WxConfigServiceImpl
[DEBUG] 2018-10-15 16:13:25,064 org.nutz.ioc.loader.annotation.AnnotationIocLoader.addClass(AnnotationIocLoader.java:76) - Found @IocBean : class cn.wizzer.app.wx.modules.services.impl.WxMassNewsServiceImpl
[DEBUG] 2018-10-15 16:13:25,064 org.nutz.ioc.loader.annotation.AnnotationIocLoader.addClass(AnnotationIocLoader.java:76) - Found @IocBean : class cn.wizzer.app.wx.modules.services.impl.WxMassSendServiceImpl
[DEBUG] 2018-10-15 16:13:25,064 org.nutz.ioc.loader.annotation.AnnotationIocLoader.addClass(AnnotationIocLoader.java:76) - Found @IocBean : class cn.wizzer.app.wx.modules.services.impl.WxMassServiceImpl
[DEBUG] 2018-10-15 16:13:25,064 org.nutz.ioc.loader.annotation.AnnotationIocLoader.addClass(AnnotationIocLoader.java:76) - Found @IocBean : class cn.wizzer.app.wx.modules.services.impl.WxMenuServiceImpl
[DEBUG] 2018-10-15 16:13:25,064 org.nutz.ioc.loader.annotation.AnnotationIocLoader.addClass(AnnotationIocLoader.java:76) - Found @IocBean : class cn.wizzer.app.wx.modules.services.impl.WxMsgReplyServiceImpl
[DEBUG] 2018-10-15 16:13:25,064 org.nutz.ioc.loader.annotation.AnnotationIocLoader.addClass(AnnotationIocLoader.java:76) - Found @IocBean : class cn.wizzer.app.wx.modules.services.impl.WxMsgServiceImpl
[DEBUG] 2018-10-15 16:13:25,064 org.nutz.ioc.loader.annotation.AnnotationIocLoader.addClass(AnnotationIocLoader.java:76) - Found @IocBean : class cn.wizzer.app.wx.modules.services.impl.WxReplyNewsServiceImpl
[DEBUG] 2018-10-15 16:13:25,064 org.nutz.ioc.loader.annotation.AnnotationIocLoader.addClass(AnnotationIocLoader.java:76) - Found @IocBean : class cn.wizzer.app.wx.modules.services.impl.WxReplyServiceImpl
[DEBUG] 2018-10-15 16:13:25,064 org.nutz.ioc.loader.annotation.AnnotationIocLoader.addClass(AnnotationIocLoader.java:76) - Found @IocBean : class cn.wizzer.app.wx.modules.services.impl.WxReplyTxtServiceImpl
[DEBUG] 2018-10-15 16:13:25,064 org.nutz.ioc.loader.annotation.AnnotationIocLoader.addClass(AnnotationIocLoader.java:76) - Found @IocBean : class cn.wizzer.app.wx.modules.services.impl.WxTplIdServiceImpl
[DEBUG] 2018-10-15 16:13:25,064 org.nutz.ioc.loader.annotation.AnnotationIocLoader.addClass(AnnotationIocLoader.java:76) - Found @IocBean : class cn.wizzer.app.wx.modules.services.impl.WxTplListServiceImpl
[DEBUG] 2018-10-15 16:13:25,064 org.nutz.ioc.loader.annotation.AnnotationIocLoader.addClass(AnnotationIocLoader.java:76) - Found @IocBean : class cn.wizzer.app.wx.modules.services.impl.WxTplLogServiceImpl
[DEBUG] 2018-10-15 16:13:25,064 org.nutz.ioc.loader.annotation.AnnotationIocLoader.addClass(AnnotationIocLoader.java:76) - Found @IocBean : class cn.wizzer.app.wx.modules.services.impl.WxUserServiceImpl
[DEBUG] 2018-10-15 16:13:25,064 org.nutz.ioc.loader.annotation.AnnotationIocLoader.addClass(AnnotationIocLoader.java:76) - Found @IocBean : class cn.wizzer.test.SimpleTest
[DEBUG] 2018-10-15 16:13:25,066 org.nutz.resource.Scans.scan(Scans.java:274) - Found 0 resource by src( org/nutz/apidoc/ ) , regex( ^.+[.]class$ )
[INFO ] 2018-10-15 16:13:25,066 org.nutz.ioc.loader.annotation.AnnotationIocLoader.<init>(AnnotationIocLoader.java:52) - Found 204 classes in 2 base-packages!
beans = ["wxTplListController", "uploadController", "wxReplyTxtServiceImpl", "logisticsSendplanController", "baseJobServiceImpl", "dateUtil", "qrcodeService", "logisticsSendgoodsServiceImpl", "logisticsOrderentryController", "insLockController", "baseRowofficeentryServiceImpl", "cmsChannelServiceImpl", "insBaseinsServiceImpl", "orderExecute", "cmsArticleController", "basePostController", "baseAirmeterialServiceImpl", "basePersonController", "logisticsOrderplanServiceImpl", "cmsLinkClassController", "basePostServiceImpl", "baseRowofficeServiceImpl", "baseJobController", "baseRowofficeController", "wxReplyController", "insRepairController", "sysConfigServiceImpl", "basePersonpoolController", "baseVehicleController", "wxMsgServiceImpl", "wxPayBackController", "logisticsUnplanController", "mobileInsController", "sysTaskController", "sysBarcodeController", "insTransmitController", "sysDictServiceImpl", "wxConfigServiceImpl", "baseAirportServiceImpl", "apiTestController", "sysMenuController", "cmsSiteServiceImpl", "mobileSysController", "cmsLinkController", "insCommonController", "logisticsOrderplanentryServiceImpl", "insInstrumentController", "sysRegistauditServiceImpl", "insLockServiceImpl", "insOrderController", "wechatController", "wxMsgUserController", "sysDictController", "sysWxUserController", "logisticsDeliveryorderentryController", "basePersonServiceImpl", "insOrderentryServiceImpl", "insRepairtrackController", "insInstrumentServiceImpl", "logisticsSendapprovalServiceImpl", "logisticsOrderdeliveryController", "wxTplListServiceImpl", "tplService", "sysPluginServiceImpl", "insRfheadController", "logisticsSendgoodsController", "mobileBaseController", "baseCnctobjServiceImpl", "nutShiroMethodInterceptor", "insCabinetServiceImpl", "basePlaceServiceImpl", "baseVehicleServiceImpl", "cmsLinkClassServiceImpl", "sysHomeController", "insRfheadServiceImpl", "sysMobileController", "wxMassServiceImpl", "logisticsOrderentryServiceImpl", "logisticsSendplanServiceImpl", "logisticsOrderrejectServiceImpl", "wxHandler", "cmsChannelController", "wxController", "rabbitProducer", "sysTaskServiceImpl", "sysVersionController", "shiroUtil", "wxReplyTxtController", "sysPluginController", "logisticsSendtraceController", "sysApiServiceImpl", "logisticsEntourageServiceImpl", "sLogService", "baseAirportController", "sysApiController", "wxTplIdController", "insSpaceServiceImpl", "logisticsOrderController", "sysTempuserController", "sysUserController", "platformAuthorizingRealm", "testJob", "$aop_1_plugin", "sysRegistauditController", "wxReplyNewsServiceImpl", "insTransmitServiceImpl", "sysLoginController", "wxTplLogServiceImpl", "sysUserServiceImpl", "sysRoleServiceImpl", "sysRouteController", "idcardUtil", "basePlaceController", "sysWxDeptController", "logisticsOrderplanentryController", "userpermissionController", "sysWxServiceImpl", "cmsController", "logisticsSendtraceServiceImpl", "insOrderentryController", "logisticsSendapprovalController", "wxMenuController", "insOrderServiceImpl", "weixinController", "code128Util", "insRepairServiceImpl", "logisticsOrderplanController", "wxMsgReplyServiceImpl", "logisticsOrderdeliveryServiceImpl", "cmsArticleServiceImpl", "baseCnctobjController", "baseCustomerController", "insBaseinsController", "insRfidServiceImpl", "cookieUtil", "baseRowofficeentryController", "logisticsOrderstepServiceImpl", "wxReplyServiceImpl", "bdController", "redisIdGenerator", "insBaseinsSpaceServiceImpl", "cmsSiteController", "logisticsDeliveryorderServiceImpl", "insCabinetController", "logisticsOrderServiceImpl", "sysWxDeptServiceImpl", "sysWxController", "mobileOrderController", "sysRoleController", "logisticsEntourageController", "insCommonServiceImpl", "sysUnitController", "padInsController", "wxMassSendServiceImpl", "logisticsDeliveryorderController", "rSAUtil", "wxConfigController", "stringUtil", "baseCustomerServiceImpl", "basePersonpoolServiceImpl", "insBaseinsSpaceController", "wxUserServiceImpl", "insSpaceController", "sysTempuserServiceImpl", "baseWarehouseServiceImpl", "insToolcabinetController", "sysWxUserServiceImpl", "dynamicInterceptor", "sysLogController", "wxMassController", "emailService", "baseWarehouseController", "insToolcabinetServiceImpl", "wxMenuServiceImpl", "wxReplyNewsController", "baseDeptServiceImpl", "sysRouteServiceImpl", "insRepairtrackServiceImpl", "wxMassNewsServiceImpl", "baseAirmeterialController", "sysMenuServiceImpl", "sysMobileServiceImpl", "simpleTest", "logisticsOrderstepController", "sysLogServiceImpl", "logisticsUnplanServiceImpl", "wxTplIdServiceImpl", "logisticsDeliveryorderentryServiceImpl", "$aop_syslog", "padSysController", "baseDeptController", "logisticsOrderrejectController", "padOrderController", "sysBarcodeServiceImpl", "wxTplLogController", "wxUserController", "wxPayTestController", "tokenController", "sysVersionServiceImpl", "cmsLinkServiceImpl", "sysUnitServiceImpl", "insRfidController", "sysConfController", "pluginMaster"]
[DEBUG] 2018-10-15 16:13:25,066 org.nutz.ioc.loader.combo.ComboIocLoader.createIocLoader(ComboIocLoader.java:110) - found jedis -- org.nutz.integration.jedis.JedisIocLoader
[DEBUG] 2018-10-15 16:13:25,068 org.nutz.resource.Scans.scan(Scans.java:274) - Found 1 resource by src( org/nutz/integration/jedis/jedis.js ) , regex( ^(.+[.])(js|json)$ )
[DEBUG] 2018-10-15 16:13:25,068 org.nutz.ioc.loader.json.JsonLoader.<init>(JsonLoader.java:49) - loading [org/nutz/integration/jedis/jedis.js]
[DEBUG] 2018-10-15 16:13:25,068 org.nutz.ioc.loader.json.JsonLoader.<init>(JsonLoader.java:57) - Loaded 9 bean define from path=[org/nutz/integration/jedis/jedis.js] --> [redisService, jedisCluster, jedisClusterNodes, jedisClusterWrapper, pubSubService, jedisPoolConfig, jedisPool, jedisAgent, redis]
[DEBUG] 2018-10-15 16:13:25,068 org.nutz.ioc.loader.json.JsonLoader.<init>(JsonLoader.java:40) - Loaded 5 bean define from reader --
[txREPEATABLE_READ, txSERIALIZABLE, txNONE, txREAD_UNCOMMITTED, txREAD_COMMITTED]
[DEBUG] 2018-10-15 16:13:25,069 org.nutz.ioc.loader.combo.ComboIocLoader.createIocLoader(ComboIocLoader.java:110) - found quartz -- org.nutz.integration.quartz.QuartzIocLoader
[DEBUG] 2018-10-15 16:13:25,069 org.nutz.ioc.loader.json.JsonLoader.<init>(JsonLoader.java:57) - Loaded 0 bean define from path=[] --> []
[DEBUG] 2018-10-15 16:13:25,070 org.nutz.ioc.aop.SimpleAopMaker.<init>(SimpleAopMaker.java:79) - Load AopConfigure for anno=org.nutz.aop.interceptor.async.Async by type=org.nutz.aop.interceptor.async.AsyncAopIocLoader
[DEBUG] 2018-10-15 16:13:25,070 org.nutz.ioc.loader.combo.ComboIocLoader.createIocLoader(ComboIocLoader.java:110) - found rabbitmq -- org.nutz.integration.rabbitmq.RabbitmqIocLoader
[DEBUG] 2018-10-15 16:13:25,071 org.nutz.resource.Scans.scan(Scans.java:274) - Found 1 resource by src( org/nutz/integration/rabbitmq/rabbitmq.js ) , regex( ^(.+[.])(js|json)$ )
[DEBUG] 2018-10-15 16:13:25,072 org.nutz.ioc.loader.json.JsonLoader.<init>(JsonLoader.java:49) - loading [org/nutz/integration/rabbitmq/rabbitmq.js]
[DEBUG] 2018-10-15 16:13:25,072 org.nutz.ioc.loader.json.JsonLoader.<init>(JsonLoader.java:57) - Loaded 2 bean define from path=[org/nutz/integration/rabbitmq/rabbitmq.js] --> [rabbitmq, rabbitmq_cf]
[INFO ] 2018-10-15 16:13:25,072 org.nutz.ioc.impl.NutIoc.<init>(NutIoc.java:98) - NutIoc init begin ...
[INFO ] 2018-10-15 16:13:25,072 org.nutz.ioc.impl.NutIoc.<init>(NutIoc.java:115) - ... NutIoc init complete
[DEBUG] 2018-10-15 16:13:25,072 org.nutz.ioc.impl.NutIoc.get(NutIoc.java:151) - Get 'conf'<class org.nutz.ioc.impl.PropertiesProxy>
[DEBUG] 2018-10-15 16:13:25,072 org.nutz.ioc.impl.NutIoc.get(NutIoc.java:151) - Get '$aop_1_plugin'<interface org.nutz.ioc.aop.config.AopConfigration>
[DEBUG] 2018-10-15 16:13:25,072 org.nutz.ioc.impl.NutIoc.get(NutIoc.java:177) - 	 >> Load definition name=$aop_1_plugin
[DEBUG] 2018-10-15 16:13:25,072 org.nutz.ioc.loader.combo.ComboIocLoader.load(ComboIocLoader.java:161) - Found IocObject($aop_1_plugin) in AnnotationIocLoader(packages=[cn.wizzer, org.nutz.apidoc])
[DEBUG] 2018-10-15 16:13:25,073 org.nutz.ioc.impl.NutIoc.get(NutIoc.java:209) - 	 >> Make...'$aop_1_plugin'<interface org.nutz.ioc.aop.config.AopConfigration>
[DEBUG] 2018-10-15 16:13:25,073 org.nutz.ioc.impl.ScopeContext.save(ScopeContext.java:64) - Save object '$aop_1_plugin' to [app] 
[DEBUG] 2018-10-15 16:13:25,073 org.nutz.ioc.impl.NutIoc.get(NutIoc.java:151) - Get 'dynamicInterceptor'<class cn.wizzer.app.web.commons.plugin.DynamicInterceptor>
[DEBUG] 2018-10-15 16:13:25,073 org.nutz.ioc.impl.NutIoc.get(NutIoc.java:177) - 	 >> Load definition name=dynamicInterceptor
[DEBUG] 2018-10-15 16:13:25,073 org.nutz.ioc.loader.combo.ComboIocLoader.load(ComboIocLoader.java:161) - Found IocObject(dynamicInterceptor) in AnnotationIocLoader(packages=[cn.wizzer, org.nutz.apidoc])
[DEBUG] 2018-10-15 16:13:25,073 org.nutz.ioc.impl.NutIoc.get(NutIoc.java:209) - 	 >> Make...'dynamicInterceptor'<class cn.wizzer.app.web.commons.plugin.DynamicInterceptor>
[DEBUG] 2018-10-15 16:13:25,073 org.nutz.ioc.impl.ScopeContext.save(ScopeContext.java:64) - Save object 'dynamicInterceptor' to [app] 
[DEBUG] 2018-10-15 16:13:25,073 org.nutz.ioc.impl.NutIoc.get(NutIoc.java:151) - Get '$aop_async'<interface org.nutz.ioc.aop.config.AopConfigration>
[DEBUG] 2018-10-15 16:13:25,073 org.nutz.ioc.impl.NutIoc.get(NutIoc.java:177) - 	 >> Load definition name=$aop_async
[DEBUG] 2018-10-15 16:13:25,073 org.nutz.ioc.loader.combo.ComboIocLoader.load(ComboIocLoader.java:161) - Found IocObject($aop_async) in AsyncAopIocLoader@659590237
[DEBUG] 2018-10-15 16:13:25,073 org.nutz.ioc.impl.NutIoc.get(NutIoc.java:209) - 	 >> Make...'$aop_async'<interface org.nutz.ioc.aop.config.AopConfigration>
[DEBUG] 2018-10-15 16:13:25,073 org.nutz.ioc.impl.ScopeContext.save(ScopeContext.java:64) - Save object '$aop_async' to [app] 
[DEBUG] 2018-10-15 16:13:25,073 org.nutz.ioc.impl.NutIoc.get(NutIoc.java:151) - Get '$aop_syslog'<interface org.nutz.ioc.aop.config.AopConfigration>
[DEBUG] 2018-10-15 16:13:25,073 org.nutz.ioc.impl.NutIoc.get(NutIoc.java:177) - 	 >> Load definition name=$aop_syslog
[DEBUG] 2018-10-15 16:13:25,074 org.nutz.ioc.loader.combo.ComboIocLoader.load(ComboIocLoader.java:161) - Found IocObject($aop_syslog) in AnnotationIocLoader(packages=[cn.wizzer, org.nutz.apidoc])
[DEBUG] 2018-10-15 16:13:25,074 org.nutz.ioc.impl.NutIoc.get(NutIoc.java:209) - 	 >> Make...'$aop_syslog'<interface org.nutz.ioc.aop.config.AopConfigration>
[DEBUG] 2018-10-15 16:13:25,074 org.nutz.ioc.impl.ScopeContext.save(ScopeContext.java:64) - Save object '$aop_syslog' to [app] 
[DEBUG] 2018-10-15 16:13:25,074 org.nutz.ioc.aop.SimpleAopMaker.<init>(SimpleAopMaker.java:79) - Load AopConfigure for anno=cn.wizzer.app.web.commons.slog.annotation.SLog by type=cn.wizzer.app.web.commons.slog.SLogAopConfigration
[DEBUG] 2018-10-15 16:13:25,074 org.nutz.ioc.aop.SimpleAopMaker.<init>(SimpleAopMaker.java:79) - Load AopConfigure for anno=org.nutz.ioc.aop.Aop by type=org.nutz.ioc.aop.config.impl.AnnotationAopConfigration
[DEBUG] 2018-10-15 16:13:25,074 org.nutz.ioc.impl.NutIoc.get(NutIoc.java:177) - 	 >> Load definition name=conf
[DEBUG] 2018-10-15 16:13:25,074 org.nutz.ioc.loader.map.MapLoader.load(MapLoader.java:67) - Loading define for name=conf
[DEBUG] 2018-10-15 16:13:25,074 org.nutz.ioc.loader.combo.ComboIocLoader.load(ComboIocLoader.java:161) - Found IocObject(conf) in JsonLoader(paths=[config/ioc/])
[DEBUG] 2018-10-15 16:13:25,074 org.nutz.ioc.impl.NutIoc.get(NutIoc.java:209) - 	 >> Make...'conf'<class org.nutz.ioc.impl.PropertiesProxy>
[DEBUG] 2018-10-15 16:13:25,074 cn.wizzer.app.web.commons.plugin.PluginAopConfigure.getInterceptorPairList(PluginAopConfigure.java:33) - skip -- org.nutz.ioc.impl.PropertiesProxy
[DEBUG] 2018-10-15 16:13:25,074 org.nutz.ioc.aop.impl.DefaultMirrorFactory.getMirror(DefaultMirrorFactory.java:70) - Load class org.nutz.ioc.impl.PropertiesProxy without AOP
[DEBUG] 2018-10-15 16:13:25,074 org.nutz.ioc.impl.ScopeContext.save(ScopeContext.java:64) - Save object 'conf' to [app] 
[DEBUG] 2018-10-15 16:13:25,076 org.nutz.resource.Scans.scan(Scans.java:274) - Found 4 resource by src( config/custom/ ) , regex( ^.+[.]properties$ )
[DEBUG] 2018-10-15 16:13:25,076 org.nutz.ioc.impl.PropertiesProxy.setPaths(PropertiesProxy.java:113) - load properties from File[C:\Users\Administrator\IdeaProjects\XA-Instrument\wk-app\wk-web\target\classes\config\custom\db.properties]
[DEBUG] 2018-10-15 16:13:25,077 org.nutz.ioc.impl.PropertiesProxy.setPaths(PropertiesProxy.java:113) - load properties from File[C:\Users\Administrator\IdeaProjects\XA-Instrument\wk-app\wk-web\target\classes\config\custom\mail.properties]
[DEBUG] 2018-10-15 16:13:25,077 org.nutz.ioc.impl.PropertiesProxy.setPaths(PropertiesProxy.java:113) - load properties from File[C:\Users\Administrator\IdeaProjects\XA-Instrument\wk-app\wk-web\target\classes\config\custom\rabbit.properties]
[DEBUG] 2018-10-15 16:13:25,078 org.nutz.ioc.impl.PropertiesProxy.setPaths(PropertiesProxy.java:113) - load properties from File[C:\Users\Administrator\IdeaProjects\XA-Instrument\wk-app\wk-web\target\classes\config\custom\redis.properties]
[DEBUG] 2018-10-15 16:13:25,078 org.nutz.ioc.impl.NutIoc.get(NutIoc.java:151) - Get 'simpleTest'<class cn.wizzer.test.SimpleTest>
[DEBUG] 2018-10-15 16:13:25,078 org.nutz.ioc.impl.NutIoc.get(NutIoc.java:177) - 	 >> Load definition name=simpleTest
[DEBUG] 2018-10-15 16:13:25,078 org.nutz.ioc.loader.combo.ComboIocLoader.load(ComboIocLoader.java:161) - Found IocObject(simpleTest) in AnnotationIocLoader(packages=[cn.wizzer, org.nutz.apidoc])
[DEBUG] 2018-10-15 16:13:25,078 org.nutz.ioc.impl.NutIoc.get(NutIoc.java:209) - 	 >> Make...'simpleTest'<class cn.wizzer.test.SimpleTest>
[DEBUG] 2018-10-15 16:13:25,078 cn.wizzer.app.web.commons.plugin.PluginAopConfigure.getInterceptorPairList(PluginAopConfigure.java:33) - skip -- cn.wizzer.test.SimpleTest
[DEBUG] 2018-10-15 16:13:25,078 org.nutz.ioc.aop.impl.DefaultMirrorFactory.getMirror(DefaultMirrorFactory.java:70) - Load class cn.wizzer.test.SimpleTest without AOP
[DEBUG] 2018-10-15 16:13:25,078 org.nutz.ioc.impl.ScopeContext.save(ScopeContext.java:64) - Save object 'simpleTest' to [app] 
[DEBUG] 2018-10-15 16:13:25,079 org.nutz.ioc.impl.NutIoc.get(NutIoc.java:151) - Get 'dao'<interface org.nutz.dao.Dao>
[DEBUG] 2018-10-15 16:13:25,080 org.nutz.ioc.impl.NutIoc.get(NutIoc.java:177) - 	 >> Load definition name=dao
[DEBUG] 2018-10-15 16:13:25,080 org.nutz.ioc.loader.map.MapLoader.load(MapLoader.java:67) - Loading define for name=dao
[DEBUG] 2018-10-15 16:13:25,080 org.nutz.ioc.loader.combo.ComboIocLoader.load(ComboIocLoader.java:161) - Found IocObject(dao) in JsonLoader(paths=[config/ioc/])
[DEBUG] 2018-10-15 16:13:25,080 org.nutz.ioc.impl.NutIoc.get(NutIoc.java:209) - 	 >> Make...'dao'<interface org.nutz.dao.Dao>
[DEBUG] 2018-10-15 16:13:25,080 cn.wizzer.app.web.commons.plugin.PluginAopConfigure.getInterceptorPairList(PluginAopConfigure.java:33) - skip -- org.nutz.dao.impl.NutDao
[DEBUG] 2018-10-15 16:13:25,080 org.nutz.ioc.aop.impl.DefaultMirrorFactory.getMirror(DefaultMirrorFactory.java:70) - Load class org.nutz.dao.impl.NutDao without AOP
[DEBUG] 2018-10-15 16:13:25,080 org.nutz.ioc.impl.ScopeContext.save(ScopeContext.java:64) - Save object 'dao' to [app] 
[DEBUG] 2018-10-15 16:13:25,080 org.nutz.ioc.impl.NutIoc.get(NutIoc.java:151) - Get 'dataSource'<>
[DEBUG] 2018-10-15 16:13:25,080 org.nutz.ioc.impl.NutIoc.get(NutIoc.java:177) - 	 >> Load definition name=dataSource
[DEBUG] 2018-10-15 16:13:25,080 org.nutz.ioc.loader.map.MapLoader.load(MapLoader.java:67) - Loading define for name=dataSource
[DEBUG] 2018-10-15 16:13:25,080 org.nutz.ioc.loader.combo.ComboIocLoader.load(ComboIocLoader.java:161) - Found IocObject(dataSource) in JsonLoader(paths=[config/ioc/])
[DEBUG] 2018-10-15 16:13:25,080 org.nutz.ioc.impl.NutIoc.get(NutIoc.java:209) - 	 >> Make...'dataSource'<>
[DEBUG] 2018-10-15 16:13:25,080 cn.wizzer.app.web.commons.plugin.PluginAopConfigure.getInterceptorPairList(PluginAopConfigure.java:33) - skip -- com.alibaba.druid.pool.DruidDataSource
[DEBUG] 2018-10-15 16:13:25,080 org.nutz.ioc.aop.impl.DefaultMirrorFactory.getMirror(DefaultMirrorFactory.java:70) - Load class com.alibaba.druid.pool.DruidDataSource without AOP
[DEBUG] 2018-10-15 16:13:25,081 org.nutz.ioc.impl.ScopeContext.save(ScopeContext.java:64) - Save object 'dataSource' to [app] 
[DEBUG] 2018-10-15 16:13:25,081 org.nutz.ioc.impl.NutIoc.get(NutIoc.java:151) - Get 'conf'<>
[DEBUG] 2018-10-15 16:13:25,081 org.nutz.ioc.impl.ScopeContext.remove(ScopeContext.java:84) - Remove object 'dataSource' from [app] 
[DEBUG] 2018-10-15 16:13:25,081 org.nutz.ioc.impl.ScopeContext.remove(ScopeContext.java:84) - Remove object 'dao' from [app] 
[DEBUG] 2018-10-15 16:13:25,081 org.nutz.ioc.impl.ScopeContext.remove(ScopeContext.java:84) - Remove object 'simpleTest' from [app] 
]]></system-out>
  </testcase>
  <testcase name="testAddPlace" classname="cn.wizzer.test.SimpleTest" time="0">
    <error message="IocBean[simpleTest] throw Exception when creating" type="org.nutz.ioc.IocException">org.nutz.ioc.IocException: IocBean[simpleTest] throw Exception when creating
Caused by: java.lang.RuntimeException: IocBean[simpleTest] fail at field=[dao]
Caused by: org.nutz.ioc.IocException: IocBean[dao -> dataSource] throw Exception when creating
Caused by: java.lang.IllegalArgumentException: Failed to decrypt.
Caused by: java.lang.IllegalArgumentException: String length must be a multiple of four.
</error>
    <system-out><![CDATA[[INFO ] 2018-10-15 16:13:25,082 org.nutz.ioc.impl.NutIoc.depose(NutIoc.java:255) - org.nutz.ioc.impl.NutIoc@1332757905 is closing. startup date [18-10-15 16:13:25.072]
[DEBUG] 2018-10-15 16:13:25,082 org.nutz.ioc.impl.ScopeContext.clear(ScopeContext.java:108) - Depose object 'conf' ...
[DEBUG] 2018-10-15 16:13:25,082 org.nutz.ioc.impl.ScopeContext.clear(ScopeContext.java:108) - Depose object '$aop_syslog' ...
[DEBUG] 2018-10-15 16:13:25,082 org.nutz.ioc.impl.ScopeContext.clear(ScopeContext.java:108) - Depose object '$aop_async' ...
[DEBUG] 2018-10-15 16:13:25,082 org.nutz.ioc.impl.ScopeContext.clear(ScopeContext.java:108) - Depose object 'dynamicInterceptor' ...
[DEBUG] 2018-10-15 16:13:25,082 org.nutz.ioc.impl.ScopeContext.clear(ScopeContext.java:108) - Depose object '$aop_1_plugin' ...
[INFO ] 2018-10-15 16:13:25,082 org.nutz.ioc.impl.NutIoc.depose(NutIoc.java:262) - org.nutz.ioc.impl.NutIoc@1332757905 is deposed. startup date [18-10-15 16:13:25.072]
[DEBUG] 2018-10-15 16:13:25,084 org.nutz.resource.Scans.scan(Scans.java:274) - Found 4 resource by src( config/ioc/ ) , regex( ^(.+[.])(js|json)$ )
[DEBUG] 2018-10-15 16:13:25,085 org.nutz.ioc.loader.json.JsonLoader.<init>(JsonLoader.java:49) - loading [dao.json]
[DEBUG] 2018-10-15 16:13:25,085 org.nutz.ioc.loader.json.JsonLoader.<init>(JsonLoader.java:49) - loading [ehcache.json]
[DEBUG] 2018-10-15 16:13:25,085 org.nutz.ioc.loader.json.JsonLoader.<init>(JsonLoader.java:49) - loading [mail.json]
[DEBUG] 2018-10-15 16:13:25,085 org.nutz.ioc.loader.json.JsonLoader.<init>(JsonLoader.java:49) - loading [upload.json]
[DEBUG] 2018-10-15 16:13:25,086 org.nutz.ioc.loader.json.JsonLoader.<init>(JsonLoader.java:57) - Loaded 15 bean define from path=[config/ioc/] --> [videoUpload, conf, uploadVideoContext, imageUpload, fileUpload, cacheManager, dao, cacheProvider, emailAuthenticator, uploadFileContext, htmlEmail, cacheExecutor, tmpFilePool, uploadImageContext, dataSource]
[DEBUG] 2018-10-15 16:13:25,226 org.nutz.resource.Scans.scan(Scans.java:274) - Found 452 resource by src( cn/wizzer/ ) , regex( ^.+[.]class$ )
[DEBUG] 2018-10-15 16:13:25,227 org.nutz.ioc.loader.annotation.AnnotationIocLoader.addClass(AnnotationIocLoader.java:76) - Found @IocBean : class cn.wizzer.framework.util.StringUtil
[DEBUG] 2018-10-15 16:13:25,227 org.nutz.ioc.loader.annotation.AnnotationIocLoader.addClass(AnnotationIocLoader.java:76) - Found @IocBean : class cn.wizzer.framework.util.CookieUtil
[DEBUG] 2018-10-15 16:13:25,227 org.nutz.ioc.loader.annotation.AnnotationIocLoader.addClass(AnnotationIocLoader.java:76) - Found @IocBean : class cn.wizzer.framework.ig.RedisIdGenerator
[DEBUG] 2018-10-15 16:13:25,227 org.nutz.ioc.loader.annotation.AnnotationIocLoader.addClass(AnnotationIocLoader.java:76) - Found @IocBean : class cn.wizzer.framework.util.DateUtil
[DEBUG] 2018-10-15 16:13:25,227 org.nutz.ioc.loader.annotation.AnnotationIocLoader.addClass(AnnotationIocLoader.java:76) - Found @IocBean : class cn.wizzer.framework.shiro.interceptor.NutShiroMethodInterceptor
[DEBUG] 2018-10-15 16:13:25,228 org.nutz.ioc.loader.annotation.AnnotationIocLoader.addClass(AnnotationIocLoader.java:76) - Found @IocBean : class cn.wizzer.framework.util.IdcardUtil
[DEBUG] 2018-10-15 16:13:25,228 org.nutz.ioc.loader.annotation.AnnotationIocLoader.addClass(AnnotationIocLoader.java:76) - Found @IocBean : class cn.wizzer.framework.rabbit.RabbitProducer
[DEBUG] 2018-10-15 16:13:25,228 org.nutz.ioc.loader.annotation.AnnotationIocLoader.addClass(AnnotationIocLoader.java:76) - Found @IocBean : class cn.wizzer.framework.util.RSAUtil
[DEBUG] 2018-10-15 16:13:25,228 org.nutz.ioc.loader.annotation.AnnotationIocLoader.addClass(AnnotationIocLoader.java:76) - Found @IocBean : class cn.wizzer.framework.util.ShiroUtil
[DEBUG] 2018-10-15 16:13:25,228 org.nutz.ioc.loader.annotation.AnnotationIocLoader.addClass(AnnotationIocLoader.java:76) - Found @IocBean : class cn.wizzer.framework.util.Code128Util
[DEBUG] 2018-10-15 16:13:25,228 org.nutz.ioc.loader.annotation.AnnotationIocLoader.addClass(AnnotationIocLoader.java:76) - Found @IocBean : class cn.wizzer.app.base.modules.services.impl.BaseAirmeterialServiceImpl
[DEBUG] 2018-10-15 16:13:25,228 org.nutz.ioc.loader.annotation.AnnotationIocLoader.addClass(AnnotationIocLoader.java:76) - Found @IocBean : class cn.wizzer.app.base.modules.services.impl.BaseAirportServiceImpl
[DEBUG] 2018-10-15 16:13:25,228 org.nutz.ioc.loader.annotation.AnnotationIocLoader.addClass(AnnotationIocLoader.java:76) - Found @IocBean : class cn.wizzer.app.base.modules.services.impl.BaseCnctobjServiceImpl
[DEBUG] 2018-10-15 16:13:25,228 org.nutz.ioc.loader.annotation.AnnotationIocLoader.addClass(AnnotationIocLoader.java:76) - Found @IocBean : class cn.wizzer.app.base.modules.services.impl.BaseCustomerServiceImpl
[DEBUG] 2018-10-15 16:13:25,228 org.nutz.ioc.loader.annotation.AnnotationIocLoader.addClass(AnnotationIocLoader.java:76) - Found @IocBean : class cn.wizzer.app.base.modules.services.impl.BaseDeptServiceImpl
[DEBUG] 2018-10-15 16:13:25,228 org.nutz.ioc.loader.annotation.AnnotationIocLoader.addClass(AnnotationIocLoader.java:76) - Found @IocBean : class cn.wizzer.app.base.modules.services.impl.BaseJobServiceImpl
[DEBUG] 2018-10-15 16:13:25,228 org.nutz.ioc.loader.annotation.AnnotationIocLoader.addClass(AnnotationIocLoader.java:76) - Found @IocBean : class cn.wizzer.app.base.modules.services.impl.BasePersonpoolServiceImpl
[DEBUG] 2018-10-15 16:13:25,228 org.nutz.ioc.loader.annotation.AnnotationIocLoader.addClass(AnnotationIocLoader.java:76) - Found @IocBean : class cn.wizzer.app.base.modules.services.impl.BasePersonServiceImpl
[DEBUG] 2018-10-15 16:13:25,228 org.nutz.ioc.loader.annotation.AnnotationIocLoader.addClass(AnnotationIocLoader.java:76) - Found @IocBean : class cn.wizzer.app.base.modules.services.impl.BasePlaceServiceImpl
[DEBUG] 2018-10-15 16:13:25,228 org.nutz.ioc.loader.annotation.AnnotationIocLoader.addClass(AnnotationIocLoader.java:76) - Found @IocBean : class cn.wizzer.app.base.modules.services.impl.BasePostServiceImpl
[DEBUG] 2018-10-15 16:13:25,228 org.nutz.ioc.loader.annotation.AnnotationIocLoader.addClass(AnnotationIocLoader.java:76) - Found @IocBean : class cn.wizzer.app.base.modules.services.impl.BaseRowofficeentryServiceImpl
[DEBUG] 2018-10-15 16:13:25,229 org.nutz.ioc.loader.annotation.AnnotationIocLoader.addClass(AnnotationIocLoader.java:76) - Found @IocBean : class cn.wizzer.app.base.modules.services.impl.BaseRowofficeServiceImpl
[DEBUG] 2018-10-15 16:13:25,229 org.nutz.ioc.loader.annotation.AnnotationIocLoader.addClass(AnnotationIocLoader.java:76) - Found @IocBean : class cn.wizzer.app.base.modules.services.impl.BaseVehicleServiceImpl
[DEBUG] 2018-10-15 16:13:25,229 org.nutz.ioc.loader.annotation.AnnotationIocLoader.addClass(AnnotationIocLoader.java:76) - Found @IocBean : class cn.wizzer.app.base.modules.services.impl.BaseWarehouseServiceImpl
[DEBUG] 2018-10-15 16:13:25,229 org.nutz.ioc.loader.annotation.AnnotationIocLoader.addClass(AnnotationIocLoader.java:76) - Found @IocBean : class cn.wizzer.app.cms.modules.services.impl.CmsArticleServiceImpl
[DEBUG] 2018-10-15 16:13:25,229 org.nutz.ioc.loader.annotation.AnnotationIocLoader.addClass(AnnotationIocLoader.java:76) - Found @IocBean : class cn.wizzer.app.cms.modules.services.impl.CmsChannelServiceImpl
[DEBUG] 2018-10-15 16:13:25,229 org.nutz.ioc.loader.annotation.AnnotationIocLoader.addClass(AnnotationIocLoader.java:76) - Found @IocBean : class cn.wizzer.app.cms.modules.services.impl.CmsLinkClassServiceImpl
[DEBUG] 2018-10-15 16:13:25,229 org.nutz.ioc.loader.annotation.AnnotationIocLoader.addClass(AnnotationIocLoader.java:76) - Found @IocBean : class cn.wizzer.app.cms.modules.services.impl.CmsLinkServiceImpl
[DEBUG] 2018-10-15 16:13:25,229 org.nutz.ioc.loader.annotation.AnnotationIocLoader.addClass(AnnotationIocLoader.java:76) - Found @IocBean : class cn.wizzer.app.cms.modules.services.impl.CmsSiteServiceImpl
[DEBUG] 2018-10-15 16:13:25,229 org.nutz.ioc.loader.annotation.AnnotationIocLoader.addClass(AnnotationIocLoader.java:76) - Found @IocBean : class cn.wizzer.app.ins.modules.services.impl.InsBaseinsServiceImpl
[DEBUG] 2018-10-15 16:13:25,229 org.nutz.ioc.loader.annotation.AnnotationIocLoader.addClass(AnnotationIocLoader.java:76) - Found @IocBean : class cn.wizzer.app.ins.modules.services.impl.InsBaseinsSpaceServiceImpl
[DEBUG] 2018-10-15 16:13:25,229 org.nutz.ioc.loader.annotation.AnnotationIocLoader.addClass(AnnotationIocLoader.java:76) - Found @IocBean : class cn.wizzer.app.ins.modules.services.impl.InsCabinetServiceImpl
[DEBUG] 2018-10-15 16:13:25,229 org.nutz.ioc.loader.annotation.AnnotationIocLoader.addClass(AnnotationIocLoader.java:76) - Found @IocBean : class cn.wizzer.app.ins.modules.services.impl.InsCommonServiceImpl
[DEBUG] 2018-10-15 16:13:25,229 org.nutz.ioc.loader.annotation.AnnotationIocLoader.addClass(AnnotationIocLoader.java:76) - Found @IocBean : class cn.wizzer.app.ins.modules.services.impl.InsInstrumentServiceImpl
[DEBUG] 2018-10-15 16:13:25,229 org.nutz.ioc.loader.annotation.AnnotationIocLoader.addClass(AnnotationIocLoader.java:76) - Found @IocBean : class cn.wizzer.app.ins.modules.services.impl.InsLockServiceImpl
[DEBUG] 2018-10-15 16:13:25,229 org.nutz.ioc.loader.annotation.AnnotationIocLoader.addClass(AnnotationIocLoader.java:76) - Found @IocBean : class cn.wizzer.app.ins.modules.services.impl.InsOrderentryServiceImpl
[DEBUG] 2018-10-15 16:13:25,230 org.nutz.ioc.loader.annotation.AnnotationIocLoader.addClass(AnnotationIocLoader.java:76) - Found @IocBean : class cn.wizzer.app.ins.modules.services.impl.InsOrderServiceImpl
[DEBUG] 2018-10-15 16:13:25,230 org.nutz.ioc.loader.annotation.AnnotationIocLoader.addClass(AnnotationIocLoader.java:76) - Found @IocBean : class cn.wizzer.app.ins.modules.services.impl.InsRepairServiceImpl
[DEBUG] 2018-10-15 16:13:25,230 org.nutz.ioc.loader.annotation.AnnotationIocLoader.addClass(AnnotationIocLoader.java:76) - Found @IocBean : class cn.wizzer.app.ins.modules.services.impl.InsRepairtrackServiceImpl
[DEBUG] 2018-10-15 16:13:25,230 org.nutz.ioc.loader.annotation.AnnotationIocLoader.addClass(AnnotationIocLoader.java:76) - Found @IocBean : class cn.wizzer.app.ins.modules.services.impl.InsRfheadServiceImpl
[DEBUG] 2018-10-15 16:13:25,230 org.nutz.ioc.loader.annotation.AnnotationIocLoader.addClass(AnnotationIocLoader.java:76) - Found @IocBean : class cn.wizzer.app.ins.modules.services.impl.InsRfidServiceImpl
[DEBUG] 2018-10-15 16:13:25,230 org.nutz.ioc.loader.annotation.AnnotationIocLoader.addClass(AnnotationIocLoader.java:76) - Found @IocBean : class cn.wizzer.app.ins.modules.services.impl.InsSpaceServiceImpl
[DEBUG] 2018-10-15 16:13:25,230 org.nutz.ioc.loader.annotation.AnnotationIocLoader.addClass(AnnotationIocLoader.java:76) - Found @IocBean : class cn.wizzer.app.ins.modules.services.impl.InsToolcabinetServiceImpl
[DEBUG] 2018-10-15 16:13:25,230 org.nutz.ioc.loader.annotation.AnnotationIocLoader.addClass(AnnotationIocLoader.java:76) - Found @IocBean : class cn.wizzer.app.ins.modules.services.impl.InsTransmitServiceImpl
[DEBUG] 2018-10-15 16:13:25,230 org.nutz.ioc.loader.annotation.AnnotationIocLoader.addClass(AnnotationIocLoader.java:76) - Found @IocBean : class cn.wizzer.app.logistics.modules.services.impl.LogisticsDeliveryorderentryServiceImpl
[DEBUG] 2018-10-15 16:13:25,230 org.nutz.ioc.loader.annotation.AnnotationIocLoader.addClass(AnnotationIocLoader.java:76) - Found @IocBean : class cn.wizzer.app.logistics.modules.services.impl.LogisticsDeliveryorderServiceImpl
[DEBUG] 2018-10-15 16:13:25,230 org.nutz.ioc.loader.annotation.AnnotationIocLoader.addClass(AnnotationIocLoader.java:76) - Found @IocBean : class cn.wizzer.app.logistics.modules.services.impl.LogisticsEntourageServiceImpl
[DEBUG] 2018-10-15 16:13:25,230 org.nutz.ioc.loader.annotation.AnnotationIocLoader.addClass(AnnotationIocLoader.java:76) - Found @IocBean : class cn.wizzer.app.logistics.modules.services.impl.LogisticsOrderdeliveryServiceImpl
[DEBUG] 2018-10-15 16:13:25,230 org.nutz.ioc.loader.annotation.AnnotationIocLoader.addClass(AnnotationIocLoader.java:76) - Found @IocBean : class cn.wizzer.app.logistics.modules.services.impl.LogisticsOrderentryServiceImpl
[DEBUG] 2018-10-15 16:13:25,230 org.nutz.ioc.loader.annotation.AnnotationIocLoader.addClass(AnnotationIocLoader.java:76) - Found @IocBean : class cn.wizzer.app.logistics.modules.services.impl.LogisticsOrderplanentryServiceImpl
[DEBUG] 2018-10-15 16:13:25,230 org.nutz.ioc.loader.annotation.AnnotationIocLoader.addClass(AnnotationIocLoader.java:76) - Found @IocBean : class cn.wizzer.app.logistics.modules.services.impl.LogisticsOrderplanServiceImpl
[DEBUG] 2018-10-15 16:13:25,230 org.nutz.ioc.loader.annotation.AnnotationIocLoader.addClass(AnnotationIocLoader.java:76) - Found @IocBean : class cn.wizzer.app.logistics.modules.services.impl.LogisticsOrderrejectServiceImpl
[DEBUG] 2018-10-15 16:13:25,231 org.nutz.ioc.loader.annotation.AnnotationIocLoader.addClass(AnnotationIocLoader.java:76) - Found @IocBean : class cn.wizzer.app.logistics.modules.services.impl.LogisticsOrderServiceImpl
[DEBUG] 2018-10-15 16:13:25,231 org.nutz.ioc.loader.annotation.AnnotationIocLoader.addClass(AnnotationIocLoader.java:76) - Found @IocBean : class cn.wizzer.app.logistics.modules.services.impl.LogisticsOrderstepServiceImpl
[DEBUG] 2018-10-15 16:13:25,231 org.nutz.ioc.loader.annotation.AnnotationIocLoader.addClass(AnnotationIocLoader.java:76) - Found @IocBean : class cn.wizzer.app.logistics.modules.services.impl.LogisticsSendapprovalServiceImpl
[DEBUG] 2018-10-15 16:13:25,231 org.nutz.ioc.loader.annotation.AnnotationIocLoader.addClass(AnnotationIocLoader.java:76) - Found @IocBean : class cn.wizzer.app.logistics.modules.services.impl.LogisticsSendgoodsServiceImpl
[DEBUG] 2018-10-15 16:13:25,231 org.nutz.ioc.loader.annotation.AnnotationIocLoader.addClass(AnnotationIocLoader.java:76) - Found @IocBean : class cn.wizzer.app.logistics.modules.services.impl.LogisticsSendplanServiceImpl
[DEBUG] 2018-10-15 16:13:25,231 org.nutz.ioc.loader.annotation.AnnotationIocLoader.addClass(AnnotationIocLoader.java:76) - Found @IocBean : class cn.wizzer.app.logistics.modules.services.impl.LogisticsSendtraceServiceImpl
[DEBUG] 2018-10-15 16:13:25,231 org.nutz.ioc.loader.annotation.AnnotationIocLoader.addClass(AnnotationIocLoader.java:76) - Found @IocBean : class cn.wizzer.app.logistics.modules.services.impl.LogisticsUnplanServiceImpl
[DEBUG] 2018-10-15 16:13:25,231 org.nutz.ioc.loader.annotation.AnnotationIocLoader.addClass(AnnotationIocLoader.java:76) - Found @IocBean : class cn.wizzer.app.sys.modules.services.impl.SysApiServiceImpl
[DEBUG] 2018-10-15 16:13:25,231 org.nutz.ioc.loader.annotation.AnnotationIocLoader.addClass(AnnotationIocLoader.java:76) - Found @IocBean : class cn.wizzer.app.sys.modules.services.impl.SysBarcodeServiceImpl
[DEBUG] 2018-10-15 16:13:25,231 org.nutz.ioc.loader.annotation.AnnotationIocLoader.addClass(AnnotationIocLoader.java:76) - Found @IocBean : class cn.wizzer.app.sys.modules.services.impl.SysConfigServiceImpl
[DEBUG] 2018-10-15 16:13:25,231 org.nutz.ioc.loader.annotation.AnnotationIocLoader.addClass(AnnotationIocLoader.java:76) - Found @IocBean : class cn.wizzer.app.sys.modules.services.impl.SysDictServiceImpl
[DEBUG] 2018-10-15 16:13:25,231 org.nutz.ioc.loader.annotation.AnnotationIocLoader.addClass(AnnotationIocLoader.java:76) - Found @IocBean : class cn.wizzer.app.sys.modules.services.impl.SysLogServiceImpl
[DEBUG] 2018-10-15 16:13:25,231 org.nutz.ioc.loader.annotation.AnnotationIocLoader.addClass(AnnotationIocLoader.java:76) - Found @IocBean : class cn.wizzer.app.sys.modules.services.impl.SysMenuServiceImpl
[DEBUG] 2018-10-15 16:13:25,231 org.nutz.ioc.loader.annotation.AnnotationIocLoader.addClass(AnnotationIocLoader.java:76) - Found @IocBean : class cn.wizzer.app.sys.modules.services.impl.SysMobileServiceImpl
[DEBUG] 2018-10-15 16:13:25,231 org.nutz.ioc.loader.annotation.AnnotationIocLoader.addClass(AnnotationIocLoader.java:76) - Found @IocBean : class cn.wizzer.app.sys.modules.services.impl.SysPluginServiceImpl
[DEBUG] 2018-10-15 16:13:25,232 org.nutz.ioc.loader.annotation.AnnotationIocLoader.addClass(AnnotationIocLoader.java:76) - Found @IocBean : class cn.wizzer.app.sys.modules.services.impl.SysRegistauditServiceImpl
[DEBUG] 2018-10-15 16:13:25,232 org.nutz.ioc.loader.annotation.AnnotationIocLoader.addClass(AnnotationIocLoader.java:76) - Found @IocBean : class cn.wizzer.app.sys.modules.services.impl.SysRoleServiceImpl
[DEBUG] 2018-10-15 16:13:25,232 org.nutz.ioc.loader.annotation.AnnotationIocLoader.addClass(AnnotationIocLoader.java:76) - Found @IocBean : class cn.wizzer.app.sys.modules.services.impl.SysRouteServiceImpl
[DEBUG] 2018-10-15 16:13:25,232 org.nutz.ioc.loader.annotation.AnnotationIocLoader.addClass(AnnotationIocLoader.java:76) - Found @IocBean : class cn.wizzer.app.sys.modules.services.impl.SysTaskServiceImpl
[DEBUG] 2018-10-15 16:13:25,232 org.nutz.ioc.loader.annotation.AnnotationIocLoader.addClass(AnnotationIocLoader.java:76) - Found @IocBean : class cn.wizzer.app.sys.modules.services.impl.SysTempuserServiceImpl
[DEBUG] 2018-10-15 16:13:25,232 org.nutz.ioc.loader.annotation.AnnotationIocLoader.addClass(AnnotationIocLoader.java:76) - Found @IocBean : class cn.wizzer.app.sys.modules.services.impl.SysUnitServiceImpl
[DEBUG] 2018-10-15 16:13:25,232 org.nutz.ioc.loader.annotation.AnnotationIocLoader.addClass(AnnotationIocLoader.java:76) - Found @IocBean : class cn.wizzer.app.sys.modules.services.impl.SysUserServiceImpl
[DEBUG] 2018-10-15 16:13:25,232 org.nutz.ioc.loader.annotation.AnnotationIocLoader.addClass(AnnotationIocLoader.java:76) - Found @IocBean : class cn.wizzer.app.sys.modules.services.impl.SysVersionServiceImpl
[DEBUG] 2018-10-15 16:13:25,232 org.nutz.ioc.loader.annotation.AnnotationIocLoader.addClass(AnnotationIocLoader.java:76) - Found @IocBean : class cn.wizzer.app.sys.modules.services.impl.SysWxDeptServiceImpl
[DEBUG] 2018-10-15 16:13:25,232 org.nutz.ioc.loader.annotation.AnnotationIocLoader.addClass(AnnotationIocLoader.java:76) - Found @IocBean : class cn.wizzer.app.sys.modules.services.impl.SysWxServiceImpl
[DEBUG] 2018-10-15 16:13:25,232 org.nutz.ioc.loader.annotation.AnnotationIocLoader.addClass(AnnotationIocLoader.java:76) - Found @IocBean : class cn.wizzer.app.sys.modules.services.impl.SysWxUserServiceImpl
[DEBUG] 2018-10-15 16:13:25,232 org.nutz.ioc.loader.annotation.AnnotationIocLoader.addClass(AnnotationIocLoader.java:76) - Found @IocBean : class cn.wizzer.app.web.commons.plugin.DynamicInterceptor
[DEBUG] 2018-10-15 16:13:25,232 org.nutz.ioc.loader.annotation.AnnotationIocLoader.addClass(AnnotationIocLoader.java:76) - Found @IocBean : class cn.wizzer.app.web.commons.plugin.PluginAopConfigure
[DEBUG] 2018-10-15 16:13:25,232 org.nutz.ioc.loader.annotation.AnnotationIocLoader.addClass(AnnotationIocLoader.java:76) - Found @IocBean : class cn.wizzer.app.web.commons.plugin.PluginMaster
[DEBUG] 2018-10-15 16:13:25,232 org.nutz.ioc.loader.annotation.AnnotationIocLoader.addClass(AnnotationIocLoader.java:76) - Found @IocBean : class cn.wizzer.app.web.commons.quartz.job.orderExecute
[DEBUG] 2018-10-15 16:13:25,232 org.nutz.ioc.loader.annotation.AnnotationIocLoader.addClass(AnnotationIocLoader.java:76) - Found @IocBean : class cn.wizzer.app.web.commons.quartz.job.TestJob
[DEBUG] 2018-10-15 16:13:25,233 org.nutz.ioc.loader.annotation.AnnotationIocLoader.addClass(AnnotationIocLoader.java:76) - Found @IocBean : class cn.wizzer.app.web.commons.services.email.EmailService
[DEBUG] 2018-10-15 16:13:25,233 org.nutz.ioc.loader.annotation.AnnotationIocLoader.addClass(AnnotationIocLoader.java:76) - Found @IocBean : class cn.wizzer.app.web.commons.services.qrcode.QrcodeService
[DEBUG] 2018-10-15 16:13:25,233 org.nutz.ioc.loader.annotation.AnnotationIocLoader.addClass(AnnotationIocLoader.java:76) - Found @IocBean : class cn.wizzer.app.web.commons.services.wx.TplService
[DEBUG] 2018-10-15 16:13:25,233 org.nutz.ioc.loader.annotation.AnnotationIocLoader.addClass(AnnotationIocLoader.java:76) - Found @IocBean : class cn.wizzer.app.web.commons.services.wx.WxHandler
[DEBUG] 2018-10-15 16:13:25,233 org.nutz.ioc.loader.annotation.AnnotationIocLoader.addClass(AnnotationIocLoader.java:76) - Found @IocBean : class cn.wizzer.app.web.commons.shiro.realm.PlatformAuthorizingRealm
[DEBUG] 2018-10-15 16:13:25,233 org.nutz.ioc.loader.annotation.AnnotationIocLoader.addClass(AnnotationIocLoader.java:76) - Found @IocBean : class cn.wizzer.app.web.commons.slog.SLogAopConfigration
[DEBUG] 2018-10-15 16:13:25,233 org.nutz.ioc.loader.annotation.AnnotationIocLoader.addClass(AnnotationIocLoader.java:76) - Found @IocBean : class cn.wizzer.app.web.commons.slog.SLogService
[DEBUG] 2018-10-15 16:13:25,233 org.nutz.ioc.loader.annotation.AnnotationIocLoader.addClass(AnnotationIocLoader.java:76) - Found @IocBean : class cn.wizzer.app.web.modules.controllers.front.wx.CmsController
[DEBUG] 2018-10-15 16:13:25,233 org.nutz.ioc.loader.annotation.AnnotationIocLoader.addClass(AnnotationIocLoader.java:76) - Found @IocBean : class cn.wizzer.app.web.modules.controllers.front.wx.WechatController
[DEBUG] 2018-10-15 16:13:25,233 org.nutz.ioc.loader.annotation.AnnotationIocLoader.addClass(AnnotationIocLoader.java:76) - Found @IocBean : class cn.wizzer.app.web.modules.controllers.open.api.mobile.MobileBaseController
[DEBUG] 2018-10-15 16:13:25,233 org.nutz.ioc.loader.annotation.AnnotationIocLoader.addClass(AnnotationIocLoader.java:76) - Found @IocBean : class cn.wizzer.app.web.modules.controllers.open.api.mobile.MobileInsController
[DEBUG] 2018-10-15 16:13:25,233 org.nutz.ioc.loader.annotation.AnnotationIocLoader.addClass(AnnotationIocLoader.java:76) - Found @IocBean : class cn.wizzer.app.web.modules.controllers.open.api.mobile.MobileOrderController
[DEBUG] 2018-10-15 16:13:25,233 org.nutz.ioc.loader.annotation.AnnotationIocLoader.addClass(AnnotationIocLoader.java:76) - Found @IocBean : class cn.wizzer.app.web.modules.controllers.open.api.mobile.MobileSysController
[DEBUG] 2018-10-15 16:13:25,233 org.nutz.ioc.loader.annotation.AnnotationIocLoader.addClass(AnnotationIocLoader.java:76) - Found @IocBean : class cn.wizzer.app.web.modules.controllers.open.api.pad.PadInsController
[DEBUG] 2018-10-15 16:13:25,233 org.nutz.ioc.loader.annotation.AnnotationIocLoader.addClass(AnnotationIocLoader.java:76) - Found @IocBean : class cn.wizzer.app.web.modules.controllers.open.api.pad.PadOrderController
[DEBUG] 2018-10-15 16:13:25,233 org.nutz.ioc.loader.annotation.AnnotationIocLoader.addClass(AnnotationIocLoader.java:76) - Found @IocBean : class cn.wizzer.app.web.modules.controllers.open.api.pad.PadSysController
[DEBUG] 2018-10-15 16:13:25,233 org.nutz.ioc.loader.annotation.AnnotationIocLoader.addClass(AnnotationIocLoader.java:76) - Found @IocBean : class cn.wizzer.app.web.modules.controllers.open.api.test.ApiTestController
[DEBUG] 2018-10-15 16:13:25,234 org.nutz.ioc.loader.annotation.AnnotationIocLoader.addClass(AnnotationIocLoader.java:76) - Found @IocBean : class cn.wizzer.app.web.modules.controllers.open.api.token.TokenController
[DEBUG] 2018-10-15 16:13:25,234 org.nutz.ioc.loader.annotation.AnnotationIocLoader.addClass(AnnotationIocLoader.java:76) - Found @IocBean : class cn.wizzer.app.web.modules.controllers.open.api.userpermission.UserpermissionController
[DEBUG] 2018-10-15 16:13:25,234 org.nutz.ioc.loader.annotation.AnnotationIocLoader.addClass(AnnotationIocLoader.java:76) - Found @IocBean : class cn.wizzer.app.web.modules.controllers.open.file.UploadController
[DEBUG] 2018-10-15 16:13:25,234 org.nutz.ioc.loader.annotation.AnnotationIocLoader.addClass(AnnotationIocLoader.java:76) - Found @IocBean : class cn.wizzer.app.web.modules.controllers.open.pay.WxPayBackController
[DEBUG] 2018-10-15 16:13:25,234 org.nutz.ioc.loader.annotation.AnnotationIocLoader.addClass(AnnotationIocLoader.java:76) - Found @IocBean : class cn.wizzer.app.web.modules.controllers.open.ueditor.BdController
[DEBUG] 2018-10-15 16:13:25,234 org.nutz.ioc.loader.annotation.AnnotationIocLoader.addClass(AnnotationIocLoader.java:76) - Found @IocBean : class cn.wizzer.app.web.modules.controllers.open.ueditor.WxController
[DEBUG] 2018-10-15 16:13:25,234 org.nutz.ioc.loader.annotation.AnnotationIocLoader.addClass(AnnotationIocLoader.java:76) - Found @IocBean : class cn.wizzer.app.web.modules.controllers.open.wx.WeixinController
[DEBUG] 2018-10-15 16:13:25,234 org.nutz.ioc.loader.annotation.AnnotationIocLoader.addClass(AnnotationIocLoader.java:76) - Found @IocBean : class cn.wizzer.app.web.modules.controllers.platform.base.BaseAirmeterialController
[DEBUG] 2018-10-15 16:13:25,234 org.nutz.ioc.loader.annotation.AnnotationIocLoader.addClass(AnnotationIocLoader.java:76) - Found @IocBean : class cn.wizzer.app.web.modules.controllers.platform.base.BaseAirportController
[DEBUG] 2018-10-15 16:13:25,234 org.nutz.ioc.loader.annotation.AnnotationIocLoader.addClass(AnnotationIocLoader.java:76) - Found @IocBean : class cn.wizzer.app.web.modules.controllers.platform.base.BaseCnctobjController
[DEBUG] 2018-10-15 16:13:25,234 org.nutz.ioc.loader.annotation.AnnotationIocLoader.addClass(AnnotationIocLoader.java:76) - Found @IocBean : class cn.wizzer.app.web.modules.controllers.platform.base.BaseCustomerController
[DEBUG] 2018-10-15 16:13:25,234 org.nutz.ioc.loader.annotation.AnnotationIocLoader.addClass(AnnotationIocLoader.java:76) - Found @IocBean : class cn.wizzer.app.web.modules.controllers.platform.base.BaseDeptController
[DEBUG] 2018-10-15 16:13:25,234 org.nutz.ioc.loader.annotation.AnnotationIocLoader.addClass(AnnotationIocLoader.java:76) - Found @IocBean : class cn.wizzer.app.web.modules.controllers.platform.base.BaseJobController
[DEBUG] 2018-10-15 16:13:25,234 org.nutz.ioc.loader.annotation.AnnotationIocLoader.addClass(AnnotationIocLoader.java:76) - Found @IocBean : class cn.wizzer.app.web.modules.controllers.platform.base.BasePersonController
[DEBUG] 2018-10-15 16:13:25,234 org.nutz.ioc.loader.annotation.AnnotationIocLoader.addClass(AnnotationIocLoader.java:76) - Found @IocBean : class cn.wizzer.app.web.modules.controllers.platform.base.BasePersonpoolController
[DEBUG] 2018-10-15 16:13:25,234 org.nutz.ioc.loader.annotation.AnnotationIocLoader.addClass(AnnotationIocLoader.java:76) - Found @IocBean : class cn.wizzer.app.web.modules.controllers.platform.base.BasePlaceController
[DEBUG] 2018-10-15 16:13:25,234 org.nutz.ioc.loader.annotation.AnnotationIocLoader.addClass(AnnotationIocLoader.java:76) - Found @IocBean : class cn.wizzer.app.web.modules.controllers.platform.base.BasePostController
[DEBUG] 2018-10-15 16:13:25,235 org.nutz.ioc.loader.annotation.AnnotationIocLoader.addClass(AnnotationIocLoader.java:76) - Found @IocBean : class cn.wizzer.app.web.modules.controllers.platform.base.BaseRowofficeController
[DEBUG] 2018-10-15 16:13:25,235 org.nutz.ioc.loader.annotation.AnnotationIocLoader.addClass(AnnotationIocLoader.java:76) - Found @IocBean : class cn.wizzer.app.web.modules.controllers.platform.base.BaseRowofficeentryController
[DEBUG] 2018-10-15 16:13:25,235 org.nutz.ioc.loader.annotation.AnnotationIocLoader.addClass(AnnotationIocLoader.java:76) - Found @IocBean : class cn.wizzer.app.web.modules.controllers.platform.base.BaseVehicleController
[DEBUG] 2018-10-15 16:13:25,235 org.nutz.ioc.loader.annotation.AnnotationIocLoader.addClass(AnnotationIocLoader.java:76) - Found @IocBean : class cn.wizzer.app.web.modules.controllers.platform.base.BaseWarehouseController
[DEBUG] 2018-10-15 16:13:25,235 org.nutz.ioc.loader.annotation.AnnotationIocLoader.addClass(AnnotationIocLoader.java:76) - Found @IocBean : class cn.wizzer.app.web.modules.controllers.platform.cms.CmsArticleController
[DEBUG] 2018-10-15 16:13:25,235 org.nutz.ioc.loader.annotation.AnnotationIocLoader.addClass(AnnotationIocLoader.java:76) - Found @IocBean : class cn.wizzer.app.web.modules.controllers.platform.cms.CmsChannelController
[DEBUG] 2018-10-15 16:13:25,235 org.nutz.ioc.loader.annotation.AnnotationIocLoader.addClass(AnnotationIocLoader.java:76) - Found @IocBean : class cn.wizzer.app.web.modules.controllers.platform.cms.CmsLinkClassController
[DEBUG] 2018-10-15 16:13:25,235 org.nutz.ioc.loader.annotation.AnnotationIocLoader.addClass(AnnotationIocLoader.java:76) - Found @IocBean : class cn.wizzer.app.web.modules.controllers.platform.cms.CmsLinkController
[DEBUG] 2018-10-15 16:13:25,235 org.nutz.ioc.loader.annotation.AnnotationIocLoader.addClass(AnnotationIocLoader.java:76) - Found @IocBean : class cn.wizzer.app.web.modules.controllers.platform.cms.CmsSiteController
[DEBUG] 2018-10-15 16:13:25,235 org.nutz.ioc.loader.annotation.AnnotationIocLoader.addClass(AnnotationIocLoader.java:76) - Found @IocBean : class cn.wizzer.app.web.modules.controllers.platform.ins.InsBaseinsController
[DEBUG] 2018-10-15 16:13:25,235 org.nutz.ioc.loader.annotation.AnnotationIocLoader.addClass(AnnotationIocLoader.java:76) - Found @IocBean : class cn.wizzer.app.web.modules.controllers.platform.ins.InsBaseinsSpaceController
[DEBUG] 2018-10-15 16:13:25,235 org.nutz.ioc.loader.annotation.AnnotationIocLoader.addClass(AnnotationIocLoader.java:76) - Found @IocBean : class cn.wizzer.app.web.modules.controllers.platform.ins.InsCabinetController
[DEBUG] 2018-10-15 16:13:25,235 org.nutz.ioc.loader.annotation.AnnotationIocLoader.addClass(AnnotationIocLoader.java:76) - Found @IocBean : class cn.wizzer.app.web.modules.controllers.platform.ins.InsCommonController
[DEBUG] 2018-10-15 16:13:25,235 org.nutz.ioc.loader.annotation.AnnotationIocLoader.addClass(AnnotationIocLoader.java:76) - Found @IocBean : class cn.wizzer.app.web.modules.controllers.platform.ins.InsInstrumentController
[DEBUG] 2018-10-15 16:13:25,235 org.nutz.ioc.loader.annotation.AnnotationIocLoader.addClass(AnnotationIocLoader.java:76) - Found @IocBean : class cn.wizzer.app.web.modules.controllers.platform.ins.InsLockController
[DEBUG] 2018-10-15 16:13:25,235 org.nutz.ioc.loader.annotation.AnnotationIocLoader.addClass(AnnotationIocLoader.java:76) - Found @IocBean : class cn.wizzer.app.web.modules.controllers.platform.ins.InsOrderController
[DEBUG] 2018-10-15 16:13:25,235 org.nutz.ioc.loader.annotation.AnnotationIocLoader.addClass(AnnotationIocLoader.java:76) - Found @IocBean : class cn.wizzer.app.web.modules.controllers.platform.ins.InsOrderentryController
[DEBUG] 2018-10-15 16:13:25,236 org.nutz.ioc.loader.annotation.AnnotationIocLoader.addClass(AnnotationIocLoader.java:76) - Found @IocBean : class cn.wizzer.app.web.modules.controllers.platform.ins.InsRepairController
[DEBUG] 2018-10-15 16:13:25,236 org.nutz.ioc.loader.annotation.AnnotationIocLoader.addClass(AnnotationIocLoader.java:76) - Found @IocBean : class cn.wizzer.app.web.modules.controllers.platform.ins.InsRepairtrackController
[DEBUG] 2018-10-15 16:13:25,236 org.nutz.ioc.loader.annotation.AnnotationIocLoader.addClass(AnnotationIocLoader.java:76) - Found @IocBean : class cn.wizzer.app.web.modules.controllers.platform.ins.InsRfheadController
[DEBUG] 2018-10-15 16:13:25,236 org.nutz.ioc.loader.annotation.AnnotationIocLoader.addClass(AnnotationIocLoader.java:76) - Found @IocBean : class cn.wizzer.app.web.modules.controllers.platform.ins.InsRfidController
[DEBUG] 2018-10-15 16:13:25,236 org.nutz.ioc.loader.annotation.AnnotationIocLoader.addClass(AnnotationIocLoader.java:76) - Found @IocBean : class cn.wizzer.app.web.modules.controllers.platform.ins.InsSpaceController
[DEBUG] 2018-10-15 16:13:25,236 org.nutz.ioc.loader.annotation.AnnotationIocLoader.addClass(AnnotationIocLoader.java:76) - Found @IocBean : class cn.wizzer.app.web.modules.controllers.platform.ins.InsToolcabinetController
[DEBUG] 2018-10-15 16:13:25,236 org.nutz.ioc.loader.annotation.AnnotationIocLoader.addClass(AnnotationIocLoader.java:76) - Found @IocBean : class cn.wizzer.app.web.modules.controllers.platform.ins.InsTransmitController
[DEBUG] 2018-10-15 16:13:25,236 org.nutz.ioc.loader.annotation.AnnotationIocLoader.addClass(AnnotationIocLoader.java:76) - Found @IocBean : class cn.wizzer.app.web.modules.controllers.platform.logistics.LogisticsDeliveryorderController
[DEBUG] 2018-10-15 16:13:25,236 org.nutz.ioc.loader.annotation.AnnotationIocLoader.addClass(AnnotationIocLoader.java:76) - Found @IocBean : class cn.wizzer.app.web.modules.controllers.platform.logistics.LogisticsDeliveryorderentryController
[DEBUG] 2018-10-15 16:13:25,236 org.nutz.ioc.loader.annotation.AnnotationIocLoader.addClass(AnnotationIocLoader.java:76) - Found @IocBean : class cn.wizzer.app.web.modules.controllers.platform.logistics.LogisticsEntourageController
[DEBUG] 2018-10-15 16:13:25,236 org.nutz.ioc.loader.annotation.AnnotationIocLoader.addClass(AnnotationIocLoader.java:76) - Found @IocBean : class cn.wizzer.app.web.modules.controllers.platform.logistics.LogisticsOrderController
[DEBUG] 2018-10-15 16:13:25,236 org.nutz.ioc.loader.annotation.AnnotationIocLoader.addClass(AnnotationIocLoader.java:76) - Found @IocBean : class cn.wizzer.app.web.modules.controllers.platform.logistics.LogisticsOrderdeliveryController
[DEBUG] 2018-10-15 16:13:25,236 org.nutz.ioc.loader.annotation.AnnotationIocLoader.addClass(AnnotationIocLoader.java:76) - Found @IocBean : class cn.wizzer.app.web.modules.controllers.platform.logistics.LogisticsOrderentryController
[DEBUG] 2018-10-15 16:13:25,236 org.nutz.ioc.loader.annotation.AnnotationIocLoader.addClass(AnnotationIocLoader.java:76) - Found @IocBean : class cn.wizzer.app.web.modules.controllers.platform.logistics.LogisticsOrderplanController
[DEBUG] 2018-10-15 16:13:25,236 org.nutz.ioc.loader.annotation.AnnotationIocLoader.addClass(AnnotationIocLoader.java:76) - Found @IocBean : class cn.wizzer.app.web.modules.controllers.platform.logistics.LogisticsOrderplanentryController
[DEBUG] 2018-10-15 16:13:25,236 org.nutz.ioc.loader.annotation.AnnotationIocLoader.addClass(AnnotationIocLoader.java:76) - Found @IocBean : class cn.wizzer.app.web.modules.controllers.platform.logistics.LogisticsOrderrejectController
[DEBUG] 2018-10-15 16:13:25,237 org.nutz.ioc.loader.annotation.AnnotationIocLoader.addClass(AnnotationIocLoader.java:76) - Found @IocBean : class cn.wizzer.app.web.modules.controllers.platform.logistics.LogisticsOrderstepController
[DEBUG] 2018-10-15 16:13:25,237 org.nutz.ioc.loader.annotation.AnnotationIocLoader.addClass(AnnotationIocLoader.java:76) - Found @IocBean : class cn.wizzer.app.web.modules.controllers.platform.logistics.LogisticsSendapprovalController
[DEBUG] 2018-10-15 16:13:25,237 org.nutz.ioc.loader.annotation.AnnotationIocLoader.addClass(AnnotationIocLoader.java:76) - Found @IocBean : class cn.wizzer.app.web.modules.controllers.platform.logistics.LogisticsSendgoodsController
[DEBUG] 2018-10-15 16:13:25,237 org.nutz.ioc.loader.annotation.AnnotationIocLoader.addClass(AnnotationIocLoader.java:76) - Found @IocBean : class cn.wizzer.app.web.modules.controllers.platform.logistics.LogisticsSendplanController
[DEBUG] 2018-10-15 16:13:25,237 org.nutz.ioc.loader.annotation.AnnotationIocLoader.addClass(AnnotationIocLoader.java:76) - Found @IocBean : class cn.wizzer.app.web.modules.controllers.platform.logistics.LogisticsSendtraceController
[DEBUG] 2018-10-15 16:13:25,237 org.nutz.ioc.loader.annotation.AnnotationIocLoader.addClass(AnnotationIocLoader.java:76) - Found @IocBean : class cn.wizzer.app.web.modules.controllers.platform.logistics.LogisticsUnplanController
[DEBUG] 2018-10-15 16:13:25,237 org.nutz.ioc.loader.annotation.AnnotationIocLoader.addClass(AnnotationIocLoader.java:76) - Found @IocBean : class cn.wizzer.app.web.modules.controllers.platform.sys.SysApiController
[DEBUG] 2018-10-15 16:13:25,237 org.nutz.ioc.loader.annotation.AnnotationIocLoader.addClass(AnnotationIocLoader.java:76) - Found @IocBean : class cn.wizzer.app.web.modules.controllers.platform.sys.SysBarcodeController
[DEBUG] 2018-10-15 16:13:25,237 org.nutz.ioc.loader.annotation.AnnotationIocLoader.addClass(AnnotationIocLoader.java:76) - Found @IocBean : class cn.wizzer.app.web.modules.controllers.platform.sys.SysConfController
[DEBUG] 2018-10-15 16:13:25,237 org.nutz.ioc.loader.annotation.AnnotationIocLoader.addClass(AnnotationIocLoader.java:76) - Found @IocBean : class cn.wizzer.app.web.modules.controllers.platform.sys.SysDictController
[DEBUG] 2018-10-15 16:13:25,237 org.nutz.ioc.loader.annotation.AnnotationIocLoader.addClass(AnnotationIocLoader.java:76) - Found @IocBean : class cn.wizzer.app.web.modules.controllers.platform.sys.SysHomeController
[DEBUG] 2018-10-15 16:13:25,237 org.nutz.ioc.loader.annotation.AnnotationIocLoader.addClass(AnnotationIocLoader.java:76) - Found @IocBean : class cn.wizzer.app.web.modules.controllers.platform.sys.SysLogController
[DEBUG] 2018-10-15 16:13:25,237 org.nutz.ioc.loader.annotation.AnnotationIocLoader.addClass(AnnotationIocLoader.java:76) - Found @IocBean : class cn.wizzer.app.web.modules.controllers.platform.sys.SysLoginController
[DEBUG] 2018-10-15 16:13:25,237 org.nutz.ioc.loader.annotation.AnnotationIocLoader.addClass(AnnotationIocLoader.java:76) - Found @IocBean : class cn.wizzer.app.web.modules.controllers.platform.sys.SysMenuController
[DEBUG] 2018-10-15 16:13:25,237 org.nutz.ioc.loader.annotation.AnnotationIocLoader.addClass(AnnotationIocLoader.java:76) - Found @IocBean : class cn.wizzer.app.web.modules.controllers.platform.sys.SysMobileController
[DEBUG] 2018-10-15 16:13:25,237 org.nutz.ioc.loader.annotation.AnnotationIocLoader.addClass(AnnotationIocLoader.java:76) - Found @IocBean : class cn.wizzer.app.web.modules.controllers.platform.sys.SysPluginController
[DEBUG] 2018-10-15 16:13:25,238 org.nutz.ioc.loader.annotation.AnnotationIocLoader.addClass(AnnotationIocLoader.java:76) - Found @IocBean : class cn.wizzer.app.web.modules.controllers.platform.sys.SysRegistauditController
[DEBUG] 2018-10-15 16:13:25,238 org.nutz.ioc.loader.annotation.AnnotationIocLoader.addClass(AnnotationIocLoader.java:76) - Found @IocBean : class cn.wizzer.app.web.modules.controllers.platform.sys.SysRoleController
[DEBUG] 2018-10-15 16:13:25,238 org.nutz.ioc.loader.annotation.AnnotationIocLoader.addClass(AnnotationIocLoader.java:76) - Found @IocBean : class cn.wizzer.app.web.modules.controllers.platform.sys.SysRouteController
[DEBUG] 2018-10-15 16:13:25,238 org.nutz.ioc.loader.annotation.AnnotationIocLoader.addClass(AnnotationIocLoader.java:76) - Found @IocBean : class cn.wizzer.app.web.modules.controllers.platform.sys.SysTaskController
[DEBUG] 2018-10-15 16:13:25,238 org.nutz.ioc.loader.annotation.AnnotationIocLoader.addClass(AnnotationIocLoader.java:76) - Found @IocBean : class cn.wizzer.app.web.modules.controllers.platform.sys.SysTempuserController
[DEBUG] 2018-10-15 16:13:25,238 org.nutz.ioc.loader.annotation.AnnotationIocLoader.addClass(AnnotationIocLoader.java:76) - Found @IocBean : class cn.wizzer.app.web.modules.controllers.platform.sys.SysUnitController
[DEBUG] 2018-10-15 16:13:25,238 org.nutz.ioc.loader.annotation.AnnotationIocLoader.addClass(AnnotationIocLoader.java:76) - Found @IocBean : class cn.wizzer.app.web.modules.controllers.platform.sys.SysUserController
[DEBUG] 2018-10-15 16:13:25,238 org.nutz.ioc.loader.annotation.AnnotationIocLoader.addClass(AnnotationIocLoader.java:76) - Found @IocBean : class cn.wizzer.app.web.modules.controllers.platform.sys.SysVersionController
[DEBUG] 2018-10-15 16:13:25,238 org.nutz.ioc.loader.annotation.AnnotationIocLoader.addClass(AnnotationIocLoader.java:76) - Found @IocBean : class cn.wizzer.app.web.modules.controllers.platform.sys.SysWxController
[DEBUG] 2018-10-15 16:13:25,238 org.nutz.ioc.loader.annotation.AnnotationIocLoader.addClass(AnnotationIocLoader.java:76) - Found @IocBean : class cn.wizzer.app.web.modules.controllers.platform.sys.SysWxDeptController
[DEBUG] 2018-10-15 16:13:25,238 org.nutz.ioc.loader.annotation.AnnotationIocLoader.addClass(AnnotationIocLoader.java:76) - Found @IocBean : class cn.wizzer.app.web.modules.controllers.platform.sys.SysWxUserController
[DEBUG] 2018-10-15 16:13:25,238 org.nutz.ioc.loader.annotation.AnnotationIocLoader.addClass(AnnotationIocLoader.java:76) - Found @IocBean : class cn.wizzer.app.web.modules.controllers.platform.wx.WxConfigController
[DEBUG] 2018-10-15 16:13:25,238 org.nutz.ioc.loader.annotation.AnnotationIocLoader.addClass(AnnotationIocLoader.java:76) - Found @IocBean : class cn.wizzer.app.web.modules.controllers.platform.wx.WxMassController
[DEBUG] 2018-10-15 16:13:25,238 org.nutz.ioc.loader.annotation.AnnotationIocLoader.addClass(AnnotationIocLoader.java:76) - Found @IocBean : class cn.wizzer.app.web.modules.controllers.platform.wx.WxMenuController
[DEBUG] 2018-10-15 16:13:25,238 org.nutz.ioc.loader.annotation.AnnotationIocLoader.addClass(AnnotationIocLoader.java:76) - Found @IocBean : class cn.wizzer.app.web.modules.controllers.platform.wx.WxMsgUserController
[DEBUG] 2018-10-15 16:13:25,238 org.nutz.ioc.loader.annotation.AnnotationIocLoader.addClass(AnnotationIocLoader.java:76) - Found @IocBean : class cn.wizzer.app.web.modules.controllers.platform.wx.WxPayTestController
[DEBUG] 2018-10-15 16:13:25,238 org.nutz.ioc.loader.annotation.AnnotationIocLoader.addClass(AnnotationIocLoader.java:76) - Found @IocBean : class cn.wizzer.app.web.modules.controllers.platform.wx.WxReplyController
[DEBUG] 2018-10-15 16:13:25,238 org.nutz.ioc.loader.annotation.AnnotationIocLoader.addClass(AnnotationIocLoader.java:76) - Found @IocBean : class cn.wizzer.app.web.modules.controllers.platform.wx.WxReplyNewsController
[DEBUG] 2018-10-15 16:13:25,239 org.nutz.ioc.loader.annotation.AnnotationIocLoader.addClass(AnnotationIocLoader.java:76) - Found @IocBean : class cn.wizzer.app.web.modules.controllers.platform.wx.WxReplyTxtController
[DEBUG] 2018-10-15 16:13:25,239 org.nutz.ioc.loader.annotation.AnnotationIocLoader.addClass(AnnotationIocLoader.java:76) - Found @IocBean : class cn.wizzer.app.web.modules.controllers.platform.wx.WxTplIdController
[DEBUG] 2018-10-15 16:13:25,239 org.nutz.ioc.loader.annotation.AnnotationIocLoader.addClass(AnnotationIocLoader.java:76) - Found @IocBean : class cn.wizzer.app.web.modules.controllers.platform.wx.WxTplListController
[DEBUG] 2018-10-15 16:13:25,239 org.nutz.ioc.loader.annotation.AnnotationIocLoader.addClass(AnnotationIocLoader.java:76) - Found @IocBean : class cn.wizzer.app.web.modules.controllers.platform.wx.WxTplLogController
[DEBUG] 2018-10-15 16:13:25,239 org.nutz.ioc.loader.annotation.AnnotationIocLoader.addClass(AnnotationIocLoader.java:76) - Found @IocBean : class cn.wizzer.app.web.modules.controllers.platform.wx.WxUserController
[DEBUG] 2018-10-15 16:13:25,239 org.nutz.ioc.loader.annotation.AnnotationIocLoader.addClass(AnnotationIocLoader.java:76) - Found @IocBean : class cn.wizzer.app.wx.modules.services.impl.WxConfigServiceImpl
[DEBUG] 2018-10-15 16:13:25,239 org.nutz.ioc.loader.annotation.AnnotationIocLoader.addClass(AnnotationIocLoader.java:76) - Found @IocBean : class cn.wizzer.app.wx.modules.services.impl.WxMassNewsServiceImpl
[DEBUG] 2018-10-15 16:13:25,239 org.nutz.ioc.loader.annotation.AnnotationIocLoader.addClass(AnnotationIocLoader.java:76) - Found @IocBean : class cn.wizzer.app.wx.modules.services.impl.WxMassSendServiceImpl
[DEBUG] 2018-10-15 16:13:25,239 org.nutz.ioc.loader.annotation.AnnotationIocLoader.addClass(AnnotationIocLoader.java:76) - Found @IocBean : class cn.wizzer.app.wx.modules.services.impl.WxMassServiceImpl
[DEBUG] 2018-10-15 16:13:25,239 org.nutz.ioc.loader.annotation.AnnotationIocLoader.addClass(AnnotationIocLoader.java:76) - Found @IocBean : class cn.wizzer.app.wx.modules.services.impl.WxMenuServiceImpl
[DEBUG] 2018-10-15 16:13:25,239 org.nutz.ioc.loader.annotation.AnnotationIocLoader.addClass(AnnotationIocLoader.java:76) - Found @IocBean : class cn.wizzer.app.wx.modules.services.impl.WxMsgReplyServiceImpl
[DEBUG] 2018-10-15 16:13:25,239 org.nutz.ioc.loader.annotation.AnnotationIocLoader.addClass(AnnotationIocLoader.java:76) - Found @IocBean : class cn.wizzer.app.wx.modules.services.impl.WxMsgServiceImpl
[DEBUG] 2018-10-15 16:13:25,239 org.nutz.ioc.loader.annotation.AnnotationIocLoader.addClass(AnnotationIocLoader.java:76) - Found @IocBean : class cn.wizzer.app.wx.modules.services.impl.WxReplyNewsServiceImpl
[DEBUG] 2018-10-15 16:13:25,239 org.nutz.ioc.loader.annotation.AnnotationIocLoader.addClass(AnnotationIocLoader.java:76) - Found @IocBean : class cn.wizzer.app.wx.modules.services.impl.WxReplyServiceImpl
[DEBUG] 2018-10-15 16:13:25,239 org.nutz.ioc.loader.annotation.AnnotationIocLoader.addClass(AnnotationIocLoader.java:76) - Found @IocBean : class cn.wizzer.app.wx.modules.services.impl.WxReplyTxtServiceImpl
[DEBUG] 2018-10-15 16:13:25,239 org.nutz.ioc.loader.annotation.AnnotationIocLoader.addClass(AnnotationIocLoader.java:76) - Found @IocBean : class cn.wizzer.app.wx.modules.services.impl.WxTplIdServiceImpl
[DEBUG] 2018-10-15 16:13:25,240 org.nutz.ioc.loader.annotation.AnnotationIocLoader.addClass(AnnotationIocLoader.java:76) - Found @IocBean : class cn.wizzer.app.wx.modules.services.impl.WxTplListServiceImpl
[DEBUG] 2018-10-15 16:13:25,240 org.nutz.ioc.loader.annotation.AnnotationIocLoader.addClass(AnnotationIocLoader.java:76) - Found @IocBean : class cn.wizzer.app.wx.modules.services.impl.WxTplLogServiceImpl
[DEBUG] 2018-10-15 16:13:25,240 org.nutz.ioc.loader.annotation.AnnotationIocLoader.addClass(AnnotationIocLoader.java:76) - Found @IocBean : class cn.wizzer.app.wx.modules.services.impl.WxUserServiceImpl
[DEBUG] 2018-10-15 16:13:25,240 org.nutz.ioc.loader.annotation.AnnotationIocLoader.addClass(AnnotationIocLoader.java:76) - Found @IocBean : class cn.wizzer.test.SimpleTest
[DEBUG] 2018-10-15 16:13:25,241 org.nutz.resource.Scans.scan(Scans.java:274) - Found 0 resource by src( org/nutz/apidoc/ ) , regex( ^.+[.]class$ )
[INFO ] 2018-10-15 16:13:25,242 org.nutz.ioc.loader.annotation.AnnotationIocLoader.<init>(AnnotationIocLoader.java:52) - Found 204 classes in 2 base-packages!
beans = ["wxTplListController", "uploadController", "wxReplyTxtServiceImpl", "logisticsSendplanController", "baseJobServiceImpl", "dateUtil", "qrcodeService", "logisticsSendgoodsServiceImpl", "logisticsOrderentryController", "insLockController", "baseRowofficeentryServiceImpl", "cmsChannelServiceImpl", "insBaseinsServiceImpl", "orderExecute", "cmsArticleController", "basePostController", "baseAirmeterialServiceImpl", "basePersonController", "logisticsOrderplanServiceImpl", "cmsLinkClassController", "basePostServiceImpl", "baseRowofficeServiceImpl", "baseJobController", "baseRowofficeController", "wxReplyController", "insRepairController", "sysConfigServiceImpl", "basePersonpoolController", "baseVehicleController", "wxMsgServiceImpl", "wxPayBackController", "logisticsUnplanController", "mobileInsController", "sysTaskController", "sysBarcodeController", "insTransmitController", "sysDictServiceImpl", "wxConfigServiceImpl", "baseAirportServiceImpl", "apiTestController", "sysMenuController", "cmsSiteServiceImpl", "mobileSysController", "cmsLinkController", "insCommonController", "logisticsOrderplanentryServiceImpl", "insInstrumentController", "sysRegistauditServiceImpl", "insLockServiceImpl", "insOrderController", "wechatController", "wxMsgUserController", "sysDictController", "sysWxUserController", "logisticsDeliveryorderentryController", "basePersonServiceImpl", "insOrderentryServiceImpl", "insRepairtrackController", "insInstrumentServiceImpl", "logisticsSendapprovalServiceImpl", "logisticsOrderdeliveryController", "wxTplListServiceImpl", "tplService", "sysPluginServiceImpl", "insRfheadController", "logisticsSendgoodsController", "mobileBaseController", "baseCnctobjServiceImpl", "nutShiroMethodInterceptor", "insCabinetServiceImpl", "basePlaceServiceImpl", "baseVehicleServiceImpl", "cmsLinkClassServiceImpl", "sysHomeController", "insRfheadServiceImpl", "sysMobileController", "wxMassServiceImpl", "logisticsOrderentryServiceImpl", "logisticsSendplanServiceImpl", "logisticsOrderrejectServiceImpl", "wxHandler", "cmsChannelController", "wxController", "rabbitProducer", "sysTaskServiceImpl", "sysVersionController", "shiroUtil", "wxReplyTxtController", "sysPluginController", "logisticsSendtraceController", "sysApiServiceImpl", "logisticsEntourageServiceImpl", "sLogService", "baseAirportController", "sysApiController", "wxTplIdController", "insSpaceServiceImpl", "logisticsOrderController", "sysTempuserController", "sysUserController", "platformAuthorizingRealm", "testJob", "$aop_1_plugin", "sysRegistauditController", "wxReplyNewsServiceImpl", "insTransmitServiceImpl", "sysLoginController", "wxTplLogServiceImpl", "sysUserServiceImpl", "sysRoleServiceImpl", "sysRouteController", "idcardUtil", "basePlaceController", "sysWxDeptController", "logisticsOrderplanentryController", "userpermissionController", "sysWxServiceImpl", "cmsController", "logisticsSendtraceServiceImpl", "insOrderentryController", "logisticsSendapprovalController", "wxMenuController", "insOrderServiceImpl", "weixinController", "code128Util", "insRepairServiceImpl", "logisticsOrderplanController", "wxMsgReplyServiceImpl", "logisticsOrderdeliveryServiceImpl", "cmsArticleServiceImpl", "baseCnctobjController", "baseCustomerController", "insBaseinsController", "insRfidServiceImpl", "cookieUtil", "baseRowofficeentryController", "logisticsOrderstepServiceImpl", "wxReplyServiceImpl", "bdController", "redisIdGenerator", "insBaseinsSpaceServiceImpl", "cmsSiteController", "logisticsDeliveryorderServiceImpl", "insCabinetController", "logisticsOrderServiceImpl", "sysWxDeptServiceImpl", "sysWxController", "mobileOrderController", "sysRoleController", "logisticsEntourageController", "insCommonServiceImpl", "sysUnitController", "padInsController", "wxMassSendServiceImpl", "logisticsDeliveryorderController", "rSAUtil", "wxConfigController", "stringUtil", "baseCustomerServiceImpl", "basePersonpoolServiceImpl", "insBaseinsSpaceController", "wxUserServiceImpl", "insSpaceController", "sysTempuserServiceImpl", "baseWarehouseServiceImpl", "insToolcabinetController", "sysWxUserServiceImpl", "dynamicInterceptor", "sysLogController", "wxMassController", "emailService", "baseWarehouseController", "insToolcabinetServiceImpl", "wxMenuServiceImpl", "wxReplyNewsController", "baseDeptServiceImpl", "sysRouteServiceImpl", "insRepairtrackServiceImpl", "wxMassNewsServiceImpl", "baseAirmeterialController", "sysMenuServiceImpl", "sysMobileServiceImpl", "simpleTest", "logisticsOrderstepController", "sysLogServiceImpl", "logisticsUnplanServiceImpl", "wxTplIdServiceImpl", "logisticsDeliveryorderentryServiceImpl", "$aop_syslog", "padSysController", "baseDeptController", "logisticsOrderrejectController", "padOrderController", "sysBarcodeServiceImpl", "wxTplLogController", "wxUserController", "wxPayTestController", "tokenController", "sysVersionServiceImpl", "cmsLinkServiceImpl", "sysUnitServiceImpl", "insRfidController", "sysConfController", "pluginMaster"]
[DEBUG] 2018-10-15 16:13:25,242 org.nutz.ioc.loader.combo.ComboIocLoader.createIocLoader(ComboIocLoader.java:110) - found jedis -- org.nutz.integration.jedis.JedisIocLoader
[DEBUG] 2018-10-15 16:13:25,243 org.nutz.resource.Scans.scan(Scans.java:274) - Found 1 resource by src( org/nutz/integration/jedis/jedis.js ) , regex( ^(.+[.])(js|json)$ )
[DEBUG] 2018-10-15 16:13:25,243 org.nutz.ioc.loader.json.JsonLoader.<init>(JsonLoader.java:49) - loading [org/nutz/integration/jedis/jedis.js]
[DEBUG] 2018-10-15 16:13:25,244 org.nutz.ioc.loader.json.JsonLoader.<init>(JsonLoader.java:57) - Loaded 9 bean define from path=[org/nutz/integration/jedis/jedis.js] --> [redisService, jedisCluster, jedisClusterNodes, jedisClusterWrapper, pubSubService, jedisPoolConfig, jedisPool, jedisAgent, redis]
[DEBUG] 2018-10-15 16:13:25,244 org.nutz.ioc.loader.json.JsonLoader.<init>(JsonLoader.java:40) - Loaded 5 bean define from reader --
[txREPEATABLE_READ, txSERIALIZABLE, txNONE, txREAD_UNCOMMITTED, txREAD_COMMITTED]
[DEBUG] 2018-10-15 16:13:25,245 org.nutz.ioc.loader.combo.ComboIocLoader.createIocLoader(ComboIocLoader.java:110) - found quartz -- org.nutz.integration.quartz.QuartzIocLoader
[DEBUG] 2018-10-15 16:13:25,245 org.nutz.ioc.loader.json.JsonLoader.<init>(JsonLoader.java:57) - Loaded 0 bean define from path=[] --> []
[DEBUG] 2018-10-15 16:13:25,245 org.nutz.ioc.aop.SimpleAopMaker.<init>(SimpleAopMaker.java:79) - Load AopConfigure for anno=org.nutz.aop.interceptor.async.Async by type=org.nutz.aop.interceptor.async.AsyncAopIocLoader
[DEBUG] 2018-10-15 16:13:25,246 org.nutz.ioc.loader.combo.ComboIocLoader.createIocLoader(ComboIocLoader.java:110) - found rabbitmq -- org.nutz.integration.rabbitmq.RabbitmqIocLoader
[DEBUG] 2018-10-15 16:13:25,247 org.nutz.resource.Scans.scan(Scans.java:274) - Found 1 resource by src( org/nutz/integration/rabbitmq/rabbitmq.js ) , regex( ^(.+[.])(js|json)$ )
[DEBUG] 2018-10-15 16:13:25,247 org.nutz.ioc.loader.json.JsonLoader.<init>(JsonLoader.java:49) - loading [org/nutz/integration/rabbitmq/rabbitmq.js]
[DEBUG] 2018-10-15 16:13:25,248 org.nutz.ioc.loader.json.JsonLoader.<init>(JsonLoader.java:57) - Loaded 2 bean define from path=[org/nutz/integration/rabbitmq/rabbitmq.js] --> [rabbitmq, rabbitmq_cf]
[INFO ] 2018-10-15 16:13:25,248 org.nutz.ioc.impl.NutIoc.<init>(NutIoc.java:98) - NutIoc init begin ...
[INFO ] 2018-10-15 16:13:25,248 org.nutz.ioc.impl.NutIoc.<init>(NutIoc.java:115) - ... NutIoc init complete
[DEBUG] 2018-10-15 16:13:25,248 org.nutz.ioc.impl.NutIoc.get(NutIoc.java:151) - Get 'conf'<class org.nutz.ioc.impl.PropertiesProxy>
[DEBUG] 2018-10-15 16:13:25,248 org.nutz.ioc.impl.NutIoc.get(NutIoc.java:151) - Get '$aop_1_plugin'<interface org.nutz.ioc.aop.config.AopConfigration>
[DEBUG] 2018-10-15 16:13:25,248 org.nutz.ioc.impl.NutIoc.get(NutIoc.java:177) - 	 >> Load definition name=$aop_1_plugin
[DEBUG] 2018-10-15 16:13:25,248 org.nutz.ioc.loader.combo.ComboIocLoader.load(ComboIocLoader.java:161) - Found IocObject($aop_1_plugin) in AnnotationIocLoader(packages=[cn.wizzer, org.nutz.apidoc])
[DEBUG] 2018-10-15 16:13:25,248 org.nutz.ioc.impl.NutIoc.get(NutIoc.java:209) - 	 >> Make...'$aop_1_plugin'<interface org.nutz.ioc.aop.config.AopConfigration>
[DEBUG] 2018-10-15 16:13:25,248 org.nutz.ioc.impl.ScopeContext.save(ScopeContext.java:64) - Save object '$aop_1_plugin' to [app] 
[DEBUG] 2018-10-15 16:13:25,248 org.nutz.ioc.impl.NutIoc.get(NutIoc.java:151) - Get 'dynamicInterceptor'<class cn.wizzer.app.web.commons.plugin.DynamicInterceptor>
[DEBUG] 2018-10-15 16:13:25,249 org.nutz.ioc.impl.NutIoc.get(NutIoc.java:177) - 	 >> Load definition name=dynamicInterceptor
[DEBUG] 2018-10-15 16:13:25,249 org.nutz.ioc.loader.combo.ComboIocLoader.load(ComboIocLoader.java:161) - Found IocObject(dynamicInterceptor) in AnnotationIocLoader(packages=[cn.wizzer, org.nutz.apidoc])
[DEBUG] 2018-10-15 16:13:25,249 org.nutz.ioc.impl.NutIoc.get(NutIoc.java:209) - 	 >> Make...'dynamicInterceptor'<class cn.wizzer.app.web.commons.plugin.DynamicInterceptor>
[DEBUG] 2018-10-15 16:13:25,249 org.nutz.ioc.impl.ScopeContext.save(ScopeContext.java:64) - Save object 'dynamicInterceptor' to [app] 
[DEBUG] 2018-10-15 16:13:25,249 org.nutz.ioc.impl.NutIoc.get(NutIoc.java:151) - Get '$aop_async'<interface org.nutz.ioc.aop.config.AopConfigration>
[DEBUG] 2018-10-15 16:13:25,249 org.nutz.ioc.impl.NutIoc.get(NutIoc.java:177) - 	 >> Load definition name=$aop_async
[DEBUG] 2018-10-15 16:13:25,249 org.nutz.ioc.loader.combo.ComboIocLoader.load(ComboIocLoader.java:161) - Found IocObject($aop_async) in AsyncAopIocLoader@511832416
[DEBUG] 2018-10-15 16:13:25,249 org.nutz.ioc.impl.NutIoc.get(NutIoc.java:209) - 	 >> Make...'$aop_async'<interface org.nutz.ioc.aop.config.AopConfigration>
[DEBUG] 2018-10-15 16:13:25,249 org.nutz.ioc.impl.ScopeContext.save(ScopeContext.java:64) - Save object '$aop_async' to [app] 
[DEBUG] 2018-10-15 16:13:25,249 org.nutz.ioc.impl.NutIoc.get(NutIoc.java:151) - Get '$aop_syslog'<interface org.nutz.ioc.aop.config.AopConfigration>
[DEBUG] 2018-10-15 16:13:25,250 org.nutz.ioc.impl.NutIoc.get(NutIoc.java:177) - 	 >> Load definition name=$aop_syslog
[DEBUG] 2018-10-15 16:13:25,250 org.nutz.ioc.loader.combo.ComboIocLoader.load(ComboIocLoader.java:161) - Found IocObject($aop_syslog) in AnnotationIocLoader(packages=[cn.wizzer, org.nutz.apidoc])
[DEBUG] 2018-10-15 16:13:25,250 org.nutz.ioc.impl.NutIoc.get(NutIoc.java:209) - 	 >> Make...'$aop_syslog'<interface org.nutz.ioc.aop.config.AopConfigration>
[DEBUG] 2018-10-15 16:13:25,250 org.nutz.ioc.impl.ScopeContext.save(ScopeContext.java:64) - Save object '$aop_syslog' to [app] 
[DEBUG] 2018-10-15 16:13:25,250 org.nutz.ioc.aop.SimpleAopMaker.<init>(SimpleAopMaker.java:79) - Load AopConfigure for anno=cn.wizzer.app.web.commons.slog.annotation.SLog by type=cn.wizzer.app.web.commons.slog.SLogAopConfigration
[DEBUG] 2018-10-15 16:13:25,250 org.nutz.ioc.aop.SimpleAopMaker.<init>(SimpleAopMaker.java:79) - Load AopConfigure for anno=org.nutz.ioc.aop.Aop by type=org.nutz.ioc.aop.config.impl.AnnotationAopConfigration
[DEBUG] 2018-10-15 16:13:25,250 org.nutz.ioc.impl.NutIoc.get(NutIoc.java:177) - 	 >> Load definition name=conf
[DEBUG] 2018-10-15 16:13:25,250 org.nutz.ioc.loader.map.MapLoader.load(MapLoader.java:67) - Loading define for name=conf
[DEBUG] 2018-10-15 16:13:25,250 org.nutz.ioc.loader.combo.ComboIocLoader.load(ComboIocLoader.java:161) - Found IocObject(conf) in JsonLoader(paths=[config/ioc/])
[DEBUG] 2018-10-15 16:13:25,250 org.nutz.ioc.impl.NutIoc.get(NutIoc.java:209) - 	 >> Make...'conf'<class org.nutz.ioc.impl.PropertiesProxy>
[DEBUG] 2018-10-15 16:13:25,250 cn.wizzer.app.web.commons.plugin.PluginAopConfigure.getInterceptorPairList(PluginAopConfigure.java:33) - skip -- org.nutz.ioc.impl.PropertiesProxy
[DEBUG] 2018-10-15 16:13:25,250 org.nutz.ioc.aop.impl.DefaultMirrorFactory.getMirror(DefaultMirrorFactory.java:70) - Load class org.nutz.ioc.impl.PropertiesProxy without AOP
[DEBUG] 2018-10-15 16:13:25,250 org.nutz.ioc.impl.ScopeContext.save(ScopeContext.java:64) - Save object 'conf' to [app] 
[DEBUG] 2018-10-15 16:13:25,253 org.nutz.resource.Scans.scan(Scans.java:274) - Found 4 resource by src( config/custom/ ) , regex( ^.+[.]properties$ )
[DEBUG] 2018-10-15 16:13:25,253 org.nutz.ioc.impl.PropertiesProxy.setPaths(PropertiesProxy.java:113) - load properties from File[C:\Users\Administrator\IdeaProjects\XA-Instrument\wk-app\wk-web\target\classes\config\custom\db.properties]
[DEBUG] 2018-10-15 16:13:25,253 org.nutz.ioc.impl.PropertiesProxy.setPaths(PropertiesProxy.java:113) - load properties from File[C:\Users\Administrator\IdeaProjects\XA-Instrument\wk-app\wk-web\target\classes\config\custom\mail.properties]
[DEBUG] 2018-10-15 16:13:25,254 org.nutz.ioc.impl.PropertiesProxy.setPaths(PropertiesProxy.java:113) - load properties from File[C:\Users\Administrator\IdeaProjects\XA-Instrument\wk-app\wk-web\target\classes\config\custom\rabbit.properties]
[DEBUG] 2018-10-15 16:13:25,254 org.nutz.ioc.impl.PropertiesProxy.setPaths(PropertiesProxy.java:113) - load properties from File[C:\Users\Administrator\IdeaProjects\XA-Instrument\wk-app\wk-web\target\classes\config\custom\redis.properties]
[DEBUG] 2018-10-15 16:13:25,254 org.nutz.ioc.impl.NutIoc.get(NutIoc.java:151) - Get 'simpleTest'<class cn.wizzer.test.SimpleTest>
[DEBUG] 2018-10-15 16:13:25,254 org.nutz.ioc.impl.NutIoc.get(NutIoc.java:177) - 	 >> Load definition name=simpleTest
[DEBUG] 2018-10-15 16:13:25,254 org.nutz.ioc.loader.combo.ComboIocLoader.load(ComboIocLoader.java:161) - Found IocObject(simpleTest) in AnnotationIocLoader(packages=[cn.wizzer, org.nutz.apidoc])
[DEBUG] 2018-10-15 16:13:25,255 org.nutz.ioc.impl.NutIoc.get(NutIoc.java:209) - 	 >> Make...'simpleTest'<class cn.wizzer.test.SimpleTest>
[DEBUG] 2018-10-15 16:13:25,255 cn.wizzer.app.web.commons.plugin.PluginAopConfigure.getInterceptorPairList(PluginAopConfigure.java:33) - skip -- cn.wizzer.test.SimpleTest
[DEBUG] 2018-10-15 16:13:25,255 org.nutz.ioc.aop.impl.DefaultMirrorFactory.getMirror(DefaultMirrorFactory.java:70) - Load class cn.wizzer.test.SimpleTest without AOP
[DEBUG] 2018-10-15 16:13:25,255 org.nutz.ioc.impl.ScopeContext.save(ScopeContext.java:64) - Save object 'simpleTest' to [app] 
[DEBUG] 2018-10-15 16:13:25,256 org.nutz.ioc.impl.NutIoc.get(NutIoc.java:151) - Get 'dao'<interface org.nutz.dao.Dao>
[DEBUG] 2018-10-15 16:13:25,256 org.nutz.ioc.impl.NutIoc.get(NutIoc.java:177) - 	 >> Load definition name=dao
[DEBUG] 2018-10-15 16:13:25,256 org.nutz.ioc.loader.map.MapLoader.load(MapLoader.java:67) - Loading define for name=dao
[DEBUG] 2018-10-15 16:13:25,256 org.nutz.ioc.loader.combo.ComboIocLoader.load(ComboIocLoader.java:161) - Found IocObject(dao) in JsonLoader(paths=[config/ioc/])
[DEBUG] 2018-10-15 16:13:25,256 org.nutz.ioc.impl.NutIoc.get(NutIoc.java:209) - 	 >> Make...'dao'<interface org.nutz.dao.Dao>
[DEBUG] 2018-10-15 16:13:25,256 cn.wizzer.app.web.commons.plugin.PluginAopConfigure.getInterceptorPairList(PluginAopConfigure.java:33) - skip -- org.nutz.dao.impl.NutDao
[DEBUG] 2018-10-15 16:13:25,256 org.nutz.ioc.aop.impl.DefaultMirrorFactory.getMirror(DefaultMirrorFactory.java:70) - Load class org.nutz.dao.impl.NutDao without AOP
[DEBUG] 2018-10-15 16:13:25,256 org.nutz.ioc.impl.ScopeContext.save(ScopeContext.java:64) - Save object 'dao' to [app] 
[DEBUG] 2018-10-15 16:13:25,256 org.nutz.ioc.impl.NutIoc.get(NutIoc.java:151) - Get 'dataSource'<>
[DEBUG] 2018-10-15 16:13:25,256 org.nutz.ioc.impl.NutIoc.get(NutIoc.java:177) - 	 >> Load definition name=dataSource
[DEBUG] 2018-10-15 16:13:25,256 org.nutz.ioc.loader.map.MapLoader.load(MapLoader.java:67) - Loading define for name=dataSource
[DEBUG] 2018-10-15 16:13:25,257 org.nutz.ioc.loader.combo.ComboIocLoader.load(ComboIocLoader.java:161) - Found IocObject(dataSource) in JsonLoader(paths=[config/ioc/])
[DEBUG] 2018-10-15 16:13:25,257 org.nutz.ioc.impl.NutIoc.get(NutIoc.java:209) - 	 >> Make...'dataSource'<>
[DEBUG] 2018-10-15 16:13:25,257 cn.wizzer.app.web.commons.plugin.PluginAopConfigure.getInterceptorPairList(PluginAopConfigure.java:33) - skip -- com.alibaba.druid.pool.DruidDataSource
[DEBUG] 2018-10-15 16:13:25,257 org.nutz.ioc.aop.impl.DefaultMirrorFactory.getMirror(DefaultMirrorFactory.java:70) - Load class com.alibaba.druid.pool.DruidDataSource without AOP
[DEBUG] 2018-10-15 16:13:25,257 org.nutz.ioc.impl.ScopeContext.save(ScopeContext.java:64) - Save object 'dataSource' to [app] 
[DEBUG] 2018-10-15 16:13:25,257 org.nutz.ioc.impl.NutIoc.get(NutIoc.java:151) - Get 'conf'<>
[DEBUG] 2018-10-15 16:13:25,258 org.nutz.ioc.impl.ScopeContext.remove(ScopeContext.java:84) - Remove object 'dataSource' from [app] 
[DEBUG] 2018-10-15 16:13:25,258 org.nutz.ioc.impl.ScopeContext.remove(ScopeContext.java:84) - Remove object 'dao' from [app] 
[DEBUG] 2018-10-15 16:13:25,258 org.nutz.ioc.impl.ScopeContext.remove(ScopeContext.java:84) - Remove object 'simpleTest' from [app] 
]]></system-out>
  </testcase>
  <testcase name="testDeletePerson" classname="cn.wizzer.test.SimpleTest" time="0.001">
    <error message="IocBean[simpleTest] throw Exception when creating" type="org.nutz.ioc.IocException">org.nutz.ioc.IocException: IocBean[simpleTest] throw Exception when creating
Caused by: java.lang.RuntimeException: IocBean[simpleTest] fail at field=[dao]
Caused by: org.nutz.ioc.IocException: IocBean[dao -> dataSource] throw Exception when creating
Caused by: java.lang.IllegalArgumentException: Failed to decrypt.
Caused by: java.lang.IllegalArgumentException: String length must be a multiple of four.
</error>
    <system-out><![CDATA[[INFO ] 2018-10-15 16:13:25,258 org.nutz.ioc.impl.NutIoc.depose(NutIoc.java:255) - org.nutz.ioc.impl.NutIoc@28094269 is closing. startup date [18-10-15 16:13:25.248]
[DEBUG] 2018-10-15 16:13:25,258 org.nutz.ioc.impl.ScopeContext.clear(ScopeContext.java:108) - Depose object 'conf' ...
[DEBUG] 2018-10-15 16:13:25,259 org.nutz.ioc.impl.ScopeContext.clear(ScopeContext.java:108) - Depose object '$aop_syslog' ...
[DEBUG] 2018-10-15 16:13:25,259 org.nutz.ioc.impl.ScopeContext.clear(ScopeContext.java:108) - Depose object '$aop_async' ...
[DEBUG] 2018-10-15 16:13:25,259 org.nutz.ioc.impl.ScopeContext.clear(ScopeContext.java:108) - Depose object 'dynamicInterceptor' ...
[DEBUG] 2018-10-15 16:13:25,259 org.nutz.ioc.impl.ScopeContext.clear(ScopeContext.java:108) - Depose object '$aop_1_plugin' ...
[INFO ] 2018-10-15 16:13:25,259 org.nutz.ioc.impl.NutIoc.depose(NutIoc.java:262) - org.nutz.ioc.impl.NutIoc@28094269 is deposed. startup date [18-10-15 16:13:25.248]
[DEBUG] 2018-10-15 16:13:25,261 org.nutz.resource.Scans.scan(Scans.java:274) - Found 4 resource by src( config/ioc/ ) , regex( ^(.+[.])(js|json)$ )
[DEBUG] 2018-10-15 16:13:25,261 org.nutz.ioc.loader.json.JsonLoader.<init>(JsonLoader.java:49) - loading [dao.json]
[DEBUG] 2018-10-15 16:13:25,261 org.nutz.ioc.loader.json.JsonLoader.<init>(JsonLoader.java:49) - loading [ehcache.json]
[DEBUG] 2018-10-15 16:13:25,261 org.nutz.ioc.loader.json.JsonLoader.<init>(JsonLoader.java:49) - loading [mail.json]
[DEBUG] 2018-10-15 16:13:25,262 org.nutz.ioc.loader.json.JsonLoader.<init>(JsonLoader.java:49) - loading [upload.json]
[DEBUG] 2018-10-15 16:13:25,262 org.nutz.ioc.loader.json.JsonLoader.<init>(JsonLoader.java:57) - Loaded 15 bean define from path=[config/ioc/] --> [videoUpload, conf, uploadVideoContext, imageUpload, fileUpload, cacheManager, dao, cacheProvider, emailAuthenticator, uploadFileContext, htmlEmail, cacheExecutor, tmpFilePool, uploadImageContext, dataSource]
[DEBUG] 2018-10-15 16:13:25,410 org.nutz.resource.Scans.scan(Scans.java:274) - Found 452 resource by src( cn/wizzer/ ) , regex( ^.+[.]class$ )
[DEBUG] 2018-10-15 16:13:25,412 org.nutz.ioc.loader.annotation.AnnotationIocLoader.addClass(AnnotationIocLoader.java:76) - Found @IocBean : class cn.wizzer.framework.util.StringUtil
[DEBUG] 2018-10-15 16:13:25,412 org.nutz.ioc.loader.annotation.AnnotationIocLoader.addClass(AnnotationIocLoader.java:76) - Found @IocBean : class cn.wizzer.framework.util.CookieUtil
[DEBUG] 2018-10-15 16:13:25,412 org.nutz.ioc.loader.annotation.AnnotationIocLoader.addClass(AnnotationIocLoader.java:76) - Found @IocBean : class cn.wizzer.framework.ig.RedisIdGenerator
[DEBUG] 2018-10-15 16:13:25,412 org.nutz.ioc.loader.annotation.AnnotationIocLoader.addClass(AnnotationIocLoader.java:76) - Found @IocBean : class cn.wizzer.framework.util.DateUtil
[DEBUG] 2018-10-15 16:13:25,412 org.nutz.ioc.loader.annotation.AnnotationIocLoader.addClass(AnnotationIocLoader.java:76) - Found @IocBean : class cn.wizzer.framework.shiro.interceptor.NutShiroMethodInterceptor
[DEBUG] 2018-10-15 16:13:25,412 org.nutz.ioc.loader.annotation.AnnotationIocLoader.addClass(AnnotationIocLoader.java:76) - Found @IocBean : class cn.wizzer.framework.util.IdcardUtil
[DEBUG] 2018-10-15 16:13:25,412 org.nutz.ioc.loader.annotation.AnnotationIocLoader.addClass(AnnotationIocLoader.java:76) - Found @IocBean : class cn.wizzer.framework.rabbit.RabbitProducer
[DEBUG] 2018-10-15 16:13:25,412 org.nutz.ioc.loader.annotation.AnnotationIocLoader.addClass(AnnotationIocLoader.java:76) - Found @IocBean : class cn.wizzer.framework.util.RSAUtil
[DEBUG] 2018-10-15 16:13:25,412 org.nutz.ioc.loader.annotation.AnnotationIocLoader.addClass(AnnotationIocLoader.java:76) - Found @IocBean : class cn.wizzer.framework.util.ShiroUtil
[DEBUG] 2018-10-15 16:13:25,412 org.nutz.ioc.loader.annotation.AnnotationIocLoader.addClass(AnnotationIocLoader.java:76) - Found @IocBean : class cn.wizzer.framework.util.Code128Util
[DEBUG] 2018-10-15 16:13:25,412 org.nutz.ioc.loader.annotation.AnnotationIocLoader.addClass(AnnotationIocLoader.java:76) - Found @IocBean : class cn.wizzer.app.base.modules.services.impl.BaseAirmeterialServiceImpl
[DEBUG] 2018-10-15 16:13:25,412 org.nutz.ioc.loader.annotation.AnnotationIocLoader.addClass(AnnotationIocLoader.java:76) - Found @IocBean : class cn.wizzer.app.base.modules.services.impl.BaseAirportServiceImpl
[DEBUG] 2018-10-15 16:13:25,412 org.nutz.ioc.loader.annotation.AnnotationIocLoader.addClass(AnnotationIocLoader.java:76) - Found @IocBean : class cn.wizzer.app.base.modules.services.impl.BaseCnctobjServiceImpl
[DEBUG] 2018-10-15 16:13:25,413 org.nutz.ioc.loader.annotation.AnnotationIocLoader.addClass(AnnotationIocLoader.java:76) - Found @IocBean : class cn.wizzer.app.base.modules.services.impl.BaseCustomerServiceImpl
[DEBUG] 2018-10-15 16:13:25,413 org.nutz.ioc.loader.annotation.AnnotationIocLoader.addClass(AnnotationIocLoader.java:76) - Found @IocBean : class cn.wizzer.app.base.modules.services.impl.BaseDeptServiceImpl
[DEBUG] 2018-10-15 16:13:25,413 org.nutz.ioc.loader.annotation.AnnotationIocLoader.addClass(AnnotationIocLoader.java:76) - Found @IocBean : class cn.wizzer.app.base.modules.services.impl.BaseJobServiceImpl
[DEBUG] 2018-10-15 16:13:25,413 org.nutz.ioc.loader.annotation.AnnotationIocLoader.addClass(AnnotationIocLoader.java:76) - Found @IocBean : class cn.wizzer.app.base.modules.services.impl.BasePersonpoolServiceImpl
[DEBUG] 2018-10-15 16:13:25,413 org.nutz.ioc.loader.annotation.AnnotationIocLoader.addClass(AnnotationIocLoader.java:76) - Found @IocBean : class cn.wizzer.app.base.modules.services.impl.BasePersonServiceImpl
[DEBUG] 2018-10-15 16:13:25,413 org.nutz.ioc.loader.annotation.AnnotationIocLoader.addClass(AnnotationIocLoader.java:76) - Found @IocBean : class cn.wizzer.app.base.modules.services.impl.BasePlaceServiceImpl
[DEBUG] 2018-10-15 16:13:25,413 org.nutz.ioc.loader.annotation.AnnotationIocLoader.addClass(AnnotationIocLoader.java:76) - Found @IocBean : class cn.wizzer.app.base.modules.services.impl.BasePostServiceImpl
[DEBUG] 2018-10-15 16:13:25,413 org.nutz.ioc.loader.annotation.AnnotationIocLoader.addClass(AnnotationIocLoader.java:76) - Found @IocBean : class cn.wizzer.app.base.modules.services.impl.BaseRowofficeentryServiceImpl
[DEBUG] 2018-10-15 16:13:25,413 org.nutz.ioc.loader.annotation.AnnotationIocLoader.addClass(AnnotationIocLoader.java:76) - Found @IocBean : class cn.wizzer.app.base.modules.services.impl.BaseRowofficeServiceImpl
[DEBUG] 2018-10-15 16:13:25,413 org.nutz.ioc.loader.annotation.AnnotationIocLoader.addClass(AnnotationIocLoader.java:76) - Found @IocBean : class cn.wizzer.app.base.modules.services.impl.BaseVehicleServiceImpl
[DEBUG] 2018-10-15 16:13:25,413 org.nutz.ioc.loader.annotation.AnnotationIocLoader.addClass(AnnotationIocLoader.java:76) - Found @IocBean : class cn.wizzer.app.base.modules.services.impl.BaseWarehouseServiceImpl
[DEBUG] 2018-10-15 16:13:25,413 org.nutz.ioc.loader.annotation.AnnotationIocLoader.addClass(AnnotationIocLoader.java:76) - Found @IocBean : class cn.wizzer.app.cms.modules.services.impl.CmsArticleServiceImpl
[DEBUG] 2018-10-15 16:13:25,413 org.nutz.ioc.loader.annotation.AnnotationIocLoader.addClass(AnnotationIocLoader.java:76) - Found @IocBean : class cn.wizzer.app.cms.modules.services.impl.CmsChannelServiceImpl
[DEBUG] 2018-10-15 16:13:25,413 org.nutz.ioc.loader.annotation.AnnotationIocLoader.addClass(AnnotationIocLoader.java:76) - Found @IocBean : class cn.wizzer.app.cms.modules.services.impl.CmsLinkClassServiceImpl
[DEBUG] 2018-10-15 16:13:25,413 org.nutz.ioc.loader.annotation.AnnotationIocLoader.addClass(AnnotationIocLoader.java:76) - Found @IocBean : class cn.wizzer.app.cms.modules.services.impl.CmsLinkServiceImpl
[DEBUG] 2018-10-15 16:13:25,414 org.nutz.ioc.loader.annotation.AnnotationIocLoader.addClass(AnnotationIocLoader.java:76) - Found @IocBean : class cn.wizzer.app.cms.modules.services.impl.CmsSiteServiceImpl
[DEBUG] 2018-10-15 16:13:25,414 org.nutz.ioc.loader.annotation.AnnotationIocLoader.addClass(AnnotationIocLoader.java:76) - Found @IocBean : class cn.wizzer.app.ins.modules.services.impl.InsBaseinsServiceImpl
[DEBUG] 2018-10-15 16:13:25,414 org.nutz.ioc.loader.annotation.AnnotationIocLoader.addClass(AnnotationIocLoader.java:76) - Found @IocBean : class cn.wizzer.app.ins.modules.services.impl.InsBaseinsSpaceServiceImpl
[DEBUG] 2018-10-15 16:13:25,414 org.nutz.ioc.loader.annotation.AnnotationIocLoader.addClass(AnnotationIocLoader.java:76) - Found @IocBean : class cn.wizzer.app.ins.modules.services.impl.InsCabinetServiceImpl
[DEBUG] 2018-10-15 16:13:25,414 org.nutz.ioc.loader.annotation.AnnotationIocLoader.addClass(AnnotationIocLoader.java:76) - Found @IocBean : class cn.wizzer.app.ins.modules.services.impl.InsCommonServiceImpl
[DEBUG] 2018-10-15 16:13:25,414 org.nutz.ioc.loader.annotation.AnnotationIocLoader.addClass(AnnotationIocLoader.java:76) - Found @IocBean : class cn.wizzer.app.ins.modules.services.impl.InsInstrumentServiceImpl
[DEBUG] 2018-10-15 16:13:25,414 org.nutz.ioc.loader.annotation.AnnotationIocLoader.addClass(AnnotationIocLoader.java:76) - Found @IocBean : class cn.wizzer.app.ins.modules.services.impl.InsLockServiceImpl
[DEBUG] 2018-10-15 16:13:25,414 org.nutz.ioc.loader.annotation.AnnotationIocLoader.addClass(AnnotationIocLoader.java:76) - Found @IocBean : class cn.wizzer.app.ins.modules.services.impl.InsOrderentryServiceImpl
[DEBUG] 2018-10-15 16:13:25,414 org.nutz.ioc.loader.annotation.AnnotationIocLoader.addClass(AnnotationIocLoader.java:76) - Found @IocBean : class cn.wizzer.app.ins.modules.services.impl.InsOrderServiceImpl
[DEBUG] 2018-10-15 16:13:25,414 org.nutz.ioc.loader.annotation.AnnotationIocLoader.addClass(AnnotationIocLoader.java:76) - Found @IocBean : class cn.wizzer.app.ins.modules.services.impl.InsRepairServiceImpl
[DEBUG] 2018-10-15 16:13:25,414 org.nutz.ioc.loader.annotation.AnnotationIocLoader.addClass(AnnotationIocLoader.java:76) - Found @IocBean : class cn.wizzer.app.ins.modules.services.impl.InsRepairtrackServiceImpl
[DEBUG] 2018-10-15 16:13:25,414 org.nutz.ioc.loader.annotation.AnnotationIocLoader.addClass(AnnotationIocLoader.java:76) - Found @IocBean : class cn.wizzer.app.ins.modules.services.impl.InsRfheadServiceImpl
[DEBUG] 2018-10-15 16:13:25,414 org.nutz.ioc.loader.annotation.AnnotationIocLoader.addClass(AnnotationIocLoader.java:76) - Found @IocBean : class cn.wizzer.app.ins.modules.services.impl.InsRfidServiceImpl
[DEBUG] 2018-10-15 16:13:25,414 org.nutz.ioc.loader.annotation.AnnotationIocLoader.addClass(AnnotationIocLoader.java:76) - Found @IocBean : class cn.wizzer.app.ins.modules.services.impl.InsSpaceServiceImpl
[DEBUG] 2018-10-15 16:13:25,414 org.nutz.ioc.loader.annotation.AnnotationIocLoader.addClass(AnnotationIocLoader.java:76) - Found @IocBean : class cn.wizzer.app.ins.modules.services.impl.InsToolcabinetServiceImpl
[DEBUG] 2018-10-15 16:13:25,415 org.nutz.ioc.loader.annotation.AnnotationIocLoader.addClass(AnnotationIocLoader.java:76) - Found @IocBean : class cn.wizzer.app.ins.modules.services.impl.InsTransmitServiceImpl
[DEBUG] 2018-10-15 16:13:25,415 org.nutz.ioc.loader.annotation.AnnotationIocLoader.addClass(AnnotationIocLoader.java:76) - Found @IocBean : class cn.wizzer.app.logistics.modules.services.impl.LogisticsDeliveryorderentryServiceImpl
[DEBUG] 2018-10-15 16:13:25,415 org.nutz.ioc.loader.annotation.AnnotationIocLoader.addClass(AnnotationIocLoader.java:76) - Found @IocBean : class cn.wizzer.app.logistics.modules.services.impl.LogisticsDeliveryorderServiceImpl
[DEBUG] 2018-10-15 16:13:25,415 org.nutz.ioc.loader.annotation.AnnotationIocLoader.addClass(AnnotationIocLoader.java:76) - Found @IocBean : class cn.wizzer.app.logistics.modules.services.impl.LogisticsEntourageServiceImpl
[DEBUG] 2018-10-15 16:13:25,415 org.nutz.ioc.loader.annotation.AnnotationIocLoader.addClass(AnnotationIocLoader.java:76) - Found @IocBean : class cn.wizzer.app.logistics.modules.services.impl.LogisticsOrderdeliveryServiceImpl
[DEBUG] 2018-10-15 16:13:25,415 org.nutz.ioc.loader.annotation.AnnotationIocLoader.addClass(AnnotationIocLoader.java:76) - Found @IocBean : class cn.wizzer.app.logistics.modules.services.impl.LogisticsOrderentryServiceImpl
[DEBUG] 2018-10-15 16:13:25,415 org.nutz.ioc.loader.annotation.AnnotationIocLoader.addClass(AnnotationIocLoader.java:76) - Found @IocBean : class cn.wizzer.app.logistics.modules.services.impl.LogisticsOrderplanentryServiceImpl
[DEBUG] 2018-10-15 16:13:25,415 org.nutz.ioc.loader.annotation.AnnotationIocLoader.addClass(AnnotationIocLoader.java:76) - Found @IocBean : class cn.wizzer.app.logistics.modules.services.impl.LogisticsOrderplanServiceImpl
[DEBUG] 2018-10-15 16:13:25,415 org.nutz.ioc.loader.annotation.AnnotationIocLoader.addClass(AnnotationIocLoader.java:76) - Found @IocBean : class cn.wizzer.app.logistics.modules.services.impl.LogisticsOrderrejectServiceImpl
[DEBUG] 2018-10-15 16:13:25,415 org.nutz.ioc.loader.annotation.AnnotationIocLoader.addClass(AnnotationIocLoader.java:76) - Found @IocBean : class cn.wizzer.app.logistics.modules.services.impl.LogisticsOrderServiceImpl
[DEBUG] 2018-10-15 16:13:25,415 org.nutz.ioc.loader.annotation.AnnotationIocLoader.addClass(AnnotationIocLoader.java:76) - Found @IocBean : class cn.wizzer.app.logistics.modules.services.impl.LogisticsOrderstepServiceImpl
[DEBUG] 2018-10-15 16:13:25,415 org.nutz.ioc.loader.annotation.AnnotationIocLoader.addClass(AnnotationIocLoader.java:76) - Found @IocBean : class cn.wizzer.app.logistics.modules.services.impl.LogisticsSendapprovalServiceImpl
[DEBUG] 2018-10-15 16:13:25,415 org.nutz.ioc.loader.annotation.AnnotationIocLoader.addClass(AnnotationIocLoader.java:76) - Found @IocBean : class cn.wizzer.app.logistics.modules.services.impl.LogisticsSendgoodsServiceImpl
[DEBUG] 2018-10-15 16:13:25,415 org.nutz.ioc.loader.annotation.AnnotationIocLoader.addClass(AnnotationIocLoader.java:76) - Found @IocBean : class cn.wizzer.app.logistics.modules.services.impl.LogisticsSendplanServiceImpl
[DEBUG] 2018-10-15 16:13:25,415 org.nutz.ioc.loader.annotation.AnnotationIocLoader.addClass(AnnotationIocLoader.java:76) - Found @IocBean : class cn.wizzer.app.logistics.modules.services.impl.LogisticsSendtraceServiceImpl
[DEBUG] 2018-10-15 16:13:25,416 org.nutz.ioc.loader.annotation.AnnotationIocLoader.addClass(AnnotationIocLoader.java:76) - Found @IocBean : class cn.wizzer.app.logistics.modules.services.impl.LogisticsUnplanServiceImpl
[DEBUG] 2018-10-15 16:13:25,416 org.nutz.ioc.loader.annotation.AnnotationIocLoader.addClass(AnnotationIocLoader.java:76) - Found @IocBean : class cn.wizzer.app.sys.modules.services.impl.SysApiServiceImpl
[DEBUG] 2018-10-15 16:13:25,416 org.nutz.ioc.loader.annotation.AnnotationIocLoader.addClass(AnnotationIocLoader.java:76) - Found @IocBean : class cn.wizzer.app.sys.modules.services.impl.SysBarcodeServiceImpl
[DEBUG] 2018-10-15 16:13:25,416 org.nutz.ioc.loader.annotation.AnnotationIocLoader.addClass(AnnotationIocLoader.java:76) - Found @IocBean : class cn.wizzer.app.sys.modules.services.impl.SysConfigServiceImpl
[DEBUG] 2018-10-15 16:13:25,416 org.nutz.ioc.loader.annotation.AnnotationIocLoader.addClass(AnnotationIocLoader.java:76) - Found @IocBean : class cn.wizzer.app.sys.modules.services.impl.SysDictServiceImpl
[DEBUG] 2018-10-15 16:13:25,416 org.nutz.ioc.loader.annotation.AnnotationIocLoader.addClass(AnnotationIocLoader.java:76) - Found @IocBean : class cn.wizzer.app.sys.modules.services.impl.SysLogServiceImpl
[DEBUG] 2018-10-15 16:13:25,416 org.nutz.ioc.loader.annotation.AnnotationIocLoader.addClass(AnnotationIocLoader.java:76) - Found @IocBean : class cn.wizzer.app.sys.modules.services.impl.SysMenuServiceImpl
[DEBUG] 2018-10-15 16:13:25,416 org.nutz.ioc.loader.annotation.AnnotationIocLoader.addClass(AnnotationIocLoader.java:76) - Found @IocBean : class cn.wizzer.app.sys.modules.services.impl.SysMobileServiceImpl
[DEBUG] 2018-10-15 16:13:25,416 org.nutz.ioc.loader.annotation.AnnotationIocLoader.addClass(AnnotationIocLoader.java:76) - Found @IocBean : class cn.wizzer.app.sys.modules.services.impl.SysPluginServiceImpl
[DEBUG] 2018-10-15 16:13:25,416 org.nutz.ioc.loader.annotation.AnnotationIocLoader.addClass(AnnotationIocLoader.java:76) - Found @IocBean : class cn.wizzer.app.sys.modules.services.impl.SysRegistauditServiceImpl
[DEBUG] 2018-10-15 16:13:25,416 org.nutz.ioc.loader.annotation.AnnotationIocLoader.addClass(AnnotationIocLoader.java:76) - Found @IocBean : class cn.wizzer.app.sys.modules.services.impl.SysRoleServiceImpl
[DEBUG] 2018-10-15 16:13:25,416 org.nutz.ioc.loader.annotation.AnnotationIocLoader.addClass(AnnotationIocLoader.java:76) - Found @IocBean : class cn.wizzer.app.sys.modules.services.impl.SysRouteServiceImpl
[DEBUG] 2018-10-15 16:13:25,416 org.nutz.ioc.loader.annotation.AnnotationIocLoader.addClass(AnnotationIocLoader.java:76) - Found @IocBean : class cn.wizzer.app.sys.modules.services.impl.SysTaskServiceImpl
[DEBUG] 2018-10-15 16:13:25,416 org.nutz.ioc.loader.annotation.AnnotationIocLoader.addClass(AnnotationIocLoader.java:76) - Found @IocBean : class cn.wizzer.app.sys.modules.services.impl.SysTempuserServiceImpl
[DEBUG] 2018-10-15 16:13:25,416 org.nutz.ioc.loader.annotation.AnnotationIocLoader.addClass(AnnotationIocLoader.java:76) - Found @IocBean : class cn.wizzer.app.sys.modules.services.impl.SysUnitServiceImpl
[DEBUG] 2018-10-15 16:13:25,417 org.nutz.ioc.loader.annotation.AnnotationIocLoader.addClass(AnnotationIocLoader.java:76) - Found @IocBean : class cn.wizzer.app.sys.modules.services.impl.SysUserServiceImpl
[DEBUG] 2018-10-15 16:13:25,417 org.nutz.ioc.loader.annotation.AnnotationIocLoader.addClass(AnnotationIocLoader.java:76) - Found @IocBean : class cn.wizzer.app.sys.modules.services.impl.SysVersionServiceImpl
[DEBUG] 2018-10-15 16:13:25,417 org.nutz.ioc.loader.annotation.AnnotationIocLoader.addClass(AnnotationIocLoader.java:76) - Found @IocBean : class cn.wizzer.app.sys.modules.services.impl.SysWxDeptServiceImpl
[DEBUG] 2018-10-15 16:13:25,417 org.nutz.ioc.loader.annotation.AnnotationIocLoader.addClass(AnnotationIocLoader.java:76) - Found @IocBean : class cn.wizzer.app.sys.modules.services.impl.SysWxServiceImpl
[DEBUG] 2018-10-15 16:13:25,417 org.nutz.ioc.loader.annotation.AnnotationIocLoader.addClass(AnnotationIocLoader.java:76) - Found @IocBean : class cn.wizzer.app.sys.modules.services.impl.SysWxUserServiceImpl
[DEBUG] 2018-10-15 16:13:25,417 org.nutz.ioc.loader.annotation.AnnotationIocLoader.addClass(AnnotationIocLoader.java:76) - Found @IocBean : class cn.wizzer.app.web.commons.plugin.DynamicInterceptor
[DEBUG] 2018-10-15 16:13:25,417 org.nutz.ioc.loader.annotation.AnnotationIocLoader.addClass(AnnotationIocLoader.java:76) - Found @IocBean : class cn.wizzer.app.web.commons.plugin.PluginAopConfigure
[DEBUG] 2018-10-15 16:13:25,417 org.nutz.ioc.loader.annotation.AnnotationIocLoader.addClass(AnnotationIocLoader.java:76) - Found @IocBean : class cn.wizzer.app.web.commons.plugin.PluginMaster
[DEBUG] 2018-10-15 16:13:25,417 org.nutz.ioc.loader.annotation.AnnotationIocLoader.addClass(AnnotationIocLoader.java:76) - Found @IocBean : class cn.wizzer.app.web.commons.quartz.job.orderExecute
[DEBUG] 2018-10-15 16:13:25,417 org.nutz.ioc.loader.annotation.AnnotationIocLoader.addClass(AnnotationIocLoader.java:76) - Found @IocBean : class cn.wizzer.app.web.commons.quartz.job.TestJob
[DEBUG] 2018-10-15 16:13:25,417 org.nutz.ioc.loader.annotation.AnnotationIocLoader.addClass(AnnotationIocLoader.java:76) - Found @IocBean : class cn.wizzer.app.web.commons.services.email.EmailService
[DEBUG] 2018-10-15 16:13:25,417 org.nutz.ioc.loader.annotation.AnnotationIocLoader.addClass(AnnotationIocLoader.java:76) - Found @IocBean : class cn.wizzer.app.web.commons.services.qrcode.QrcodeService
[DEBUG] 2018-10-15 16:13:25,417 org.nutz.ioc.loader.annotation.AnnotationIocLoader.addClass(AnnotationIocLoader.java:76) - Found @IocBean : class cn.wizzer.app.web.commons.services.wx.TplService
[DEBUG] 2018-10-15 16:13:25,417 org.nutz.ioc.loader.annotation.AnnotationIocLoader.addClass(AnnotationIocLoader.java:76) - Found @IocBean : class cn.wizzer.app.web.commons.services.wx.WxHandler
[DEBUG] 2018-10-15 16:13:25,417 org.nutz.ioc.loader.annotation.AnnotationIocLoader.addClass(AnnotationIocLoader.java:76) - Found @IocBean : class cn.wizzer.app.web.commons.shiro.realm.PlatformAuthorizingRealm
[DEBUG] 2018-10-15 16:13:25,417 org.nutz.ioc.loader.annotation.AnnotationIocLoader.addClass(AnnotationIocLoader.java:76) - Found @IocBean : class cn.wizzer.app.web.commons.slog.SLogAopConfigration
[DEBUG] 2018-10-15 16:13:25,418 org.nutz.ioc.loader.annotation.AnnotationIocLoader.addClass(AnnotationIocLoader.java:76) - Found @IocBean : class cn.wizzer.app.web.commons.slog.SLogService
[DEBUG] 2018-10-15 16:13:25,418 org.nutz.ioc.loader.annotation.AnnotationIocLoader.addClass(AnnotationIocLoader.java:76) - Found @IocBean : class cn.wizzer.app.web.modules.controllers.front.wx.CmsController
[DEBUG] 2018-10-15 16:13:25,418 org.nutz.ioc.loader.annotation.AnnotationIocLoader.addClass(AnnotationIocLoader.java:76) - Found @IocBean : class cn.wizzer.app.web.modules.controllers.front.wx.WechatController
[DEBUG] 2018-10-15 16:13:25,418 org.nutz.ioc.loader.annotation.AnnotationIocLoader.addClass(AnnotationIocLoader.java:76) - Found @IocBean : class cn.wizzer.app.web.modules.controllers.open.api.mobile.MobileBaseController
[DEBUG] 2018-10-15 16:13:25,418 org.nutz.ioc.loader.annotation.AnnotationIocLoader.addClass(AnnotationIocLoader.java:76) - Found @IocBean : class cn.wizzer.app.web.modules.controllers.open.api.mobile.MobileInsController
[DEBUG] 2018-10-15 16:13:25,418 org.nutz.ioc.loader.annotation.AnnotationIocLoader.addClass(AnnotationIocLoader.java:76) - Found @IocBean : class cn.wizzer.app.web.modules.controllers.open.api.mobile.MobileOrderController
[DEBUG] 2018-10-15 16:13:25,418 org.nutz.ioc.loader.annotation.AnnotationIocLoader.addClass(AnnotationIocLoader.java:76) - Found @IocBean : class cn.wizzer.app.web.modules.controllers.open.api.mobile.MobileSysController
[DEBUG] 2018-10-15 16:13:25,418 org.nutz.ioc.loader.annotation.AnnotationIocLoader.addClass(AnnotationIocLoader.java:76) - Found @IocBean : class cn.wizzer.app.web.modules.controllers.open.api.pad.PadInsController
[DEBUG] 2018-10-15 16:13:25,418 org.nutz.ioc.loader.annotation.AnnotationIocLoader.addClass(AnnotationIocLoader.java:76) - Found @IocBean : class cn.wizzer.app.web.modules.controllers.open.api.pad.PadOrderController
[DEBUG] 2018-10-15 16:13:25,418 org.nutz.ioc.loader.annotation.AnnotationIocLoader.addClass(AnnotationIocLoader.java:76) - Found @IocBean : class cn.wizzer.app.web.modules.controllers.open.api.pad.PadSysController
[DEBUG] 2018-10-15 16:13:25,418 org.nutz.ioc.loader.annotation.AnnotationIocLoader.addClass(AnnotationIocLoader.java:76) - Found @IocBean : class cn.wizzer.app.web.modules.controllers.open.api.test.ApiTestController
[DEBUG] 2018-10-15 16:13:25,418 org.nutz.ioc.loader.annotation.AnnotationIocLoader.addClass(AnnotationIocLoader.java:76) - Found @IocBean : class cn.wizzer.app.web.modules.controllers.open.api.token.TokenController
[DEBUG] 2018-10-15 16:13:25,418 org.nutz.ioc.loader.annotation.AnnotationIocLoader.addClass(AnnotationIocLoader.java:76) - Found @IocBean : class cn.wizzer.app.web.modules.controllers.open.api.userpermission.UserpermissionController
[DEBUG] 2018-10-15 16:13:25,418 org.nutz.ioc.loader.annotation.AnnotationIocLoader.addClass(AnnotationIocLoader.java:76) - Found @IocBean : class cn.wizzer.app.web.modules.controllers.open.file.UploadController
[DEBUG] 2018-10-15 16:13:25,418 org.nutz.ioc.loader.annotation.AnnotationIocLoader.addClass(AnnotationIocLoader.java:76) - Found @IocBean : class cn.wizzer.app.web.modules.controllers.open.pay.WxPayBackController
[DEBUG] 2018-10-15 16:13:25,418 org.nutz.ioc.loader.annotation.AnnotationIocLoader.addClass(AnnotationIocLoader.java:76) - Found @IocBean : class cn.wizzer.app.web.modules.controllers.open.ueditor.BdController
[DEBUG] 2018-10-15 16:13:25,419 org.nutz.ioc.loader.annotation.AnnotationIocLoader.addClass(AnnotationIocLoader.java:76) - Found @IocBean : class cn.wizzer.app.web.modules.controllers.open.ueditor.WxController
[DEBUG] 2018-10-15 16:13:25,419 org.nutz.ioc.loader.annotation.AnnotationIocLoader.addClass(AnnotationIocLoader.java:76) - Found @IocBean : class cn.wizzer.app.web.modules.controllers.open.wx.WeixinController
[DEBUG] 2018-10-15 16:13:25,419 org.nutz.ioc.loader.annotation.AnnotationIocLoader.addClass(AnnotationIocLoader.java:76) - Found @IocBean : class cn.wizzer.app.web.modules.controllers.platform.base.BaseAirmeterialController
[DEBUG] 2018-10-15 16:13:25,419 org.nutz.ioc.loader.annotation.AnnotationIocLoader.addClass(AnnotationIocLoader.java:76) - Found @IocBean : class cn.wizzer.app.web.modules.controllers.platform.base.BaseAirportController
[DEBUG] 2018-10-15 16:13:25,419 org.nutz.ioc.loader.annotation.AnnotationIocLoader.addClass(AnnotationIocLoader.java:76) - Found @IocBean : class cn.wizzer.app.web.modules.controllers.platform.base.BaseCnctobjController
[DEBUG] 2018-10-15 16:13:25,419 org.nutz.ioc.loader.annotation.AnnotationIocLoader.addClass(AnnotationIocLoader.java:76) - Found @IocBean : class cn.wizzer.app.web.modules.controllers.platform.base.BaseCustomerController
[DEBUG] 2018-10-15 16:13:25,419 org.nutz.ioc.loader.annotation.AnnotationIocLoader.addClass(AnnotationIocLoader.java:76) - Found @IocBean : class cn.wizzer.app.web.modules.controllers.platform.base.BaseDeptController
[DEBUG] 2018-10-15 16:13:25,419 org.nutz.ioc.loader.annotation.AnnotationIocLoader.addClass(AnnotationIocLoader.java:76) - Found @IocBean : class cn.wizzer.app.web.modules.controllers.platform.base.BaseJobController
[DEBUG] 2018-10-15 16:13:25,419 org.nutz.ioc.loader.annotation.AnnotationIocLoader.addClass(AnnotationIocLoader.java:76) - Found @IocBean : class cn.wizzer.app.web.modules.controllers.platform.base.BasePersonController
[DEBUG] 2018-10-15 16:13:25,419 org.nutz.ioc.loader.annotation.AnnotationIocLoader.addClass(AnnotationIocLoader.java:76) - Found @IocBean : class cn.wizzer.app.web.modules.controllers.platform.base.BasePersonpoolController
[DEBUG] 2018-10-15 16:13:25,419 org.nutz.ioc.loader.annotation.AnnotationIocLoader.addClass(AnnotationIocLoader.java:76) - Found @IocBean : class cn.wizzer.app.web.modules.controllers.platform.base.BasePlaceController
[DEBUG] 2018-10-15 16:13:25,419 org.nutz.ioc.loader.annotation.AnnotationIocLoader.addClass(AnnotationIocLoader.java:76) - Found @IocBean : class cn.wizzer.app.web.modules.controllers.platform.base.BasePostController
[DEBUG] 2018-10-15 16:13:25,419 org.nutz.ioc.loader.annotation.AnnotationIocLoader.addClass(AnnotationIocLoader.java:76) - Found @IocBean : class cn.wizzer.app.web.modules.controllers.platform.base.BaseRowofficeController
[DEBUG] 2018-10-15 16:13:25,419 org.nutz.ioc.loader.annotation.AnnotationIocLoader.addClass(AnnotationIocLoader.java:76) - Found @IocBean : class cn.wizzer.app.web.modules.controllers.platform.base.BaseRowofficeentryController
[DEBUG] 2018-10-15 16:13:25,419 org.nutz.ioc.loader.annotation.AnnotationIocLoader.addClass(AnnotationIocLoader.java:76) - Found @IocBean : class cn.wizzer.app.web.modules.controllers.platform.base.BaseVehicleController
[DEBUG] 2018-10-15 16:13:25,419 org.nutz.ioc.loader.annotation.AnnotationIocLoader.addClass(AnnotationIocLoader.java:76) - Found @IocBean : class cn.wizzer.app.web.modules.controllers.platform.base.BaseWarehouseController
[DEBUG] 2018-10-15 16:13:25,419 org.nutz.ioc.loader.annotation.AnnotationIocLoader.addClass(AnnotationIocLoader.java:76) - Found @IocBean : class cn.wizzer.app.web.modules.controllers.platform.cms.CmsArticleController
[DEBUG] 2018-10-15 16:13:25,420 org.nutz.ioc.loader.annotation.AnnotationIocLoader.addClass(AnnotationIocLoader.java:76) - Found @IocBean : class cn.wizzer.app.web.modules.controllers.platform.cms.CmsChannelController
[DEBUG] 2018-10-15 16:13:25,420 org.nutz.ioc.loader.annotation.AnnotationIocLoader.addClass(AnnotationIocLoader.java:76) - Found @IocBean : class cn.wizzer.app.web.modules.controllers.platform.cms.CmsLinkClassController
[DEBUG] 2018-10-15 16:13:25,420 org.nutz.ioc.loader.annotation.AnnotationIocLoader.addClass(AnnotationIocLoader.java:76) - Found @IocBean : class cn.wizzer.app.web.modules.controllers.platform.cms.CmsLinkController
[DEBUG] 2018-10-15 16:13:25,420 org.nutz.ioc.loader.annotation.AnnotationIocLoader.addClass(AnnotationIocLoader.java:76) - Found @IocBean : class cn.wizzer.app.web.modules.controllers.platform.cms.CmsSiteController
[DEBUG] 2018-10-15 16:13:25,420 org.nutz.ioc.loader.annotation.AnnotationIocLoader.addClass(AnnotationIocLoader.java:76) - Found @IocBean : class cn.wizzer.app.web.modules.controllers.platform.ins.InsBaseinsController
[DEBUG] 2018-10-15 16:13:25,420 org.nutz.ioc.loader.annotation.AnnotationIocLoader.addClass(AnnotationIocLoader.java:76) - Found @IocBean : class cn.wizzer.app.web.modules.controllers.platform.ins.InsBaseinsSpaceController
[DEBUG] 2018-10-15 16:13:25,420 org.nutz.ioc.loader.annotation.AnnotationIocLoader.addClass(AnnotationIocLoader.java:76) - Found @IocBean : class cn.wizzer.app.web.modules.controllers.platform.ins.InsCabinetController
[DEBUG] 2018-10-15 16:13:25,420 org.nutz.ioc.loader.annotation.AnnotationIocLoader.addClass(AnnotationIocLoader.java:76) - Found @IocBean : class cn.wizzer.app.web.modules.controllers.platform.ins.InsCommonController
[DEBUG] 2018-10-15 16:13:25,420 org.nutz.ioc.loader.annotation.AnnotationIocLoader.addClass(AnnotationIocLoader.java:76) - Found @IocBean : class cn.wizzer.app.web.modules.controllers.platform.ins.InsInstrumentController
[DEBUG] 2018-10-15 16:13:25,420 org.nutz.ioc.loader.annotation.AnnotationIocLoader.addClass(AnnotationIocLoader.java:76) - Found @IocBean : class cn.wizzer.app.web.modules.controllers.platform.ins.InsLockController
[DEBUG] 2018-10-15 16:13:25,420 org.nutz.ioc.loader.annotation.AnnotationIocLoader.addClass(AnnotationIocLoader.java:76) - Found @IocBean : class cn.wizzer.app.web.modules.controllers.platform.ins.InsOrderController
[DEBUG] 2018-10-15 16:13:25,420 org.nutz.ioc.loader.annotation.AnnotationIocLoader.addClass(AnnotationIocLoader.java:76) - Found @IocBean : class cn.wizzer.app.web.modules.controllers.platform.ins.InsOrderentryController
[DEBUG] 2018-10-15 16:13:25,420 org.nutz.ioc.loader.annotation.AnnotationIocLoader.addClass(AnnotationIocLoader.java:76) - Found @IocBean : class cn.wizzer.app.web.modules.controllers.platform.ins.InsRepairController
[DEBUG] 2018-10-15 16:13:25,420 org.nutz.ioc.loader.annotation.AnnotationIocLoader.addClass(AnnotationIocLoader.java:76) - Found @IocBean : class cn.wizzer.app.web.modules.controllers.platform.ins.InsRepairtrackController
[DEBUG] 2018-10-15 16:13:25,420 org.nutz.ioc.loader.annotation.AnnotationIocLoader.addClass(AnnotationIocLoader.java:76) - Found @IocBean : class cn.wizzer.app.web.modules.controllers.platform.ins.InsRfheadController
[DEBUG] 2018-10-15 16:13:25,420 org.nutz.ioc.loader.annotation.AnnotationIocLoader.addClass(AnnotationIocLoader.java:76) - Found @IocBean : class cn.wizzer.app.web.modules.controllers.platform.ins.InsRfidController
[DEBUG] 2018-10-15 16:13:25,420 org.nutz.ioc.loader.annotation.AnnotationIocLoader.addClass(AnnotationIocLoader.java:76) - Found @IocBean : class cn.wizzer.app.web.modules.controllers.platform.ins.InsSpaceController
[DEBUG] 2018-10-15 16:13:25,421 org.nutz.ioc.loader.annotation.AnnotationIocLoader.addClass(AnnotationIocLoader.java:76) - Found @IocBean : class cn.wizzer.app.web.modules.controllers.platform.ins.InsToolcabinetController
[DEBUG] 2018-10-15 16:13:25,421 org.nutz.ioc.loader.annotation.AnnotationIocLoader.addClass(AnnotationIocLoader.java:76) - Found @IocBean : class cn.wizzer.app.web.modules.controllers.platform.ins.InsTransmitController
[DEBUG] 2018-10-15 16:13:25,421 org.nutz.ioc.loader.annotation.AnnotationIocLoader.addClass(AnnotationIocLoader.java:76) - Found @IocBean : class cn.wizzer.app.web.modules.controllers.platform.logistics.LogisticsDeliveryorderController
[DEBUG] 2018-10-15 16:13:25,421 org.nutz.ioc.loader.annotation.AnnotationIocLoader.addClass(AnnotationIocLoader.java:76) - Found @IocBean : class cn.wizzer.app.web.modules.controllers.platform.logistics.LogisticsDeliveryorderentryController
[DEBUG] 2018-10-15 16:13:25,421 org.nutz.ioc.loader.annotation.AnnotationIocLoader.addClass(AnnotationIocLoader.java:76) - Found @IocBean : class cn.wizzer.app.web.modules.controllers.platform.logistics.LogisticsEntourageController
[DEBUG] 2018-10-15 16:13:25,421 org.nutz.ioc.loader.annotation.AnnotationIocLoader.addClass(AnnotationIocLoader.java:76) - Found @IocBean : class cn.wizzer.app.web.modules.controllers.platform.logistics.LogisticsOrderController
[DEBUG] 2018-10-15 16:13:25,421 org.nutz.ioc.loader.annotation.AnnotationIocLoader.addClass(AnnotationIocLoader.java:76) - Found @IocBean : class cn.wizzer.app.web.modules.controllers.platform.logistics.LogisticsOrderdeliveryController
[DEBUG] 2018-10-15 16:13:25,421 org.nutz.ioc.loader.annotation.AnnotationIocLoader.addClass(AnnotationIocLoader.java:76) - Found @IocBean : class cn.wizzer.app.web.modules.controllers.platform.logistics.LogisticsOrderentryController
[DEBUG] 2018-10-15 16:13:25,421 org.nutz.ioc.loader.annotation.AnnotationIocLoader.addClass(AnnotationIocLoader.java:76) - Found @IocBean : class cn.wizzer.app.web.modules.controllers.platform.logistics.LogisticsOrderplanController
[DEBUG] 2018-10-15 16:13:25,421 org.nutz.ioc.loader.annotation.AnnotationIocLoader.addClass(AnnotationIocLoader.java:76) - Found @IocBean : class cn.wizzer.app.web.modules.controllers.platform.logistics.LogisticsOrderplanentryController
[DEBUG] 2018-10-15 16:13:25,421 org.nutz.ioc.loader.annotation.AnnotationIocLoader.addClass(AnnotationIocLoader.java:76) - Found @IocBean : class cn.wizzer.app.web.modules.controllers.platform.logistics.LogisticsOrderrejectController
[DEBUG] 2018-10-15 16:13:25,421 org.nutz.ioc.loader.annotation.AnnotationIocLoader.addClass(AnnotationIocLoader.java:76) - Found @IocBean : class cn.wizzer.app.web.modules.controllers.platform.logistics.LogisticsOrderstepController
[DEBUG] 2018-10-15 16:13:25,421 org.nutz.ioc.loader.annotation.AnnotationIocLoader.addClass(AnnotationIocLoader.java:76) - Found @IocBean : class cn.wizzer.app.web.modules.controllers.platform.logistics.LogisticsSendapprovalController
[DEBUG] 2018-10-15 16:13:25,421 org.nutz.ioc.loader.annotation.AnnotationIocLoader.addClass(AnnotationIocLoader.java:76) - Found @IocBean : class cn.wizzer.app.web.modules.controllers.platform.logistics.LogisticsSendgoodsController
[DEBUG] 2018-10-15 16:13:25,421 org.nutz.ioc.loader.annotation.AnnotationIocLoader.addClass(AnnotationIocLoader.java:76) - Found @IocBean : class cn.wizzer.app.web.modules.controllers.platform.logistics.LogisticsSendplanController
[DEBUG] 2018-10-15 16:13:25,422 org.nutz.ioc.loader.annotation.AnnotationIocLoader.addClass(AnnotationIocLoader.java:76) - Found @IocBean : class cn.wizzer.app.web.modules.controllers.platform.logistics.LogisticsSendtraceController
[DEBUG] 2018-10-15 16:13:25,422 org.nutz.ioc.loader.annotation.AnnotationIocLoader.addClass(AnnotationIocLoader.java:76) - Found @IocBean : class cn.wizzer.app.web.modules.controllers.platform.logistics.LogisticsUnplanController
[DEBUG] 2018-10-15 16:13:25,422 org.nutz.ioc.loader.annotation.AnnotationIocLoader.addClass(AnnotationIocLoader.java:76) - Found @IocBean : class cn.wizzer.app.web.modules.controllers.platform.sys.SysApiController
[DEBUG] 2018-10-15 16:13:25,422 org.nutz.ioc.loader.annotation.AnnotationIocLoader.addClass(AnnotationIocLoader.java:76) - Found @IocBean : class cn.wizzer.app.web.modules.controllers.platform.sys.SysBarcodeController
[DEBUG] 2018-10-15 16:13:25,422 org.nutz.ioc.loader.annotation.AnnotationIocLoader.addClass(AnnotationIocLoader.java:76) - Found @IocBean : class cn.wizzer.app.web.modules.controllers.platform.sys.SysConfController
[DEBUG] 2018-10-15 16:13:25,422 org.nutz.ioc.loader.annotation.AnnotationIocLoader.addClass(AnnotationIocLoader.java:76) - Found @IocBean : class cn.wizzer.app.web.modules.controllers.platform.sys.SysDictController
[DEBUG] 2018-10-15 16:13:25,422 org.nutz.ioc.loader.annotation.AnnotationIocLoader.addClass(AnnotationIocLoader.java:76) - Found @IocBean : class cn.wizzer.app.web.modules.controllers.platform.sys.SysHomeController
[DEBUG] 2018-10-15 16:13:25,422 org.nutz.ioc.loader.annotation.AnnotationIocLoader.addClass(AnnotationIocLoader.java:76) - Found @IocBean : class cn.wizzer.app.web.modules.controllers.platform.sys.SysLogController
[DEBUG] 2018-10-15 16:13:25,422 org.nutz.ioc.loader.annotation.AnnotationIocLoader.addClass(AnnotationIocLoader.java:76) - Found @IocBean : class cn.wizzer.app.web.modules.controllers.platform.sys.SysLoginController
[DEBUG] 2018-10-15 16:13:25,422 org.nutz.ioc.loader.annotation.AnnotationIocLoader.addClass(AnnotationIocLoader.java:76) - Found @IocBean : class cn.wizzer.app.web.modules.controllers.platform.sys.SysMenuController
[DEBUG] 2018-10-15 16:13:25,422 org.nutz.ioc.loader.annotation.AnnotationIocLoader.addClass(AnnotationIocLoader.java:76) - Found @IocBean : class cn.wizzer.app.web.modules.controllers.platform.sys.SysMobileController
[DEBUG] 2018-10-15 16:13:25,422 org.nutz.ioc.loader.annotation.AnnotationIocLoader.addClass(AnnotationIocLoader.java:76) - Found @IocBean : class cn.wizzer.app.web.modules.controllers.platform.sys.SysPluginController
[DEBUG] 2018-10-15 16:13:25,422 org.nutz.ioc.loader.annotation.AnnotationIocLoader.addClass(AnnotationIocLoader.java:76) - Found @IocBean : class cn.wizzer.app.web.modules.controllers.platform.sys.SysRegistauditController
[DEBUG] 2018-10-15 16:13:25,422 org.nutz.ioc.loader.annotation.AnnotationIocLoader.addClass(AnnotationIocLoader.java:76) - Found @IocBean : class cn.wizzer.app.web.modules.controllers.platform.sys.SysRoleController
[DEBUG] 2018-10-15 16:13:25,422 org.nutz.ioc.loader.annotation.AnnotationIocLoader.addClass(AnnotationIocLoader.java:76) - Found @IocBean : class cn.wizzer.app.web.modules.controllers.platform.sys.SysRouteController
[DEBUG] 2018-10-15 16:13:25,423 org.nutz.ioc.loader.annotation.AnnotationIocLoader.addClass(AnnotationIocLoader.java:76) - Found @IocBean : class cn.wizzer.app.web.modules.controllers.platform.sys.SysTaskController
[DEBUG] 2018-10-15 16:13:25,423 org.nutz.ioc.loader.annotation.AnnotationIocLoader.addClass(AnnotationIocLoader.java:76) - Found @IocBean : class cn.wizzer.app.web.modules.controllers.platform.sys.SysTempuserController
[DEBUG] 2018-10-15 16:13:25,423 org.nutz.ioc.loader.annotation.AnnotationIocLoader.addClass(AnnotationIocLoader.java:76) - Found @IocBean : class cn.wizzer.app.web.modules.controllers.platform.sys.SysUnitController
[DEBUG] 2018-10-15 16:13:25,423 org.nutz.ioc.loader.annotation.AnnotationIocLoader.addClass(AnnotationIocLoader.java:76) - Found @IocBean : class cn.wizzer.app.web.modules.controllers.platform.sys.SysUserController
[DEBUG] 2018-10-15 16:13:25,423 org.nutz.ioc.loader.annotation.AnnotationIocLoader.addClass(AnnotationIocLoader.java:76) - Found @IocBean : class cn.wizzer.app.web.modules.controllers.platform.sys.SysVersionController
[DEBUG] 2018-10-15 16:13:25,423 org.nutz.ioc.loader.annotation.AnnotationIocLoader.addClass(AnnotationIocLoader.java:76) - Found @IocBean : class cn.wizzer.app.web.modules.controllers.platform.sys.SysWxController
[DEBUG] 2018-10-15 16:13:25,423 org.nutz.ioc.loader.annotation.AnnotationIocLoader.addClass(AnnotationIocLoader.java:76) - Found @IocBean : class cn.wizzer.app.web.modules.controllers.platform.sys.SysWxDeptController
[DEBUG] 2018-10-15 16:13:25,423 org.nutz.ioc.loader.annotation.AnnotationIocLoader.addClass(AnnotationIocLoader.java:76) - Found @IocBean : class cn.wizzer.app.web.modules.controllers.platform.sys.SysWxUserController
[DEBUG] 2018-10-15 16:13:25,423 org.nutz.ioc.loader.annotation.AnnotationIocLoader.addClass(AnnotationIocLoader.java:76) - Found @IocBean : class cn.wizzer.app.web.modules.controllers.platform.wx.WxConfigController
[DEBUG] 2018-10-15 16:13:25,423 org.nutz.ioc.loader.annotation.AnnotationIocLoader.addClass(AnnotationIocLoader.java:76) - Found @IocBean : class cn.wizzer.app.web.modules.controllers.platform.wx.WxMassController
[DEBUG] 2018-10-15 16:13:25,423 org.nutz.ioc.loader.annotation.AnnotationIocLoader.addClass(AnnotationIocLoader.java:76) - Found @IocBean : class cn.wizzer.app.web.modules.controllers.platform.wx.WxMenuController
[DEBUG] 2018-10-15 16:13:25,423 org.nutz.ioc.loader.annotation.AnnotationIocLoader.addClass(AnnotationIocLoader.java:76) - Found @IocBean : class cn.wizzer.app.web.modules.controllers.platform.wx.WxMsgUserController
[DEBUG] 2018-10-15 16:13:25,424 org.nutz.ioc.loader.annotation.AnnotationIocLoader.addClass(AnnotationIocLoader.java:76) - Found @IocBean : class cn.wizzer.app.web.modules.controllers.platform.wx.WxPayTestController
[DEBUG] 2018-10-15 16:13:25,424 org.nutz.ioc.loader.annotation.AnnotationIocLoader.addClass(AnnotationIocLoader.java:76) - Found @IocBean : class cn.wizzer.app.web.modules.controllers.platform.wx.WxReplyController
[DEBUG] 2018-10-15 16:13:25,424 org.nutz.ioc.loader.annotation.AnnotationIocLoader.addClass(AnnotationIocLoader.java:76) - Found @IocBean : class cn.wizzer.app.web.modules.controllers.platform.wx.WxReplyNewsController
[DEBUG] 2018-10-15 16:13:25,424 org.nutz.ioc.loader.annotation.AnnotationIocLoader.addClass(AnnotationIocLoader.java:76) - Found @IocBean : class cn.wizzer.app.web.modules.controllers.platform.wx.WxReplyTxtController
[DEBUG] 2018-10-15 16:13:25,424 org.nutz.ioc.loader.annotation.AnnotationIocLoader.addClass(AnnotationIocLoader.java:76) - Found @IocBean : class cn.wizzer.app.web.modules.controllers.platform.wx.WxTplIdController
[DEBUG] 2018-10-15 16:13:25,424 org.nutz.ioc.loader.annotation.AnnotationIocLoader.addClass(AnnotationIocLoader.java:76) - Found @IocBean : class cn.wizzer.app.web.modules.controllers.platform.wx.WxTplListController
[DEBUG] 2018-10-15 16:13:25,424 org.nutz.ioc.loader.annotation.AnnotationIocLoader.addClass(AnnotationIocLoader.java:76) - Found @IocBean : class cn.wizzer.app.web.modules.controllers.platform.wx.WxTplLogController
[DEBUG] 2018-10-15 16:13:25,424 org.nutz.ioc.loader.annotation.AnnotationIocLoader.addClass(AnnotationIocLoader.java:76) - Found @IocBean : class cn.wizzer.app.web.modules.controllers.platform.wx.WxUserController
[DEBUG] 2018-10-15 16:13:25,424 org.nutz.ioc.loader.annotation.AnnotationIocLoader.addClass(AnnotationIocLoader.java:76) - Found @IocBean : class cn.wizzer.app.wx.modules.services.impl.WxConfigServiceImpl
[DEBUG] 2018-10-15 16:13:25,425 org.nutz.ioc.loader.annotation.AnnotationIocLoader.addClass(AnnotationIocLoader.java:76) - Found @IocBean : class cn.wizzer.app.wx.modules.services.impl.WxMassNewsServiceImpl
[DEBUG] 2018-10-15 16:13:25,425 org.nutz.ioc.loader.annotation.AnnotationIocLoader.addClass(AnnotationIocLoader.java:76) - Found @IocBean : class cn.wizzer.app.wx.modules.services.impl.WxMassSendServiceImpl
[DEBUG] 2018-10-15 16:13:25,425 org.nutz.ioc.loader.annotation.AnnotationIocLoader.addClass(AnnotationIocLoader.java:76) - Found @IocBean : class cn.wizzer.app.wx.modules.services.impl.WxMassServiceImpl
[DEBUG] 2018-10-15 16:13:25,425 org.nutz.ioc.loader.annotation.AnnotationIocLoader.addClass(AnnotationIocLoader.java:76) - Found @IocBean : class cn.wizzer.app.wx.modules.services.impl.WxMenuServiceImpl
[DEBUG] 2018-10-15 16:13:25,425 org.nutz.ioc.loader.annotation.AnnotationIocLoader.addClass(AnnotationIocLoader.java:76) - Found @IocBean : class cn.wizzer.app.wx.modules.services.impl.WxMsgReplyServiceImpl
[DEBUG] 2018-10-15 16:13:25,425 org.nutz.ioc.loader.annotation.AnnotationIocLoader.addClass(AnnotationIocLoader.java:76) - Found @IocBean : class cn.wizzer.app.wx.modules.services.impl.WxMsgServiceImpl
[DEBUG] 2018-10-15 16:13:25,425 org.nutz.ioc.loader.annotation.AnnotationIocLoader.addClass(AnnotationIocLoader.java:76) - Found @IocBean : class cn.wizzer.app.wx.modules.services.impl.WxReplyNewsServiceImpl
[DEBUG] 2018-10-15 16:13:25,425 org.nutz.ioc.loader.annotation.AnnotationIocLoader.addClass(AnnotationIocLoader.java:76) - Found @IocBean : class cn.wizzer.app.wx.modules.services.impl.WxReplyServiceImpl
[DEBUG] 2018-10-15 16:13:25,425 org.nutz.ioc.loader.annotation.AnnotationIocLoader.addClass(AnnotationIocLoader.java:76) - Found @IocBean : class cn.wizzer.app.wx.modules.services.impl.WxReplyTxtServiceImpl
[DEBUG] 2018-10-15 16:13:25,425 org.nutz.ioc.loader.annotation.AnnotationIocLoader.addClass(AnnotationIocLoader.java:76) - Found @IocBean : class cn.wizzer.app.wx.modules.services.impl.WxTplIdServiceImpl
[DEBUG] 2018-10-15 16:13:25,425 org.nutz.ioc.loader.annotation.AnnotationIocLoader.addClass(AnnotationIocLoader.java:76) - Found @IocBean : class cn.wizzer.app.wx.modules.services.impl.WxTplListServiceImpl
[DEBUG] 2018-10-15 16:13:25,425 org.nutz.ioc.loader.annotation.AnnotationIocLoader.addClass(AnnotationIocLoader.java:76) - Found @IocBean : class cn.wizzer.app.wx.modules.services.impl.WxTplLogServiceImpl
[DEBUG] 2018-10-15 16:13:25,425 org.nutz.ioc.loader.annotation.AnnotationIocLoader.addClass(AnnotationIocLoader.java:76) - Found @IocBean : class cn.wizzer.app.wx.modules.services.impl.WxUserServiceImpl
[DEBUG] 2018-10-15 16:13:25,425 org.nutz.ioc.loader.annotation.AnnotationIocLoader.addClass(AnnotationIocLoader.java:76) - Found @IocBean : class cn.wizzer.test.SimpleTest
[DEBUG] 2018-10-15 16:13:25,427 org.nutz.resource.Scans.scan(Scans.java:274) - Found 0 resource by src( org/nutz/apidoc/ ) , regex( ^.+[.]class$ )
[INFO ] 2018-10-15 16:13:25,427 org.nutz.ioc.loader.annotation.AnnotationIocLoader.<init>(AnnotationIocLoader.java:52) - Found 204 classes in 2 base-packages!
beans = ["wxTplListController", "uploadController", "wxReplyTxtServiceImpl", "logisticsSendplanController", "baseJobServiceImpl", "dateUtil", "qrcodeService", "logisticsSendgoodsServiceImpl", "logisticsOrderentryController", "insLockController", "baseRowofficeentryServiceImpl", "cmsChannelServiceImpl", "insBaseinsServiceImpl", "orderExecute", "cmsArticleController", "basePostController", "baseAirmeterialServiceImpl", "basePersonController", "logisticsOrderplanServiceImpl", "cmsLinkClassController", "basePostServiceImpl", "baseRowofficeServiceImpl", "baseJobController", "baseRowofficeController", "wxReplyController", "insRepairController", "sysConfigServiceImpl", "basePersonpoolController", "baseVehicleController", "wxMsgServiceImpl", "wxPayBackController", "logisticsUnplanController", "mobileInsController", "sysTaskController", "sysBarcodeController", "insTransmitController", "sysDictServiceImpl", "wxConfigServiceImpl", "baseAirportServiceImpl", "apiTestController", "sysMenuController", "cmsSiteServiceImpl", "mobileSysController", "cmsLinkController", "insCommonController", "logisticsOrderplanentryServiceImpl", "insInstrumentController", "sysRegistauditServiceImpl", "insLockServiceImpl", "insOrderController", "wechatController", "wxMsgUserController", "sysDictController", "sysWxUserController", "logisticsDeliveryorderentryController", "basePersonServiceImpl", "insOrderentryServiceImpl", "insRepairtrackController", "insInstrumentServiceImpl", "logisticsSendapprovalServiceImpl", "logisticsOrderdeliveryController", "wxTplListServiceImpl", "tplService", "sysPluginServiceImpl", "insRfheadController", "logisticsSendgoodsController", "mobileBaseController", "baseCnctobjServiceImpl", "nutShiroMethodInterceptor", "insCabinetServiceImpl", "basePlaceServiceImpl", "baseVehicleServiceImpl", "cmsLinkClassServiceImpl", "sysHomeController", "insRfheadServiceImpl", "sysMobileController", "wxMassServiceImpl", "logisticsOrderentryServiceImpl", "logisticsSendplanServiceImpl", "logisticsOrderrejectServiceImpl", "wxHandler", "cmsChannelController", "wxController", "rabbitProducer", "sysTaskServiceImpl", "sysVersionController", "shiroUtil", "wxReplyTxtController", "sysPluginController", "logisticsSendtraceController", "sysApiServiceImpl", "logisticsEntourageServiceImpl", "sLogService", "baseAirportController", "sysApiController", "wxTplIdController", "insSpaceServiceImpl", "logisticsOrderController", "sysTempuserController", "sysUserController", "platformAuthorizingRealm", "testJob", "$aop_1_plugin", "sysRegistauditController", "wxReplyNewsServiceImpl", "insTransmitServiceImpl", "sysLoginController", "wxTplLogServiceImpl", "sysUserServiceImpl", "sysRoleServiceImpl", "sysRouteController", "idcardUtil", "basePlaceController", "sysWxDeptController", "logisticsOrderplanentryController", "userpermissionController", "sysWxServiceImpl", "cmsController", "logisticsSendtraceServiceImpl", "insOrderentryController", "logisticsSendapprovalController", "wxMenuController", "insOrderServiceImpl", "weixinController", "code128Util", "insRepairServiceImpl", "logisticsOrderplanController", "wxMsgReplyServiceImpl", "logisticsOrderdeliveryServiceImpl", "cmsArticleServiceImpl", "baseCnctobjController", "baseCustomerController", "insBaseinsController", "insRfidServiceImpl", "cookieUtil", "baseRowofficeentryController", "logisticsOrderstepServiceImpl", "wxReplyServiceImpl", "bdController", "redisIdGenerator", "insBaseinsSpaceServiceImpl", "cmsSiteController", "logisticsDeliveryorderServiceImpl", "insCabinetController", "logisticsOrderServiceImpl", "sysWxDeptServiceImpl", "sysWxController", "mobileOrderController", "sysRoleController", "logisticsEntourageController", "insCommonServiceImpl", "sysUnitController", "padInsController", "wxMassSendServiceImpl", "logisticsDeliveryorderController", "rSAUtil", "wxConfigController", "stringUtil", "baseCustomerServiceImpl", "basePersonpoolServiceImpl", "insBaseinsSpaceController", "wxUserServiceImpl", "insSpaceController", "sysTempuserServiceImpl", "baseWarehouseServiceImpl", "insToolcabinetController", "sysWxUserServiceImpl", "dynamicInterceptor", "sysLogController", "wxMassController", "emailService", "baseWarehouseController", "insToolcabinetServiceImpl", "wxMenuServiceImpl", "wxReplyNewsController", "baseDeptServiceImpl", "sysRouteServiceImpl", "insRepairtrackServiceImpl", "wxMassNewsServiceImpl", "baseAirmeterialController", "sysMenuServiceImpl", "sysMobileServiceImpl", "simpleTest", "logisticsOrderstepController", "sysLogServiceImpl", "logisticsUnplanServiceImpl", "wxTplIdServiceImpl", "logisticsDeliveryorderentryServiceImpl", "$aop_syslog", "padSysController", "baseDeptController", "logisticsOrderrejectController", "padOrderController", "sysBarcodeServiceImpl", "wxTplLogController", "wxUserController", "wxPayTestController", "tokenController", "sysVersionServiceImpl", "cmsLinkServiceImpl", "sysUnitServiceImpl", "insRfidController", "sysConfController", "pluginMaster"]
[DEBUG] 2018-10-15 16:13:25,427 org.nutz.ioc.loader.combo.ComboIocLoader.createIocLoader(ComboIocLoader.java:110) - found jedis -- org.nutz.integration.jedis.JedisIocLoader
[DEBUG] 2018-10-15 16:13:25,428 org.nutz.resource.Scans.scan(Scans.java:274) - Found 1 resource by src( org/nutz/integration/jedis/jedis.js ) , regex( ^(.+[.])(js|json)$ )
[DEBUG] 2018-10-15 16:13:25,429 org.nutz.ioc.loader.json.JsonLoader.<init>(JsonLoader.java:49) - loading [org/nutz/integration/jedis/jedis.js]
[DEBUG] 2018-10-15 16:13:25,429 org.nutz.ioc.loader.json.JsonLoader.<init>(JsonLoader.java:57) - Loaded 9 bean define from path=[org/nutz/integration/jedis/jedis.js] --> [redisService, jedisCluster, jedisClusterNodes, jedisClusterWrapper, pubSubService, jedisPoolConfig, jedisPool, jedisAgent, redis]
[DEBUG] 2018-10-15 16:13:25,429 org.nutz.ioc.loader.json.JsonLoader.<init>(JsonLoader.java:40) - Loaded 5 bean define from reader --
[txREPEATABLE_READ, txSERIALIZABLE, txNONE, txREAD_UNCOMMITTED, txREAD_COMMITTED]
[DEBUG] 2018-10-15 16:13:25,430 org.nutz.ioc.loader.combo.ComboIocLoader.createIocLoader(ComboIocLoader.java:110) - found quartz -- org.nutz.integration.quartz.QuartzIocLoader
[DEBUG] 2018-10-15 16:13:25,430 org.nutz.ioc.loader.json.JsonLoader.<init>(JsonLoader.java:57) - Loaded 0 bean define from path=[] --> []
[DEBUG] 2018-10-15 16:13:25,431 org.nutz.ioc.aop.SimpleAopMaker.<init>(SimpleAopMaker.java:79) - Load AopConfigure for anno=org.nutz.aop.interceptor.async.Async by type=org.nutz.aop.interceptor.async.AsyncAopIocLoader
[DEBUG] 2018-10-15 16:13:25,432 org.nutz.ioc.loader.combo.ComboIocLoader.createIocLoader(ComboIocLoader.java:110) - found rabbitmq -- org.nutz.integration.rabbitmq.RabbitmqIocLoader
[DEBUG] 2018-10-15 16:13:25,433 org.nutz.resource.Scans.scan(Scans.java:274) - Found 1 resource by src( org/nutz/integration/rabbitmq/rabbitmq.js ) , regex( ^(.+[.])(js|json)$ )
[DEBUG] 2018-10-15 16:13:25,433 org.nutz.ioc.loader.json.JsonLoader.<init>(JsonLoader.java:49) - loading [org/nutz/integration/rabbitmq/rabbitmq.js]
[DEBUG] 2018-10-15 16:13:25,433 org.nutz.ioc.loader.json.JsonLoader.<init>(JsonLoader.java:57) - Loaded 2 bean define from path=[org/nutz/integration/rabbitmq/rabbitmq.js] --> [rabbitmq, rabbitmq_cf]
[INFO ] 2018-10-15 16:13:25,433 org.nutz.ioc.impl.NutIoc.<init>(NutIoc.java:98) - NutIoc init begin ...
[INFO ] 2018-10-15 16:13:25,433 org.nutz.ioc.impl.NutIoc.<init>(NutIoc.java:115) - ... NutIoc init complete
[DEBUG] 2018-10-15 16:13:25,433 org.nutz.ioc.impl.NutIoc.get(NutIoc.java:151) - Get 'conf'<class org.nutz.ioc.impl.PropertiesProxy>
[DEBUG] 2018-10-15 16:13:25,433 org.nutz.ioc.impl.NutIoc.get(NutIoc.java:151) - Get '$aop_1_plugin'<interface org.nutz.ioc.aop.config.AopConfigration>
[DEBUG] 2018-10-15 16:13:25,433 org.nutz.ioc.impl.NutIoc.get(NutIoc.java:177) - 	 >> Load definition name=$aop_1_plugin
[DEBUG] 2018-10-15 16:13:25,434 org.nutz.ioc.loader.combo.ComboIocLoader.load(ComboIocLoader.java:161) - Found IocObject($aop_1_plugin) in AnnotationIocLoader(packages=[cn.wizzer, org.nutz.apidoc])
[DEBUG] 2018-10-15 16:13:25,434 org.nutz.ioc.impl.NutIoc.get(NutIoc.java:209) - 	 >> Make...'$aop_1_plugin'<interface org.nutz.ioc.aop.config.AopConfigration>
[DEBUG] 2018-10-15 16:13:25,434 org.nutz.ioc.impl.ScopeContext.save(ScopeContext.java:64) - Save object '$aop_1_plugin' to [app] 
[DEBUG] 2018-10-15 16:13:25,434 org.nutz.ioc.impl.NutIoc.get(NutIoc.java:151) - Get 'dynamicInterceptor'<class cn.wizzer.app.web.commons.plugin.DynamicInterceptor>
[DEBUG] 2018-10-15 16:13:25,434 org.nutz.ioc.impl.NutIoc.get(NutIoc.java:177) - 	 >> Load definition name=dynamicInterceptor
[DEBUG] 2018-10-15 16:13:25,434 org.nutz.ioc.loader.combo.ComboIocLoader.load(ComboIocLoader.java:161) - Found IocObject(dynamicInterceptor) in AnnotationIocLoader(packages=[cn.wizzer, org.nutz.apidoc])
[DEBUG] 2018-10-15 16:13:25,434 org.nutz.ioc.impl.NutIoc.get(NutIoc.java:209) - 	 >> Make...'dynamicInterceptor'<class cn.wizzer.app.web.commons.plugin.DynamicInterceptor>
[DEBUG] 2018-10-15 16:13:25,434 org.nutz.ioc.impl.ScopeContext.save(ScopeContext.java:64) - Save object 'dynamicInterceptor' to [app] 
[DEBUG] 2018-10-15 16:13:25,434 org.nutz.ioc.impl.NutIoc.get(NutIoc.java:151) - Get '$aop_async'<interface org.nutz.ioc.aop.config.AopConfigration>
[DEBUG] 2018-10-15 16:13:25,434 org.nutz.ioc.impl.NutIoc.get(NutIoc.java:177) - 	 >> Load definition name=$aop_async
[DEBUG] 2018-10-15 16:13:25,434 org.nutz.ioc.loader.combo.ComboIocLoader.load(ComboIocLoader.java:161) - Found IocObject($aop_async) in AsyncAopIocLoader@1703696921
[DEBUG] 2018-10-15 16:13:25,434 org.nutz.ioc.impl.NutIoc.get(NutIoc.java:209) - 	 >> Make...'$aop_async'<interface org.nutz.ioc.aop.config.AopConfigration>
[DEBUG] 2018-10-15 16:13:25,434 org.nutz.ioc.impl.ScopeContext.save(ScopeContext.java:64) - Save object '$aop_async' to [app] 
[DEBUG] 2018-10-15 16:13:25,435 org.nutz.ioc.impl.NutIoc.get(NutIoc.java:151) - Get '$aop_syslog'<interface org.nutz.ioc.aop.config.AopConfigration>
[DEBUG] 2018-10-15 16:13:25,435 org.nutz.ioc.impl.NutIoc.get(NutIoc.java:177) - 	 >> Load definition name=$aop_syslog
[DEBUG] 2018-10-15 16:13:25,435 org.nutz.ioc.loader.combo.ComboIocLoader.load(ComboIocLoader.java:161) - Found IocObject($aop_syslog) in AnnotationIocLoader(packages=[cn.wizzer, org.nutz.apidoc])
[DEBUG] 2018-10-15 16:13:25,435 org.nutz.ioc.impl.NutIoc.get(NutIoc.java:209) - 	 >> Make...'$aop_syslog'<interface org.nutz.ioc.aop.config.AopConfigration>
[DEBUG] 2018-10-15 16:13:25,435 org.nutz.ioc.impl.ScopeContext.save(ScopeContext.java:64) - Save object '$aop_syslog' to [app] 
[DEBUG] 2018-10-15 16:13:25,435 org.nutz.ioc.aop.SimpleAopMaker.<init>(SimpleAopMaker.java:79) - Load AopConfigure for anno=cn.wizzer.app.web.commons.slog.annotation.SLog by type=cn.wizzer.app.web.commons.slog.SLogAopConfigration
[DEBUG] 2018-10-15 16:13:25,435 org.nutz.ioc.aop.SimpleAopMaker.<init>(SimpleAopMaker.java:79) - Load AopConfigure for anno=org.nutz.ioc.aop.Aop by type=org.nutz.ioc.aop.config.impl.AnnotationAopConfigration
[DEBUG] 2018-10-15 16:13:25,435 org.nutz.ioc.impl.NutIoc.get(NutIoc.java:177) - 	 >> Load definition name=conf
[DEBUG] 2018-10-15 16:13:25,435 org.nutz.ioc.loader.map.MapLoader.load(MapLoader.java:67) - Loading define for name=conf
[DEBUG] 2018-10-15 16:13:25,435 org.nutz.ioc.loader.combo.ComboIocLoader.load(ComboIocLoader.java:161) - Found IocObject(conf) in JsonLoader(paths=[config/ioc/])
[DEBUG] 2018-10-15 16:13:25,435 org.nutz.ioc.impl.NutIoc.get(NutIoc.java:209) - 	 >> Make...'conf'<class org.nutz.ioc.impl.PropertiesProxy>
[DEBUG] 2018-10-15 16:13:25,435 cn.wizzer.app.web.commons.plugin.PluginAopConfigure.getInterceptorPairList(PluginAopConfigure.java:33) - skip -- org.nutz.ioc.impl.PropertiesProxy
[DEBUG] 2018-10-15 16:13:25,435 org.nutz.ioc.aop.impl.DefaultMirrorFactory.getMirror(DefaultMirrorFactory.java:70) - Load class org.nutz.ioc.impl.PropertiesProxy without AOP
[DEBUG] 2018-10-15 16:13:25,435 org.nutz.ioc.impl.ScopeContext.save(ScopeContext.java:64) - Save object 'conf' to [app] 
[DEBUG] 2018-10-15 16:13:25,438 org.nutz.resource.Scans.scan(Scans.java:274) - Found 4 resource by src( config/custom/ ) , regex( ^.+[.]properties$ )
[DEBUG] 2018-10-15 16:13:25,438 org.nutz.ioc.impl.PropertiesProxy.setPaths(PropertiesProxy.java:113) - load properties from File[C:\Users\Administrator\IdeaProjects\XA-Instrument\wk-app\wk-web\target\classes\config\custom\db.properties]
[DEBUG] 2018-10-15 16:13:25,438 org.nutz.ioc.impl.PropertiesProxy.setPaths(PropertiesProxy.java:113) - load properties from File[C:\Users\Administrator\IdeaProjects\XA-Instrument\wk-app\wk-web\target\classes\config\custom\mail.properties]
[DEBUG] 2018-10-15 16:13:25,439 org.nutz.ioc.impl.PropertiesProxy.setPaths(PropertiesProxy.java:113) - load properties from File[C:\Users\Administrator\IdeaProjects\XA-Instrument\wk-app\wk-web\target\classes\config\custom\rabbit.properties]
[DEBUG] 2018-10-15 16:13:25,439 org.nutz.ioc.impl.PropertiesProxy.setPaths(PropertiesProxy.java:113) - load properties from File[C:\Users\Administrator\IdeaProjects\XA-Instrument\wk-app\wk-web\target\classes\config\custom\redis.properties]
[DEBUG] 2018-10-15 16:13:25,439 org.nutz.ioc.impl.NutIoc.get(NutIoc.java:151) - Get 'simpleTest'<class cn.wizzer.test.SimpleTest>
[DEBUG] 2018-10-15 16:13:25,439 org.nutz.ioc.impl.NutIoc.get(NutIoc.java:177) - 	 >> Load definition name=simpleTest
[DEBUG] 2018-10-15 16:13:25,439 org.nutz.ioc.loader.combo.ComboIocLoader.load(ComboIocLoader.java:161) - Found IocObject(simpleTest) in AnnotationIocLoader(packages=[cn.wizzer, org.nutz.apidoc])
[DEBUG] 2018-10-15 16:13:25,439 org.nutz.ioc.impl.NutIoc.get(NutIoc.java:209) - 	 >> Make...'simpleTest'<class cn.wizzer.test.SimpleTest>
[DEBUG] 2018-10-15 16:13:25,440 cn.wizzer.app.web.commons.plugin.PluginAopConfigure.getInterceptorPairList(PluginAopConfigure.java:33) - skip -- cn.wizzer.test.SimpleTest
[DEBUG] 2018-10-15 16:13:25,440 org.nutz.ioc.aop.impl.DefaultMirrorFactory.getMirror(DefaultMirrorFactory.java:70) - Load class cn.wizzer.test.SimpleTest without AOP
[DEBUG] 2018-10-15 16:13:25,440 org.nutz.ioc.impl.ScopeContext.save(ScopeContext.java:64) - Save object 'simpleTest' to [app] 
[DEBUG] 2018-10-15 16:13:25,441 org.nutz.ioc.impl.NutIoc.get(NutIoc.java:151) - Get 'dao'<interface org.nutz.dao.Dao>
[DEBUG] 2018-10-15 16:13:25,441 org.nutz.ioc.impl.NutIoc.get(NutIoc.java:177) - 	 >> Load definition name=dao
[DEBUG] 2018-10-15 16:13:25,441 org.nutz.ioc.loader.map.MapLoader.load(MapLoader.java:67) - Loading define for name=dao
[DEBUG] 2018-10-15 16:13:25,441 org.nutz.ioc.loader.combo.ComboIocLoader.load(ComboIocLoader.java:161) - Found IocObject(dao) in JsonLoader(paths=[config/ioc/])
[DEBUG] 2018-10-15 16:13:25,441 org.nutz.ioc.impl.NutIoc.get(NutIoc.java:209) - 	 >> Make...'dao'<interface org.nutz.dao.Dao>
[DEBUG] 2018-10-15 16:13:25,441 cn.wizzer.app.web.commons.plugin.PluginAopConfigure.getInterceptorPairList(PluginAopConfigure.java:33) - skip -- org.nutz.dao.impl.NutDao
[DEBUG] 2018-10-15 16:13:25,441 org.nutz.ioc.aop.impl.DefaultMirrorFactory.getMirror(DefaultMirrorFactory.java:70) - Load class org.nutz.dao.impl.NutDao without AOP
[DEBUG] 2018-10-15 16:13:25,441 org.nutz.ioc.impl.ScopeContext.save(ScopeContext.java:64) - Save object 'dao' to [app] 
[DEBUG] 2018-10-15 16:13:25,442 org.nutz.ioc.impl.NutIoc.get(NutIoc.java:151) - Get 'dataSource'<>
[DEBUG] 2018-10-15 16:13:25,442 org.nutz.ioc.impl.NutIoc.get(NutIoc.java:177) - 	 >> Load definition name=dataSource
[DEBUG] 2018-10-15 16:13:25,442 org.nutz.ioc.loader.map.MapLoader.load(MapLoader.java:67) - Loading define for name=dataSource
[DEBUG] 2018-10-15 16:13:25,442 org.nutz.ioc.loader.combo.ComboIocLoader.load(ComboIocLoader.java:161) - Found IocObject(dataSource) in JsonLoader(paths=[config/ioc/])
[DEBUG] 2018-10-15 16:13:25,442 org.nutz.ioc.impl.NutIoc.get(NutIoc.java:209) - 	 >> Make...'dataSource'<>
[DEBUG] 2018-10-15 16:13:25,442 cn.wizzer.app.web.commons.plugin.PluginAopConfigure.getInterceptorPairList(PluginAopConfigure.java:33) - skip -- com.alibaba.druid.pool.DruidDataSource
[DEBUG] 2018-10-15 16:13:25,442 org.nutz.ioc.aop.impl.DefaultMirrorFactory.getMirror(DefaultMirrorFactory.java:70) - Load class com.alibaba.druid.pool.DruidDataSource without AOP
[DEBUG] 2018-10-15 16:13:25,442 org.nutz.ioc.impl.ScopeContext.save(ScopeContext.java:64) - Save object 'dataSource' to [app] 
[DEBUG] 2018-10-15 16:13:25,442 org.nutz.ioc.impl.NutIoc.get(NutIoc.java:151) - Get 'conf'<>
[DEBUG] 2018-10-15 16:13:25,443 org.nutz.ioc.impl.ScopeContext.remove(ScopeContext.java:84) - Remove object 'dataSource' from [app] 
[DEBUG] 2018-10-15 16:13:25,443 org.nutz.ioc.impl.ScopeContext.remove(ScopeContext.java:84) - Remove object 'dao' from [app] 
[DEBUG] 2018-10-15 16:13:25,443 org.nutz.ioc.impl.ScopeContext.remove(ScopeContext.java:84) - Remove object 'simpleTest' from [app] 
]]></system-out>
  </testcase>
  <testcase name="testAddPerson" classname="cn.wizzer.test.SimpleTest" time="0">
    <error message="IocBean[simpleTest] throw Exception when creating" type="org.nutz.ioc.IocException">org.nutz.ioc.IocException: IocBean[simpleTest] throw Exception when creating
Caused by: java.lang.RuntimeException: IocBean[simpleTest] fail at field=[dao]
Caused by: org.nutz.ioc.IocException: IocBean[dao -> dataSource] throw Exception when creating
Caused by: java.lang.IllegalArgumentException: Failed to decrypt.
Caused by: java.lang.IllegalArgumentException: String length must be a multiple of four.
</error>
    <system-out><![CDATA[[INFO ] 2018-10-15 16:13:25,444 org.nutz.ioc.impl.NutIoc.depose(NutIoc.java:255) - org.nutz.ioc.impl.NutIoc@69329761 is closing. startup date [18-10-15 16:13:25.433]
[DEBUG] 2018-10-15 16:13:25,444 org.nutz.ioc.impl.ScopeContext.clear(ScopeContext.java:108) - Depose object 'conf' ...
[DEBUG] 2018-10-15 16:13:25,444 org.nutz.ioc.impl.ScopeContext.clear(ScopeContext.java:108) - Depose object '$aop_syslog' ...
[DEBUG] 2018-10-15 16:13:25,444 org.nutz.ioc.impl.ScopeContext.clear(ScopeContext.java:108) - Depose object '$aop_async' ...
[DEBUG] 2018-10-15 16:13:25,444 org.nutz.ioc.impl.ScopeContext.clear(ScopeContext.java:108) - Depose object 'dynamicInterceptor' ...
[DEBUG] 2018-10-15 16:13:25,444 org.nutz.ioc.impl.ScopeContext.clear(ScopeContext.java:108) - Depose object '$aop_1_plugin' ...
[INFO ] 2018-10-15 16:13:25,444 org.nutz.ioc.impl.NutIoc.depose(NutIoc.java:262) - org.nutz.ioc.impl.NutIoc@69329761 is deposed. startup date [18-10-15 16:13:25.433]
[DEBUG] 2018-10-15 16:13:25,447 org.nutz.resource.Scans.scan(Scans.java:274) - Found 4 resource by src( config/ioc/ ) , regex( ^(.+[.])(js|json)$ )
[DEBUG] 2018-10-15 16:13:25,447 org.nutz.ioc.loader.json.JsonLoader.<init>(JsonLoader.java:49) - loading [dao.json]
[DEBUG] 2018-10-15 16:13:25,448 org.nutz.ioc.loader.json.JsonLoader.<init>(JsonLoader.java:49) - loading [ehcache.json]
[DEBUG] 2018-10-15 16:13:25,448 org.nutz.ioc.loader.json.JsonLoader.<init>(JsonLoader.java:49) - loading [mail.json]
[DEBUG] 2018-10-15 16:13:25,448 org.nutz.ioc.loader.json.JsonLoader.<init>(JsonLoader.java:49) - loading [upload.json]
[DEBUG] 2018-10-15 16:13:25,449 org.nutz.ioc.loader.json.JsonLoader.<init>(JsonLoader.java:57) - Loaded 15 bean define from path=[config/ioc/] --> [videoUpload, conf, uploadVideoContext, imageUpload, fileUpload, cacheManager, dao, cacheProvider, emailAuthenticator, uploadFileContext, htmlEmail, cacheExecutor, tmpFilePool, uploadImageContext, dataSource]
[DEBUG] 2018-10-15 16:13:25,584 org.nutz.resource.Scans.scan(Scans.java:274) - Found 452 resource by src( cn/wizzer/ ) , regex( ^.+[.]class$ )
[DEBUG] 2018-10-15 16:13:25,586 org.nutz.ioc.loader.annotation.AnnotationIocLoader.addClass(AnnotationIocLoader.java:76) - Found @IocBean : class cn.wizzer.framework.util.StringUtil
[DEBUG] 2018-10-15 16:13:25,586 org.nutz.ioc.loader.annotation.AnnotationIocLoader.addClass(AnnotationIocLoader.java:76) - Found @IocBean : class cn.wizzer.framework.util.CookieUtil
[DEBUG] 2018-10-15 16:13:25,586 org.nutz.ioc.loader.annotation.AnnotationIocLoader.addClass(AnnotationIocLoader.java:76) - Found @IocBean : class cn.wizzer.framework.ig.RedisIdGenerator
[DEBUG] 2018-10-15 16:13:25,586 org.nutz.ioc.loader.annotation.AnnotationIocLoader.addClass(AnnotationIocLoader.java:76) - Found @IocBean : class cn.wizzer.framework.util.DateUtil
[DEBUG] 2018-10-15 16:13:25,586 org.nutz.ioc.loader.annotation.AnnotationIocLoader.addClass(AnnotationIocLoader.java:76) - Found @IocBean : class cn.wizzer.framework.shiro.interceptor.NutShiroMethodInterceptor
[DEBUG] 2018-10-15 16:13:25,586 org.nutz.ioc.loader.annotation.AnnotationIocLoader.addClass(AnnotationIocLoader.java:76) - Found @IocBean : class cn.wizzer.framework.util.IdcardUtil
[DEBUG] 2018-10-15 16:13:25,586 org.nutz.ioc.loader.annotation.AnnotationIocLoader.addClass(AnnotationIocLoader.java:76) - Found @IocBean : class cn.wizzer.framework.rabbit.RabbitProducer
[DEBUG] 2018-10-15 16:13:25,586 org.nutz.ioc.loader.annotation.AnnotationIocLoader.addClass(AnnotationIocLoader.java:76) - Found @IocBean : class cn.wizzer.framework.util.RSAUtil
[DEBUG] 2018-10-15 16:13:25,586 org.nutz.ioc.loader.annotation.AnnotationIocLoader.addClass(AnnotationIocLoader.java:76) - Found @IocBean : class cn.wizzer.framework.util.ShiroUtil
[DEBUG] 2018-10-15 16:13:25,586 org.nutz.ioc.loader.annotation.AnnotationIocLoader.addClass(AnnotationIocLoader.java:76) - Found @IocBean : class cn.wizzer.framework.util.Code128Util
[DEBUG] 2018-10-15 16:13:25,586 org.nutz.ioc.loader.annotation.AnnotationIocLoader.addClass(AnnotationIocLoader.java:76) - Found @IocBean : class cn.wizzer.app.base.modules.services.impl.BaseAirmeterialServiceImpl
[DEBUG] 2018-10-15 16:13:25,586 org.nutz.ioc.loader.annotation.AnnotationIocLoader.addClass(AnnotationIocLoader.java:76) - Found @IocBean : class cn.wizzer.app.base.modules.services.impl.BaseAirportServiceImpl
[DEBUG] 2018-10-15 16:13:25,587 org.nutz.ioc.loader.annotation.AnnotationIocLoader.addClass(AnnotationIocLoader.java:76) - Found @IocBean : class cn.wizzer.app.base.modules.services.impl.BaseCnctobjServiceImpl
[DEBUG] 2018-10-15 16:13:25,587 org.nutz.ioc.loader.annotation.AnnotationIocLoader.addClass(AnnotationIocLoader.java:76) - Found @IocBean : class cn.wizzer.app.base.modules.services.impl.BaseCustomerServiceImpl
[DEBUG] 2018-10-15 16:13:25,587 org.nutz.ioc.loader.annotation.AnnotationIocLoader.addClass(AnnotationIocLoader.java:76) - Found @IocBean : class cn.wizzer.app.base.modules.services.impl.BaseDeptServiceImpl
[DEBUG] 2018-10-15 16:13:25,587 org.nutz.ioc.loader.annotation.AnnotationIocLoader.addClass(AnnotationIocLoader.java:76) - Found @IocBean : class cn.wizzer.app.base.modules.services.impl.BaseJobServiceImpl
[DEBUG] 2018-10-15 16:13:25,587 org.nutz.ioc.loader.annotation.AnnotationIocLoader.addClass(AnnotationIocLoader.java:76) - Found @IocBean : class cn.wizzer.app.base.modules.services.impl.BasePersonpoolServiceImpl
[DEBUG] 2018-10-15 16:13:25,587 org.nutz.ioc.loader.annotation.AnnotationIocLoader.addClass(AnnotationIocLoader.java:76) - Found @IocBean : class cn.wizzer.app.base.modules.services.impl.BasePersonServiceImpl
[DEBUG] 2018-10-15 16:13:25,587 org.nutz.ioc.loader.annotation.AnnotationIocLoader.addClass(AnnotationIocLoader.java:76) - Found @IocBean : class cn.wizzer.app.base.modules.services.impl.BasePlaceServiceImpl
[DEBUG] 2018-10-15 16:13:25,587 org.nutz.ioc.loader.annotation.AnnotationIocLoader.addClass(AnnotationIocLoader.java:76) - Found @IocBean : class cn.wizzer.app.base.modules.services.impl.BasePostServiceImpl
[DEBUG] 2018-10-15 16:13:25,587 org.nutz.ioc.loader.annotation.AnnotationIocLoader.addClass(AnnotationIocLoader.java:76) - Found @IocBean : class cn.wizzer.app.base.modules.services.impl.BaseRowofficeentryServiceImpl
[DEBUG] 2018-10-15 16:13:25,587 org.nutz.ioc.loader.annotation.AnnotationIocLoader.addClass(AnnotationIocLoader.java:76) - Found @IocBean : class cn.wizzer.app.base.modules.services.impl.BaseRowofficeServiceImpl
[DEBUG] 2018-10-15 16:13:25,587 org.nutz.ioc.loader.annotation.AnnotationIocLoader.addClass(AnnotationIocLoader.java:76) - Found @IocBean : class cn.wizzer.app.base.modules.services.impl.BaseVehicleServiceImpl
[DEBUG] 2018-10-15 16:13:25,587 org.nutz.ioc.loader.annotation.AnnotationIocLoader.addClass(AnnotationIocLoader.java:76) - Found @IocBean : class cn.wizzer.app.base.modules.services.impl.BaseWarehouseServiceImpl
[DEBUG] 2018-10-15 16:13:25,587 org.nutz.ioc.loader.annotation.AnnotationIocLoader.addClass(AnnotationIocLoader.java:76) - Found @IocBean : class cn.wizzer.app.cms.modules.services.impl.CmsArticleServiceImpl
[DEBUG] 2018-10-15 16:13:25,587 org.nutz.ioc.loader.annotation.AnnotationIocLoader.addClass(AnnotationIocLoader.java:76) - Found @IocBean : class cn.wizzer.app.cms.modules.services.impl.CmsChannelServiceImpl
[DEBUG] 2018-10-15 16:13:25,587 org.nutz.ioc.loader.annotation.AnnotationIocLoader.addClass(AnnotationIocLoader.java:76) - Found @IocBean : class cn.wizzer.app.cms.modules.services.impl.CmsLinkClassServiceImpl
[DEBUG] 2018-10-15 16:13:25,587 org.nutz.ioc.loader.annotation.AnnotationIocLoader.addClass(AnnotationIocLoader.java:76) - Found @IocBean : class cn.wizzer.app.cms.modules.services.impl.CmsLinkServiceImpl
[DEBUG] 2018-10-15 16:13:25,588 org.nutz.ioc.loader.annotation.AnnotationIocLoader.addClass(AnnotationIocLoader.java:76) - Found @IocBean : class cn.wizzer.app.cms.modules.services.impl.CmsSiteServiceImpl
[DEBUG] 2018-10-15 16:13:25,588 org.nutz.ioc.loader.annotation.AnnotationIocLoader.addClass(AnnotationIocLoader.java:76) - Found @IocBean : class cn.wizzer.app.ins.modules.services.impl.InsBaseinsServiceImpl
[DEBUG] 2018-10-15 16:13:25,588 org.nutz.ioc.loader.annotation.AnnotationIocLoader.addClass(AnnotationIocLoader.java:76) - Found @IocBean : class cn.wizzer.app.ins.modules.services.impl.InsBaseinsSpaceServiceImpl
[DEBUG] 2018-10-15 16:13:25,588 org.nutz.ioc.loader.annotation.AnnotationIocLoader.addClass(AnnotationIocLoader.java:76) - Found @IocBean : class cn.wizzer.app.ins.modules.services.impl.InsCabinetServiceImpl
[DEBUG] 2018-10-15 16:13:25,588 org.nutz.ioc.loader.annotation.AnnotationIocLoader.addClass(AnnotationIocLoader.java:76) - Found @IocBean : class cn.wizzer.app.ins.modules.services.impl.InsCommonServiceImpl
[DEBUG] 2018-10-15 16:13:25,588 org.nutz.ioc.loader.annotation.AnnotationIocLoader.addClass(AnnotationIocLoader.java:76) - Found @IocBean : class cn.wizzer.app.ins.modules.services.impl.InsInstrumentServiceImpl
[DEBUG] 2018-10-15 16:13:25,588 org.nutz.ioc.loader.annotation.AnnotationIocLoader.addClass(AnnotationIocLoader.java:76) - Found @IocBean : class cn.wizzer.app.ins.modules.services.impl.InsLockServiceImpl
[DEBUG] 2018-10-15 16:13:25,588 org.nutz.ioc.loader.annotation.AnnotationIocLoader.addClass(AnnotationIocLoader.java:76) - Found @IocBean : class cn.wizzer.app.ins.modules.services.impl.InsOrderentryServiceImpl
[DEBUG] 2018-10-15 16:13:25,588 org.nutz.ioc.loader.annotation.AnnotationIocLoader.addClass(AnnotationIocLoader.java:76) - Found @IocBean : class cn.wizzer.app.ins.modules.services.impl.InsOrderServiceImpl
[DEBUG] 2018-10-15 16:13:25,588 org.nutz.ioc.loader.annotation.AnnotationIocLoader.addClass(AnnotationIocLoader.java:76) - Found @IocBean : class cn.wizzer.app.ins.modules.services.impl.InsRepairServiceImpl
[DEBUG] 2018-10-15 16:13:25,588 org.nutz.ioc.loader.annotation.AnnotationIocLoader.addClass(AnnotationIocLoader.java:76) - Found @IocBean : class cn.wizzer.app.ins.modules.services.impl.InsRepairtrackServiceImpl
[DEBUG] 2018-10-15 16:13:25,588 org.nutz.ioc.loader.annotation.AnnotationIocLoader.addClass(AnnotationIocLoader.java:76) - Found @IocBean : class cn.wizzer.app.ins.modules.services.impl.InsRfheadServiceImpl
[DEBUG] 2018-10-15 16:13:25,588 org.nutz.ioc.loader.annotation.AnnotationIocLoader.addClass(AnnotationIocLoader.java:76) - Found @IocBean : class cn.wizzer.app.ins.modules.services.impl.InsRfidServiceImpl
[DEBUG] 2018-10-15 16:13:25,588 org.nutz.ioc.loader.annotation.AnnotationIocLoader.addClass(AnnotationIocLoader.java:76) - Found @IocBean : class cn.wizzer.app.ins.modules.services.impl.InsSpaceServiceImpl
[DEBUG] 2018-10-15 16:13:25,588 org.nutz.ioc.loader.annotation.AnnotationIocLoader.addClass(AnnotationIocLoader.java:76) - Found @IocBean : class cn.wizzer.app.ins.modules.services.impl.InsToolcabinetServiceImpl
[DEBUG] 2018-10-15 16:13:25,588 org.nutz.ioc.loader.annotation.AnnotationIocLoader.addClass(AnnotationIocLoader.java:76) - Found @IocBean : class cn.wizzer.app.ins.modules.services.impl.InsTransmitServiceImpl
[DEBUG] 2018-10-15 16:13:25,589 org.nutz.ioc.loader.annotation.AnnotationIocLoader.addClass(AnnotationIocLoader.java:76) - Found @IocBean : class cn.wizzer.app.logistics.modules.services.impl.LogisticsDeliveryorderentryServiceImpl
[DEBUG] 2018-10-15 16:13:25,589 org.nutz.ioc.loader.annotation.AnnotationIocLoader.addClass(AnnotationIocLoader.java:76) - Found @IocBean : class cn.wizzer.app.logistics.modules.services.impl.LogisticsDeliveryorderServiceImpl
[DEBUG] 2018-10-15 16:13:25,589 org.nutz.ioc.loader.annotation.AnnotationIocLoader.addClass(AnnotationIocLoader.java:76) - Found @IocBean : class cn.wizzer.app.logistics.modules.services.impl.LogisticsEntourageServiceImpl
[DEBUG] 2018-10-15 16:13:25,589 org.nutz.ioc.loader.annotation.AnnotationIocLoader.addClass(AnnotationIocLoader.java:76) - Found @IocBean : class cn.wizzer.app.logistics.modules.services.impl.LogisticsOrderdeliveryServiceImpl
[DEBUG] 2018-10-15 16:13:25,589 org.nutz.ioc.loader.annotation.AnnotationIocLoader.addClass(AnnotationIocLoader.java:76) - Found @IocBean : class cn.wizzer.app.logistics.modules.services.impl.LogisticsOrderentryServiceImpl
[DEBUG] 2018-10-15 16:13:25,589 org.nutz.ioc.loader.annotation.AnnotationIocLoader.addClass(AnnotationIocLoader.java:76) - Found @IocBean : class cn.wizzer.app.logistics.modules.services.impl.LogisticsOrderplanentryServiceImpl
[DEBUG] 2018-10-15 16:13:25,589 org.nutz.ioc.loader.annotation.AnnotationIocLoader.addClass(AnnotationIocLoader.java:76) - Found @IocBean : class cn.wizzer.app.logistics.modules.services.impl.LogisticsOrderplanServiceImpl
[DEBUG] 2018-10-15 16:13:25,589 org.nutz.ioc.loader.annotation.AnnotationIocLoader.addClass(AnnotationIocLoader.java:76) - Found @IocBean : class cn.wizzer.app.logistics.modules.services.impl.LogisticsOrderrejectServiceImpl
[DEBUG] 2018-10-15 16:13:25,589 org.nutz.ioc.loader.annotation.AnnotationIocLoader.addClass(AnnotationIocLoader.java:76) - Found @IocBean : class cn.wizzer.app.logistics.modules.services.impl.LogisticsOrderServiceImpl
[DEBUG] 2018-10-15 16:13:25,589 org.nutz.ioc.loader.annotation.AnnotationIocLoader.addClass(AnnotationIocLoader.java:76) - Found @IocBean : class cn.wizzer.app.logistics.modules.services.impl.LogisticsOrderstepServiceImpl
[DEBUG] 2018-10-15 16:13:25,589 org.nutz.ioc.loader.annotation.AnnotationIocLoader.addClass(AnnotationIocLoader.java:76) - Found @IocBean : class cn.wizzer.app.logistics.modules.services.impl.LogisticsSendapprovalServiceImpl
[DEBUG] 2018-10-15 16:13:25,589 org.nutz.ioc.loader.annotation.AnnotationIocLoader.addClass(AnnotationIocLoader.java:76) - Found @IocBean : class cn.wizzer.app.logistics.modules.services.impl.LogisticsSendgoodsServiceImpl
[DEBUG] 2018-10-15 16:13:25,589 org.nutz.ioc.loader.annotation.AnnotationIocLoader.addClass(AnnotationIocLoader.java:76) - Found @IocBean : class cn.wizzer.app.logistics.modules.services.impl.LogisticsSendplanServiceImpl
[DEBUG] 2018-10-15 16:13:25,589 org.nutz.ioc.loader.annotation.AnnotationIocLoader.addClass(AnnotationIocLoader.java:76) - Found @IocBean : class cn.wizzer.app.logistics.modules.services.impl.LogisticsSendtraceServiceImpl
[DEBUG] 2018-10-15 16:13:25,589 org.nutz.ioc.loader.annotation.AnnotationIocLoader.addClass(AnnotationIocLoader.java:76) - Found @IocBean : class cn.wizzer.app.logistics.modules.services.impl.LogisticsUnplanServiceImpl
[DEBUG] 2018-10-15 16:13:25,590 org.nutz.ioc.loader.annotation.AnnotationIocLoader.addClass(AnnotationIocLoader.java:76) - Found @IocBean : class cn.wizzer.app.sys.modules.services.impl.SysApiServiceImpl
[DEBUG] 2018-10-15 16:13:25,590 org.nutz.ioc.loader.annotation.AnnotationIocLoader.addClass(AnnotationIocLoader.java:76) - Found @IocBean : class cn.wizzer.app.sys.modules.services.impl.SysBarcodeServiceImpl
[DEBUG] 2018-10-15 16:13:25,590 org.nutz.ioc.loader.annotation.AnnotationIocLoader.addClass(AnnotationIocLoader.java:76) - Found @IocBean : class cn.wizzer.app.sys.modules.services.impl.SysConfigServiceImpl
[DEBUG] 2018-10-15 16:13:25,590 org.nutz.ioc.loader.annotation.AnnotationIocLoader.addClass(AnnotationIocLoader.java:76) - Found @IocBean : class cn.wizzer.app.sys.modules.services.impl.SysDictServiceImpl
[DEBUG] 2018-10-15 16:13:25,590 org.nutz.ioc.loader.annotation.AnnotationIocLoader.addClass(AnnotationIocLoader.java:76) - Found @IocBean : class cn.wizzer.app.sys.modules.services.impl.SysLogServiceImpl
[DEBUG] 2018-10-15 16:13:25,590 org.nutz.ioc.loader.annotation.AnnotationIocLoader.addClass(AnnotationIocLoader.java:76) - Found @IocBean : class cn.wizzer.app.sys.modules.services.impl.SysMenuServiceImpl
[DEBUG] 2018-10-15 16:13:25,590 org.nutz.ioc.loader.annotation.AnnotationIocLoader.addClass(AnnotationIocLoader.java:76) - Found @IocBean : class cn.wizzer.app.sys.modules.services.impl.SysMobileServiceImpl
[DEBUG] 2018-10-15 16:13:25,590 org.nutz.ioc.loader.annotation.AnnotationIocLoader.addClass(AnnotationIocLoader.java:76) - Found @IocBean : class cn.wizzer.app.sys.modules.services.impl.SysPluginServiceImpl
[DEBUG] 2018-10-15 16:13:25,590 org.nutz.ioc.loader.annotation.AnnotationIocLoader.addClass(AnnotationIocLoader.java:76) - Found @IocBean : class cn.wizzer.app.sys.modules.services.impl.SysRegistauditServiceImpl
[DEBUG] 2018-10-15 16:13:25,590 org.nutz.ioc.loader.annotation.AnnotationIocLoader.addClass(AnnotationIocLoader.java:76) - Found @IocBean : class cn.wizzer.app.sys.modules.services.impl.SysRoleServiceImpl
[DEBUG] 2018-10-15 16:13:25,590 org.nutz.ioc.loader.annotation.AnnotationIocLoader.addClass(AnnotationIocLoader.java:76) - Found @IocBean : class cn.wizzer.app.sys.modules.services.impl.SysRouteServiceImpl
[DEBUG] 2018-10-15 16:13:25,590 org.nutz.ioc.loader.annotation.AnnotationIocLoader.addClass(AnnotationIocLoader.java:76) - Found @IocBean : class cn.wizzer.app.sys.modules.services.impl.SysTaskServiceImpl
[DEBUG] 2018-10-15 16:13:25,590 org.nutz.ioc.loader.annotation.AnnotationIocLoader.addClass(AnnotationIocLoader.java:76) - Found @IocBean : class cn.wizzer.app.sys.modules.services.impl.SysTempuserServiceImpl
[DEBUG] 2018-10-15 16:13:25,590 org.nutz.ioc.loader.annotation.AnnotationIocLoader.addClass(AnnotationIocLoader.java:76) - Found @IocBean : class cn.wizzer.app.sys.modules.services.impl.SysUnitServiceImpl
[DEBUG] 2018-10-15 16:13:25,590 org.nutz.ioc.loader.annotation.AnnotationIocLoader.addClass(AnnotationIocLoader.java:76) - Found @IocBean : class cn.wizzer.app.sys.modules.services.impl.SysUserServiceImpl
[DEBUG] 2018-10-15 16:13:25,590 org.nutz.ioc.loader.annotation.AnnotationIocLoader.addClass(AnnotationIocLoader.java:76) - Found @IocBean : class cn.wizzer.app.sys.modules.services.impl.SysVersionServiceImpl
[DEBUG] 2018-10-15 16:13:25,591 org.nutz.ioc.loader.annotation.AnnotationIocLoader.addClass(AnnotationIocLoader.java:76) - Found @IocBean : class cn.wizzer.app.sys.modules.services.impl.SysWxDeptServiceImpl
[DEBUG] 2018-10-15 16:13:25,591 org.nutz.ioc.loader.annotation.AnnotationIocLoader.addClass(AnnotationIocLoader.java:76) - Found @IocBean : class cn.wizzer.app.sys.modules.services.impl.SysWxServiceImpl
[DEBUG] 2018-10-15 16:13:25,591 org.nutz.ioc.loader.annotation.AnnotationIocLoader.addClass(AnnotationIocLoader.java:76) - Found @IocBean : class cn.wizzer.app.sys.modules.services.impl.SysWxUserServiceImpl
[DEBUG] 2018-10-15 16:13:25,591 org.nutz.ioc.loader.annotation.AnnotationIocLoader.addClass(AnnotationIocLoader.java:76) - Found @IocBean : class cn.wizzer.app.web.commons.plugin.DynamicInterceptor
[DEBUG] 2018-10-15 16:13:25,591 org.nutz.ioc.loader.annotation.AnnotationIocLoader.addClass(AnnotationIocLoader.java:76) - Found @IocBean : class cn.wizzer.app.web.commons.plugin.PluginAopConfigure
[DEBUG] 2018-10-15 16:13:25,591 org.nutz.ioc.loader.annotation.AnnotationIocLoader.addClass(AnnotationIocLoader.java:76) - Found @IocBean : class cn.wizzer.app.web.commons.plugin.PluginMaster
[DEBUG] 2018-10-15 16:13:25,591 org.nutz.ioc.loader.annotation.AnnotationIocLoader.addClass(AnnotationIocLoader.java:76) - Found @IocBean : class cn.wizzer.app.web.commons.quartz.job.orderExecute
[DEBUG] 2018-10-15 16:13:25,591 org.nutz.ioc.loader.annotation.AnnotationIocLoader.addClass(AnnotationIocLoader.java:76) - Found @IocBean : class cn.wizzer.app.web.commons.quartz.job.TestJob
[DEBUG] 2018-10-15 16:13:25,591 org.nutz.ioc.loader.annotation.AnnotationIocLoader.addClass(AnnotationIocLoader.java:76) - Found @IocBean : class cn.wizzer.app.web.commons.services.email.EmailService
[DEBUG] 2018-10-15 16:13:25,591 org.nutz.ioc.loader.annotation.AnnotationIocLoader.addClass(AnnotationIocLoader.java:76) - Found @IocBean : class cn.wizzer.app.web.commons.services.qrcode.QrcodeService
[DEBUG] 2018-10-15 16:13:25,591 org.nutz.ioc.loader.annotation.AnnotationIocLoader.addClass(AnnotationIocLoader.java:76) - Found @IocBean : class cn.wizzer.app.web.commons.services.wx.TplService
[DEBUG] 2018-10-15 16:13:25,591 org.nutz.ioc.loader.annotation.AnnotationIocLoader.addClass(AnnotationIocLoader.java:76) - Found @IocBean : class cn.wizzer.app.web.commons.services.wx.WxHandler
[DEBUG] 2018-10-15 16:13:25,591 org.nutz.ioc.loader.annotation.AnnotationIocLoader.addClass(AnnotationIocLoader.java:76) - Found @IocBean : class cn.wizzer.app.web.commons.shiro.realm.PlatformAuthorizingRealm
[DEBUG] 2018-10-15 16:13:25,591 org.nutz.ioc.loader.annotation.AnnotationIocLoader.addClass(AnnotationIocLoader.java:76) - Found @IocBean : class cn.wizzer.app.web.commons.slog.SLogAopConfigration
[DEBUG] 2018-10-15 16:13:25,591 org.nutz.ioc.loader.annotation.AnnotationIocLoader.addClass(AnnotationIocLoader.java:76) - Found @IocBean : class cn.wizzer.app.web.commons.slog.SLogService
[DEBUG] 2018-10-15 16:13:25,591 org.nutz.ioc.loader.annotation.AnnotationIocLoader.addClass(AnnotationIocLoader.java:76) - Found @IocBean : class cn.wizzer.app.web.modules.controllers.front.wx.CmsController
[DEBUG] 2018-10-15 16:13:25,591 org.nutz.ioc.loader.annotation.AnnotationIocLoader.addClass(AnnotationIocLoader.java:76) - Found @IocBean : class cn.wizzer.app.web.modules.controllers.front.wx.WechatController
[DEBUG] 2018-10-15 16:13:25,592 org.nutz.ioc.loader.annotation.AnnotationIocLoader.addClass(AnnotationIocLoader.java:76) - Found @IocBean : class cn.wizzer.app.web.modules.controllers.open.api.mobile.MobileBaseController
[DEBUG] 2018-10-15 16:13:25,592 org.nutz.ioc.loader.annotation.AnnotationIocLoader.addClass(AnnotationIocLoader.java:76) - Found @IocBean : class cn.wizzer.app.web.modules.controllers.open.api.mobile.MobileInsController
[DEBUG] 2018-10-15 16:13:25,592 org.nutz.ioc.loader.annotation.AnnotationIocLoader.addClass(AnnotationIocLoader.java:76) - Found @IocBean : class cn.wizzer.app.web.modules.controllers.open.api.mobile.MobileOrderController
[DEBUG] 2018-10-15 16:13:25,592 org.nutz.ioc.loader.annotation.AnnotationIocLoader.addClass(AnnotationIocLoader.java:76) - Found @IocBean : class cn.wizzer.app.web.modules.controllers.open.api.mobile.MobileSysController
[DEBUG] 2018-10-15 16:13:25,592 org.nutz.ioc.loader.annotation.AnnotationIocLoader.addClass(AnnotationIocLoader.java:76) - Found @IocBean : class cn.wizzer.app.web.modules.controllers.open.api.pad.PadInsController
[DEBUG] 2018-10-15 16:13:25,592 org.nutz.ioc.loader.annotation.AnnotationIocLoader.addClass(AnnotationIocLoader.java:76) - Found @IocBean : class cn.wizzer.app.web.modules.controllers.open.api.pad.PadOrderController
[DEBUG] 2018-10-15 16:13:25,592 org.nutz.ioc.loader.annotation.AnnotationIocLoader.addClass(AnnotationIocLoader.java:76) - Found @IocBean : class cn.wizzer.app.web.modules.controllers.open.api.pad.PadSysController
[DEBUG] 2018-10-15 16:13:25,592 org.nutz.ioc.loader.annotation.AnnotationIocLoader.addClass(AnnotationIocLoader.java:76) - Found @IocBean : class cn.wizzer.app.web.modules.controllers.open.api.test.ApiTestController
[DEBUG] 2018-10-15 16:13:25,592 org.nutz.ioc.loader.annotation.AnnotationIocLoader.addClass(AnnotationIocLoader.java:76) - Found @IocBean : class cn.wizzer.app.web.modules.controllers.open.api.token.TokenController
[DEBUG] 2018-10-15 16:13:25,592 org.nutz.ioc.loader.annotation.AnnotationIocLoader.addClass(AnnotationIocLoader.java:76) - Found @IocBean : class cn.wizzer.app.web.modules.controllers.open.api.userpermission.UserpermissionController
[DEBUG] 2018-10-15 16:13:25,592 org.nutz.ioc.loader.annotation.AnnotationIocLoader.addClass(AnnotationIocLoader.java:76) - Found @IocBean : class cn.wizzer.app.web.modules.controllers.open.file.UploadController
[DEBUG] 2018-10-15 16:13:25,592 org.nutz.ioc.loader.annotation.AnnotationIocLoader.addClass(AnnotationIocLoader.java:76) - Found @IocBean : class cn.wizzer.app.web.modules.controllers.open.pay.WxPayBackController
[DEBUG] 2018-10-15 16:13:25,592 org.nutz.ioc.loader.annotation.AnnotationIocLoader.addClass(AnnotationIocLoader.java:76) - Found @IocBean : class cn.wizzer.app.web.modules.controllers.open.ueditor.BdController
[DEBUG] 2018-10-15 16:13:25,592 org.nutz.ioc.loader.annotation.AnnotationIocLoader.addClass(AnnotationIocLoader.java:76) - Found @IocBean : class cn.wizzer.app.web.modules.controllers.open.ueditor.WxController
[DEBUG] 2018-10-15 16:13:25,592 org.nutz.ioc.loader.annotation.AnnotationIocLoader.addClass(AnnotationIocLoader.java:76) - Found @IocBean : class cn.wizzer.app.web.modules.controllers.open.wx.WeixinController
[DEBUG] 2018-10-15 16:13:25,592 org.nutz.ioc.loader.annotation.AnnotationIocLoader.addClass(AnnotationIocLoader.java:76) - Found @IocBean : class cn.wizzer.app.web.modules.controllers.platform.base.BaseAirmeterialController
[DEBUG] 2018-10-15 16:13:25,592 org.nutz.ioc.loader.annotation.AnnotationIocLoader.addClass(AnnotationIocLoader.java:76) - Found @IocBean : class cn.wizzer.app.web.modules.controllers.platform.base.BaseAirportController
[DEBUG] 2018-10-15 16:13:25,593 org.nutz.ioc.loader.annotation.AnnotationIocLoader.addClass(AnnotationIocLoader.java:76) - Found @IocBean : class cn.wizzer.app.web.modules.controllers.platform.base.BaseCnctobjController
[DEBUG] 2018-10-15 16:13:25,593 org.nutz.ioc.loader.annotation.AnnotationIocLoader.addClass(AnnotationIocLoader.java:76) - Found @IocBean : class cn.wizzer.app.web.modules.controllers.platform.base.BaseCustomerController
[DEBUG] 2018-10-15 16:13:25,593 org.nutz.ioc.loader.annotation.AnnotationIocLoader.addClass(AnnotationIocLoader.java:76) - Found @IocBean : class cn.wizzer.app.web.modules.controllers.platform.base.BaseDeptController
[DEBUG] 2018-10-15 16:13:25,593 org.nutz.ioc.loader.annotation.AnnotationIocLoader.addClass(AnnotationIocLoader.java:76) - Found @IocBean : class cn.wizzer.app.web.modules.controllers.platform.base.BaseJobController
[DEBUG] 2018-10-15 16:13:25,593 org.nutz.ioc.loader.annotation.AnnotationIocLoader.addClass(AnnotationIocLoader.java:76) - Found @IocBean : class cn.wizzer.app.web.modules.controllers.platform.base.BasePersonController
[DEBUG] 2018-10-15 16:13:25,593 org.nutz.ioc.loader.annotation.AnnotationIocLoader.addClass(AnnotationIocLoader.java:76) - Found @IocBean : class cn.wizzer.app.web.modules.controllers.platform.base.BasePersonpoolController
[DEBUG] 2018-10-15 16:13:25,593 org.nutz.ioc.loader.annotation.AnnotationIocLoader.addClass(AnnotationIocLoader.java:76) - Found @IocBean : class cn.wizzer.app.web.modules.controllers.platform.base.BasePlaceController
[DEBUG] 2018-10-15 16:13:25,593 org.nutz.ioc.loader.annotation.AnnotationIocLoader.addClass(AnnotationIocLoader.java:76) - Found @IocBean : class cn.wizzer.app.web.modules.controllers.platform.base.BasePostController
[DEBUG] 2018-10-15 16:13:25,593 org.nutz.ioc.loader.annotation.AnnotationIocLoader.addClass(AnnotationIocLoader.java:76) - Found @IocBean : class cn.wizzer.app.web.modules.controllers.platform.base.BaseRowofficeController
[DEBUG] 2018-10-15 16:13:25,593 org.nutz.ioc.loader.annotation.AnnotationIocLoader.addClass(AnnotationIocLoader.java:76) - Found @IocBean : class cn.wizzer.app.web.modules.controllers.platform.base.BaseRowofficeentryController
[DEBUG] 2018-10-15 16:13:25,593 org.nutz.ioc.loader.annotation.AnnotationIocLoader.addClass(AnnotationIocLoader.java:76) - Found @IocBean : class cn.wizzer.app.web.modules.controllers.platform.base.BaseVehicleController
[DEBUG] 2018-10-15 16:13:25,593 org.nutz.ioc.loader.annotation.AnnotationIocLoader.addClass(AnnotationIocLoader.java:76) - Found @IocBean : class cn.wizzer.app.web.modules.controllers.platform.base.BaseWarehouseController
[DEBUG] 2018-10-15 16:13:25,593 org.nutz.ioc.loader.annotation.AnnotationIocLoader.addClass(AnnotationIocLoader.java:76) - Found @IocBean : class cn.wizzer.app.web.modules.controllers.platform.cms.CmsArticleController
[DEBUG] 2018-10-15 16:13:25,593 org.nutz.ioc.loader.annotation.AnnotationIocLoader.addClass(AnnotationIocLoader.java:76) - Found @IocBean : class cn.wizzer.app.web.modules.controllers.platform.cms.CmsChannelController
[DEBUG] 2018-10-15 16:13:25,593 org.nutz.ioc.loader.annotation.AnnotationIocLoader.addClass(AnnotationIocLoader.java:76) - Found @IocBean : class cn.wizzer.app.web.modules.controllers.platform.cms.CmsLinkClassController
[DEBUG] 2018-10-15 16:13:25,593 org.nutz.ioc.loader.annotation.AnnotationIocLoader.addClass(AnnotationIocLoader.java:76) - Found @IocBean : class cn.wizzer.app.web.modules.controllers.platform.cms.CmsLinkController
[DEBUG] 2018-10-15 16:13:25,593 org.nutz.ioc.loader.annotation.AnnotationIocLoader.addClass(AnnotationIocLoader.java:76) - Found @IocBean : class cn.wizzer.app.web.modules.controllers.platform.cms.CmsSiteController
[DEBUG] 2018-10-15 16:13:25,593 org.nutz.ioc.loader.annotation.AnnotationIocLoader.addClass(AnnotationIocLoader.java:76) - Found @IocBean : class cn.wizzer.app.web.modules.controllers.platform.ins.InsBaseinsController
[DEBUG] 2018-10-15 16:13:25,594 org.nutz.ioc.loader.annotation.AnnotationIocLoader.addClass(AnnotationIocLoader.java:76) - Found @IocBean : class cn.wizzer.app.web.modules.controllers.platform.ins.InsBaseinsSpaceController
[DEBUG] 2018-10-15 16:13:25,594 org.nutz.ioc.loader.annotation.AnnotationIocLoader.addClass(AnnotationIocLoader.java:76) - Found @IocBean : class cn.wizzer.app.web.modules.controllers.platform.ins.InsCabinetController
[DEBUG] 2018-10-15 16:13:25,594 org.nutz.ioc.loader.annotation.AnnotationIocLoader.addClass(AnnotationIocLoader.java:76) - Found @IocBean : class cn.wizzer.app.web.modules.controllers.platform.ins.InsCommonController
[DEBUG] 2018-10-15 16:13:25,594 org.nutz.ioc.loader.annotation.AnnotationIocLoader.addClass(AnnotationIocLoader.java:76) - Found @IocBean : class cn.wizzer.app.web.modules.controllers.platform.ins.InsInstrumentController
[DEBUG] 2018-10-15 16:13:25,594 org.nutz.ioc.loader.annotation.AnnotationIocLoader.addClass(AnnotationIocLoader.java:76) - Found @IocBean : class cn.wizzer.app.web.modules.controllers.platform.ins.InsLockController
[DEBUG] 2018-10-15 16:13:25,594 org.nutz.ioc.loader.annotation.AnnotationIocLoader.addClass(AnnotationIocLoader.java:76) - Found @IocBean : class cn.wizzer.app.web.modules.controllers.platform.ins.InsOrderController
[DEBUG] 2018-10-15 16:13:25,594 org.nutz.ioc.loader.annotation.AnnotationIocLoader.addClass(AnnotationIocLoader.java:76) - Found @IocBean : class cn.wizzer.app.web.modules.controllers.platform.ins.InsOrderentryController
[DEBUG] 2018-10-15 16:13:25,594 org.nutz.ioc.loader.annotation.AnnotationIocLoader.addClass(AnnotationIocLoader.java:76) - Found @IocBean : class cn.wizzer.app.web.modules.controllers.platform.ins.InsRepairController
[DEBUG] 2018-10-15 16:13:25,594 org.nutz.ioc.loader.annotation.AnnotationIocLoader.addClass(AnnotationIocLoader.java:76) - Found @IocBean : class cn.wizzer.app.web.modules.controllers.platform.ins.InsRepairtrackController
[DEBUG] 2018-10-15 16:13:25,594 org.nutz.ioc.loader.annotation.AnnotationIocLoader.addClass(AnnotationIocLoader.java:76) - Found @IocBean : class cn.wizzer.app.web.modules.controllers.platform.ins.InsRfheadController
[DEBUG] 2018-10-15 16:13:25,594 org.nutz.ioc.loader.annotation.AnnotationIocLoader.addClass(AnnotationIocLoader.java:76) - Found @IocBean : class cn.wizzer.app.web.modules.controllers.platform.ins.InsRfidController
[DEBUG] 2018-10-15 16:13:25,594 org.nutz.ioc.loader.annotation.AnnotationIocLoader.addClass(AnnotationIocLoader.java:76) - Found @IocBean : class cn.wizzer.app.web.modules.controllers.platform.ins.InsSpaceController
[DEBUG] 2018-10-15 16:13:25,594 org.nutz.ioc.loader.annotation.AnnotationIocLoader.addClass(AnnotationIocLoader.java:76) - Found @IocBean : class cn.wizzer.app.web.modules.controllers.platform.ins.InsToolcabinetController
[DEBUG] 2018-10-15 16:13:25,594 org.nutz.ioc.loader.annotation.AnnotationIocLoader.addClass(AnnotationIocLoader.java:76) - Found @IocBean : class cn.wizzer.app.web.modules.controllers.platform.ins.InsTransmitController
[DEBUG] 2018-10-15 16:13:25,594 org.nutz.ioc.loader.annotation.AnnotationIocLoader.addClass(AnnotationIocLoader.java:76) - Found @IocBean : class cn.wizzer.app.web.modules.controllers.platform.logistics.LogisticsDeliveryorderController
[DEBUG] 2018-10-15 16:13:25,594 org.nutz.ioc.loader.annotation.AnnotationIocLoader.addClass(AnnotationIocLoader.java:76) - Found @IocBean : class cn.wizzer.app.web.modules.controllers.platform.logistics.LogisticsDeliveryorderentryController
[DEBUG] 2018-10-15 16:13:25,594 org.nutz.ioc.loader.annotation.AnnotationIocLoader.addClass(AnnotationIocLoader.java:76) - Found @IocBean : class cn.wizzer.app.web.modules.controllers.platform.logistics.LogisticsEntourageController
[DEBUG] 2018-10-15 16:13:25,594 org.nutz.ioc.loader.annotation.AnnotationIocLoader.addClass(AnnotationIocLoader.java:76) - Found @IocBean : class cn.wizzer.app.web.modules.controllers.platform.logistics.LogisticsOrderController
[DEBUG] 2018-10-15 16:13:25,595 org.nutz.ioc.loader.annotation.AnnotationIocLoader.addClass(AnnotationIocLoader.java:76) - Found @IocBean : class cn.wizzer.app.web.modules.controllers.platform.logistics.LogisticsOrderdeliveryController
[DEBUG] 2018-10-15 16:13:25,595 org.nutz.ioc.loader.annotation.AnnotationIocLoader.addClass(AnnotationIocLoader.java:76) - Found @IocBean : class cn.wizzer.app.web.modules.controllers.platform.logistics.LogisticsOrderentryController
[DEBUG] 2018-10-15 16:13:25,595 org.nutz.ioc.loader.annotation.AnnotationIocLoader.addClass(AnnotationIocLoader.java:76) - Found @IocBean : class cn.wizzer.app.web.modules.controllers.platform.logistics.LogisticsOrderplanController
[DEBUG] 2018-10-15 16:13:25,595 org.nutz.ioc.loader.annotation.AnnotationIocLoader.addClass(AnnotationIocLoader.java:76) - Found @IocBean : class cn.wizzer.app.web.modules.controllers.platform.logistics.LogisticsOrderplanentryController
[DEBUG] 2018-10-15 16:13:25,595 org.nutz.ioc.loader.annotation.AnnotationIocLoader.addClass(AnnotationIocLoader.java:76) - Found @IocBean : class cn.wizzer.app.web.modules.controllers.platform.logistics.LogisticsOrderrejectController
[DEBUG] 2018-10-15 16:13:25,595 org.nutz.ioc.loader.annotation.AnnotationIocLoader.addClass(AnnotationIocLoader.java:76) - Found @IocBean : class cn.wizzer.app.web.modules.controllers.platform.logistics.LogisticsOrderstepController
[DEBUG] 2018-10-15 16:13:25,595 org.nutz.ioc.loader.annotation.AnnotationIocLoader.addClass(AnnotationIocLoader.java:76) - Found @IocBean : class cn.wizzer.app.web.modules.controllers.platform.logistics.LogisticsSendapprovalController
[DEBUG] 2018-10-15 16:13:25,595 org.nutz.ioc.loader.annotation.AnnotationIocLoader.addClass(AnnotationIocLoader.java:76) - Found @IocBean : class cn.wizzer.app.web.modules.controllers.platform.logistics.LogisticsSendgoodsController
[DEBUG] 2018-10-15 16:13:25,595 org.nutz.ioc.loader.annotation.AnnotationIocLoader.addClass(AnnotationIocLoader.java:76) - Found @IocBean : class cn.wizzer.app.web.modules.controllers.platform.logistics.LogisticsSendplanController
[DEBUG] 2018-10-15 16:13:25,595 org.nutz.ioc.loader.annotation.AnnotationIocLoader.addClass(AnnotationIocLoader.java:76) - Found @IocBean : class cn.wizzer.app.web.modules.controllers.platform.logistics.LogisticsSendtraceController
[DEBUG] 2018-10-15 16:13:25,595 org.nutz.ioc.loader.annotation.AnnotationIocLoader.addClass(AnnotationIocLoader.java:76) - Found @IocBean : class cn.wizzer.app.web.modules.controllers.platform.logistics.LogisticsUnplanController
[DEBUG] 2018-10-15 16:13:25,595 org.nutz.ioc.loader.annotation.AnnotationIocLoader.addClass(AnnotationIocLoader.java:76) - Found @IocBean : class cn.wizzer.app.web.modules.controllers.platform.sys.SysApiController
[DEBUG] 2018-10-15 16:13:25,595 org.nutz.ioc.loader.annotation.AnnotationIocLoader.addClass(AnnotationIocLoader.java:76) - Found @IocBean : class cn.wizzer.app.web.modules.controllers.platform.sys.SysBarcodeController
[DEBUG] 2018-10-15 16:13:25,595 org.nutz.ioc.loader.annotation.AnnotationIocLoader.addClass(AnnotationIocLoader.java:76) - Found @IocBean : class cn.wizzer.app.web.modules.controllers.platform.sys.SysConfController
[DEBUG] 2018-10-15 16:13:25,595 org.nutz.ioc.loader.annotation.AnnotationIocLoader.addClass(AnnotationIocLoader.java:76) - Found @IocBean : class cn.wizzer.app.web.modules.controllers.platform.sys.SysDictController
[DEBUG] 2018-10-15 16:13:25,595 org.nutz.ioc.loader.annotation.AnnotationIocLoader.addClass(AnnotationIocLoader.java:76) - Found @IocBean : class cn.wizzer.app.web.modules.controllers.platform.sys.SysHomeController
[DEBUG] 2018-10-15 16:13:25,595 org.nutz.ioc.loader.annotation.AnnotationIocLoader.addClass(AnnotationIocLoader.java:76) - Found @IocBean : class cn.wizzer.app.web.modules.controllers.platform.sys.SysLogController
[DEBUG] 2018-10-15 16:13:25,596 org.nutz.ioc.loader.annotation.AnnotationIocLoader.addClass(AnnotationIocLoader.java:76) - Found @IocBean : class cn.wizzer.app.web.modules.controllers.platform.sys.SysLoginController
[DEBUG] 2018-10-15 16:13:25,596 org.nutz.ioc.loader.annotation.AnnotationIocLoader.addClass(AnnotationIocLoader.java:76) - Found @IocBean : class cn.wizzer.app.web.modules.controllers.platform.sys.SysMenuController
[DEBUG] 2018-10-15 16:13:25,596 org.nutz.ioc.loader.annotation.AnnotationIocLoader.addClass(AnnotationIocLoader.java:76) - Found @IocBean : class cn.wizzer.app.web.modules.controllers.platform.sys.SysMobileController
[DEBUG] 2018-10-15 16:13:25,596 org.nutz.ioc.loader.annotation.AnnotationIocLoader.addClass(AnnotationIocLoader.java:76) - Found @IocBean : class cn.wizzer.app.web.modules.controllers.platform.sys.SysPluginController
[DEBUG] 2018-10-15 16:13:25,596 org.nutz.ioc.loader.annotation.AnnotationIocLoader.addClass(AnnotationIocLoader.java:76) - Found @IocBean : class cn.wizzer.app.web.modules.controllers.platform.sys.SysRegistauditController
[DEBUG] 2018-10-15 16:13:25,596 org.nutz.ioc.loader.annotation.AnnotationIocLoader.addClass(AnnotationIocLoader.java:76) - Found @IocBean : class cn.wizzer.app.web.modules.controllers.platform.sys.SysRoleController
[DEBUG] 2018-10-15 16:13:25,596 org.nutz.ioc.loader.annotation.AnnotationIocLoader.addClass(AnnotationIocLoader.java:76) - Found @IocBean : class cn.wizzer.app.web.modules.controllers.platform.sys.SysRouteController
[DEBUG] 2018-10-15 16:13:25,596 org.nutz.ioc.loader.annotation.AnnotationIocLoader.addClass(AnnotationIocLoader.java:76) - Found @IocBean : class cn.wizzer.app.web.modules.controllers.platform.sys.SysTaskController
[DEBUG] 2018-10-15 16:13:25,596 org.nutz.ioc.loader.annotation.AnnotationIocLoader.addClass(AnnotationIocLoader.java:76) - Found @IocBean : class cn.wizzer.app.web.modules.controllers.platform.sys.SysTempuserController
[DEBUG] 2018-10-15 16:13:25,596 org.nutz.ioc.loader.annotation.AnnotationIocLoader.addClass(AnnotationIocLoader.java:76) - Found @IocBean : class cn.wizzer.app.web.modules.controllers.platform.sys.SysUnitController
[DEBUG] 2018-10-15 16:13:25,596 org.nutz.ioc.loader.annotation.AnnotationIocLoader.addClass(AnnotationIocLoader.java:76) - Found @IocBean : class cn.wizzer.app.web.modules.controllers.platform.sys.SysUserController
[DEBUG] 2018-10-15 16:13:25,596 org.nutz.ioc.loader.annotation.AnnotationIocLoader.addClass(AnnotationIocLoader.java:76) - Found @IocBean : class cn.wizzer.app.web.modules.controllers.platform.sys.SysVersionController
[DEBUG] 2018-10-15 16:13:25,596 org.nutz.ioc.loader.annotation.AnnotationIocLoader.addClass(AnnotationIocLoader.java:76) - Found @IocBean : class cn.wizzer.app.web.modules.controllers.platform.sys.SysWxController
[DEBUG] 2018-10-15 16:13:25,596 org.nutz.ioc.loader.annotation.AnnotationIocLoader.addClass(AnnotationIocLoader.java:76) - Found @IocBean : class cn.wizzer.app.web.modules.controllers.platform.sys.SysWxDeptController
[DEBUG] 2018-10-15 16:13:25,596 org.nutz.ioc.loader.annotation.AnnotationIocLoader.addClass(AnnotationIocLoader.java:76) - Found @IocBean : class cn.wizzer.app.web.modules.controllers.platform.sys.SysWxUserController
[DEBUG] 2018-10-15 16:13:25,596 org.nutz.ioc.loader.annotation.AnnotationIocLoader.addClass(AnnotationIocLoader.java:76) - Found @IocBean : class cn.wizzer.app.web.modules.controllers.platform.wx.WxConfigController
[DEBUG] 2018-10-15 16:13:25,596 org.nutz.ioc.loader.annotation.AnnotationIocLoader.addClass(AnnotationIocLoader.java:76) - Found @IocBean : class cn.wizzer.app.web.modules.controllers.platform.wx.WxMassController
[DEBUG] 2018-10-15 16:13:25,597 org.nutz.ioc.loader.annotation.AnnotationIocLoader.addClass(AnnotationIocLoader.java:76) - Found @IocBean : class cn.wizzer.app.web.modules.controllers.platform.wx.WxMenuController
[DEBUG] 2018-10-15 16:13:25,597 org.nutz.ioc.loader.annotation.AnnotationIocLoader.addClass(AnnotationIocLoader.java:76) - Found @IocBean : class cn.wizzer.app.web.modules.controllers.platform.wx.WxMsgUserController
[DEBUG] 2018-10-15 16:13:25,597 org.nutz.ioc.loader.annotation.AnnotationIocLoader.addClass(AnnotationIocLoader.java:76) - Found @IocBean : class cn.wizzer.app.web.modules.controllers.platform.wx.WxPayTestController
[DEBUG] 2018-10-15 16:13:25,597 org.nutz.ioc.loader.annotation.AnnotationIocLoader.addClass(AnnotationIocLoader.java:76) - Found @IocBean : class cn.wizzer.app.web.modules.controllers.platform.wx.WxReplyController
[DEBUG] 2018-10-15 16:13:25,597 org.nutz.ioc.loader.annotation.AnnotationIocLoader.addClass(AnnotationIocLoader.java:76) - Found @IocBean : class cn.wizzer.app.web.modules.controllers.platform.wx.WxReplyNewsController
[DEBUG] 2018-10-15 16:13:25,597 org.nutz.ioc.loader.annotation.AnnotationIocLoader.addClass(AnnotationIocLoader.java:76) - Found @IocBean : class cn.wizzer.app.web.modules.controllers.platform.wx.WxReplyTxtController
[DEBUG] 2018-10-15 16:13:25,597 org.nutz.ioc.loader.annotation.AnnotationIocLoader.addClass(AnnotationIocLoader.java:76) - Found @IocBean : class cn.wizzer.app.web.modules.controllers.platform.wx.WxTplIdController
[DEBUG] 2018-10-15 16:13:25,597 org.nutz.ioc.loader.annotation.AnnotationIocLoader.addClass(AnnotationIocLoader.java:76) - Found @IocBean : class cn.wizzer.app.web.modules.controllers.platform.wx.WxTplListController
[DEBUG] 2018-10-15 16:13:25,597 org.nutz.ioc.loader.annotation.AnnotationIocLoader.addClass(AnnotationIocLoader.java:76) - Found @IocBean : class cn.wizzer.app.web.modules.controllers.platform.wx.WxTplLogController
[DEBUG] 2018-10-15 16:13:25,597 org.nutz.ioc.loader.annotation.AnnotationIocLoader.addClass(AnnotationIocLoader.java:76) - Found @IocBean : class cn.wizzer.app.web.modules.controllers.platform.wx.WxUserController
[DEBUG] 2018-10-15 16:13:25,597 org.nutz.ioc.loader.annotation.AnnotationIocLoader.addClass(AnnotationIocLoader.java:76) - Found @IocBean : class cn.wizzer.app.wx.modules.services.impl.WxConfigServiceImpl
[DEBUG] 2018-10-15 16:13:25,597 org.nutz.ioc.loader.annotation.AnnotationIocLoader.addClass(AnnotationIocLoader.java:76) - Found @IocBean : class cn.wizzer.app.wx.modules.services.impl.WxMassNewsServiceImpl
[DEBUG] 2018-10-15 16:13:25,597 org.nutz.ioc.loader.annotation.AnnotationIocLoader.addClass(AnnotationIocLoader.java:76) - Found @IocBean : class cn.wizzer.app.wx.modules.services.impl.WxMassSendServiceImpl
[DEBUG] 2018-10-15 16:13:25,598 org.nutz.ioc.loader.annotation.AnnotationIocLoader.addClass(AnnotationIocLoader.java:76) - Found @IocBean : class cn.wizzer.app.wx.modules.services.impl.WxMassServiceImpl
[DEBUG] 2018-10-15 16:13:25,598 org.nutz.ioc.loader.annotation.AnnotationIocLoader.addClass(AnnotationIocLoader.java:76) - Found @IocBean : class cn.wizzer.app.wx.modules.services.impl.WxMenuServiceImpl
[DEBUG] 2018-10-15 16:13:25,598 org.nutz.ioc.loader.annotation.AnnotationIocLoader.addClass(AnnotationIocLoader.java:76) - Found @IocBean : class cn.wizzer.app.wx.modules.services.impl.WxMsgReplyServiceImpl
[DEBUG] 2018-10-15 16:13:25,598 org.nutz.ioc.loader.annotation.AnnotationIocLoader.addClass(AnnotationIocLoader.java:76) - Found @IocBean : class cn.wizzer.app.wx.modules.services.impl.WxMsgServiceImpl
[DEBUG] 2018-10-15 16:13:25,598 org.nutz.ioc.loader.annotation.AnnotationIocLoader.addClass(AnnotationIocLoader.java:76) - Found @IocBean : class cn.wizzer.app.wx.modules.services.impl.WxReplyNewsServiceImpl
[DEBUG] 2018-10-15 16:13:25,598 org.nutz.ioc.loader.annotation.AnnotationIocLoader.addClass(AnnotationIocLoader.java:76) - Found @IocBean : class cn.wizzer.app.wx.modules.services.impl.WxReplyServiceImpl
[DEBUG] 2018-10-15 16:13:25,598 org.nutz.ioc.loader.annotation.AnnotationIocLoader.addClass(AnnotationIocLoader.java:76) - Found @IocBean : class cn.wizzer.app.wx.modules.services.impl.WxReplyTxtServiceImpl
[DEBUG] 2018-10-15 16:13:25,598 org.nutz.ioc.loader.annotation.AnnotationIocLoader.addClass(AnnotationIocLoader.java:76) - Found @IocBean : class cn.wizzer.app.wx.modules.services.impl.WxTplIdServiceImpl
[DEBUG] 2018-10-15 16:13:25,598 org.nutz.ioc.loader.annotation.AnnotationIocLoader.addClass(AnnotationIocLoader.java:76) - Found @IocBean : class cn.wizzer.app.wx.modules.services.impl.WxTplListServiceImpl
[DEBUG] 2018-10-15 16:13:25,598 org.nutz.ioc.loader.annotation.AnnotationIocLoader.addClass(AnnotationIocLoader.java:76) - Found @IocBean : class cn.wizzer.app.wx.modules.services.impl.WxTplLogServiceImpl
[DEBUG] 2018-10-15 16:13:25,598 org.nutz.ioc.loader.annotation.AnnotationIocLoader.addClass(AnnotationIocLoader.java:76) - Found @IocBean : class cn.wizzer.app.wx.modules.services.impl.WxUserServiceImpl
[DEBUG] 2018-10-15 16:13:25,598 org.nutz.ioc.loader.annotation.AnnotationIocLoader.addClass(AnnotationIocLoader.java:76) - Found @IocBean : class cn.wizzer.test.SimpleTest
[DEBUG] 2018-10-15 16:13:25,600 org.nutz.resource.Scans.scan(Scans.java:274) - Found 0 resource by src( org/nutz/apidoc/ ) , regex( ^.+[.]class$ )
[INFO ] 2018-10-15 16:13:25,600 org.nutz.ioc.loader.annotation.AnnotationIocLoader.<init>(AnnotationIocLoader.java:52) - Found 204 classes in 2 base-packages!
beans = ["wxTplListController", "uploadController", "wxReplyTxtServiceImpl", "logisticsSendplanController", "baseJobServiceImpl", "dateUtil", "qrcodeService", "logisticsSendgoodsServiceImpl", "logisticsOrderentryController", "insLockController", "baseRowofficeentryServiceImpl", "cmsChannelServiceImpl", "insBaseinsServiceImpl", "orderExecute", "cmsArticleController", "basePostController", "baseAirmeterialServiceImpl", "basePersonController", "logisticsOrderplanServiceImpl", "cmsLinkClassController", "basePostServiceImpl", "baseRowofficeServiceImpl", "baseJobController", "baseRowofficeController", "wxReplyController", "insRepairController", "sysConfigServiceImpl", "basePersonpoolController", "baseVehicleController", "wxMsgServiceImpl", "wxPayBackController", "logisticsUnplanController", "mobileInsController", "sysTaskController", "sysBarcodeController", "insTransmitController", "sysDictServiceImpl", "wxConfigServiceImpl", "baseAirportServiceImpl", "apiTestController", "sysMenuController", "cmsSiteServiceImpl", "mobileSysController", "cmsLinkController", "insCommonController", "logisticsOrderplanentryServiceImpl", "insInstrumentController", "sysRegistauditServiceImpl", "insLockServiceImpl", "insOrderController", "wechatController", "wxMsgUserController", "sysDictController", "sysWxUserController", "logisticsDeliveryorderentryController", "basePersonServiceImpl", "insOrderentryServiceImpl", "insRepairtrackController", "insInstrumentServiceImpl", "logisticsSendapprovalServiceImpl", "logisticsOrderdeliveryController", "wxTplListServiceImpl", "tplService", "sysPluginServiceImpl", "insRfheadController", "logisticsSendgoodsController", "mobileBaseController", "baseCnctobjServiceImpl", "nutShiroMethodInterceptor", "insCabinetServiceImpl", "basePlaceServiceImpl", "baseVehicleServiceImpl", "cmsLinkClassServiceImpl", "sysHomeController", "insRfheadServiceImpl", "sysMobileController", "wxMassServiceImpl", "logisticsOrderentryServiceImpl", "logisticsSendplanServiceImpl", "logisticsOrderrejectServiceImpl", "wxHandler", "cmsChannelController", "wxController", "rabbitProducer", "sysTaskServiceImpl", "sysVersionController", "shiroUtil", "wxReplyTxtController", "sysPluginController", "logisticsSendtraceController", "sysApiServiceImpl", "logisticsEntourageServiceImpl", "sLogService", "baseAirportController", "sysApiController", "wxTplIdController", "insSpaceServiceImpl", "logisticsOrderController", "sysTempuserController", "sysUserController", "platformAuthorizingRealm", "testJob", "$aop_1_plugin", "sysRegistauditController", "wxReplyNewsServiceImpl", "insTransmitServiceImpl", "sysLoginController", "wxTplLogServiceImpl", "sysUserServiceImpl", "sysRoleServiceImpl", "sysRouteController", "idcardUtil", "basePlaceController", "sysWxDeptController", "logisticsOrderplanentryController", "userpermissionController", "sysWxServiceImpl", "cmsController", "logisticsSendtraceServiceImpl", "insOrderentryController", "logisticsSendapprovalController", "wxMenuController", "insOrderServiceImpl", "weixinController", "code128Util", "insRepairServiceImpl", "logisticsOrderplanController", "wxMsgReplyServiceImpl", "logisticsOrderdeliveryServiceImpl", "cmsArticleServiceImpl", "baseCnctobjController", "baseCustomerController", "insBaseinsController", "insRfidServiceImpl", "cookieUtil", "baseRowofficeentryController", "logisticsOrderstepServiceImpl", "wxReplyServiceImpl", "bdController", "redisIdGenerator", "insBaseinsSpaceServiceImpl", "cmsSiteController", "logisticsDeliveryorderServiceImpl", "insCabinetController", "logisticsOrderServiceImpl", "sysWxDeptServiceImpl", "sysWxController", "mobileOrderController", "sysRoleController", "logisticsEntourageController", "insCommonServiceImpl", "sysUnitController", "padInsController", "wxMassSendServiceImpl", "logisticsDeliveryorderController", "rSAUtil", "wxConfigController", "stringUtil", "baseCustomerServiceImpl", "basePersonpoolServiceImpl", "insBaseinsSpaceController", "wxUserServiceImpl", "insSpaceController", "sysTempuserServiceImpl", "baseWarehouseServiceImpl", "insToolcabinetController", "sysWxUserServiceImpl", "dynamicInterceptor", "sysLogController", "wxMassController", "emailService", "baseWarehouseController", "insToolcabinetServiceImpl", "wxMenuServiceImpl", "wxReplyNewsController", "baseDeptServiceImpl", "sysRouteServiceImpl", "insRepairtrackServiceImpl", "wxMassNewsServiceImpl", "baseAirmeterialController", "sysMenuServiceImpl", "sysMobileServiceImpl", "simpleTest", "logisticsOrderstepController", "sysLogServiceImpl", "logisticsUnplanServiceImpl", "wxTplIdServiceImpl", "logisticsDeliveryorderentryServiceImpl", "$aop_syslog", "padSysController", "baseDeptController", "logisticsOrderrejectController", "padOrderController", "sysBarcodeServiceImpl", "wxTplLogController", "wxUserController", "wxPayTestController", "tokenController", "sysVersionServiceImpl", "cmsLinkServiceImpl", "sysUnitServiceImpl", "insRfidController", "sysConfController", "pluginMaster"]
[DEBUG] 2018-10-15 16:13:25,600 org.nutz.ioc.loader.combo.ComboIocLoader.createIocLoader(ComboIocLoader.java:110) - found jedis -- org.nutz.integration.jedis.JedisIocLoader
[DEBUG] 2018-10-15 16:13:25,601 org.nutz.resource.Scans.scan(Scans.java:274) - Found 1 resource by src( org/nutz/integration/jedis/jedis.js ) , regex( ^(.+[.])(js|json)$ )
[DEBUG] 2018-10-15 16:13:25,601 org.nutz.ioc.loader.json.JsonLoader.<init>(JsonLoader.java:49) - loading [org/nutz/integration/jedis/jedis.js]
[DEBUG] 2018-10-15 16:13:25,601 org.nutz.ioc.loader.json.JsonLoader.<init>(JsonLoader.java:57) - Loaded 9 bean define from path=[org/nutz/integration/jedis/jedis.js] --> [redisService, jedisCluster, jedisClusterNodes, jedisClusterWrapper, pubSubService, jedisPoolConfig, jedisPool, jedisAgent, redis]
[DEBUG] 2018-10-15 16:13:25,602 org.nutz.ioc.loader.json.JsonLoader.<init>(JsonLoader.java:40) - Loaded 5 bean define from reader --
[txREPEATABLE_READ, txSERIALIZABLE, txNONE, txREAD_UNCOMMITTED, txREAD_COMMITTED]
[DEBUG] 2018-10-15 16:13:25,603 org.nutz.ioc.loader.combo.ComboIocLoader.createIocLoader(ComboIocLoader.java:110) - found quartz -- org.nutz.integration.quartz.QuartzIocLoader
[DEBUG] 2018-10-15 16:13:25,603 org.nutz.ioc.loader.json.JsonLoader.<init>(JsonLoader.java:57) - Loaded 0 bean define from path=[] --> []
[DEBUG] 2018-10-15 16:13:25,603 org.nutz.ioc.aop.SimpleAopMaker.<init>(SimpleAopMaker.java:79) - Load AopConfigure for anno=org.nutz.aop.interceptor.async.Async by type=org.nutz.aop.interceptor.async.AsyncAopIocLoader
[DEBUG] 2018-10-15 16:13:25,604 org.nutz.ioc.loader.combo.ComboIocLoader.createIocLoader(ComboIocLoader.java:110) - found rabbitmq -- org.nutz.integration.rabbitmq.RabbitmqIocLoader
[DEBUG] 2018-10-15 16:13:25,605 org.nutz.resource.Scans.scan(Scans.java:274) - Found 1 resource by src( org/nutz/integration/rabbitmq/rabbitmq.js ) , regex( ^(.+[.])(js|json)$ )
[DEBUG] 2018-10-15 16:13:25,605 org.nutz.ioc.loader.json.JsonLoader.<init>(JsonLoader.java:49) - loading [org/nutz/integration/rabbitmq/rabbitmq.js]
[DEBUG] 2018-10-15 16:13:25,605 org.nutz.ioc.loader.json.JsonLoader.<init>(JsonLoader.java:57) - Loaded 2 bean define from path=[org/nutz/integration/rabbitmq/rabbitmq.js] --> [rabbitmq, rabbitmq_cf]
[INFO ] 2018-10-15 16:13:25,605 org.nutz.ioc.impl.NutIoc.<init>(NutIoc.java:98) - NutIoc init begin ...
[INFO ] 2018-10-15 16:13:25,605 org.nutz.ioc.impl.NutIoc.<init>(NutIoc.java:115) - ... NutIoc init complete
[DEBUG] 2018-10-15 16:13:25,605 org.nutz.ioc.impl.NutIoc.get(NutIoc.java:151) - Get 'conf'<class org.nutz.ioc.impl.PropertiesProxy>
[DEBUG] 2018-10-15 16:13:25,606 org.nutz.ioc.impl.NutIoc.get(NutIoc.java:151) - Get '$aop_1_plugin'<interface org.nutz.ioc.aop.config.AopConfigration>
[DEBUG] 2018-10-15 16:13:25,606 org.nutz.ioc.impl.NutIoc.get(NutIoc.java:177) - 	 >> Load definition name=$aop_1_plugin
[DEBUG] 2018-10-15 16:13:25,606 org.nutz.ioc.loader.combo.ComboIocLoader.load(ComboIocLoader.java:161) - Found IocObject($aop_1_plugin) in AnnotationIocLoader(packages=[cn.wizzer, org.nutz.apidoc])
[DEBUG] 2018-10-15 16:13:25,606 org.nutz.ioc.impl.NutIoc.get(NutIoc.java:209) - 	 >> Make...'$aop_1_plugin'<interface org.nutz.ioc.aop.config.AopConfigration>
[DEBUG] 2018-10-15 16:13:25,606 org.nutz.ioc.impl.ScopeContext.save(ScopeContext.java:64) - Save object '$aop_1_plugin' to [app] 
[DEBUG] 2018-10-15 16:13:25,606 org.nutz.ioc.impl.NutIoc.get(NutIoc.java:151) - Get 'dynamicInterceptor'<class cn.wizzer.app.web.commons.plugin.DynamicInterceptor>
[DEBUG] 2018-10-15 16:13:25,606 org.nutz.ioc.impl.NutIoc.get(NutIoc.java:177) - 	 >> Load definition name=dynamicInterceptor
[DEBUG] 2018-10-15 16:13:25,606 org.nutz.ioc.loader.combo.ComboIocLoader.load(ComboIocLoader.java:161) - Found IocObject(dynamicInterceptor) in AnnotationIocLoader(packages=[cn.wizzer, org.nutz.apidoc])
[DEBUG] 2018-10-15 16:13:25,606 org.nutz.ioc.impl.NutIoc.get(NutIoc.java:209) - 	 >> Make...'dynamicInterceptor'<class cn.wizzer.app.web.commons.plugin.DynamicInterceptor>
[DEBUG] 2018-10-15 16:13:25,606 org.nutz.ioc.impl.ScopeContext.save(ScopeContext.java:64) - Save object 'dynamicInterceptor' to [app] 
[DEBUG] 2018-10-15 16:13:25,606 org.nutz.ioc.impl.NutIoc.get(NutIoc.java:151) - Get '$aop_async'<interface org.nutz.ioc.aop.config.AopConfigration>
[DEBUG] 2018-10-15 16:13:25,606 org.nutz.ioc.impl.NutIoc.get(NutIoc.java:177) - 	 >> Load definition name=$aop_async
[DEBUG] 2018-10-15 16:13:25,606 org.nutz.ioc.loader.combo.ComboIocLoader.load(ComboIocLoader.java:161) - Found IocObject($aop_async) in AsyncAopIocLoader@310016558
[DEBUG] 2018-10-15 16:13:25,606 org.nutz.ioc.impl.NutIoc.get(NutIoc.java:209) - 	 >> Make...'$aop_async'<interface org.nutz.ioc.aop.config.AopConfigration>
[DEBUG] 2018-10-15 16:13:25,606 org.nutz.ioc.impl.ScopeContext.save(ScopeContext.java:64) - Save object '$aop_async' to [app] 
[DEBUG] 2018-10-15 16:13:25,607 org.nutz.ioc.impl.NutIoc.get(NutIoc.java:151) - Get '$aop_syslog'<interface org.nutz.ioc.aop.config.AopConfigration>
[DEBUG] 2018-10-15 16:13:25,607 org.nutz.ioc.impl.NutIoc.get(NutIoc.java:177) - 	 >> Load definition name=$aop_syslog
[DEBUG] 2018-10-15 16:13:25,607 org.nutz.ioc.loader.combo.ComboIocLoader.load(ComboIocLoader.java:161) - Found IocObject($aop_syslog) in AnnotationIocLoader(packages=[cn.wizzer, org.nutz.apidoc])
[DEBUG] 2018-10-15 16:13:25,607 org.nutz.ioc.impl.NutIoc.get(NutIoc.java:209) - 	 >> Make...'$aop_syslog'<interface org.nutz.ioc.aop.config.AopConfigration>
[DEBUG] 2018-10-15 16:13:25,607 org.nutz.ioc.impl.ScopeContext.save(ScopeContext.java:64) - Save object '$aop_syslog' to [app] 
[DEBUG] 2018-10-15 16:13:25,607 org.nutz.ioc.aop.SimpleAopMaker.<init>(SimpleAopMaker.java:79) - Load AopConfigure for anno=cn.wizzer.app.web.commons.slog.annotation.SLog by type=cn.wizzer.app.web.commons.slog.SLogAopConfigration
[DEBUG] 2018-10-15 16:13:25,607 org.nutz.ioc.aop.SimpleAopMaker.<init>(SimpleAopMaker.java:79) - Load AopConfigure for anno=org.nutz.ioc.aop.Aop by type=org.nutz.ioc.aop.config.impl.AnnotationAopConfigration
[DEBUG] 2018-10-15 16:13:25,607 org.nutz.ioc.impl.NutIoc.get(NutIoc.java:177) - 	 >> Load definition name=conf
[DEBUG] 2018-10-15 16:13:25,607 org.nutz.ioc.loader.map.MapLoader.load(MapLoader.java:67) - Loading define for name=conf
[DEBUG] 2018-10-15 16:13:25,607 org.nutz.ioc.loader.combo.ComboIocLoader.load(ComboIocLoader.java:161) - Found IocObject(conf) in JsonLoader(paths=[config/ioc/])
[DEBUG] 2018-10-15 16:13:25,607 org.nutz.ioc.impl.NutIoc.get(NutIoc.java:209) - 	 >> Make...'conf'<class org.nutz.ioc.impl.PropertiesProxy>
[DEBUG] 2018-10-15 16:13:25,608 cn.wizzer.app.web.commons.plugin.PluginAopConfigure.getInterceptorPairList(PluginAopConfigure.java:33) - skip -- org.nutz.ioc.impl.PropertiesProxy
[DEBUG] 2018-10-15 16:13:25,608 org.nutz.ioc.aop.impl.DefaultMirrorFactory.getMirror(DefaultMirrorFactory.java:70) - Load class org.nutz.ioc.impl.PropertiesProxy without AOP
[DEBUG] 2018-10-15 16:13:25,608 org.nutz.ioc.impl.ScopeContext.save(ScopeContext.java:64) - Save object 'conf' to [app] 
[DEBUG] 2018-10-15 16:13:25,610 org.nutz.resource.Scans.scan(Scans.java:274) - Found 4 resource by src( config/custom/ ) , regex( ^.+[.]properties$ )
[DEBUG] 2018-10-15 16:13:25,610 org.nutz.ioc.impl.PropertiesProxy.setPaths(PropertiesProxy.java:113) - load properties from File[C:\Users\Administrator\IdeaProjects\XA-Instrument\wk-app\wk-web\target\classes\config\custom\db.properties]
[DEBUG] 2018-10-15 16:13:25,610 org.nutz.ioc.impl.PropertiesProxy.setPaths(PropertiesProxy.java:113) - load properties from File[C:\Users\Administrator\IdeaProjects\XA-Instrument\wk-app\wk-web\target\classes\config\custom\mail.properties]
[DEBUG] 2018-10-15 16:13:25,611 org.nutz.ioc.impl.PropertiesProxy.setPaths(PropertiesProxy.java:113) - load properties from File[C:\Users\Administrator\IdeaProjects\XA-Instrument\wk-app\wk-web\target\classes\config\custom\rabbit.properties]
[DEBUG] 2018-10-15 16:13:25,611 org.nutz.ioc.impl.PropertiesProxy.setPaths(PropertiesProxy.java:113) - load properties from File[C:\Users\Administrator\IdeaProjects\XA-Instrument\wk-app\wk-web\target\classes\config\custom\redis.properties]
[DEBUG] 2018-10-15 16:13:25,611 org.nutz.ioc.impl.NutIoc.get(NutIoc.java:151) - Get 'simpleTest'<class cn.wizzer.test.SimpleTest>
[DEBUG] 2018-10-15 16:13:25,611 org.nutz.ioc.impl.NutIoc.get(NutIoc.java:177) - 	 >> Load definition name=simpleTest
[DEBUG] 2018-10-15 16:13:25,611 org.nutz.ioc.loader.combo.ComboIocLoader.load(ComboIocLoader.java:161) - Found IocObject(simpleTest) in AnnotationIocLoader(packages=[cn.wizzer, org.nutz.apidoc])
[DEBUG] 2018-10-15 16:13:25,611 org.nutz.ioc.impl.NutIoc.get(NutIoc.java:209) - 	 >> Make...'simpleTest'<class cn.wizzer.test.SimpleTest>
[DEBUG] 2018-10-15 16:13:25,612 cn.wizzer.app.web.commons.plugin.PluginAopConfigure.getInterceptorPairList(PluginAopConfigure.java:33) - skip -- cn.wizzer.test.SimpleTest
[DEBUG] 2018-10-15 16:13:25,612 org.nutz.ioc.aop.impl.DefaultMirrorFactory.getMirror(DefaultMirrorFactory.java:70) - Load class cn.wizzer.test.SimpleTest without AOP
[DEBUG] 2018-10-15 16:13:25,612 org.nutz.ioc.impl.ScopeContext.save(ScopeContext.java:64) - Save object 'simpleTest' to [app] 
[DEBUG] 2018-10-15 16:13:25,613 org.nutz.ioc.impl.NutIoc.get(NutIoc.java:151) - Get 'dao'<interface org.nutz.dao.Dao>
[DEBUG] 2018-10-15 16:13:25,613 org.nutz.ioc.impl.NutIoc.get(NutIoc.java:177) - 	 >> Load definition name=dao
[DEBUG] 2018-10-15 16:13:25,613 org.nutz.ioc.loader.map.MapLoader.load(MapLoader.java:67) - Loading define for name=dao
[DEBUG] 2018-10-15 16:13:25,613 org.nutz.ioc.loader.combo.ComboIocLoader.load(ComboIocLoader.java:161) - Found IocObject(dao) in JsonLoader(paths=[config/ioc/])
[DEBUG] 2018-10-15 16:13:25,613 org.nutz.ioc.impl.NutIoc.get(NutIoc.java:209) - 	 >> Make...'dao'<interface org.nutz.dao.Dao>
[DEBUG] 2018-10-15 16:13:25,613 cn.wizzer.app.web.commons.plugin.PluginAopConfigure.getInterceptorPairList(PluginAopConfigure.java:33) - skip -- org.nutz.dao.impl.NutDao
[DEBUG] 2018-10-15 16:13:25,613 org.nutz.ioc.aop.impl.DefaultMirrorFactory.getMirror(DefaultMirrorFactory.java:70) - Load class org.nutz.dao.impl.NutDao without AOP
[DEBUG] 2018-10-15 16:13:25,613 org.nutz.ioc.impl.ScopeContext.save(ScopeContext.java:64) - Save object 'dao' to [app] 
[DEBUG] 2018-10-15 16:13:25,613 org.nutz.ioc.impl.NutIoc.get(NutIoc.java:151) - Get 'dataSource'<>
[DEBUG] 2018-10-15 16:13:25,613 org.nutz.ioc.impl.NutIoc.get(NutIoc.java:177) - 	 >> Load definition name=dataSource
[DEBUG] 2018-10-15 16:13:25,613 org.nutz.ioc.loader.map.MapLoader.load(MapLoader.java:67) - Loading define for name=dataSource
[DEBUG] 2018-10-15 16:13:25,613 org.nutz.ioc.loader.combo.ComboIocLoader.load(ComboIocLoader.java:161) - Found IocObject(dataSource) in JsonLoader(paths=[config/ioc/])
[DEBUG] 2018-10-15 16:13:25,614 org.nutz.ioc.impl.NutIoc.get(NutIoc.java:209) - 	 >> Make...'dataSource'<>
[DEBUG] 2018-10-15 16:13:25,614 cn.wizzer.app.web.commons.plugin.PluginAopConfigure.getInterceptorPairList(PluginAopConfigure.java:33) - skip -- com.alibaba.druid.pool.DruidDataSource
[DEBUG] 2018-10-15 16:13:25,614 org.nutz.ioc.aop.impl.DefaultMirrorFactory.getMirror(DefaultMirrorFactory.java:70) - Load class com.alibaba.druid.pool.DruidDataSource without AOP
[DEBUG] 2018-10-15 16:13:25,614 org.nutz.ioc.impl.ScopeContext.save(ScopeContext.java:64) - Save object 'dataSource' to [app] 
[DEBUG] 2018-10-15 16:13:25,614 org.nutz.ioc.impl.NutIoc.get(NutIoc.java:151) - Get 'conf'<>
[DEBUG] 2018-10-15 16:13:25,614 org.nutz.ioc.impl.ScopeContext.remove(ScopeContext.java:84) - Remove object 'dataSource' from [app] 
[DEBUG] 2018-10-15 16:13:25,615 org.nutz.ioc.impl.ScopeContext.remove(ScopeContext.java:84) - Remove object 'dao' from [app] 
[DEBUG] 2018-10-15 16:13:25,615 org.nutz.ioc.impl.ScopeContext.remove(ScopeContext.java:84) - Remove object 'simpleTest' from [app] 
]]></system-out>
  </testcase>
  <testcase name="testEntity" classname="cn.wizzer.test.SimpleTest" time="0.001">
    <error message="IocBean[simpleTest] throw Exception when creating" type="org.nutz.ioc.IocException">org.nutz.ioc.IocException: IocBean[simpleTest] throw Exception when creating
Caused by: java.lang.RuntimeException: IocBean[simpleTest] fail at field=[dao]
Caused by: org.nutz.ioc.IocException: IocBean[dao -> dataSource] throw Exception when creating
Caused by: java.lang.IllegalArgumentException: Failed to decrypt.
Caused by: java.lang.IllegalArgumentException: String length must be a multiple of four.
</error>
    <system-out><![CDATA[[INFO ] 2018-10-15 16:13:25,615 org.nutz.ioc.impl.NutIoc.depose(NutIoc.java:255) - org.nutz.ioc.impl.NutIoc@335580595 is closing. startup date [18-10-15 16:13:25.605]
[DEBUG] 2018-10-15 16:13:25,615 org.nutz.ioc.impl.ScopeContext.clear(ScopeContext.java:108) - Depose object 'conf' ...
[DEBUG] 2018-10-15 16:13:25,615 org.nutz.ioc.impl.ScopeContext.clear(ScopeContext.java:108) - Depose object '$aop_syslog' ...
[DEBUG] 2018-10-15 16:13:25,615 org.nutz.ioc.impl.ScopeContext.clear(ScopeContext.java:108) - Depose object '$aop_async' ...
[DEBUG] 2018-10-15 16:13:25,615 org.nutz.ioc.impl.ScopeContext.clear(ScopeContext.java:108) - Depose object 'dynamicInterceptor' ...
[DEBUG] 2018-10-15 16:13:25,615 org.nutz.ioc.impl.ScopeContext.clear(ScopeContext.java:108) - Depose object '$aop_1_plugin' ...
[INFO ] 2018-10-15 16:13:25,615 org.nutz.ioc.impl.NutIoc.depose(NutIoc.java:262) - org.nutz.ioc.impl.NutIoc@335580595 is deposed. startup date [18-10-15 16:13:25.605]
[DEBUG] 2018-10-15 16:13:25,618 org.nutz.resource.Scans.scan(Scans.java:274) - Found 4 resource by src( config/ioc/ ) , regex( ^(.+[.])(js|json)$ )
[DEBUG] 2018-10-15 16:13:25,618 org.nutz.ioc.loader.json.JsonLoader.<init>(JsonLoader.java:49) - loading [dao.json]
[DEBUG] 2018-10-15 16:13:25,618 org.nutz.ioc.loader.json.JsonLoader.<init>(JsonLoader.java:49) - loading [ehcache.json]
[DEBUG] 2018-10-15 16:13:25,619 org.nutz.ioc.loader.json.JsonLoader.<init>(JsonLoader.java:49) - loading [mail.json]
[DEBUG] 2018-10-15 16:13:25,619 org.nutz.ioc.loader.json.JsonLoader.<init>(JsonLoader.java:49) - loading [upload.json]
[DEBUG] 2018-10-15 16:13:25,619 org.nutz.ioc.loader.json.JsonLoader.<init>(JsonLoader.java:57) - Loaded 15 bean define from path=[config/ioc/] --> [videoUpload, conf, uploadVideoContext, imageUpload, fileUpload, cacheManager, dao, cacheProvider, emailAuthenticator, uploadFileContext, htmlEmail, cacheExecutor, tmpFilePool, uploadImageContext, dataSource]
[DEBUG] 2018-10-15 16:13:25,761 org.nutz.resource.Scans.scan(Scans.java:274) - Found 452 resource by src( cn/wizzer/ ) , regex( ^.+[.]class$ )
[DEBUG] 2018-10-15 16:13:25,763 org.nutz.ioc.loader.annotation.AnnotationIocLoader.addClass(AnnotationIocLoader.java:76) - Found @IocBean : class cn.wizzer.framework.util.StringUtil
[DEBUG] 2018-10-15 16:13:25,763 org.nutz.ioc.loader.annotation.AnnotationIocLoader.addClass(AnnotationIocLoader.java:76) - Found @IocBean : class cn.wizzer.framework.util.CookieUtil
[DEBUG] 2018-10-15 16:13:25,763 org.nutz.ioc.loader.annotation.AnnotationIocLoader.addClass(AnnotationIocLoader.java:76) - Found @IocBean : class cn.wizzer.framework.ig.RedisIdGenerator
[DEBUG] 2018-10-15 16:13:25,763 org.nutz.ioc.loader.annotation.AnnotationIocLoader.addClass(AnnotationIocLoader.java:76) - Found @IocBean : class cn.wizzer.framework.util.DateUtil
[DEBUG] 2018-10-15 16:13:25,763 org.nutz.ioc.loader.annotation.AnnotationIocLoader.addClass(AnnotationIocLoader.java:76) - Found @IocBean : class cn.wizzer.framework.shiro.interceptor.NutShiroMethodInterceptor
[DEBUG] 2018-10-15 16:13:25,763 org.nutz.ioc.loader.annotation.AnnotationIocLoader.addClass(AnnotationIocLoader.java:76) - Found @IocBean : class cn.wizzer.framework.util.IdcardUtil
[DEBUG] 2018-10-15 16:13:25,763 org.nutz.ioc.loader.annotation.AnnotationIocLoader.addClass(AnnotationIocLoader.java:76) - Found @IocBean : class cn.wizzer.framework.rabbit.RabbitProducer
[DEBUG] 2018-10-15 16:13:25,763 org.nutz.ioc.loader.annotation.AnnotationIocLoader.addClass(AnnotationIocLoader.java:76) - Found @IocBean : class cn.wizzer.framework.util.RSAUtil
[DEBUG] 2018-10-15 16:13:25,763 org.nutz.ioc.loader.annotation.AnnotationIocLoader.addClass(AnnotationIocLoader.java:76) - Found @IocBean : class cn.wizzer.framework.util.ShiroUtil
[DEBUG] 2018-10-15 16:13:25,763 org.nutz.ioc.loader.annotation.AnnotationIocLoader.addClass(AnnotationIocLoader.java:76) - Found @IocBean : class cn.wizzer.framework.util.Code128Util
[DEBUG] 2018-10-15 16:13:25,764 org.nutz.ioc.loader.annotation.AnnotationIocLoader.addClass(AnnotationIocLoader.java:76) - Found @IocBean : class cn.wizzer.app.base.modules.services.impl.BaseAirmeterialServiceImpl
[DEBUG] 2018-10-15 16:13:25,764 org.nutz.ioc.loader.annotation.AnnotationIocLoader.addClass(AnnotationIocLoader.java:76) - Found @IocBean : class cn.wizzer.app.base.modules.services.impl.BaseAirportServiceImpl
[DEBUG] 2018-10-15 16:13:25,764 org.nutz.ioc.loader.annotation.AnnotationIocLoader.addClass(AnnotationIocLoader.java:76) - Found @IocBean : class cn.wizzer.app.base.modules.services.impl.BaseCnctobjServiceImpl
[DEBUG] 2018-10-15 16:13:25,764 org.nutz.ioc.loader.annotation.AnnotationIocLoader.addClass(AnnotationIocLoader.java:76) - Found @IocBean : class cn.wizzer.app.base.modules.services.impl.BaseCustomerServiceImpl
[DEBUG] 2018-10-15 16:13:25,764 org.nutz.ioc.loader.annotation.AnnotationIocLoader.addClass(AnnotationIocLoader.java:76) - Found @IocBean : class cn.wizzer.app.base.modules.services.impl.BaseDeptServiceImpl
[DEBUG] 2018-10-15 16:13:25,764 org.nutz.ioc.loader.annotation.AnnotationIocLoader.addClass(AnnotationIocLoader.java:76) - Found @IocBean : class cn.wizzer.app.base.modules.services.impl.BaseJobServiceImpl
[DEBUG] 2018-10-15 16:13:25,764 org.nutz.ioc.loader.annotation.AnnotationIocLoader.addClass(AnnotationIocLoader.java:76) - Found @IocBean : class cn.wizzer.app.base.modules.services.impl.BasePersonpoolServiceImpl
[DEBUG] 2018-10-15 16:13:25,764 org.nutz.ioc.loader.annotation.AnnotationIocLoader.addClass(AnnotationIocLoader.java:76) - Found @IocBean : class cn.wizzer.app.base.modules.services.impl.BasePersonServiceImpl
[DEBUG] 2018-10-15 16:13:25,764 org.nutz.ioc.loader.annotation.AnnotationIocLoader.addClass(AnnotationIocLoader.java:76) - Found @IocBean : class cn.wizzer.app.base.modules.services.impl.BasePlaceServiceImpl
[DEBUG] 2018-10-15 16:13:25,764 org.nutz.ioc.loader.annotation.AnnotationIocLoader.addClass(AnnotationIocLoader.java:76) - Found @IocBean : class cn.wizzer.app.base.modules.services.impl.BasePostServiceImpl
[DEBUG] 2018-10-15 16:13:25,764 org.nutz.ioc.loader.annotation.AnnotationIocLoader.addClass(AnnotationIocLoader.java:76) - Found @IocBean : class cn.wizzer.app.base.modules.services.impl.BaseRowofficeentryServiceImpl
[DEBUG] 2018-10-15 16:13:25,764 org.nutz.ioc.loader.annotation.AnnotationIocLoader.addClass(AnnotationIocLoader.java:76) - Found @IocBean : class cn.wizzer.app.base.modules.services.impl.BaseRowofficeServiceImpl
[DEBUG] 2018-10-15 16:13:25,764 org.nutz.ioc.loader.annotation.AnnotationIocLoader.addClass(AnnotationIocLoader.java:76) - Found @IocBean : class cn.wizzer.app.base.modules.services.impl.BaseVehicleServiceImpl
[DEBUG] 2018-10-15 16:13:25,764 org.nutz.ioc.loader.annotation.AnnotationIocLoader.addClass(AnnotationIocLoader.java:76) - Found @IocBean : class cn.wizzer.app.base.modules.services.impl.BaseWarehouseServiceImpl
[DEBUG] 2018-10-15 16:13:25,764 org.nutz.ioc.loader.annotation.AnnotationIocLoader.addClass(AnnotationIocLoader.java:76) - Found @IocBean : class cn.wizzer.app.cms.modules.services.impl.CmsArticleServiceImpl
[DEBUG] 2018-10-15 16:13:25,764 org.nutz.ioc.loader.annotation.AnnotationIocLoader.addClass(AnnotationIocLoader.java:76) - Found @IocBean : class cn.wizzer.app.cms.modules.services.impl.CmsChannelServiceImpl
[DEBUG] 2018-10-15 16:13:25,765 org.nutz.ioc.loader.annotation.AnnotationIocLoader.addClass(AnnotationIocLoader.java:76) - Found @IocBean : class cn.wizzer.app.cms.modules.services.impl.CmsLinkClassServiceImpl
[DEBUG] 2018-10-15 16:13:25,765 org.nutz.ioc.loader.annotation.AnnotationIocLoader.addClass(AnnotationIocLoader.java:76) - Found @IocBean : class cn.wizzer.app.cms.modules.services.impl.CmsLinkServiceImpl
[DEBUG] 2018-10-15 16:13:25,765 org.nutz.ioc.loader.annotation.AnnotationIocLoader.addClass(AnnotationIocLoader.java:76) - Found @IocBean : class cn.wizzer.app.cms.modules.services.impl.CmsSiteServiceImpl
[DEBUG] 2018-10-15 16:13:25,765 org.nutz.ioc.loader.annotation.AnnotationIocLoader.addClass(AnnotationIocLoader.java:76) - Found @IocBean : class cn.wizzer.app.ins.modules.services.impl.InsBaseinsServiceImpl
[DEBUG] 2018-10-15 16:13:25,765 org.nutz.ioc.loader.annotation.AnnotationIocLoader.addClass(AnnotationIocLoader.java:76) - Found @IocBean : class cn.wizzer.app.ins.modules.services.impl.InsBaseinsSpaceServiceImpl
[DEBUG] 2018-10-15 16:13:25,765 org.nutz.ioc.loader.annotation.AnnotationIocLoader.addClass(AnnotationIocLoader.java:76) - Found @IocBean : class cn.wizzer.app.ins.modules.services.impl.InsCabinetServiceImpl
[DEBUG] 2018-10-15 16:13:25,765 org.nutz.ioc.loader.annotation.AnnotationIocLoader.addClass(AnnotationIocLoader.java:76) - Found @IocBean : class cn.wizzer.app.ins.modules.services.impl.InsCommonServiceImpl
[DEBUG] 2018-10-15 16:13:25,765 org.nutz.ioc.loader.annotation.AnnotationIocLoader.addClass(AnnotationIocLoader.java:76) - Found @IocBean : class cn.wizzer.app.ins.modules.services.impl.InsInstrumentServiceImpl
[DEBUG] 2018-10-15 16:13:25,765 org.nutz.ioc.loader.annotation.AnnotationIocLoader.addClass(AnnotationIocLoader.java:76) - Found @IocBean : class cn.wizzer.app.ins.modules.services.impl.InsLockServiceImpl
[DEBUG] 2018-10-15 16:13:25,765 org.nutz.ioc.loader.annotation.AnnotationIocLoader.addClass(AnnotationIocLoader.java:76) - Found @IocBean : class cn.wizzer.app.ins.modules.services.impl.InsOrderentryServiceImpl
[DEBUG] 2018-10-15 16:13:25,765 org.nutz.ioc.loader.annotation.AnnotationIocLoader.addClass(AnnotationIocLoader.java:76) - Found @IocBean : class cn.wizzer.app.ins.modules.services.impl.InsOrderServiceImpl
[DEBUG] 2018-10-15 16:13:25,765 org.nutz.ioc.loader.annotation.AnnotationIocLoader.addClass(AnnotationIocLoader.java:76) - Found @IocBean : class cn.wizzer.app.ins.modules.services.impl.InsRepairServiceImpl
[DEBUG] 2018-10-15 16:13:25,765 org.nutz.ioc.loader.annotation.AnnotationIocLoader.addClass(AnnotationIocLoader.java:76) - Found @IocBean : class cn.wizzer.app.ins.modules.services.impl.InsRepairtrackServiceImpl
[DEBUG] 2018-10-15 16:13:25,765 org.nutz.ioc.loader.annotation.AnnotationIocLoader.addClass(AnnotationIocLoader.java:76) - Found @IocBean : class cn.wizzer.app.ins.modules.services.impl.InsRfheadServiceImpl
[DEBUG] 2018-10-15 16:13:25,765 org.nutz.ioc.loader.annotation.AnnotationIocLoader.addClass(AnnotationIocLoader.java:76) - Found @IocBean : class cn.wizzer.app.ins.modules.services.impl.InsRfidServiceImpl
[DEBUG] 2018-10-15 16:13:25,766 org.nutz.ioc.loader.annotation.AnnotationIocLoader.addClass(AnnotationIocLoader.java:76) - Found @IocBean : class cn.wizzer.app.ins.modules.services.impl.InsSpaceServiceImpl
[DEBUG] 2018-10-15 16:13:25,766 org.nutz.ioc.loader.annotation.AnnotationIocLoader.addClass(AnnotationIocLoader.java:76) - Found @IocBean : class cn.wizzer.app.ins.modules.services.impl.InsToolcabinetServiceImpl
[DEBUG] 2018-10-15 16:13:25,766 org.nutz.ioc.loader.annotation.AnnotationIocLoader.addClass(AnnotationIocLoader.java:76) - Found @IocBean : class cn.wizzer.app.ins.modules.services.impl.InsTransmitServiceImpl
[DEBUG] 2018-10-15 16:13:25,766 org.nutz.ioc.loader.annotation.AnnotationIocLoader.addClass(AnnotationIocLoader.java:76) - Found @IocBean : class cn.wizzer.app.logistics.modules.services.impl.LogisticsDeliveryorderentryServiceImpl
[DEBUG] 2018-10-15 16:13:25,766 org.nutz.ioc.loader.annotation.AnnotationIocLoader.addClass(AnnotationIocLoader.java:76) - Found @IocBean : class cn.wizzer.app.logistics.modules.services.impl.LogisticsDeliveryorderServiceImpl
[DEBUG] 2018-10-15 16:13:25,766 org.nutz.ioc.loader.annotation.AnnotationIocLoader.addClass(AnnotationIocLoader.java:76) - Found @IocBean : class cn.wizzer.app.logistics.modules.services.impl.LogisticsEntourageServiceImpl
[DEBUG] 2018-10-15 16:13:25,766 org.nutz.ioc.loader.annotation.AnnotationIocLoader.addClass(AnnotationIocLoader.java:76) - Found @IocBean : class cn.wizzer.app.logistics.modules.services.impl.LogisticsOrderdeliveryServiceImpl
[DEBUG] 2018-10-15 16:13:25,766 org.nutz.ioc.loader.annotation.AnnotationIocLoader.addClass(AnnotationIocLoader.java:76) - Found @IocBean : class cn.wizzer.app.logistics.modules.services.impl.LogisticsOrderentryServiceImpl
[DEBUG] 2018-10-15 16:13:25,766 org.nutz.ioc.loader.annotation.AnnotationIocLoader.addClass(AnnotationIocLoader.java:76) - Found @IocBean : class cn.wizzer.app.logistics.modules.services.impl.LogisticsOrderplanentryServiceImpl
[DEBUG] 2018-10-15 16:13:25,766 org.nutz.ioc.loader.annotation.AnnotationIocLoader.addClass(AnnotationIocLoader.java:76) - Found @IocBean : class cn.wizzer.app.logistics.modules.services.impl.LogisticsOrderplanServiceImpl
[DEBUG] 2018-10-15 16:13:25,766 org.nutz.ioc.loader.annotation.AnnotationIocLoader.addClass(AnnotationIocLoader.java:76) - Found @IocBean : class cn.wizzer.app.logistics.modules.services.impl.LogisticsOrderrejectServiceImpl
[DEBUG] 2018-10-15 16:13:25,766 org.nutz.ioc.loader.annotation.AnnotationIocLoader.addClass(AnnotationIocLoader.java:76) - Found @IocBean : class cn.wizzer.app.logistics.modules.services.impl.LogisticsOrderServiceImpl
[DEBUG] 2018-10-15 16:13:25,766 org.nutz.ioc.loader.annotation.AnnotationIocLoader.addClass(AnnotationIocLoader.java:76) - Found @IocBean : class cn.wizzer.app.logistics.modules.services.impl.LogisticsOrderstepServiceImpl
[DEBUG] 2018-10-15 16:13:25,766 org.nutz.ioc.loader.annotation.AnnotationIocLoader.addClass(AnnotationIocLoader.java:76) - Found @IocBean : class cn.wizzer.app.logistics.modules.services.impl.LogisticsSendapprovalServiceImpl
[DEBUG] 2018-10-15 16:13:25,766 org.nutz.ioc.loader.annotation.AnnotationIocLoader.addClass(AnnotationIocLoader.java:76) - Found @IocBean : class cn.wizzer.app.logistics.modules.services.impl.LogisticsSendgoodsServiceImpl
[DEBUG] 2018-10-15 16:13:25,767 org.nutz.ioc.loader.annotation.AnnotationIocLoader.addClass(AnnotationIocLoader.java:76) - Found @IocBean : class cn.wizzer.app.logistics.modules.services.impl.LogisticsSendplanServiceImpl
[DEBUG] 2018-10-15 16:13:25,767 org.nutz.ioc.loader.annotation.AnnotationIocLoader.addClass(AnnotationIocLoader.java:76) - Found @IocBean : class cn.wizzer.app.logistics.modules.services.impl.LogisticsSendtraceServiceImpl
[DEBUG] 2018-10-15 16:13:25,767 org.nutz.ioc.loader.annotation.AnnotationIocLoader.addClass(AnnotationIocLoader.java:76) - Found @IocBean : class cn.wizzer.app.logistics.modules.services.impl.LogisticsUnplanServiceImpl
[DEBUG] 2018-10-15 16:13:25,767 org.nutz.ioc.loader.annotation.AnnotationIocLoader.addClass(AnnotationIocLoader.java:76) - Found @IocBean : class cn.wizzer.app.sys.modules.services.impl.SysApiServiceImpl
[DEBUG] 2018-10-15 16:13:25,767 org.nutz.ioc.loader.annotation.AnnotationIocLoader.addClass(AnnotationIocLoader.java:76) - Found @IocBean : class cn.wizzer.app.sys.modules.services.impl.SysBarcodeServiceImpl
[DEBUG] 2018-10-15 16:13:25,767 org.nutz.ioc.loader.annotation.AnnotationIocLoader.addClass(AnnotationIocLoader.java:76) - Found @IocBean : class cn.wizzer.app.sys.modules.services.impl.SysConfigServiceImpl
[DEBUG] 2018-10-15 16:13:25,767 org.nutz.ioc.loader.annotation.AnnotationIocLoader.addClass(AnnotationIocLoader.java:76) - Found @IocBean : class cn.wizzer.app.sys.modules.services.impl.SysDictServiceImpl
[DEBUG] 2018-10-15 16:13:25,767 org.nutz.ioc.loader.annotation.AnnotationIocLoader.addClass(AnnotationIocLoader.java:76) - Found @IocBean : class cn.wizzer.app.sys.modules.services.impl.SysLogServiceImpl
[DEBUG] 2018-10-15 16:13:25,767 org.nutz.ioc.loader.annotation.AnnotationIocLoader.addClass(AnnotationIocLoader.java:76) - Found @IocBean : class cn.wizzer.app.sys.modules.services.impl.SysMenuServiceImpl
[DEBUG] 2018-10-15 16:13:25,767 org.nutz.ioc.loader.annotation.AnnotationIocLoader.addClass(AnnotationIocLoader.java:76) - Found @IocBean : class cn.wizzer.app.sys.modules.services.impl.SysMobileServiceImpl
[DEBUG] 2018-10-15 16:13:25,767 org.nutz.ioc.loader.annotation.AnnotationIocLoader.addClass(AnnotationIocLoader.java:76) - Found @IocBean : class cn.wizzer.app.sys.modules.services.impl.SysPluginServiceImpl
[DEBUG] 2018-10-15 16:13:25,767 org.nutz.ioc.loader.annotation.AnnotationIocLoader.addClass(AnnotationIocLoader.java:76) - Found @IocBean : class cn.wizzer.app.sys.modules.services.impl.SysRegistauditServiceImpl
[DEBUG] 2018-10-15 16:13:25,767 org.nutz.ioc.loader.annotation.AnnotationIocLoader.addClass(AnnotationIocLoader.java:76) - Found @IocBean : class cn.wizzer.app.sys.modules.services.impl.SysRoleServiceImpl
[DEBUG] 2018-10-15 16:13:25,767 org.nutz.ioc.loader.annotation.AnnotationIocLoader.addClass(AnnotationIocLoader.java:76) - Found @IocBean : class cn.wizzer.app.sys.modules.services.impl.SysRouteServiceImpl
[DEBUG] 2018-10-15 16:13:25,767 org.nutz.ioc.loader.annotation.AnnotationIocLoader.addClass(AnnotationIocLoader.java:76) - Found @IocBean : class cn.wizzer.app.sys.modules.services.impl.SysTaskServiceImpl
[DEBUG] 2018-10-15 16:13:25,767 org.nutz.ioc.loader.annotation.AnnotationIocLoader.addClass(AnnotationIocLoader.java:76) - Found @IocBean : class cn.wizzer.app.sys.modules.services.impl.SysTempuserServiceImpl
[DEBUG] 2018-10-15 16:13:25,768 org.nutz.ioc.loader.annotation.AnnotationIocLoader.addClass(AnnotationIocLoader.java:76) - Found @IocBean : class cn.wizzer.app.sys.modules.services.impl.SysUnitServiceImpl
[DEBUG] 2018-10-15 16:13:25,768 org.nutz.ioc.loader.annotation.AnnotationIocLoader.addClass(AnnotationIocLoader.java:76) - Found @IocBean : class cn.wizzer.app.sys.modules.services.impl.SysUserServiceImpl
[DEBUG] 2018-10-15 16:13:25,768 org.nutz.ioc.loader.annotation.AnnotationIocLoader.addClass(AnnotationIocLoader.java:76) - Found @IocBean : class cn.wizzer.app.sys.modules.services.impl.SysVersionServiceImpl
[DEBUG] 2018-10-15 16:13:25,768 org.nutz.ioc.loader.annotation.AnnotationIocLoader.addClass(AnnotationIocLoader.java:76) - Found @IocBean : class cn.wizzer.app.sys.modules.services.impl.SysWxDeptServiceImpl
[DEBUG] 2018-10-15 16:13:25,768 org.nutz.ioc.loader.annotation.AnnotationIocLoader.addClass(AnnotationIocLoader.java:76) - Found @IocBean : class cn.wizzer.app.sys.modules.services.impl.SysWxServiceImpl
[DEBUG] 2018-10-15 16:13:25,768 org.nutz.ioc.loader.annotation.AnnotationIocLoader.addClass(AnnotationIocLoader.java:76) - Found @IocBean : class cn.wizzer.app.sys.modules.services.impl.SysWxUserServiceImpl
[DEBUG] 2018-10-15 16:13:25,768 org.nutz.ioc.loader.annotation.AnnotationIocLoader.addClass(AnnotationIocLoader.java:76) - Found @IocBean : class cn.wizzer.app.web.commons.plugin.DynamicInterceptor
[DEBUG] 2018-10-15 16:13:25,768 org.nutz.ioc.loader.annotation.AnnotationIocLoader.addClass(AnnotationIocLoader.java:76) - Found @IocBean : class cn.wizzer.app.web.commons.plugin.PluginAopConfigure
[DEBUG] 2018-10-15 16:13:25,768 org.nutz.ioc.loader.annotation.AnnotationIocLoader.addClass(AnnotationIocLoader.java:76) - Found @IocBean : class cn.wizzer.app.web.commons.plugin.PluginMaster
[DEBUG] 2018-10-15 16:13:25,768 org.nutz.ioc.loader.annotation.AnnotationIocLoader.addClass(AnnotationIocLoader.java:76) - Found @IocBean : class cn.wizzer.app.web.commons.quartz.job.orderExecute
[DEBUG] 2018-10-15 16:13:25,768 org.nutz.ioc.loader.annotation.AnnotationIocLoader.addClass(AnnotationIocLoader.java:76) - Found @IocBean : class cn.wizzer.app.web.commons.quartz.job.TestJob
[DEBUG] 2018-10-15 16:13:25,768 org.nutz.ioc.loader.annotation.AnnotationIocLoader.addClass(AnnotationIocLoader.java:76) - Found @IocBean : class cn.wizzer.app.web.commons.services.email.EmailService
[DEBUG] 2018-10-15 16:13:25,768 org.nutz.ioc.loader.annotation.AnnotationIocLoader.addClass(AnnotationIocLoader.java:76) - Found @IocBean : class cn.wizzer.app.web.commons.services.qrcode.QrcodeService
[DEBUG] 2018-10-15 16:13:25,768 org.nutz.ioc.loader.annotation.AnnotationIocLoader.addClass(AnnotationIocLoader.java:76) - Found @IocBean : class cn.wizzer.app.web.commons.services.wx.TplService
[DEBUG] 2018-10-15 16:13:25,768 org.nutz.ioc.loader.annotation.AnnotationIocLoader.addClass(AnnotationIocLoader.java:76) - Found @IocBean : class cn.wizzer.app.web.commons.services.wx.WxHandler
[DEBUG] 2018-10-15 16:13:25,768 org.nutz.ioc.loader.annotation.AnnotationIocLoader.addClass(AnnotationIocLoader.java:76) - Found @IocBean : class cn.wizzer.app.web.commons.shiro.realm.PlatformAuthorizingRealm
[DEBUG] 2018-10-15 16:13:25,769 org.nutz.ioc.loader.annotation.AnnotationIocLoader.addClass(AnnotationIocLoader.java:76) - Found @IocBean : class cn.wizzer.app.web.commons.slog.SLogAopConfigration
[DEBUG] 2018-10-15 16:13:25,769 org.nutz.ioc.loader.annotation.AnnotationIocLoader.addClass(AnnotationIocLoader.java:76) - Found @IocBean : class cn.wizzer.app.web.commons.slog.SLogService
[DEBUG] 2018-10-15 16:13:25,769 org.nutz.ioc.loader.annotation.AnnotationIocLoader.addClass(AnnotationIocLoader.java:76) - Found @IocBean : class cn.wizzer.app.web.modules.controllers.front.wx.CmsController
[DEBUG] 2018-10-15 16:13:25,769 org.nutz.ioc.loader.annotation.AnnotationIocLoader.addClass(AnnotationIocLoader.java:76) - Found @IocBean : class cn.wizzer.app.web.modules.controllers.front.wx.WechatController
[DEBUG] 2018-10-15 16:13:25,769 org.nutz.ioc.loader.annotation.AnnotationIocLoader.addClass(AnnotationIocLoader.java:76) - Found @IocBean : class cn.wizzer.app.web.modules.controllers.open.api.mobile.MobileBaseController
[DEBUG] 2018-10-15 16:13:25,769 org.nutz.ioc.loader.annotation.AnnotationIocLoader.addClass(AnnotationIocLoader.java:76) - Found @IocBean : class cn.wizzer.app.web.modules.controllers.open.api.mobile.MobileInsController
[DEBUG] 2018-10-15 16:13:25,769 org.nutz.ioc.loader.annotation.AnnotationIocLoader.addClass(AnnotationIocLoader.java:76) - Found @IocBean : class cn.wizzer.app.web.modules.controllers.open.api.mobile.MobileOrderController
[DEBUG] 2018-10-15 16:13:25,769 org.nutz.ioc.loader.annotation.AnnotationIocLoader.addClass(AnnotationIocLoader.java:76) - Found @IocBean : class cn.wizzer.app.web.modules.controllers.open.api.mobile.MobileSysController
[DEBUG] 2018-10-15 16:13:25,769 org.nutz.ioc.loader.annotation.AnnotationIocLoader.addClass(AnnotationIocLoader.java:76) - Found @IocBean : class cn.wizzer.app.web.modules.controllers.open.api.pad.PadInsController
[DEBUG] 2018-10-15 16:13:25,769 org.nutz.ioc.loader.annotation.AnnotationIocLoader.addClass(AnnotationIocLoader.java:76) - Found @IocBean : class cn.wizzer.app.web.modules.controllers.open.api.pad.PadOrderController
[DEBUG] 2018-10-15 16:13:25,769 org.nutz.ioc.loader.annotation.AnnotationIocLoader.addClass(AnnotationIocLoader.java:76) - Found @IocBean : class cn.wizzer.app.web.modules.controllers.open.api.pad.PadSysController
[DEBUG] 2018-10-15 16:13:25,769 org.nutz.ioc.loader.annotation.AnnotationIocLoader.addClass(AnnotationIocLoader.java:76) - Found @IocBean : class cn.wizzer.app.web.modules.controllers.open.api.test.ApiTestController
[DEBUG] 2018-10-15 16:13:25,769 org.nutz.ioc.loader.annotation.AnnotationIocLoader.addClass(AnnotationIocLoader.java:76) - Found @IocBean : class cn.wizzer.app.web.modules.controllers.open.api.token.TokenController
[DEBUG] 2018-10-15 16:13:25,769 org.nutz.ioc.loader.annotation.AnnotationIocLoader.addClass(AnnotationIocLoader.java:76) - Found @IocBean : class cn.wizzer.app.web.modules.controllers.open.api.userpermission.UserpermissionController
[DEBUG] 2018-10-15 16:13:25,769 org.nutz.ioc.loader.annotation.AnnotationIocLoader.addClass(AnnotationIocLoader.java:76) - Found @IocBean : class cn.wizzer.app.web.modules.controllers.open.file.UploadController
[DEBUG] 2018-10-15 16:13:25,769 org.nutz.ioc.loader.annotation.AnnotationIocLoader.addClass(AnnotationIocLoader.java:76) - Found @IocBean : class cn.wizzer.app.web.modules.controllers.open.pay.WxPayBackController
[DEBUG] 2018-10-15 16:13:25,769 org.nutz.ioc.loader.annotation.AnnotationIocLoader.addClass(AnnotationIocLoader.java:76) - Found @IocBean : class cn.wizzer.app.web.modules.controllers.open.ueditor.BdController
[DEBUG] 2018-10-15 16:13:25,770 org.nutz.ioc.loader.annotation.AnnotationIocLoader.addClass(AnnotationIocLoader.java:76) - Found @IocBean : class cn.wizzer.app.web.modules.controllers.open.ueditor.WxController
[DEBUG] 2018-10-15 16:13:25,770 org.nutz.ioc.loader.annotation.AnnotationIocLoader.addClass(AnnotationIocLoader.java:76) - Found @IocBean : class cn.wizzer.app.web.modules.controllers.open.wx.WeixinController
[DEBUG] 2018-10-15 16:13:25,770 org.nutz.ioc.loader.annotation.AnnotationIocLoader.addClass(AnnotationIocLoader.java:76) - Found @IocBean : class cn.wizzer.app.web.modules.controllers.platform.base.BaseAirmeterialController
[DEBUG] 2018-10-15 16:13:25,770 org.nutz.ioc.loader.annotation.AnnotationIocLoader.addClass(AnnotationIocLoader.java:76) - Found @IocBean : class cn.wizzer.app.web.modules.controllers.platform.base.BaseAirportController
[DEBUG] 2018-10-15 16:13:25,770 org.nutz.ioc.loader.annotation.AnnotationIocLoader.addClass(AnnotationIocLoader.java:76) - Found @IocBean : class cn.wizzer.app.web.modules.controllers.platform.base.BaseCnctobjController
[DEBUG] 2018-10-15 16:13:25,770 org.nutz.ioc.loader.annotation.AnnotationIocLoader.addClass(AnnotationIocLoader.java:76) - Found @IocBean : class cn.wizzer.app.web.modules.controllers.platform.base.BaseCustomerController
[DEBUG] 2018-10-15 16:13:25,770 org.nutz.ioc.loader.annotation.AnnotationIocLoader.addClass(AnnotationIocLoader.java:76) - Found @IocBean : class cn.wizzer.app.web.modules.controllers.platform.base.BaseDeptController
[DEBUG] 2018-10-15 16:13:25,770 org.nutz.ioc.loader.annotation.AnnotationIocLoader.addClass(AnnotationIocLoader.java:76) - Found @IocBean : class cn.wizzer.app.web.modules.controllers.platform.base.BaseJobController
[DEBUG] 2018-10-15 16:13:25,770 org.nutz.ioc.loader.annotation.AnnotationIocLoader.addClass(AnnotationIocLoader.java:76) - Found @IocBean : class cn.wizzer.app.web.modules.controllers.platform.base.BasePersonController
[DEBUG] 2018-10-15 16:13:25,770 org.nutz.ioc.loader.annotation.AnnotationIocLoader.addClass(AnnotationIocLoader.java:76) - Found @IocBean : class cn.wizzer.app.web.modules.controllers.platform.base.BasePersonpoolController
[DEBUG] 2018-10-15 16:13:25,770 org.nutz.ioc.loader.annotation.AnnotationIocLoader.addClass(AnnotationIocLoader.java:76) - Found @IocBean : class cn.wizzer.app.web.modules.controllers.platform.base.BasePlaceController
[DEBUG] 2018-10-15 16:13:25,770 org.nutz.ioc.loader.annotation.AnnotationIocLoader.addClass(AnnotationIocLoader.java:76) - Found @IocBean : class cn.wizzer.app.web.modules.controllers.platform.base.BasePostController
[DEBUG] 2018-10-15 16:13:25,770 org.nutz.ioc.loader.annotation.AnnotationIocLoader.addClass(AnnotationIocLoader.java:76) - Found @IocBean : class cn.wizzer.app.web.modules.controllers.platform.base.BaseRowofficeController
[DEBUG] 2018-10-15 16:13:25,770 org.nutz.ioc.loader.annotation.AnnotationIocLoader.addClass(AnnotationIocLoader.java:76) - Found @IocBean : class cn.wizzer.app.web.modules.controllers.platform.base.BaseRowofficeentryController
[DEBUG] 2018-10-15 16:13:25,770 org.nutz.ioc.loader.annotation.AnnotationIocLoader.addClass(AnnotationIocLoader.java:76) - Found @IocBean : class cn.wizzer.app.web.modules.controllers.platform.base.BaseVehicleController
[DEBUG] 2018-10-15 16:13:25,770 org.nutz.ioc.loader.annotation.AnnotationIocLoader.addClass(AnnotationIocLoader.java:76) - Found @IocBean : class cn.wizzer.app.web.modules.controllers.platform.base.BaseWarehouseController
[DEBUG] 2018-10-15 16:13:25,770 org.nutz.ioc.loader.annotation.AnnotationIocLoader.addClass(AnnotationIocLoader.java:76) - Found @IocBean : class cn.wizzer.app.web.modules.controllers.platform.cms.CmsArticleController
[DEBUG] 2018-10-15 16:13:25,771 org.nutz.ioc.loader.annotation.AnnotationIocLoader.addClass(AnnotationIocLoader.java:76) - Found @IocBean : class cn.wizzer.app.web.modules.controllers.platform.cms.CmsChannelController
[DEBUG] 2018-10-15 16:13:25,771 org.nutz.ioc.loader.annotation.AnnotationIocLoader.addClass(AnnotationIocLoader.java:76) - Found @IocBean : class cn.wizzer.app.web.modules.controllers.platform.cms.CmsLinkClassController
[DEBUG] 2018-10-15 16:13:25,771 org.nutz.ioc.loader.annotation.AnnotationIocLoader.addClass(AnnotationIocLoader.java:76) - Found @IocBean : class cn.wizzer.app.web.modules.controllers.platform.cms.CmsLinkController
[DEBUG] 2018-10-15 16:13:25,771 org.nutz.ioc.loader.annotation.AnnotationIocLoader.addClass(AnnotationIocLoader.java:76) - Found @IocBean : class cn.wizzer.app.web.modules.controllers.platform.cms.CmsSiteController
[DEBUG] 2018-10-15 16:13:25,771 org.nutz.ioc.loader.annotation.AnnotationIocLoader.addClass(AnnotationIocLoader.java:76) - Found @IocBean : class cn.wizzer.app.web.modules.controllers.platform.ins.InsBaseinsController
[DEBUG] 2018-10-15 16:13:25,771 org.nutz.ioc.loader.annotation.AnnotationIocLoader.addClass(AnnotationIocLoader.java:76) - Found @IocBean : class cn.wizzer.app.web.modules.controllers.platform.ins.InsBaseinsSpaceController
[DEBUG] 2018-10-15 16:13:25,771 org.nutz.ioc.loader.annotation.AnnotationIocLoader.addClass(AnnotationIocLoader.java:76) - Found @IocBean : class cn.wizzer.app.web.modules.controllers.platform.ins.InsCabinetController
[DEBUG] 2018-10-15 16:13:25,771 org.nutz.ioc.loader.annotation.AnnotationIocLoader.addClass(AnnotationIocLoader.java:76) - Found @IocBean : class cn.wizzer.app.web.modules.controllers.platform.ins.InsCommonController
[DEBUG] 2018-10-15 16:13:25,771 org.nutz.ioc.loader.annotation.AnnotationIocLoader.addClass(AnnotationIocLoader.java:76) - Found @IocBean : class cn.wizzer.app.web.modules.controllers.platform.ins.InsInstrumentController
[DEBUG] 2018-10-15 16:13:25,771 org.nutz.ioc.loader.annotation.AnnotationIocLoader.addClass(AnnotationIocLoader.java:76) - Found @IocBean : class cn.wizzer.app.web.modules.controllers.platform.ins.InsLockController
[DEBUG] 2018-10-15 16:13:25,771 org.nutz.ioc.loader.annotation.AnnotationIocLoader.addClass(AnnotationIocLoader.java:76) - Found @IocBean : class cn.wizzer.app.web.modules.controllers.platform.ins.InsOrderController
[DEBUG] 2018-10-15 16:13:25,771 org.nutz.ioc.loader.annotation.AnnotationIocLoader.addClass(AnnotationIocLoader.java:76) - Found @IocBean : class cn.wizzer.app.web.modules.controllers.platform.ins.InsOrderentryController
[DEBUG] 2018-10-15 16:13:25,771 org.nutz.ioc.loader.annotation.AnnotationIocLoader.addClass(AnnotationIocLoader.java:76) - Found @IocBean : class cn.wizzer.app.web.modules.controllers.platform.ins.InsRepairController
[DEBUG] 2018-10-15 16:13:25,771 org.nutz.ioc.loader.annotation.AnnotationIocLoader.addClass(AnnotationIocLoader.java:76) - Found @IocBean : class cn.wizzer.app.web.modules.controllers.platform.ins.InsRepairtrackController
[DEBUG] 2018-10-15 16:13:25,771 org.nutz.ioc.loader.annotation.AnnotationIocLoader.addClass(AnnotationIocLoader.java:76) - Found @IocBean : class cn.wizzer.app.web.modules.controllers.platform.ins.InsRfheadController
[DEBUG] 2018-10-15 16:13:25,771 org.nutz.ioc.loader.annotation.AnnotationIocLoader.addClass(AnnotationIocLoader.java:76) - Found @IocBean : class cn.wizzer.app.web.modules.controllers.platform.ins.InsRfidController
[DEBUG] 2018-10-15 16:13:25,771 org.nutz.ioc.loader.annotation.AnnotationIocLoader.addClass(AnnotationIocLoader.java:76) - Found @IocBean : class cn.wizzer.app.web.modules.controllers.platform.ins.InsSpaceController
[DEBUG] 2018-10-15 16:13:25,771 org.nutz.ioc.loader.annotation.AnnotationIocLoader.addClass(AnnotationIocLoader.java:76) - Found @IocBean : class cn.wizzer.app.web.modules.controllers.platform.ins.InsToolcabinetController
[DEBUG] 2018-10-15 16:13:25,772 org.nutz.ioc.loader.annotation.AnnotationIocLoader.addClass(AnnotationIocLoader.java:76) - Found @IocBean : class cn.wizzer.app.web.modules.controllers.platform.ins.InsTransmitController
[DEBUG] 2018-10-15 16:13:25,772 org.nutz.ioc.loader.annotation.AnnotationIocLoader.addClass(AnnotationIocLoader.java:76) - Found @IocBean : class cn.wizzer.app.web.modules.controllers.platform.logistics.LogisticsDeliveryorderController
[DEBUG] 2018-10-15 16:13:25,772 org.nutz.ioc.loader.annotation.AnnotationIocLoader.addClass(AnnotationIocLoader.java:76) - Found @IocBean : class cn.wizzer.app.web.modules.controllers.platform.logistics.LogisticsDeliveryorderentryController
[DEBUG] 2018-10-15 16:13:25,772 org.nutz.ioc.loader.annotation.AnnotationIocLoader.addClass(AnnotationIocLoader.java:76) - Found @IocBean : class cn.wizzer.app.web.modules.controllers.platform.logistics.LogisticsEntourageController
[DEBUG] 2018-10-15 16:13:25,772 org.nutz.ioc.loader.annotation.AnnotationIocLoader.addClass(AnnotationIocLoader.java:76) - Found @IocBean : class cn.wizzer.app.web.modules.controllers.platform.logistics.LogisticsOrderController
[DEBUG] 2018-10-15 16:13:25,772 org.nutz.ioc.loader.annotation.AnnotationIocLoader.addClass(AnnotationIocLoader.java:76) - Found @IocBean : class cn.wizzer.app.web.modules.controllers.platform.logistics.LogisticsOrderdeliveryController
[DEBUG] 2018-10-15 16:13:25,772 org.nutz.ioc.loader.annotation.AnnotationIocLoader.addClass(AnnotationIocLoader.java:76) - Found @IocBean : class cn.wizzer.app.web.modules.controllers.platform.logistics.LogisticsOrderentryController
[DEBUG] 2018-10-15 16:13:25,772 org.nutz.ioc.loader.annotation.AnnotationIocLoader.addClass(AnnotationIocLoader.java:76) - Found @IocBean : class cn.wizzer.app.web.modules.controllers.platform.logistics.LogisticsOrderplanController
[DEBUG] 2018-10-15 16:13:25,772 org.nutz.ioc.loader.annotation.AnnotationIocLoader.addClass(AnnotationIocLoader.java:76) - Found @IocBean : class cn.wizzer.app.web.modules.controllers.platform.logistics.LogisticsOrderplanentryController
[DEBUG] 2018-10-15 16:13:25,772 org.nutz.ioc.loader.annotation.AnnotationIocLoader.addClass(AnnotationIocLoader.java:76) - Found @IocBean : class cn.wizzer.app.web.modules.controllers.platform.logistics.LogisticsOrderrejectController
[DEBUG] 2018-10-15 16:13:25,772 org.nutz.ioc.loader.annotation.AnnotationIocLoader.addClass(AnnotationIocLoader.java:76) - Found @IocBean : class cn.wizzer.app.web.modules.controllers.platform.logistics.LogisticsOrderstepController
[DEBUG] 2018-10-15 16:13:25,772 org.nutz.ioc.loader.annotation.AnnotationIocLoader.addClass(AnnotationIocLoader.java:76) - Found @IocBean : class cn.wizzer.app.web.modules.controllers.platform.logistics.LogisticsSendapprovalController
[DEBUG] 2018-10-15 16:13:25,772 org.nutz.ioc.loader.annotation.AnnotationIocLoader.addClass(AnnotationIocLoader.java:76) - Found @IocBean : class cn.wizzer.app.web.modules.controllers.platform.logistics.LogisticsSendgoodsController
[DEBUG] 2018-10-15 16:13:25,772 org.nutz.ioc.loader.annotation.AnnotationIocLoader.addClass(AnnotationIocLoader.java:76) - Found @IocBean : class cn.wizzer.app.web.modules.controllers.platform.logistics.LogisticsSendplanController
[DEBUG] 2018-10-15 16:13:25,772 org.nutz.ioc.loader.annotation.AnnotationIocLoader.addClass(AnnotationIocLoader.java:76) - Found @IocBean : class cn.wizzer.app.web.modules.controllers.platform.logistics.LogisticsSendtraceController
[DEBUG] 2018-10-15 16:13:25,772 org.nutz.ioc.loader.annotation.AnnotationIocLoader.addClass(AnnotationIocLoader.java:76) - Found @IocBean : class cn.wizzer.app.web.modules.controllers.platform.logistics.LogisticsUnplanController
[DEBUG] 2018-10-15 16:13:25,773 org.nutz.ioc.loader.annotation.AnnotationIocLoader.addClass(AnnotationIocLoader.java:76) - Found @IocBean : class cn.wizzer.app.web.modules.controllers.platform.sys.SysApiController
[DEBUG] 2018-10-15 16:13:25,773 org.nutz.ioc.loader.annotation.AnnotationIocLoader.addClass(AnnotationIocLoader.java:76) - Found @IocBean : class cn.wizzer.app.web.modules.controllers.platform.sys.SysBarcodeController
[DEBUG] 2018-10-15 16:13:25,773 org.nutz.ioc.loader.annotation.AnnotationIocLoader.addClass(AnnotationIocLoader.java:76) - Found @IocBean : class cn.wizzer.app.web.modules.controllers.platform.sys.SysConfController
[DEBUG] 2018-10-15 16:13:25,773 org.nutz.ioc.loader.annotation.AnnotationIocLoader.addClass(AnnotationIocLoader.java:76) - Found @IocBean : class cn.wizzer.app.web.modules.controllers.platform.sys.SysDictController
[DEBUG] 2018-10-15 16:13:25,773 org.nutz.ioc.loader.annotation.AnnotationIocLoader.addClass(AnnotationIocLoader.java:76) - Found @IocBean : class cn.wizzer.app.web.modules.controllers.platform.sys.SysHomeController
[DEBUG] 2018-10-15 16:13:25,773 org.nutz.ioc.loader.annotation.AnnotationIocLoader.addClass(AnnotationIocLoader.java:76) - Found @IocBean : class cn.wizzer.app.web.modules.controllers.platform.sys.SysLogController
[DEBUG] 2018-10-15 16:13:25,773 org.nutz.ioc.loader.annotation.AnnotationIocLoader.addClass(AnnotationIocLoader.java:76) - Found @IocBean : class cn.wizzer.app.web.modules.controllers.platform.sys.SysLoginController
[DEBUG] 2018-10-15 16:13:25,773 org.nutz.ioc.loader.annotation.AnnotationIocLoader.addClass(AnnotationIocLoader.java:76) - Found @IocBean : class cn.wizzer.app.web.modules.controllers.platform.sys.SysMenuController
[DEBUG] 2018-10-15 16:13:25,773 org.nutz.ioc.loader.annotation.AnnotationIocLoader.addClass(AnnotationIocLoader.java:76) - Found @IocBean : class cn.wizzer.app.web.modules.controllers.platform.sys.SysMobileController
[DEBUG] 2018-10-15 16:13:25,773 org.nutz.ioc.loader.annotation.AnnotationIocLoader.addClass(AnnotationIocLoader.java:76) - Found @IocBean : class cn.wizzer.app.web.modules.controllers.platform.sys.SysPluginController
[DEBUG] 2018-10-15 16:13:25,773 org.nutz.ioc.loader.annotation.AnnotationIocLoader.addClass(AnnotationIocLoader.java:76) - Found @IocBean : class cn.wizzer.app.web.modules.controllers.platform.sys.SysRegistauditController
[DEBUG] 2018-10-15 16:13:25,773 org.nutz.ioc.loader.annotation.AnnotationIocLoader.addClass(AnnotationIocLoader.java:76) - Found @IocBean : class cn.wizzer.app.web.modules.controllers.platform.sys.SysRoleController
[DEBUG] 2018-10-15 16:13:25,773 org.nutz.ioc.loader.annotation.AnnotationIocLoader.addClass(AnnotationIocLoader.java:76) - Found @IocBean : class cn.wizzer.app.web.modules.controllers.platform.sys.SysRouteController
[DEBUG] 2018-10-15 16:13:25,773 org.nutz.ioc.loader.annotation.AnnotationIocLoader.addClass(AnnotationIocLoader.java:76) - Found @IocBean : class cn.wizzer.app.web.modules.controllers.platform.sys.SysTaskController
[DEBUG] 2018-10-15 16:13:25,773 org.nutz.ioc.loader.annotation.AnnotationIocLoader.addClass(AnnotationIocLoader.java:76) - Found @IocBean : class cn.wizzer.app.web.modules.controllers.platform.sys.SysTempuserController
[DEBUG] 2018-10-15 16:13:25,773 org.nutz.ioc.loader.annotation.AnnotationIocLoader.addClass(AnnotationIocLoader.java:76) - Found @IocBean : class cn.wizzer.app.web.modules.controllers.platform.sys.SysUnitController
[DEBUG] 2018-10-15 16:13:25,773 org.nutz.ioc.loader.annotation.AnnotationIocLoader.addClass(AnnotationIocLoader.java:76) - Found @IocBean : class cn.wizzer.app.web.modules.controllers.platform.sys.SysUserController
[DEBUG] 2018-10-15 16:13:25,774 org.nutz.ioc.loader.annotation.AnnotationIocLoader.addClass(AnnotationIocLoader.java:76) - Found @IocBean : class cn.wizzer.app.web.modules.controllers.platform.sys.SysVersionController
[DEBUG] 2018-10-15 16:13:25,774 org.nutz.ioc.loader.annotation.AnnotationIocLoader.addClass(AnnotationIocLoader.java:76) - Found @IocBean : class cn.wizzer.app.web.modules.controllers.platform.sys.SysWxController
[DEBUG] 2018-10-15 16:13:25,774 org.nutz.ioc.loader.annotation.AnnotationIocLoader.addClass(AnnotationIocLoader.java:76) - Found @IocBean : class cn.wizzer.app.web.modules.controllers.platform.sys.SysWxDeptController
[DEBUG] 2018-10-15 16:13:25,774 org.nutz.ioc.loader.annotation.AnnotationIocLoader.addClass(AnnotationIocLoader.java:76) - Found @IocBean : class cn.wizzer.app.web.modules.controllers.platform.sys.SysWxUserController
[DEBUG] 2018-10-15 16:13:25,774 org.nutz.ioc.loader.annotation.AnnotationIocLoader.addClass(AnnotationIocLoader.java:76) - Found @IocBean : class cn.wizzer.app.web.modules.controllers.platform.wx.WxConfigController
[DEBUG] 2018-10-15 16:13:25,774 org.nutz.ioc.loader.annotation.AnnotationIocLoader.addClass(AnnotationIocLoader.java:76) - Found @IocBean : class cn.wizzer.app.web.modules.controllers.platform.wx.WxMassController
[DEBUG] 2018-10-15 16:13:25,774 org.nutz.ioc.loader.annotation.AnnotationIocLoader.addClass(AnnotationIocLoader.java:76) - Found @IocBean : class cn.wizzer.app.web.modules.controllers.platform.wx.WxMenuController
[DEBUG] 2018-10-15 16:13:25,774 org.nutz.ioc.loader.annotation.AnnotationIocLoader.addClass(AnnotationIocLoader.java:76) - Found @IocBean : class cn.wizzer.app.web.modules.controllers.platform.wx.WxMsgUserController
[DEBUG] 2018-10-15 16:13:25,774 org.nutz.ioc.loader.annotation.AnnotationIocLoader.addClass(AnnotationIocLoader.java:76) - Found @IocBean : class cn.wizzer.app.web.modules.controllers.platform.wx.WxPayTestController
[DEBUG] 2018-10-15 16:13:25,774 org.nutz.ioc.loader.annotation.AnnotationIocLoader.addClass(AnnotationIocLoader.java:76) - Found @IocBean : class cn.wizzer.app.web.modules.controllers.platform.wx.WxReplyController
[DEBUG] 2018-10-15 16:13:25,774 org.nutz.ioc.loader.annotation.AnnotationIocLoader.addClass(AnnotationIocLoader.java:76) - Found @IocBean : class cn.wizzer.app.web.modules.controllers.platform.wx.WxReplyNewsController
[DEBUG] 2018-10-15 16:13:25,774 org.nutz.ioc.loader.annotation.AnnotationIocLoader.addClass(AnnotationIocLoader.java:76) - Found @IocBean : class cn.wizzer.app.web.modules.controllers.platform.wx.WxReplyTxtController
[DEBUG] 2018-10-15 16:13:25,774 org.nutz.ioc.loader.annotation.AnnotationIocLoader.addClass(AnnotationIocLoader.java:76) - Found @IocBean : class cn.wizzer.app.web.modules.controllers.platform.wx.WxTplIdController
[DEBUG] 2018-10-15 16:13:25,774 org.nutz.ioc.loader.annotation.AnnotationIocLoader.addClass(AnnotationIocLoader.java:76) - Found @IocBean : class cn.wizzer.app.web.modules.controllers.platform.wx.WxTplListController
[DEBUG] 2018-10-15 16:13:25,774 org.nutz.ioc.loader.annotation.AnnotationIocLoader.addClass(AnnotationIocLoader.java:76) - Found @IocBean : class cn.wizzer.app.web.modules.controllers.platform.wx.WxTplLogController
[DEBUG] 2018-10-15 16:13:25,774 org.nutz.ioc.loader.annotation.AnnotationIocLoader.addClass(AnnotationIocLoader.java:76) - Found @IocBean : class cn.wizzer.app.web.modules.controllers.platform.wx.WxUserController
[DEBUG] 2018-10-15 16:13:25,774 org.nutz.ioc.loader.annotation.AnnotationIocLoader.addClass(AnnotationIocLoader.java:76) - Found @IocBean : class cn.wizzer.app.wx.modules.services.impl.WxConfigServiceImpl
[DEBUG] 2018-10-15 16:13:25,774 org.nutz.ioc.loader.annotation.AnnotationIocLoader.addClass(AnnotationIocLoader.java:76) - Found @IocBean : class cn.wizzer.app.wx.modules.services.impl.WxMassNewsServiceImpl
[DEBUG] 2018-10-15 16:13:25,775 org.nutz.ioc.loader.annotation.AnnotationIocLoader.addClass(AnnotationIocLoader.java:76) - Found @IocBean : class cn.wizzer.app.wx.modules.services.impl.WxMassSendServiceImpl
[DEBUG] 2018-10-15 16:13:25,775 org.nutz.ioc.loader.annotation.AnnotationIocLoader.addClass(AnnotationIocLoader.java:76) - Found @IocBean : class cn.wizzer.app.wx.modules.services.impl.WxMassServiceImpl
[DEBUG] 2018-10-15 16:13:25,775 org.nutz.ioc.loader.annotation.AnnotationIocLoader.addClass(AnnotationIocLoader.java:76) - Found @IocBean : class cn.wizzer.app.wx.modules.services.impl.WxMenuServiceImpl
[DEBUG] 2018-10-15 16:13:25,775 org.nutz.ioc.loader.annotation.AnnotationIocLoader.addClass(AnnotationIocLoader.java:76) - Found @IocBean : class cn.wizzer.app.wx.modules.services.impl.WxMsgReplyServiceImpl
[DEBUG] 2018-10-15 16:13:25,775 org.nutz.ioc.loader.annotation.AnnotationIocLoader.addClass(AnnotationIocLoader.java:76) - Found @IocBean : class cn.wizzer.app.wx.modules.services.impl.WxMsgServiceImpl
[DEBUG] 2018-10-15 16:13:25,775 org.nutz.ioc.loader.annotation.AnnotationIocLoader.addClass(AnnotationIocLoader.java:76) - Found @IocBean : class cn.wizzer.app.wx.modules.services.impl.WxReplyNewsServiceImpl
[DEBUG] 2018-10-15 16:13:25,775 org.nutz.ioc.loader.annotation.AnnotationIocLoader.addClass(AnnotationIocLoader.java:76) - Found @IocBean : class cn.wizzer.app.wx.modules.services.impl.WxReplyServiceImpl
[DEBUG] 2018-10-15 16:13:25,775 org.nutz.ioc.loader.annotation.AnnotationIocLoader.addClass(AnnotationIocLoader.java:76) - Found @IocBean : class cn.wizzer.app.wx.modules.services.impl.WxReplyTxtServiceImpl
[DEBUG] 2018-10-15 16:13:25,775 org.nutz.ioc.loader.annotation.AnnotationIocLoader.addClass(AnnotationIocLoader.java:76) - Found @IocBean : class cn.wizzer.app.wx.modules.services.impl.WxTplIdServiceImpl
[DEBUG] 2018-10-15 16:13:25,775 org.nutz.ioc.loader.annotation.AnnotationIocLoader.addClass(AnnotationIocLoader.java:76) - Found @IocBean : class cn.wizzer.app.wx.modules.services.impl.WxTplListServiceImpl
[DEBUG] 2018-10-15 16:13:25,775 org.nutz.ioc.loader.annotation.AnnotationIocLoader.addClass(AnnotationIocLoader.java:76) - Found @IocBean : class cn.wizzer.app.wx.modules.services.impl.WxTplLogServiceImpl
[DEBUG] 2018-10-15 16:13:25,775 org.nutz.ioc.loader.annotation.AnnotationIocLoader.addClass(AnnotationIocLoader.java:76) - Found @IocBean : class cn.wizzer.app.wx.modules.services.impl.WxUserServiceImpl
[DEBUG] 2018-10-15 16:13:25,775 org.nutz.ioc.loader.annotation.AnnotationIocLoader.addClass(AnnotationIocLoader.java:76) - Found @IocBean : class cn.wizzer.test.SimpleTest
[DEBUG] 2018-10-15 16:13:25,777 org.nutz.resource.Scans.scan(Scans.java:274) - Found 0 resource by src( org/nutz/apidoc/ ) , regex( ^.+[.]class$ )
[INFO ] 2018-10-15 16:13:25,777 org.nutz.ioc.loader.annotation.AnnotationIocLoader.<init>(AnnotationIocLoader.java:52) - Found 204 classes in 2 base-packages!
beans = ["wxTplListController", "uploadController", "wxReplyTxtServiceImpl", "logisticsSendplanController", "baseJobServiceImpl", "dateUtil", "qrcodeService", "logisticsSendgoodsServiceImpl", "logisticsOrderentryController", "insLockController", "baseRowofficeentryServiceImpl", "cmsChannelServiceImpl", "insBaseinsServiceImpl", "orderExecute", "cmsArticleController", "basePostController", "baseAirmeterialServiceImpl", "basePersonController", "logisticsOrderplanServiceImpl", "cmsLinkClassController", "basePostServiceImpl", "baseRowofficeServiceImpl", "baseJobController", "baseRowofficeController", "wxReplyController", "insRepairController", "sysConfigServiceImpl", "basePersonpoolController", "baseVehicleController", "wxMsgServiceImpl", "wxPayBackController", "logisticsUnplanController", "mobileInsController", "sysTaskController", "sysBarcodeController", "insTransmitController", "sysDictServiceImpl", "wxConfigServiceImpl", "baseAirportServiceImpl", "apiTestController", "sysMenuController", "cmsSiteServiceImpl", "mobileSysController", "cmsLinkController", "insCommonController", "logisticsOrderplanentryServiceImpl", "insInstrumentController", "sysRegistauditServiceImpl", "insLockServiceImpl", "insOrderController", "wechatController", "wxMsgUserController", "sysDictController", "sysWxUserController", "logisticsDeliveryorderentryController", "basePersonServiceImpl", "insOrderentryServiceImpl", "insRepairtrackController", "insInstrumentServiceImpl", "logisticsSendapprovalServiceImpl", "logisticsOrderdeliveryController", "wxTplListServiceImpl", "tplService", "sysPluginServiceImpl", "insRfheadController", "logisticsSendgoodsController", "mobileBaseController", "baseCnctobjServiceImpl", "nutShiroMethodInterceptor", "insCabinetServiceImpl", "basePlaceServiceImpl", "baseVehicleServiceImpl", "cmsLinkClassServiceImpl", "sysHomeController", "insRfheadServiceImpl", "sysMobileController", "wxMassServiceImpl", "logisticsOrderentryServiceImpl", "logisticsSendplanServiceImpl", "logisticsOrderrejectServiceImpl", "wxHandler", "cmsChannelController", "wxController", "rabbitProducer", "sysTaskServiceImpl", "sysVersionController", "shiroUtil", "wxReplyTxtController", "sysPluginController", "logisticsSendtraceController", "sysApiServiceImpl", "logisticsEntourageServiceImpl", "sLogService", "baseAirportController", "sysApiController", "wxTplIdController", "insSpaceServiceImpl", "logisticsOrderController", "sysTempuserController", "sysUserController", "platformAuthorizingRealm", "testJob", "$aop_1_plugin", "sysRegistauditController", "wxReplyNewsServiceImpl", "insTransmitServiceImpl", "sysLoginController", "wxTplLogServiceImpl", "sysUserServiceImpl", "sysRoleServiceImpl", "sysRouteController", "idcardUtil", "basePlaceController", "sysWxDeptController", "logisticsOrderplanentryController", "userpermissionController", "sysWxServiceImpl", "cmsController", "logisticsSendtraceServiceImpl", "insOrderentryController", "logisticsSendapprovalController", "wxMenuController", "insOrderServiceImpl", "weixinController", "code128Util", "insRepairServiceImpl", "logisticsOrderplanController", "wxMsgReplyServiceImpl", "logisticsOrderdeliveryServiceImpl", "cmsArticleServiceImpl", "baseCnctobjController", "baseCustomerController", "insBaseinsController", "insRfidServiceImpl", "cookieUtil", "baseRowofficeentryController", "logisticsOrderstepServiceImpl", "wxReplyServiceImpl", "bdController", "redisIdGenerator", "insBaseinsSpaceServiceImpl", "cmsSiteController", "logisticsDeliveryorderServiceImpl", "insCabinetController", "logisticsOrderServiceImpl", "sysWxDeptServiceImpl", "sysWxController", "mobileOrderController", "sysRoleController", "logisticsEntourageController", "insCommonServiceImpl", "sysUnitController", "padInsController", "wxMassSendServiceImpl", "logisticsDeliveryorderController", "rSAUtil", "wxConfigController", "stringUtil", "baseCustomerServiceImpl", "basePersonpoolServiceImpl", "insBaseinsSpaceController", "wxUserServiceImpl", "insSpaceController", "sysTempuserServiceImpl", "baseWarehouseServiceImpl", "insToolcabinetController", "sysWxUserServiceImpl", "dynamicInterceptor", "sysLogController", "wxMassController", "emailService", "baseWarehouseController", "insToolcabinetServiceImpl", "wxMenuServiceImpl", "wxReplyNewsController", "baseDeptServiceImpl", "sysRouteServiceImpl", "insRepairtrackServiceImpl", "wxMassNewsServiceImpl", "baseAirmeterialController", "sysMenuServiceImpl", "sysMobileServiceImpl", "simpleTest", "logisticsOrderstepController", "sysLogServiceImpl", "logisticsUnplanServiceImpl", "wxTplIdServiceImpl", "logisticsDeliveryorderentryServiceImpl", "$aop_syslog", "padSysController", "baseDeptController", "logisticsOrderrejectController", "padOrderController", "sysBarcodeServiceImpl", "wxTplLogController", "wxUserController", "wxPayTestController", "tokenController", "sysVersionServiceImpl", "cmsLinkServiceImpl", "sysUnitServiceImpl", "insRfidController", "sysConfController", "pluginMaster"]
[DEBUG] 2018-10-15 16:13:25,777 org.nutz.ioc.loader.combo.ComboIocLoader.createIocLoader(ComboIocLoader.java:110) - found jedis -- org.nutz.integration.jedis.JedisIocLoader
[DEBUG] 2018-10-15 16:13:25,778 org.nutz.resource.Scans.scan(Scans.java:274) - Found 1 resource by src( org/nutz/integration/jedis/jedis.js ) , regex( ^(.+[.])(js|json)$ )
[DEBUG] 2018-10-15 16:13:25,778 org.nutz.ioc.loader.json.JsonLoader.<init>(JsonLoader.java:49) - loading [org/nutz/integration/jedis/jedis.js]
[DEBUG] 2018-10-15 16:13:25,779 org.nutz.ioc.loader.json.JsonLoader.<init>(JsonLoader.java:57) - Loaded 9 bean define from path=[org/nutz/integration/jedis/jedis.js] --> [redisService, jedisCluster, jedisClusterNodes, jedisClusterWrapper, pubSubService, jedisPoolConfig, jedisPool, jedisAgent, redis]
[DEBUG] 2018-10-15 16:13:25,779 org.nutz.ioc.loader.json.JsonLoader.<init>(JsonLoader.java:40) - Loaded 5 bean define from reader --
[txREPEATABLE_READ, txSERIALIZABLE, txNONE, txREAD_UNCOMMITTED, txREAD_COMMITTED]
[DEBUG] 2018-10-15 16:13:25,780 org.nutz.ioc.loader.combo.ComboIocLoader.createIocLoader(ComboIocLoader.java:110) - found quartz -- org.nutz.integration.quartz.QuartzIocLoader
[DEBUG] 2018-10-15 16:13:25,780 org.nutz.ioc.loader.json.JsonLoader.<init>(JsonLoader.java:57) - Loaded 0 bean define from path=[] --> []
[DEBUG] 2018-10-15 16:13:25,781 org.nutz.ioc.aop.SimpleAopMaker.<init>(SimpleAopMaker.java:79) - Load AopConfigure for anno=org.nutz.aop.interceptor.async.Async by type=org.nutz.aop.interceptor.async.AsyncAopIocLoader
[DEBUG] 2018-10-15 16:13:25,781 org.nutz.ioc.loader.combo.ComboIocLoader.createIocLoader(ComboIocLoader.java:110) - found rabbitmq -- org.nutz.integration.rabbitmq.RabbitmqIocLoader
[DEBUG] 2018-10-15 16:13:25,782 org.nutz.resource.Scans.scan(Scans.java:274) - Found 1 resource by src( org/nutz/integration/rabbitmq/rabbitmq.js ) , regex( ^(.+[.])(js|json)$ )
[DEBUG] 2018-10-15 16:13:25,783 org.nutz.ioc.loader.json.JsonLoader.<init>(JsonLoader.java:49) - loading [org/nutz/integration/rabbitmq/rabbitmq.js]
[DEBUG] 2018-10-15 16:13:25,783 org.nutz.ioc.loader.json.JsonLoader.<init>(JsonLoader.java:57) - Loaded 2 bean define from path=[org/nutz/integration/rabbitmq/rabbitmq.js] --> [rabbitmq, rabbitmq_cf]
[INFO ] 2018-10-15 16:13:25,783 org.nutz.ioc.impl.NutIoc.<init>(NutIoc.java:98) - NutIoc init begin ...
[INFO ] 2018-10-15 16:13:25,783 org.nutz.ioc.impl.NutIoc.<init>(NutIoc.java:115) - ... NutIoc init complete
[DEBUG] 2018-10-15 16:13:25,783 org.nutz.ioc.impl.NutIoc.get(NutIoc.java:151) - Get 'conf'<class org.nutz.ioc.impl.PropertiesProxy>
[DEBUG] 2018-10-15 16:13:25,783 org.nutz.ioc.impl.NutIoc.get(NutIoc.java:151) - Get '$aop_1_plugin'<interface org.nutz.ioc.aop.config.AopConfigration>
[DEBUG] 2018-10-15 16:13:25,783 org.nutz.ioc.impl.NutIoc.get(NutIoc.java:177) - 	 >> Load definition name=$aop_1_plugin
[DEBUG] 2018-10-15 16:13:25,783 org.nutz.ioc.loader.combo.ComboIocLoader.load(ComboIocLoader.java:161) - Found IocObject($aop_1_plugin) in AnnotationIocLoader(packages=[cn.wizzer, org.nutz.apidoc])
[DEBUG] 2018-10-15 16:13:25,783 org.nutz.ioc.impl.NutIoc.get(NutIoc.java:209) - 	 >> Make...'$aop_1_plugin'<interface org.nutz.ioc.aop.config.AopConfigration>
[DEBUG] 2018-10-15 16:13:25,783 org.nutz.ioc.impl.ScopeContext.save(ScopeContext.java:64) - Save object '$aop_1_plugin' to [app] 
[DEBUG] 2018-10-15 16:13:25,784 org.nutz.ioc.impl.NutIoc.get(NutIoc.java:151) - Get 'dynamicInterceptor'<class cn.wizzer.app.web.commons.plugin.DynamicInterceptor>
[DEBUG] 2018-10-15 16:13:25,784 org.nutz.ioc.impl.NutIoc.get(NutIoc.java:177) - 	 >> Load definition name=dynamicInterceptor
[DEBUG] 2018-10-15 16:13:25,784 org.nutz.ioc.loader.combo.ComboIocLoader.load(ComboIocLoader.java:161) - Found IocObject(dynamicInterceptor) in AnnotationIocLoader(packages=[cn.wizzer, org.nutz.apidoc])
[DEBUG] 2018-10-15 16:13:25,784 org.nutz.ioc.impl.NutIoc.get(NutIoc.java:209) - 	 >> Make...'dynamicInterceptor'<class cn.wizzer.app.web.commons.plugin.DynamicInterceptor>
[DEBUG] 2018-10-15 16:13:25,784 org.nutz.ioc.impl.ScopeContext.save(ScopeContext.java:64) - Save object 'dynamicInterceptor' to [app] 
[DEBUG] 2018-10-15 16:13:25,784 org.nutz.ioc.impl.NutIoc.get(NutIoc.java:151) - Get '$aop_async'<interface org.nutz.ioc.aop.config.AopConfigration>
[DEBUG] 2018-10-15 16:13:25,784 org.nutz.ioc.impl.NutIoc.get(NutIoc.java:177) - 	 >> Load definition name=$aop_async
[DEBUG] 2018-10-15 16:13:25,784 org.nutz.ioc.loader.combo.ComboIocLoader.load(ComboIocLoader.java:161) - Found IocObject($aop_async) in AsyncAopIocLoader@1368173251
[DEBUG] 2018-10-15 16:13:25,784 org.nutz.ioc.impl.NutIoc.get(NutIoc.java:209) - 	 >> Make...'$aop_async'<interface org.nutz.ioc.aop.config.AopConfigration>
[DEBUG] 2018-10-15 16:13:25,784 org.nutz.ioc.impl.ScopeContext.save(ScopeContext.java:64) - Save object '$aop_async' to [app] 
[DEBUG] 2018-10-15 16:13:25,784 org.nutz.ioc.impl.NutIoc.get(NutIoc.java:151) - Get '$aop_syslog'<interface org.nutz.ioc.aop.config.AopConfigration>
[DEBUG] 2018-10-15 16:13:25,784 org.nutz.ioc.impl.NutIoc.get(NutIoc.java:177) - 	 >> Load definition name=$aop_syslog
[DEBUG] 2018-10-15 16:13:25,784 org.nutz.ioc.loader.combo.ComboIocLoader.load(ComboIocLoader.java:161) - Found IocObject($aop_syslog) in AnnotationIocLoader(packages=[cn.wizzer, org.nutz.apidoc])
[DEBUG] 2018-10-15 16:13:25,784 org.nutz.ioc.impl.NutIoc.get(NutIoc.java:209) - 	 >> Make...'$aop_syslog'<interface org.nutz.ioc.aop.config.AopConfigration>
[DEBUG] 2018-10-15 16:13:25,784 org.nutz.ioc.impl.ScopeContext.save(ScopeContext.java:64) - Save object '$aop_syslog' to [app] 
[DEBUG] 2018-10-15 16:13:25,784 org.nutz.ioc.aop.SimpleAopMaker.<init>(SimpleAopMaker.java:79) - Load AopConfigure for anno=cn.wizzer.app.web.commons.slog.annotation.SLog by type=cn.wizzer.app.web.commons.slog.SLogAopConfigration
[DEBUG] 2018-10-15 16:13:25,785 org.nutz.ioc.aop.SimpleAopMaker.<init>(SimpleAopMaker.java:79) - Load AopConfigure for anno=org.nutz.ioc.aop.Aop by type=org.nutz.ioc.aop.config.impl.AnnotationAopConfigration
[DEBUG] 2018-10-15 16:13:25,785 org.nutz.ioc.impl.NutIoc.get(NutIoc.java:177) - 	 >> Load definition name=conf
[DEBUG] 2018-10-15 16:13:25,785 org.nutz.ioc.loader.map.MapLoader.load(MapLoader.java:67) - Loading define for name=conf
[DEBUG] 2018-10-15 16:13:25,785 org.nutz.ioc.loader.combo.ComboIocLoader.load(ComboIocLoader.java:161) - Found IocObject(conf) in JsonLoader(paths=[config/ioc/])
[DEBUG] 2018-10-15 16:13:25,785 org.nutz.ioc.impl.NutIoc.get(NutIoc.java:209) - 	 >> Make...'conf'<class org.nutz.ioc.impl.PropertiesProxy>
[DEBUG] 2018-10-15 16:13:25,785 cn.wizzer.app.web.commons.plugin.PluginAopConfigure.getInterceptorPairList(PluginAopConfigure.java:33) - skip -- org.nutz.ioc.impl.PropertiesProxy
[DEBUG] 2018-10-15 16:13:25,785 org.nutz.ioc.aop.impl.DefaultMirrorFactory.getMirror(DefaultMirrorFactory.java:70) - Load class org.nutz.ioc.impl.PropertiesProxy without AOP
[DEBUG] 2018-10-15 16:13:25,785 org.nutz.ioc.impl.ScopeContext.save(ScopeContext.java:64) - Save object 'conf' to [app] 
[DEBUG] 2018-10-15 16:13:25,787 org.nutz.resource.Scans.scan(Scans.java:274) - Found 4 resource by src( config/custom/ ) , regex( ^.+[.]properties$ )
[DEBUG] 2018-10-15 16:13:25,787 org.nutz.ioc.impl.PropertiesProxy.setPaths(PropertiesProxy.java:113) - load properties from File[C:\Users\Administrator\IdeaProjects\XA-Instrument\wk-app\wk-web\target\classes\config\custom\db.properties]
[DEBUG] 2018-10-15 16:13:25,788 org.nutz.ioc.impl.PropertiesProxy.setPaths(PropertiesProxy.java:113) - load properties from File[C:\Users\Administrator\IdeaProjects\XA-Instrument\wk-app\wk-web\target\classes\config\custom\mail.properties]
[DEBUG] 2018-10-15 16:13:25,788 org.nutz.ioc.impl.PropertiesProxy.setPaths(PropertiesProxy.java:113) - load properties from File[C:\Users\Administrator\IdeaProjects\XA-Instrument\wk-app\wk-web\target\classes\config\custom\rabbit.properties]
[DEBUG] 2018-10-15 16:13:25,788 org.nutz.ioc.impl.PropertiesProxy.setPaths(PropertiesProxy.java:113) - load properties from File[C:\Users\Administrator\IdeaProjects\XA-Instrument\wk-app\wk-web\target\classes\config\custom\redis.properties]
[DEBUG] 2018-10-15 16:13:25,789 org.nutz.ioc.impl.NutIoc.get(NutIoc.java:151) - Get 'simpleTest'<class cn.wizzer.test.SimpleTest>
[DEBUG] 2018-10-15 16:13:25,789 org.nutz.ioc.impl.NutIoc.get(NutIoc.java:177) - 	 >> Load definition name=simpleTest
[DEBUG] 2018-10-15 16:13:25,789 org.nutz.ioc.loader.combo.ComboIocLoader.load(ComboIocLoader.java:161) - Found IocObject(simpleTest) in AnnotationIocLoader(packages=[cn.wizzer, org.nutz.apidoc])
[DEBUG] 2018-10-15 16:13:25,789 org.nutz.ioc.impl.NutIoc.get(NutIoc.java:209) - 	 >> Make...'simpleTest'<class cn.wizzer.test.SimpleTest>
[DEBUG] 2018-10-15 16:13:25,789 cn.wizzer.app.web.commons.plugin.PluginAopConfigure.getInterceptorPairList(PluginAopConfigure.java:33) - skip -- cn.wizzer.test.SimpleTest
[DEBUG] 2018-10-15 16:13:25,789 org.nutz.ioc.aop.impl.DefaultMirrorFactory.getMirror(DefaultMirrorFactory.java:70) - Load class cn.wizzer.test.SimpleTest without AOP
[DEBUG] 2018-10-15 16:13:25,789 org.nutz.ioc.impl.ScopeContext.save(ScopeContext.java:64) - Save object 'simpleTest' to [app] 
[DEBUG] 2018-10-15 16:13:25,790 org.nutz.ioc.impl.NutIoc.get(NutIoc.java:151) - Get 'dao'<interface org.nutz.dao.Dao>
[DEBUG] 2018-10-15 16:13:25,790 org.nutz.ioc.impl.NutIoc.get(NutIoc.java:177) - 	 >> Load definition name=dao
[DEBUG] 2018-10-15 16:13:25,790 org.nutz.ioc.loader.map.MapLoader.load(MapLoader.java:67) - Loading define for name=dao
[DEBUG] 2018-10-15 16:13:25,790 org.nutz.ioc.loader.combo.ComboIocLoader.load(ComboIocLoader.java:161) - Found IocObject(dao) in JsonLoader(paths=[config/ioc/])
[DEBUG] 2018-10-15 16:13:25,790 org.nutz.ioc.impl.NutIoc.get(NutIoc.java:209) - 	 >> Make...'dao'<interface org.nutz.dao.Dao>
[DEBUG] 2018-10-15 16:13:25,791 cn.wizzer.app.web.commons.plugin.PluginAopConfigure.getInterceptorPairList(PluginAopConfigure.java:33) - skip -- org.nutz.dao.impl.NutDao
[DEBUG] 2018-10-15 16:13:25,791 org.nutz.ioc.aop.impl.DefaultMirrorFactory.getMirror(DefaultMirrorFactory.java:70) - Load class org.nutz.dao.impl.NutDao without AOP
[DEBUG] 2018-10-15 16:13:25,791 org.nutz.ioc.impl.ScopeContext.save(ScopeContext.java:64) - Save object 'dao' to [app] 
[DEBUG] 2018-10-15 16:13:25,791 org.nutz.ioc.impl.NutIoc.get(NutIoc.java:151) - Get 'dataSource'<>
[DEBUG] 2018-10-15 16:13:25,791 org.nutz.ioc.impl.NutIoc.get(NutIoc.java:177) - 	 >> Load definition name=dataSource
[DEBUG] 2018-10-15 16:13:25,791 org.nutz.ioc.loader.map.MapLoader.load(MapLoader.java:67) - Loading define for name=dataSource
[DEBUG] 2018-10-15 16:13:25,791 org.nutz.ioc.loader.combo.ComboIocLoader.load(ComboIocLoader.java:161) - Found IocObject(dataSource) in JsonLoader(paths=[config/ioc/])
[DEBUG] 2018-10-15 16:13:25,791 org.nutz.ioc.impl.NutIoc.get(NutIoc.java:209) - 	 >> Make...'dataSource'<>
[DEBUG] 2018-10-15 16:13:25,791 cn.wizzer.app.web.commons.plugin.PluginAopConfigure.getInterceptorPairList(PluginAopConfigure.java:33) - skip -- com.alibaba.druid.pool.DruidDataSource
[DEBUG] 2018-10-15 16:13:25,791 org.nutz.ioc.aop.impl.DefaultMirrorFactory.getMirror(DefaultMirrorFactory.java:70) - Load class com.alibaba.druid.pool.DruidDataSource without AOP
[DEBUG] 2018-10-15 16:13:25,791 org.nutz.ioc.impl.ScopeContext.save(ScopeContext.java:64) - Save object 'dataSource' to [app] 
[DEBUG] 2018-10-15 16:13:25,791 org.nutz.ioc.impl.NutIoc.get(NutIoc.java:151) - Get 'conf'<>
[DEBUG] 2018-10-15 16:13:25,792 org.nutz.ioc.impl.ScopeContext.remove(ScopeContext.java:84) - Remove object 'dataSource' from [app] 
[DEBUG] 2018-10-15 16:13:25,792 org.nutz.ioc.impl.ScopeContext.remove(ScopeContext.java:84) - Remove object 'dao' from [app] 
[DEBUG] 2018-10-15 16:13:25,792 org.nutz.ioc.impl.ScopeContext.remove(ScopeContext.java:84) - Remove object 'simpleTest' from [app] 
]]></system-out>
  </testcase>
  <testcase name="testOrder2" classname="cn.wizzer.test.SimpleTest" time="0">
    <error message="IocBean[simpleTest] throw Exception when creating" type="org.nutz.ioc.IocException">org.nutz.ioc.IocException: IocBean[simpleTest] throw Exception when creating
Caused by: java.lang.RuntimeException: IocBean[simpleTest] fail at field=[dao]
Caused by: org.nutz.ioc.IocException: IocBean[dao -> dataSource] throw Exception when creating
Caused by: java.lang.IllegalArgumentException: Failed to decrypt.
Caused by: java.lang.IllegalArgumentException: String length must be a multiple of four.
</error>
    <system-out><![CDATA[[INFO ] 2018-10-15 16:13:25,793 org.nutz.ioc.impl.NutIoc.depose(NutIoc.java:255) - org.nutz.ioc.impl.NutIoc@1745043985 is closing. startup date [18-10-15 16:13:25.783]
[DEBUG] 2018-10-15 16:13:25,793 org.nutz.ioc.impl.ScopeContext.clear(ScopeContext.java:108) - Depose object 'conf' ...
[DEBUG] 2018-10-15 16:13:25,793 org.nutz.ioc.impl.ScopeContext.clear(ScopeContext.java:108) - Depose object '$aop_syslog' ...
[DEBUG] 2018-10-15 16:13:25,793 org.nutz.ioc.impl.ScopeContext.clear(ScopeContext.java:108) - Depose object '$aop_async' ...
[DEBUG] 2018-10-15 16:13:25,793 org.nutz.ioc.impl.ScopeContext.clear(ScopeContext.java:108) - Depose object 'dynamicInterceptor' ...
[DEBUG] 2018-10-15 16:13:25,793 org.nutz.ioc.impl.ScopeContext.clear(ScopeContext.java:108) - Depose object '$aop_1_plugin' ...
[INFO ] 2018-10-15 16:13:25,793 org.nutz.ioc.impl.NutIoc.depose(NutIoc.java:262) - org.nutz.ioc.impl.NutIoc@1745043985 is deposed. startup date [18-10-15 16:13:25.783]
[DEBUG] 2018-10-15 16:13:25,795 org.nutz.resource.Scans.scan(Scans.java:274) - Found 4 resource by src( config/ioc/ ) , regex( ^(.+[.])(js|json)$ )
[DEBUG] 2018-10-15 16:13:25,795 org.nutz.ioc.loader.json.JsonLoader.<init>(JsonLoader.java:49) - loading [dao.json]
[DEBUG] 2018-10-15 16:13:25,796 org.nutz.ioc.loader.json.JsonLoader.<init>(JsonLoader.java:49) - loading [ehcache.json]
[DEBUG] 2018-10-15 16:13:25,796 org.nutz.ioc.loader.json.JsonLoader.<init>(JsonLoader.java:49) - loading [mail.json]
[DEBUG] 2018-10-15 16:13:25,796 org.nutz.ioc.loader.json.JsonLoader.<init>(JsonLoader.java:49) - loading [upload.json]
[DEBUG] 2018-10-15 16:13:25,796 org.nutz.ioc.loader.json.JsonLoader.<init>(JsonLoader.java:57) - Loaded 15 bean define from path=[config/ioc/] --> [videoUpload, conf, uploadVideoContext, imageUpload, fileUpload, cacheManager, dao, cacheProvider, emailAuthenticator, uploadFileContext, htmlEmail, cacheExecutor, tmpFilePool, uploadImageContext, dataSource]
[DEBUG] 2018-10-15 16:13:25,939 org.nutz.resource.Scans.scan(Scans.java:274) - Found 452 resource by src( cn/wizzer/ ) , regex( ^.+[.]class$ )
[DEBUG] 2018-10-15 16:13:25,942 org.nutz.ioc.loader.annotation.AnnotationIocLoader.addClass(AnnotationIocLoader.java:76) - Found @IocBean : class cn.wizzer.framework.util.StringUtil
[DEBUG] 2018-10-15 16:13:25,942 org.nutz.ioc.loader.annotation.AnnotationIocLoader.addClass(AnnotationIocLoader.java:76) - Found @IocBean : class cn.wizzer.framework.util.CookieUtil
[DEBUG] 2018-10-15 16:13:25,942 org.nutz.ioc.loader.annotation.AnnotationIocLoader.addClass(AnnotationIocLoader.java:76) - Found @IocBean : class cn.wizzer.framework.ig.RedisIdGenerator
[DEBUG] 2018-10-15 16:13:25,942 org.nutz.ioc.loader.annotation.AnnotationIocLoader.addClass(AnnotationIocLoader.java:76) - Found @IocBean : class cn.wizzer.framework.util.DateUtil
[DEBUG] 2018-10-15 16:13:25,942 org.nutz.ioc.loader.annotation.AnnotationIocLoader.addClass(AnnotationIocLoader.java:76) - Found @IocBean : class cn.wizzer.framework.shiro.interceptor.NutShiroMethodInterceptor
[DEBUG] 2018-10-15 16:13:25,942 org.nutz.ioc.loader.annotation.AnnotationIocLoader.addClass(AnnotationIocLoader.java:76) - Found @IocBean : class cn.wizzer.framework.util.IdcardUtil
[DEBUG] 2018-10-15 16:13:25,942 org.nutz.ioc.loader.annotation.AnnotationIocLoader.addClass(AnnotationIocLoader.java:76) - Found @IocBean : class cn.wizzer.framework.rabbit.RabbitProducer
[DEBUG] 2018-10-15 16:13:25,942 org.nutz.ioc.loader.annotation.AnnotationIocLoader.addClass(AnnotationIocLoader.java:76) - Found @IocBean : class cn.wizzer.framework.util.RSAUtil
[DEBUG] 2018-10-15 16:13:25,942 org.nutz.ioc.loader.annotation.AnnotationIocLoader.addClass(AnnotationIocLoader.java:76) - Found @IocBean : class cn.wizzer.framework.util.ShiroUtil
[DEBUG] 2018-10-15 16:13:25,942 org.nutz.ioc.loader.annotation.AnnotationIocLoader.addClass(AnnotationIocLoader.java:76) - Found @IocBean : class cn.wizzer.framework.util.Code128Util
[DEBUG] 2018-10-15 16:13:25,942 org.nutz.ioc.loader.annotation.AnnotationIocLoader.addClass(AnnotationIocLoader.java:76) - Found @IocBean : class cn.wizzer.app.base.modules.services.impl.BaseAirmeterialServiceImpl
[DEBUG] 2018-10-15 16:13:25,943 org.nutz.ioc.loader.annotation.AnnotationIocLoader.addClass(AnnotationIocLoader.java:76) - Found @IocBean : class cn.wizzer.app.base.modules.services.impl.BaseAirportServiceImpl
[DEBUG] 2018-10-15 16:13:25,943 org.nutz.ioc.loader.annotation.AnnotationIocLoader.addClass(AnnotationIocLoader.java:76) - Found @IocBean : class cn.wizzer.app.base.modules.services.impl.BaseCnctobjServiceImpl
[DEBUG] 2018-10-15 16:13:25,943 org.nutz.ioc.loader.annotation.AnnotationIocLoader.addClass(AnnotationIocLoader.java:76) - Found @IocBean : class cn.wizzer.app.base.modules.services.impl.BaseCustomerServiceImpl
[DEBUG] 2018-10-15 16:13:25,943 org.nutz.ioc.loader.annotation.AnnotationIocLoader.addClass(AnnotationIocLoader.java:76) - Found @IocBean : class cn.wizzer.app.base.modules.services.impl.BaseDeptServiceImpl
[DEBUG] 2018-10-15 16:13:25,943 org.nutz.ioc.loader.annotation.AnnotationIocLoader.addClass(AnnotationIocLoader.java:76) - Found @IocBean : class cn.wizzer.app.base.modules.services.impl.BaseJobServiceImpl
[DEBUG] 2018-10-15 16:13:25,943 org.nutz.ioc.loader.annotation.AnnotationIocLoader.addClass(AnnotationIocLoader.java:76) - Found @IocBean : class cn.wizzer.app.base.modules.services.impl.BasePersonpoolServiceImpl
[DEBUG] 2018-10-15 16:13:25,943 org.nutz.ioc.loader.annotation.AnnotationIocLoader.addClass(AnnotationIocLoader.java:76) - Found @IocBean : class cn.wizzer.app.base.modules.services.impl.BasePersonServiceImpl
[DEBUG] 2018-10-15 16:13:25,943 org.nutz.ioc.loader.annotation.AnnotationIocLoader.addClass(AnnotationIocLoader.java:76) - Found @IocBean : class cn.wizzer.app.base.modules.services.impl.BasePlaceServiceImpl
[DEBUG] 2018-10-15 16:13:25,943 org.nutz.ioc.loader.annotation.AnnotationIocLoader.addClass(AnnotationIocLoader.java:76) - Found @IocBean : class cn.wizzer.app.base.modules.services.impl.BasePostServiceImpl
[DEBUG] 2018-10-15 16:13:25,943 org.nutz.ioc.loader.annotation.AnnotationIocLoader.addClass(AnnotationIocLoader.java:76) - Found @IocBean : class cn.wizzer.app.base.modules.services.impl.BaseRowofficeentryServiceImpl
[DEBUG] 2018-10-15 16:13:25,943 org.nutz.ioc.loader.annotation.AnnotationIocLoader.addClass(AnnotationIocLoader.java:76) - Found @IocBean : class cn.wizzer.app.base.modules.services.impl.BaseRowofficeServiceImpl
[DEBUG] 2018-10-15 16:13:25,943 org.nutz.ioc.loader.annotation.AnnotationIocLoader.addClass(AnnotationIocLoader.java:76) - Found @IocBean : class cn.wizzer.app.base.modules.services.impl.BaseVehicleServiceImpl
[DEBUG] 2018-10-15 16:13:25,943 org.nutz.ioc.loader.annotation.AnnotationIocLoader.addClass(AnnotationIocLoader.java:76) - Found @IocBean : class cn.wizzer.app.base.modules.services.impl.BaseWarehouseServiceImpl
[DEBUG] 2018-10-15 16:13:25,943 org.nutz.ioc.loader.annotation.AnnotationIocLoader.addClass(AnnotationIocLoader.java:76) - Found @IocBean : class cn.wizzer.app.cms.modules.services.impl.CmsArticleServiceImpl
[DEBUG] 2018-10-15 16:13:25,944 org.nutz.ioc.loader.annotation.AnnotationIocLoader.addClass(AnnotationIocLoader.java:76) - Found @IocBean : class cn.wizzer.app.cms.modules.services.impl.CmsChannelServiceImpl
[DEBUG] 2018-10-15 16:13:25,944 org.nutz.ioc.loader.annotation.AnnotationIocLoader.addClass(AnnotationIocLoader.java:76) - Found @IocBean : class cn.wizzer.app.cms.modules.services.impl.CmsLinkClassServiceImpl
[DEBUG] 2018-10-15 16:13:25,944 org.nutz.ioc.loader.annotation.AnnotationIocLoader.addClass(AnnotationIocLoader.java:76) - Found @IocBean : class cn.wizzer.app.cms.modules.services.impl.CmsLinkServiceImpl
[DEBUG] 2018-10-15 16:13:25,944 org.nutz.ioc.loader.annotation.AnnotationIocLoader.addClass(AnnotationIocLoader.java:76) - Found @IocBean : class cn.wizzer.app.cms.modules.services.impl.CmsSiteServiceImpl
[DEBUG] 2018-10-15 16:13:25,944 org.nutz.ioc.loader.annotation.AnnotationIocLoader.addClass(AnnotationIocLoader.java:76) - Found @IocBean : class cn.wizzer.app.ins.modules.services.impl.InsBaseinsServiceImpl
[DEBUG] 2018-10-15 16:13:25,944 org.nutz.ioc.loader.annotation.AnnotationIocLoader.addClass(AnnotationIocLoader.java:76) - Found @IocBean : class cn.wizzer.app.ins.modules.services.impl.InsBaseinsSpaceServiceImpl
[DEBUG] 2018-10-15 16:13:25,944 org.nutz.ioc.loader.annotation.AnnotationIocLoader.addClass(AnnotationIocLoader.java:76) - Found @IocBean : class cn.wizzer.app.ins.modules.services.impl.InsCabinetServiceImpl
[DEBUG] 2018-10-15 16:13:25,944 org.nutz.ioc.loader.annotation.AnnotationIocLoader.addClass(AnnotationIocLoader.java:76) - Found @IocBean : class cn.wizzer.app.ins.modules.services.impl.InsCommonServiceImpl
[DEBUG] 2018-10-15 16:13:25,944 org.nutz.ioc.loader.annotation.AnnotationIocLoader.addClass(AnnotationIocLoader.java:76) - Found @IocBean : class cn.wizzer.app.ins.modules.services.impl.InsInstrumentServiceImpl
[DEBUG] 2018-10-15 16:13:25,944 org.nutz.ioc.loader.annotation.AnnotationIocLoader.addClass(AnnotationIocLoader.java:76) - Found @IocBean : class cn.wizzer.app.ins.modules.services.impl.InsLockServiceImpl
[DEBUG] 2018-10-15 16:13:25,944 org.nutz.ioc.loader.annotation.AnnotationIocLoader.addClass(AnnotationIocLoader.java:76) - Found @IocBean : class cn.wizzer.app.ins.modules.services.impl.InsOrderentryServiceImpl
[DEBUG] 2018-10-15 16:13:25,944 org.nutz.ioc.loader.annotation.AnnotationIocLoader.addClass(AnnotationIocLoader.java:76) - Found @IocBean : class cn.wizzer.app.ins.modules.services.impl.InsOrderServiceImpl
[DEBUG] 2018-10-15 16:13:25,944 org.nutz.ioc.loader.annotation.AnnotationIocLoader.addClass(AnnotationIocLoader.java:76) - Found @IocBean : class cn.wizzer.app.ins.modules.services.impl.InsRepairServiceImpl
[DEBUG] 2018-10-15 16:13:25,944 org.nutz.ioc.loader.annotation.AnnotationIocLoader.addClass(AnnotationIocLoader.java:76) - Found @IocBean : class cn.wizzer.app.ins.modules.services.impl.InsRepairtrackServiceImpl
[DEBUG] 2018-10-15 16:13:25,944 org.nutz.ioc.loader.annotation.AnnotationIocLoader.addClass(AnnotationIocLoader.java:76) - Found @IocBean : class cn.wizzer.app.ins.modules.services.impl.InsRfheadServiceImpl
[DEBUG] 2018-10-15 16:13:25,945 org.nutz.ioc.loader.annotation.AnnotationIocLoader.addClass(AnnotationIocLoader.java:76) - Found @IocBean : class cn.wizzer.app.ins.modules.services.impl.InsRfidServiceImpl
[DEBUG] 2018-10-15 16:13:25,945 org.nutz.ioc.loader.annotation.AnnotationIocLoader.addClass(AnnotationIocLoader.java:76) - Found @IocBean : class cn.wizzer.app.ins.modules.services.impl.InsSpaceServiceImpl
[DEBUG] 2018-10-15 16:13:25,945 org.nutz.ioc.loader.annotation.AnnotationIocLoader.addClass(AnnotationIocLoader.java:76) - Found @IocBean : class cn.wizzer.app.ins.modules.services.impl.InsToolcabinetServiceImpl
[DEBUG] 2018-10-15 16:13:25,945 org.nutz.ioc.loader.annotation.AnnotationIocLoader.addClass(AnnotationIocLoader.java:76) - Found @IocBean : class cn.wizzer.app.ins.modules.services.impl.InsTransmitServiceImpl
[DEBUG] 2018-10-15 16:13:25,945 org.nutz.ioc.loader.annotation.AnnotationIocLoader.addClass(AnnotationIocLoader.java:76) - Found @IocBean : class cn.wizzer.app.logistics.modules.services.impl.LogisticsDeliveryorderentryServiceImpl
[DEBUG] 2018-10-15 16:13:25,945 org.nutz.ioc.loader.annotation.AnnotationIocLoader.addClass(AnnotationIocLoader.java:76) - Found @IocBean : class cn.wizzer.app.logistics.modules.services.impl.LogisticsDeliveryorderServiceImpl
[DEBUG] 2018-10-15 16:13:25,945 org.nutz.ioc.loader.annotation.AnnotationIocLoader.addClass(AnnotationIocLoader.java:76) - Found @IocBean : class cn.wizzer.app.logistics.modules.services.impl.LogisticsEntourageServiceImpl
[DEBUG] 2018-10-15 16:13:25,945 org.nutz.ioc.loader.annotation.AnnotationIocLoader.addClass(AnnotationIocLoader.java:76) - Found @IocBean : class cn.wizzer.app.logistics.modules.services.impl.LogisticsOrderdeliveryServiceImpl
[DEBUG] 2018-10-15 16:13:25,945 org.nutz.ioc.loader.annotation.AnnotationIocLoader.addClass(AnnotationIocLoader.java:76) - Found @IocBean : class cn.wizzer.app.logistics.modules.services.impl.LogisticsOrderentryServiceImpl
[DEBUG] 2018-10-15 16:13:25,945 org.nutz.ioc.loader.annotation.AnnotationIocLoader.addClass(AnnotationIocLoader.java:76) - Found @IocBean : class cn.wizzer.app.logistics.modules.services.impl.LogisticsOrderplanentryServiceImpl
[DEBUG] 2018-10-15 16:13:25,945 org.nutz.ioc.loader.annotation.AnnotationIocLoader.addClass(AnnotationIocLoader.java:76) - Found @IocBean : class cn.wizzer.app.logistics.modules.services.impl.LogisticsOrderplanServiceImpl
[DEBUG] 2018-10-15 16:13:25,945 org.nutz.ioc.loader.annotation.AnnotationIocLoader.addClass(AnnotationIocLoader.java:76) - Found @IocBean : class cn.wizzer.app.logistics.modules.services.impl.LogisticsOrderrejectServiceImpl
[DEBUG] 2018-10-15 16:13:25,945 org.nutz.ioc.loader.annotation.AnnotationIocLoader.addClass(AnnotationIocLoader.java:76) - Found @IocBean : class cn.wizzer.app.logistics.modules.services.impl.LogisticsOrderServiceImpl
[DEBUG] 2018-10-15 16:13:25,945 org.nutz.ioc.loader.annotation.AnnotationIocLoader.addClass(AnnotationIocLoader.java:76) - Found @IocBean : class cn.wizzer.app.logistics.modules.services.impl.LogisticsOrderstepServiceImpl
[DEBUG] 2018-10-15 16:13:25,946 org.nutz.ioc.loader.annotation.AnnotationIocLoader.addClass(AnnotationIocLoader.java:76) - Found @IocBean : class cn.wizzer.app.logistics.modules.services.impl.LogisticsSendapprovalServiceImpl
[DEBUG] 2018-10-15 16:13:25,946 org.nutz.ioc.loader.annotation.AnnotationIocLoader.addClass(AnnotationIocLoader.java:76) - Found @IocBean : class cn.wizzer.app.logistics.modules.services.impl.LogisticsSendgoodsServiceImpl
[DEBUG] 2018-10-15 16:13:25,946 org.nutz.ioc.loader.annotation.AnnotationIocLoader.addClass(AnnotationIocLoader.java:76) - Found @IocBean : class cn.wizzer.app.logistics.modules.services.impl.LogisticsSendplanServiceImpl
[DEBUG] 2018-10-15 16:13:25,946 org.nutz.ioc.loader.annotation.AnnotationIocLoader.addClass(AnnotationIocLoader.java:76) - Found @IocBean : class cn.wizzer.app.logistics.modules.services.impl.LogisticsSendtraceServiceImpl
[DEBUG] 2018-10-15 16:13:25,946 org.nutz.ioc.loader.annotation.AnnotationIocLoader.addClass(AnnotationIocLoader.java:76) - Found @IocBean : class cn.wizzer.app.logistics.modules.services.impl.LogisticsUnplanServiceImpl
[DEBUG] 2018-10-15 16:13:25,946 org.nutz.ioc.loader.annotation.AnnotationIocLoader.addClass(AnnotationIocLoader.java:76) - Found @IocBean : class cn.wizzer.app.sys.modules.services.impl.SysApiServiceImpl
[DEBUG] 2018-10-15 16:13:25,946 org.nutz.ioc.loader.annotation.AnnotationIocLoader.addClass(AnnotationIocLoader.java:76) - Found @IocBean : class cn.wizzer.app.sys.modules.services.impl.SysBarcodeServiceImpl
[DEBUG] 2018-10-15 16:13:25,946 org.nutz.ioc.loader.annotation.AnnotationIocLoader.addClass(AnnotationIocLoader.java:76) - Found @IocBean : class cn.wizzer.app.sys.modules.services.impl.SysConfigServiceImpl
[DEBUG] 2018-10-15 16:13:25,946 org.nutz.ioc.loader.annotation.AnnotationIocLoader.addClass(AnnotationIocLoader.java:76) - Found @IocBean : class cn.wizzer.app.sys.modules.services.impl.SysDictServiceImpl
[DEBUG] 2018-10-15 16:13:25,946 org.nutz.ioc.loader.annotation.AnnotationIocLoader.addClass(AnnotationIocLoader.java:76) - Found @IocBean : class cn.wizzer.app.sys.modules.services.impl.SysLogServiceImpl
[DEBUG] 2018-10-15 16:13:25,947 org.nutz.ioc.loader.annotation.AnnotationIocLoader.addClass(AnnotationIocLoader.java:76) - Found @IocBean : class cn.wizzer.app.sys.modules.services.impl.SysMenuServiceImpl
[DEBUG] 2018-10-15 16:13:25,947 org.nutz.ioc.loader.annotation.AnnotationIocLoader.addClass(AnnotationIocLoader.java:76) - Found @IocBean : class cn.wizzer.app.sys.modules.services.impl.SysMobileServiceImpl
[DEBUG] 2018-10-15 16:13:25,947 org.nutz.ioc.loader.annotation.AnnotationIocLoader.addClass(AnnotationIocLoader.java:76) - Found @IocBean : class cn.wizzer.app.sys.modules.services.impl.SysPluginServiceImpl
[DEBUG] 2018-10-15 16:13:25,947 org.nutz.ioc.loader.annotation.AnnotationIocLoader.addClass(AnnotationIocLoader.java:76) - Found @IocBean : class cn.wizzer.app.sys.modules.services.impl.SysRegistauditServiceImpl
[DEBUG] 2018-10-15 16:13:25,947 org.nutz.ioc.loader.annotation.AnnotationIocLoader.addClass(AnnotationIocLoader.java:76) - Found @IocBean : class cn.wizzer.app.sys.modules.services.impl.SysRoleServiceImpl
[DEBUG] 2018-10-15 16:13:25,947 org.nutz.ioc.loader.annotation.AnnotationIocLoader.addClass(AnnotationIocLoader.java:76) - Found @IocBean : class cn.wizzer.app.sys.modules.services.impl.SysRouteServiceImpl
[DEBUG] 2018-10-15 16:13:25,947 org.nutz.ioc.loader.annotation.AnnotationIocLoader.addClass(AnnotationIocLoader.java:76) - Found @IocBean : class cn.wizzer.app.sys.modules.services.impl.SysTaskServiceImpl
[DEBUG] 2018-10-15 16:13:25,947 org.nutz.ioc.loader.annotation.AnnotationIocLoader.addClass(AnnotationIocLoader.java:76) - Found @IocBean : class cn.wizzer.app.sys.modules.services.impl.SysTempuserServiceImpl
[DEBUG] 2018-10-15 16:13:25,947 org.nutz.ioc.loader.annotation.AnnotationIocLoader.addClass(AnnotationIocLoader.java:76) - Found @IocBean : class cn.wizzer.app.sys.modules.services.impl.SysUnitServiceImpl
[DEBUG] 2018-10-15 16:13:25,947 org.nutz.ioc.loader.annotation.AnnotationIocLoader.addClass(AnnotationIocLoader.java:76) - Found @IocBean : class cn.wizzer.app.sys.modules.services.impl.SysUserServiceImpl
[DEBUG] 2018-10-15 16:13:25,947 org.nutz.ioc.loader.annotation.AnnotationIocLoader.addClass(AnnotationIocLoader.java:76) - Found @IocBean : class cn.wizzer.app.sys.modules.services.impl.SysVersionServiceImpl
[DEBUG] 2018-10-15 16:13:25,947 org.nutz.ioc.loader.annotation.AnnotationIocLoader.addClass(AnnotationIocLoader.java:76) - Found @IocBean : class cn.wizzer.app.sys.modules.services.impl.SysWxDeptServiceImpl
[DEBUG] 2018-10-15 16:13:25,947 org.nutz.ioc.loader.annotation.AnnotationIocLoader.addClass(AnnotationIocLoader.java:76) - Found @IocBean : class cn.wizzer.app.sys.modules.services.impl.SysWxServiceImpl
[DEBUG] 2018-10-15 16:13:25,948 org.nutz.ioc.loader.annotation.AnnotationIocLoader.addClass(AnnotationIocLoader.java:76) - Found @IocBean : class cn.wizzer.app.sys.modules.services.impl.SysWxUserServiceImpl
[DEBUG] 2018-10-15 16:13:25,948 org.nutz.ioc.loader.annotation.AnnotationIocLoader.addClass(AnnotationIocLoader.java:76) - Found @IocBean : class cn.wizzer.app.web.commons.plugin.DynamicInterceptor
[DEBUG] 2018-10-15 16:13:25,948 org.nutz.ioc.loader.annotation.AnnotationIocLoader.addClass(AnnotationIocLoader.java:76) - Found @IocBean : class cn.wizzer.app.web.commons.plugin.PluginAopConfigure
[DEBUG] 2018-10-15 16:13:25,948 org.nutz.ioc.loader.annotation.AnnotationIocLoader.addClass(AnnotationIocLoader.java:76) - Found @IocBean : class cn.wizzer.app.web.commons.plugin.PluginMaster
[DEBUG] 2018-10-15 16:13:25,948 org.nutz.ioc.loader.annotation.AnnotationIocLoader.addClass(AnnotationIocLoader.java:76) - Found @IocBean : class cn.wizzer.app.web.commons.quartz.job.orderExecute
[DEBUG] 2018-10-15 16:13:25,948 org.nutz.ioc.loader.annotation.AnnotationIocLoader.addClass(AnnotationIocLoader.java:76) - Found @IocBean : class cn.wizzer.app.web.commons.quartz.job.TestJob
[DEBUG] 2018-10-15 16:13:25,948 org.nutz.ioc.loader.annotation.AnnotationIocLoader.addClass(AnnotationIocLoader.java:76) - Found @IocBean : class cn.wizzer.app.web.commons.services.email.EmailService
[DEBUG] 2018-10-15 16:13:25,948 org.nutz.ioc.loader.annotation.AnnotationIocLoader.addClass(AnnotationIocLoader.java:76) - Found @IocBean : class cn.wizzer.app.web.commons.services.qrcode.QrcodeService
[DEBUG] 2018-10-15 16:13:25,948 org.nutz.ioc.loader.annotation.AnnotationIocLoader.addClass(AnnotationIocLoader.java:76) - Found @IocBean : class cn.wizzer.app.web.commons.services.wx.TplService
[DEBUG] 2018-10-15 16:13:25,948 org.nutz.ioc.loader.annotation.AnnotationIocLoader.addClass(AnnotationIocLoader.java:76) - Found @IocBean : class cn.wizzer.app.web.commons.services.wx.WxHandler
[DEBUG] 2018-10-15 16:13:25,948 org.nutz.ioc.loader.annotation.AnnotationIocLoader.addClass(AnnotationIocLoader.java:76) - Found @IocBean : class cn.wizzer.app.web.commons.shiro.realm.PlatformAuthorizingRealm
[DEBUG] 2018-10-15 16:13:25,948 org.nutz.ioc.loader.annotation.AnnotationIocLoader.addClass(AnnotationIocLoader.java:76) - Found @IocBean : class cn.wizzer.app.web.commons.slog.SLogAopConfigration
[DEBUG] 2018-10-15 16:13:25,948 org.nutz.ioc.loader.annotation.AnnotationIocLoader.addClass(AnnotationIocLoader.java:76) - Found @IocBean : class cn.wizzer.app.web.commons.slog.SLogService
[DEBUG] 2018-10-15 16:13:25,948 org.nutz.ioc.loader.annotation.AnnotationIocLoader.addClass(AnnotationIocLoader.java:76) - Found @IocBean : class cn.wizzer.app.web.modules.controllers.front.wx.CmsController
[DEBUG] 2018-10-15 16:13:25,948 org.nutz.ioc.loader.annotation.AnnotationIocLoader.addClass(AnnotationIocLoader.java:76) - Found @IocBean : class cn.wizzer.app.web.modules.controllers.front.wx.WechatController
[DEBUG] 2018-10-15 16:13:25,949 org.nutz.ioc.loader.annotation.AnnotationIocLoader.addClass(AnnotationIocLoader.java:76) - Found @IocBean : class cn.wizzer.app.web.modules.controllers.open.api.mobile.MobileBaseController
[DEBUG] 2018-10-15 16:13:25,949 org.nutz.ioc.loader.annotation.AnnotationIocLoader.addClass(AnnotationIocLoader.java:76) - Found @IocBean : class cn.wizzer.app.web.modules.controllers.open.api.mobile.MobileInsController
[DEBUG] 2018-10-15 16:13:25,949 org.nutz.ioc.loader.annotation.AnnotationIocLoader.addClass(AnnotationIocLoader.java:76) - Found @IocBean : class cn.wizzer.app.web.modules.controllers.open.api.mobile.MobileOrderController
[DEBUG] 2018-10-15 16:13:25,949 org.nutz.ioc.loader.annotation.AnnotationIocLoader.addClass(AnnotationIocLoader.java:76) - Found @IocBean : class cn.wizzer.app.web.modules.controllers.open.api.mobile.MobileSysController
[DEBUG] 2018-10-15 16:13:25,949 org.nutz.ioc.loader.annotation.AnnotationIocLoader.addClass(AnnotationIocLoader.java:76) - Found @IocBean : class cn.wizzer.app.web.modules.controllers.open.api.pad.PadInsController
[DEBUG] 2018-10-15 16:13:25,949 org.nutz.ioc.loader.annotation.AnnotationIocLoader.addClass(AnnotationIocLoader.java:76) - Found @IocBean : class cn.wizzer.app.web.modules.controllers.open.api.pad.PadOrderController
[DEBUG] 2018-10-15 16:13:25,949 org.nutz.ioc.loader.annotation.AnnotationIocLoader.addClass(AnnotationIocLoader.java:76) - Found @IocBean : class cn.wizzer.app.web.modules.controllers.open.api.pad.PadSysController
[DEBUG] 2018-10-15 16:13:25,949 org.nutz.ioc.loader.annotation.AnnotationIocLoader.addClass(AnnotationIocLoader.java:76) - Found @IocBean : class cn.wizzer.app.web.modules.controllers.open.api.test.ApiTestController
[DEBUG] 2018-10-15 16:13:25,949 org.nutz.ioc.loader.annotation.AnnotationIocLoader.addClass(AnnotationIocLoader.java:76) - Found @IocBean : class cn.wizzer.app.web.modules.controllers.open.api.token.TokenController
[DEBUG] 2018-10-15 16:13:25,949 org.nutz.ioc.loader.annotation.AnnotationIocLoader.addClass(AnnotationIocLoader.java:76) - Found @IocBean : class cn.wizzer.app.web.modules.controllers.open.api.userpermission.UserpermissionController
[DEBUG] 2018-10-15 16:13:25,949 org.nutz.ioc.loader.annotation.AnnotationIocLoader.addClass(AnnotationIocLoader.java:76) - Found @IocBean : class cn.wizzer.app.web.modules.controllers.open.file.UploadController
[DEBUG] 2018-10-15 16:13:25,949 org.nutz.ioc.loader.annotation.AnnotationIocLoader.addClass(AnnotationIocLoader.java:76) - Found @IocBean : class cn.wizzer.app.web.modules.controllers.open.pay.WxPayBackController
[DEBUG] 2018-10-15 16:13:25,949 org.nutz.ioc.loader.annotation.AnnotationIocLoader.addClass(AnnotationIocLoader.java:76) - Found @IocBean : class cn.wizzer.app.web.modules.controllers.open.ueditor.BdController
[DEBUG] 2018-10-15 16:13:25,949 org.nutz.ioc.loader.annotation.AnnotationIocLoader.addClass(AnnotationIocLoader.java:76) - Found @IocBean : class cn.wizzer.app.web.modules.controllers.open.ueditor.WxController
[DEBUG] 2018-10-15 16:13:25,949 org.nutz.ioc.loader.annotation.AnnotationIocLoader.addClass(AnnotationIocLoader.java:76) - Found @IocBean : class cn.wizzer.app.web.modules.controllers.open.wx.WeixinController
[DEBUG] 2018-10-15 16:13:25,949 org.nutz.ioc.loader.annotation.AnnotationIocLoader.addClass(AnnotationIocLoader.java:76) - Found @IocBean : class cn.wizzer.app.web.modules.controllers.platform.base.BaseAirmeterialController
[DEBUG] 2018-10-15 16:13:25,949 org.nutz.ioc.loader.annotation.AnnotationIocLoader.addClass(AnnotationIocLoader.java:76) - Found @IocBean : class cn.wizzer.app.web.modules.controllers.platform.base.BaseAirportController
[DEBUG] 2018-10-15 16:13:25,950 org.nutz.ioc.loader.annotation.AnnotationIocLoader.addClass(AnnotationIocLoader.java:76) - Found @IocBean : class cn.wizzer.app.web.modules.controllers.platform.base.BaseCnctobjController
[DEBUG] 2018-10-15 16:13:25,950 org.nutz.ioc.loader.annotation.AnnotationIocLoader.addClass(AnnotationIocLoader.java:76) - Found @IocBean : class cn.wizzer.app.web.modules.controllers.platform.base.BaseCustomerController
[DEBUG] 2018-10-15 16:13:25,950 org.nutz.ioc.loader.annotation.AnnotationIocLoader.addClass(AnnotationIocLoader.java:76) - Found @IocBean : class cn.wizzer.app.web.modules.controllers.platform.base.BaseDeptController
[DEBUG] 2018-10-15 16:13:25,950 org.nutz.ioc.loader.annotation.AnnotationIocLoader.addClass(AnnotationIocLoader.java:76) - Found @IocBean : class cn.wizzer.app.web.modules.controllers.platform.base.BaseJobController
[DEBUG] 2018-10-15 16:13:25,950 org.nutz.ioc.loader.annotation.AnnotationIocLoader.addClass(AnnotationIocLoader.java:76) - Found @IocBean : class cn.wizzer.app.web.modules.controllers.platform.base.BasePersonController
[DEBUG] 2018-10-15 16:13:25,950 org.nutz.ioc.loader.annotation.AnnotationIocLoader.addClass(AnnotationIocLoader.java:76) - Found @IocBean : class cn.wizzer.app.web.modules.controllers.platform.base.BasePersonpoolController
[DEBUG] 2018-10-15 16:13:25,950 org.nutz.ioc.loader.annotation.AnnotationIocLoader.addClass(AnnotationIocLoader.java:76) - Found @IocBean : class cn.wizzer.app.web.modules.controllers.platform.base.BasePlaceController
[DEBUG] 2018-10-15 16:13:25,950 org.nutz.ioc.loader.annotation.AnnotationIocLoader.addClass(AnnotationIocLoader.java:76) - Found @IocBean : class cn.wizzer.app.web.modules.controllers.platform.base.BasePostController
[DEBUG] 2018-10-15 16:13:25,950 org.nutz.ioc.loader.annotation.AnnotationIocLoader.addClass(AnnotationIocLoader.java:76) - Found @IocBean : class cn.wizzer.app.web.modules.controllers.platform.base.BaseRowofficeController
[DEBUG] 2018-10-15 16:13:25,950 org.nutz.ioc.loader.annotation.AnnotationIocLoader.addClass(AnnotationIocLoader.java:76) - Found @IocBean : class cn.wizzer.app.web.modules.controllers.platform.base.BaseRowofficeentryController
[DEBUG] 2018-10-15 16:13:25,950 org.nutz.ioc.loader.annotation.AnnotationIocLoader.addClass(AnnotationIocLoader.java:76) - Found @IocBean : class cn.wizzer.app.web.modules.controllers.platform.base.BaseVehicleController
[DEBUG] 2018-10-15 16:13:25,950 org.nutz.ioc.loader.annotation.AnnotationIocLoader.addClass(AnnotationIocLoader.java:76) - Found @IocBean : class cn.wizzer.app.web.modules.controllers.platform.base.BaseWarehouseController
[DEBUG] 2018-10-15 16:13:25,950 org.nutz.ioc.loader.annotation.AnnotationIocLoader.addClass(AnnotationIocLoader.java:76) - Found @IocBean : class cn.wizzer.app.web.modules.controllers.platform.cms.CmsArticleController
[DEBUG] 2018-10-15 16:13:25,950 org.nutz.ioc.loader.annotation.AnnotationIocLoader.addClass(AnnotationIocLoader.java:76) - Found @IocBean : class cn.wizzer.app.web.modules.controllers.platform.cms.CmsChannelController
[DEBUG] 2018-10-15 16:13:25,950 org.nutz.ioc.loader.annotation.AnnotationIocLoader.addClass(AnnotationIocLoader.java:76) - Found @IocBean : class cn.wizzer.app.web.modules.controllers.platform.cms.CmsLinkClassController
[DEBUG] 2018-10-15 16:13:25,950 org.nutz.ioc.loader.annotation.AnnotationIocLoader.addClass(AnnotationIocLoader.java:76) - Found @IocBean : class cn.wizzer.app.web.modules.controllers.platform.cms.CmsLinkController
[DEBUG] 2018-10-15 16:13:25,951 org.nutz.ioc.loader.annotation.AnnotationIocLoader.addClass(AnnotationIocLoader.java:76) - Found @IocBean : class cn.wizzer.app.web.modules.controllers.platform.cms.CmsSiteController
[DEBUG] 2018-10-15 16:13:25,951 org.nutz.ioc.loader.annotation.AnnotationIocLoader.addClass(AnnotationIocLoader.java:76) - Found @IocBean : class cn.wizzer.app.web.modules.controllers.platform.ins.InsBaseinsController
[DEBUG] 2018-10-15 16:13:25,951 org.nutz.ioc.loader.annotation.AnnotationIocLoader.addClass(AnnotationIocLoader.java:76) - Found @IocBean : class cn.wizzer.app.web.modules.controllers.platform.ins.InsBaseinsSpaceController
[DEBUG] 2018-10-15 16:13:25,951 org.nutz.ioc.loader.annotation.AnnotationIocLoader.addClass(AnnotationIocLoader.java:76) - Found @IocBean : class cn.wizzer.app.web.modules.controllers.platform.ins.InsCabinetController
[DEBUG] 2018-10-15 16:13:25,951 org.nutz.ioc.loader.annotation.AnnotationIocLoader.addClass(AnnotationIocLoader.java:76) - Found @IocBean : class cn.wizzer.app.web.modules.controllers.platform.ins.InsCommonController
[DEBUG] 2018-10-15 16:13:25,951 org.nutz.ioc.loader.annotation.AnnotationIocLoader.addClass(AnnotationIocLoader.java:76) - Found @IocBean : class cn.wizzer.app.web.modules.controllers.platform.ins.InsInstrumentController
[DEBUG] 2018-10-15 16:13:25,951 org.nutz.ioc.loader.annotation.AnnotationIocLoader.addClass(AnnotationIocLoader.java:76) - Found @IocBean : class cn.wizzer.app.web.modules.controllers.platform.ins.InsLockController
[DEBUG] 2018-10-15 16:13:25,951 org.nutz.ioc.loader.annotation.AnnotationIocLoader.addClass(AnnotationIocLoader.java:76) - Found @IocBean : class cn.wizzer.app.web.modules.controllers.platform.ins.InsOrderController
[DEBUG] 2018-10-15 16:13:25,951 org.nutz.ioc.loader.annotation.AnnotationIocLoader.addClass(AnnotationIocLoader.java:76) - Found @IocBean : class cn.wizzer.app.web.modules.controllers.platform.ins.InsOrderentryController
[DEBUG] 2018-10-15 16:13:25,951 org.nutz.ioc.loader.annotation.AnnotationIocLoader.addClass(AnnotationIocLoader.java:76) - Found @IocBean : class cn.wizzer.app.web.modules.controllers.platform.ins.InsRepairController
[DEBUG] 2018-10-15 16:13:25,951 org.nutz.ioc.loader.annotation.AnnotationIocLoader.addClass(AnnotationIocLoader.java:76) - Found @IocBean : class cn.wizzer.app.web.modules.controllers.platform.ins.InsRepairtrackController
[DEBUG] 2018-10-15 16:13:25,951 org.nutz.ioc.loader.annotation.AnnotationIocLoader.addClass(AnnotationIocLoader.java:76) - Found @IocBean : class cn.wizzer.app.web.modules.controllers.platform.ins.InsRfheadController
[DEBUG] 2018-10-15 16:13:25,951 org.nutz.ioc.loader.annotation.AnnotationIocLoader.addClass(AnnotationIocLoader.java:76) - Found @IocBean : class cn.wizzer.app.web.modules.controllers.platform.ins.InsRfidController
[DEBUG] 2018-10-15 16:13:25,951 org.nutz.ioc.loader.annotation.AnnotationIocLoader.addClass(AnnotationIocLoader.java:76) - Found @IocBean : class cn.wizzer.app.web.modules.controllers.platform.ins.InsSpaceController
[DEBUG] 2018-10-15 16:13:25,951 org.nutz.ioc.loader.annotation.AnnotationIocLoader.addClass(AnnotationIocLoader.java:76) - Found @IocBean : class cn.wizzer.app.web.modules.controllers.platform.ins.InsToolcabinetController
[DEBUG] 2018-10-15 16:13:25,951 org.nutz.ioc.loader.annotation.AnnotationIocLoader.addClass(AnnotationIocLoader.java:76) - Found @IocBean : class cn.wizzer.app.web.modules.controllers.platform.ins.InsTransmitController
[DEBUG] 2018-10-15 16:13:25,951 org.nutz.ioc.loader.annotation.AnnotationIocLoader.addClass(AnnotationIocLoader.java:76) - Found @IocBean : class cn.wizzer.app.web.modules.controllers.platform.logistics.LogisticsDeliveryorderController
[DEBUG] 2018-10-15 16:13:25,952 org.nutz.ioc.loader.annotation.AnnotationIocLoader.addClass(AnnotationIocLoader.java:76) - Found @IocBean : class cn.wizzer.app.web.modules.controllers.platform.logistics.LogisticsDeliveryorderentryController
[DEBUG] 2018-10-15 16:13:25,952 org.nutz.ioc.loader.annotation.AnnotationIocLoader.addClass(AnnotationIocLoader.java:76) - Found @IocBean : class cn.wizzer.app.web.modules.controllers.platform.logistics.LogisticsEntourageController
[DEBUG] 2018-10-15 16:13:25,952 org.nutz.ioc.loader.annotation.AnnotationIocLoader.addClass(AnnotationIocLoader.java:76) - Found @IocBean : class cn.wizzer.app.web.modules.controllers.platform.logistics.LogisticsOrderController
[DEBUG] 2018-10-15 16:13:25,952 org.nutz.ioc.loader.annotation.AnnotationIocLoader.addClass(AnnotationIocLoader.java:76) - Found @IocBean : class cn.wizzer.app.web.modules.controllers.platform.logistics.LogisticsOrderdeliveryController
[DEBUG] 2018-10-15 16:13:25,952 org.nutz.ioc.loader.annotation.AnnotationIocLoader.addClass(AnnotationIocLoader.java:76) - Found @IocBean : class cn.wizzer.app.web.modules.controllers.platform.logistics.LogisticsOrderentryController
[DEBUG] 2018-10-15 16:13:25,952 org.nutz.ioc.loader.annotation.AnnotationIocLoader.addClass(AnnotationIocLoader.java:76) - Found @IocBean : class cn.wizzer.app.web.modules.controllers.platform.logistics.LogisticsOrderplanController
[DEBUG] 2018-10-15 16:13:25,952 org.nutz.ioc.loader.annotation.AnnotationIocLoader.addClass(AnnotationIocLoader.java:76) - Found @IocBean : class cn.wizzer.app.web.modules.controllers.platform.logistics.LogisticsOrderplanentryController
[DEBUG] 2018-10-15 16:13:25,952 org.nutz.ioc.loader.annotation.AnnotationIocLoader.addClass(AnnotationIocLoader.java:76) - Found @IocBean : class cn.wizzer.app.web.modules.controllers.platform.logistics.LogisticsOrderrejectController
[DEBUG] 2018-10-15 16:13:25,952 org.nutz.ioc.loader.annotation.AnnotationIocLoader.addClass(AnnotationIocLoader.java:76) - Found @IocBean : class cn.wizzer.app.web.modules.controllers.platform.logistics.LogisticsOrderstepController
[DEBUG] 2018-10-15 16:13:25,952 org.nutz.ioc.loader.annotation.AnnotationIocLoader.addClass(AnnotationIocLoader.java:76) - Found @IocBean : class cn.wizzer.app.web.modules.controllers.platform.logistics.LogisticsSendapprovalController
[DEBUG] 2018-10-15 16:13:25,952 org.nutz.ioc.loader.annotation.AnnotationIocLoader.addClass(AnnotationIocLoader.java:76) - Found @IocBean : class cn.wizzer.app.web.modules.controllers.platform.logistics.LogisticsSendgoodsController
[DEBUG] 2018-10-15 16:13:25,952 org.nutz.ioc.loader.annotation.AnnotationIocLoader.addClass(AnnotationIocLoader.java:76) - Found @IocBean : class cn.wizzer.app.web.modules.controllers.platform.logistics.LogisticsSendplanController
[DEBUG] 2018-10-15 16:13:25,952 org.nutz.ioc.loader.annotation.AnnotationIocLoader.addClass(AnnotationIocLoader.java:76) - Found @IocBean : class cn.wizzer.app.web.modules.controllers.platform.logistics.LogisticsSendtraceController
[DEBUG] 2018-10-15 16:13:25,952 org.nutz.ioc.loader.annotation.AnnotationIocLoader.addClass(AnnotationIocLoader.java:76) - Found @IocBean : class cn.wizzer.app.web.modules.controllers.platform.logistics.LogisticsUnplanController
[DEBUG] 2018-10-15 16:13:25,952 org.nutz.ioc.loader.annotation.AnnotationIocLoader.addClass(AnnotationIocLoader.java:76) - Found @IocBean : class cn.wizzer.app.web.modules.controllers.platform.sys.SysApiController
[DEBUG] 2018-10-15 16:13:25,952 org.nutz.ioc.loader.annotation.AnnotationIocLoader.addClass(AnnotationIocLoader.java:76) - Found @IocBean : class cn.wizzer.app.web.modules.controllers.platform.sys.SysBarcodeController
[DEBUG] 2018-10-15 16:13:25,953 org.nutz.ioc.loader.annotation.AnnotationIocLoader.addClass(AnnotationIocLoader.java:76) - Found @IocBean : class cn.wizzer.app.web.modules.controllers.platform.sys.SysConfController
[DEBUG] 2018-10-15 16:13:25,953 org.nutz.ioc.loader.annotation.AnnotationIocLoader.addClass(AnnotationIocLoader.java:76) - Found @IocBean : class cn.wizzer.app.web.modules.controllers.platform.sys.SysDictController
[DEBUG] 2018-10-15 16:13:25,953 org.nutz.ioc.loader.annotation.AnnotationIocLoader.addClass(AnnotationIocLoader.java:76) - Found @IocBean : class cn.wizzer.app.web.modules.controllers.platform.sys.SysHomeController
[DEBUG] 2018-10-15 16:13:25,953 org.nutz.ioc.loader.annotation.AnnotationIocLoader.addClass(AnnotationIocLoader.java:76) - Found @IocBean : class cn.wizzer.app.web.modules.controllers.platform.sys.SysLogController
[DEBUG] 2018-10-15 16:13:25,953 org.nutz.ioc.loader.annotation.AnnotationIocLoader.addClass(AnnotationIocLoader.java:76) - Found @IocBean : class cn.wizzer.app.web.modules.controllers.platform.sys.SysLoginController
[DEBUG] 2018-10-15 16:13:25,953 org.nutz.ioc.loader.annotation.AnnotationIocLoader.addClass(AnnotationIocLoader.java:76) - Found @IocBean : class cn.wizzer.app.web.modules.controllers.platform.sys.SysMenuController
[DEBUG] 2018-10-15 16:13:25,953 org.nutz.ioc.loader.annotation.AnnotationIocLoader.addClass(AnnotationIocLoader.java:76) - Found @IocBean : class cn.wizzer.app.web.modules.controllers.platform.sys.SysMobileController
[DEBUG] 2018-10-15 16:13:25,953 org.nutz.ioc.loader.annotation.AnnotationIocLoader.addClass(AnnotationIocLoader.java:76) - Found @IocBean : class cn.wizzer.app.web.modules.controllers.platform.sys.SysPluginController
[DEBUG] 2018-10-15 16:13:25,953 org.nutz.ioc.loader.annotation.AnnotationIocLoader.addClass(AnnotationIocLoader.java:76) - Found @IocBean : class cn.wizzer.app.web.modules.controllers.platform.sys.SysRegistauditController
[DEBUG] 2018-10-15 16:13:25,953 org.nutz.ioc.loader.annotation.AnnotationIocLoader.addClass(AnnotationIocLoader.java:76) - Found @IocBean : class cn.wizzer.app.web.modules.controllers.platform.sys.SysRoleController
[DEBUG] 2018-10-15 16:13:25,953 org.nutz.ioc.loader.annotation.AnnotationIocLoader.addClass(AnnotationIocLoader.java:76) - Found @IocBean : class cn.wizzer.app.web.modules.controllers.platform.sys.SysRouteController
[DEBUG] 2018-10-15 16:13:25,953 org.nutz.ioc.loader.annotation.AnnotationIocLoader.addClass(AnnotationIocLoader.java:76) - Found @IocBean : class cn.wizzer.app.web.modules.controllers.platform.sys.SysTaskController
[DEBUG] 2018-10-15 16:13:25,953 org.nutz.ioc.loader.annotation.AnnotationIocLoader.addClass(AnnotationIocLoader.java:76) - Found @IocBean : class cn.wizzer.app.web.modules.controllers.platform.sys.SysTempuserController
[DEBUG] 2018-10-15 16:13:25,953 org.nutz.ioc.loader.annotation.AnnotationIocLoader.addClass(AnnotationIocLoader.java:76) - Found @IocBean : class cn.wizzer.app.web.modules.controllers.platform.sys.SysUnitController
[DEBUG] 2018-10-15 16:13:25,953 org.nutz.ioc.loader.annotation.AnnotationIocLoader.addClass(AnnotationIocLoader.java:76) - Found @IocBean : class cn.wizzer.app.web.modules.controllers.platform.sys.SysUserController
[DEBUG] 2018-10-15 16:13:25,953 org.nutz.ioc.loader.annotation.AnnotationIocLoader.addClass(AnnotationIocLoader.java:76) - Found @IocBean : class cn.wizzer.app.web.modules.controllers.platform.sys.SysVersionController
[DEBUG] 2018-10-15 16:13:25,953 org.nutz.ioc.loader.annotation.AnnotationIocLoader.addClass(AnnotationIocLoader.java:76) - Found @IocBean : class cn.wizzer.app.web.modules.controllers.platform.sys.SysWxController
[DEBUG] 2018-10-15 16:13:25,954 org.nutz.ioc.loader.annotation.AnnotationIocLoader.addClass(AnnotationIocLoader.java:76) - Found @IocBean : class cn.wizzer.app.web.modules.controllers.platform.sys.SysWxDeptController
[DEBUG] 2018-10-15 16:13:25,954 org.nutz.ioc.loader.annotation.AnnotationIocLoader.addClass(AnnotationIocLoader.java:76) - Found @IocBean : class cn.wizzer.app.web.modules.controllers.platform.sys.SysWxUserController
[DEBUG] 2018-10-15 16:13:25,954 org.nutz.ioc.loader.annotation.AnnotationIocLoader.addClass(AnnotationIocLoader.java:76) - Found @IocBean : class cn.wizzer.app.web.modules.controllers.platform.wx.WxConfigController
[DEBUG] 2018-10-15 16:13:25,954 org.nutz.ioc.loader.annotation.AnnotationIocLoader.addClass(AnnotationIocLoader.java:76) - Found @IocBean : class cn.wizzer.app.web.modules.controllers.platform.wx.WxMassController
[DEBUG] 2018-10-15 16:13:25,954 org.nutz.ioc.loader.annotation.AnnotationIocLoader.addClass(AnnotationIocLoader.java:76) - Found @IocBean : class cn.wizzer.app.web.modules.controllers.platform.wx.WxMenuController
[DEBUG] 2018-10-15 16:13:25,954 org.nutz.ioc.loader.annotation.AnnotationIocLoader.addClass(AnnotationIocLoader.java:76) - Found @IocBean : class cn.wizzer.app.web.modules.controllers.platform.wx.WxMsgUserController
[DEBUG] 2018-10-15 16:13:25,954 org.nutz.ioc.loader.annotation.AnnotationIocLoader.addClass(AnnotationIocLoader.java:76) - Found @IocBean : class cn.wizzer.app.web.modules.controllers.platform.wx.WxPayTestController
[DEBUG] 2018-10-15 16:13:25,954 org.nutz.ioc.loader.annotation.AnnotationIocLoader.addClass(AnnotationIocLoader.java:76) - Found @IocBean : class cn.wizzer.app.web.modules.controllers.platform.wx.WxReplyController
[DEBUG] 2018-10-15 16:13:25,954 org.nutz.ioc.loader.annotation.AnnotationIocLoader.addClass(AnnotationIocLoader.java:76) - Found @IocBean : class cn.wizzer.app.web.modules.controllers.platform.wx.WxReplyNewsController
[DEBUG] 2018-10-15 16:13:25,954 org.nutz.ioc.loader.annotation.AnnotationIocLoader.addClass(AnnotationIocLoader.java:76) - Found @IocBean : class cn.wizzer.app.web.modules.controllers.platform.wx.WxReplyTxtController
[DEBUG] 2018-10-15 16:13:25,954 org.nutz.ioc.loader.annotation.AnnotationIocLoader.addClass(AnnotationIocLoader.java:76) - Found @IocBean : class cn.wizzer.app.web.modules.controllers.platform.wx.WxTplIdController
[DEBUG] 2018-10-15 16:13:25,954 org.nutz.ioc.loader.annotation.AnnotationIocLoader.addClass(AnnotationIocLoader.java:76) - Found @IocBean : class cn.wizzer.app.web.modules.controllers.platform.wx.WxTplListController
[DEBUG] 2018-10-15 16:13:25,954 org.nutz.ioc.loader.annotation.AnnotationIocLoader.addClass(AnnotationIocLoader.java:76) - Found @IocBean : class cn.wizzer.app.web.modules.controllers.platform.wx.WxTplLogController
[DEBUG] 2018-10-15 16:13:25,954 org.nutz.ioc.loader.annotation.AnnotationIocLoader.addClass(AnnotationIocLoader.java:76) - Found @IocBean : class cn.wizzer.app.web.modules.controllers.platform.wx.WxUserController
[DEBUG] 2018-10-15 16:13:25,954 org.nutz.ioc.loader.annotation.AnnotationIocLoader.addClass(AnnotationIocLoader.java:76) - Found @IocBean : class cn.wizzer.app.wx.modules.services.impl.WxConfigServiceImpl
[DEBUG] 2018-10-15 16:13:25,955 org.nutz.ioc.loader.annotation.AnnotationIocLoader.addClass(AnnotationIocLoader.java:76) - Found @IocBean : class cn.wizzer.app.wx.modules.services.impl.WxMassNewsServiceImpl
[DEBUG] 2018-10-15 16:13:25,955 org.nutz.ioc.loader.annotation.AnnotationIocLoader.addClass(AnnotationIocLoader.java:76) - Found @IocBean : class cn.wizzer.app.wx.modules.services.impl.WxMassSendServiceImpl
[DEBUG] 2018-10-15 16:13:25,955 org.nutz.ioc.loader.annotation.AnnotationIocLoader.addClass(AnnotationIocLoader.java:76) - Found @IocBean : class cn.wizzer.app.wx.modules.services.impl.WxMassServiceImpl
[DEBUG] 2018-10-15 16:13:25,955 org.nutz.ioc.loader.annotation.AnnotationIocLoader.addClass(AnnotationIocLoader.java:76) - Found @IocBean : class cn.wizzer.app.wx.modules.services.impl.WxMenuServiceImpl
[DEBUG] 2018-10-15 16:13:25,955 org.nutz.ioc.loader.annotation.AnnotationIocLoader.addClass(AnnotationIocLoader.java:76) - Found @IocBean : class cn.wizzer.app.wx.modules.services.impl.WxMsgReplyServiceImpl
[DEBUG] 2018-10-15 16:13:25,955 org.nutz.ioc.loader.annotation.AnnotationIocLoader.addClass(AnnotationIocLoader.java:76) - Found @IocBean : class cn.wizzer.app.wx.modules.services.impl.WxMsgServiceImpl
[DEBUG] 2018-10-15 16:13:25,955 org.nutz.ioc.loader.annotation.AnnotationIocLoader.addClass(AnnotationIocLoader.java:76) - Found @IocBean : class cn.wizzer.app.wx.modules.services.impl.WxReplyNewsServiceImpl
[DEBUG] 2018-10-15 16:13:25,955 org.nutz.ioc.loader.annotation.AnnotationIocLoader.addClass(AnnotationIocLoader.java:76) - Found @IocBean : class cn.wizzer.app.wx.modules.services.impl.WxReplyServiceImpl
[DEBUG] 2018-10-15 16:13:25,955 org.nutz.ioc.loader.annotation.AnnotationIocLoader.addClass(AnnotationIocLoader.java:76) - Found @IocBean : class cn.wizzer.app.wx.modules.services.impl.WxReplyTxtServiceImpl
[DEBUG] 2018-10-15 16:13:25,955 org.nutz.ioc.loader.annotation.AnnotationIocLoader.addClass(AnnotationIocLoader.java:76) - Found @IocBean : class cn.wizzer.app.wx.modules.services.impl.WxTplIdServiceImpl
[DEBUG] 2018-10-15 16:13:25,955 org.nutz.ioc.loader.annotation.AnnotationIocLoader.addClass(AnnotationIocLoader.java:76) - Found @IocBean : class cn.wizzer.app.wx.modules.services.impl.WxTplListServiceImpl
[DEBUG] 2018-10-15 16:13:25,955 org.nutz.ioc.loader.annotation.AnnotationIocLoader.addClass(AnnotationIocLoader.java:76) - Found @IocBean : class cn.wizzer.app.wx.modules.services.impl.WxTplLogServiceImpl
[DEBUG] 2018-10-15 16:13:25,956 org.nutz.ioc.loader.annotation.AnnotationIocLoader.addClass(AnnotationIocLoader.java:76) - Found @IocBean : class cn.wizzer.app.wx.modules.services.impl.WxUserServiceImpl
[DEBUG] 2018-10-15 16:13:25,956 org.nutz.ioc.loader.annotation.AnnotationIocLoader.addClass(AnnotationIocLoader.java:76) - Found @IocBean : class cn.wizzer.test.SimpleTest
[DEBUG] 2018-10-15 16:13:25,958 org.nutz.resource.Scans.scan(Scans.java:274) - Found 0 resource by src( org/nutz/apidoc/ ) , regex( ^.+[.]class$ )
[INFO ] 2018-10-15 16:13:25,958 org.nutz.ioc.loader.annotation.AnnotationIocLoader.<init>(AnnotationIocLoader.java:52) - Found 204 classes in 2 base-packages!
beans = ["wxTplListController", "uploadController", "wxReplyTxtServiceImpl", "logisticsSendplanController", "baseJobServiceImpl", "dateUtil", "qrcodeService", "logisticsSendgoodsServiceImpl", "logisticsOrderentryController", "insLockController", "baseRowofficeentryServiceImpl", "cmsChannelServiceImpl", "insBaseinsServiceImpl", "orderExecute", "cmsArticleController", "basePostController", "baseAirmeterialServiceImpl", "basePersonController", "logisticsOrderplanServiceImpl", "cmsLinkClassController", "basePostServiceImpl", "baseRowofficeServiceImpl", "baseJobController", "baseRowofficeController", "wxReplyController", "insRepairController", "sysConfigServiceImpl", "basePersonpoolController", "baseVehicleController", "wxMsgServiceImpl", "wxPayBackController", "logisticsUnplanController", "mobileInsController", "sysTaskController", "sysBarcodeController", "insTransmitController", "sysDictServiceImpl", "wxConfigServiceImpl", "baseAirportServiceImpl", "apiTestController", "sysMenuController", "cmsSiteServiceImpl", "mobileSysController", "cmsLinkController", "insCommonController", "logisticsOrderplanentryServiceImpl", "insInstrumentController", "sysRegistauditServiceImpl", "insLockServiceImpl", "insOrderController", "wechatController", "wxMsgUserController", "sysDictController", "sysWxUserController", "logisticsDeliveryorderentryController", "basePersonServiceImpl", "insOrderentryServiceImpl", "insRepairtrackController", "insInstrumentServiceImpl", "logisticsSendapprovalServiceImpl", "logisticsOrderdeliveryController", "wxTplListServiceImpl", "tplService", "sysPluginServiceImpl", "insRfheadController", "logisticsSendgoodsController", "mobileBaseController", "baseCnctobjServiceImpl", "nutShiroMethodInterceptor", "insCabinetServiceImpl", "basePlaceServiceImpl", "baseVehicleServiceImpl", "cmsLinkClassServiceImpl", "sysHomeController", "insRfheadServiceImpl", "sysMobileController", "wxMassServiceImpl", "logisticsOrderentryServiceImpl", "logisticsSendplanServiceImpl", "logisticsOrderrejectServiceImpl", "wxHandler", "cmsChannelController", "wxController", "rabbitProducer", "sysTaskServiceImpl", "sysVersionController", "shiroUtil", "wxReplyTxtController", "sysPluginController", "logisticsSendtraceController", "sysApiServiceImpl", "logisticsEntourageServiceImpl", "sLogService", "baseAirportController", "sysApiController", "wxTplIdController", "insSpaceServiceImpl", "logisticsOrderController", "sysTempuserController", "sysUserController", "platformAuthorizingRealm", "testJob", "$aop_1_plugin", "sysRegistauditController", "wxReplyNewsServiceImpl", "insTransmitServiceImpl", "sysLoginController", "wxTplLogServiceImpl", "sysUserServiceImpl", "sysRoleServiceImpl", "sysRouteController", "idcardUtil", "basePlaceController", "sysWxDeptController", "logisticsOrderplanentryController", "userpermissionController", "sysWxServiceImpl", "cmsController", "logisticsSendtraceServiceImpl", "insOrderentryController", "logisticsSendapprovalController", "wxMenuController", "insOrderServiceImpl", "weixinController", "code128Util", "insRepairServiceImpl", "logisticsOrderplanController", "wxMsgReplyServiceImpl", "logisticsOrderdeliveryServiceImpl", "cmsArticleServiceImpl", "baseCnctobjController", "baseCustomerController", "insBaseinsController", "insRfidServiceImpl", "cookieUtil", "baseRowofficeentryController", "logisticsOrderstepServiceImpl", "wxReplyServiceImpl", "bdController", "redisIdGenerator", "insBaseinsSpaceServiceImpl", "cmsSiteController", "logisticsDeliveryorderServiceImpl", "insCabinetController", "logisticsOrderServiceImpl", "sysWxDeptServiceImpl", "sysWxController", "mobileOrderController", "sysRoleController", "logisticsEntourageController", "insCommonServiceImpl", "sysUnitController", "padInsController", "wxMassSendServiceImpl", "logisticsDeliveryorderController", "rSAUtil", "wxConfigController", "stringUtil", "baseCustomerServiceImpl", "basePersonpoolServiceImpl", "insBaseinsSpaceController", "wxUserServiceImpl", "insSpaceController", "sysTempuserServiceImpl", "baseWarehouseServiceImpl", "insToolcabinetController", "sysWxUserServiceImpl", "dynamicInterceptor", "sysLogController", "wxMassController", "emailService", "baseWarehouseController", "insToolcabinetServiceImpl", "wxMenuServiceImpl", "wxReplyNewsController", "baseDeptServiceImpl", "sysRouteServiceImpl", "insRepairtrackServiceImpl", "wxMassNewsServiceImpl", "baseAirmeterialController", "sysMenuServiceImpl", "sysMobileServiceImpl", "simpleTest", "logisticsOrderstepController", "sysLogServiceImpl", "logisticsUnplanServiceImpl", "wxTplIdServiceImpl", "logisticsDeliveryorderentryServiceImpl", "$aop_syslog", "padSysController", "baseDeptController", "logisticsOrderrejectController", "padOrderController", "sysBarcodeServiceImpl", "wxTplLogController", "wxUserController", "wxPayTestController", "tokenController", "sysVersionServiceImpl", "cmsLinkServiceImpl", "sysUnitServiceImpl", "insRfidController", "sysConfController", "pluginMaster"]
[DEBUG] 2018-10-15 16:13:25,958 org.nutz.ioc.loader.combo.ComboIocLoader.createIocLoader(ComboIocLoader.java:110) - found jedis -- org.nutz.integration.jedis.JedisIocLoader
[DEBUG] 2018-10-15 16:13:25,959 org.nutz.resource.Scans.scan(Scans.java:274) - Found 1 resource by src( org/nutz/integration/jedis/jedis.js ) , regex( ^(.+[.])(js|json)$ )
[DEBUG] 2018-10-15 16:13:25,959 org.nutz.ioc.loader.json.JsonLoader.<init>(JsonLoader.java:49) - loading [org/nutz/integration/jedis/jedis.js]
[DEBUG] 2018-10-15 16:13:25,960 org.nutz.ioc.loader.json.JsonLoader.<init>(JsonLoader.java:57) - Loaded 9 bean define from path=[org/nutz/integration/jedis/jedis.js] --> [redisService, jedisCluster, jedisClusterNodes, jedisClusterWrapper, pubSubService, jedisPoolConfig, jedisPool, jedisAgent, redis]
[DEBUG] 2018-10-15 16:13:25,960 org.nutz.ioc.loader.json.JsonLoader.<init>(JsonLoader.java:40) - Loaded 5 bean define from reader --
[txREPEATABLE_READ, txSERIALIZABLE, txNONE, txREAD_UNCOMMITTED, txREAD_COMMITTED]
[DEBUG] 2018-10-15 16:13:25,961 org.nutz.ioc.loader.combo.ComboIocLoader.createIocLoader(ComboIocLoader.java:110) - found quartz -- org.nutz.integration.quartz.QuartzIocLoader
[DEBUG] 2018-10-15 16:13:25,961 org.nutz.ioc.loader.json.JsonLoader.<init>(JsonLoader.java:57) - Loaded 0 bean define from path=[] --> []
[DEBUG] 2018-10-15 16:13:25,961 org.nutz.ioc.aop.SimpleAopMaker.<init>(SimpleAopMaker.java:79) - Load AopConfigure for anno=org.nutz.aop.interceptor.async.Async by type=org.nutz.aop.interceptor.async.AsyncAopIocLoader
[DEBUG] 2018-10-15 16:13:25,962 org.nutz.ioc.loader.combo.ComboIocLoader.createIocLoader(ComboIocLoader.java:110) - found rabbitmq -- org.nutz.integration.rabbitmq.RabbitmqIocLoader
[DEBUG] 2018-10-15 16:13:25,963 org.nutz.resource.Scans.scan(Scans.java:274) - Found 1 resource by src( org/nutz/integration/rabbitmq/rabbitmq.js ) , regex( ^(.+[.])(js|json)$ )
[DEBUG] 2018-10-15 16:13:25,963 org.nutz.ioc.loader.json.JsonLoader.<init>(JsonLoader.java:49) - loading [org/nutz/integration/rabbitmq/rabbitmq.js]
[DEBUG] 2018-10-15 16:13:25,963 org.nutz.ioc.loader.json.JsonLoader.<init>(JsonLoader.java:57) - Loaded 2 bean define from path=[org/nutz/integration/rabbitmq/rabbitmq.js] --> [rabbitmq, rabbitmq_cf]
[INFO ] 2018-10-15 16:13:25,964 org.nutz.ioc.impl.NutIoc.<init>(NutIoc.java:98) - NutIoc init begin ...
[INFO ] 2018-10-15 16:13:25,964 org.nutz.ioc.impl.NutIoc.<init>(NutIoc.java:115) - ... NutIoc init complete
[DEBUG] 2018-10-15 16:13:25,964 org.nutz.ioc.impl.NutIoc.get(NutIoc.java:151) - Get 'conf'<class org.nutz.ioc.impl.PropertiesProxy>
[DEBUG] 2018-10-15 16:13:25,964 org.nutz.ioc.impl.NutIoc.get(NutIoc.java:151) - Get '$aop_1_plugin'<interface org.nutz.ioc.aop.config.AopConfigration>
[DEBUG] 2018-10-15 16:13:25,964 org.nutz.ioc.impl.NutIoc.get(NutIoc.java:177) - 	 >> Load definition name=$aop_1_plugin
[DEBUG] 2018-10-15 16:13:25,964 org.nutz.ioc.loader.combo.ComboIocLoader.load(ComboIocLoader.java:161) - Found IocObject($aop_1_plugin) in AnnotationIocLoader(packages=[cn.wizzer, org.nutz.apidoc])
[DEBUG] 2018-10-15 16:13:25,964 org.nutz.ioc.impl.NutIoc.get(NutIoc.java:209) - 	 >> Make...'$aop_1_plugin'<interface org.nutz.ioc.aop.config.AopConfigration>
[DEBUG] 2018-10-15 16:13:25,964 org.nutz.ioc.impl.ScopeContext.save(ScopeContext.java:64) - Save object '$aop_1_plugin' to [app] 
[DEBUG] 2018-10-15 16:13:25,964 org.nutz.ioc.impl.NutIoc.get(NutIoc.java:151) - Get 'dynamicInterceptor'<class cn.wizzer.app.web.commons.plugin.DynamicInterceptor>
[DEBUG] 2018-10-15 16:13:25,964 org.nutz.ioc.impl.NutIoc.get(NutIoc.java:177) - 	 >> Load definition name=dynamicInterceptor
[DEBUG] 2018-10-15 16:13:25,964 org.nutz.ioc.loader.combo.ComboIocLoader.load(ComboIocLoader.java:161) - Found IocObject(dynamicInterceptor) in AnnotationIocLoader(packages=[cn.wizzer, org.nutz.apidoc])
[DEBUG] 2018-10-15 16:13:25,964 org.nutz.ioc.impl.NutIoc.get(NutIoc.java:209) - 	 >> Make...'dynamicInterceptor'<class cn.wizzer.app.web.commons.plugin.DynamicInterceptor>
[DEBUG] 2018-10-15 16:13:25,964 org.nutz.ioc.impl.ScopeContext.save(ScopeContext.java:64) - Save object 'dynamicInterceptor' to [app] 
[DEBUG] 2018-10-15 16:13:25,965 org.nutz.ioc.impl.NutIoc.get(NutIoc.java:151) - Get '$aop_async'<interface org.nutz.ioc.aop.config.AopConfigration>
[DEBUG] 2018-10-15 16:13:25,965 org.nutz.ioc.impl.NutIoc.get(NutIoc.java:177) - 	 >> Load definition name=$aop_async
[DEBUG] 2018-10-15 16:13:25,965 org.nutz.ioc.loader.combo.ComboIocLoader.load(ComboIocLoader.java:161) - Found IocObject($aop_async) in AsyncAopIocLoader@115433442
[DEBUG] 2018-10-15 16:13:25,965 org.nutz.ioc.impl.NutIoc.get(NutIoc.java:209) - 	 >> Make...'$aop_async'<interface org.nutz.ioc.aop.config.AopConfigration>
[DEBUG] 2018-10-15 16:13:25,965 org.nutz.ioc.impl.ScopeContext.save(ScopeContext.java:64) - Save object '$aop_async' to [app] 
[DEBUG] 2018-10-15 16:13:25,965 org.nutz.ioc.impl.NutIoc.get(NutIoc.java:151) - Get '$aop_syslog'<interface org.nutz.ioc.aop.config.AopConfigration>
[DEBUG] 2018-10-15 16:13:25,965 org.nutz.ioc.impl.NutIoc.get(NutIoc.java:177) - 	 >> Load definition name=$aop_syslog
[DEBUG] 2018-10-15 16:13:25,965 org.nutz.ioc.loader.combo.ComboIocLoader.load(ComboIocLoader.java:161) - Found IocObject($aop_syslog) in AnnotationIocLoader(packages=[cn.wizzer, org.nutz.apidoc])
[DEBUG] 2018-10-15 16:13:25,965 org.nutz.ioc.impl.NutIoc.get(NutIoc.java:209) - 	 >> Make...'$aop_syslog'<interface org.nutz.ioc.aop.config.AopConfigration>
[DEBUG] 2018-10-15 16:13:25,965 org.nutz.ioc.impl.ScopeContext.save(ScopeContext.java:64) - Save object '$aop_syslog' to [app] 
[DEBUG] 2018-10-15 16:13:25,965 org.nutz.ioc.aop.SimpleAopMaker.<init>(SimpleAopMaker.java:79) - Load AopConfigure for anno=cn.wizzer.app.web.commons.slog.annotation.SLog by type=cn.wizzer.app.web.commons.slog.SLogAopConfigration
[DEBUG] 2018-10-15 16:13:25,965 org.nutz.ioc.aop.SimpleAopMaker.<init>(SimpleAopMaker.java:79) - Load AopConfigure for anno=org.nutz.ioc.aop.Aop by type=org.nutz.ioc.aop.config.impl.AnnotationAopConfigration
[DEBUG] 2018-10-15 16:13:25,965 org.nutz.ioc.impl.NutIoc.get(NutIoc.java:177) - 	 >> Load definition name=conf
[DEBUG] 2018-10-15 16:13:25,965 org.nutz.ioc.loader.map.MapLoader.load(MapLoader.java:67) - Loading define for name=conf
[DEBUG] 2018-10-15 16:13:25,965 org.nutz.ioc.loader.combo.ComboIocLoader.load(ComboIocLoader.java:161) - Found IocObject(conf) in JsonLoader(paths=[config/ioc/])
[DEBUG] 2018-10-15 16:13:25,966 org.nutz.ioc.impl.NutIoc.get(NutIoc.java:209) - 	 >> Make...'conf'<class org.nutz.ioc.impl.PropertiesProxy>
[DEBUG] 2018-10-15 16:13:25,966 cn.wizzer.app.web.commons.plugin.PluginAopConfigure.getInterceptorPairList(PluginAopConfigure.java:33) - skip -- org.nutz.ioc.impl.PropertiesProxy
[DEBUG] 2018-10-15 16:13:25,966 org.nutz.ioc.aop.impl.DefaultMirrorFactory.getMirror(DefaultMirrorFactory.java:70) - Load class org.nutz.ioc.impl.PropertiesProxy without AOP
[DEBUG] 2018-10-15 16:13:25,966 org.nutz.ioc.impl.ScopeContext.save(ScopeContext.java:64) - Save object 'conf' to [app] 
[DEBUG] 2018-10-15 16:13:25,968 org.nutz.resource.Scans.scan(Scans.java:274) - Found 4 resource by src( config/custom/ ) , regex( ^.+[.]properties$ )
[DEBUG] 2018-10-15 16:13:25,968 org.nutz.ioc.impl.PropertiesProxy.setPaths(PropertiesProxy.java:113) - load properties from File[C:\Users\Administrator\IdeaProjects\XA-Instrument\wk-app\wk-web\target\classes\config\custom\db.properties]
[DEBUG] 2018-10-15 16:13:25,968 org.nutz.ioc.impl.PropertiesProxy.setPaths(PropertiesProxy.java:113) - load properties from File[C:\Users\Administrator\IdeaProjects\XA-Instrument\wk-app\wk-web\target\classes\config\custom\mail.properties]
[DEBUG] 2018-10-15 16:13:25,969 org.nutz.ioc.impl.PropertiesProxy.setPaths(PropertiesProxy.java:113) - load properties from File[C:\Users\Administrator\IdeaProjects\XA-Instrument\wk-app\wk-web\target\classes\config\custom\rabbit.properties]
[DEBUG] 2018-10-15 16:13:25,969 org.nutz.ioc.impl.PropertiesProxy.setPaths(PropertiesProxy.java:113) - load properties from File[C:\Users\Administrator\IdeaProjects\XA-Instrument\wk-app\wk-web\target\classes\config\custom\redis.properties]
[DEBUG] 2018-10-15 16:13:25,969 org.nutz.ioc.impl.NutIoc.get(NutIoc.java:151) - Get 'simpleTest'<class cn.wizzer.test.SimpleTest>
[DEBUG] 2018-10-15 16:13:25,970 org.nutz.ioc.impl.NutIoc.get(NutIoc.java:177) - 	 >> Load definition name=simpleTest
[DEBUG] 2018-10-15 16:13:25,970 org.nutz.ioc.loader.combo.ComboIocLoader.load(ComboIocLoader.java:161) - Found IocObject(simpleTest) in AnnotationIocLoader(packages=[cn.wizzer, org.nutz.apidoc])
[DEBUG] 2018-10-15 16:13:25,970 org.nutz.ioc.impl.NutIoc.get(NutIoc.java:209) - 	 >> Make...'simpleTest'<class cn.wizzer.test.SimpleTest>
[DEBUG] 2018-10-15 16:13:25,970 cn.wizzer.app.web.commons.plugin.PluginAopConfigure.getInterceptorPairList(PluginAopConfigure.java:33) - skip -- cn.wizzer.test.SimpleTest
[DEBUG] 2018-10-15 16:13:25,970 org.nutz.ioc.aop.impl.DefaultMirrorFactory.getMirror(DefaultMirrorFactory.java:70) - Load class cn.wizzer.test.SimpleTest without AOP
[DEBUG] 2018-10-15 16:13:25,970 org.nutz.ioc.impl.ScopeContext.save(ScopeContext.java:64) - Save object 'simpleTest' to [app] 
[DEBUG] 2018-10-15 16:13:25,971 org.nutz.ioc.impl.NutIoc.get(NutIoc.java:151) - Get 'dao'<interface org.nutz.dao.Dao>
[DEBUG] 2018-10-15 16:13:25,971 org.nutz.ioc.impl.NutIoc.get(NutIoc.java:177) - 	 >> Load definition name=dao
[DEBUG] 2018-10-15 16:13:25,971 org.nutz.ioc.loader.map.MapLoader.load(MapLoader.java:67) - Loading define for name=dao
[DEBUG] 2018-10-15 16:13:25,971 org.nutz.ioc.loader.combo.ComboIocLoader.load(ComboIocLoader.java:161) - Found IocObject(dao) in JsonLoader(paths=[config/ioc/])
[DEBUG] 2018-10-15 16:13:25,971 org.nutz.ioc.impl.NutIoc.get(NutIoc.java:209) - 	 >> Make...'dao'<interface org.nutz.dao.Dao>
[DEBUG] 2018-10-15 16:13:25,971 cn.wizzer.app.web.commons.plugin.PluginAopConfigure.getInterceptorPairList(PluginAopConfigure.java:33) - skip -- org.nutz.dao.impl.NutDao
[DEBUG] 2018-10-15 16:13:25,971 org.nutz.ioc.aop.impl.DefaultMirrorFactory.getMirror(DefaultMirrorFactory.java:70) - Load class org.nutz.dao.impl.NutDao without AOP
[DEBUG] 2018-10-15 16:13:25,971 org.nutz.ioc.impl.ScopeContext.save(ScopeContext.java:64) - Save object 'dao' to [app] 
[DEBUG] 2018-10-15 16:13:25,971 org.nutz.ioc.impl.NutIoc.get(NutIoc.java:151) - Get 'dataSource'<>
[DEBUG] 2018-10-15 16:13:25,972 org.nutz.ioc.impl.NutIoc.get(NutIoc.java:177) - 	 >> Load definition name=dataSource
[DEBUG] 2018-10-15 16:13:25,972 org.nutz.ioc.loader.map.MapLoader.load(MapLoader.java:67) - Loading define for name=dataSource
[DEBUG] 2018-10-15 16:13:25,972 org.nutz.ioc.loader.combo.ComboIocLoader.load(ComboIocLoader.java:161) - Found IocObject(dataSource) in JsonLoader(paths=[config/ioc/])
[DEBUG] 2018-10-15 16:13:25,972 org.nutz.ioc.impl.NutIoc.get(NutIoc.java:209) - 	 >> Make...'dataSource'<>
[DEBUG] 2018-10-15 16:13:25,972 cn.wizzer.app.web.commons.plugin.PluginAopConfigure.getInterceptorPairList(PluginAopConfigure.java:33) - skip -- com.alibaba.druid.pool.DruidDataSource
[DEBUG] 2018-10-15 16:13:25,972 org.nutz.ioc.aop.impl.DefaultMirrorFactory.getMirror(DefaultMirrorFactory.java:70) - Load class com.alibaba.druid.pool.DruidDataSource without AOP
[DEBUG] 2018-10-15 16:13:25,972 org.nutz.ioc.impl.ScopeContext.save(ScopeContext.java:64) - Save object 'dataSource' to [app] 
[DEBUG] 2018-10-15 16:13:25,972 org.nutz.ioc.impl.NutIoc.get(NutIoc.java:151) - Get 'conf'<>
[DEBUG] 2018-10-15 16:13:25,973 org.nutz.ioc.impl.ScopeContext.remove(ScopeContext.java:84) - Remove object 'dataSource' from [app] 
[DEBUG] 2018-10-15 16:13:25,973 org.nutz.ioc.impl.ScopeContext.remove(ScopeContext.java:84) - Remove object 'dao' from [app] 
[DEBUG] 2018-10-15 16:13:25,973 org.nutz.ioc.impl.ScopeContext.remove(ScopeContext.java:84) - Remove object 'simpleTest' from [app] 
]]></system-out>
  </testcase>
  <testcase name="testOrder3" classname="cn.wizzer.test.SimpleTest" time="0">
    <error message="IocBean[simpleTest] throw Exception when creating" type="org.nutz.ioc.IocException">org.nutz.ioc.IocException: IocBean[simpleTest] throw Exception when creating
Caused by: java.lang.RuntimeException: IocBean[simpleTest] fail at field=[dao]
Caused by: org.nutz.ioc.IocException: IocBean[dao -> dataSource] throw Exception when creating
Caused by: java.lang.IllegalArgumentException: Failed to decrypt.
Caused by: java.lang.IllegalArgumentException: String length must be a multiple of four.
</error>
    <system-out><![CDATA[[INFO ] 2018-10-15 16:13:25,973 org.nutz.ioc.impl.NutIoc.depose(NutIoc.java:255) - org.nutz.ioc.impl.NutIoc@1760670079 is closing. startup date [18-10-15 16:13:25.964]
[DEBUG] 2018-10-15 16:13:25,974 org.nutz.ioc.impl.ScopeContext.clear(ScopeContext.java:108) - Depose object 'conf' ...
[DEBUG] 2018-10-15 16:13:25,974 org.nutz.ioc.impl.ScopeContext.clear(ScopeContext.java:108) - Depose object '$aop_syslog' ...
[DEBUG] 2018-10-15 16:13:25,974 org.nutz.ioc.impl.ScopeContext.clear(ScopeContext.java:108) - Depose object '$aop_async' ...
[DEBUG] 2018-10-15 16:13:25,974 org.nutz.ioc.impl.ScopeContext.clear(ScopeContext.java:108) - Depose object 'dynamicInterceptor' ...
[DEBUG] 2018-10-15 16:13:25,974 org.nutz.ioc.impl.ScopeContext.clear(ScopeContext.java:108) - Depose object '$aop_1_plugin' ...
[INFO ] 2018-10-15 16:13:25,974 org.nutz.ioc.impl.NutIoc.depose(NutIoc.java:262) - org.nutz.ioc.impl.NutIoc@1760670079 is deposed. startup date [18-10-15 16:13:25.964]
[DEBUG] 2018-10-15 16:13:25,976 org.nutz.resource.Scans.scan(Scans.java:274) - Found 4 resource by src( config/ioc/ ) , regex( ^(.+[.])(js|json)$ )
[DEBUG] 2018-10-15 16:13:25,976 org.nutz.ioc.loader.json.JsonLoader.<init>(JsonLoader.java:49) - loading [dao.json]
[DEBUG] 2018-10-15 16:13:25,977 org.nutz.ioc.loader.json.JsonLoader.<init>(JsonLoader.java:49) - loading [ehcache.json]
[DEBUG] 2018-10-15 16:13:25,977 org.nutz.ioc.loader.json.JsonLoader.<init>(JsonLoader.java:49) - loading [mail.json]
[DEBUG] 2018-10-15 16:13:25,977 org.nutz.ioc.loader.json.JsonLoader.<init>(JsonLoader.java:49) - loading [upload.json]
[DEBUG] 2018-10-15 16:13:25,977 org.nutz.ioc.loader.json.JsonLoader.<init>(JsonLoader.java:57) - Loaded 15 bean define from path=[config/ioc/] --> [videoUpload, conf, uploadVideoContext, imageUpload, fileUpload, cacheManager, dao, cacheProvider, emailAuthenticator, uploadFileContext, htmlEmail, cacheExecutor, tmpFilePool, uploadImageContext, dataSource]
[DEBUG] 2018-10-15 16:13:26,115 org.nutz.resource.Scans.scan(Scans.java:274) - Found 452 resource by src( cn/wizzer/ ) , regex( ^.+[.]class$ )
[DEBUG] 2018-10-15 16:13:26,117 org.nutz.ioc.loader.annotation.AnnotationIocLoader.addClass(AnnotationIocLoader.java:76) - Found @IocBean : class cn.wizzer.framework.util.StringUtil
[DEBUG] 2018-10-15 16:13:26,117 org.nutz.ioc.loader.annotation.AnnotationIocLoader.addClass(AnnotationIocLoader.java:76) - Found @IocBean : class cn.wizzer.framework.util.CookieUtil
[DEBUG] 2018-10-15 16:13:26,117 org.nutz.ioc.loader.annotation.AnnotationIocLoader.addClass(AnnotationIocLoader.java:76) - Found @IocBean : class cn.wizzer.framework.ig.RedisIdGenerator
[DEBUG] 2018-10-15 16:13:26,117 org.nutz.ioc.loader.annotation.AnnotationIocLoader.addClass(AnnotationIocLoader.java:76) - Found @IocBean : class cn.wizzer.framework.util.DateUtil
[DEBUG] 2018-10-15 16:13:26,117 org.nutz.ioc.loader.annotation.AnnotationIocLoader.addClass(AnnotationIocLoader.java:76) - Found @IocBean : class cn.wizzer.framework.shiro.interceptor.NutShiroMethodInterceptor
[DEBUG] 2018-10-15 16:13:26,117 org.nutz.ioc.loader.annotation.AnnotationIocLoader.addClass(AnnotationIocLoader.java:76) - Found @IocBean : class cn.wizzer.framework.util.IdcardUtil
[DEBUG] 2018-10-15 16:13:26,117 org.nutz.ioc.loader.annotation.AnnotationIocLoader.addClass(AnnotationIocLoader.java:76) - Found @IocBean : class cn.wizzer.framework.rabbit.RabbitProducer
[DEBUG] 2018-10-15 16:13:26,117 org.nutz.ioc.loader.annotation.AnnotationIocLoader.addClass(AnnotationIocLoader.java:76) - Found @IocBean : class cn.wizzer.framework.util.RSAUtil
[DEBUG] 2018-10-15 16:13:26,117 org.nutz.ioc.loader.annotation.AnnotationIocLoader.addClass(AnnotationIocLoader.java:76) - Found @IocBean : class cn.wizzer.framework.util.ShiroUtil
[DEBUG] 2018-10-15 16:13:26,118 org.nutz.ioc.loader.annotation.AnnotationIocLoader.addClass(AnnotationIocLoader.java:76) - Found @IocBean : class cn.wizzer.framework.util.Code128Util
[DEBUG] 2018-10-15 16:13:26,118 org.nutz.ioc.loader.annotation.AnnotationIocLoader.addClass(AnnotationIocLoader.java:76) - Found @IocBean : class cn.wizzer.app.base.modules.services.impl.BaseAirmeterialServiceImpl
[DEBUG] 2018-10-15 16:13:26,118 org.nutz.ioc.loader.annotation.AnnotationIocLoader.addClass(AnnotationIocLoader.java:76) - Found @IocBean : class cn.wizzer.app.base.modules.services.impl.BaseAirportServiceImpl
[DEBUG] 2018-10-15 16:13:26,118 org.nutz.ioc.loader.annotation.AnnotationIocLoader.addClass(AnnotationIocLoader.java:76) - Found @IocBean : class cn.wizzer.app.base.modules.services.impl.BaseCnctobjServiceImpl
[DEBUG] 2018-10-15 16:13:26,118 org.nutz.ioc.loader.annotation.AnnotationIocLoader.addClass(AnnotationIocLoader.java:76) - Found @IocBean : class cn.wizzer.app.base.modules.services.impl.BaseCustomerServiceImpl
[DEBUG] 2018-10-15 16:13:26,118 org.nutz.ioc.loader.annotation.AnnotationIocLoader.addClass(AnnotationIocLoader.java:76) - Found @IocBean : class cn.wizzer.app.base.modules.services.impl.BaseDeptServiceImpl
[DEBUG] 2018-10-15 16:13:26,118 org.nutz.ioc.loader.annotation.AnnotationIocLoader.addClass(AnnotationIocLoader.java:76) - Found @IocBean : class cn.wizzer.app.base.modules.services.impl.BaseJobServiceImpl
[DEBUG] 2018-10-15 16:13:26,118 org.nutz.ioc.loader.annotation.AnnotationIocLoader.addClass(AnnotationIocLoader.java:76) - Found @IocBean : class cn.wizzer.app.base.modules.services.impl.BasePersonpoolServiceImpl
[DEBUG] 2018-10-15 16:13:26,118 org.nutz.ioc.loader.annotation.AnnotationIocLoader.addClass(AnnotationIocLoader.java:76) - Found @IocBean : class cn.wizzer.app.base.modules.services.impl.BasePersonServiceImpl
[DEBUG] 2018-10-15 16:13:26,118 org.nutz.ioc.loader.annotation.AnnotationIocLoader.addClass(AnnotationIocLoader.java:76) - Found @IocBean : class cn.wizzer.app.base.modules.services.impl.BasePlaceServiceImpl
[DEBUG] 2018-10-15 16:13:26,118 org.nutz.ioc.loader.annotation.AnnotationIocLoader.addClass(AnnotationIocLoader.java:76) - Found @IocBean : class cn.wizzer.app.base.modules.services.impl.BasePostServiceImpl
[DEBUG] 2018-10-15 16:13:26,118 org.nutz.ioc.loader.annotation.AnnotationIocLoader.addClass(AnnotationIocLoader.java:76) - Found @IocBean : class cn.wizzer.app.base.modules.services.impl.BaseRowofficeentryServiceImpl
[DEBUG] 2018-10-15 16:13:26,118 org.nutz.ioc.loader.annotation.AnnotationIocLoader.addClass(AnnotationIocLoader.java:76) - Found @IocBean : class cn.wizzer.app.base.modules.services.impl.BaseRowofficeServiceImpl
[DEBUG] 2018-10-15 16:13:26,118 org.nutz.ioc.loader.annotation.AnnotationIocLoader.addClass(AnnotationIocLoader.java:76) - Found @IocBean : class cn.wizzer.app.base.modules.services.impl.BaseVehicleServiceImpl
[DEBUG] 2018-10-15 16:13:26,118 org.nutz.ioc.loader.annotation.AnnotationIocLoader.addClass(AnnotationIocLoader.java:76) - Found @IocBean : class cn.wizzer.app.base.modules.services.impl.BaseWarehouseServiceImpl
[DEBUG] 2018-10-15 16:13:26,118 org.nutz.ioc.loader.annotation.AnnotationIocLoader.addClass(AnnotationIocLoader.java:76) - Found @IocBean : class cn.wizzer.app.cms.modules.services.impl.CmsArticleServiceImpl
[DEBUG] 2018-10-15 16:13:26,119 org.nutz.ioc.loader.annotation.AnnotationIocLoader.addClass(AnnotationIocLoader.java:76) - Found @IocBean : class cn.wizzer.app.cms.modules.services.impl.CmsChannelServiceImpl
[DEBUG] 2018-10-15 16:13:26,119 org.nutz.ioc.loader.annotation.AnnotationIocLoader.addClass(AnnotationIocLoader.java:76) - Found @IocBean : class cn.wizzer.app.cms.modules.services.impl.CmsLinkClassServiceImpl
[DEBUG] 2018-10-15 16:13:26,119 org.nutz.ioc.loader.annotation.AnnotationIocLoader.addClass(AnnotationIocLoader.java:76) - Found @IocBean : class cn.wizzer.app.cms.modules.services.impl.CmsLinkServiceImpl
[DEBUG] 2018-10-15 16:13:26,119 org.nutz.ioc.loader.annotation.AnnotationIocLoader.addClass(AnnotationIocLoader.java:76) - Found @IocBean : class cn.wizzer.app.cms.modules.services.impl.CmsSiteServiceImpl
[DEBUG] 2018-10-15 16:13:26,119 org.nutz.ioc.loader.annotation.AnnotationIocLoader.addClass(AnnotationIocLoader.java:76) - Found @IocBean : class cn.wizzer.app.ins.modules.services.impl.InsBaseinsServiceImpl
[DEBUG] 2018-10-15 16:13:26,119 org.nutz.ioc.loader.annotation.AnnotationIocLoader.addClass(AnnotationIocLoader.java:76) - Found @IocBean : class cn.wizzer.app.ins.modules.services.impl.InsBaseinsSpaceServiceImpl
[DEBUG] 2018-10-15 16:13:26,119 org.nutz.ioc.loader.annotation.AnnotationIocLoader.addClass(AnnotationIocLoader.java:76) - Found @IocBean : class cn.wizzer.app.ins.modules.services.impl.InsCabinetServiceImpl
[DEBUG] 2018-10-15 16:13:26,119 org.nutz.ioc.loader.annotation.AnnotationIocLoader.addClass(AnnotationIocLoader.java:76) - Found @IocBean : class cn.wizzer.app.ins.modules.services.impl.InsCommonServiceImpl
[DEBUG] 2018-10-15 16:13:26,119 org.nutz.ioc.loader.annotation.AnnotationIocLoader.addClass(AnnotationIocLoader.java:76) - Found @IocBean : class cn.wizzer.app.ins.modules.services.impl.InsInstrumentServiceImpl
[DEBUG] 2018-10-15 16:13:26,119 org.nutz.ioc.loader.annotation.AnnotationIocLoader.addClass(AnnotationIocLoader.java:76) - Found @IocBean : class cn.wizzer.app.ins.modules.services.impl.InsLockServiceImpl
[DEBUG] 2018-10-15 16:13:26,119 org.nutz.ioc.loader.annotation.AnnotationIocLoader.addClass(AnnotationIocLoader.java:76) - Found @IocBean : class cn.wizzer.app.ins.modules.services.impl.InsOrderentryServiceImpl
[DEBUG] 2018-10-15 16:13:26,119 org.nutz.ioc.loader.annotation.AnnotationIocLoader.addClass(AnnotationIocLoader.java:76) - Found @IocBean : class cn.wizzer.app.ins.modules.services.impl.InsOrderServiceImpl
[DEBUG] 2018-10-15 16:13:26,119 org.nutz.ioc.loader.annotation.AnnotationIocLoader.addClass(AnnotationIocLoader.java:76) - Found @IocBean : class cn.wizzer.app.ins.modules.services.impl.InsRepairServiceImpl
[DEBUG] 2018-10-15 16:13:26,119 org.nutz.ioc.loader.annotation.AnnotationIocLoader.addClass(AnnotationIocLoader.java:76) - Found @IocBean : class cn.wizzer.app.ins.modules.services.impl.InsRepairtrackServiceImpl
[DEBUG] 2018-10-15 16:13:26,119 org.nutz.ioc.loader.annotation.AnnotationIocLoader.addClass(AnnotationIocLoader.java:76) - Found @IocBean : class cn.wizzer.app.ins.modules.services.impl.InsRfheadServiceImpl
[DEBUG] 2018-10-15 16:13:26,119 org.nutz.ioc.loader.annotation.AnnotationIocLoader.addClass(AnnotationIocLoader.java:76) - Found @IocBean : class cn.wizzer.app.ins.modules.services.impl.InsRfidServiceImpl
[DEBUG] 2018-10-15 16:13:26,120 org.nutz.ioc.loader.annotation.AnnotationIocLoader.addClass(AnnotationIocLoader.java:76) - Found @IocBean : class cn.wizzer.app.ins.modules.services.impl.InsSpaceServiceImpl
[DEBUG] 2018-10-15 16:13:26,120 org.nutz.ioc.loader.annotation.AnnotationIocLoader.addClass(AnnotationIocLoader.java:76) - Found @IocBean : class cn.wizzer.app.ins.modules.services.impl.InsToolcabinetServiceImpl
[DEBUG] 2018-10-15 16:13:26,120 org.nutz.ioc.loader.annotation.AnnotationIocLoader.addClass(AnnotationIocLoader.java:76) - Found @IocBean : class cn.wizzer.app.ins.modules.services.impl.InsTransmitServiceImpl
[DEBUG] 2018-10-15 16:13:26,120 org.nutz.ioc.loader.annotation.AnnotationIocLoader.addClass(AnnotationIocLoader.java:76) - Found @IocBean : class cn.wizzer.app.logistics.modules.services.impl.LogisticsDeliveryorderentryServiceImpl
[DEBUG] 2018-10-15 16:13:26,120 org.nutz.ioc.loader.annotation.AnnotationIocLoader.addClass(AnnotationIocLoader.java:76) - Found @IocBean : class cn.wizzer.app.logistics.modules.services.impl.LogisticsDeliveryorderServiceImpl
[DEBUG] 2018-10-15 16:13:26,120 org.nutz.ioc.loader.annotation.AnnotationIocLoader.addClass(AnnotationIocLoader.java:76) - Found @IocBean : class cn.wizzer.app.logistics.modules.services.impl.LogisticsEntourageServiceImpl
[DEBUG] 2018-10-15 16:13:26,120 org.nutz.ioc.loader.annotation.AnnotationIocLoader.addClass(AnnotationIocLoader.java:76) - Found @IocBean : class cn.wizzer.app.logistics.modules.services.impl.LogisticsOrderdeliveryServiceImpl
[DEBUG] 2018-10-15 16:13:26,120 org.nutz.ioc.loader.annotation.AnnotationIocLoader.addClass(AnnotationIocLoader.java:76) - Found @IocBean : class cn.wizzer.app.logistics.modules.services.impl.LogisticsOrderentryServiceImpl
[DEBUG] 2018-10-15 16:13:26,120 org.nutz.ioc.loader.annotation.AnnotationIocLoader.addClass(AnnotationIocLoader.java:76) - Found @IocBean : class cn.wizzer.app.logistics.modules.services.impl.LogisticsOrderplanentryServiceImpl
[DEBUG] 2018-10-15 16:13:26,120 org.nutz.ioc.loader.annotation.AnnotationIocLoader.addClass(AnnotationIocLoader.java:76) - Found @IocBean : class cn.wizzer.app.logistics.modules.services.impl.LogisticsOrderplanServiceImpl
[DEBUG] 2018-10-15 16:13:26,120 org.nutz.ioc.loader.annotation.AnnotationIocLoader.addClass(AnnotationIocLoader.java:76) - Found @IocBean : class cn.wizzer.app.logistics.modules.services.impl.LogisticsOrderrejectServiceImpl
[DEBUG] 2018-10-15 16:13:26,120 org.nutz.ioc.loader.annotation.AnnotationIocLoader.addClass(AnnotationIocLoader.java:76) - Found @IocBean : class cn.wizzer.app.logistics.modules.services.impl.LogisticsOrderServiceImpl
[DEBUG] 2018-10-15 16:13:26,120 org.nutz.ioc.loader.annotation.AnnotationIocLoader.addClass(AnnotationIocLoader.java:76) - Found @IocBean : class cn.wizzer.app.logistics.modules.services.impl.LogisticsOrderstepServiceImpl
[DEBUG] 2018-10-15 16:13:26,120 org.nutz.ioc.loader.annotation.AnnotationIocLoader.addClass(AnnotationIocLoader.java:76) - Found @IocBean : class cn.wizzer.app.logistics.modules.services.impl.LogisticsSendapprovalServiceImpl
[DEBUG] 2018-10-15 16:13:26,120 org.nutz.ioc.loader.annotation.AnnotationIocLoader.addClass(AnnotationIocLoader.java:76) - Found @IocBean : class cn.wizzer.app.logistics.modules.services.impl.LogisticsSendgoodsServiceImpl
[DEBUG] 2018-10-15 16:13:26,121 org.nutz.ioc.loader.annotation.AnnotationIocLoader.addClass(AnnotationIocLoader.java:76) - Found @IocBean : class cn.wizzer.app.logistics.modules.services.impl.LogisticsSendplanServiceImpl
[DEBUG] 2018-10-15 16:13:26,121 org.nutz.ioc.loader.annotation.AnnotationIocLoader.addClass(AnnotationIocLoader.java:76) - Found @IocBean : class cn.wizzer.app.logistics.modules.services.impl.LogisticsSendtraceServiceImpl
[DEBUG] 2018-10-15 16:13:26,121 org.nutz.ioc.loader.annotation.AnnotationIocLoader.addClass(AnnotationIocLoader.java:76) - Found @IocBean : class cn.wizzer.app.logistics.modules.services.impl.LogisticsUnplanServiceImpl
[DEBUG] 2018-10-15 16:13:26,121 org.nutz.ioc.loader.annotation.AnnotationIocLoader.addClass(AnnotationIocLoader.java:76) - Found @IocBean : class cn.wizzer.app.sys.modules.services.impl.SysApiServiceImpl
[DEBUG] 2018-10-15 16:13:26,121 org.nutz.ioc.loader.annotation.AnnotationIocLoader.addClass(AnnotationIocLoader.java:76) - Found @IocBean : class cn.wizzer.app.sys.modules.services.impl.SysBarcodeServiceImpl
[DEBUG] 2018-10-15 16:13:26,121 org.nutz.ioc.loader.annotation.AnnotationIocLoader.addClass(AnnotationIocLoader.java:76) - Found @IocBean : class cn.wizzer.app.sys.modules.services.impl.SysConfigServiceImpl
[DEBUG] 2018-10-15 16:13:26,121 org.nutz.ioc.loader.annotation.AnnotationIocLoader.addClass(AnnotationIocLoader.java:76) - Found @IocBean : class cn.wizzer.app.sys.modules.services.impl.SysDictServiceImpl
[DEBUG] 2018-10-15 16:13:26,121 org.nutz.ioc.loader.annotation.AnnotationIocLoader.addClass(AnnotationIocLoader.java:76) - Found @IocBean : class cn.wizzer.app.sys.modules.services.impl.SysLogServiceImpl
[DEBUG] 2018-10-15 16:13:26,121 org.nutz.ioc.loader.annotation.AnnotationIocLoader.addClass(AnnotationIocLoader.java:76) - Found @IocBean : class cn.wizzer.app.sys.modules.services.impl.SysMenuServiceImpl
[DEBUG] 2018-10-15 16:13:26,121 org.nutz.ioc.loader.annotation.AnnotationIocLoader.addClass(AnnotationIocLoader.java:76) - Found @IocBean : class cn.wizzer.app.sys.modules.services.impl.SysMobileServiceImpl
[DEBUG] 2018-10-15 16:13:26,121 org.nutz.ioc.loader.annotation.AnnotationIocLoader.addClass(AnnotationIocLoader.java:76) - Found @IocBean : class cn.wizzer.app.sys.modules.services.impl.SysPluginServiceImpl
[DEBUG] 2018-10-15 16:13:26,121 org.nutz.ioc.loader.annotation.AnnotationIocLoader.addClass(AnnotationIocLoader.java:76) - Found @IocBean : class cn.wizzer.app.sys.modules.services.impl.SysRegistauditServiceImpl
[DEBUG] 2018-10-15 16:13:26,121 org.nutz.ioc.loader.annotation.AnnotationIocLoader.addClass(AnnotationIocLoader.java:76) - Found @IocBean : class cn.wizzer.app.sys.modules.services.impl.SysRoleServiceImpl
[DEBUG] 2018-10-15 16:13:26,121 org.nutz.ioc.loader.annotation.AnnotationIocLoader.addClass(AnnotationIocLoader.java:76) - Found @IocBean : class cn.wizzer.app.sys.modules.services.impl.SysRouteServiceImpl
[DEBUG] 2018-10-15 16:13:26,121 org.nutz.ioc.loader.annotation.AnnotationIocLoader.addClass(AnnotationIocLoader.java:76) - Found @IocBean : class cn.wizzer.app.sys.modules.services.impl.SysTaskServiceImpl
[DEBUG] 2018-10-15 16:13:26,121 org.nutz.ioc.loader.annotation.AnnotationIocLoader.addClass(AnnotationIocLoader.java:76) - Found @IocBean : class cn.wizzer.app.sys.modules.services.impl.SysTempuserServiceImpl
[DEBUG] 2018-10-15 16:13:26,122 org.nutz.ioc.loader.annotation.AnnotationIocLoader.addClass(AnnotationIocLoader.java:76) - Found @IocBean : class cn.wizzer.app.sys.modules.services.impl.SysUnitServiceImpl
[DEBUG] 2018-10-15 16:13:26,122 org.nutz.ioc.loader.annotation.AnnotationIocLoader.addClass(AnnotationIocLoader.java:76) - Found @IocBean : class cn.wizzer.app.sys.modules.services.impl.SysUserServiceImpl
[DEBUG] 2018-10-15 16:13:26,122 org.nutz.ioc.loader.annotation.AnnotationIocLoader.addClass(AnnotationIocLoader.java:76) - Found @IocBean : class cn.wizzer.app.sys.modules.services.impl.SysVersionServiceImpl
[DEBUG] 2018-10-15 16:13:26,122 org.nutz.ioc.loader.annotation.AnnotationIocLoader.addClass(AnnotationIocLoader.java:76) - Found @IocBean : class cn.wizzer.app.sys.modules.services.impl.SysWxDeptServiceImpl
[DEBUG] 2018-10-15 16:13:26,122 org.nutz.ioc.loader.annotation.AnnotationIocLoader.addClass(AnnotationIocLoader.java:76) - Found @IocBean : class cn.wizzer.app.sys.modules.services.impl.SysWxServiceImpl
[DEBUG] 2018-10-15 16:13:26,122 org.nutz.ioc.loader.annotation.AnnotationIocLoader.addClass(AnnotationIocLoader.java:76) - Found @IocBean : class cn.wizzer.app.sys.modules.services.impl.SysWxUserServiceImpl
[DEBUG] 2018-10-15 16:13:26,122 org.nutz.ioc.loader.annotation.AnnotationIocLoader.addClass(AnnotationIocLoader.java:76) - Found @IocBean : class cn.wizzer.app.web.commons.plugin.DynamicInterceptor
[DEBUG] 2018-10-15 16:13:26,122 org.nutz.ioc.loader.annotation.AnnotationIocLoader.addClass(AnnotationIocLoader.java:76) - Found @IocBean : class cn.wizzer.app.web.commons.plugin.PluginAopConfigure
[DEBUG] 2018-10-15 16:13:26,122 org.nutz.ioc.loader.annotation.AnnotationIocLoader.addClass(AnnotationIocLoader.java:76) - Found @IocBean : class cn.wizzer.app.web.commons.plugin.PluginMaster
[DEBUG] 2018-10-15 16:13:26,122 org.nutz.ioc.loader.annotation.AnnotationIocLoader.addClass(AnnotationIocLoader.java:76) - Found @IocBean : class cn.wizzer.app.web.commons.quartz.job.orderExecute
[DEBUG] 2018-10-15 16:13:26,122 org.nutz.ioc.loader.annotation.AnnotationIocLoader.addClass(AnnotationIocLoader.java:76) - Found @IocBean : class cn.wizzer.app.web.commons.quartz.job.TestJob
[DEBUG] 2018-10-15 16:13:26,122 org.nutz.ioc.loader.annotation.AnnotationIocLoader.addClass(AnnotationIocLoader.java:76) - Found @IocBean : class cn.wizzer.app.web.commons.services.email.EmailService
[DEBUG] 2018-10-15 16:13:26,122 org.nutz.ioc.loader.annotation.AnnotationIocLoader.addClass(AnnotationIocLoader.java:76) - Found @IocBean : class cn.wizzer.app.web.commons.services.qrcode.QrcodeService
[DEBUG] 2018-10-15 16:13:26,122 org.nutz.ioc.loader.annotation.AnnotationIocLoader.addClass(AnnotationIocLoader.java:76) - Found @IocBean : class cn.wizzer.app.web.commons.services.wx.TplService
[DEBUG] 2018-10-15 16:13:26,122 org.nutz.ioc.loader.annotation.AnnotationIocLoader.addClass(AnnotationIocLoader.java:76) - Found @IocBean : class cn.wizzer.app.web.commons.services.wx.WxHandler
[DEBUG] 2018-10-15 16:13:26,122 org.nutz.ioc.loader.annotation.AnnotationIocLoader.addClass(AnnotationIocLoader.java:76) - Found @IocBean : class cn.wizzer.app.web.commons.shiro.realm.PlatformAuthorizingRealm
[DEBUG] 2018-10-15 16:13:26,123 org.nutz.ioc.loader.annotation.AnnotationIocLoader.addClass(AnnotationIocLoader.java:76) - Found @IocBean : class cn.wizzer.app.web.commons.slog.SLogAopConfigration
[DEBUG] 2018-10-15 16:13:26,123 org.nutz.ioc.loader.annotation.AnnotationIocLoader.addClass(AnnotationIocLoader.java:76) - Found @IocBean : class cn.wizzer.app.web.commons.slog.SLogService
[DEBUG] 2018-10-15 16:13:26,123 org.nutz.ioc.loader.annotation.AnnotationIocLoader.addClass(AnnotationIocLoader.java:76) - Found @IocBean : class cn.wizzer.app.web.modules.controllers.front.wx.CmsController
[DEBUG] 2018-10-15 16:13:26,123 org.nutz.ioc.loader.annotation.AnnotationIocLoader.addClass(AnnotationIocLoader.java:76) - Found @IocBean : class cn.wizzer.app.web.modules.controllers.front.wx.WechatController
[DEBUG] 2018-10-15 16:13:26,123 org.nutz.ioc.loader.annotation.AnnotationIocLoader.addClass(AnnotationIocLoader.java:76) - Found @IocBean : class cn.wizzer.app.web.modules.controllers.open.api.mobile.MobileBaseController
[DEBUG] 2018-10-15 16:13:26,123 org.nutz.ioc.loader.annotation.AnnotationIocLoader.addClass(AnnotationIocLoader.java:76) - Found @IocBean : class cn.wizzer.app.web.modules.controllers.open.api.mobile.MobileInsController
[DEBUG] 2018-10-15 16:13:26,123 org.nutz.ioc.loader.annotation.AnnotationIocLoader.addClass(AnnotationIocLoader.java:76) - Found @IocBean : class cn.wizzer.app.web.modules.controllers.open.api.mobile.MobileOrderController
[DEBUG] 2018-10-15 16:13:26,123 org.nutz.ioc.loader.annotation.AnnotationIocLoader.addClass(AnnotationIocLoader.java:76) - Found @IocBean : class cn.wizzer.app.web.modules.controllers.open.api.mobile.MobileSysController
[DEBUG] 2018-10-15 16:13:26,123 org.nutz.ioc.loader.annotation.AnnotationIocLoader.addClass(AnnotationIocLoader.java:76) - Found @IocBean : class cn.wizzer.app.web.modules.controllers.open.api.pad.PadInsController
[DEBUG] 2018-10-15 16:13:26,123 org.nutz.ioc.loader.annotation.AnnotationIocLoader.addClass(AnnotationIocLoader.java:76) - Found @IocBean : class cn.wizzer.app.web.modules.controllers.open.api.pad.PadOrderController
[DEBUG] 2018-10-15 16:13:26,123 org.nutz.ioc.loader.annotation.AnnotationIocLoader.addClass(AnnotationIocLoader.java:76) - Found @IocBean : class cn.wizzer.app.web.modules.controllers.open.api.pad.PadSysController
[DEBUG] 2018-10-15 16:13:26,123 org.nutz.ioc.loader.annotation.AnnotationIocLoader.addClass(AnnotationIocLoader.java:76) - Found @IocBean : class cn.wizzer.app.web.modules.controllers.open.api.test.ApiTestController
[DEBUG] 2018-10-15 16:13:26,123 org.nutz.ioc.loader.annotation.AnnotationIocLoader.addClass(AnnotationIocLoader.java:76) - Found @IocBean : class cn.wizzer.app.web.modules.controllers.open.api.token.TokenController
[DEBUG] 2018-10-15 16:13:26,123 org.nutz.ioc.loader.annotation.AnnotationIocLoader.addClass(AnnotationIocLoader.java:76) - Found @IocBean : class cn.wizzer.app.web.modules.controllers.open.api.userpermission.UserpermissionController
[DEBUG] 2018-10-15 16:13:26,123 org.nutz.ioc.loader.annotation.AnnotationIocLoader.addClass(AnnotationIocLoader.java:76) - Found @IocBean : class cn.wizzer.app.web.modules.controllers.open.file.UploadController
[DEBUG] 2018-10-15 16:13:26,123 org.nutz.ioc.loader.annotation.AnnotationIocLoader.addClass(AnnotationIocLoader.java:76) - Found @IocBean : class cn.wizzer.app.web.modules.controllers.open.pay.WxPayBackController
[DEBUG] 2018-10-15 16:13:26,123 org.nutz.ioc.loader.annotation.AnnotationIocLoader.addClass(AnnotationIocLoader.java:76) - Found @IocBean : class cn.wizzer.app.web.modules.controllers.open.ueditor.BdController
[DEBUG] 2018-10-15 16:13:26,124 org.nutz.ioc.loader.annotation.AnnotationIocLoader.addClass(AnnotationIocLoader.java:76) - Found @IocBean : class cn.wizzer.app.web.modules.controllers.open.ueditor.WxController
[DEBUG] 2018-10-15 16:13:26,124 org.nutz.ioc.loader.annotation.AnnotationIocLoader.addClass(AnnotationIocLoader.java:76) - Found @IocBean : class cn.wizzer.app.web.modules.controllers.open.wx.WeixinController
[DEBUG] 2018-10-15 16:13:26,124 org.nutz.ioc.loader.annotation.AnnotationIocLoader.addClass(AnnotationIocLoader.java:76) - Found @IocBean : class cn.wizzer.app.web.modules.controllers.platform.base.BaseAirmeterialController
[DEBUG] 2018-10-15 16:13:26,124 org.nutz.ioc.loader.annotation.AnnotationIocLoader.addClass(AnnotationIocLoader.java:76) - Found @IocBean : class cn.wizzer.app.web.modules.controllers.platform.base.BaseAirportController
[DEBUG] 2018-10-15 16:13:26,124 org.nutz.ioc.loader.annotation.AnnotationIocLoader.addClass(AnnotationIocLoader.java:76) - Found @IocBean : class cn.wizzer.app.web.modules.controllers.platform.base.BaseCnctobjController
[DEBUG] 2018-10-15 16:13:26,124 org.nutz.ioc.loader.annotation.AnnotationIocLoader.addClass(AnnotationIocLoader.java:76) - Found @IocBean : class cn.wizzer.app.web.modules.controllers.platform.base.BaseCustomerController
[DEBUG] 2018-10-15 16:13:26,124 org.nutz.ioc.loader.annotation.AnnotationIocLoader.addClass(AnnotationIocLoader.java:76) - Found @IocBean : class cn.wizzer.app.web.modules.controllers.platform.base.BaseDeptController
[DEBUG] 2018-10-15 16:13:26,124 org.nutz.ioc.loader.annotation.AnnotationIocLoader.addClass(AnnotationIocLoader.java:76) - Found @IocBean : class cn.wizzer.app.web.modules.controllers.platform.base.BaseJobController
[DEBUG] 2018-10-15 16:13:26,124 org.nutz.ioc.loader.annotation.AnnotationIocLoader.addClass(AnnotationIocLoader.java:76) - Found @IocBean : class cn.wizzer.app.web.modules.controllers.platform.base.BasePersonController
[DEBUG] 2018-10-15 16:13:26,124 org.nutz.ioc.loader.annotation.AnnotationIocLoader.addClass(AnnotationIocLoader.java:76) - Found @IocBean : class cn.wizzer.app.web.modules.controllers.platform.base.BasePersonpoolController
[DEBUG] 2018-10-15 16:13:26,124 org.nutz.ioc.loader.annotation.AnnotationIocLoader.addClass(AnnotationIocLoader.java:76) - Found @IocBean : class cn.wizzer.app.web.modules.controllers.platform.base.BasePlaceController
[DEBUG] 2018-10-15 16:13:26,124 org.nutz.ioc.loader.annotation.AnnotationIocLoader.addClass(AnnotationIocLoader.java:76) - Found @IocBean : class cn.wizzer.app.web.modules.controllers.platform.base.BasePostController
[DEBUG] 2018-10-15 16:13:26,124 org.nutz.ioc.loader.annotation.AnnotationIocLoader.addClass(AnnotationIocLoader.java:76) - Found @IocBean : class cn.wizzer.app.web.modules.controllers.platform.base.BaseRowofficeController
[DEBUG] 2018-10-15 16:13:26,124 org.nutz.ioc.loader.annotation.AnnotationIocLoader.addClass(AnnotationIocLoader.java:76) - Found @IocBean : class cn.wizzer.app.web.modules.controllers.platform.base.BaseRowofficeentryController
[DEBUG] 2018-10-15 16:13:26,124 org.nutz.ioc.loader.annotation.AnnotationIocLoader.addClass(AnnotationIocLoader.java:76) - Found @IocBean : class cn.wizzer.app.web.modules.controllers.platform.base.BaseVehicleController
[DEBUG] 2018-10-15 16:13:26,124 org.nutz.ioc.loader.annotation.AnnotationIocLoader.addClass(AnnotationIocLoader.java:76) - Found @IocBean : class cn.wizzer.app.web.modules.controllers.platform.base.BaseWarehouseController
[DEBUG] 2018-10-15 16:13:26,124 org.nutz.ioc.loader.annotation.AnnotationIocLoader.addClass(AnnotationIocLoader.java:76) - Found @IocBean : class cn.wizzer.app.web.modules.controllers.platform.cms.CmsArticleController
[DEBUG] 2018-10-15 16:13:26,125 org.nutz.ioc.loader.annotation.AnnotationIocLoader.addClass(AnnotationIocLoader.java:76) - Found @IocBean : class cn.wizzer.app.web.modules.controllers.platform.cms.CmsChannelController
[DEBUG] 2018-10-15 16:13:26,125 org.nutz.ioc.loader.annotation.AnnotationIocLoader.addClass(AnnotationIocLoader.java:76) - Found @IocBean : class cn.wizzer.app.web.modules.controllers.platform.cms.CmsLinkClassController
[DEBUG] 2018-10-15 16:13:26,125 org.nutz.ioc.loader.annotation.AnnotationIocLoader.addClass(AnnotationIocLoader.java:76) - Found @IocBean : class cn.wizzer.app.web.modules.controllers.platform.cms.CmsLinkController
[DEBUG] 2018-10-15 16:13:26,125 org.nutz.ioc.loader.annotation.AnnotationIocLoader.addClass(AnnotationIocLoader.java:76) - Found @IocBean : class cn.wizzer.app.web.modules.controllers.platform.cms.CmsSiteController
[DEBUG] 2018-10-15 16:13:26,125 org.nutz.ioc.loader.annotation.AnnotationIocLoader.addClass(AnnotationIocLoader.java:76) - Found @IocBean : class cn.wizzer.app.web.modules.controllers.platform.ins.InsBaseinsController
[DEBUG] 2018-10-15 16:13:26,125 org.nutz.ioc.loader.annotation.AnnotationIocLoader.addClass(AnnotationIocLoader.java:76) - Found @IocBean : class cn.wizzer.app.web.modules.controllers.platform.ins.InsBaseinsSpaceController
[DEBUG] 2018-10-15 16:13:26,125 org.nutz.ioc.loader.annotation.AnnotationIocLoader.addClass(AnnotationIocLoader.java:76) - Found @IocBean : class cn.wizzer.app.web.modules.controllers.platform.ins.InsCabinetController
[DEBUG] 2018-10-15 16:13:26,125 org.nutz.ioc.loader.annotation.AnnotationIocLoader.addClass(AnnotationIocLoader.java:76) - Found @IocBean : class cn.wizzer.app.web.modules.controllers.platform.ins.InsCommonController
[DEBUG] 2018-10-15 16:13:26,125 org.nutz.ioc.loader.annotation.AnnotationIocLoader.addClass(AnnotationIocLoader.java:76) - Found @IocBean : class cn.wizzer.app.web.modules.controllers.platform.ins.InsInstrumentController
[DEBUG] 2018-10-15 16:13:26,125 org.nutz.ioc.loader.annotation.AnnotationIocLoader.addClass(AnnotationIocLoader.java:76) - Found @IocBean : class cn.wizzer.app.web.modules.controllers.platform.ins.InsLockController
[DEBUG] 2018-10-15 16:13:26,125 org.nutz.ioc.loader.annotation.AnnotationIocLoader.addClass(AnnotationIocLoader.java:76) - Found @IocBean : class cn.wizzer.app.web.modules.controllers.platform.ins.InsOrderController
[DEBUG] 2018-10-15 16:13:26,125 org.nutz.ioc.loader.annotation.AnnotationIocLoader.addClass(AnnotationIocLoader.java:76) - Found @IocBean : class cn.wizzer.app.web.modules.controllers.platform.ins.InsOrderentryController
[DEBUG] 2018-10-15 16:13:26,125 org.nutz.ioc.loader.annotation.AnnotationIocLoader.addClass(AnnotationIocLoader.java:76) - Found @IocBean : class cn.wizzer.app.web.modules.controllers.platform.ins.InsRepairController
[DEBUG] 2018-10-15 16:13:26,125 org.nutz.ioc.loader.annotation.AnnotationIocLoader.addClass(AnnotationIocLoader.java:76) - Found @IocBean : class cn.wizzer.app.web.modules.controllers.platform.ins.InsRepairtrackController
[DEBUG] 2018-10-15 16:13:26,125 org.nutz.ioc.loader.annotation.AnnotationIocLoader.addClass(AnnotationIocLoader.java:76) - Found @IocBean : class cn.wizzer.app.web.modules.controllers.platform.ins.InsRfheadController
[DEBUG] 2018-10-15 16:13:26,125 org.nutz.ioc.loader.annotation.AnnotationIocLoader.addClass(AnnotationIocLoader.java:76) - Found @IocBean : class cn.wizzer.app.web.modules.controllers.platform.ins.InsRfidController
[DEBUG] 2018-10-15 16:13:26,125 org.nutz.ioc.loader.annotation.AnnotationIocLoader.addClass(AnnotationIocLoader.java:76) - Found @IocBean : class cn.wizzer.app.web.modules.controllers.platform.ins.InsSpaceController
[DEBUG] 2018-10-15 16:13:26,125 org.nutz.ioc.loader.annotation.AnnotationIocLoader.addClass(AnnotationIocLoader.java:76) - Found @IocBean : class cn.wizzer.app.web.modules.controllers.platform.ins.InsToolcabinetController
[DEBUG] 2018-10-15 16:13:26,126 org.nutz.ioc.loader.annotation.AnnotationIocLoader.addClass(AnnotationIocLoader.java:76) - Found @IocBean : class cn.wizzer.app.web.modules.controllers.platform.ins.InsTransmitController
[DEBUG] 2018-10-15 16:13:26,126 org.nutz.ioc.loader.annotation.AnnotationIocLoader.addClass(AnnotationIocLoader.java:76) - Found @IocBean : class cn.wizzer.app.web.modules.controllers.platform.logistics.LogisticsDeliveryorderController
[DEBUG] 2018-10-15 16:13:26,126 org.nutz.ioc.loader.annotation.AnnotationIocLoader.addClass(AnnotationIocLoader.java:76) - Found @IocBean : class cn.wizzer.app.web.modules.controllers.platform.logistics.LogisticsDeliveryorderentryController
[DEBUG] 2018-10-15 16:13:26,126 org.nutz.ioc.loader.annotation.AnnotationIocLoader.addClass(AnnotationIocLoader.java:76) - Found @IocBean : class cn.wizzer.app.web.modules.controllers.platform.logistics.LogisticsEntourageController
[DEBUG] 2018-10-15 16:13:26,126 org.nutz.ioc.loader.annotation.AnnotationIocLoader.addClass(AnnotationIocLoader.java:76) - Found @IocBean : class cn.wizzer.app.web.modules.controllers.platform.logistics.LogisticsOrderController
[DEBUG] 2018-10-15 16:13:26,126 org.nutz.ioc.loader.annotation.AnnotationIocLoader.addClass(AnnotationIocLoader.java:76) - Found @IocBean : class cn.wizzer.app.web.modules.controllers.platform.logistics.LogisticsOrderdeliveryController
[DEBUG] 2018-10-15 16:13:26,126 org.nutz.ioc.loader.annotation.AnnotationIocLoader.addClass(AnnotationIocLoader.java:76) - Found @IocBean : class cn.wizzer.app.web.modules.controllers.platform.logistics.LogisticsOrderentryController
[DEBUG] 2018-10-15 16:13:26,126 org.nutz.ioc.loader.annotation.AnnotationIocLoader.addClass(AnnotationIocLoader.java:76) - Found @IocBean : class cn.wizzer.app.web.modules.controllers.platform.logistics.LogisticsOrderplanController
[DEBUG] 2018-10-15 16:13:26,126 org.nutz.ioc.loader.annotation.AnnotationIocLoader.addClass(AnnotationIocLoader.java:76) - Found @IocBean : class cn.wizzer.app.web.modules.controllers.platform.logistics.LogisticsOrderplanentryController
[DEBUG] 2018-10-15 16:13:26,126 org.nutz.ioc.loader.annotation.AnnotationIocLoader.addClass(AnnotationIocLoader.java:76) - Found @IocBean : class cn.wizzer.app.web.modules.controllers.platform.logistics.LogisticsOrderrejectController
[DEBUG] 2018-10-15 16:13:26,126 org.nutz.ioc.loader.annotation.AnnotationIocLoader.addClass(AnnotationIocLoader.java:76) - Found @IocBean : class cn.wizzer.app.web.modules.controllers.platform.logistics.LogisticsOrderstepController
[DEBUG] 2018-10-15 16:13:26,126 org.nutz.ioc.loader.annotation.AnnotationIocLoader.addClass(AnnotationIocLoader.java:76) - Found @IocBean : class cn.wizzer.app.web.modules.controllers.platform.logistics.LogisticsSendapprovalController
[DEBUG] 2018-10-15 16:13:26,126 org.nutz.ioc.loader.annotation.AnnotationIocLoader.addClass(AnnotationIocLoader.java:76) - Found @IocBean : class cn.wizzer.app.web.modules.controllers.platform.logistics.LogisticsSendgoodsController
[DEBUG] 2018-10-15 16:13:26,126 org.nutz.ioc.loader.annotation.AnnotationIocLoader.addClass(AnnotationIocLoader.java:76) - Found @IocBean : class cn.wizzer.app.web.modules.controllers.platform.logistics.LogisticsSendplanController
[DEBUG] 2018-10-15 16:13:26,126 org.nutz.ioc.loader.annotation.AnnotationIocLoader.addClass(AnnotationIocLoader.java:76) - Found @IocBean : class cn.wizzer.app.web.modules.controllers.platform.logistics.LogisticsSendtraceController
[DEBUG] 2018-10-15 16:13:26,126 org.nutz.ioc.loader.annotation.AnnotationIocLoader.addClass(AnnotationIocLoader.java:76) - Found @IocBean : class cn.wizzer.app.web.modules.controllers.platform.logistics.LogisticsUnplanController
[DEBUG] 2018-10-15 16:13:26,126 org.nutz.ioc.loader.annotation.AnnotationIocLoader.addClass(AnnotationIocLoader.java:76) - Found @IocBean : class cn.wizzer.app.web.modules.controllers.platform.sys.SysApiController
[DEBUG] 2018-10-15 16:13:26,127 org.nutz.ioc.loader.annotation.AnnotationIocLoader.addClass(AnnotationIocLoader.java:76) - Found @IocBean : class cn.wizzer.app.web.modules.controllers.platform.sys.SysBarcodeController
[DEBUG] 2018-10-15 16:13:26,127 org.nutz.ioc.loader.annotation.AnnotationIocLoader.addClass(AnnotationIocLoader.java:76) - Found @IocBean : class cn.wizzer.app.web.modules.controllers.platform.sys.SysConfController
[DEBUG] 2018-10-15 16:13:26,127 org.nutz.ioc.loader.annotation.AnnotationIocLoader.addClass(AnnotationIocLoader.java:76) - Found @IocBean : class cn.wizzer.app.web.modules.controllers.platform.sys.SysDictController
[DEBUG] 2018-10-15 16:13:26,127 org.nutz.ioc.loader.annotation.AnnotationIocLoader.addClass(AnnotationIocLoader.java:76) - Found @IocBean : class cn.wizzer.app.web.modules.controllers.platform.sys.SysHomeController
[DEBUG] 2018-10-15 16:13:26,127 org.nutz.ioc.loader.annotation.AnnotationIocLoader.addClass(AnnotationIocLoader.java:76) - Found @IocBean : class cn.wizzer.app.web.modules.controllers.platform.sys.SysLogController
[DEBUG] 2018-10-15 16:13:26,127 org.nutz.ioc.loader.annotation.AnnotationIocLoader.addClass(AnnotationIocLoader.java:76) - Found @IocBean : class cn.wizzer.app.web.modules.controllers.platform.sys.SysLoginController
[DEBUG] 2018-10-15 16:13:26,127 org.nutz.ioc.loader.annotation.AnnotationIocLoader.addClass(AnnotationIocLoader.java:76) - Found @IocBean : class cn.wizzer.app.web.modules.controllers.platform.sys.SysMenuController
[DEBUG] 2018-10-15 16:13:26,127 org.nutz.ioc.loader.annotation.AnnotationIocLoader.addClass(AnnotationIocLoader.java:76) - Found @IocBean : class cn.wizzer.app.web.modules.controllers.platform.sys.SysMobileController
[DEBUG] 2018-10-15 16:13:26,127 org.nutz.ioc.loader.annotation.AnnotationIocLoader.addClass(AnnotationIocLoader.java:76) - Found @IocBean : class cn.wizzer.app.web.modules.controllers.platform.sys.SysPluginController
[DEBUG] 2018-10-15 16:13:26,127 org.nutz.ioc.loader.annotation.AnnotationIocLoader.addClass(AnnotationIocLoader.java:76) - Found @IocBean : class cn.wizzer.app.web.modules.controllers.platform.sys.SysRegistauditController
[DEBUG] 2018-10-15 16:13:26,127 org.nutz.ioc.loader.annotation.AnnotationIocLoader.addClass(AnnotationIocLoader.java:76) - Found @IocBean : class cn.wizzer.app.web.modules.controllers.platform.sys.SysRoleController
[DEBUG] 2018-10-15 16:13:26,127 org.nutz.ioc.loader.annotation.AnnotationIocLoader.addClass(AnnotationIocLoader.java:76) - Found @IocBean : class cn.wizzer.app.web.modules.controllers.platform.sys.SysRouteController
[DEBUG] 2018-10-15 16:13:26,127 org.nutz.ioc.loader.annotation.AnnotationIocLoader.addClass(AnnotationIocLoader.java:76) - Found @IocBean : class cn.wizzer.app.web.modules.controllers.platform.sys.SysTaskController
[DEBUG] 2018-10-15 16:13:26,128 org.nutz.ioc.loader.annotation.AnnotationIocLoader.addClass(AnnotationIocLoader.java:76) - Found @IocBean : class cn.wizzer.app.web.modules.controllers.platform.sys.SysTempuserController
[DEBUG] 2018-10-15 16:13:26,128 org.nutz.ioc.loader.annotation.AnnotationIocLoader.addClass(AnnotationIocLoader.java:76) - Found @IocBean : class cn.wizzer.app.web.modules.controllers.platform.sys.SysUnitController
[DEBUG] 2018-10-15 16:13:26,128 org.nutz.ioc.loader.annotation.AnnotationIocLoader.addClass(AnnotationIocLoader.java:76) - Found @IocBean : class cn.wizzer.app.web.modules.controllers.platform.sys.SysUserController
[DEBUG] 2018-10-15 16:13:26,128 org.nutz.ioc.loader.annotation.AnnotationIocLoader.addClass(AnnotationIocLoader.java:76) - Found @IocBean : class cn.wizzer.app.web.modules.controllers.platform.sys.SysVersionController
[DEBUG] 2018-10-15 16:13:26,128 org.nutz.ioc.loader.annotation.AnnotationIocLoader.addClass(AnnotationIocLoader.java:76) - Found @IocBean : class cn.wizzer.app.web.modules.controllers.platform.sys.SysWxController
[DEBUG] 2018-10-15 16:13:26,128 org.nutz.ioc.loader.annotation.AnnotationIocLoader.addClass(AnnotationIocLoader.java:76) - Found @IocBean : class cn.wizzer.app.web.modules.controllers.platform.sys.SysWxDeptController
[DEBUG] 2018-10-15 16:13:26,128 org.nutz.ioc.loader.annotation.AnnotationIocLoader.addClass(AnnotationIocLoader.java:76) - Found @IocBean : class cn.wizzer.app.web.modules.controllers.platform.sys.SysWxUserController
[DEBUG] 2018-10-15 16:13:26,128 org.nutz.ioc.loader.annotation.AnnotationIocLoader.addClass(AnnotationIocLoader.java:76) - Found @IocBean : class cn.wizzer.app.web.modules.controllers.platform.wx.WxConfigController
[DEBUG] 2018-10-15 16:13:26,128 org.nutz.ioc.loader.annotation.AnnotationIocLoader.addClass(AnnotationIocLoader.java:76) - Found @IocBean : class cn.wizzer.app.web.modules.controllers.platform.wx.WxMassController
[DEBUG] 2018-10-15 16:13:26,128 org.nutz.ioc.loader.annotation.AnnotationIocLoader.addClass(AnnotationIocLoader.java:76) - Found @IocBean : class cn.wizzer.app.web.modules.controllers.platform.wx.WxMenuController
[DEBUG] 2018-10-15 16:13:26,128 org.nutz.ioc.loader.annotation.AnnotationIocLoader.addClass(AnnotationIocLoader.java:76) - Found @IocBean : class cn.wizzer.app.web.modules.controllers.platform.wx.WxMsgUserController
[DEBUG] 2018-10-15 16:13:26,128 org.nutz.ioc.loader.annotation.AnnotationIocLoader.addClass(AnnotationIocLoader.java:76) - Found @IocBean : class cn.wizzer.app.web.modules.controllers.platform.wx.WxPayTestController
[DEBUG] 2018-10-15 16:13:26,128 org.nutz.ioc.loader.annotation.AnnotationIocLoader.addClass(AnnotationIocLoader.java:76) - Found @IocBean : class cn.wizzer.app.web.modules.controllers.platform.wx.WxReplyController
[DEBUG] 2018-10-15 16:13:26,128 org.nutz.ioc.loader.annotation.AnnotationIocLoader.addClass(AnnotationIocLoader.java:76) - Found @IocBean : class cn.wizzer.app.web.modules.controllers.platform.wx.WxReplyNewsController
[DEBUG] 2018-10-15 16:13:26,128 org.nutz.ioc.loader.annotation.AnnotationIocLoader.addClass(AnnotationIocLoader.java:76) - Found @IocBean : class cn.wizzer.app.web.modules.controllers.platform.wx.WxReplyTxtController
[DEBUG] 2018-10-15 16:13:26,128 org.nutz.ioc.loader.annotation.AnnotationIocLoader.addClass(AnnotationIocLoader.java:76) - Found @IocBean : class cn.wizzer.app.web.modules.controllers.platform.wx.WxTplIdController
[DEBUG] 2018-10-15 16:13:26,128 org.nutz.ioc.loader.annotation.AnnotationIocLoader.addClass(AnnotationIocLoader.java:76) - Found @IocBean : class cn.wizzer.app.web.modules.controllers.platform.wx.WxTplListController
[DEBUG] 2018-10-15 16:13:26,129 org.nutz.ioc.loader.annotation.AnnotationIocLoader.addClass(AnnotationIocLoader.java:76) - Found @IocBean : class cn.wizzer.app.web.modules.controllers.platform.wx.WxTplLogController
[DEBUG] 2018-10-15 16:13:26,129 org.nutz.ioc.loader.annotation.AnnotationIocLoader.addClass(AnnotationIocLoader.java:76) - Found @IocBean : class cn.wizzer.app.web.modules.controllers.platform.wx.WxUserController
[DEBUG] 2018-10-15 16:13:26,129 org.nutz.ioc.loader.annotation.AnnotationIocLoader.addClass(AnnotationIocLoader.java:76) - Found @IocBean : class cn.wizzer.app.wx.modules.services.impl.WxConfigServiceImpl
[DEBUG] 2018-10-15 16:13:26,129 org.nutz.ioc.loader.annotation.AnnotationIocLoader.addClass(AnnotationIocLoader.java:76) - Found @IocBean : class cn.wizzer.app.wx.modules.services.impl.WxMassNewsServiceImpl
[DEBUG] 2018-10-15 16:13:26,129 org.nutz.ioc.loader.annotation.AnnotationIocLoader.addClass(AnnotationIocLoader.java:76) - Found @IocBean : class cn.wizzer.app.wx.modules.services.impl.WxMassSendServiceImpl
[DEBUG] 2018-10-15 16:13:26,129 org.nutz.ioc.loader.annotation.AnnotationIocLoader.addClass(AnnotationIocLoader.java:76) - Found @IocBean : class cn.wizzer.app.wx.modules.services.impl.WxMassServiceImpl
[DEBUG] 2018-10-15 16:13:26,129 org.nutz.ioc.loader.annotation.AnnotationIocLoader.addClass(AnnotationIocLoader.java:76) - Found @IocBean : class cn.wizzer.app.wx.modules.services.impl.WxMenuServiceImpl
[DEBUG] 2018-10-15 16:13:26,129 org.nutz.ioc.loader.annotation.AnnotationIocLoader.addClass(AnnotationIocLoader.java:76) - Found @IocBean : class cn.wizzer.app.wx.modules.services.impl.WxMsgReplyServiceImpl
[DEBUG] 2018-10-15 16:13:26,129 org.nutz.ioc.loader.annotation.AnnotationIocLoader.addClass(AnnotationIocLoader.java:76) - Found @IocBean : class cn.wizzer.app.wx.modules.services.impl.WxMsgServiceImpl
[DEBUG] 2018-10-15 16:13:26,129 org.nutz.ioc.loader.annotation.AnnotationIocLoader.addClass(AnnotationIocLoader.java:76) - Found @IocBean : class cn.wizzer.app.wx.modules.services.impl.WxReplyNewsServiceImpl
[DEBUG] 2018-10-15 16:13:26,129 org.nutz.ioc.loader.annotation.AnnotationIocLoader.addClass(AnnotationIocLoader.java:76) - Found @IocBean : class cn.wizzer.app.wx.modules.services.impl.WxReplyServiceImpl
[DEBUG] 2018-10-15 16:13:26,129 org.nutz.ioc.loader.annotation.AnnotationIocLoader.addClass(AnnotationIocLoader.java:76) - Found @IocBean : class cn.wizzer.app.wx.modules.services.impl.WxReplyTxtServiceImpl
[DEBUG] 2018-10-15 16:13:26,129 org.nutz.ioc.loader.annotation.AnnotationIocLoader.addClass(AnnotationIocLoader.java:76) - Found @IocBean : class cn.wizzer.app.wx.modules.services.impl.WxTplIdServiceImpl
[DEBUG] 2018-10-15 16:13:26,129 org.nutz.ioc.loader.annotation.AnnotationIocLoader.addClass(AnnotationIocLoader.java:76) - Found @IocBean : class cn.wizzer.app.wx.modules.services.impl.WxTplListServiceImpl
[DEBUG] 2018-10-15 16:13:26,129 org.nutz.ioc.loader.annotation.AnnotationIocLoader.addClass(AnnotationIocLoader.java:76) - Found @IocBean : class cn.wizzer.app.wx.modules.services.impl.WxTplLogServiceImpl
[DEBUG] 2018-10-15 16:13:26,129 org.nutz.ioc.loader.annotation.AnnotationIocLoader.addClass(AnnotationIocLoader.java:76) - Found @IocBean : class cn.wizzer.app.wx.modules.services.impl.WxUserServiceImpl
[DEBUG] 2018-10-15 16:13:26,130 org.nutz.ioc.loader.annotation.AnnotationIocLoader.addClass(AnnotationIocLoader.java:76) - Found @IocBean : class cn.wizzer.test.SimpleTest
[DEBUG] 2018-10-15 16:13:26,131 org.nutz.resource.Scans.scan(Scans.java:274) - Found 0 resource by src( org/nutz/apidoc/ ) , regex( ^.+[.]class$ )
[INFO ] 2018-10-15 16:13:26,132 org.nutz.ioc.loader.annotation.AnnotationIocLoader.<init>(AnnotationIocLoader.java:52) - Found 204 classes in 2 base-packages!
beans = ["wxTplListController", "uploadController", "wxReplyTxtServiceImpl", "logisticsSendplanController", "baseJobServiceImpl", "dateUtil", "qrcodeService", "logisticsSendgoodsServiceImpl", "logisticsOrderentryController", "insLockController", "baseRowofficeentryServiceImpl", "cmsChannelServiceImpl", "insBaseinsServiceImpl", "orderExecute", "cmsArticleController", "basePostController", "baseAirmeterialServiceImpl", "basePersonController", "logisticsOrderplanServiceImpl", "cmsLinkClassController", "basePostServiceImpl", "baseRowofficeServiceImpl", "baseJobController", "baseRowofficeController", "wxReplyController", "insRepairController", "sysConfigServiceImpl", "basePersonpoolController", "baseVehicleController", "wxMsgServiceImpl", "wxPayBackController", "logisticsUnplanController", "mobileInsController", "sysTaskController", "sysBarcodeController", "insTransmitController", "sysDictServiceImpl", "wxConfigServiceImpl", "baseAirportServiceImpl", "apiTestController", "sysMenuController", "cmsSiteServiceImpl", "mobileSysController", "cmsLinkController", "insCommonController", "logisticsOrderplanentryServiceImpl", "insInstrumentController", "sysRegistauditServiceImpl", "insLockServiceImpl", "insOrderController", "wechatController", "wxMsgUserController", "sysDictController", "sysWxUserController", "logisticsDeliveryorderentryController", "basePersonServiceImpl", "insOrderentryServiceImpl", "insRepairtrackController", "insInstrumentServiceImpl", "logisticsSendapprovalServiceImpl", "logisticsOrderdeliveryController", "wxTplListServiceImpl", "tplService", "sysPluginServiceImpl", "insRfheadController", "logisticsSendgoodsController", "mobileBaseController", "baseCnctobjServiceImpl", "nutShiroMethodInterceptor", "insCabinetServiceImpl", "basePlaceServiceImpl", "baseVehicleServiceImpl", "cmsLinkClassServiceImpl", "sysHomeController", "insRfheadServiceImpl", "sysMobileController", "wxMassServiceImpl", "logisticsOrderentryServiceImpl", "logisticsSendplanServiceImpl", "logisticsOrderrejectServiceImpl", "wxHandler", "cmsChannelController", "wxController", "rabbitProducer", "sysTaskServiceImpl", "sysVersionController", "shiroUtil", "wxReplyTxtController", "sysPluginController", "logisticsSendtraceController", "sysApiServiceImpl", "logisticsEntourageServiceImpl", "sLogService", "baseAirportController", "sysApiController", "wxTplIdController", "insSpaceServiceImpl", "logisticsOrderController", "sysTempuserController", "sysUserController", "platformAuthorizingRealm", "testJob", "$aop_1_plugin", "sysRegistauditController", "wxReplyNewsServiceImpl", "insTransmitServiceImpl", "sysLoginController", "wxTplLogServiceImpl", "sysUserServiceImpl", "sysRoleServiceImpl", "sysRouteController", "idcardUtil", "basePlaceController", "sysWxDeptController", "logisticsOrderplanentryController", "userpermissionController", "sysWxServiceImpl", "cmsController", "logisticsSendtraceServiceImpl", "insOrderentryController", "logisticsSendapprovalController", "wxMenuController", "insOrderServiceImpl", "weixinController", "code128Util", "insRepairServiceImpl", "logisticsOrderplanController", "wxMsgReplyServiceImpl", "logisticsOrderdeliveryServiceImpl", "cmsArticleServiceImpl", "baseCnctobjController", "baseCustomerController", "insBaseinsController", "insRfidServiceImpl", "cookieUtil", "baseRowofficeentryController", "logisticsOrderstepServiceImpl", "wxReplyServiceImpl", "bdController", "redisIdGenerator", "insBaseinsSpaceServiceImpl", "cmsSiteController", "logisticsDeliveryorderServiceImpl", "insCabinetController", "logisticsOrderServiceImpl", "sysWxDeptServiceImpl", "sysWxController", "mobileOrderController", "sysRoleController", "logisticsEntourageController", "insCommonServiceImpl", "sysUnitController", "padInsController", "wxMassSendServiceImpl", "logisticsDeliveryorderController", "rSAUtil", "wxConfigController", "stringUtil", "baseCustomerServiceImpl", "basePersonpoolServiceImpl", "insBaseinsSpaceController", "wxUserServiceImpl", "insSpaceController", "sysTempuserServiceImpl", "baseWarehouseServiceImpl", "insToolcabinetController", "sysWxUserServiceImpl", "dynamicInterceptor", "sysLogController", "wxMassController", "emailService", "baseWarehouseController", "insToolcabinetServiceImpl", "wxMenuServiceImpl", "wxReplyNewsController", "baseDeptServiceImpl", "sysRouteServiceImpl", "insRepairtrackServiceImpl", "wxMassNewsServiceImpl", "baseAirmeterialController", "sysMenuServiceImpl", "sysMobileServiceImpl", "simpleTest", "logisticsOrderstepController", "sysLogServiceImpl", "logisticsUnplanServiceImpl", "wxTplIdServiceImpl", "logisticsDeliveryorderentryServiceImpl", "$aop_syslog", "padSysController", "baseDeptController", "logisticsOrderrejectController", "padOrderController", "sysBarcodeServiceImpl", "wxTplLogController", "wxUserController", "wxPayTestController", "tokenController", "sysVersionServiceImpl", "cmsLinkServiceImpl", "sysUnitServiceImpl", "insRfidController", "sysConfController", "pluginMaster"]
[DEBUG] 2018-10-15 16:13:26,132 org.nutz.ioc.loader.combo.ComboIocLoader.createIocLoader(ComboIocLoader.java:110) - found jedis -- org.nutz.integration.jedis.JedisIocLoader
[DEBUG] 2018-10-15 16:13:26,133 org.nutz.resource.Scans.scan(Scans.java:274) - Found 1 resource by src( org/nutz/integration/jedis/jedis.js ) , regex( ^(.+[.])(js|json)$ )
[DEBUG] 2018-10-15 16:13:26,133 org.nutz.ioc.loader.json.JsonLoader.<init>(JsonLoader.java:49) - loading [org/nutz/integration/jedis/jedis.js]
[DEBUG] 2018-10-15 16:13:26,133 org.nutz.ioc.loader.json.JsonLoader.<init>(JsonLoader.java:57) - Loaded 9 bean define from path=[org/nutz/integration/jedis/jedis.js] --> [redisService, jedisCluster, jedisClusterNodes, jedisClusterWrapper, pubSubService, jedisPoolConfig, jedisPool, jedisAgent, redis]
[DEBUG] 2018-10-15 16:13:26,133 org.nutz.ioc.loader.json.JsonLoader.<init>(JsonLoader.java:40) - Loaded 5 bean define from reader --
[txREPEATABLE_READ, txSERIALIZABLE, txNONE, txREAD_UNCOMMITTED, txREAD_COMMITTED]
[DEBUG] 2018-10-15 16:13:26,134 org.nutz.ioc.loader.combo.ComboIocLoader.createIocLoader(ComboIocLoader.java:110) - found quartz -- org.nutz.integration.quartz.QuartzIocLoader
[DEBUG] 2018-10-15 16:13:26,134 org.nutz.ioc.loader.json.JsonLoader.<init>(JsonLoader.java:57) - Loaded 0 bean define from path=[] --> []
[DEBUG] 2018-10-15 16:13:26,135 org.nutz.ioc.aop.SimpleAopMaker.<init>(SimpleAopMaker.java:79) - Load AopConfigure for anno=org.nutz.aop.interceptor.async.Async by type=org.nutz.aop.interceptor.async.AsyncAopIocLoader
[DEBUG] 2018-10-15 16:13:26,136 org.nutz.ioc.loader.combo.ComboIocLoader.createIocLoader(ComboIocLoader.java:110) - found rabbitmq -- org.nutz.integration.rabbitmq.RabbitmqIocLoader
[DEBUG] 2018-10-15 16:13:26,137 org.nutz.resource.Scans.scan(Scans.java:274) - Found 1 resource by src( org/nutz/integration/rabbitmq/rabbitmq.js ) , regex( ^(.+[.])(js|json)$ )
[DEBUG] 2018-10-15 16:13:26,137 org.nutz.ioc.loader.json.JsonLoader.<init>(JsonLoader.java:49) - loading [org/nutz/integration/rabbitmq/rabbitmq.js]
[DEBUG] 2018-10-15 16:13:26,137 org.nutz.ioc.loader.json.JsonLoader.<init>(JsonLoader.java:57) - Loaded 2 bean define from path=[org/nutz/integration/rabbitmq/rabbitmq.js] --> [rabbitmq, rabbitmq_cf]
[INFO ] 2018-10-15 16:13:26,137 org.nutz.ioc.impl.NutIoc.<init>(NutIoc.java:98) - NutIoc init begin ...
[INFO ] 2018-10-15 16:13:26,137 org.nutz.ioc.impl.NutIoc.<init>(NutIoc.java:115) - ... NutIoc init complete
[DEBUG] 2018-10-15 16:13:26,137 org.nutz.ioc.impl.NutIoc.get(NutIoc.java:151) - Get 'conf'<class org.nutz.ioc.impl.PropertiesProxy>
[DEBUG] 2018-10-15 16:13:26,138 org.nutz.ioc.impl.NutIoc.get(NutIoc.java:151) - Get '$aop_1_plugin'<interface org.nutz.ioc.aop.config.AopConfigration>
[DEBUG] 2018-10-15 16:13:26,138 org.nutz.ioc.impl.NutIoc.get(NutIoc.java:177) - 	 >> Load definition name=$aop_1_plugin
[DEBUG] 2018-10-15 16:13:26,138 org.nutz.ioc.loader.combo.ComboIocLoader.load(ComboIocLoader.java:161) - Found IocObject($aop_1_plugin) in AnnotationIocLoader(packages=[cn.wizzer, org.nutz.apidoc])
[DEBUG] 2018-10-15 16:13:26,138 org.nutz.ioc.impl.NutIoc.get(NutIoc.java:209) - 	 >> Make...'$aop_1_plugin'<interface org.nutz.ioc.aop.config.AopConfigration>
[DEBUG] 2018-10-15 16:13:26,138 org.nutz.ioc.impl.ScopeContext.save(ScopeContext.java:64) - Save object '$aop_1_plugin' to [app] 
[DEBUG] 2018-10-15 16:13:26,138 org.nutz.ioc.impl.NutIoc.get(NutIoc.java:151) - Get 'dynamicInterceptor'<class cn.wizzer.app.web.commons.plugin.DynamicInterceptor>
[DEBUG] 2018-10-15 16:13:26,138 org.nutz.ioc.impl.NutIoc.get(NutIoc.java:177) - 	 >> Load definition name=dynamicInterceptor
[DEBUG] 2018-10-15 16:13:26,138 org.nutz.ioc.loader.combo.ComboIocLoader.load(ComboIocLoader.java:161) - Found IocObject(dynamicInterceptor) in AnnotationIocLoader(packages=[cn.wizzer, org.nutz.apidoc])
[DEBUG] 2018-10-15 16:13:26,138 org.nutz.ioc.impl.NutIoc.get(NutIoc.java:209) - 	 >> Make...'dynamicInterceptor'<class cn.wizzer.app.web.commons.plugin.DynamicInterceptor>
[DEBUG] 2018-10-15 16:13:26,138 org.nutz.ioc.impl.ScopeContext.save(ScopeContext.java:64) - Save object 'dynamicInterceptor' to [app] 
[DEBUG] 2018-10-15 16:13:26,138 org.nutz.ioc.impl.NutIoc.get(NutIoc.java:151) - Get '$aop_async'<interface org.nutz.ioc.aop.config.AopConfigration>
[DEBUG] 2018-10-15 16:13:26,138 org.nutz.ioc.impl.NutIoc.get(NutIoc.java:177) - 	 >> Load definition name=$aop_async
[DEBUG] 2018-10-15 16:13:26,138 org.nutz.ioc.loader.combo.ComboIocLoader.load(ComboIocLoader.java:161) - Found IocObject($aop_async) in AsyncAopIocLoader@660339123
[DEBUG] 2018-10-15 16:13:26,139 org.nutz.ioc.impl.NutIoc.get(NutIoc.java:209) - 	 >> Make...'$aop_async'<interface org.nutz.ioc.aop.config.AopConfigration>
[DEBUG] 2018-10-15 16:13:26,139 org.nutz.ioc.impl.ScopeContext.save(ScopeContext.java:64) - Save object '$aop_async' to [app] 
[DEBUG] 2018-10-15 16:13:26,139 org.nutz.ioc.impl.NutIoc.get(NutIoc.java:151) - Get '$aop_syslog'<interface org.nutz.ioc.aop.config.AopConfigration>
[DEBUG] 2018-10-15 16:13:26,139 org.nutz.ioc.impl.NutIoc.get(NutIoc.java:177) - 	 >> Load definition name=$aop_syslog
[DEBUG] 2018-10-15 16:13:26,139 org.nutz.ioc.loader.combo.ComboIocLoader.load(ComboIocLoader.java:161) - Found IocObject($aop_syslog) in AnnotationIocLoader(packages=[cn.wizzer, org.nutz.apidoc])
[DEBUG] 2018-10-15 16:13:26,139 org.nutz.ioc.impl.NutIoc.get(NutIoc.java:209) - 	 >> Make...'$aop_syslog'<interface org.nutz.ioc.aop.config.AopConfigration>
[DEBUG] 2018-10-15 16:13:26,139 org.nutz.ioc.impl.ScopeContext.save(ScopeContext.java:64) - Save object '$aop_syslog' to [app] 
[DEBUG] 2018-10-15 16:13:26,139 org.nutz.ioc.aop.SimpleAopMaker.<init>(SimpleAopMaker.java:79) - Load AopConfigure for anno=cn.wizzer.app.web.commons.slog.annotation.SLog by type=cn.wizzer.app.web.commons.slog.SLogAopConfigration
[DEBUG] 2018-10-15 16:13:26,139 org.nutz.ioc.aop.SimpleAopMaker.<init>(SimpleAopMaker.java:79) - Load AopConfigure for anno=org.nutz.ioc.aop.Aop by type=org.nutz.ioc.aop.config.impl.AnnotationAopConfigration
[DEBUG] 2018-10-15 16:13:26,139 org.nutz.ioc.impl.NutIoc.get(NutIoc.java:177) - 	 >> Load definition name=conf
[DEBUG] 2018-10-15 16:13:26,139 org.nutz.ioc.loader.map.MapLoader.load(MapLoader.java:67) - Loading define for name=conf
[DEBUG] 2018-10-15 16:13:26,139 org.nutz.ioc.loader.combo.ComboIocLoader.load(ComboIocLoader.java:161) - Found IocObject(conf) in JsonLoader(paths=[config/ioc/])
[DEBUG] 2018-10-15 16:13:26,139 org.nutz.ioc.impl.NutIoc.get(NutIoc.java:209) - 	 >> Make...'conf'<class org.nutz.ioc.impl.PropertiesProxy>
[DEBUG] 2018-10-15 16:13:26,139 cn.wizzer.app.web.commons.plugin.PluginAopConfigure.getInterceptorPairList(PluginAopConfigure.java:33) - skip -- org.nutz.ioc.impl.PropertiesProxy
[DEBUG] 2018-10-15 16:13:26,139 org.nutz.ioc.aop.impl.DefaultMirrorFactory.getMirror(DefaultMirrorFactory.java:70) - Load class org.nutz.ioc.impl.PropertiesProxy without AOP
[DEBUG] 2018-10-15 16:13:26,139 org.nutz.ioc.impl.ScopeContext.save(ScopeContext.java:64) - Save object 'conf' to [app] 
[DEBUG] 2018-10-15 16:13:26,142 org.nutz.resource.Scans.scan(Scans.java:274) - Found 4 resource by src( config/custom/ ) , regex( ^.+[.]properties$ )
[DEBUG] 2018-10-15 16:13:26,142 org.nutz.ioc.impl.PropertiesProxy.setPaths(PropertiesProxy.java:113) - load properties from File[C:\Users\Administrator\IdeaProjects\XA-Instrument\wk-app\wk-web\target\classes\config\custom\db.properties]
[DEBUG] 2018-10-15 16:13:26,142 org.nutz.ioc.impl.PropertiesProxy.setPaths(PropertiesProxy.java:113) - load properties from File[C:\Users\Administrator\IdeaProjects\XA-Instrument\wk-app\wk-web\target\classes\config\custom\mail.properties]
[DEBUG] 2018-10-15 16:13:26,143 org.nutz.ioc.impl.PropertiesProxy.setPaths(PropertiesProxy.java:113) - load properties from File[C:\Users\Administrator\IdeaProjects\XA-Instrument\wk-app\wk-web\target\classes\config\custom\rabbit.properties]
[DEBUG] 2018-10-15 16:13:26,143 org.nutz.ioc.impl.PropertiesProxy.setPaths(PropertiesProxy.java:113) - load properties from File[C:\Users\Administrator\IdeaProjects\XA-Instrument\wk-app\wk-web\target\classes\config\custom\redis.properties]
[DEBUG] 2018-10-15 16:13:26,143 org.nutz.ioc.impl.NutIoc.get(NutIoc.java:151) - Get 'simpleTest'<class cn.wizzer.test.SimpleTest>
[DEBUG] 2018-10-15 16:13:26,143 org.nutz.ioc.impl.NutIoc.get(NutIoc.java:177) - 	 >> Load definition name=simpleTest
[DEBUG] 2018-10-15 16:13:26,144 org.nutz.ioc.loader.combo.ComboIocLoader.load(ComboIocLoader.java:161) - Found IocObject(simpleTest) in AnnotationIocLoader(packages=[cn.wizzer, org.nutz.apidoc])
[DEBUG] 2018-10-15 16:13:26,144 org.nutz.ioc.impl.NutIoc.get(NutIoc.java:209) - 	 >> Make...'simpleTest'<class cn.wizzer.test.SimpleTest>
[DEBUG] 2018-10-15 16:13:26,144 cn.wizzer.app.web.commons.plugin.PluginAopConfigure.getInterceptorPairList(PluginAopConfigure.java:33) - skip -- cn.wizzer.test.SimpleTest
[DEBUG] 2018-10-15 16:13:26,144 org.nutz.ioc.aop.impl.DefaultMirrorFactory.getMirror(DefaultMirrorFactory.java:70) - Load class cn.wizzer.test.SimpleTest without AOP
[DEBUG] 2018-10-15 16:13:26,144 org.nutz.ioc.impl.ScopeContext.save(ScopeContext.java:64) - Save object 'simpleTest' to [app] 
[DEBUG] 2018-10-15 16:13:26,145 org.nutz.ioc.impl.NutIoc.get(NutIoc.java:151) - Get 'dao'<interface org.nutz.dao.Dao>
[DEBUG] 2018-10-15 16:13:26,145 org.nutz.ioc.impl.NutIoc.get(NutIoc.java:177) - 	 >> Load definition name=dao
[DEBUG] 2018-10-15 16:13:26,145 org.nutz.ioc.loader.map.MapLoader.load(MapLoader.java:67) - Loading define for name=dao
[DEBUG] 2018-10-15 16:13:26,145 org.nutz.ioc.loader.combo.ComboIocLoader.load(ComboIocLoader.java:161) - Found IocObject(dao) in JsonLoader(paths=[config/ioc/])
[DEBUG] 2018-10-15 16:13:26,145 org.nutz.ioc.impl.NutIoc.get(NutIoc.java:209) - 	 >> Make...'dao'<interface org.nutz.dao.Dao>
[DEBUG] 2018-10-15 16:13:26,145 cn.wizzer.app.web.commons.plugin.PluginAopConfigure.getInterceptorPairList(PluginAopConfigure.java:33) - skip -- org.nutz.dao.impl.NutDao
[DEBUG] 2018-10-15 16:13:26,145 org.nutz.ioc.aop.impl.DefaultMirrorFactory.getMirror(DefaultMirrorFactory.java:70) - Load class org.nutz.dao.impl.NutDao without AOP
[DEBUG] 2018-10-15 16:13:26,145 org.nutz.ioc.impl.ScopeContext.save(ScopeContext.java:64) - Save object 'dao' to [app] 
[DEBUG] 2018-10-15 16:13:26,145 org.nutz.ioc.impl.NutIoc.get(NutIoc.java:151) - Get 'dataSource'<>
[DEBUG] 2018-10-15 16:13:26,145 org.nutz.ioc.impl.NutIoc.get(NutIoc.java:177) - 	 >> Load definition name=dataSource
[DEBUG] 2018-10-15 16:13:26,146 org.nutz.ioc.loader.map.MapLoader.load(MapLoader.java:67) - Loading define for name=dataSource
[DEBUG] 2018-10-15 16:13:26,146 org.nutz.ioc.loader.combo.ComboIocLoader.load(ComboIocLoader.java:161) - Found IocObject(dataSource) in JsonLoader(paths=[config/ioc/])
[DEBUG] 2018-10-15 16:13:26,146 org.nutz.ioc.impl.NutIoc.get(NutIoc.java:209) - 	 >> Make...'dataSource'<>
[DEBUG] 2018-10-15 16:13:26,146 cn.wizzer.app.web.commons.plugin.PluginAopConfigure.getInterceptorPairList(PluginAopConfigure.java:33) - skip -- com.alibaba.druid.pool.DruidDataSource
[DEBUG] 2018-10-15 16:13:26,146 org.nutz.ioc.aop.impl.DefaultMirrorFactory.getMirror(DefaultMirrorFactory.java:70) - Load class com.alibaba.druid.pool.DruidDataSource without AOP
[DEBUG] 2018-10-15 16:13:26,146 org.nutz.ioc.impl.ScopeContext.save(ScopeContext.java:64) - Save object 'dataSource' to [app] 
[DEBUG] 2018-10-15 16:13:26,146 org.nutz.ioc.impl.NutIoc.get(NutIoc.java:151) - Get 'conf'<>
[DEBUG] 2018-10-15 16:13:26,147 org.nutz.ioc.impl.ScopeContext.remove(ScopeContext.java:84) - Remove object 'dataSource' from [app] 
[DEBUG] 2018-10-15 16:13:26,147 org.nutz.ioc.impl.ScopeContext.remove(ScopeContext.java:84) - Remove object 'dao' from [app] 
[DEBUG] 2018-10-15 16:13:26,147 org.nutz.ioc.impl.ScopeContext.remove(ScopeContext.java:84) - Remove object 'simpleTest' from [app] 
]]></system-out>
  </testcase>
  <testcase name="testOrder4" classname="cn.wizzer.test.SimpleTest" time="0.001">
    <error message="IocBean[simpleTest] throw Exception when creating" type="org.nutz.ioc.IocException">org.nutz.ioc.IocException: IocBean[simpleTest] throw Exception when creating
Caused by: java.lang.RuntimeException: IocBean[simpleTest] fail at field=[dao]
Caused by: org.nutz.ioc.IocException: IocBean[dao -> dataSource] throw Exception when creating
Caused by: java.lang.IllegalArgumentException: Failed to decrypt.
Caused by: java.lang.IllegalArgumentException: String length must be a multiple of four.
</error>
    <system-out><![CDATA[[INFO ] 2018-10-15 16:13:26,147 org.nutz.ioc.impl.NutIoc.depose(NutIoc.java:255) - org.nutz.ioc.impl.NutIoc@462039519 is closing. startup date [18-10-15 16:13:26.137]
[DEBUG] 2018-10-15 16:13:26,147 org.nutz.ioc.impl.ScopeContext.clear(ScopeContext.java:108) - Depose object 'conf' ...
[DEBUG] 2018-10-15 16:13:26,147 org.nutz.ioc.impl.ScopeContext.clear(ScopeContext.java:108) - Depose object '$aop_syslog' ...
[DEBUG] 2018-10-15 16:13:26,148 org.nutz.ioc.impl.ScopeContext.clear(ScopeContext.java:108) - Depose object '$aop_async' ...
[DEBUG] 2018-10-15 16:13:26,148 org.nutz.ioc.impl.ScopeContext.clear(ScopeContext.java:108) - Depose object 'dynamicInterceptor' ...
[DEBUG] 2018-10-15 16:13:26,148 org.nutz.ioc.impl.ScopeContext.clear(ScopeContext.java:108) - Depose object '$aop_1_plugin' ...
[INFO ] 2018-10-15 16:13:26,148 org.nutz.ioc.impl.NutIoc.depose(NutIoc.java:262) - org.nutz.ioc.impl.NutIoc@462039519 is deposed. startup date [18-10-15 16:13:26.137]
[DEBUG] 2018-10-15 16:13:26,150 org.nutz.resource.Scans.scan(Scans.java:274) - Found 4 resource by src( config/ioc/ ) , regex( ^(.+[.])(js|json)$ )
[DEBUG] 2018-10-15 16:13:26,150 org.nutz.ioc.loader.json.JsonLoader.<init>(JsonLoader.java:49) - loading [dao.json]
[DEBUG] 2018-10-15 16:13:26,151 org.nutz.ioc.loader.json.JsonLoader.<init>(JsonLoader.java:49) - loading [ehcache.json]
[DEBUG] 2018-10-15 16:13:26,151 org.nutz.ioc.loader.json.JsonLoader.<init>(JsonLoader.java:49) - loading [mail.json]
[DEBUG] 2018-10-15 16:13:26,151 org.nutz.ioc.loader.json.JsonLoader.<init>(JsonLoader.java:49) - loading [upload.json]
[DEBUG] 2018-10-15 16:13:26,152 org.nutz.ioc.loader.json.JsonLoader.<init>(JsonLoader.java:57) - Loaded 15 bean define from path=[config/ioc/] --> [videoUpload, conf, uploadVideoContext, imageUpload, fileUpload, cacheManager, dao, cacheProvider, emailAuthenticator, uploadFileContext, htmlEmail, cacheExecutor, tmpFilePool, uploadImageContext, dataSource]
[DEBUG] 2018-10-15 16:13:26,300 org.nutz.resource.Scans.scan(Scans.java:274) - Found 452 resource by src( cn/wizzer/ ) , regex( ^.+[.]class$ )
[DEBUG] 2018-10-15 16:13:26,301 org.nutz.ioc.loader.annotation.AnnotationIocLoader.addClass(AnnotationIocLoader.java:76) - Found @IocBean : class cn.wizzer.framework.util.StringUtil
[DEBUG] 2018-10-15 16:13:26,302 org.nutz.ioc.loader.annotation.AnnotationIocLoader.addClass(AnnotationIocLoader.java:76) - Found @IocBean : class cn.wizzer.framework.util.CookieUtil
[DEBUG] 2018-10-15 16:13:26,302 org.nutz.ioc.loader.annotation.AnnotationIocLoader.addClass(AnnotationIocLoader.java:76) - Found @IocBean : class cn.wizzer.framework.ig.RedisIdGenerator
[DEBUG] 2018-10-15 16:13:26,302 org.nutz.ioc.loader.annotation.AnnotationIocLoader.addClass(AnnotationIocLoader.java:76) - Found @IocBean : class cn.wizzer.framework.util.DateUtil
[DEBUG] 2018-10-15 16:13:26,302 org.nutz.ioc.loader.annotation.AnnotationIocLoader.addClass(AnnotationIocLoader.java:76) - Found @IocBean : class cn.wizzer.framework.shiro.interceptor.NutShiroMethodInterceptor
[DEBUG] 2018-10-15 16:13:26,302 org.nutz.ioc.loader.annotation.AnnotationIocLoader.addClass(AnnotationIocLoader.java:76) - Found @IocBean : class cn.wizzer.framework.util.IdcardUtil
[DEBUG] 2018-10-15 16:13:26,302 org.nutz.ioc.loader.annotation.AnnotationIocLoader.addClass(AnnotationIocLoader.java:76) - Found @IocBean : class cn.wizzer.framework.rabbit.RabbitProducer
[DEBUG] 2018-10-15 16:13:26,302 org.nutz.ioc.loader.annotation.AnnotationIocLoader.addClass(AnnotationIocLoader.java:76) - Found @IocBean : class cn.wizzer.framework.util.RSAUtil
[DEBUG] 2018-10-15 16:13:26,302 org.nutz.ioc.loader.annotation.AnnotationIocLoader.addClass(AnnotationIocLoader.java:76) - Found @IocBean : class cn.wizzer.framework.util.ShiroUtil
[DEBUG] 2018-10-15 16:13:26,302 org.nutz.ioc.loader.annotation.AnnotationIocLoader.addClass(AnnotationIocLoader.java:76) - Found @IocBean : class cn.wizzer.framework.util.Code128Util
[DEBUG] 2018-10-15 16:13:26,302 org.nutz.ioc.loader.annotation.AnnotationIocLoader.addClass(AnnotationIocLoader.java:76) - Found @IocBean : class cn.wizzer.app.base.modules.services.impl.BaseAirmeterialServiceImpl
[DEBUG] 2018-10-15 16:13:26,302 org.nutz.ioc.loader.annotation.AnnotationIocLoader.addClass(AnnotationIocLoader.java:76) - Found @IocBean : class cn.wizzer.app.base.modules.services.impl.BaseAirportServiceImpl
[DEBUG] 2018-10-15 16:13:26,302 org.nutz.ioc.loader.annotation.AnnotationIocLoader.addClass(AnnotationIocLoader.java:76) - Found @IocBean : class cn.wizzer.app.base.modules.services.impl.BaseCnctobjServiceImpl
[DEBUG] 2018-10-15 16:13:26,302 org.nutz.ioc.loader.annotation.AnnotationIocLoader.addClass(AnnotationIocLoader.java:76) - Found @IocBean : class cn.wizzer.app.base.modules.services.impl.BaseCustomerServiceImpl
[DEBUG] 2018-10-15 16:13:26,302 org.nutz.ioc.loader.annotation.AnnotationIocLoader.addClass(AnnotationIocLoader.java:76) - Found @IocBean : class cn.wizzer.app.base.modules.services.impl.BaseDeptServiceImpl
[DEBUG] 2018-10-15 16:13:26,303 org.nutz.ioc.loader.annotation.AnnotationIocLoader.addClass(AnnotationIocLoader.java:76) - Found @IocBean : class cn.wizzer.app.base.modules.services.impl.BaseJobServiceImpl
[DEBUG] 2018-10-15 16:13:26,303 org.nutz.ioc.loader.annotation.AnnotationIocLoader.addClass(AnnotationIocLoader.java:76) - Found @IocBean : class cn.wizzer.app.base.modules.services.impl.BasePersonpoolServiceImpl
[DEBUG] 2018-10-15 16:13:26,303 org.nutz.ioc.loader.annotation.AnnotationIocLoader.addClass(AnnotationIocLoader.java:76) - Found @IocBean : class cn.wizzer.app.base.modules.services.impl.BasePersonServiceImpl
[DEBUG] 2018-10-15 16:13:26,303 org.nutz.ioc.loader.annotation.AnnotationIocLoader.addClass(AnnotationIocLoader.java:76) - Found @IocBean : class cn.wizzer.app.base.modules.services.impl.BasePlaceServiceImpl
[DEBUG] 2018-10-15 16:13:26,303 org.nutz.ioc.loader.annotation.AnnotationIocLoader.addClass(AnnotationIocLoader.java:76) - Found @IocBean : class cn.wizzer.app.base.modules.services.impl.BasePostServiceImpl
[DEBUG] 2018-10-15 16:13:26,303 org.nutz.ioc.loader.annotation.AnnotationIocLoader.addClass(AnnotationIocLoader.java:76) - Found @IocBean : class cn.wizzer.app.base.modules.services.impl.BaseRowofficeentryServiceImpl
[DEBUG] 2018-10-15 16:13:26,303 org.nutz.ioc.loader.annotation.AnnotationIocLoader.addClass(AnnotationIocLoader.java:76) - Found @IocBean : class cn.wizzer.app.base.modules.services.impl.BaseRowofficeServiceImpl
[DEBUG] 2018-10-15 16:13:26,303 org.nutz.ioc.loader.annotation.AnnotationIocLoader.addClass(AnnotationIocLoader.java:76) - Found @IocBean : class cn.wizzer.app.base.modules.services.impl.BaseVehicleServiceImpl
[DEBUG] 2018-10-15 16:13:26,303 org.nutz.ioc.loader.annotation.AnnotationIocLoader.addClass(AnnotationIocLoader.java:76) - Found @IocBean : class cn.wizzer.app.base.modules.services.impl.BaseWarehouseServiceImpl
[DEBUG] 2018-10-15 16:13:26,303 org.nutz.ioc.loader.annotation.AnnotationIocLoader.addClass(AnnotationIocLoader.java:76) - Found @IocBean : class cn.wizzer.app.cms.modules.services.impl.CmsArticleServiceImpl
[DEBUG] 2018-10-15 16:13:26,303 org.nutz.ioc.loader.annotation.AnnotationIocLoader.addClass(AnnotationIocLoader.java:76) - Found @IocBean : class cn.wizzer.app.cms.modules.services.impl.CmsChannelServiceImpl
[DEBUG] 2018-10-15 16:13:26,303 org.nutz.ioc.loader.annotation.AnnotationIocLoader.addClass(AnnotationIocLoader.java:76) - Found @IocBean : class cn.wizzer.app.cms.modules.services.impl.CmsLinkClassServiceImpl
[DEBUG] 2018-10-15 16:13:26,304 org.nutz.ioc.loader.annotation.AnnotationIocLoader.addClass(AnnotationIocLoader.java:76) - Found @IocBean : class cn.wizzer.app.cms.modules.services.impl.CmsLinkServiceImpl
[DEBUG] 2018-10-15 16:13:26,304 org.nutz.ioc.loader.annotation.AnnotationIocLoader.addClass(AnnotationIocLoader.java:76) - Found @IocBean : class cn.wizzer.app.cms.modules.services.impl.CmsSiteServiceImpl
[DEBUG] 2018-10-15 16:13:26,304 org.nutz.ioc.loader.annotation.AnnotationIocLoader.addClass(AnnotationIocLoader.java:76) - Found @IocBean : class cn.wizzer.app.ins.modules.services.impl.InsBaseinsServiceImpl
[DEBUG] 2018-10-15 16:13:26,304 org.nutz.ioc.loader.annotation.AnnotationIocLoader.addClass(AnnotationIocLoader.java:76) - Found @IocBean : class cn.wizzer.app.ins.modules.services.impl.InsBaseinsSpaceServiceImpl
[DEBUG] 2018-10-15 16:13:26,304 org.nutz.ioc.loader.annotation.AnnotationIocLoader.addClass(AnnotationIocLoader.java:76) - Found @IocBean : class cn.wizzer.app.ins.modules.services.impl.InsCabinetServiceImpl
[DEBUG] 2018-10-15 16:13:26,304 org.nutz.ioc.loader.annotation.AnnotationIocLoader.addClass(AnnotationIocLoader.java:76) - Found @IocBean : class cn.wizzer.app.ins.modules.services.impl.InsCommonServiceImpl
[DEBUG] 2018-10-15 16:13:26,304 org.nutz.ioc.loader.annotation.AnnotationIocLoader.addClass(AnnotationIocLoader.java:76) - Found @IocBean : class cn.wizzer.app.ins.modules.services.impl.InsInstrumentServiceImpl
[DEBUG] 2018-10-15 16:13:26,304 org.nutz.ioc.loader.annotation.AnnotationIocLoader.addClass(AnnotationIocLoader.java:76) - Found @IocBean : class cn.wizzer.app.ins.modules.services.impl.InsLockServiceImpl
[DEBUG] 2018-10-15 16:13:26,304 org.nutz.ioc.loader.annotation.AnnotationIocLoader.addClass(AnnotationIocLoader.java:76) - Found @IocBean : class cn.wizzer.app.ins.modules.services.impl.InsOrderentryServiceImpl
[DEBUG] 2018-10-15 16:13:26,304 org.nutz.ioc.loader.annotation.AnnotationIocLoader.addClass(AnnotationIocLoader.java:76) - Found @IocBean : class cn.wizzer.app.ins.modules.services.impl.InsOrderServiceImpl
[DEBUG] 2018-10-15 16:13:26,304 org.nutz.ioc.loader.annotation.AnnotationIocLoader.addClass(AnnotationIocLoader.java:76) - Found @IocBean : class cn.wizzer.app.ins.modules.services.impl.InsRepairServiceImpl
[DEBUG] 2018-10-15 16:13:26,304 org.nutz.ioc.loader.annotation.AnnotationIocLoader.addClass(AnnotationIocLoader.java:76) - Found @IocBean : class cn.wizzer.app.ins.modules.services.impl.InsRepairtrackServiceImpl
[DEBUG] 2018-10-15 16:13:26,305 org.nutz.ioc.loader.annotation.AnnotationIocLoader.addClass(AnnotationIocLoader.java:76) - Found @IocBean : class cn.wizzer.app.ins.modules.services.impl.InsRfheadServiceImpl
[DEBUG] 2018-10-15 16:13:26,305 org.nutz.ioc.loader.annotation.AnnotationIocLoader.addClass(AnnotationIocLoader.java:76) - Found @IocBean : class cn.wizzer.app.ins.modules.services.impl.InsRfidServiceImpl
[DEBUG] 2018-10-15 16:13:26,305 org.nutz.ioc.loader.annotation.AnnotationIocLoader.addClass(AnnotationIocLoader.java:76) - Found @IocBean : class cn.wizzer.app.ins.modules.services.impl.InsSpaceServiceImpl
[DEBUG] 2018-10-15 16:13:26,305 org.nutz.ioc.loader.annotation.AnnotationIocLoader.addClass(AnnotationIocLoader.java:76) - Found @IocBean : class cn.wizzer.app.ins.modules.services.impl.InsToolcabinetServiceImpl
[DEBUG] 2018-10-15 16:13:26,305 org.nutz.ioc.loader.annotation.AnnotationIocLoader.addClass(AnnotationIocLoader.java:76) - Found @IocBean : class cn.wizzer.app.ins.modules.services.impl.InsTransmitServiceImpl
[DEBUG] 2018-10-15 16:13:26,305 org.nutz.ioc.loader.annotation.AnnotationIocLoader.addClass(AnnotationIocLoader.java:76) - Found @IocBean : class cn.wizzer.app.logistics.modules.services.impl.LogisticsDeliveryorderentryServiceImpl
[DEBUG] 2018-10-15 16:13:26,305 org.nutz.ioc.loader.annotation.AnnotationIocLoader.addClass(AnnotationIocLoader.java:76) - Found @IocBean : class cn.wizzer.app.logistics.modules.services.impl.LogisticsDeliveryorderServiceImpl
[DEBUG] 2018-10-15 16:13:26,305 org.nutz.ioc.loader.annotation.AnnotationIocLoader.addClass(AnnotationIocLoader.java:76) - Found @IocBean : class cn.wizzer.app.logistics.modules.services.impl.LogisticsEntourageServiceImpl
[DEBUG] 2018-10-15 16:13:26,305 org.nutz.ioc.loader.annotation.AnnotationIocLoader.addClass(AnnotationIocLoader.java:76) - Found @IocBean : class cn.wizzer.app.logistics.modules.services.impl.LogisticsOrderdeliveryServiceImpl
[DEBUG] 2018-10-15 16:13:26,305 org.nutz.ioc.loader.annotation.AnnotationIocLoader.addClass(AnnotationIocLoader.java:76) - Found @IocBean : class cn.wizzer.app.logistics.modules.services.impl.LogisticsOrderentryServiceImpl
[DEBUG] 2018-10-15 16:13:26,305 org.nutz.ioc.loader.annotation.AnnotationIocLoader.addClass(AnnotationIocLoader.java:76) - Found @IocBean : class cn.wizzer.app.logistics.modules.services.impl.LogisticsOrderplanentryServiceImpl
[DEBUG] 2018-10-15 16:13:26,305 org.nutz.ioc.loader.annotation.AnnotationIocLoader.addClass(AnnotationIocLoader.java:76) - Found @IocBean : class cn.wizzer.app.logistics.modules.services.impl.LogisticsOrderplanServiceImpl
[DEBUG] 2018-10-15 16:13:26,306 org.nutz.ioc.loader.annotation.AnnotationIocLoader.addClass(AnnotationIocLoader.java:76) - Found @IocBean : class cn.wizzer.app.logistics.modules.services.impl.LogisticsOrderrejectServiceImpl
[DEBUG] 2018-10-15 16:13:26,306 org.nutz.ioc.loader.annotation.AnnotationIocLoader.addClass(AnnotationIocLoader.java:76) - Found @IocBean : class cn.wizzer.app.logistics.modules.services.impl.LogisticsOrderServiceImpl
[DEBUG] 2018-10-15 16:13:26,306 org.nutz.ioc.loader.annotation.AnnotationIocLoader.addClass(AnnotationIocLoader.java:76) - Found @IocBean : class cn.wizzer.app.logistics.modules.services.impl.LogisticsOrderstepServiceImpl
[DEBUG] 2018-10-15 16:13:26,306 org.nutz.ioc.loader.annotation.AnnotationIocLoader.addClass(AnnotationIocLoader.java:76) - Found @IocBean : class cn.wizzer.app.logistics.modules.services.impl.LogisticsSendapprovalServiceImpl
[DEBUG] 2018-10-15 16:13:26,306 org.nutz.ioc.loader.annotation.AnnotationIocLoader.addClass(AnnotationIocLoader.java:76) - Found @IocBean : class cn.wizzer.app.logistics.modules.services.impl.LogisticsSendgoodsServiceImpl
[DEBUG] 2018-10-15 16:13:26,306 org.nutz.ioc.loader.annotation.AnnotationIocLoader.addClass(AnnotationIocLoader.java:76) - Found @IocBean : class cn.wizzer.app.logistics.modules.services.impl.LogisticsSendplanServiceImpl
[DEBUG] 2018-10-15 16:13:26,306 org.nutz.ioc.loader.annotation.AnnotationIocLoader.addClass(AnnotationIocLoader.java:76) - Found @IocBean : class cn.wizzer.app.logistics.modules.services.impl.LogisticsSendtraceServiceImpl
[DEBUG] 2018-10-15 16:13:26,306 org.nutz.ioc.loader.annotation.AnnotationIocLoader.addClass(AnnotationIocLoader.java:76) - Found @IocBean : class cn.wizzer.app.logistics.modules.services.impl.LogisticsUnplanServiceImpl
[DEBUG] 2018-10-15 16:13:26,306 org.nutz.ioc.loader.annotation.AnnotationIocLoader.addClass(AnnotationIocLoader.java:76) - Found @IocBean : class cn.wizzer.app.sys.modules.services.impl.SysApiServiceImpl
[DEBUG] 2018-10-15 16:13:26,306 org.nutz.ioc.loader.annotation.AnnotationIocLoader.addClass(AnnotationIocLoader.java:76) - Found @IocBean : class cn.wizzer.app.sys.modules.services.impl.SysBarcodeServiceImpl
[DEBUG] 2018-10-15 16:13:26,306 org.nutz.ioc.loader.annotation.AnnotationIocLoader.addClass(AnnotationIocLoader.java:76) - Found @IocBean : class cn.wizzer.app.sys.modules.services.impl.SysConfigServiceImpl
[DEBUG] 2018-10-15 16:13:26,306 org.nutz.ioc.loader.annotation.AnnotationIocLoader.addClass(AnnotationIocLoader.java:76) - Found @IocBean : class cn.wizzer.app.sys.modules.services.impl.SysDictServiceImpl
[DEBUG] 2018-10-15 16:13:26,307 org.nutz.ioc.loader.annotation.AnnotationIocLoader.addClass(AnnotationIocLoader.java:76) - Found @IocBean : class cn.wizzer.app.sys.modules.services.impl.SysLogServiceImpl
[DEBUG] 2018-10-15 16:13:26,307 org.nutz.ioc.loader.annotation.AnnotationIocLoader.addClass(AnnotationIocLoader.java:76) - Found @IocBean : class cn.wizzer.app.sys.modules.services.impl.SysMenuServiceImpl
[DEBUG] 2018-10-15 16:13:26,307 org.nutz.ioc.loader.annotation.AnnotationIocLoader.addClass(AnnotationIocLoader.java:76) - Found @IocBean : class cn.wizzer.app.sys.modules.services.impl.SysMobileServiceImpl
[DEBUG] 2018-10-15 16:13:26,307 org.nutz.ioc.loader.annotation.AnnotationIocLoader.addClass(AnnotationIocLoader.java:76) - Found @IocBean : class cn.wizzer.app.sys.modules.services.impl.SysPluginServiceImpl
[DEBUG] 2018-10-15 16:13:26,307 org.nutz.ioc.loader.annotation.AnnotationIocLoader.addClass(AnnotationIocLoader.java:76) - Found @IocBean : class cn.wizzer.app.sys.modules.services.impl.SysRegistauditServiceImpl
[DEBUG] 2018-10-15 16:13:26,307 org.nutz.ioc.loader.annotation.AnnotationIocLoader.addClass(AnnotationIocLoader.java:76) - Found @IocBean : class cn.wizzer.app.sys.modules.services.impl.SysRoleServiceImpl
[DEBUG] 2018-10-15 16:13:26,307 org.nutz.ioc.loader.annotation.AnnotationIocLoader.addClass(AnnotationIocLoader.java:76) - Found @IocBean : class cn.wizzer.app.sys.modules.services.impl.SysRouteServiceImpl
[DEBUG] 2018-10-15 16:13:26,307 org.nutz.ioc.loader.annotation.AnnotationIocLoader.addClass(AnnotationIocLoader.java:76) - Found @IocBean : class cn.wizzer.app.sys.modules.services.impl.SysTaskServiceImpl
[DEBUG] 2018-10-15 16:13:26,307 org.nutz.ioc.loader.annotation.AnnotationIocLoader.addClass(AnnotationIocLoader.java:76) - Found @IocBean : class cn.wizzer.app.sys.modules.services.impl.SysTempuserServiceImpl
[DEBUG] 2018-10-15 16:13:26,307 org.nutz.ioc.loader.annotation.AnnotationIocLoader.addClass(AnnotationIocLoader.java:76) - Found @IocBean : class cn.wizzer.app.sys.modules.services.impl.SysUnitServiceImpl
[DEBUG] 2018-10-15 16:13:26,307 org.nutz.ioc.loader.annotation.AnnotationIocLoader.addClass(AnnotationIocLoader.java:76) - Found @IocBean : class cn.wizzer.app.sys.modules.services.impl.SysUserServiceImpl
[DEBUG] 2018-10-15 16:13:26,307 org.nutz.ioc.loader.annotation.AnnotationIocLoader.addClass(AnnotationIocLoader.java:76) - Found @IocBean : class cn.wizzer.app.sys.modules.services.impl.SysVersionServiceImpl
[DEBUG] 2018-10-15 16:13:26,307 org.nutz.ioc.loader.annotation.AnnotationIocLoader.addClass(AnnotationIocLoader.java:76) - Found @IocBean : class cn.wizzer.app.sys.modules.services.impl.SysWxDeptServiceImpl
[DEBUG] 2018-10-15 16:13:26,307 org.nutz.ioc.loader.annotation.AnnotationIocLoader.addClass(AnnotationIocLoader.java:76) - Found @IocBean : class cn.wizzer.app.sys.modules.services.impl.SysWxServiceImpl
[DEBUG] 2018-10-15 16:13:26,308 org.nutz.ioc.loader.annotation.AnnotationIocLoader.addClass(AnnotationIocLoader.java:76) - Found @IocBean : class cn.wizzer.app.sys.modules.services.impl.SysWxUserServiceImpl
[DEBUG] 2018-10-15 16:13:26,308 org.nutz.ioc.loader.annotation.AnnotationIocLoader.addClass(AnnotationIocLoader.java:76) - Found @IocBean : class cn.wizzer.app.web.commons.plugin.DynamicInterceptor
[DEBUG] 2018-10-15 16:13:26,308 org.nutz.ioc.loader.annotation.AnnotationIocLoader.addClass(AnnotationIocLoader.java:76) - Found @IocBean : class cn.wizzer.app.web.commons.plugin.PluginAopConfigure
[DEBUG] 2018-10-15 16:13:26,308 org.nutz.ioc.loader.annotation.AnnotationIocLoader.addClass(AnnotationIocLoader.java:76) - Found @IocBean : class cn.wizzer.app.web.commons.plugin.PluginMaster
[DEBUG] 2018-10-15 16:13:26,308 org.nutz.ioc.loader.annotation.AnnotationIocLoader.addClass(AnnotationIocLoader.java:76) - Found @IocBean : class cn.wizzer.app.web.commons.quartz.job.orderExecute
[DEBUG] 2018-10-15 16:13:26,308 org.nutz.ioc.loader.annotation.AnnotationIocLoader.addClass(AnnotationIocLoader.java:76) - Found @IocBean : class cn.wizzer.app.web.commons.quartz.job.TestJob
[DEBUG] 2018-10-15 16:13:26,308 org.nutz.ioc.loader.annotation.AnnotationIocLoader.addClass(AnnotationIocLoader.java:76) - Found @IocBean : class cn.wizzer.app.web.commons.services.email.EmailService
[DEBUG] 2018-10-15 16:13:26,308 org.nutz.ioc.loader.annotation.AnnotationIocLoader.addClass(AnnotationIocLoader.java:76) - Found @IocBean : class cn.wizzer.app.web.commons.services.qrcode.QrcodeService
[DEBUG] 2018-10-15 16:13:26,308 org.nutz.ioc.loader.annotation.AnnotationIocLoader.addClass(AnnotationIocLoader.java:76) - Found @IocBean : class cn.wizzer.app.web.commons.services.wx.TplService
[DEBUG] 2018-10-15 16:13:26,308 org.nutz.ioc.loader.annotation.AnnotationIocLoader.addClass(AnnotationIocLoader.java:76) - Found @IocBean : class cn.wizzer.app.web.commons.services.wx.WxHandler
[DEBUG] 2018-10-15 16:13:26,308 org.nutz.ioc.loader.annotation.AnnotationIocLoader.addClass(AnnotationIocLoader.java:76) - Found @IocBean : class cn.wizzer.app.web.commons.shiro.realm.PlatformAuthorizingRealm
[DEBUG] 2018-10-15 16:13:26,308 org.nutz.ioc.loader.annotation.AnnotationIocLoader.addClass(AnnotationIocLoader.java:76) - Found @IocBean : class cn.wizzer.app.web.commons.slog.SLogAopConfigration
[DEBUG] 2018-10-15 16:13:26,309 org.nutz.ioc.loader.annotation.AnnotationIocLoader.addClass(AnnotationIocLoader.java:76) - Found @IocBean : class cn.wizzer.app.web.commons.slog.SLogService
[DEBUG] 2018-10-15 16:13:26,309 org.nutz.ioc.loader.annotation.AnnotationIocLoader.addClass(AnnotationIocLoader.java:76) - Found @IocBean : class cn.wizzer.app.web.modules.controllers.front.wx.CmsController
[DEBUG] 2018-10-15 16:13:26,309 org.nutz.ioc.loader.annotation.AnnotationIocLoader.addClass(AnnotationIocLoader.java:76) - Found @IocBean : class cn.wizzer.app.web.modules.controllers.front.wx.WechatController
[DEBUG] 2018-10-15 16:13:26,309 org.nutz.ioc.loader.annotation.AnnotationIocLoader.addClass(AnnotationIocLoader.java:76) - Found @IocBean : class cn.wizzer.app.web.modules.controllers.open.api.mobile.MobileBaseController
[DEBUG] 2018-10-15 16:13:26,309 org.nutz.ioc.loader.annotation.AnnotationIocLoader.addClass(AnnotationIocLoader.java:76) - Found @IocBean : class cn.wizzer.app.web.modules.controllers.open.api.mobile.MobileInsController
[DEBUG] 2018-10-15 16:13:26,309 org.nutz.ioc.loader.annotation.AnnotationIocLoader.addClass(AnnotationIocLoader.java:76) - Found @IocBean : class cn.wizzer.app.web.modules.controllers.open.api.mobile.MobileOrderController
[DEBUG] 2018-10-15 16:13:26,309 org.nutz.ioc.loader.annotation.AnnotationIocLoader.addClass(AnnotationIocLoader.java:76) - Found @IocBean : class cn.wizzer.app.web.modules.controllers.open.api.mobile.MobileSysController
[DEBUG] 2018-10-15 16:13:26,309 org.nutz.ioc.loader.annotation.AnnotationIocLoader.addClass(AnnotationIocLoader.java:76) - Found @IocBean : class cn.wizzer.app.web.modules.controllers.open.api.pad.PadInsController
[DEBUG] 2018-10-15 16:13:26,309 org.nutz.ioc.loader.annotation.AnnotationIocLoader.addClass(AnnotationIocLoader.java:76) - Found @IocBean : class cn.wizzer.app.web.modules.controllers.open.api.pad.PadOrderController
[DEBUG] 2018-10-15 16:13:26,309 org.nutz.ioc.loader.annotation.AnnotationIocLoader.addClass(AnnotationIocLoader.java:76) - Found @IocBean : class cn.wizzer.app.web.modules.controllers.open.api.pad.PadSysController
[DEBUG] 2018-10-15 16:13:26,309 org.nutz.ioc.loader.annotation.AnnotationIocLoader.addClass(AnnotationIocLoader.java:76) - Found @IocBean : class cn.wizzer.app.web.modules.controllers.open.api.test.ApiTestController
[DEBUG] 2018-10-15 16:13:26,309 org.nutz.ioc.loader.annotation.AnnotationIocLoader.addClass(AnnotationIocLoader.java:76) - Found @IocBean : class cn.wizzer.app.web.modules.controllers.open.api.token.TokenController
[DEBUG] 2018-10-15 16:13:26,309 org.nutz.ioc.loader.annotation.AnnotationIocLoader.addClass(AnnotationIocLoader.java:76) - Found @IocBean : class cn.wizzer.app.web.modules.controllers.open.api.userpermission.UserpermissionController
[DEBUG] 2018-10-15 16:13:26,309 org.nutz.ioc.loader.annotation.AnnotationIocLoader.addClass(AnnotationIocLoader.java:76) - Found @IocBean : class cn.wizzer.app.web.modules.controllers.open.file.UploadController
[DEBUG] 2018-10-15 16:13:26,309 org.nutz.ioc.loader.annotation.AnnotationIocLoader.addClass(AnnotationIocLoader.java:76) - Found @IocBean : class cn.wizzer.app.web.modules.controllers.open.pay.WxPayBackController
[DEBUG] 2018-10-15 16:13:26,309 org.nutz.ioc.loader.annotation.AnnotationIocLoader.addClass(AnnotationIocLoader.java:76) - Found @IocBean : class cn.wizzer.app.web.modules.controllers.open.ueditor.BdController
[DEBUG] 2018-10-15 16:13:26,310 org.nutz.ioc.loader.annotation.AnnotationIocLoader.addClass(AnnotationIocLoader.java:76) - Found @IocBean : class cn.wizzer.app.web.modules.controllers.open.ueditor.WxController
[DEBUG] 2018-10-15 16:13:26,310 org.nutz.ioc.loader.annotation.AnnotationIocLoader.addClass(AnnotationIocLoader.java:76) - Found @IocBean : class cn.wizzer.app.web.modules.controllers.open.wx.WeixinController
[DEBUG] 2018-10-15 16:13:26,310 org.nutz.ioc.loader.annotation.AnnotationIocLoader.addClass(AnnotationIocLoader.java:76) - Found @IocBean : class cn.wizzer.app.web.modules.controllers.platform.base.BaseAirmeterialController
[DEBUG] 2018-10-15 16:13:26,310 org.nutz.ioc.loader.annotation.AnnotationIocLoader.addClass(AnnotationIocLoader.java:76) - Found @IocBean : class cn.wizzer.app.web.modules.controllers.platform.base.BaseAirportController
[DEBUG] 2018-10-15 16:13:26,310 org.nutz.ioc.loader.annotation.AnnotationIocLoader.addClass(AnnotationIocLoader.java:76) - Found @IocBean : class cn.wizzer.app.web.modules.controllers.platform.base.BaseCnctobjController
[DEBUG] 2018-10-15 16:13:26,310 org.nutz.ioc.loader.annotation.AnnotationIocLoader.addClass(AnnotationIocLoader.java:76) - Found @IocBean : class cn.wizzer.app.web.modules.controllers.platform.base.BaseCustomerController
[DEBUG] 2018-10-15 16:13:26,310 org.nutz.ioc.loader.annotation.AnnotationIocLoader.addClass(AnnotationIocLoader.java:76) - Found @IocBean : class cn.wizzer.app.web.modules.controllers.platform.base.BaseDeptController
[DEBUG] 2018-10-15 16:13:26,310 org.nutz.ioc.loader.annotation.AnnotationIocLoader.addClass(AnnotationIocLoader.java:76) - Found @IocBean : class cn.wizzer.app.web.modules.controllers.platform.base.BaseJobController
[DEBUG] 2018-10-15 16:13:26,310 org.nutz.ioc.loader.annotation.AnnotationIocLoader.addClass(AnnotationIocLoader.java:76) - Found @IocBean : class cn.wizzer.app.web.modules.controllers.platform.base.BasePersonController
[DEBUG] 2018-10-15 16:13:26,310 org.nutz.ioc.loader.annotation.AnnotationIocLoader.addClass(AnnotationIocLoader.java:76) - Found @IocBean : class cn.wizzer.app.web.modules.controllers.platform.base.BasePersonpoolController
[DEBUG] 2018-10-15 16:13:26,310 org.nutz.ioc.loader.annotation.AnnotationIocLoader.addClass(AnnotationIocLoader.java:76) - Found @IocBean : class cn.wizzer.app.web.modules.controllers.platform.base.BasePlaceController
[DEBUG] 2018-10-15 16:13:26,310 org.nutz.ioc.loader.annotation.AnnotationIocLoader.addClass(AnnotationIocLoader.java:76) - Found @IocBean : class cn.wizzer.app.web.modules.controllers.platform.base.BasePostController
[DEBUG] 2018-10-15 16:13:26,310 org.nutz.ioc.loader.annotation.AnnotationIocLoader.addClass(AnnotationIocLoader.java:76) - Found @IocBean : class cn.wizzer.app.web.modules.controllers.platform.base.BaseRowofficeController
[DEBUG] 2018-10-15 16:13:26,310 org.nutz.ioc.loader.annotation.AnnotationIocLoader.addClass(AnnotationIocLoader.java:76) - Found @IocBean : class cn.wizzer.app.web.modules.controllers.platform.base.BaseRowofficeentryController
[DEBUG] 2018-10-15 16:13:26,310 org.nutz.ioc.loader.annotation.AnnotationIocLoader.addClass(AnnotationIocLoader.java:76) - Found @IocBean : class cn.wizzer.app.web.modules.controllers.platform.base.BaseVehicleController
[DEBUG] 2018-10-15 16:13:26,311 org.nutz.ioc.loader.annotation.AnnotationIocLoader.addClass(AnnotationIocLoader.java:76) - Found @IocBean : class cn.wizzer.app.web.modules.controllers.platform.base.BaseWarehouseController
[DEBUG] 2018-10-15 16:13:26,311 org.nutz.ioc.loader.annotation.AnnotationIocLoader.addClass(AnnotationIocLoader.java:76) - Found @IocBean : class cn.wizzer.app.web.modules.controllers.platform.cms.CmsArticleController
[DEBUG] 2018-10-15 16:13:26,311 org.nutz.ioc.loader.annotation.AnnotationIocLoader.addClass(AnnotationIocLoader.java:76) - Found @IocBean : class cn.wizzer.app.web.modules.controllers.platform.cms.CmsChannelController
[DEBUG] 2018-10-15 16:13:26,311 org.nutz.ioc.loader.annotation.AnnotationIocLoader.addClass(AnnotationIocLoader.java:76) - Found @IocBean : class cn.wizzer.app.web.modules.controllers.platform.cms.CmsLinkClassController
[DEBUG] 2018-10-15 16:13:26,311 org.nutz.ioc.loader.annotation.AnnotationIocLoader.addClass(AnnotationIocLoader.java:76) - Found @IocBean : class cn.wizzer.app.web.modules.controllers.platform.cms.CmsLinkController
[DEBUG] 2018-10-15 16:13:26,311 org.nutz.ioc.loader.annotation.AnnotationIocLoader.addClass(AnnotationIocLoader.java:76) - Found @IocBean : class cn.wizzer.app.web.modules.controllers.platform.cms.CmsSiteController
[DEBUG] 2018-10-15 16:13:26,311 org.nutz.ioc.loader.annotation.AnnotationIocLoader.addClass(AnnotationIocLoader.java:76) - Found @IocBean : class cn.wizzer.app.web.modules.controllers.platform.ins.InsBaseinsController
[DEBUG] 2018-10-15 16:13:26,311 org.nutz.ioc.loader.annotation.AnnotationIocLoader.addClass(AnnotationIocLoader.java:76) - Found @IocBean : class cn.wizzer.app.web.modules.controllers.platform.ins.InsBaseinsSpaceController
[DEBUG] 2018-10-15 16:13:26,311 org.nutz.ioc.loader.annotation.AnnotationIocLoader.addClass(AnnotationIocLoader.java:76) - Found @IocBean : class cn.wizzer.app.web.modules.controllers.platform.ins.InsCabinetController
[DEBUG] 2018-10-15 16:13:26,311 org.nutz.ioc.loader.annotation.AnnotationIocLoader.addClass(AnnotationIocLoader.java:76) - Found @IocBean : class cn.wizzer.app.web.modules.controllers.platform.ins.InsCommonController
[DEBUG] 2018-10-15 16:13:26,311 org.nutz.ioc.loader.annotation.AnnotationIocLoader.addClass(AnnotationIocLoader.java:76) - Found @IocBean : class cn.wizzer.app.web.modules.controllers.platform.ins.InsInstrumentController
[DEBUG] 2018-10-15 16:13:26,311 org.nutz.ioc.loader.annotation.AnnotationIocLoader.addClass(AnnotationIocLoader.java:76) - Found @IocBean : class cn.wizzer.app.web.modules.controllers.platform.ins.InsLockController
[DEBUG] 2018-10-15 16:13:26,313 org.nutz.ioc.loader.annotation.AnnotationIocLoader.addClass(AnnotationIocLoader.java:76) - Found @IocBean : class cn.wizzer.app.web.modules.controllers.platform.ins.InsOrderController
[DEBUG] 2018-10-15 16:13:26,313 org.nutz.ioc.loader.annotation.AnnotationIocLoader.addClass(AnnotationIocLoader.java:76) - Found @IocBean : class cn.wizzer.app.web.modules.controllers.platform.ins.InsOrderentryController
[DEBUG] 2018-10-15 16:13:26,313 org.nutz.ioc.loader.annotation.AnnotationIocLoader.addClass(AnnotationIocLoader.java:76) - Found @IocBean : class cn.wizzer.app.web.modules.controllers.platform.ins.InsRepairController
[DEBUG] 2018-10-15 16:13:26,313 org.nutz.ioc.loader.annotation.AnnotationIocLoader.addClass(AnnotationIocLoader.java:76) - Found @IocBean : class cn.wizzer.app.web.modules.controllers.platform.ins.InsRepairtrackController
[DEBUG] 2018-10-15 16:13:26,313 org.nutz.ioc.loader.annotation.AnnotationIocLoader.addClass(AnnotationIocLoader.java:76) - Found @IocBean : class cn.wizzer.app.web.modules.controllers.platform.ins.InsRfheadController
[DEBUG] 2018-10-15 16:13:26,313 org.nutz.ioc.loader.annotation.AnnotationIocLoader.addClass(AnnotationIocLoader.java:76) - Found @IocBean : class cn.wizzer.app.web.modules.controllers.platform.ins.InsRfidController
[DEBUG] 2018-10-15 16:13:26,313 org.nutz.ioc.loader.annotation.AnnotationIocLoader.addClass(AnnotationIocLoader.java:76) - Found @IocBean : class cn.wizzer.app.web.modules.controllers.platform.ins.InsSpaceController
[DEBUG] 2018-10-15 16:13:26,313 org.nutz.ioc.loader.annotation.AnnotationIocLoader.addClass(AnnotationIocLoader.java:76) - Found @IocBean : class cn.wizzer.app.web.modules.controllers.platform.ins.InsToolcabinetController
[DEBUG] 2018-10-15 16:13:26,313 org.nutz.ioc.loader.annotation.AnnotationIocLoader.addClass(AnnotationIocLoader.java:76) - Found @IocBean : class cn.wizzer.app.web.modules.controllers.platform.ins.InsTransmitController
[DEBUG] 2018-10-15 16:13:26,313 org.nutz.ioc.loader.annotation.AnnotationIocLoader.addClass(AnnotationIocLoader.java:76) - Found @IocBean : class cn.wizzer.app.web.modules.controllers.platform.logistics.LogisticsDeliveryorderController
[DEBUG] 2018-10-15 16:13:26,313 org.nutz.ioc.loader.annotation.AnnotationIocLoader.addClass(AnnotationIocLoader.java:76) - Found @IocBean : class cn.wizzer.app.web.modules.controllers.platform.logistics.LogisticsDeliveryorderentryController
[DEBUG] 2018-10-15 16:13:26,313 org.nutz.ioc.loader.annotation.AnnotationIocLoader.addClass(AnnotationIocLoader.java:76) - Found @IocBean : class cn.wizzer.app.web.modules.controllers.platform.logistics.LogisticsEntourageController
[DEBUG] 2018-10-15 16:13:26,313 org.nutz.ioc.loader.annotation.AnnotationIocLoader.addClass(AnnotationIocLoader.java:76) - Found @IocBean : class cn.wizzer.app.web.modules.controllers.platform.logistics.LogisticsOrderController
[DEBUG] 2018-10-15 16:13:26,313 org.nutz.ioc.loader.annotation.AnnotationIocLoader.addClass(AnnotationIocLoader.java:76) - Found @IocBean : class cn.wizzer.app.web.modules.controllers.platform.logistics.LogisticsOrderdeliveryController
[DEBUG] 2018-10-15 16:13:26,313 org.nutz.ioc.loader.annotation.AnnotationIocLoader.addClass(AnnotationIocLoader.java:76) - Found @IocBean : class cn.wizzer.app.web.modules.controllers.platform.logistics.LogisticsOrderentryController
[DEBUG] 2018-10-15 16:13:26,314 org.nutz.ioc.loader.annotation.AnnotationIocLoader.addClass(AnnotationIocLoader.java:76) - Found @IocBean : class cn.wizzer.app.web.modules.controllers.platform.logistics.LogisticsOrderplanController
[DEBUG] 2018-10-15 16:13:26,314 org.nutz.ioc.loader.annotation.AnnotationIocLoader.addClass(AnnotationIocLoader.java:76) - Found @IocBean : class cn.wizzer.app.web.modules.controllers.platform.logistics.LogisticsOrderplanentryController
[DEBUG] 2018-10-15 16:13:26,314 org.nutz.ioc.loader.annotation.AnnotationIocLoader.addClass(AnnotationIocLoader.java:76) - Found @IocBean : class cn.wizzer.app.web.modules.controllers.platform.logistics.LogisticsOrderrejectController
[DEBUG] 2018-10-15 16:13:26,314 org.nutz.ioc.loader.annotation.AnnotationIocLoader.addClass(AnnotationIocLoader.java:76) - Found @IocBean : class cn.wizzer.app.web.modules.controllers.platform.logistics.LogisticsOrderstepController
[DEBUG] 2018-10-15 16:13:26,314 org.nutz.ioc.loader.annotation.AnnotationIocLoader.addClass(AnnotationIocLoader.java:76) - Found @IocBean : class cn.wizzer.app.web.modules.controllers.platform.logistics.LogisticsSendapprovalController
[DEBUG] 2018-10-15 16:13:26,314 org.nutz.ioc.loader.annotation.AnnotationIocLoader.addClass(AnnotationIocLoader.java:76) - Found @IocBean : class cn.wizzer.app.web.modules.controllers.platform.logistics.LogisticsSendgoodsController
[DEBUG] 2018-10-15 16:13:26,314 org.nutz.ioc.loader.annotation.AnnotationIocLoader.addClass(AnnotationIocLoader.java:76) - Found @IocBean : class cn.wizzer.app.web.modules.controllers.platform.logistics.LogisticsSendplanController
[DEBUG] 2018-10-15 16:13:26,314 org.nutz.ioc.loader.annotation.AnnotationIocLoader.addClass(AnnotationIocLoader.java:76) - Found @IocBean : class cn.wizzer.app.web.modules.controllers.platform.logistics.LogisticsSendtraceController
[DEBUG] 2018-10-15 16:13:26,314 org.nutz.ioc.loader.annotation.AnnotationIocLoader.addClass(AnnotationIocLoader.java:76) - Found @IocBean : class cn.wizzer.app.web.modules.controllers.platform.logistics.LogisticsUnplanController
[DEBUG] 2018-10-15 16:13:26,314 org.nutz.ioc.loader.annotation.AnnotationIocLoader.addClass(AnnotationIocLoader.java:76) - Found @IocBean : class cn.wizzer.app.web.modules.controllers.platform.sys.SysApiController
[DEBUG] 2018-10-15 16:13:26,314 org.nutz.ioc.loader.annotation.AnnotationIocLoader.addClass(AnnotationIocLoader.java:76) - Found @IocBean : class cn.wizzer.app.web.modules.controllers.platform.sys.SysBarcodeController
[DEBUG] 2018-10-15 16:13:26,314 org.nutz.ioc.loader.annotation.AnnotationIocLoader.addClass(AnnotationIocLoader.java:76) - Found @IocBean : class cn.wizzer.app.web.modules.controllers.platform.sys.SysConfController
[DEBUG] 2018-10-15 16:13:26,314 org.nutz.ioc.loader.annotation.AnnotationIocLoader.addClass(AnnotationIocLoader.java:76) - Found @IocBean : class cn.wizzer.app.web.modules.controllers.platform.sys.SysDictController
[DEBUG] 2018-10-15 16:13:26,314 org.nutz.ioc.loader.annotation.AnnotationIocLoader.addClass(AnnotationIocLoader.java:76) - Found @IocBean : class cn.wizzer.app.web.modules.controllers.platform.sys.SysHomeController
[DEBUG] 2018-10-15 16:13:26,314 org.nutz.ioc.loader.annotation.AnnotationIocLoader.addClass(AnnotationIocLoader.java:76) - Found @IocBean : class cn.wizzer.app.web.modules.controllers.platform.sys.SysLogController
[DEBUG] 2018-10-15 16:13:26,314 org.nutz.ioc.loader.annotation.AnnotationIocLoader.addClass(AnnotationIocLoader.java:76) - Found @IocBean : class cn.wizzer.app.web.modules.controllers.platform.sys.SysLoginController
[DEBUG] 2018-10-15 16:13:26,315 org.nutz.ioc.loader.annotation.AnnotationIocLoader.addClass(AnnotationIocLoader.java:76) - Found @IocBean : class cn.wizzer.app.web.modules.controllers.platform.sys.SysMenuController
[DEBUG] 2018-10-15 16:13:26,315 org.nutz.ioc.loader.annotation.AnnotationIocLoader.addClass(AnnotationIocLoader.java:76) - Found @IocBean : class cn.wizzer.app.web.modules.controllers.platform.sys.SysMobileController
[DEBUG] 2018-10-15 16:13:26,315 org.nutz.ioc.loader.annotation.AnnotationIocLoader.addClass(AnnotationIocLoader.java:76) - Found @IocBean : class cn.wizzer.app.web.modules.controllers.platform.sys.SysPluginController
[DEBUG] 2018-10-15 16:13:26,315 org.nutz.ioc.loader.annotation.AnnotationIocLoader.addClass(AnnotationIocLoader.java:76) - Found @IocBean : class cn.wizzer.app.web.modules.controllers.platform.sys.SysRegistauditController
[DEBUG] 2018-10-15 16:13:26,315 org.nutz.ioc.loader.annotation.AnnotationIocLoader.addClass(AnnotationIocLoader.java:76) - Found @IocBean : class cn.wizzer.app.web.modules.controllers.platform.sys.SysRoleController
[DEBUG] 2018-10-15 16:13:26,315 org.nutz.ioc.loader.annotation.AnnotationIocLoader.addClass(AnnotationIocLoader.java:76) - Found @IocBean : class cn.wizzer.app.web.modules.controllers.platform.sys.SysRouteController
[DEBUG] 2018-10-15 16:13:26,315 org.nutz.ioc.loader.annotation.AnnotationIocLoader.addClass(AnnotationIocLoader.java:76) - Found @IocBean : class cn.wizzer.app.web.modules.controllers.platform.sys.SysTaskController
[DEBUG] 2018-10-15 16:13:26,315 org.nutz.ioc.loader.annotation.AnnotationIocLoader.addClass(AnnotationIocLoader.java:76) - Found @IocBean : class cn.wizzer.app.web.modules.controllers.platform.sys.SysTempuserController
[DEBUG] 2018-10-15 16:13:26,315 org.nutz.ioc.loader.annotation.AnnotationIocLoader.addClass(AnnotationIocLoader.java:76) - Found @IocBean : class cn.wizzer.app.web.modules.controllers.platform.sys.SysUnitController
[DEBUG] 2018-10-15 16:13:26,315 org.nutz.ioc.loader.annotation.AnnotationIocLoader.addClass(AnnotationIocLoader.java:76) - Found @IocBean : class cn.wizzer.app.web.modules.controllers.platform.sys.SysUserController
[DEBUG] 2018-10-15 16:13:26,315 org.nutz.ioc.loader.annotation.AnnotationIocLoader.addClass(AnnotationIocLoader.java:76) - Found @IocBean : class cn.wizzer.app.web.modules.controllers.platform.sys.SysVersionController
[DEBUG] 2018-10-15 16:13:26,315 org.nutz.ioc.loader.annotation.AnnotationIocLoader.addClass(AnnotationIocLoader.java:76) - Found @IocBean : class cn.wizzer.app.web.modules.controllers.platform.sys.SysWxController
[DEBUG] 2018-10-15 16:13:26,316 org.nutz.ioc.loader.annotation.AnnotationIocLoader.addClass(AnnotationIocLoader.java:76) - Found @IocBean : class cn.wizzer.app.web.modules.controllers.platform.sys.SysWxDeptController
[DEBUG] 2018-10-15 16:13:26,316 org.nutz.ioc.loader.annotation.AnnotationIocLoader.addClass(AnnotationIocLoader.java:76) - Found @IocBean : class cn.wizzer.app.web.modules.controllers.platform.sys.SysWxUserController
[DEBUG] 2018-10-15 16:13:26,316 org.nutz.ioc.loader.annotation.AnnotationIocLoader.addClass(AnnotationIocLoader.java:76) - Found @IocBean : class cn.wizzer.app.web.modules.controllers.platform.wx.WxConfigController
[DEBUG] 2018-10-15 16:13:26,316 org.nutz.ioc.loader.annotation.AnnotationIocLoader.addClass(AnnotationIocLoader.java:76) - Found @IocBean : class cn.wizzer.app.web.modules.controllers.platform.wx.WxMassController
[DEBUG] 2018-10-15 16:13:26,316 org.nutz.ioc.loader.annotation.AnnotationIocLoader.addClass(AnnotationIocLoader.java:76) - Found @IocBean : class cn.wizzer.app.web.modules.controllers.platform.wx.WxMenuController
[DEBUG] 2018-10-15 16:13:26,316 org.nutz.ioc.loader.annotation.AnnotationIocLoader.addClass(AnnotationIocLoader.java:76) - Found @IocBean : class cn.wizzer.app.web.modules.controllers.platform.wx.WxMsgUserController
[DEBUG] 2018-10-15 16:13:26,316 org.nutz.ioc.loader.annotation.AnnotationIocLoader.addClass(AnnotationIocLoader.java:76) - Found @IocBean : class cn.wizzer.app.web.modules.controllers.platform.wx.WxPayTestController
[DEBUG] 2018-10-15 16:13:26,316 org.nutz.ioc.loader.annotation.AnnotationIocLoader.addClass(AnnotationIocLoader.java:76) - Found @IocBean : class cn.wizzer.app.web.modules.controllers.platform.wx.WxReplyController
[DEBUG] 2018-10-15 16:13:26,316 org.nutz.ioc.loader.annotation.AnnotationIocLoader.addClass(AnnotationIocLoader.java:76) - Found @IocBean : class cn.wizzer.app.web.modules.controllers.platform.wx.WxReplyNewsController
[DEBUG] 2018-10-15 16:13:26,316 org.nutz.ioc.loader.annotation.AnnotationIocLoader.addClass(AnnotationIocLoader.java:76) - Found @IocBean : class cn.wizzer.app.web.modules.controllers.platform.wx.WxReplyTxtController
[DEBUG] 2018-10-15 16:13:26,316 org.nutz.ioc.loader.annotation.AnnotationIocLoader.addClass(AnnotationIocLoader.java:76) - Found @IocBean : class cn.wizzer.app.web.modules.controllers.platform.wx.WxTplIdController
[DEBUG] 2018-10-15 16:13:26,316 org.nutz.ioc.loader.annotation.AnnotationIocLoader.addClass(AnnotationIocLoader.java:76) - Found @IocBean : class cn.wizzer.app.web.modules.controllers.platform.wx.WxTplListController
[DEBUG] 2018-10-15 16:13:26,316 org.nutz.ioc.loader.annotation.AnnotationIocLoader.addClass(AnnotationIocLoader.java:76) - Found @IocBean : class cn.wizzer.app.web.modules.controllers.platform.wx.WxTplLogController
[DEBUG] 2018-10-15 16:13:26,316 org.nutz.ioc.loader.annotation.AnnotationIocLoader.addClass(AnnotationIocLoader.java:76) - Found @IocBean : class cn.wizzer.app.web.modules.controllers.platform.wx.WxUserController
[DEBUG] 2018-10-15 16:13:26,317 org.nutz.ioc.loader.annotation.AnnotationIocLoader.addClass(AnnotationIocLoader.java:76) - Found @IocBean : class cn.wizzer.app.wx.modules.services.impl.WxConfigServiceImpl
[DEBUG] 2018-10-15 16:13:26,317 org.nutz.ioc.loader.annotation.AnnotationIocLoader.addClass(AnnotationIocLoader.java:76) - Found @IocBean : class cn.wizzer.app.wx.modules.services.impl.WxMassNewsServiceImpl
[DEBUG] 2018-10-15 16:13:26,317 org.nutz.ioc.loader.annotation.AnnotationIocLoader.addClass(AnnotationIocLoader.java:76) - Found @IocBean : class cn.wizzer.app.wx.modules.services.impl.WxMassSendServiceImpl
[DEBUG] 2018-10-15 16:13:26,317 org.nutz.ioc.loader.annotation.AnnotationIocLoader.addClass(AnnotationIocLoader.java:76) - Found @IocBean : class cn.wizzer.app.wx.modules.services.impl.WxMassServiceImpl
[DEBUG] 2018-10-15 16:13:26,317 org.nutz.ioc.loader.annotation.AnnotationIocLoader.addClass(AnnotationIocLoader.java:76) - Found @IocBean : class cn.wizzer.app.wx.modules.services.impl.WxMenuServiceImpl
[DEBUG] 2018-10-15 16:13:26,317 org.nutz.ioc.loader.annotation.AnnotationIocLoader.addClass(AnnotationIocLoader.java:76) - Found @IocBean : class cn.wizzer.app.wx.modules.services.impl.WxMsgReplyServiceImpl
[DEBUG] 2018-10-15 16:13:26,317 org.nutz.ioc.loader.annotation.AnnotationIocLoader.addClass(AnnotationIocLoader.java:76) - Found @IocBean : class cn.wizzer.app.wx.modules.services.impl.WxMsgServiceImpl
[DEBUG] 2018-10-15 16:13:26,317 org.nutz.ioc.loader.annotation.AnnotationIocLoader.addClass(AnnotationIocLoader.java:76) - Found @IocBean : class cn.wizzer.app.wx.modules.services.impl.WxReplyNewsServiceImpl
[DEBUG] 2018-10-15 16:13:26,317 org.nutz.ioc.loader.annotation.AnnotationIocLoader.addClass(AnnotationIocLoader.java:76) - Found @IocBean : class cn.wizzer.app.wx.modules.services.impl.WxReplyServiceImpl
[DEBUG] 2018-10-15 16:13:26,317 org.nutz.ioc.loader.annotation.AnnotationIocLoader.addClass(AnnotationIocLoader.java:76) - Found @IocBean : class cn.wizzer.app.wx.modules.services.impl.WxReplyTxtServiceImpl
[DEBUG] 2018-10-15 16:13:26,317 org.nutz.ioc.loader.annotation.AnnotationIocLoader.addClass(AnnotationIocLoader.java:76) - Found @IocBean : class cn.wizzer.app.wx.modules.services.impl.WxTplIdServiceImpl
[DEBUG] 2018-10-15 16:13:26,317 org.nutz.ioc.loader.annotation.AnnotationIocLoader.addClass(AnnotationIocLoader.java:76) - Found @IocBean : class cn.wizzer.app.wx.modules.services.impl.WxTplListServiceImpl
[DEBUG] 2018-10-15 16:13:26,317 org.nutz.ioc.loader.annotation.AnnotationIocLoader.addClass(AnnotationIocLoader.java:76) - Found @IocBean : class cn.wizzer.app.wx.modules.services.impl.WxTplLogServiceImpl
[DEBUG] 2018-10-15 16:13:26,318 org.nutz.ioc.loader.annotation.AnnotationIocLoader.addClass(AnnotationIocLoader.java:76) - Found @IocBean : class cn.wizzer.app.wx.modules.services.impl.WxUserServiceImpl
[DEBUG] 2018-10-15 16:13:26,318 org.nutz.ioc.loader.annotation.AnnotationIocLoader.addClass(AnnotationIocLoader.java:76) - Found @IocBean : class cn.wizzer.test.SimpleTest
[DEBUG] 2018-10-15 16:13:26,319 org.nutz.resource.Scans.scan(Scans.java:274) - Found 0 resource by src( org/nutz/apidoc/ ) , regex( ^.+[.]class$ )
[INFO ] 2018-10-15 16:13:26,320 org.nutz.ioc.loader.annotation.AnnotationIocLoader.<init>(AnnotationIocLoader.java:52) - Found 204 classes in 2 base-packages!
beans = ["wxTplListController", "uploadController", "wxReplyTxtServiceImpl", "logisticsSendplanController", "baseJobServiceImpl", "dateUtil", "qrcodeService", "logisticsSendgoodsServiceImpl", "logisticsOrderentryController", "insLockController", "baseRowofficeentryServiceImpl", "cmsChannelServiceImpl", "insBaseinsServiceImpl", "orderExecute", "cmsArticleController", "basePostController", "baseAirmeterialServiceImpl", "basePersonController", "logisticsOrderplanServiceImpl", "cmsLinkClassController", "basePostServiceImpl", "baseRowofficeServiceImpl", "baseJobController", "baseRowofficeController", "wxReplyController", "insRepairController", "sysConfigServiceImpl", "basePersonpoolController", "baseVehicleController", "wxMsgServiceImpl", "wxPayBackController", "logisticsUnplanController", "mobileInsController", "sysTaskController", "sysBarcodeController", "insTransmitController", "sysDictServiceImpl", "wxConfigServiceImpl", "baseAirportServiceImpl", "apiTestController", "sysMenuController", "cmsSiteServiceImpl", "mobileSysController", "cmsLinkController", "insCommonController", "logisticsOrderplanentryServiceImpl", "insInstrumentController", "sysRegistauditServiceImpl", "insLockServiceImpl", "insOrderController", "wechatController", "wxMsgUserController", "sysDictController", "sysWxUserController", "logisticsDeliveryorderentryController", "basePersonServiceImpl", "insOrderentryServiceImpl", "insRepairtrackController", "insInstrumentServiceImpl", "logisticsSendapprovalServiceImpl", "logisticsOrderdeliveryController", "wxTplListServiceImpl", "tplService", "sysPluginServiceImpl", "insRfheadController", "logisticsSendgoodsController", "mobileBaseController", "baseCnctobjServiceImpl", "nutShiroMethodInterceptor", "insCabinetServiceImpl", "basePlaceServiceImpl", "baseVehicleServiceImpl", "cmsLinkClassServiceImpl", "sysHomeController", "insRfheadServiceImpl", "sysMobileController", "wxMassServiceImpl", "logisticsOrderentryServiceImpl", "logisticsSendplanServiceImpl", "logisticsOrderrejectServiceImpl", "wxHandler", "cmsChannelController", "wxController", "rabbitProducer", "sysTaskServiceImpl", "sysVersionController", "shiroUtil", "wxReplyTxtController", "sysPluginController", "logisticsSendtraceController", "sysApiServiceImpl", "logisticsEntourageServiceImpl", "sLogService", "baseAirportController", "sysApiController", "wxTplIdController", "insSpaceServiceImpl", "logisticsOrderController", "sysTempuserController", "sysUserController", "platformAuthorizingRealm", "testJob", "$aop_1_plugin", "sysRegistauditController", "wxReplyNewsServiceImpl", "insTransmitServiceImpl", "sysLoginController", "wxTplLogServiceImpl", "sysUserServiceImpl", "sysRoleServiceImpl", "sysRouteController", "idcardUtil", "basePlaceController", "sysWxDeptController", "logisticsOrderplanentryController", "userpermissionController", "sysWxServiceImpl", "cmsController", "logisticsSendtraceServiceImpl", "insOrderentryController", "logisticsSendapprovalController", "wxMenuController", "insOrderServiceImpl", "weixinController", "code128Util", "insRepairServiceImpl", "logisticsOrderplanController", "wxMsgReplyServiceImpl", "logisticsOrderdeliveryServiceImpl", "cmsArticleServiceImpl", "baseCnctobjController", "baseCustomerController", "insBaseinsController", "insRfidServiceImpl", "cookieUtil", "baseRowofficeentryController", "logisticsOrderstepServiceImpl", "wxReplyServiceImpl", "bdController", "redisIdGenerator", "insBaseinsSpaceServiceImpl", "cmsSiteController", "logisticsDeliveryorderServiceImpl", "insCabinetController", "logisticsOrderServiceImpl", "sysWxDeptServiceImpl", "sysWxController", "mobileOrderController", "sysRoleController", "logisticsEntourageController", "insCommonServiceImpl", "sysUnitController", "padInsController", "wxMassSendServiceImpl", "logisticsDeliveryorderController", "rSAUtil", "wxConfigController", "stringUtil", "baseCustomerServiceImpl", "basePersonpoolServiceImpl", "insBaseinsSpaceController", "wxUserServiceImpl", "insSpaceController", "sysTempuserServiceImpl", "baseWarehouseServiceImpl", "insToolcabinetController", "sysWxUserServiceImpl", "dynamicInterceptor", "sysLogController", "wxMassController", "emailService", "baseWarehouseController", "insToolcabinetServiceImpl", "wxMenuServiceImpl", "wxReplyNewsController", "baseDeptServiceImpl", "sysRouteServiceImpl", "insRepairtrackServiceImpl", "wxMassNewsServiceImpl", "baseAirmeterialController", "sysMenuServiceImpl", "sysMobileServiceImpl", "simpleTest", "logisticsOrderstepController", "sysLogServiceImpl", "logisticsUnplanServiceImpl", "wxTplIdServiceImpl", "logisticsDeliveryorderentryServiceImpl", "$aop_syslog", "padSysController", "baseDeptController", "logisticsOrderrejectController", "padOrderController", "sysBarcodeServiceImpl", "wxTplLogController", "wxUserController", "wxPayTestController", "tokenController", "sysVersionServiceImpl", "cmsLinkServiceImpl", "sysUnitServiceImpl", "insRfidController", "sysConfController", "pluginMaster"]
[DEBUG] 2018-10-15 16:13:26,320 org.nutz.ioc.loader.combo.ComboIocLoader.createIocLoader(ComboIocLoader.java:110) - found jedis -- org.nutz.integration.jedis.JedisIocLoader
[DEBUG] 2018-10-15 16:13:26,321 org.nutz.resource.Scans.scan(Scans.java:274) - Found 1 resource by src( org/nutz/integration/jedis/jedis.js ) , regex( ^(.+[.])(js|json)$ )
[DEBUG] 2018-10-15 16:13:26,321 org.nutz.ioc.loader.json.JsonLoader.<init>(JsonLoader.java:49) - loading [org/nutz/integration/jedis/jedis.js]
[DEBUG] 2018-10-15 16:13:26,322 org.nutz.ioc.loader.json.JsonLoader.<init>(JsonLoader.java:57) - Loaded 9 bean define from path=[org/nutz/integration/jedis/jedis.js] --> [redisService, jedisCluster, jedisClusterNodes, jedisClusterWrapper, pubSubService, jedisPoolConfig, jedisPool, jedisAgent, redis]
[DEBUG] 2018-10-15 16:13:26,322 org.nutz.ioc.loader.json.JsonLoader.<init>(JsonLoader.java:40) - Loaded 5 bean define from reader --
[txREPEATABLE_READ, txSERIALIZABLE, txNONE, txREAD_UNCOMMITTED, txREAD_COMMITTED]
[DEBUG] 2018-10-15 16:13:26,323 org.nutz.ioc.loader.combo.ComboIocLoader.createIocLoader(ComboIocLoader.java:110) - found quartz -- org.nutz.integration.quartz.QuartzIocLoader
[DEBUG] 2018-10-15 16:13:26,323 org.nutz.ioc.loader.json.JsonLoader.<init>(JsonLoader.java:57) - Loaded 0 bean define from path=[] --> []
[DEBUG] 2018-10-15 16:13:26,324 org.nutz.ioc.aop.SimpleAopMaker.<init>(SimpleAopMaker.java:79) - Load AopConfigure for anno=org.nutz.aop.interceptor.async.Async by type=org.nutz.aop.interceptor.async.AsyncAopIocLoader
[DEBUG] 2018-10-15 16:13:26,325 org.nutz.ioc.loader.combo.ComboIocLoader.createIocLoader(ComboIocLoader.java:110) - found rabbitmq -- org.nutz.integration.rabbitmq.RabbitmqIocLoader
[DEBUG] 2018-10-15 16:13:26,326 org.nutz.resource.Scans.scan(Scans.java:274) - Found 1 resource by src( org/nutz/integration/rabbitmq/rabbitmq.js ) , regex( ^(.+[.])(js|json)$ )
[DEBUG] 2018-10-15 16:13:26,326 org.nutz.ioc.loader.json.JsonLoader.<init>(JsonLoader.java:49) - loading [org/nutz/integration/rabbitmq/rabbitmq.js]
[DEBUG] 2018-10-15 16:13:26,327 org.nutz.ioc.loader.json.JsonLoader.<init>(JsonLoader.java:57) - Loaded 2 bean define from path=[org/nutz/integration/rabbitmq/rabbitmq.js] --> [rabbitmq, rabbitmq_cf]
[INFO ] 2018-10-15 16:13:26,327 org.nutz.ioc.impl.NutIoc.<init>(NutIoc.java:98) - NutIoc init begin ...
[INFO ] 2018-10-15 16:13:26,327 org.nutz.ioc.impl.NutIoc.<init>(NutIoc.java:115) - ... NutIoc init complete
[DEBUG] 2018-10-15 16:13:26,327 org.nutz.ioc.impl.NutIoc.get(NutIoc.java:151) - Get 'conf'<class org.nutz.ioc.impl.PropertiesProxy>
[DEBUG] 2018-10-15 16:13:26,327 org.nutz.ioc.impl.NutIoc.get(NutIoc.java:151) - Get '$aop_1_plugin'<interface org.nutz.ioc.aop.config.AopConfigration>
[DEBUG] 2018-10-15 16:13:26,327 org.nutz.ioc.impl.NutIoc.get(NutIoc.java:177) - 	 >> Load definition name=$aop_1_plugin
[DEBUG] 2018-10-15 16:13:26,327 org.nutz.ioc.loader.combo.ComboIocLoader.load(ComboIocLoader.java:161) - Found IocObject($aop_1_plugin) in AnnotationIocLoader(packages=[cn.wizzer, org.nutz.apidoc])
[DEBUG] 2018-10-15 16:13:26,327 org.nutz.ioc.impl.NutIoc.get(NutIoc.java:209) - 	 >> Make...'$aop_1_plugin'<interface org.nutz.ioc.aop.config.AopConfigration>
[DEBUG] 2018-10-15 16:13:26,327 org.nutz.ioc.impl.ScopeContext.save(ScopeContext.java:64) - Save object '$aop_1_plugin' to [app] 
[DEBUG] 2018-10-15 16:13:26,328 org.nutz.ioc.impl.NutIoc.get(NutIoc.java:151) - Get 'dynamicInterceptor'<class cn.wizzer.app.web.commons.plugin.DynamicInterceptor>
[DEBUG] 2018-10-15 16:13:26,328 org.nutz.ioc.impl.NutIoc.get(NutIoc.java:177) - 	 >> Load definition name=dynamicInterceptor
[DEBUG] 2018-10-15 16:13:26,328 org.nutz.ioc.loader.combo.ComboIocLoader.load(ComboIocLoader.java:161) - Found IocObject(dynamicInterceptor) in AnnotationIocLoader(packages=[cn.wizzer, org.nutz.apidoc])
[DEBUG] 2018-10-15 16:13:26,328 org.nutz.ioc.impl.NutIoc.get(NutIoc.java:209) - 	 >> Make...'dynamicInterceptor'<class cn.wizzer.app.web.commons.plugin.DynamicInterceptor>
[DEBUG] 2018-10-15 16:13:26,328 org.nutz.ioc.impl.ScopeContext.save(ScopeContext.java:64) - Save object 'dynamicInterceptor' to [app] 
[DEBUG] 2018-10-15 16:13:26,328 org.nutz.ioc.impl.NutIoc.get(NutIoc.java:151) - Get '$aop_async'<interface org.nutz.ioc.aop.config.AopConfigration>
[DEBUG] 2018-10-15 16:13:26,328 org.nutz.ioc.impl.NutIoc.get(NutIoc.java:177) - 	 >> Load definition name=$aop_async
[DEBUG] 2018-10-15 16:13:26,328 org.nutz.ioc.loader.combo.ComboIocLoader.load(ComboIocLoader.java:161) - Found IocObject($aop_async) in AsyncAopIocLoader@297490204
[DEBUG] 2018-10-15 16:13:26,328 org.nutz.ioc.impl.NutIoc.get(NutIoc.java:209) - 	 >> Make...'$aop_async'<interface org.nutz.ioc.aop.config.AopConfigration>
[DEBUG] 2018-10-15 16:13:26,328 org.nutz.ioc.impl.ScopeContext.save(ScopeContext.java:64) - Save object '$aop_async' to [app] 
[DEBUG] 2018-10-15 16:13:26,328 org.nutz.ioc.impl.NutIoc.get(NutIoc.java:151) - Get '$aop_syslog'<interface org.nutz.ioc.aop.config.AopConfigration>
[DEBUG] 2018-10-15 16:13:26,328 org.nutz.ioc.impl.NutIoc.get(NutIoc.java:177) - 	 >> Load definition name=$aop_syslog
[DEBUG] 2018-10-15 16:13:26,328 org.nutz.ioc.loader.combo.ComboIocLoader.load(ComboIocLoader.java:161) - Found IocObject($aop_syslog) in AnnotationIocLoader(packages=[cn.wizzer, org.nutz.apidoc])
[DEBUG] 2018-10-15 16:13:26,328 org.nutz.ioc.impl.NutIoc.get(NutIoc.java:209) - 	 >> Make...'$aop_syslog'<interface org.nutz.ioc.aop.config.AopConfigration>
[DEBUG] 2018-10-15 16:13:26,328 org.nutz.ioc.impl.ScopeContext.save(ScopeContext.java:64) - Save object '$aop_syslog' to [app] 
[DEBUG] 2018-10-15 16:13:26,329 org.nutz.ioc.aop.SimpleAopMaker.<init>(SimpleAopMaker.java:79) - Load AopConfigure for anno=cn.wizzer.app.web.commons.slog.annotation.SLog by type=cn.wizzer.app.web.commons.slog.SLogAopConfigration
[DEBUG] 2018-10-15 16:13:26,329 org.nutz.ioc.aop.SimpleAopMaker.<init>(SimpleAopMaker.java:79) - Load AopConfigure for anno=org.nutz.ioc.aop.Aop by type=org.nutz.ioc.aop.config.impl.AnnotationAopConfigration
[DEBUG] 2018-10-15 16:13:26,329 org.nutz.ioc.impl.NutIoc.get(NutIoc.java:177) - 	 >> Load definition name=conf
[DEBUG] 2018-10-15 16:13:26,329 org.nutz.ioc.loader.map.MapLoader.load(MapLoader.java:67) - Loading define for name=conf
[DEBUG] 2018-10-15 16:13:26,329 org.nutz.ioc.loader.combo.ComboIocLoader.load(ComboIocLoader.java:161) - Found IocObject(conf) in JsonLoader(paths=[config/ioc/])
[DEBUG] 2018-10-15 16:13:26,329 org.nutz.ioc.impl.NutIoc.get(NutIoc.java:209) - 	 >> Make...'conf'<class org.nutz.ioc.impl.PropertiesProxy>
[DEBUG] 2018-10-15 16:13:26,329 cn.wizzer.app.web.commons.plugin.PluginAopConfigure.getInterceptorPairList(PluginAopConfigure.java:33) - skip -- org.nutz.ioc.impl.PropertiesProxy
[DEBUG] 2018-10-15 16:13:26,329 org.nutz.ioc.aop.impl.DefaultMirrorFactory.getMirror(DefaultMirrorFactory.java:70) - Load class org.nutz.ioc.impl.PropertiesProxy without AOP
[DEBUG] 2018-10-15 16:13:26,329 org.nutz.ioc.impl.ScopeContext.save(ScopeContext.java:64) - Save object 'conf' to [app] 
[DEBUG] 2018-10-15 16:13:26,332 org.nutz.resource.Scans.scan(Scans.java:274) - Found 4 resource by src( config/custom/ ) , regex( ^.+[.]properties$ )
[DEBUG] 2018-10-15 16:13:26,332 org.nutz.ioc.impl.PropertiesProxy.setPaths(PropertiesProxy.java:113) - load properties from File[C:\Users\Administrator\IdeaProjects\XA-Instrument\wk-app\wk-web\target\classes\config\custom\db.properties]
[DEBUG] 2018-10-15 16:13:26,332 org.nutz.ioc.impl.PropertiesProxy.setPaths(PropertiesProxy.java:113) - load properties from File[C:\Users\Administrator\IdeaProjects\XA-Instrument\wk-app\wk-web\target\classes\config\custom\mail.properties]
[DEBUG] 2018-10-15 16:13:26,333 org.nutz.ioc.impl.PropertiesProxy.setPaths(PropertiesProxy.java:113) - load properties from File[C:\Users\Administrator\IdeaProjects\XA-Instrument\wk-app\wk-web\target\classes\config\custom\rabbit.properties]
[DEBUG] 2018-10-15 16:13:26,333 org.nutz.ioc.impl.PropertiesProxy.setPaths(PropertiesProxy.java:113) - load properties from File[C:\Users\Administrator\IdeaProjects\XA-Instrument\wk-app\wk-web\target\classes\config\custom\redis.properties]
[DEBUG] 2018-10-15 16:13:26,333 org.nutz.ioc.impl.NutIoc.get(NutIoc.java:151) - Get 'simpleTest'<class cn.wizzer.test.SimpleTest>
[DEBUG] 2018-10-15 16:13:26,333 org.nutz.ioc.impl.NutIoc.get(NutIoc.java:177) - 	 >> Load definition name=simpleTest
[DEBUG] 2018-10-15 16:13:26,334 org.nutz.ioc.loader.combo.ComboIocLoader.load(ComboIocLoader.java:161) - Found IocObject(simpleTest) in AnnotationIocLoader(packages=[cn.wizzer, org.nutz.apidoc])
[DEBUG] 2018-10-15 16:13:26,334 org.nutz.ioc.impl.NutIoc.get(NutIoc.java:209) - 	 >> Make...'simpleTest'<class cn.wizzer.test.SimpleTest>
[DEBUG] 2018-10-15 16:13:26,334 cn.wizzer.app.web.commons.plugin.PluginAopConfigure.getInterceptorPairList(PluginAopConfigure.java:33) - skip -- cn.wizzer.test.SimpleTest
[DEBUG] 2018-10-15 16:13:26,334 org.nutz.ioc.aop.impl.DefaultMirrorFactory.getMirror(DefaultMirrorFactory.java:70) - Load class cn.wizzer.test.SimpleTest without AOP
[DEBUG] 2018-10-15 16:13:26,334 org.nutz.ioc.impl.ScopeContext.save(ScopeContext.java:64) - Save object 'simpleTest' to [app] 
[DEBUG] 2018-10-15 16:13:26,335 org.nutz.ioc.impl.NutIoc.get(NutIoc.java:151) - Get 'dao'<interface org.nutz.dao.Dao>
[DEBUG] 2018-10-15 16:13:26,335 org.nutz.ioc.impl.NutIoc.get(NutIoc.java:177) - 	 >> Load definition name=dao
[DEBUG] 2018-10-15 16:13:26,335 org.nutz.ioc.loader.map.MapLoader.load(MapLoader.java:67) - Loading define for name=dao
[DEBUG] 2018-10-15 16:13:26,335 org.nutz.ioc.loader.combo.ComboIocLoader.load(ComboIocLoader.java:161) - Found IocObject(dao) in JsonLoader(paths=[config/ioc/])
[DEBUG] 2018-10-15 16:13:26,335 org.nutz.ioc.impl.NutIoc.get(NutIoc.java:209) - 	 >> Make...'dao'<interface org.nutz.dao.Dao>
[DEBUG] 2018-10-15 16:13:26,335 cn.wizzer.app.web.commons.plugin.PluginAopConfigure.getInterceptorPairList(PluginAopConfigure.java:33) - skip -- org.nutz.dao.impl.NutDao
[DEBUG] 2018-10-15 16:13:26,336 org.nutz.ioc.aop.impl.DefaultMirrorFactory.getMirror(DefaultMirrorFactory.java:70) - Load class org.nutz.dao.impl.NutDao without AOP
[DEBUG] 2018-10-15 16:13:26,336 org.nutz.ioc.impl.ScopeContext.save(ScopeContext.java:64) - Save object 'dao' to [app] 
[DEBUG] 2018-10-15 16:13:26,336 org.nutz.ioc.impl.NutIoc.get(NutIoc.java:151) - Get 'dataSource'<>
[DEBUG] 2018-10-15 16:13:26,336 org.nutz.ioc.impl.NutIoc.get(NutIoc.java:177) - 	 >> Load definition name=dataSource
[DEBUG] 2018-10-15 16:13:26,336 org.nutz.ioc.loader.map.MapLoader.load(MapLoader.java:67) - Loading define for name=dataSource
[DEBUG] 2018-10-15 16:13:26,336 org.nutz.ioc.loader.combo.ComboIocLoader.load(ComboIocLoader.java:161) - Found IocObject(dataSource) in JsonLoader(paths=[config/ioc/])
[DEBUG] 2018-10-15 16:13:26,336 org.nutz.ioc.impl.NutIoc.get(NutIoc.java:209) - 	 >> Make...'dataSource'<>
[DEBUG] 2018-10-15 16:13:26,336 cn.wizzer.app.web.commons.plugin.PluginAopConfigure.getInterceptorPairList(PluginAopConfigure.java:33) - skip -- com.alibaba.druid.pool.DruidDataSource
[DEBUG] 2018-10-15 16:13:26,336 org.nutz.ioc.aop.impl.DefaultMirrorFactory.getMirror(DefaultMirrorFactory.java:70) - Load class com.alibaba.druid.pool.DruidDataSource without AOP
[DEBUG] 2018-10-15 16:13:26,336 org.nutz.ioc.impl.ScopeContext.save(ScopeContext.java:64) - Save object 'dataSource' to [app] 
[DEBUG] 2018-10-15 16:13:26,336 org.nutz.ioc.impl.NutIoc.get(NutIoc.java:151) - Get 'conf'<>
[DEBUG] 2018-10-15 16:13:26,337 org.nutz.ioc.impl.ScopeContext.remove(ScopeContext.java:84) - Remove object 'dataSource' from [app] 
[DEBUG] 2018-10-15 16:13:26,337 org.nutz.ioc.impl.ScopeContext.remove(ScopeContext.java:84) - Remove object 'dao' from [app] 
[DEBUG] 2018-10-15 16:13:26,337 org.nutz.ioc.impl.ScopeContext.remove(ScopeContext.java:84) - Remove object 'simpleTest' from [app] 
]]></system-out>
  </testcase>
  <testcase name="testOrder5" classname="cn.wizzer.test.SimpleTest" time="0.001">
    <error message="IocBean[simpleTest] throw Exception when creating" type="org.nutz.ioc.IocException">org.nutz.ioc.IocException: IocBean[simpleTest] throw Exception when creating
Caused by: java.lang.RuntimeException: IocBean[simpleTest] fail at field=[dao]
Caused by: org.nutz.ioc.IocException: IocBean[dao -> dataSource] throw Exception when creating
Caused by: java.lang.IllegalArgumentException: Failed to decrypt.
Caused by: java.lang.IllegalArgumentException: String length must be a multiple of four.
</error>
    <system-out><![CDATA[[INFO ] 2018-10-15 16:13:26,338 org.nutz.ioc.impl.NutIoc.depose(NutIoc.java:255) - org.nutz.ioc.impl.NutIoc@2085745483 is closing. startup date [18-10-15 16:13:26.327]
[DEBUG] 2018-10-15 16:13:26,338 org.nutz.ioc.impl.ScopeContext.clear(ScopeContext.java:108) - Depose object 'conf' ...
[DEBUG] 2018-10-15 16:13:26,338 org.nutz.ioc.impl.ScopeContext.clear(ScopeContext.java:108) - Depose object '$aop_syslog' ...
[DEBUG] 2018-10-15 16:13:26,338 org.nutz.ioc.impl.ScopeContext.clear(ScopeContext.java:108) - Depose object '$aop_async' ...
[DEBUG] 2018-10-15 16:13:26,338 org.nutz.ioc.impl.ScopeContext.clear(ScopeContext.java:108) - Depose object 'dynamicInterceptor' ...
[DEBUG] 2018-10-15 16:13:26,338 org.nutz.ioc.impl.ScopeContext.clear(ScopeContext.java:108) - Depose object '$aop_1_plugin' ...
[INFO ] 2018-10-15 16:13:26,338 org.nutz.ioc.impl.NutIoc.depose(NutIoc.java:262) - org.nutz.ioc.impl.NutIoc@2085745483 is deposed. startup date [18-10-15 16:13:26.327]
[DEBUG] 2018-10-15 16:13:26,341 org.nutz.resource.Scans.scan(Scans.java:274) - Found 4 resource by src( config/ioc/ ) , regex( ^(.+[.])(js|json)$ )
[DEBUG] 2018-10-15 16:13:26,342 org.nutz.ioc.loader.json.JsonLoader.<init>(JsonLoader.java:49) - loading [dao.json]
[DEBUG] 2018-10-15 16:13:26,342 org.nutz.ioc.loader.json.JsonLoader.<init>(JsonLoader.java:49) - loading [ehcache.json]
[DEBUG] 2018-10-15 16:13:26,342 org.nutz.ioc.loader.json.JsonLoader.<init>(JsonLoader.java:49) - loading [mail.json]
[DEBUG] 2018-10-15 16:13:26,343 org.nutz.ioc.loader.json.JsonLoader.<init>(JsonLoader.java:49) - loading [upload.json]
[DEBUG] 2018-10-15 16:13:26,343 org.nutz.ioc.loader.json.JsonLoader.<init>(JsonLoader.java:57) - Loaded 15 bean define from path=[config/ioc/] --> [videoUpload, conf, uploadVideoContext, imageUpload, fileUpload, cacheManager, dao, cacheProvider, emailAuthenticator, uploadFileContext, htmlEmail, cacheExecutor, tmpFilePool, uploadImageContext, dataSource]
[DEBUG] 2018-10-15 16:13:26,498 org.nutz.resource.Scans.scan(Scans.java:274) - Found 452 resource by src( cn/wizzer/ ) , regex( ^.+[.]class$ )
[DEBUG] 2018-10-15 16:13:26,500 org.nutz.ioc.loader.annotation.AnnotationIocLoader.addClass(AnnotationIocLoader.java:76) - Found @IocBean : class cn.wizzer.framework.util.StringUtil
[DEBUG] 2018-10-15 16:13:26,500 org.nutz.ioc.loader.annotation.AnnotationIocLoader.addClass(AnnotationIocLoader.java:76) - Found @IocBean : class cn.wizzer.framework.util.CookieUtil
[DEBUG] 2018-10-15 16:13:26,500 org.nutz.ioc.loader.annotation.AnnotationIocLoader.addClass(AnnotationIocLoader.java:76) - Found @IocBean : class cn.wizzer.framework.ig.RedisIdGenerator
[DEBUG] 2018-10-15 16:13:26,500 org.nutz.ioc.loader.annotation.AnnotationIocLoader.addClass(AnnotationIocLoader.java:76) - Found @IocBean : class cn.wizzer.framework.util.DateUtil
[DEBUG] 2018-10-15 16:13:26,500 org.nutz.ioc.loader.annotation.AnnotationIocLoader.addClass(AnnotationIocLoader.java:76) - Found @IocBean : class cn.wizzer.framework.shiro.interceptor.NutShiroMethodInterceptor
[DEBUG] 2018-10-15 16:13:26,500 org.nutz.ioc.loader.annotation.AnnotationIocLoader.addClass(AnnotationIocLoader.java:76) - Found @IocBean : class cn.wizzer.framework.util.IdcardUtil
[DEBUG] 2018-10-15 16:13:26,500 org.nutz.ioc.loader.annotation.AnnotationIocLoader.addClass(AnnotationIocLoader.java:76) - Found @IocBean : class cn.wizzer.framework.rabbit.RabbitProducer
[DEBUG] 2018-10-15 16:13:26,500 org.nutz.ioc.loader.annotation.AnnotationIocLoader.addClass(AnnotationIocLoader.java:76) - Found @IocBean : class cn.wizzer.framework.util.RSAUtil
[DEBUG] 2018-10-15 16:13:26,500 org.nutz.ioc.loader.annotation.AnnotationIocLoader.addClass(AnnotationIocLoader.java:76) - Found @IocBean : class cn.wizzer.framework.util.ShiroUtil
[DEBUG] 2018-10-15 16:13:26,500 org.nutz.ioc.loader.annotation.AnnotationIocLoader.addClass(AnnotationIocLoader.java:76) - Found @IocBean : class cn.wizzer.framework.util.Code128Util
[DEBUG] 2018-10-15 16:13:26,500 org.nutz.ioc.loader.annotation.AnnotationIocLoader.addClass(AnnotationIocLoader.java:76) - Found @IocBean : class cn.wizzer.app.base.modules.services.impl.BaseAirmeterialServiceImpl
[DEBUG] 2018-10-15 16:13:26,500 org.nutz.ioc.loader.annotation.AnnotationIocLoader.addClass(AnnotationIocLoader.java:76) - Found @IocBean : class cn.wizzer.app.base.modules.services.impl.BaseAirportServiceImpl
[DEBUG] 2018-10-15 16:13:26,500 org.nutz.ioc.loader.annotation.AnnotationIocLoader.addClass(AnnotationIocLoader.java:76) - Found @IocBean : class cn.wizzer.app.base.modules.services.impl.BaseCnctobjServiceImpl
[DEBUG] 2018-10-15 16:13:26,500 org.nutz.ioc.loader.annotation.AnnotationIocLoader.addClass(AnnotationIocLoader.java:76) - Found @IocBean : class cn.wizzer.app.base.modules.services.impl.BaseCustomerServiceImpl
[DEBUG] 2018-10-15 16:13:26,501 org.nutz.ioc.loader.annotation.AnnotationIocLoader.addClass(AnnotationIocLoader.java:76) - Found @IocBean : class cn.wizzer.app.base.modules.services.impl.BaseDeptServiceImpl
[DEBUG] 2018-10-15 16:13:26,501 org.nutz.ioc.loader.annotation.AnnotationIocLoader.addClass(AnnotationIocLoader.java:76) - Found @IocBean : class cn.wizzer.app.base.modules.services.impl.BaseJobServiceImpl
[DEBUG] 2018-10-15 16:13:26,501 org.nutz.ioc.loader.annotation.AnnotationIocLoader.addClass(AnnotationIocLoader.java:76) - Found @IocBean : class cn.wizzer.app.base.modules.services.impl.BasePersonpoolServiceImpl
[DEBUG] 2018-10-15 16:13:26,501 org.nutz.ioc.loader.annotation.AnnotationIocLoader.addClass(AnnotationIocLoader.java:76) - Found @IocBean : class cn.wizzer.app.base.modules.services.impl.BasePersonServiceImpl
[DEBUG] 2018-10-15 16:13:26,501 org.nutz.ioc.loader.annotation.AnnotationIocLoader.addClass(AnnotationIocLoader.java:76) - Found @IocBean : class cn.wizzer.app.base.modules.services.impl.BasePlaceServiceImpl
[DEBUG] 2018-10-15 16:13:26,501 org.nutz.ioc.loader.annotation.AnnotationIocLoader.addClass(AnnotationIocLoader.java:76) - Found @IocBean : class cn.wizzer.app.base.modules.services.impl.BasePostServiceImpl
[DEBUG] 2018-10-15 16:13:26,501 org.nutz.ioc.loader.annotation.AnnotationIocLoader.addClass(AnnotationIocLoader.java:76) - Found @IocBean : class cn.wizzer.app.base.modules.services.impl.BaseRowofficeentryServiceImpl
[DEBUG] 2018-10-15 16:13:26,501 org.nutz.ioc.loader.annotation.AnnotationIocLoader.addClass(AnnotationIocLoader.java:76) - Found @IocBean : class cn.wizzer.app.base.modules.services.impl.BaseRowofficeServiceImpl
[DEBUG] 2018-10-15 16:13:26,501 org.nutz.ioc.loader.annotation.AnnotationIocLoader.addClass(AnnotationIocLoader.java:76) - Found @IocBean : class cn.wizzer.app.base.modules.services.impl.BaseVehicleServiceImpl
[DEBUG] 2018-10-15 16:13:26,501 org.nutz.ioc.loader.annotation.AnnotationIocLoader.addClass(AnnotationIocLoader.java:76) - Found @IocBean : class cn.wizzer.app.base.modules.services.impl.BaseWarehouseServiceImpl
[DEBUG] 2018-10-15 16:13:26,501 org.nutz.ioc.loader.annotation.AnnotationIocLoader.addClass(AnnotationIocLoader.java:76) - Found @IocBean : class cn.wizzer.app.cms.modules.services.impl.CmsArticleServiceImpl
[DEBUG] 2018-10-15 16:13:26,501 org.nutz.ioc.loader.annotation.AnnotationIocLoader.addClass(AnnotationIocLoader.java:76) - Found @IocBean : class cn.wizzer.app.cms.modules.services.impl.CmsChannelServiceImpl
[DEBUG] 2018-10-15 16:13:26,501 org.nutz.ioc.loader.annotation.AnnotationIocLoader.addClass(AnnotationIocLoader.java:76) - Found @IocBean : class cn.wizzer.app.cms.modules.services.impl.CmsLinkClassServiceImpl
[DEBUG] 2018-10-15 16:13:26,501 org.nutz.ioc.loader.annotation.AnnotationIocLoader.addClass(AnnotationIocLoader.java:76) - Found @IocBean : class cn.wizzer.app.cms.modules.services.impl.CmsLinkServiceImpl
[DEBUG] 2018-10-15 16:13:26,501 org.nutz.ioc.loader.annotation.AnnotationIocLoader.addClass(AnnotationIocLoader.java:76) - Found @IocBean : class cn.wizzer.app.cms.modules.services.impl.CmsSiteServiceImpl
[DEBUG] 2018-10-15 16:13:26,501 org.nutz.ioc.loader.annotation.AnnotationIocLoader.addClass(AnnotationIocLoader.java:76) - Found @IocBean : class cn.wizzer.app.ins.modules.services.impl.InsBaseinsServiceImpl
[DEBUG] 2018-10-15 16:13:26,502 org.nutz.ioc.loader.annotation.AnnotationIocLoader.addClass(AnnotationIocLoader.java:76) - Found @IocBean : class cn.wizzer.app.ins.modules.services.impl.InsBaseinsSpaceServiceImpl
[DEBUG] 2018-10-15 16:13:26,502 org.nutz.ioc.loader.annotation.AnnotationIocLoader.addClass(AnnotationIocLoader.java:76) - Found @IocBean : class cn.wizzer.app.ins.modules.services.impl.InsCabinetServiceImpl
[DEBUG] 2018-10-15 16:13:26,502 org.nutz.ioc.loader.annotation.AnnotationIocLoader.addClass(AnnotationIocLoader.java:76) - Found @IocBean : class cn.wizzer.app.ins.modules.services.impl.InsCommonServiceImpl
[DEBUG] 2018-10-15 16:13:26,502 org.nutz.ioc.loader.annotation.AnnotationIocLoader.addClass(AnnotationIocLoader.java:76) - Found @IocBean : class cn.wizzer.app.ins.modules.services.impl.InsInstrumentServiceImpl
[DEBUG] 2018-10-15 16:13:26,502 org.nutz.ioc.loader.annotation.AnnotationIocLoader.addClass(AnnotationIocLoader.java:76) - Found @IocBean : class cn.wizzer.app.ins.modules.services.impl.InsLockServiceImpl
[DEBUG] 2018-10-15 16:13:26,502 org.nutz.ioc.loader.annotation.AnnotationIocLoader.addClass(AnnotationIocLoader.java:76) - Found @IocBean : class cn.wizzer.app.ins.modules.services.impl.InsOrderentryServiceImpl
[DEBUG] 2018-10-15 16:13:26,502 org.nutz.ioc.loader.annotation.AnnotationIocLoader.addClass(AnnotationIocLoader.java:76) - Found @IocBean : class cn.wizzer.app.ins.modules.services.impl.InsOrderServiceImpl
[DEBUG] 2018-10-15 16:13:26,502 org.nutz.ioc.loader.annotation.AnnotationIocLoader.addClass(AnnotationIocLoader.java:76) - Found @IocBean : class cn.wizzer.app.ins.modules.services.impl.InsRepairServiceImpl
[DEBUG] 2018-10-15 16:13:26,502 org.nutz.ioc.loader.annotation.AnnotationIocLoader.addClass(AnnotationIocLoader.java:76) - Found @IocBean : class cn.wizzer.app.ins.modules.services.impl.InsRepairtrackServiceImpl
[DEBUG] 2018-10-15 16:13:26,502 org.nutz.ioc.loader.annotation.AnnotationIocLoader.addClass(AnnotationIocLoader.java:76) - Found @IocBean : class cn.wizzer.app.ins.modules.services.impl.InsRfheadServiceImpl
[DEBUG] 2018-10-15 16:13:26,502 org.nutz.ioc.loader.annotation.AnnotationIocLoader.addClass(AnnotationIocLoader.java:76) - Found @IocBean : class cn.wizzer.app.ins.modules.services.impl.InsRfidServiceImpl
[DEBUG] 2018-10-15 16:13:26,502 org.nutz.ioc.loader.annotation.AnnotationIocLoader.addClass(AnnotationIocLoader.java:76) - Found @IocBean : class cn.wizzer.app.ins.modules.services.impl.InsSpaceServiceImpl
[DEBUG] 2018-10-15 16:13:26,503 org.nutz.ioc.loader.annotation.AnnotationIocLoader.addClass(AnnotationIocLoader.java:76) - Found @IocBean : class cn.wizzer.app.ins.modules.services.impl.InsToolcabinetServiceImpl
[DEBUG] 2018-10-15 16:13:26,503 org.nutz.ioc.loader.annotation.AnnotationIocLoader.addClass(AnnotationIocLoader.java:76) - Found @IocBean : class cn.wizzer.app.ins.modules.services.impl.InsTransmitServiceImpl
[DEBUG] 2018-10-15 16:13:26,503 org.nutz.ioc.loader.annotation.AnnotationIocLoader.addClass(AnnotationIocLoader.java:76) - Found @IocBean : class cn.wizzer.app.logistics.modules.services.impl.LogisticsDeliveryorderentryServiceImpl
[DEBUG] 2018-10-15 16:13:26,503 org.nutz.ioc.loader.annotation.AnnotationIocLoader.addClass(AnnotationIocLoader.java:76) - Found @IocBean : class cn.wizzer.app.logistics.modules.services.impl.LogisticsDeliveryorderServiceImpl
[DEBUG] 2018-10-15 16:13:26,503 org.nutz.ioc.loader.annotation.AnnotationIocLoader.addClass(AnnotationIocLoader.java:76) - Found @IocBean : class cn.wizzer.app.logistics.modules.services.impl.LogisticsEntourageServiceImpl
[DEBUG] 2018-10-15 16:13:26,503 org.nutz.ioc.loader.annotation.AnnotationIocLoader.addClass(AnnotationIocLoader.java:76) - Found @IocBean : class cn.wizzer.app.logistics.modules.services.impl.LogisticsOrderdeliveryServiceImpl
[DEBUG] 2018-10-15 16:13:26,503 org.nutz.ioc.loader.annotation.AnnotationIocLoader.addClass(AnnotationIocLoader.java:76) - Found @IocBean : class cn.wizzer.app.logistics.modules.services.impl.LogisticsOrderentryServiceImpl
[DEBUG] 2018-10-15 16:13:26,503 org.nutz.ioc.loader.annotation.AnnotationIocLoader.addClass(AnnotationIocLoader.java:76) - Found @IocBean : class cn.wizzer.app.logistics.modules.services.impl.LogisticsOrderplanentryServiceImpl
[DEBUG] 2018-10-15 16:13:26,503 org.nutz.ioc.loader.annotation.AnnotationIocLoader.addClass(AnnotationIocLoader.java:76) - Found @IocBean : class cn.wizzer.app.logistics.modules.services.impl.LogisticsOrderplanServiceImpl
[DEBUG] 2018-10-15 16:13:26,503 org.nutz.ioc.loader.annotation.AnnotationIocLoader.addClass(AnnotationIocLoader.java:76) - Found @IocBean : class cn.wizzer.app.logistics.modules.services.impl.LogisticsOrderrejectServiceImpl
[DEBUG] 2018-10-15 16:13:26,503 org.nutz.ioc.loader.annotation.AnnotationIocLoader.addClass(AnnotationIocLoader.java:76) - Found @IocBean : class cn.wizzer.app.logistics.modules.services.impl.LogisticsOrderServiceImpl
[DEBUG] 2018-10-15 16:13:26,503 org.nutz.ioc.loader.annotation.AnnotationIocLoader.addClass(AnnotationIocLoader.java:76) - Found @IocBean : class cn.wizzer.app.logistics.modules.services.impl.LogisticsOrderstepServiceImpl
[DEBUG] 2018-10-15 16:13:26,504 org.nutz.ioc.loader.annotation.AnnotationIocLoader.addClass(AnnotationIocLoader.java:76) - Found @IocBean : class cn.wizzer.app.logistics.modules.services.impl.LogisticsSendapprovalServiceImpl
[DEBUG] 2018-10-15 16:13:26,504 org.nutz.ioc.loader.annotation.AnnotationIocLoader.addClass(AnnotationIocLoader.java:76) - Found @IocBean : class cn.wizzer.app.logistics.modules.services.impl.LogisticsSendgoodsServiceImpl
[DEBUG] 2018-10-15 16:13:26,504 org.nutz.ioc.loader.annotation.AnnotationIocLoader.addClass(AnnotationIocLoader.java:76) - Found @IocBean : class cn.wizzer.app.logistics.modules.services.impl.LogisticsSendplanServiceImpl
[DEBUG] 2018-10-15 16:13:26,504 org.nutz.ioc.loader.annotation.AnnotationIocLoader.addClass(AnnotationIocLoader.java:76) - Found @IocBean : class cn.wizzer.app.logistics.modules.services.impl.LogisticsSendtraceServiceImpl
[DEBUG] 2018-10-15 16:13:26,504 org.nutz.ioc.loader.annotation.AnnotationIocLoader.addClass(AnnotationIocLoader.java:76) - Found @IocBean : class cn.wizzer.app.logistics.modules.services.impl.LogisticsUnplanServiceImpl
[DEBUG] 2018-10-15 16:13:26,504 org.nutz.ioc.loader.annotation.AnnotationIocLoader.addClass(AnnotationIocLoader.java:76) - Found @IocBean : class cn.wizzer.app.sys.modules.services.impl.SysApiServiceImpl
[DEBUG] 2018-10-15 16:13:26,504 org.nutz.ioc.loader.annotation.AnnotationIocLoader.addClass(AnnotationIocLoader.java:76) - Found @IocBean : class cn.wizzer.app.sys.modules.services.impl.SysBarcodeServiceImpl
[DEBUG] 2018-10-15 16:13:26,504 org.nutz.ioc.loader.annotation.AnnotationIocLoader.addClass(AnnotationIocLoader.java:76) - Found @IocBean : class cn.wizzer.app.sys.modules.services.impl.SysConfigServiceImpl
[DEBUG] 2018-10-15 16:13:26,504 org.nutz.ioc.loader.annotation.AnnotationIocLoader.addClass(AnnotationIocLoader.java:76) - Found @IocBean : class cn.wizzer.app.sys.modules.services.impl.SysDictServiceImpl
[DEBUG] 2018-10-15 16:13:26,504 org.nutz.ioc.loader.annotation.AnnotationIocLoader.addClass(AnnotationIocLoader.java:76) - Found @IocBean : class cn.wizzer.app.sys.modules.services.impl.SysLogServiceImpl
[DEBUG] 2018-10-15 16:13:26,504 org.nutz.ioc.loader.annotation.AnnotationIocLoader.addClass(AnnotationIocLoader.java:76) - Found @IocBean : class cn.wizzer.app.sys.modules.services.impl.SysMenuServiceImpl
[DEBUG] 2018-10-15 16:13:26,504 org.nutz.ioc.loader.annotation.AnnotationIocLoader.addClass(AnnotationIocLoader.java:76) - Found @IocBean : class cn.wizzer.app.sys.modules.services.impl.SysMobileServiceImpl
[DEBUG] 2018-10-15 16:13:26,504 org.nutz.ioc.loader.annotation.AnnotationIocLoader.addClass(AnnotationIocLoader.java:76) - Found @IocBean : class cn.wizzer.app.sys.modules.services.impl.SysPluginServiceImpl
[DEBUG] 2018-10-15 16:13:26,504 org.nutz.ioc.loader.annotation.AnnotationIocLoader.addClass(AnnotationIocLoader.java:76) - Found @IocBean : class cn.wizzer.app.sys.modules.services.impl.SysRegistauditServiceImpl
[DEBUG] 2018-10-15 16:13:26,505 org.nutz.ioc.loader.annotation.AnnotationIocLoader.addClass(AnnotationIocLoader.java:76) - Found @IocBean : class cn.wizzer.app.sys.modules.services.impl.SysRoleServiceImpl
[DEBUG] 2018-10-15 16:13:26,505 org.nutz.ioc.loader.annotation.AnnotationIocLoader.addClass(AnnotationIocLoader.java:76) - Found @IocBean : class cn.wizzer.app.sys.modules.services.impl.SysRouteServiceImpl
[DEBUG] 2018-10-15 16:13:26,505 org.nutz.ioc.loader.annotation.AnnotationIocLoader.addClass(AnnotationIocLoader.java:76) - Found @IocBean : class cn.wizzer.app.sys.modules.services.impl.SysTaskServiceImpl
[DEBUG] 2018-10-15 16:13:26,505 org.nutz.ioc.loader.annotation.AnnotationIocLoader.addClass(AnnotationIocLoader.java:76) - Found @IocBean : class cn.wizzer.app.sys.modules.services.impl.SysTempuserServiceImpl
[DEBUG] 2018-10-15 16:13:26,505 org.nutz.ioc.loader.annotation.AnnotationIocLoader.addClass(AnnotationIocLoader.java:76) - Found @IocBean : class cn.wizzer.app.sys.modules.services.impl.SysUnitServiceImpl
[DEBUG] 2018-10-15 16:13:26,505 org.nutz.ioc.loader.annotation.AnnotationIocLoader.addClass(AnnotationIocLoader.java:76) - Found @IocBean : class cn.wizzer.app.sys.modules.services.impl.SysUserServiceImpl
[DEBUG] 2018-10-15 16:13:26,505 org.nutz.ioc.loader.annotation.AnnotationIocLoader.addClass(AnnotationIocLoader.java:76) - Found @IocBean : class cn.wizzer.app.sys.modules.services.impl.SysVersionServiceImpl
[DEBUG] 2018-10-15 16:13:26,505 org.nutz.ioc.loader.annotation.AnnotationIocLoader.addClass(AnnotationIocLoader.java:76) - Found @IocBean : class cn.wizzer.app.sys.modules.services.impl.SysWxDeptServiceImpl
[DEBUG] 2018-10-15 16:13:26,505 org.nutz.ioc.loader.annotation.AnnotationIocLoader.addClass(AnnotationIocLoader.java:76) - Found @IocBean : class cn.wizzer.app.sys.modules.services.impl.SysWxServiceImpl
[DEBUG] 2018-10-15 16:13:26,505 org.nutz.ioc.loader.annotation.AnnotationIocLoader.addClass(AnnotationIocLoader.java:76) - Found @IocBean : class cn.wizzer.app.sys.modules.services.impl.SysWxUserServiceImpl
[DEBUG] 2018-10-15 16:13:26,505 org.nutz.ioc.loader.annotation.AnnotationIocLoader.addClass(AnnotationIocLoader.java:76) - Found @IocBean : class cn.wizzer.app.web.commons.plugin.DynamicInterceptor
[DEBUG] 2018-10-15 16:13:26,505 org.nutz.ioc.loader.annotation.AnnotationIocLoader.addClass(AnnotationIocLoader.java:76) - Found @IocBean : class cn.wizzer.app.web.commons.plugin.PluginAopConfigure
[DEBUG] 2018-10-15 16:13:26,505 org.nutz.ioc.loader.annotation.AnnotationIocLoader.addClass(AnnotationIocLoader.java:76) - Found @IocBean : class cn.wizzer.app.web.commons.plugin.PluginMaster
[DEBUG] 2018-10-15 16:13:26,505 org.nutz.ioc.loader.annotation.AnnotationIocLoader.addClass(AnnotationIocLoader.java:76) - Found @IocBean : class cn.wizzer.app.web.commons.quartz.job.orderExecute
[DEBUG] 2018-10-15 16:13:26,506 org.nutz.ioc.loader.annotation.AnnotationIocLoader.addClass(AnnotationIocLoader.java:76) - Found @IocBean : class cn.wizzer.app.web.commons.quartz.job.TestJob
[DEBUG] 2018-10-15 16:13:26,506 org.nutz.ioc.loader.annotation.AnnotationIocLoader.addClass(AnnotationIocLoader.java:76) - Found @IocBean : class cn.wizzer.app.web.commons.services.email.EmailService
[DEBUG] 2018-10-15 16:13:26,506 org.nutz.ioc.loader.annotation.AnnotationIocLoader.addClass(AnnotationIocLoader.java:76) - Found @IocBean : class cn.wizzer.app.web.commons.services.qrcode.QrcodeService
[DEBUG] 2018-10-15 16:13:26,506 org.nutz.ioc.loader.annotation.AnnotationIocLoader.addClass(AnnotationIocLoader.java:76) - Found @IocBean : class cn.wizzer.app.web.commons.services.wx.TplService
[DEBUG] 2018-10-15 16:13:26,506 org.nutz.ioc.loader.annotation.AnnotationIocLoader.addClass(AnnotationIocLoader.java:76) - Found @IocBean : class cn.wizzer.app.web.commons.services.wx.WxHandler
[DEBUG] 2018-10-15 16:13:26,506 org.nutz.ioc.loader.annotation.AnnotationIocLoader.addClass(AnnotationIocLoader.java:76) - Found @IocBean : class cn.wizzer.app.web.commons.shiro.realm.PlatformAuthorizingRealm
[DEBUG] 2018-10-15 16:13:26,506 org.nutz.ioc.loader.annotation.AnnotationIocLoader.addClass(AnnotationIocLoader.java:76) - Found @IocBean : class cn.wizzer.app.web.commons.slog.SLogAopConfigration
[DEBUG] 2018-10-15 16:13:26,506 org.nutz.ioc.loader.annotation.AnnotationIocLoader.addClass(AnnotationIocLoader.java:76) - Found @IocBean : class cn.wizzer.app.web.commons.slog.SLogService
[DEBUG] 2018-10-15 16:13:26,506 org.nutz.ioc.loader.annotation.AnnotationIocLoader.addClass(AnnotationIocLoader.java:76) - Found @IocBean : class cn.wizzer.app.web.modules.controllers.front.wx.CmsController
[DEBUG] 2018-10-15 16:13:26,506 org.nutz.ioc.loader.annotation.AnnotationIocLoader.addClass(AnnotationIocLoader.java:76) - Found @IocBean : class cn.wizzer.app.web.modules.controllers.front.wx.WechatController
[DEBUG] 2018-10-15 16:13:26,506 org.nutz.ioc.loader.annotation.AnnotationIocLoader.addClass(AnnotationIocLoader.java:76) - Found @IocBean : class cn.wizzer.app.web.modules.controllers.open.api.mobile.MobileBaseController
[DEBUG] 2018-10-15 16:13:26,506 org.nutz.ioc.loader.annotation.AnnotationIocLoader.addClass(AnnotationIocLoader.java:76) - Found @IocBean : class cn.wizzer.app.web.modules.controllers.open.api.mobile.MobileInsController
[DEBUG] 2018-10-15 16:13:26,507 org.nutz.ioc.loader.annotation.AnnotationIocLoader.addClass(AnnotationIocLoader.java:76) - Found @IocBean : class cn.wizzer.app.web.modules.controllers.open.api.mobile.MobileOrderController
[DEBUG] 2018-10-15 16:13:26,507 org.nutz.ioc.loader.annotation.AnnotationIocLoader.addClass(AnnotationIocLoader.java:76) - Found @IocBean : class cn.wizzer.app.web.modules.controllers.open.api.mobile.MobileSysController
[DEBUG] 2018-10-15 16:13:26,507 org.nutz.ioc.loader.annotation.AnnotationIocLoader.addClass(AnnotationIocLoader.java:76) - Found @IocBean : class cn.wizzer.app.web.modules.controllers.open.api.pad.PadInsController
[DEBUG] 2018-10-15 16:13:26,507 org.nutz.ioc.loader.annotation.AnnotationIocLoader.addClass(AnnotationIocLoader.java:76) - Found @IocBean : class cn.wizzer.app.web.modules.controllers.open.api.pad.PadOrderController
[DEBUG] 2018-10-15 16:13:26,507 org.nutz.ioc.loader.annotation.AnnotationIocLoader.addClass(AnnotationIocLoader.java:76) - Found @IocBean : class cn.wizzer.app.web.modules.controllers.open.api.pad.PadSysController
[DEBUG] 2018-10-15 16:13:26,507 org.nutz.ioc.loader.annotation.AnnotationIocLoader.addClass(AnnotationIocLoader.java:76) - Found @IocBean : class cn.wizzer.app.web.modules.controllers.open.api.test.ApiTestController
[DEBUG] 2018-10-15 16:13:26,507 org.nutz.ioc.loader.annotation.AnnotationIocLoader.addClass(AnnotationIocLoader.java:76) - Found @IocBean : class cn.wizzer.app.web.modules.controllers.open.api.token.TokenController
[DEBUG] 2018-10-15 16:13:26,507 org.nutz.ioc.loader.annotation.AnnotationIocLoader.addClass(AnnotationIocLoader.java:76) - Found @IocBean : class cn.wizzer.app.web.modules.controllers.open.api.userpermission.UserpermissionController
[DEBUG] 2018-10-15 16:13:26,507 org.nutz.ioc.loader.annotation.AnnotationIocLoader.addClass(AnnotationIocLoader.java:76) - Found @IocBean : class cn.wizzer.app.web.modules.controllers.open.file.UploadController
[DEBUG] 2018-10-15 16:13:26,507 org.nutz.ioc.loader.annotation.AnnotationIocLoader.addClass(AnnotationIocLoader.java:76) - Found @IocBean : class cn.wizzer.app.web.modules.controllers.open.pay.WxPayBackController
[DEBUG] 2018-10-15 16:13:26,507 org.nutz.ioc.loader.annotation.AnnotationIocLoader.addClass(AnnotationIocLoader.java:76) - Found @IocBean : class cn.wizzer.app.web.modules.controllers.open.ueditor.BdController
[DEBUG] 2018-10-15 16:13:26,507 org.nutz.ioc.loader.annotation.AnnotationIocLoader.addClass(AnnotationIocLoader.java:76) - Found @IocBean : class cn.wizzer.app.web.modules.controllers.open.ueditor.WxController
[DEBUG] 2018-10-15 16:13:26,507 org.nutz.ioc.loader.annotation.AnnotationIocLoader.addClass(AnnotationIocLoader.java:76) - Found @IocBean : class cn.wizzer.app.web.modules.controllers.open.wx.WeixinController
[DEBUG] 2018-10-15 16:13:26,507 org.nutz.ioc.loader.annotation.AnnotationIocLoader.addClass(AnnotationIocLoader.java:76) - Found @IocBean : class cn.wizzer.app.web.modules.controllers.platform.base.BaseAirmeterialController
[DEBUG] 2018-10-15 16:13:26,507 org.nutz.ioc.loader.annotation.AnnotationIocLoader.addClass(AnnotationIocLoader.java:76) - Found @IocBean : class cn.wizzer.app.web.modules.controllers.platform.base.BaseAirportController
[DEBUG] 2018-10-15 16:13:26,507 org.nutz.ioc.loader.annotation.AnnotationIocLoader.addClass(AnnotationIocLoader.java:76) - Found @IocBean : class cn.wizzer.app.web.modules.controllers.platform.base.BaseCnctobjController
[DEBUG] 2018-10-15 16:13:26,507 org.nutz.ioc.loader.annotation.AnnotationIocLoader.addClass(AnnotationIocLoader.java:76) - Found @IocBean : class cn.wizzer.app.web.modules.controllers.platform.base.BaseCustomerController
[DEBUG] 2018-10-15 16:13:26,507 org.nutz.ioc.loader.annotation.AnnotationIocLoader.addClass(AnnotationIocLoader.java:76) - Found @IocBean : class cn.wizzer.app.web.modules.controllers.platform.base.BaseDeptController
[DEBUG] 2018-10-15 16:13:26,508 org.nutz.ioc.loader.annotation.AnnotationIocLoader.addClass(AnnotationIocLoader.java:76) - Found @IocBean : class cn.wizzer.app.web.modules.controllers.platform.base.BaseJobController
[DEBUG] 2018-10-15 16:13:26,508 org.nutz.ioc.loader.annotation.AnnotationIocLoader.addClass(AnnotationIocLoader.java:76) - Found @IocBean : class cn.wizzer.app.web.modules.controllers.platform.base.BasePersonController
[DEBUG] 2018-10-15 16:13:26,508 org.nutz.ioc.loader.annotation.AnnotationIocLoader.addClass(AnnotationIocLoader.java:76) - Found @IocBean : class cn.wizzer.app.web.modules.controllers.platform.base.BasePersonpoolController
[DEBUG] 2018-10-15 16:13:26,508 org.nutz.ioc.loader.annotation.AnnotationIocLoader.addClass(AnnotationIocLoader.java:76) - Found @IocBean : class cn.wizzer.app.web.modules.controllers.platform.base.BasePlaceController
[DEBUG] 2018-10-15 16:13:26,508 org.nutz.ioc.loader.annotation.AnnotationIocLoader.addClass(AnnotationIocLoader.java:76) - Found @IocBean : class cn.wizzer.app.web.modules.controllers.platform.base.BasePostController
[DEBUG] 2018-10-15 16:13:26,508 org.nutz.ioc.loader.annotation.AnnotationIocLoader.addClass(AnnotationIocLoader.java:76) - Found @IocBean : class cn.wizzer.app.web.modules.controllers.platform.base.BaseRowofficeController
[DEBUG] 2018-10-15 16:13:26,508 org.nutz.ioc.loader.annotation.AnnotationIocLoader.addClass(AnnotationIocLoader.java:76) - Found @IocBean : class cn.wizzer.app.web.modules.controllers.platform.base.BaseRowofficeentryController
[DEBUG] 2018-10-15 16:13:26,508 org.nutz.ioc.loader.annotation.AnnotationIocLoader.addClass(AnnotationIocLoader.java:76) - Found @IocBean : class cn.wizzer.app.web.modules.controllers.platform.base.BaseVehicleController
[DEBUG] 2018-10-15 16:13:26,508 org.nutz.ioc.loader.annotation.AnnotationIocLoader.addClass(AnnotationIocLoader.java:76) - Found @IocBean : class cn.wizzer.app.web.modules.controllers.platform.base.BaseWarehouseController
[DEBUG] 2018-10-15 16:13:26,508 org.nutz.ioc.loader.annotation.AnnotationIocLoader.addClass(AnnotationIocLoader.java:76) - Found @IocBean : class cn.wizzer.app.web.modules.controllers.platform.cms.CmsArticleController
[DEBUG] 2018-10-15 16:13:26,508 org.nutz.ioc.loader.annotation.AnnotationIocLoader.addClass(AnnotationIocLoader.java:76) - Found @IocBean : class cn.wizzer.app.web.modules.controllers.platform.cms.CmsChannelController
[DEBUG] 2018-10-15 16:13:26,508 org.nutz.ioc.loader.annotation.AnnotationIocLoader.addClass(AnnotationIocLoader.java:76) - Found @IocBean : class cn.wizzer.app.web.modules.controllers.platform.cms.CmsLinkClassController
[DEBUG] 2018-10-15 16:13:26,508 org.nutz.ioc.loader.annotation.AnnotationIocLoader.addClass(AnnotationIocLoader.java:76) - Found @IocBean : class cn.wizzer.app.web.modules.controllers.platform.cms.CmsLinkController
[DEBUG] 2018-10-15 16:13:26,508 org.nutz.ioc.loader.annotation.AnnotationIocLoader.addClass(AnnotationIocLoader.java:76) - Found @IocBean : class cn.wizzer.app.web.modules.controllers.platform.cms.CmsSiteController
[DEBUG] 2018-10-15 16:13:26,508 org.nutz.ioc.loader.annotation.AnnotationIocLoader.addClass(AnnotationIocLoader.java:76) - Found @IocBean : class cn.wizzer.app.web.modules.controllers.platform.ins.InsBaseinsController
[DEBUG] 2018-10-15 16:13:26,508 org.nutz.ioc.loader.annotation.AnnotationIocLoader.addClass(AnnotationIocLoader.java:76) - Found @IocBean : class cn.wizzer.app.web.modules.controllers.platform.ins.InsBaseinsSpaceController
[DEBUG] 2018-10-15 16:13:26,509 org.nutz.ioc.loader.annotation.AnnotationIocLoader.addClass(AnnotationIocLoader.java:76) - Found @IocBean : class cn.wizzer.app.web.modules.controllers.platform.ins.InsCabinetController
[DEBUG] 2018-10-15 16:13:26,509 org.nutz.ioc.loader.annotation.AnnotationIocLoader.addClass(AnnotationIocLoader.java:76) - Found @IocBean : class cn.wizzer.app.web.modules.controllers.platform.ins.InsCommonController
[DEBUG] 2018-10-15 16:13:26,509 org.nutz.ioc.loader.annotation.AnnotationIocLoader.addClass(AnnotationIocLoader.java:76) - Found @IocBean : class cn.wizzer.app.web.modules.controllers.platform.ins.InsInstrumentController
[DEBUG] 2018-10-15 16:13:26,509 org.nutz.ioc.loader.annotation.AnnotationIocLoader.addClass(AnnotationIocLoader.java:76) - Found @IocBean : class cn.wizzer.app.web.modules.controllers.platform.ins.InsLockController
[DEBUG] 2018-10-15 16:13:26,509 org.nutz.ioc.loader.annotation.AnnotationIocLoader.addClass(AnnotationIocLoader.java:76) - Found @IocBean : class cn.wizzer.app.web.modules.controllers.platform.ins.InsOrderController
[DEBUG] 2018-10-15 16:13:26,509 org.nutz.ioc.loader.annotation.AnnotationIocLoader.addClass(AnnotationIocLoader.java:76) - Found @IocBean : class cn.wizzer.app.web.modules.controllers.platform.ins.InsOrderentryController
[DEBUG] 2018-10-15 16:13:26,509 org.nutz.ioc.loader.annotation.AnnotationIocLoader.addClass(AnnotationIocLoader.java:76) - Found @IocBean : class cn.wizzer.app.web.modules.controllers.platform.ins.InsRepairController
[DEBUG] 2018-10-15 16:13:26,509 org.nutz.ioc.loader.annotation.AnnotationIocLoader.addClass(AnnotationIocLoader.java:76) - Found @IocBean : class cn.wizzer.app.web.modules.controllers.platform.ins.InsRepairtrackController
[DEBUG] 2018-10-15 16:13:26,509 org.nutz.ioc.loader.annotation.AnnotationIocLoader.addClass(AnnotationIocLoader.java:76) - Found @IocBean : class cn.wizzer.app.web.modules.controllers.platform.ins.InsRfheadController
[DEBUG] 2018-10-15 16:13:26,509 org.nutz.ioc.loader.annotation.AnnotationIocLoader.addClass(AnnotationIocLoader.java:76) - Found @IocBean : class cn.wizzer.app.web.modules.controllers.platform.ins.InsRfidController
[DEBUG] 2018-10-15 16:13:26,509 org.nutz.ioc.loader.annotation.AnnotationIocLoader.addClass(AnnotationIocLoader.java:76) - Found @IocBean : class cn.wizzer.app.web.modules.controllers.platform.ins.InsSpaceController
[DEBUG] 2018-10-15 16:13:26,509 org.nutz.ioc.loader.annotation.AnnotationIocLoader.addClass(AnnotationIocLoader.java:76) - Found @IocBean : class cn.wizzer.app.web.modules.controllers.platform.ins.InsToolcabinetController
[DEBUG] 2018-10-15 16:13:26,509 org.nutz.ioc.loader.annotation.AnnotationIocLoader.addClass(AnnotationIocLoader.java:76) - Found @IocBean : class cn.wizzer.app.web.modules.controllers.platform.ins.InsTransmitController
[DEBUG] 2018-10-15 16:13:26,509 org.nutz.ioc.loader.annotation.AnnotationIocLoader.addClass(AnnotationIocLoader.java:76) - Found @IocBean : class cn.wizzer.app.web.modules.controllers.platform.logistics.LogisticsDeliveryorderController
[DEBUG] 2018-10-15 16:13:26,509 org.nutz.ioc.loader.annotation.AnnotationIocLoader.addClass(AnnotationIocLoader.java:76) - Found @IocBean : class cn.wizzer.app.web.modules.controllers.platform.logistics.LogisticsDeliveryorderentryController
[DEBUG] 2018-10-15 16:13:26,509 org.nutz.ioc.loader.annotation.AnnotationIocLoader.addClass(AnnotationIocLoader.java:76) - Found @IocBean : class cn.wizzer.app.web.modules.controllers.platform.logistics.LogisticsEntourageController
[DEBUG] 2018-10-15 16:13:26,510 org.nutz.ioc.loader.annotation.AnnotationIocLoader.addClass(AnnotationIocLoader.java:76) - Found @IocBean : class cn.wizzer.app.web.modules.controllers.platform.logistics.LogisticsOrderController
[DEBUG] 2018-10-15 16:13:26,510 org.nutz.ioc.loader.annotation.AnnotationIocLoader.addClass(AnnotationIocLoader.java:76) - Found @IocBean : class cn.wizzer.app.web.modules.controllers.platform.logistics.LogisticsOrderdeliveryController
[DEBUG] 2018-10-15 16:13:26,510 org.nutz.ioc.loader.annotation.AnnotationIocLoader.addClass(AnnotationIocLoader.java:76) - Found @IocBean : class cn.wizzer.app.web.modules.controllers.platform.logistics.LogisticsOrderentryController
[DEBUG] 2018-10-15 16:13:26,510 org.nutz.ioc.loader.annotation.AnnotationIocLoader.addClass(AnnotationIocLoader.java:76) - Found @IocBean : class cn.wizzer.app.web.modules.controllers.platform.logistics.LogisticsOrderplanController
[DEBUG] 2018-10-15 16:13:26,510 org.nutz.ioc.loader.annotation.AnnotationIocLoader.addClass(AnnotationIocLoader.java:76) - Found @IocBean : class cn.wizzer.app.web.modules.controllers.platform.logistics.LogisticsOrderplanentryController
[DEBUG] 2018-10-15 16:13:26,510 org.nutz.ioc.loader.annotation.AnnotationIocLoader.addClass(AnnotationIocLoader.java:76) - Found @IocBean : class cn.wizzer.app.web.modules.controllers.platform.logistics.LogisticsOrderrejectController
[DEBUG] 2018-10-15 16:13:26,510 org.nutz.ioc.loader.annotation.AnnotationIocLoader.addClass(AnnotationIocLoader.java:76) - Found @IocBean : class cn.wizzer.app.web.modules.controllers.platform.logistics.LogisticsOrderstepController
[DEBUG] 2018-10-15 16:13:26,510 org.nutz.ioc.loader.annotation.AnnotationIocLoader.addClass(AnnotationIocLoader.java:76) - Found @IocBean : class cn.wizzer.app.web.modules.controllers.platform.logistics.LogisticsSendapprovalController
[DEBUG] 2018-10-15 16:13:26,510 org.nutz.ioc.loader.annotation.AnnotationIocLoader.addClass(AnnotationIocLoader.java:76) - Found @IocBean : class cn.wizzer.app.web.modules.controllers.platform.logistics.LogisticsSendgoodsController
[DEBUG] 2018-10-15 16:13:26,510 org.nutz.ioc.loader.annotation.AnnotationIocLoader.addClass(AnnotationIocLoader.java:76) - Found @IocBean : class cn.wizzer.app.web.modules.controllers.platform.logistics.LogisticsSendplanController
[DEBUG] 2018-10-15 16:13:26,510 org.nutz.ioc.loader.annotation.AnnotationIocLoader.addClass(AnnotationIocLoader.java:76) - Found @IocBean : class cn.wizzer.app.web.modules.controllers.platform.logistics.LogisticsSendtraceController
[DEBUG] 2018-10-15 16:13:26,510 org.nutz.ioc.loader.annotation.AnnotationIocLoader.addClass(AnnotationIocLoader.java:76) - Found @IocBean : class cn.wizzer.app.web.modules.controllers.platform.logistics.LogisticsUnplanController
[DEBUG] 2018-10-15 16:13:26,510 org.nutz.ioc.loader.annotation.AnnotationIocLoader.addClass(AnnotationIocLoader.java:76) - Found @IocBean : class cn.wizzer.app.web.modules.controllers.platform.sys.SysApiController
[DEBUG] 2018-10-15 16:13:26,510 org.nutz.ioc.loader.annotation.AnnotationIocLoader.addClass(AnnotationIocLoader.java:76) - Found @IocBean : class cn.wizzer.app.web.modules.controllers.platform.sys.SysBarcodeController
[DEBUG] 2018-10-15 16:13:26,511 org.nutz.ioc.loader.annotation.AnnotationIocLoader.addClass(AnnotationIocLoader.java:76) - Found @IocBean : class cn.wizzer.app.web.modules.controllers.platform.sys.SysConfController
[DEBUG] 2018-10-15 16:13:26,511 org.nutz.ioc.loader.annotation.AnnotationIocLoader.addClass(AnnotationIocLoader.java:76) - Found @IocBean : class cn.wizzer.app.web.modules.controllers.platform.sys.SysDictController
[DEBUG] 2018-10-15 16:13:26,511 org.nutz.ioc.loader.annotation.AnnotationIocLoader.addClass(AnnotationIocLoader.java:76) - Found @IocBean : class cn.wizzer.app.web.modules.controllers.platform.sys.SysHomeController
[DEBUG] 2018-10-15 16:13:26,511 org.nutz.ioc.loader.annotation.AnnotationIocLoader.addClass(AnnotationIocLoader.java:76) - Found @IocBean : class cn.wizzer.app.web.modules.controllers.platform.sys.SysLogController
[DEBUG] 2018-10-15 16:13:26,511 org.nutz.ioc.loader.annotation.AnnotationIocLoader.addClass(AnnotationIocLoader.java:76) - Found @IocBean : class cn.wizzer.app.web.modules.controllers.platform.sys.SysLoginController
[DEBUG] 2018-10-15 16:13:26,511 org.nutz.ioc.loader.annotation.AnnotationIocLoader.addClass(AnnotationIocLoader.java:76) - Found @IocBean : class cn.wizzer.app.web.modules.controllers.platform.sys.SysMenuController
[DEBUG] 2018-10-15 16:13:26,511 org.nutz.ioc.loader.annotation.AnnotationIocLoader.addClass(AnnotationIocLoader.java:76) - Found @IocBean : class cn.wizzer.app.web.modules.controllers.platform.sys.SysMobileController
[DEBUG] 2018-10-15 16:13:26,511 org.nutz.ioc.loader.annotation.AnnotationIocLoader.addClass(AnnotationIocLoader.java:76) - Found @IocBean : class cn.wizzer.app.web.modules.controllers.platform.sys.SysPluginController
[DEBUG] 2018-10-15 16:13:26,511 org.nutz.ioc.loader.annotation.AnnotationIocLoader.addClass(AnnotationIocLoader.java:76) - Found @IocBean : class cn.wizzer.app.web.modules.controllers.platform.sys.SysRegistauditController
[DEBUG] 2018-10-15 16:13:26,511 org.nutz.ioc.loader.annotation.AnnotationIocLoader.addClass(AnnotationIocLoader.java:76) - Found @IocBean : class cn.wizzer.app.web.modules.controllers.platform.sys.SysRoleController
[DEBUG] 2018-10-15 16:13:26,511 org.nutz.ioc.loader.annotation.AnnotationIocLoader.addClass(AnnotationIocLoader.java:76) - Found @IocBean : class cn.wizzer.app.web.modules.controllers.platform.sys.SysRouteController
[DEBUG] 2018-10-15 16:13:26,511 org.nutz.ioc.loader.annotation.AnnotationIocLoader.addClass(AnnotationIocLoader.java:76) - Found @IocBean : class cn.wizzer.app.web.modules.controllers.platform.sys.SysTaskController
[DEBUG] 2018-10-15 16:13:26,511 org.nutz.ioc.loader.annotation.AnnotationIocLoader.addClass(AnnotationIocLoader.java:76) - Found @IocBean : class cn.wizzer.app.web.modules.controllers.platform.sys.SysTempuserController
[DEBUG] 2018-10-15 16:13:26,511 org.nutz.ioc.loader.annotation.AnnotationIocLoader.addClass(AnnotationIocLoader.java:76) - Found @IocBean : class cn.wizzer.app.web.modules.controllers.platform.sys.SysUnitController
[DEBUG] 2018-10-15 16:13:26,511 org.nutz.ioc.loader.annotation.AnnotationIocLoader.addClass(AnnotationIocLoader.java:76) - Found @IocBean : class cn.wizzer.app.web.modules.controllers.platform.sys.SysUserController
[DEBUG] 2018-10-15 16:13:26,511 org.nutz.ioc.loader.annotation.AnnotationIocLoader.addClass(AnnotationIocLoader.java:76) - Found @IocBean : class cn.wizzer.app.web.modules.controllers.platform.sys.SysVersionController
[DEBUG] 2018-10-15 16:13:26,512 org.nutz.ioc.loader.annotation.AnnotationIocLoader.addClass(AnnotationIocLoader.java:76) - Found @IocBean : class cn.wizzer.app.web.modules.controllers.platform.sys.SysWxController
[DEBUG] 2018-10-15 16:13:26,512 org.nutz.ioc.loader.annotation.AnnotationIocLoader.addClass(AnnotationIocLoader.java:76) - Found @IocBean : class cn.wizzer.app.web.modules.controllers.platform.sys.SysWxDeptController
[DEBUG] 2018-10-15 16:13:26,512 org.nutz.ioc.loader.annotation.AnnotationIocLoader.addClass(AnnotationIocLoader.java:76) - Found @IocBean : class cn.wizzer.app.web.modules.controllers.platform.sys.SysWxUserController
[DEBUG] 2018-10-15 16:13:26,512 org.nutz.ioc.loader.annotation.AnnotationIocLoader.addClass(AnnotationIocLoader.java:76) - Found @IocBean : class cn.wizzer.app.web.modules.controllers.platform.wx.WxConfigController
[DEBUG] 2018-10-15 16:13:26,512 org.nutz.ioc.loader.annotation.AnnotationIocLoader.addClass(AnnotationIocLoader.java:76) - Found @IocBean : class cn.wizzer.app.web.modules.controllers.platform.wx.WxMassController
[DEBUG] 2018-10-15 16:13:26,512 org.nutz.ioc.loader.annotation.AnnotationIocLoader.addClass(AnnotationIocLoader.java:76) - Found @IocBean : class cn.wizzer.app.web.modules.controllers.platform.wx.WxMenuController
[DEBUG] 2018-10-15 16:13:26,512 org.nutz.ioc.loader.annotation.AnnotationIocLoader.addClass(AnnotationIocLoader.java:76) - Found @IocBean : class cn.wizzer.app.web.modules.controllers.platform.wx.WxMsgUserController
[DEBUG] 2018-10-15 16:13:26,512 org.nutz.ioc.loader.annotation.AnnotationIocLoader.addClass(AnnotationIocLoader.java:76) - Found @IocBean : class cn.wizzer.app.web.modules.controllers.platform.wx.WxPayTestController
[DEBUG] 2018-10-15 16:13:26,512 org.nutz.ioc.loader.annotation.AnnotationIocLoader.addClass(AnnotationIocLoader.java:76) - Found @IocBean : class cn.wizzer.app.web.modules.controllers.platform.wx.WxReplyController
[DEBUG] 2018-10-15 16:13:26,512 org.nutz.ioc.loader.annotation.AnnotationIocLoader.addClass(AnnotationIocLoader.java:76) - Found @IocBean : class cn.wizzer.app.web.modules.controllers.platform.wx.WxReplyNewsController
[DEBUG] 2018-10-15 16:13:26,512 org.nutz.ioc.loader.annotation.AnnotationIocLoader.addClass(AnnotationIocLoader.java:76) - Found @IocBean : class cn.wizzer.app.web.modules.controllers.platform.wx.WxReplyTxtController
[DEBUG] 2018-10-15 16:13:26,512 org.nutz.ioc.loader.annotation.AnnotationIocLoader.addClass(AnnotationIocLoader.java:76) - Found @IocBean : class cn.wizzer.app.web.modules.controllers.platform.wx.WxTplIdController
[DEBUG] 2018-10-15 16:13:26,512 org.nutz.ioc.loader.annotation.AnnotationIocLoader.addClass(AnnotationIocLoader.java:76) - Found @IocBean : class cn.wizzer.app.web.modules.controllers.platform.wx.WxTplListController
[DEBUG] 2018-10-15 16:13:26,512 org.nutz.ioc.loader.annotation.AnnotationIocLoader.addClass(AnnotationIocLoader.java:76) - Found @IocBean : class cn.wizzer.app.web.modules.controllers.platform.wx.WxTplLogController
[DEBUG] 2018-10-15 16:13:26,512 org.nutz.ioc.loader.annotation.AnnotationIocLoader.addClass(AnnotationIocLoader.java:76) - Found @IocBean : class cn.wizzer.app.web.modules.controllers.platform.wx.WxUserController
[DEBUG] 2018-10-15 16:13:26,513 org.nutz.ioc.loader.annotation.AnnotationIocLoader.addClass(AnnotationIocLoader.java:76) - Found @IocBean : class cn.wizzer.app.wx.modules.services.impl.WxConfigServiceImpl
[DEBUG] 2018-10-15 16:13:26,513 org.nutz.ioc.loader.annotation.AnnotationIocLoader.addClass(AnnotationIocLoader.java:76) - Found @IocBean : class cn.wizzer.app.wx.modules.services.impl.WxMassNewsServiceImpl
[DEBUG] 2018-10-15 16:13:26,513 org.nutz.ioc.loader.annotation.AnnotationIocLoader.addClass(AnnotationIocLoader.java:76) - Found @IocBean : class cn.wizzer.app.wx.modules.services.impl.WxMassSendServiceImpl
[DEBUG] 2018-10-15 16:13:26,513 org.nutz.ioc.loader.annotation.AnnotationIocLoader.addClass(AnnotationIocLoader.java:76) - Found @IocBean : class cn.wizzer.app.wx.modules.services.impl.WxMassServiceImpl
[DEBUG] 2018-10-15 16:13:26,513 org.nutz.ioc.loader.annotation.AnnotationIocLoader.addClass(AnnotationIocLoader.java:76) - Found @IocBean : class cn.wizzer.app.wx.modules.services.impl.WxMenuServiceImpl
[DEBUG] 2018-10-15 16:13:26,513 org.nutz.ioc.loader.annotation.AnnotationIocLoader.addClass(AnnotationIocLoader.java:76) - Found @IocBean : class cn.wizzer.app.wx.modules.services.impl.WxMsgReplyServiceImpl
[DEBUG] 2018-10-15 16:13:26,513 org.nutz.ioc.loader.annotation.AnnotationIocLoader.addClass(AnnotationIocLoader.java:76) - Found @IocBean : class cn.wizzer.app.wx.modules.services.impl.WxMsgServiceImpl
[DEBUG] 2018-10-15 16:13:26,513 org.nutz.ioc.loader.annotation.AnnotationIocLoader.addClass(AnnotationIocLoader.java:76) - Found @IocBean : class cn.wizzer.app.wx.modules.services.impl.WxReplyNewsServiceImpl
[DEBUG] 2018-10-15 16:13:26,513 org.nutz.ioc.loader.annotation.AnnotationIocLoader.addClass(AnnotationIocLoader.java:76) - Found @IocBean : class cn.wizzer.app.wx.modules.services.impl.WxReplyServiceImpl
[DEBUG] 2018-10-15 16:13:26,513 org.nutz.ioc.loader.annotation.AnnotationIocLoader.addClass(AnnotationIocLoader.java:76) - Found @IocBean : class cn.wizzer.app.wx.modules.services.impl.WxReplyTxtServiceImpl
[DEBUG] 2018-10-15 16:13:26,513 org.nutz.ioc.loader.annotation.AnnotationIocLoader.addClass(AnnotationIocLoader.java:76) - Found @IocBean : class cn.wizzer.app.wx.modules.services.impl.WxTplIdServiceImpl
[DEBUG] 2018-10-15 16:13:26,513 org.nutz.ioc.loader.annotation.AnnotationIocLoader.addClass(AnnotationIocLoader.java:76) - Found @IocBean : class cn.wizzer.app.wx.modules.services.impl.WxTplListServiceImpl
[DEBUG] 2018-10-15 16:13:26,513 org.nutz.ioc.loader.annotation.AnnotationIocLoader.addClass(AnnotationIocLoader.java:76) - Found @IocBean : class cn.wizzer.app.wx.modules.services.impl.WxTplLogServiceImpl
[DEBUG] 2018-10-15 16:13:26,513 org.nutz.ioc.loader.annotation.AnnotationIocLoader.addClass(AnnotationIocLoader.java:76) - Found @IocBean : class cn.wizzer.app.wx.modules.services.impl.WxUserServiceImpl
[DEBUG] 2018-10-15 16:13:26,513 org.nutz.ioc.loader.annotation.AnnotationIocLoader.addClass(AnnotationIocLoader.java:76) - Found @IocBean : class cn.wizzer.test.SimpleTest
[DEBUG] 2018-10-15 16:13:26,515 org.nutz.resource.Scans.scan(Scans.java:274) - Found 0 resource by src( org/nutz/apidoc/ ) , regex( ^.+[.]class$ )
[INFO ] 2018-10-15 16:13:26,515 org.nutz.ioc.loader.annotation.AnnotationIocLoader.<init>(AnnotationIocLoader.java:52) - Found 204 classes in 2 base-packages!
beans = ["wxTplListController", "uploadController", "wxReplyTxtServiceImpl", "logisticsSendplanController", "baseJobServiceImpl", "dateUtil", "qrcodeService", "logisticsSendgoodsServiceImpl", "logisticsOrderentryController", "insLockController", "baseRowofficeentryServiceImpl", "cmsChannelServiceImpl", "insBaseinsServiceImpl", "orderExecute", "cmsArticleController", "basePostController", "baseAirmeterialServiceImpl", "basePersonController", "logisticsOrderplanServiceImpl", "cmsLinkClassController", "basePostServiceImpl", "baseRowofficeServiceImpl", "baseJobController", "baseRowofficeController", "wxReplyController", "insRepairController", "sysConfigServiceImpl", "basePersonpoolController", "baseVehicleController", "wxMsgServiceImpl", "wxPayBackController", "logisticsUnplanController", "mobileInsController", "sysTaskController", "sysBarcodeController", "insTransmitController", "sysDictServiceImpl", "wxConfigServiceImpl", "baseAirportServiceImpl", "apiTestController", "sysMenuController", "cmsSiteServiceImpl", "mobileSysController", "cmsLinkController", "insCommonController", "logisticsOrderplanentryServiceImpl", "insInstrumentController", "sysRegistauditServiceImpl", "insLockServiceImpl", "insOrderController", "wechatController", "wxMsgUserController", "sysDictController", "sysWxUserController", "logisticsDeliveryorderentryController", "basePersonServiceImpl", "insOrderentryServiceImpl", "insRepairtrackController", "insInstrumentServiceImpl", "logisticsSendapprovalServiceImpl", "logisticsOrderdeliveryController", "wxTplListServiceImpl", "tplService", "sysPluginServiceImpl", "insRfheadController", "logisticsSendgoodsController", "mobileBaseController", "baseCnctobjServiceImpl", "nutShiroMethodInterceptor", "insCabinetServiceImpl", "basePlaceServiceImpl", "baseVehicleServiceImpl", "cmsLinkClassServiceImpl", "sysHomeController", "insRfheadServiceImpl", "sysMobileController", "wxMassServiceImpl", "logisticsOrderentryServiceImpl", "logisticsSendplanServiceImpl", "logisticsOrderrejectServiceImpl", "wxHandler", "cmsChannelController", "wxController", "rabbitProducer", "sysTaskServiceImpl", "sysVersionController", "shiroUtil", "wxReplyTxtController", "sysPluginController", "logisticsSendtraceController", "sysApiServiceImpl", "logisticsEntourageServiceImpl", "sLogService", "baseAirportController", "sysApiController", "wxTplIdController", "insSpaceServiceImpl", "logisticsOrderController", "sysTempuserController", "sysUserController", "platformAuthorizingRealm", "testJob", "$aop_1_plugin", "sysRegistauditController", "wxReplyNewsServiceImpl", "insTransmitServiceImpl", "sysLoginController", "wxTplLogServiceImpl", "sysUserServiceImpl", "sysRoleServiceImpl", "sysRouteController", "idcardUtil", "basePlaceController", "sysWxDeptController", "logisticsOrderplanentryController", "userpermissionController", "sysWxServiceImpl", "cmsController", "logisticsSendtraceServiceImpl", "insOrderentryController", "logisticsSendapprovalController", "wxMenuController", "insOrderServiceImpl", "weixinController", "code128Util", "insRepairServiceImpl", "logisticsOrderplanController", "wxMsgReplyServiceImpl", "logisticsOrderdeliveryServiceImpl", "cmsArticleServiceImpl", "baseCnctobjController", "baseCustomerController", "insBaseinsController", "insRfidServiceImpl", "cookieUtil", "baseRowofficeentryController", "logisticsOrderstepServiceImpl", "wxReplyServiceImpl", "bdController", "redisIdGenerator", "insBaseinsSpaceServiceImpl", "cmsSiteController", "logisticsDeliveryorderServiceImpl", "insCabinetController", "logisticsOrderServiceImpl", "sysWxDeptServiceImpl", "sysWxController", "mobileOrderController", "sysRoleController", "logisticsEntourageController", "insCommonServiceImpl", "sysUnitController", "padInsController", "wxMassSendServiceImpl", "logisticsDeliveryorderController", "rSAUtil", "wxConfigController", "stringUtil", "baseCustomerServiceImpl", "basePersonpoolServiceImpl", "insBaseinsSpaceController", "wxUserServiceImpl", "insSpaceController", "sysTempuserServiceImpl", "baseWarehouseServiceImpl", "insToolcabinetController", "sysWxUserServiceImpl", "dynamicInterceptor", "sysLogController", "wxMassController", "emailService", "baseWarehouseController", "insToolcabinetServiceImpl", "wxMenuServiceImpl", "wxReplyNewsController", "baseDeptServiceImpl", "sysRouteServiceImpl", "insRepairtrackServiceImpl", "wxMassNewsServiceImpl", "baseAirmeterialController", "sysMenuServiceImpl", "sysMobileServiceImpl", "simpleTest", "logisticsOrderstepController", "sysLogServiceImpl", "logisticsUnplanServiceImpl", "wxTplIdServiceImpl", "logisticsDeliveryorderentryServiceImpl", "$aop_syslog", "padSysController", "baseDeptController", "logisticsOrderrejectController", "padOrderController", "sysBarcodeServiceImpl", "wxTplLogController", "wxUserController", "wxPayTestController", "tokenController", "sysVersionServiceImpl", "cmsLinkServiceImpl", "sysUnitServiceImpl", "insRfidController", "sysConfController", "pluginMaster"]
[DEBUG] 2018-10-15 16:13:26,515 org.nutz.ioc.loader.combo.ComboIocLoader.createIocLoader(ComboIocLoader.java:110) - found jedis -- org.nutz.integration.jedis.JedisIocLoader
[DEBUG] 2018-10-15 16:13:26,517 org.nutz.resource.Scans.scan(Scans.java:274) - Found 1 resource by src( org/nutz/integration/jedis/jedis.js ) , regex( ^(.+[.])(js|json)$ )
[DEBUG] 2018-10-15 16:13:26,517 org.nutz.ioc.loader.json.JsonLoader.<init>(JsonLoader.java:49) - loading [org/nutz/integration/jedis/jedis.js]
[DEBUG] 2018-10-15 16:13:26,517 org.nutz.ioc.loader.json.JsonLoader.<init>(JsonLoader.java:57) - Loaded 9 bean define from path=[org/nutz/integration/jedis/jedis.js] --> [redisService, jedisCluster, jedisClusterNodes, jedisClusterWrapper, pubSubService, jedisPoolConfig, jedisPool, jedisAgent, redis]
[DEBUG] 2018-10-15 16:13:26,517 org.nutz.ioc.loader.json.JsonLoader.<init>(JsonLoader.java:40) - Loaded 5 bean define from reader --
[txREPEATABLE_READ, txSERIALIZABLE, txNONE, txREAD_UNCOMMITTED, txREAD_COMMITTED]
[DEBUG] 2018-10-15 16:13:26,518 org.nutz.ioc.loader.combo.ComboIocLoader.createIocLoader(ComboIocLoader.java:110) - found quartz -- org.nutz.integration.quartz.QuartzIocLoader
[DEBUG] 2018-10-15 16:13:26,518 org.nutz.ioc.loader.json.JsonLoader.<init>(JsonLoader.java:57) - Loaded 0 bean define from path=[] --> []
[DEBUG] 2018-10-15 16:13:26,519 org.nutz.ioc.aop.SimpleAopMaker.<init>(SimpleAopMaker.java:79) - Load AopConfigure for anno=org.nutz.aop.interceptor.async.Async by type=org.nutz.aop.interceptor.async.AsyncAopIocLoader
[DEBUG] 2018-10-15 16:13:26,520 org.nutz.ioc.loader.combo.ComboIocLoader.createIocLoader(ComboIocLoader.java:110) - found rabbitmq -- org.nutz.integration.rabbitmq.RabbitmqIocLoader
[DEBUG] 2018-10-15 16:13:26,521 org.nutz.resource.Scans.scan(Scans.java:274) - Found 1 resource by src( org/nutz/integration/rabbitmq/rabbitmq.js ) , regex( ^(.+[.])(js|json)$ )
[DEBUG] 2018-10-15 16:13:26,521 org.nutz.ioc.loader.json.JsonLoader.<init>(JsonLoader.java:49) - loading [org/nutz/integration/rabbitmq/rabbitmq.js]
[DEBUG] 2018-10-15 16:13:26,522 org.nutz.ioc.loader.json.JsonLoader.<init>(JsonLoader.java:57) - Loaded 2 bean define from path=[org/nutz/integration/rabbitmq/rabbitmq.js] --> [rabbitmq, rabbitmq_cf]
[INFO ] 2018-10-15 16:13:26,522 org.nutz.ioc.impl.NutIoc.<init>(NutIoc.java:98) - NutIoc init begin ...
[INFO ] 2018-10-15 16:13:26,522 org.nutz.ioc.impl.NutIoc.<init>(NutIoc.java:115) - ... NutIoc init complete
[DEBUG] 2018-10-15 16:13:26,522 org.nutz.ioc.impl.NutIoc.get(NutIoc.java:151) - Get 'conf'<class org.nutz.ioc.impl.PropertiesProxy>
[DEBUG] 2018-10-15 16:13:26,522 org.nutz.ioc.impl.NutIoc.get(NutIoc.java:151) - Get '$aop_1_plugin'<interface org.nutz.ioc.aop.config.AopConfigration>
[DEBUG] 2018-10-15 16:13:26,522 org.nutz.ioc.impl.NutIoc.get(NutIoc.java:177) - 	 >> Load definition name=$aop_1_plugin
[DEBUG] 2018-10-15 16:13:26,522 org.nutz.ioc.loader.combo.ComboIocLoader.load(ComboIocLoader.java:161) - Found IocObject($aop_1_plugin) in AnnotationIocLoader(packages=[cn.wizzer, org.nutz.apidoc])
[DEBUG] 2018-10-15 16:13:26,522 org.nutz.ioc.impl.NutIoc.get(NutIoc.java:209) - 	 >> Make...'$aop_1_plugin'<interface org.nutz.ioc.aop.config.AopConfigration>
[DEBUG] 2018-10-15 16:13:26,522 org.nutz.ioc.impl.ScopeContext.save(ScopeContext.java:64) - Save object '$aop_1_plugin' to [app] 
[DEBUG] 2018-10-15 16:13:26,522 org.nutz.ioc.impl.NutIoc.get(NutIoc.java:151) - Get 'dynamicInterceptor'<class cn.wizzer.app.web.commons.plugin.DynamicInterceptor>
[DEBUG] 2018-10-15 16:13:26,522 org.nutz.ioc.impl.NutIoc.get(NutIoc.java:177) - 	 >> Load definition name=dynamicInterceptor
[DEBUG] 2018-10-15 16:13:26,522 org.nutz.ioc.loader.combo.ComboIocLoader.load(ComboIocLoader.java:161) - Found IocObject(dynamicInterceptor) in AnnotationIocLoader(packages=[cn.wizzer, org.nutz.apidoc])
[DEBUG] 2018-10-15 16:13:26,523 org.nutz.ioc.impl.NutIoc.get(NutIoc.java:209) - 	 >> Make...'dynamicInterceptor'<class cn.wizzer.app.web.commons.plugin.DynamicInterceptor>
[DEBUG] 2018-10-15 16:13:26,523 org.nutz.ioc.impl.ScopeContext.save(ScopeContext.java:64) - Save object 'dynamicInterceptor' to [app] 
[DEBUG] 2018-10-15 16:13:26,523 org.nutz.ioc.impl.NutIoc.get(NutIoc.java:151) - Get '$aop_async'<interface org.nutz.ioc.aop.config.AopConfigration>
[DEBUG] 2018-10-15 16:13:26,523 org.nutz.ioc.impl.NutIoc.get(NutIoc.java:177) - 	 >> Load definition name=$aop_async
[DEBUG] 2018-10-15 16:13:26,523 org.nutz.ioc.loader.combo.ComboIocLoader.load(ComboIocLoader.java:161) - Found IocObject($aop_async) in AsyncAopIocLoader@1634387050
[DEBUG] 2018-10-15 16:13:26,523 org.nutz.ioc.impl.NutIoc.get(NutIoc.java:209) - 	 >> Make...'$aop_async'<interface org.nutz.ioc.aop.config.AopConfigration>
[DEBUG] 2018-10-15 16:13:26,523 org.nutz.ioc.impl.ScopeContext.save(ScopeContext.java:64) - Save object '$aop_async' to [app] 
[DEBUG] 2018-10-15 16:13:26,523 org.nutz.ioc.impl.NutIoc.get(NutIoc.java:151) - Get '$aop_syslog'<interface org.nutz.ioc.aop.config.AopConfigration>
[DEBUG] 2018-10-15 16:13:26,523 org.nutz.ioc.impl.NutIoc.get(NutIoc.java:177) - 	 >> Load definition name=$aop_syslog
[DEBUG] 2018-10-15 16:13:26,523 org.nutz.ioc.loader.combo.ComboIocLoader.load(ComboIocLoader.java:161) - Found IocObject($aop_syslog) in AnnotationIocLoader(packages=[cn.wizzer, org.nutz.apidoc])
[DEBUG] 2018-10-15 16:13:26,523 org.nutz.ioc.impl.NutIoc.get(NutIoc.java:209) - 	 >> Make...'$aop_syslog'<interface org.nutz.ioc.aop.config.AopConfigration>
[DEBUG] 2018-10-15 16:13:26,523 org.nutz.ioc.impl.ScopeContext.save(ScopeContext.java:64) - Save object '$aop_syslog' to [app] 
[DEBUG] 2018-10-15 16:13:26,523 org.nutz.ioc.aop.SimpleAopMaker.<init>(SimpleAopMaker.java:79) - Load AopConfigure for anno=cn.wizzer.app.web.commons.slog.annotation.SLog by type=cn.wizzer.app.web.commons.slog.SLogAopConfigration
[DEBUG] 2018-10-15 16:13:26,523 org.nutz.ioc.aop.SimpleAopMaker.<init>(SimpleAopMaker.java:79) - Load AopConfigure for anno=org.nutz.ioc.aop.Aop by type=org.nutz.ioc.aop.config.impl.AnnotationAopConfigration
[DEBUG] 2018-10-15 16:13:26,524 org.nutz.ioc.impl.NutIoc.get(NutIoc.java:177) - 	 >> Load definition name=conf
[DEBUG] 2018-10-15 16:13:26,524 org.nutz.ioc.loader.map.MapLoader.load(MapLoader.java:67) - Loading define for name=conf
[DEBUG] 2018-10-15 16:13:26,524 org.nutz.ioc.loader.combo.ComboIocLoader.load(ComboIocLoader.java:161) - Found IocObject(conf) in JsonLoader(paths=[config/ioc/])
[DEBUG] 2018-10-15 16:13:26,524 org.nutz.ioc.impl.NutIoc.get(NutIoc.java:209) - 	 >> Make...'conf'<class org.nutz.ioc.impl.PropertiesProxy>
[DEBUG] 2018-10-15 16:13:26,524 cn.wizzer.app.web.commons.plugin.PluginAopConfigure.getInterceptorPairList(PluginAopConfigure.java:33) - skip -- org.nutz.ioc.impl.PropertiesProxy
[DEBUG] 2018-10-15 16:13:26,524 org.nutz.ioc.aop.impl.DefaultMirrorFactory.getMirror(DefaultMirrorFactory.java:70) - Load class org.nutz.ioc.impl.PropertiesProxy without AOP
[DEBUG] 2018-10-15 16:13:26,524 org.nutz.ioc.impl.ScopeContext.save(ScopeContext.java:64) - Save object 'conf' to [app] 
[DEBUG] 2018-10-15 16:13:26,526 org.nutz.resource.Scans.scan(Scans.java:274) - Found 4 resource by src( config/custom/ ) , regex( ^.+[.]properties$ )
[DEBUG] 2018-10-15 16:13:26,526 org.nutz.ioc.impl.PropertiesProxy.setPaths(PropertiesProxy.java:113) - load properties from File[C:\Users\Administrator\IdeaProjects\XA-Instrument\wk-app\wk-web\target\classes\config\custom\db.properties]
[DEBUG] 2018-10-15 16:13:26,527 org.nutz.ioc.impl.PropertiesProxy.setPaths(PropertiesProxy.java:113) - load properties from File[C:\Users\Administrator\IdeaProjects\XA-Instrument\wk-app\wk-web\target\classes\config\custom\mail.properties]
[DEBUG] 2018-10-15 16:13:26,527 org.nutz.ioc.impl.PropertiesProxy.setPaths(PropertiesProxy.java:113) - load properties from File[C:\Users\Administrator\IdeaProjects\XA-Instrument\wk-app\wk-web\target\classes\config\custom\rabbit.properties]
[DEBUG] 2018-10-15 16:13:26,527 org.nutz.ioc.impl.PropertiesProxy.setPaths(PropertiesProxy.java:113) - load properties from File[C:\Users\Administrator\IdeaProjects\XA-Instrument\wk-app\wk-web\target\classes\config\custom\redis.properties]
[DEBUG] 2018-10-15 16:13:26,528 org.nutz.ioc.impl.NutIoc.get(NutIoc.java:151) - Get 'simpleTest'<class cn.wizzer.test.SimpleTest>
[DEBUG] 2018-10-15 16:13:26,528 org.nutz.ioc.impl.NutIoc.get(NutIoc.java:177) - 	 >> Load definition name=simpleTest
[DEBUG] 2018-10-15 16:13:26,528 org.nutz.ioc.loader.combo.ComboIocLoader.load(ComboIocLoader.java:161) - Found IocObject(simpleTest) in AnnotationIocLoader(packages=[cn.wizzer, org.nutz.apidoc])
[DEBUG] 2018-10-15 16:13:26,528 org.nutz.ioc.impl.NutIoc.get(NutIoc.java:209) - 	 >> Make...'simpleTest'<class cn.wizzer.test.SimpleTest>
[DEBUG] 2018-10-15 16:13:26,528 cn.wizzer.app.web.commons.plugin.PluginAopConfigure.getInterceptorPairList(PluginAopConfigure.java:33) - skip -- cn.wizzer.test.SimpleTest
[DEBUG] 2018-10-15 16:13:26,528 org.nutz.ioc.aop.impl.DefaultMirrorFactory.getMirror(DefaultMirrorFactory.java:70) - Load class cn.wizzer.test.SimpleTest without AOP
[DEBUG] 2018-10-15 16:13:26,528 org.nutz.ioc.impl.ScopeContext.save(ScopeContext.java:64) - Save object 'simpleTest' to [app] 
[DEBUG] 2018-10-15 16:13:26,529 org.nutz.ioc.impl.NutIoc.get(NutIoc.java:151) - Get 'dao'<interface org.nutz.dao.Dao>
[DEBUG] 2018-10-15 16:13:26,529 org.nutz.ioc.impl.NutIoc.get(NutIoc.java:177) - 	 >> Load definition name=dao
[DEBUG] 2018-10-15 16:13:26,529 org.nutz.ioc.loader.map.MapLoader.load(MapLoader.java:67) - Loading define for name=dao
[DEBUG] 2018-10-15 16:13:26,529 org.nutz.ioc.loader.combo.ComboIocLoader.load(ComboIocLoader.java:161) - Found IocObject(dao) in JsonLoader(paths=[config/ioc/])
[DEBUG] 2018-10-15 16:13:26,530 org.nutz.ioc.impl.NutIoc.get(NutIoc.java:209) - 	 >> Make...'dao'<interface org.nutz.dao.Dao>
[DEBUG] 2018-10-15 16:13:26,530 cn.wizzer.app.web.commons.plugin.PluginAopConfigure.getInterceptorPairList(PluginAopConfigure.java:33) - skip -- org.nutz.dao.impl.NutDao
[DEBUG] 2018-10-15 16:13:26,530 org.nutz.ioc.aop.impl.DefaultMirrorFactory.getMirror(DefaultMirrorFactory.java:70) - Load class org.nutz.dao.impl.NutDao without AOP
[DEBUG] 2018-10-15 16:13:26,530 org.nutz.ioc.impl.ScopeContext.save(ScopeContext.java:64) - Save object 'dao' to [app] 
[DEBUG] 2018-10-15 16:13:26,530 org.nutz.ioc.impl.NutIoc.get(NutIoc.java:151) - Get 'dataSource'<>
[DEBUG] 2018-10-15 16:13:26,530 org.nutz.ioc.impl.NutIoc.get(NutIoc.java:177) - 	 >> Load definition name=dataSource
[DEBUG] 2018-10-15 16:13:26,530 org.nutz.ioc.loader.map.MapLoader.load(MapLoader.java:67) - Loading define for name=dataSource
[DEBUG] 2018-10-15 16:13:26,530 org.nutz.ioc.loader.combo.ComboIocLoader.load(ComboIocLoader.java:161) - Found IocObject(dataSource) in JsonLoader(paths=[config/ioc/])
[DEBUG] 2018-10-15 16:13:26,530 org.nutz.ioc.impl.NutIoc.get(NutIoc.java:209) - 	 >> Make...'dataSource'<>
[DEBUG] 2018-10-15 16:13:26,530 cn.wizzer.app.web.commons.plugin.PluginAopConfigure.getInterceptorPairList(PluginAopConfigure.java:33) - skip -- com.alibaba.druid.pool.DruidDataSource
[DEBUG] 2018-10-15 16:13:26,530 org.nutz.ioc.aop.impl.DefaultMirrorFactory.getMirror(DefaultMirrorFactory.java:70) - Load class com.alibaba.druid.pool.DruidDataSource without AOP
[DEBUG] 2018-10-15 16:13:26,530 org.nutz.ioc.impl.ScopeContext.save(ScopeContext.java:64) - Save object 'dataSource' to [app] 
[DEBUG] 2018-10-15 16:13:26,530 org.nutz.ioc.impl.NutIoc.get(NutIoc.java:151) - Get 'conf'<>
[DEBUG] 2018-10-15 16:13:26,531 org.nutz.ioc.impl.ScopeContext.remove(ScopeContext.java:84) - Remove object 'dataSource' from [app] 
[DEBUG] 2018-10-15 16:13:26,531 org.nutz.ioc.impl.ScopeContext.remove(ScopeContext.java:84) - Remove object 'dao' from [app] 
[DEBUG] 2018-10-15 16:13:26,531 org.nutz.ioc.impl.ScopeContext.remove(ScopeContext.java:84) - Remove object 'simpleTest' from [app] 
]]></system-out>
  </testcase>
  <testcase name="testOrder6" classname="cn.wizzer.test.SimpleTest" time="0.001">
    <error message="IocBean[simpleTest] throw Exception when creating" type="org.nutz.ioc.IocException">org.nutz.ioc.IocException: IocBean[simpleTest] throw Exception when creating
Caused by: java.lang.RuntimeException: IocBean[simpleTest] fail at field=[dao]
Caused by: org.nutz.ioc.IocException: IocBean[dao -> dataSource] throw Exception when creating
Caused by: java.lang.IllegalArgumentException: Failed to decrypt.
Caused by: java.lang.IllegalArgumentException: String length must be a multiple of four.
</error>
    <system-out><![CDATA[[INFO ] 2018-10-15 16:13:26,532 org.nutz.ioc.impl.NutIoc.depose(NutIoc.java:255) - org.nutz.ioc.impl.NutIoc@1740223770 is closing. startup date [18-10-15 16:13:26.522]
[DEBUG] 2018-10-15 16:13:26,532 org.nutz.ioc.impl.ScopeContext.clear(ScopeContext.java:108) - Depose object 'conf' ...
[DEBUG] 2018-10-15 16:13:26,532 org.nutz.ioc.impl.ScopeContext.clear(ScopeContext.java:108) - Depose object '$aop_syslog' ...
[DEBUG] 2018-10-15 16:13:26,532 org.nutz.ioc.impl.ScopeContext.clear(ScopeContext.java:108) - Depose object '$aop_async' ...
[DEBUG] 2018-10-15 16:13:26,532 org.nutz.ioc.impl.ScopeContext.clear(ScopeContext.java:108) - Depose object 'dynamicInterceptor' ...
[DEBUG] 2018-10-15 16:13:26,532 org.nutz.ioc.impl.ScopeContext.clear(ScopeContext.java:108) - Depose object '$aop_1_plugin' ...
[INFO ] 2018-10-15 16:13:26,532 org.nutz.ioc.impl.NutIoc.depose(NutIoc.java:262) - org.nutz.ioc.impl.NutIoc@1740223770 is deposed. startup date [18-10-15 16:13:26.522]
[DEBUG] 2018-10-15 16:13:26,534 org.nutz.resource.Scans.scan(Scans.java:274) - Found 4 resource by src( config/ioc/ ) , regex( ^(.+[.])(js|json)$ )
[DEBUG] 2018-10-15 16:13:26,534 org.nutz.ioc.loader.json.JsonLoader.<init>(JsonLoader.java:49) - loading [dao.json]
[DEBUG] 2018-10-15 16:13:26,535 org.nutz.ioc.loader.json.JsonLoader.<init>(JsonLoader.java:49) - loading [ehcache.json]
[DEBUG] 2018-10-15 16:13:26,535 org.nutz.ioc.loader.json.JsonLoader.<init>(JsonLoader.java:49) - loading [mail.json]
[DEBUG] 2018-10-15 16:13:26,535 org.nutz.ioc.loader.json.JsonLoader.<init>(JsonLoader.java:49) - loading [upload.json]
[DEBUG] 2018-10-15 16:13:26,536 org.nutz.ioc.loader.json.JsonLoader.<init>(JsonLoader.java:57) - Loaded 15 bean define from path=[config/ioc/] --> [videoUpload, conf, uploadVideoContext, imageUpload, fileUpload, cacheManager, dao, cacheProvider, emailAuthenticator, uploadFileContext, htmlEmail, cacheExecutor, tmpFilePool, uploadImageContext, dataSource]
[DEBUG] 2018-10-15 16:13:26,687 org.nutz.resource.Scans.scan(Scans.java:274) - Found 452 resource by src( cn/wizzer/ ) , regex( ^.+[.]class$ )
[DEBUG] 2018-10-15 16:13:26,690 org.nutz.ioc.loader.annotation.AnnotationIocLoader.addClass(AnnotationIocLoader.java:76) - Found @IocBean : class cn.wizzer.framework.util.StringUtil
[DEBUG] 2018-10-15 16:13:26,690 org.nutz.ioc.loader.annotation.AnnotationIocLoader.addClass(AnnotationIocLoader.java:76) - Found @IocBean : class cn.wizzer.framework.util.CookieUtil
[DEBUG] 2018-10-15 16:13:26,690 org.nutz.ioc.loader.annotation.AnnotationIocLoader.addClass(AnnotationIocLoader.java:76) - Found @IocBean : class cn.wizzer.framework.ig.RedisIdGenerator
[DEBUG] 2018-10-15 16:13:26,690 org.nutz.ioc.loader.annotation.AnnotationIocLoader.addClass(AnnotationIocLoader.java:76) - Found @IocBean : class cn.wizzer.framework.util.DateUtil
[DEBUG] 2018-10-15 16:13:26,690 org.nutz.ioc.loader.annotation.AnnotationIocLoader.addClass(AnnotationIocLoader.java:76) - Found @IocBean : class cn.wizzer.framework.shiro.interceptor.NutShiroMethodInterceptor
[DEBUG] 2018-10-15 16:13:26,690 org.nutz.ioc.loader.annotation.AnnotationIocLoader.addClass(AnnotationIocLoader.java:76) - Found @IocBean : class cn.wizzer.framework.util.IdcardUtil
[DEBUG] 2018-10-15 16:13:26,690 org.nutz.ioc.loader.annotation.AnnotationIocLoader.addClass(AnnotationIocLoader.java:76) - Found @IocBean : class cn.wizzer.framework.rabbit.RabbitProducer
[DEBUG] 2018-10-15 16:13:26,690 org.nutz.ioc.loader.annotation.AnnotationIocLoader.addClass(AnnotationIocLoader.java:76) - Found @IocBean : class cn.wizzer.framework.util.RSAUtil
[DEBUG] 2018-10-15 16:13:26,691 org.nutz.ioc.loader.annotation.AnnotationIocLoader.addClass(AnnotationIocLoader.java:76) - Found @IocBean : class cn.wizzer.framework.util.ShiroUtil
[DEBUG] 2018-10-15 16:13:26,691 org.nutz.ioc.loader.annotation.AnnotationIocLoader.addClass(AnnotationIocLoader.java:76) - Found @IocBean : class cn.wizzer.framework.util.Code128Util
[DEBUG] 2018-10-15 16:13:26,691 org.nutz.ioc.loader.annotation.AnnotationIocLoader.addClass(AnnotationIocLoader.java:76) - Found @IocBean : class cn.wizzer.app.base.modules.services.impl.BaseAirmeterialServiceImpl
[DEBUG] 2018-10-15 16:13:26,691 org.nutz.ioc.loader.annotation.AnnotationIocLoader.addClass(AnnotationIocLoader.java:76) - Found @IocBean : class cn.wizzer.app.base.modules.services.impl.BaseAirportServiceImpl
[DEBUG] 2018-10-15 16:13:26,691 org.nutz.ioc.loader.annotation.AnnotationIocLoader.addClass(AnnotationIocLoader.java:76) - Found @IocBean : class cn.wizzer.app.base.modules.services.impl.BaseCnctobjServiceImpl
[DEBUG] 2018-10-15 16:13:26,691 org.nutz.ioc.loader.annotation.AnnotationIocLoader.addClass(AnnotationIocLoader.java:76) - Found @IocBean : class cn.wizzer.app.base.modules.services.impl.BaseCustomerServiceImpl
[DEBUG] 2018-10-15 16:13:26,691 org.nutz.ioc.loader.annotation.AnnotationIocLoader.addClass(AnnotationIocLoader.java:76) - Found @IocBean : class cn.wizzer.app.base.modules.services.impl.BaseDeptServiceImpl
[DEBUG] 2018-10-15 16:13:26,691 org.nutz.ioc.loader.annotation.AnnotationIocLoader.addClass(AnnotationIocLoader.java:76) - Found @IocBean : class cn.wizzer.app.base.modules.services.impl.BaseJobServiceImpl
[DEBUG] 2018-10-15 16:13:26,691 org.nutz.ioc.loader.annotation.AnnotationIocLoader.addClass(AnnotationIocLoader.java:76) - Found @IocBean : class cn.wizzer.app.base.modules.services.impl.BasePersonpoolServiceImpl
[DEBUG] 2018-10-15 16:13:26,691 org.nutz.ioc.loader.annotation.AnnotationIocLoader.addClass(AnnotationIocLoader.java:76) - Found @IocBean : class cn.wizzer.app.base.modules.services.impl.BasePersonServiceImpl
[DEBUG] 2018-10-15 16:13:26,691 org.nutz.ioc.loader.annotation.AnnotationIocLoader.addClass(AnnotationIocLoader.java:76) - Found @IocBean : class cn.wizzer.app.base.modules.services.impl.BasePlaceServiceImpl
[DEBUG] 2018-10-15 16:13:26,691 org.nutz.ioc.loader.annotation.AnnotationIocLoader.addClass(AnnotationIocLoader.java:76) - Found @IocBean : class cn.wizzer.app.base.modules.services.impl.BasePostServiceImpl
[DEBUG] 2018-10-15 16:13:26,692 org.nutz.ioc.loader.annotation.AnnotationIocLoader.addClass(AnnotationIocLoader.java:76) - Found @IocBean : class cn.wizzer.app.base.modules.services.impl.BaseRowofficeentryServiceImpl
[DEBUG] 2018-10-15 16:13:26,692 org.nutz.ioc.loader.annotation.AnnotationIocLoader.addClass(AnnotationIocLoader.java:76) - Found @IocBean : class cn.wizzer.app.base.modules.services.impl.BaseRowofficeServiceImpl
[DEBUG] 2018-10-15 16:13:26,692 org.nutz.ioc.loader.annotation.AnnotationIocLoader.addClass(AnnotationIocLoader.java:76) - Found @IocBean : class cn.wizzer.app.base.modules.services.impl.BaseVehicleServiceImpl
[DEBUG] 2018-10-15 16:13:26,692 org.nutz.ioc.loader.annotation.AnnotationIocLoader.addClass(AnnotationIocLoader.java:76) - Found @IocBean : class cn.wizzer.app.base.modules.services.impl.BaseWarehouseServiceImpl
[DEBUG] 2018-10-15 16:13:26,692 org.nutz.ioc.loader.annotation.AnnotationIocLoader.addClass(AnnotationIocLoader.java:76) - Found @IocBean : class cn.wizzer.app.cms.modules.services.impl.CmsArticleServiceImpl
[DEBUG] 2018-10-15 16:13:26,692 org.nutz.ioc.loader.annotation.AnnotationIocLoader.addClass(AnnotationIocLoader.java:76) - Found @IocBean : class cn.wizzer.app.cms.modules.services.impl.CmsChannelServiceImpl
[DEBUG] 2018-10-15 16:13:26,692 org.nutz.ioc.loader.annotation.AnnotationIocLoader.addClass(AnnotationIocLoader.java:76) - Found @IocBean : class cn.wizzer.app.cms.modules.services.impl.CmsLinkClassServiceImpl
[DEBUG] 2018-10-15 16:13:26,692 org.nutz.ioc.loader.annotation.AnnotationIocLoader.addClass(AnnotationIocLoader.java:76) - Found @IocBean : class cn.wizzer.app.cms.modules.services.impl.CmsLinkServiceImpl
[DEBUG] 2018-10-15 16:13:26,692 org.nutz.ioc.loader.annotation.AnnotationIocLoader.addClass(AnnotationIocLoader.java:76) - Found @IocBean : class cn.wizzer.app.cms.modules.services.impl.CmsSiteServiceImpl
[DEBUG] 2018-10-15 16:13:26,692 org.nutz.ioc.loader.annotation.AnnotationIocLoader.addClass(AnnotationIocLoader.java:76) - Found @IocBean : class cn.wizzer.app.ins.modules.services.impl.InsBaseinsServiceImpl
[DEBUG] 2018-10-15 16:13:26,692 org.nutz.ioc.loader.annotation.AnnotationIocLoader.addClass(AnnotationIocLoader.java:76) - Found @IocBean : class cn.wizzer.app.ins.modules.services.impl.InsBaseinsSpaceServiceImpl
[DEBUG] 2018-10-15 16:13:26,692 org.nutz.ioc.loader.annotation.AnnotationIocLoader.addClass(AnnotationIocLoader.java:76) - Found @IocBean : class cn.wizzer.app.ins.modules.services.impl.InsCabinetServiceImpl
[DEBUG] 2018-10-15 16:13:26,693 org.nutz.ioc.loader.annotation.AnnotationIocLoader.addClass(AnnotationIocLoader.java:76) - Found @IocBean : class cn.wizzer.app.ins.modules.services.impl.InsCommonServiceImpl
[DEBUG] 2018-10-15 16:13:26,693 org.nutz.ioc.loader.annotation.AnnotationIocLoader.addClass(AnnotationIocLoader.java:76) - Found @IocBean : class cn.wizzer.app.ins.modules.services.impl.InsInstrumentServiceImpl
[DEBUG] 2018-10-15 16:13:26,693 org.nutz.ioc.loader.annotation.AnnotationIocLoader.addClass(AnnotationIocLoader.java:76) - Found @IocBean : class cn.wizzer.app.ins.modules.services.impl.InsLockServiceImpl
[DEBUG] 2018-10-15 16:13:26,693 org.nutz.ioc.loader.annotation.AnnotationIocLoader.addClass(AnnotationIocLoader.java:76) - Found @IocBean : class cn.wizzer.app.ins.modules.services.impl.InsOrderentryServiceImpl
[DEBUG] 2018-10-15 16:13:26,693 org.nutz.ioc.loader.annotation.AnnotationIocLoader.addClass(AnnotationIocLoader.java:76) - Found @IocBean : class cn.wizzer.app.ins.modules.services.impl.InsOrderServiceImpl
[DEBUG] 2018-10-15 16:13:26,693 org.nutz.ioc.loader.annotation.AnnotationIocLoader.addClass(AnnotationIocLoader.java:76) - Found @IocBean : class cn.wizzer.app.ins.modules.services.impl.InsRepairServiceImpl
[DEBUG] 2018-10-15 16:13:26,693 org.nutz.ioc.loader.annotation.AnnotationIocLoader.addClass(AnnotationIocLoader.java:76) - Found @IocBean : class cn.wizzer.app.ins.modules.services.impl.InsRepairtrackServiceImpl
[DEBUG] 2018-10-15 16:13:26,693 org.nutz.ioc.loader.annotation.AnnotationIocLoader.addClass(AnnotationIocLoader.java:76) - Found @IocBean : class cn.wizzer.app.ins.modules.services.impl.InsRfheadServiceImpl
[DEBUG] 2018-10-15 16:13:26,693 org.nutz.ioc.loader.annotation.AnnotationIocLoader.addClass(AnnotationIocLoader.java:76) - Found @IocBean : class cn.wizzer.app.ins.modules.services.impl.InsRfidServiceImpl
[DEBUG] 2018-10-15 16:13:26,693 org.nutz.ioc.loader.annotation.AnnotationIocLoader.addClass(AnnotationIocLoader.java:76) - Found @IocBean : class cn.wizzer.app.ins.modules.services.impl.InsSpaceServiceImpl
[DEBUG] 2018-10-15 16:13:26,693 org.nutz.ioc.loader.annotation.AnnotationIocLoader.addClass(AnnotationIocLoader.java:76) - Found @IocBean : class cn.wizzer.app.ins.modules.services.impl.InsToolcabinetServiceImpl
[DEBUG] 2018-10-15 16:13:26,694 org.nutz.ioc.loader.annotation.AnnotationIocLoader.addClass(AnnotationIocLoader.java:76) - Found @IocBean : class cn.wizzer.app.ins.modules.services.impl.InsTransmitServiceImpl
[DEBUG] 2018-10-15 16:13:26,694 org.nutz.ioc.loader.annotation.AnnotationIocLoader.addClass(AnnotationIocLoader.java:76) - Found @IocBean : class cn.wizzer.app.logistics.modules.services.impl.LogisticsDeliveryorderentryServiceImpl
[DEBUG] 2018-10-15 16:13:26,694 org.nutz.ioc.loader.annotation.AnnotationIocLoader.addClass(AnnotationIocLoader.java:76) - Found @IocBean : class cn.wizzer.app.logistics.modules.services.impl.LogisticsDeliveryorderServiceImpl
[DEBUG] 2018-10-15 16:13:26,694 org.nutz.ioc.loader.annotation.AnnotationIocLoader.addClass(AnnotationIocLoader.java:76) - Found @IocBean : class cn.wizzer.app.logistics.modules.services.impl.LogisticsEntourageServiceImpl
[DEBUG] 2018-10-15 16:13:26,694 org.nutz.ioc.loader.annotation.AnnotationIocLoader.addClass(AnnotationIocLoader.java:76) - Found @IocBean : class cn.wizzer.app.logistics.modules.services.impl.LogisticsOrderdeliveryServiceImpl
[DEBUG] 2018-10-15 16:13:26,694 org.nutz.ioc.loader.annotation.AnnotationIocLoader.addClass(AnnotationIocLoader.java:76) - Found @IocBean : class cn.wizzer.app.logistics.modules.services.impl.LogisticsOrderentryServiceImpl
[DEBUG] 2018-10-15 16:13:26,694 org.nutz.ioc.loader.annotation.AnnotationIocLoader.addClass(AnnotationIocLoader.java:76) - Found @IocBean : class cn.wizzer.app.logistics.modules.services.impl.LogisticsOrderplanentryServiceImpl
[DEBUG] 2018-10-15 16:13:26,694 org.nutz.ioc.loader.annotation.AnnotationIocLoader.addClass(AnnotationIocLoader.java:76) - Found @IocBean : class cn.wizzer.app.logistics.modules.services.impl.LogisticsOrderplanServiceImpl
[DEBUG] 2018-10-15 16:13:26,694 org.nutz.ioc.loader.annotation.AnnotationIocLoader.addClass(AnnotationIocLoader.java:76) - Found @IocBean : class cn.wizzer.app.logistics.modules.services.impl.LogisticsOrderrejectServiceImpl
[DEBUG] 2018-10-15 16:13:26,694 org.nutz.ioc.loader.annotation.AnnotationIocLoader.addClass(AnnotationIocLoader.java:76) - Found @IocBean : class cn.wizzer.app.logistics.modules.services.impl.LogisticsOrderServiceImpl
[DEBUG] 2018-10-15 16:13:26,694 org.nutz.ioc.loader.annotation.AnnotationIocLoader.addClass(AnnotationIocLoader.java:76) - Found @IocBean : class cn.wizzer.app.logistics.modules.services.impl.LogisticsOrderstepServiceImpl
[DEBUG] 2018-10-15 16:13:26,694 org.nutz.ioc.loader.annotation.AnnotationIocLoader.addClass(AnnotationIocLoader.java:76) - Found @IocBean : class cn.wizzer.app.logistics.modules.services.impl.LogisticsSendapprovalServiceImpl
[DEBUG] 2018-10-15 16:13:26,695 org.nutz.ioc.loader.annotation.AnnotationIocLoader.addClass(AnnotationIocLoader.java:76) - Found @IocBean : class cn.wizzer.app.logistics.modules.services.impl.LogisticsSendgoodsServiceImpl
[DEBUG] 2018-10-15 16:13:26,695 org.nutz.ioc.loader.annotation.AnnotationIocLoader.addClass(AnnotationIocLoader.java:76) - Found @IocBean : class cn.wizzer.app.logistics.modules.services.impl.LogisticsSendplanServiceImpl
[DEBUG] 2018-10-15 16:13:26,695 org.nutz.ioc.loader.annotation.AnnotationIocLoader.addClass(AnnotationIocLoader.java:76) - Found @IocBean : class cn.wizzer.app.logistics.modules.services.impl.LogisticsSendtraceServiceImpl
[DEBUG] 2018-10-15 16:13:26,695 org.nutz.ioc.loader.annotation.AnnotationIocLoader.addClass(AnnotationIocLoader.java:76) - Found @IocBean : class cn.wizzer.app.logistics.modules.services.impl.LogisticsUnplanServiceImpl
[DEBUG] 2018-10-15 16:13:26,695 org.nutz.ioc.loader.annotation.AnnotationIocLoader.addClass(AnnotationIocLoader.java:76) - Found @IocBean : class cn.wizzer.app.sys.modules.services.impl.SysApiServiceImpl
[DEBUG] 2018-10-15 16:13:26,695 org.nutz.ioc.loader.annotation.AnnotationIocLoader.addClass(AnnotationIocLoader.java:76) - Found @IocBean : class cn.wizzer.app.sys.modules.services.impl.SysBarcodeServiceImpl
[DEBUG] 2018-10-15 16:13:26,695 org.nutz.ioc.loader.annotation.AnnotationIocLoader.addClass(AnnotationIocLoader.java:76) - Found @IocBean : class cn.wizzer.app.sys.modules.services.impl.SysConfigServiceImpl
[DEBUG] 2018-10-15 16:13:26,695 org.nutz.ioc.loader.annotation.AnnotationIocLoader.addClass(AnnotationIocLoader.java:76) - Found @IocBean : class cn.wizzer.app.sys.modules.services.impl.SysDictServiceImpl
[DEBUG] 2018-10-15 16:13:26,695 org.nutz.ioc.loader.annotation.AnnotationIocLoader.addClass(AnnotationIocLoader.java:76) - Found @IocBean : class cn.wizzer.app.sys.modules.services.impl.SysLogServiceImpl
[DEBUG] 2018-10-15 16:13:26,695 org.nutz.ioc.loader.annotation.AnnotationIocLoader.addClass(AnnotationIocLoader.java:76) - Found @IocBean : class cn.wizzer.app.sys.modules.services.impl.SysMenuServiceImpl
[DEBUG] 2018-10-15 16:13:26,695 org.nutz.ioc.loader.annotation.AnnotationIocLoader.addClass(AnnotationIocLoader.java:76) - Found @IocBean : class cn.wizzer.app.sys.modules.services.impl.SysMobileServiceImpl
[DEBUG] 2018-10-15 16:13:26,695 org.nutz.ioc.loader.annotation.AnnotationIocLoader.addClass(AnnotationIocLoader.java:76) - Found @IocBean : class cn.wizzer.app.sys.modules.services.impl.SysPluginServiceImpl
[DEBUG] 2018-10-15 16:13:26,696 org.nutz.ioc.loader.annotation.AnnotationIocLoader.addClass(AnnotationIocLoader.java:76) - Found @IocBean : class cn.wizzer.app.sys.modules.services.impl.SysRegistauditServiceImpl
[DEBUG] 2018-10-15 16:13:26,696 org.nutz.ioc.loader.annotation.AnnotationIocLoader.addClass(AnnotationIocLoader.java:76) - Found @IocBean : class cn.wizzer.app.sys.modules.services.impl.SysRoleServiceImpl
[DEBUG] 2018-10-15 16:13:26,696 org.nutz.ioc.loader.annotation.AnnotationIocLoader.addClass(AnnotationIocLoader.java:76) - Found @IocBean : class cn.wizzer.app.sys.modules.services.impl.SysRouteServiceImpl
[DEBUG] 2018-10-15 16:13:26,696 org.nutz.ioc.loader.annotation.AnnotationIocLoader.addClass(AnnotationIocLoader.java:76) - Found @IocBean : class cn.wizzer.app.sys.modules.services.impl.SysTaskServiceImpl
[DEBUG] 2018-10-15 16:13:26,696 org.nutz.ioc.loader.annotation.AnnotationIocLoader.addClass(AnnotationIocLoader.java:76) - Found @IocBean : class cn.wizzer.app.sys.modules.services.impl.SysTempuserServiceImpl
[DEBUG] 2018-10-15 16:13:26,696 org.nutz.ioc.loader.annotation.AnnotationIocLoader.addClass(AnnotationIocLoader.java:76) - Found @IocBean : class cn.wizzer.app.sys.modules.services.impl.SysUnitServiceImpl
[DEBUG] 2018-10-15 16:13:26,696 org.nutz.ioc.loader.annotation.AnnotationIocLoader.addClass(AnnotationIocLoader.java:76) - Found @IocBean : class cn.wizzer.app.sys.modules.services.impl.SysUserServiceImpl
[DEBUG] 2018-10-15 16:13:26,696 org.nutz.ioc.loader.annotation.AnnotationIocLoader.addClass(AnnotationIocLoader.java:76) - Found @IocBean : class cn.wizzer.app.sys.modules.services.impl.SysVersionServiceImpl
[DEBUG] 2018-10-15 16:13:26,696 org.nutz.ioc.loader.annotation.AnnotationIocLoader.addClass(AnnotationIocLoader.java:76) - Found @IocBean : class cn.wizzer.app.sys.modules.services.impl.SysWxDeptServiceImpl
[DEBUG] 2018-10-15 16:13:26,696 org.nutz.ioc.loader.annotation.AnnotationIocLoader.addClass(AnnotationIocLoader.java:76) - Found @IocBean : class cn.wizzer.app.sys.modules.services.impl.SysWxServiceImpl
[DEBUG] 2018-10-15 16:13:26,696 org.nutz.ioc.loader.annotation.AnnotationIocLoader.addClass(AnnotationIocLoader.java:76) - Found @IocBean : class cn.wizzer.app.sys.modules.services.impl.SysWxUserServiceImpl
[DEBUG] 2018-10-15 16:13:26,697 org.nutz.ioc.loader.annotation.AnnotationIocLoader.addClass(AnnotationIocLoader.java:76) - Found @IocBean : class cn.wizzer.app.web.commons.plugin.DynamicInterceptor
[DEBUG] 2018-10-15 16:13:26,697 org.nutz.ioc.loader.annotation.AnnotationIocLoader.addClass(AnnotationIocLoader.java:76) - Found @IocBean : class cn.wizzer.app.web.commons.plugin.PluginAopConfigure
[DEBUG] 2018-10-15 16:13:26,697 org.nutz.ioc.loader.annotation.AnnotationIocLoader.addClass(AnnotationIocLoader.java:76) - Found @IocBean : class cn.wizzer.app.web.commons.plugin.PluginMaster
[DEBUG] 2018-10-15 16:13:26,697 org.nutz.ioc.loader.annotation.AnnotationIocLoader.addClass(AnnotationIocLoader.java:76) - Found @IocBean : class cn.wizzer.app.web.commons.quartz.job.orderExecute
[DEBUG] 2018-10-15 16:13:26,697 org.nutz.ioc.loader.annotation.AnnotationIocLoader.addClass(AnnotationIocLoader.java:76) - Found @IocBean : class cn.wizzer.app.web.commons.quartz.job.TestJob
[DEBUG] 2018-10-15 16:13:26,697 org.nutz.ioc.loader.annotation.AnnotationIocLoader.addClass(AnnotationIocLoader.java:76) - Found @IocBean : class cn.wizzer.app.web.commons.services.email.EmailService
[DEBUG] 2018-10-15 16:13:26,697 org.nutz.ioc.loader.annotation.AnnotationIocLoader.addClass(AnnotationIocLoader.java:76) - Found @IocBean : class cn.wizzer.app.web.commons.services.qrcode.QrcodeService
[DEBUG] 2018-10-15 16:13:26,697 org.nutz.ioc.loader.annotation.AnnotationIocLoader.addClass(AnnotationIocLoader.java:76) - Found @IocBean : class cn.wizzer.app.web.commons.services.wx.TplService
[DEBUG] 2018-10-15 16:13:26,697 org.nutz.ioc.loader.annotation.AnnotationIocLoader.addClass(AnnotationIocLoader.java:76) - Found @IocBean : class cn.wizzer.app.web.commons.services.wx.WxHandler
[DEBUG] 2018-10-15 16:13:26,697 org.nutz.ioc.loader.annotation.AnnotationIocLoader.addClass(AnnotationIocLoader.java:76) - Found @IocBean : class cn.wizzer.app.web.commons.shiro.realm.PlatformAuthorizingRealm
[DEBUG] 2018-10-15 16:13:26,698 org.nutz.ioc.loader.annotation.AnnotationIocLoader.addClass(AnnotationIocLoader.java:76) - Found @IocBean : class cn.wizzer.app.web.commons.slog.SLogAopConfigration
[DEBUG] 2018-10-15 16:13:26,698 org.nutz.ioc.loader.annotation.AnnotationIocLoader.addClass(AnnotationIocLoader.java:76) - Found @IocBean : class cn.wizzer.app.web.commons.slog.SLogService
[DEBUG] 2018-10-15 16:13:26,698 org.nutz.ioc.loader.annotation.AnnotationIocLoader.addClass(AnnotationIocLoader.java:76) - Found @IocBean : class cn.wizzer.app.web.modules.controllers.front.wx.CmsController
[DEBUG] 2018-10-15 16:13:26,698 org.nutz.ioc.loader.annotation.AnnotationIocLoader.addClass(AnnotationIocLoader.java:76) - Found @IocBean : class cn.wizzer.app.web.modules.controllers.front.wx.WechatController
[DEBUG] 2018-10-15 16:13:26,698 org.nutz.ioc.loader.annotation.AnnotationIocLoader.addClass(AnnotationIocLoader.java:76) - Found @IocBean : class cn.wizzer.app.web.modules.controllers.open.api.mobile.MobileBaseController
[DEBUG] 2018-10-15 16:13:26,698 org.nutz.ioc.loader.annotation.AnnotationIocLoader.addClass(AnnotationIocLoader.java:76) - Found @IocBean : class cn.wizzer.app.web.modules.controllers.open.api.mobile.MobileInsController
[DEBUG] 2018-10-15 16:13:26,698 org.nutz.ioc.loader.annotation.AnnotationIocLoader.addClass(AnnotationIocLoader.java:76) - Found @IocBean : class cn.wizzer.app.web.modules.controllers.open.api.mobile.MobileOrderController
[DEBUG] 2018-10-15 16:13:26,698 org.nutz.ioc.loader.annotation.AnnotationIocLoader.addClass(AnnotationIocLoader.java:76) - Found @IocBean : class cn.wizzer.app.web.modules.controllers.open.api.mobile.MobileSysController
[DEBUG] 2018-10-15 16:13:26,698 org.nutz.ioc.loader.annotation.AnnotationIocLoader.addClass(AnnotationIocLoader.java:76) - Found @IocBean : class cn.wizzer.app.web.modules.controllers.open.api.pad.PadInsController
[DEBUG] 2018-10-15 16:13:26,698 org.nutz.ioc.loader.annotation.AnnotationIocLoader.addClass(AnnotationIocLoader.java:76) - Found @IocBean : class cn.wizzer.app.web.modules.controllers.open.api.pad.PadOrderController
[DEBUG] 2018-10-15 16:13:26,699 org.nutz.ioc.loader.annotation.AnnotationIocLoader.addClass(AnnotationIocLoader.java:76) - Found @IocBean : class cn.wizzer.app.web.modules.controllers.open.api.pad.PadSysController
[DEBUG] 2018-10-15 16:13:26,699 org.nutz.ioc.loader.annotation.AnnotationIocLoader.addClass(AnnotationIocLoader.java:76) - Found @IocBean : class cn.wizzer.app.web.modules.controllers.open.api.test.ApiTestController
[DEBUG] 2018-10-15 16:13:26,699 org.nutz.ioc.loader.annotation.AnnotationIocLoader.addClass(AnnotationIocLoader.java:76) - Found @IocBean : class cn.wizzer.app.web.modules.controllers.open.api.token.TokenController
[DEBUG] 2018-10-15 16:13:26,699 org.nutz.ioc.loader.annotation.AnnotationIocLoader.addClass(AnnotationIocLoader.java:76) - Found @IocBean : class cn.wizzer.app.web.modules.controllers.open.api.userpermission.UserpermissionController
[DEBUG] 2018-10-15 16:13:26,699 org.nutz.ioc.loader.annotation.AnnotationIocLoader.addClass(AnnotationIocLoader.java:76) - Found @IocBean : class cn.wizzer.app.web.modules.controllers.open.file.UploadController
[DEBUG] 2018-10-15 16:13:26,699 org.nutz.ioc.loader.annotation.AnnotationIocLoader.addClass(AnnotationIocLoader.java:76) - Found @IocBean : class cn.wizzer.app.web.modules.controllers.open.pay.WxPayBackController
[DEBUG] 2018-10-15 16:13:26,699 org.nutz.ioc.loader.annotation.AnnotationIocLoader.addClass(AnnotationIocLoader.java:76) - Found @IocBean : class cn.wizzer.app.web.modules.controllers.open.ueditor.BdController
[DEBUG] 2018-10-15 16:13:26,699 org.nutz.ioc.loader.annotation.AnnotationIocLoader.addClass(AnnotationIocLoader.java:76) - Found @IocBean : class cn.wizzer.app.web.modules.controllers.open.ueditor.WxController
[DEBUG] 2018-10-15 16:13:26,699 org.nutz.ioc.loader.annotation.AnnotationIocLoader.addClass(AnnotationIocLoader.java:76) - Found @IocBean : class cn.wizzer.app.web.modules.controllers.open.wx.WeixinController
[DEBUG] 2018-10-15 16:13:26,699 org.nutz.ioc.loader.annotation.AnnotationIocLoader.addClass(AnnotationIocLoader.java:76) - Found @IocBean : class cn.wizzer.app.web.modules.controllers.platform.base.BaseAirmeterialController
[DEBUG] 2018-10-15 16:13:26,699 org.nutz.ioc.loader.annotation.AnnotationIocLoader.addClass(AnnotationIocLoader.java:76) - Found @IocBean : class cn.wizzer.app.web.modules.controllers.platform.base.BaseAirportController
[DEBUG] 2018-10-15 16:13:26,700 org.nutz.ioc.loader.annotation.AnnotationIocLoader.addClass(AnnotationIocLoader.java:76) - Found @IocBean : class cn.wizzer.app.web.modules.controllers.platform.base.BaseCnctobjController
[DEBUG] 2018-10-15 16:13:26,700 org.nutz.ioc.loader.annotation.AnnotationIocLoader.addClass(AnnotationIocLoader.java:76) - Found @IocBean : class cn.wizzer.app.web.modules.controllers.platform.base.BaseCustomerController
[DEBUG] 2018-10-15 16:13:26,700 org.nutz.ioc.loader.annotation.AnnotationIocLoader.addClass(AnnotationIocLoader.java:76) - Found @IocBean : class cn.wizzer.app.web.modules.controllers.platform.base.BaseDeptController
[DEBUG] 2018-10-15 16:13:26,700 org.nutz.ioc.loader.annotation.AnnotationIocLoader.addClass(AnnotationIocLoader.java:76) - Found @IocBean : class cn.wizzer.app.web.modules.controllers.platform.base.BaseJobController
[DEBUG] 2018-10-15 16:13:26,700 org.nutz.ioc.loader.annotation.AnnotationIocLoader.addClass(AnnotationIocLoader.java:76) - Found @IocBean : class cn.wizzer.app.web.modules.controllers.platform.base.BasePersonController
[DEBUG] 2018-10-15 16:13:26,700 org.nutz.ioc.loader.annotation.AnnotationIocLoader.addClass(AnnotationIocLoader.java:76) - Found @IocBean : class cn.wizzer.app.web.modules.controllers.platform.base.BasePersonpoolController
[DEBUG] 2018-10-15 16:13:26,700 org.nutz.ioc.loader.annotation.AnnotationIocLoader.addClass(AnnotationIocLoader.java:76) - Found @IocBean : class cn.wizzer.app.web.modules.controllers.platform.base.BasePlaceController
[DEBUG] 2018-10-15 16:13:26,700 org.nutz.ioc.loader.annotation.AnnotationIocLoader.addClass(AnnotationIocLoader.java:76) - Found @IocBean : class cn.wizzer.app.web.modules.controllers.platform.base.BasePostController
[DEBUG] 2018-10-15 16:13:26,700 org.nutz.ioc.loader.annotation.AnnotationIocLoader.addClass(AnnotationIocLoader.java:76) - Found @IocBean : class cn.wizzer.app.web.modules.controllers.platform.base.BaseRowofficeController
[DEBUG] 2018-10-15 16:13:26,700 org.nutz.ioc.loader.annotation.AnnotationIocLoader.addClass(AnnotationIocLoader.java:76) - Found @IocBean : class cn.wizzer.app.web.modules.controllers.platform.base.BaseRowofficeentryController
[DEBUG] 2018-10-15 16:13:26,700 org.nutz.ioc.loader.annotation.AnnotationIocLoader.addClass(AnnotationIocLoader.java:76) - Found @IocBean : class cn.wizzer.app.web.modules.controllers.platform.base.BaseVehicleController
[DEBUG] 2018-10-15 16:13:26,700 org.nutz.ioc.loader.annotation.AnnotationIocLoader.addClass(AnnotationIocLoader.java:76) - Found @IocBean : class cn.wizzer.app.web.modules.controllers.platform.base.BaseWarehouseController
[DEBUG] 2018-10-15 16:13:26,701 org.nutz.ioc.loader.annotation.AnnotationIocLoader.addClass(AnnotationIocLoader.java:76) - Found @IocBean : class cn.wizzer.app.web.modules.controllers.platform.cms.CmsArticleController
[DEBUG] 2018-10-15 16:13:26,701 org.nutz.ioc.loader.annotation.AnnotationIocLoader.addClass(AnnotationIocLoader.java:76) - Found @IocBean : class cn.wizzer.app.web.modules.controllers.platform.cms.CmsChannelController
[DEBUG] 2018-10-15 16:13:26,701 org.nutz.ioc.loader.annotation.AnnotationIocLoader.addClass(AnnotationIocLoader.java:76) - Found @IocBean : class cn.wizzer.app.web.modules.controllers.platform.cms.CmsLinkClassController
[DEBUG] 2018-10-15 16:13:26,701 org.nutz.ioc.loader.annotation.AnnotationIocLoader.addClass(AnnotationIocLoader.java:76) - Found @IocBean : class cn.wizzer.app.web.modules.controllers.platform.cms.CmsLinkController
[DEBUG] 2018-10-15 16:13:26,701 org.nutz.ioc.loader.annotation.AnnotationIocLoader.addClass(AnnotationIocLoader.java:76) - Found @IocBean : class cn.wizzer.app.web.modules.controllers.platform.cms.CmsSiteController
[DEBUG] 2018-10-15 16:13:26,701 org.nutz.ioc.loader.annotation.AnnotationIocLoader.addClass(AnnotationIocLoader.java:76) - Found @IocBean : class cn.wizzer.app.web.modules.controllers.platform.ins.InsBaseinsController
[DEBUG] 2018-10-15 16:13:26,701 org.nutz.ioc.loader.annotation.AnnotationIocLoader.addClass(AnnotationIocLoader.java:76) - Found @IocBean : class cn.wizzer.app.web.modules.controllers.platform.ins.InsBaseinsSpaceController
[DEBUG] 2018-10-15 16:13:26,701 org.nutz.ioc.loader.annotation.AnnotationIocLoader.addClass(AnnotationIocLoader.java:76) - Found @IocBean : class cn.wizzer.app.web.modules.controllers.platform.ins.InsCabinetController
[DEBUG] 2018-10-15 16:13:26,701 org.nutz.ioc.loader.annotation.AnnotationIocLoader.addClass(AnnotationIocLoader.java:76) - Found @IocBean : class cn.wizzer.app.web.modules.controllers.platform.ins.InsCommonController
[DEBUG] 2018-10-15 16:13:26,701 org.nutz.ioc.loader.annotation.AnnotationIocLoader.addClass(AnnotationIocLoader.java:76) - Found @IocBean : class cn.wizzer.app.web.modules.controllers.platform.ins.InsInstrumentController
[DEBUG] 2018-10-15 16:13:26,701 org.nutz.ioc.loader.annotation.AnnotationIocLoader.addClass(AnnotationIocLoader.java:76) - Found @IocBean : class cn.wizzer.app.web.modules.controllers.platform.ins.InsLockController
[DEBUG] 2018-10-15 16:13:26,701 org.nutz.ioc.loader.annotation.AnnotationIocLoader.addClass(AnnotationIocLoader.java:76) - Found @IocBean : class cn.wizzer.app.web.modules.controllers.platform.ins.InsOrderController
[DEBUG] 2018-10-15 16:13:26,702 org.nutz.ioc.loader.annotation.AnnotationIocLoader.addClass(AnnotationIocLoader.java:76) - Found @IocBean : class cn.wizzer.app.web.modules.controllers.platform.ins.InsOrderentryController
[DEBUG] 2018-10-15 16:13:26,702 org.nutz.ioc.loader.annotation.AnnotationIocLoader.addClass(AnnotationIocLoader.java:76) - Found @IocBean : class cn.wizzer.app.web.modules.controllers.platform.ins.InsRepairController
[DEBUG] 2018-10-15 16:13:26,702 org.nutz.ioc.loader.annotation.AnnotationIocLoader.addClass(AnnotationIocLoader.java:76) - Found @IocBean : class cn.wizzer.app.web.modules.controllers.platform.ins.InsRepairtrackController
[DEBUG] 2018-10-15 16:13:26,702 org.nutz.ioc.loader.annotation.AnnotationIocLoader.addClass(AnnotationIocLoader.java:76) - Found @IocBean : class cn.wizzer.app.web.modules.controllers.platform.ins.InsRfheadController
[DEBUG] 2018-10-15 16:13:26,702 org.nutz.ioc.loader.annotation.AnnotationIocLoader.addClass(AnnotationIocLoader.java:76) - Found @IocBean : class cn.wizzer.app.web.modules.controllers.platform.ins.InsRfidController
[DEBUG] 2018-10-15 16:13:26,702 org.nutz.ioc.loader.annotation.AnnotationIocLoader.addClass(AnnotationIocLoader.java:76) - Found @IocBean : class cn.wizzer.app.web.modules.controllers.platform.ins.InsSpaceController
[DEBUG] 2018-10-15 16:13:26,702 org.nutz.ioc.loader.annotation.AnnotationIocLoader.addClass(AnnotationIocLoader.java:76) - Found @IocBean : class cn.wizzer.app.web.modules.controllers.platform.ins.InsToolcabinetController
[DEBUG] 2018-10-15 16:13:26,702 org.nutz.ioc.loader.annotation.AnnotationIocLoader.addClass(AnnotationIocLoader.java:76) - Found @IocBean : class cn.wizzer.app.web.modules.controllers.platform.ins.InsTransmitController
[DEBUG] 2018-10-15 16:13:26,702 org.nutz.ioc.loader.annotation.AnnotationIocLoader.addClass(AnnotationIocLoader.java:76) - Found @IocBean : class cn.wizzer.app.web.modules.controllers.platform.logistics.LogisticsDeliveryorderController
[DEBUG] 2018-10-15 16:13:26,703 org.nutz.ioc.loader.annotation.AnnotationIocLoader.addClass(AnnotationIocLoader.java:76) - Found @IocBean : class cn.wizzer.app.web.modules.controllers.platform.logistics.LogisticsDeliveryorderentryController
[DEBUG] 2018-10-15 16:13:26,703 org.nutz.ioc.loader.annotation.AnnotationIocLoader.addClass(AnnotationIocLoader.java:76) - Found @IocBean : class cn.wizzer.app.web.modules.controllers.platform.logistics.LogisticsEntourageController
[DEBUG] 2018-10-15 16:13:26,703 org.nutz.ioc.loader.annotation.AnnotationIocLoader.addClass(AnnotationIocLoader.java:76) - Found @IocBean : class cn.wizzer.app.web.modules.controllers.platform.logistics.LogisticsOrderController
[DEBUG] 2018-10-15 16:13:26,703 org.nutz.ioc.loader.annotation.AnnotationIocLoader.addClass(AnnotationIocLoader.java:76) - Found @IocBean : class cn.wizzer.app.web.modules.controllers.platform.logistics.LogisticsOrderdeliveryController
[DEBUG] 2018-10-15 16:13:26,703 org.nutz.ioc.loader.annotation.AnnotationIocLoader.addClass(AnnotationIocLoader.java:76) - Found @IocBean : class cn.wizzer.app.web.modules.controllers.platform.logistics.LogisticsOrderentryController
[DEBUG] 2018-10-15 16:13:26,703 org.nutz.ioc.loader.annotation.AnnotationIocLoader.addClass(AnnotationIocLoader.java:76) - Found @IocBean : class cn.wizzer.app.web.modules.controllers.platform.logistics.LogisticsOrderplanController
[DEBUG] 2018-10-15 16:13:26,703 org.nutz.ioc.loader.annotation.AnnotationIocLoader.addClass(AnnotationIocLoader.java:76) - Found @IocBean : class cn.wizzer.app.web.modules.controllers.platform.logistics.LogisticsOrderplanentryController
[DEBUG] 2018-10-15 16:13:26,703 org.nutz.ioc.loader.annotation.AnnotationIocLoader.addClass(AnnotationIocLoader.java:76) - Found @IocBean : class cn.wizzer.app.web.modules.controllers.platform.logistics.LogisticsOrderrejectController
[DEBUG] 2018-10-15 16:13:26,703 org.nutz.ioc.loader.annotation.AnnotationIocLoader.addClass(AnnotationIocLoader.java:76) - Found @IocBean : class cn.wizzer.app.web.modules.controllers.platform.logistics.LogisticsOrderstepController
[DEBUG] 2018-10-15 16:13:26,704 org.nutz.ioc.loader.annotation.AnnotationIocLoader.addClass(AnnotationIocLoader.java:76) - Found @IocBean : class cn.wizzer.app.web.modules.controllers.platform.logistics.LogisticsSendapprovalController
[DEBUG] 2018-10-15 16:13:26,704 org.nutz.ioc.loader.annotation.AnnotationIocLoader.addClass(AnnotationIocLoader.java:76) - Found @IocBean : class cn.wizzer.app.web.modules.controllers.platform.logistics.LogisticsSendgoodsController
[DEBUG] 2018-10-15 16:13:26,704 org.nutz.ioc.loader.annotation.AnnotationIocLoader.addClass(AnnotationIocLoader.java:76) - Found @IocBean : class cn.wizzer.app.web.modules.controllers.platform.logistics.LogisticsSendplanController
[DEBUG] 2018-10-15 16:13:26,704 org.nutz.ioc.loader.annotation.AnnotationIocLoader.addClass(AnnotationIocLoader.java:76) - Found @IocBean : class cn.wizzer.app.web.modules.controllers.platform.logistics.LogisticsSendtraceController
[DEBUG] 2018-10-15 16:13:26,704 org.nutz.ioc.loader.annotation.AnnotationIocLoader.addClass(AnnotationIocLoader.java:76) - Found @IocBean : class cn.wizzer.app.web.modules.controllers.platform.logistics.LogisticsUnplanController
[DEBUG] 2018-10-15 16:13:26,704 org.nutz.ioc.loader.annotation.AnnotationIocLoader.addClass(AnnotationIocLoader.java:76) - Found @IocBean : class cn.wizzer.app.web.modules.controllers.platform.sys.SysApiController
[DEBUG] 2018-10-15 16:13:26,704 org.nutz.ioc.loader.annotation.AnnotationIocLoader.addClass(AnnotationIocLoader.java:76) - Found @IocBean : class cn.wizzer.app.web.modules.controllers.platform.sys.SysBarcodeController
[DEBUG] 2018-10-15 16:13:26,704 org.nutz.ioc.loader.annotation.AnnotationIocLoader.addClass(AnnotationIocLoader.java:76) - Found @IocBean : class cn.wizzer.app.web.modules.controllers.platform.sys.SysConfController
[DEBUG] 2018-10-15 16:13:26,704 org.nutz.ioc.loader.annotation.AnnotationIocLoader.addClass(AnnotationIocLoader.java:76) - Found @IocBean : class cn.wizzer.app.web.modules.controllers.platform.sys.SysDictController
[DEBUG] 2018-10-15 16:13:26,705 org.nutz.ioc.loader.annotation.AnnotationIocLoader.addClass(AnnotationIocLoader.java:76) - Found @IocBean : class cn.wizzer.app.web.modules.controllers.platform.sys.SysHomeController
[DEBUG] 2018-10-15 16:13:26,705 org.nutz.ioc.loader.annotation.AnnotationIocLoader.addClass(AnnotationIocLoader.java:76) - Found @IocBean : class cn.wizzer.app.web.modules.controllers.platform.sys.SysLogController
[DEBUG] 2018-10-15 16:13:26,705 org.nutz.ioc.loader.annotation.AnnotationIocLoader.addClass(AnnotationIocLoader.java:76) - Found @IocBean : class cn.wizzer.app.web.modules.controllers.platform.sys.SysLoginController
[DEBUG] 2018-10-15 16:13:26,705 org.nutz.ioc.loader.annotation.AnnotationIocLoader.addClass(AnnotationIocLoader.java:76) - Found @IocBean : class cn.wizzer.app.web.modules.controllers.platform.sys.SysMenuController
[DEBUG] 2018-10-15 16:13:26,705 org.nutz.ioc.loader.annotation.AnnotationIocLoader.addClass(AnnotationIocLoader.java:76) - Found @IocBean : class cn.wizzer.app.web.modules.controllers.platform.sys.SysMobileController
[DEBUG] 2018-10-15 16:13:26,705 org.nutz.ioc.loader.annotation.AnnotationIocLoader.addClass(AnnotationIocLoader.java:76) - Found @IocBean : class cn.wizzer.app.web.modules.controllers.platform.sys.SysPluginController
[DEBUG] 2018-10-15 16:13:26,705 org.nutz.ioc.loader.annotation.AnnotationIocLoader.addClass(AnnotationIocLoader.java:76) - Found @IocBean : class cn.wizzer.app.web.modules.controllers.platform.sys.SysRegistauditController
[DEBUG] 2018-10-15 16:13:26,705 org.nutz.ioc.loader.annotation.AnnotationIocLoader.addClass(AnnotationIocLoader.java:76) - Found @IocBean : class cn.wizzer.app.web.modules.controllers.platform.sys.SysRoleController
[DEBUG] 2018-10-15 16:13:26,705 org.nutz.ioc.loader.annotation.AnnotationIocLoader.addClass(AnnotationIocLoader.java:76) - Found @IocBean : class cn.wizzer.app.web.modules.controllers.platform.sys.SysRouteController
[DEBUG] 2018-10-15 16:13:26,706 org.nutz.ioc.loader.annotation.AnnotationIocLoader.addClass(AnnotationIocLoader.java:76) - Found @IocBean : class cn.wizzer.app.web.modules.controllers.platform.sys.SysTaskController
[DEBUG] 2018-10-15 16:13:26,706 org.nutz.ioc.loader.annotation.AnnotationIocLoader.addClass(AnnotationIocLoader.java:76) - Found @IocBean : class cn.wizzer.app.web.modules.controllers.platform.sys.SysTempuserController
[DEBUG] 2018-10-15 16:13:26,706 org.nutz.ioc.loader.annotation.AnnotationIocLoader.addClass(AnnotationIocLoader.java:76) - Found @IocBean : class cn.wizzer.app.web.modules.controllers.platform.sys.SysUnitController
[DEBUG] 2018-10-15 16:13:26,706 org.nutz.ioc.loader.annotation.AnnotationIocLoader.addClass(AnnotationIocLoader.java:76) - Found @IocBean : class cn.wizzer.app.web.modules.controllers.platform.sys.SysUserController
[DEBUG] 2018-10-15 16:13:26,706 org.nutz.ioc.loader.annotation.AnnotationIocLoader.addClass(AnnotationIocLoader.java:76) - Found @IocBean : class cn.wizzer.app.web.modules.controllers.platform.sys.SysVersionController
[DEBUG] 2018-10-15 16:13:26,706 org.nutz.ioc.loader.annotation.AnnotationIocLoader.addClass(AnnotationIocLoader.java:76) - Found @IocBean : class cn.wizzer.app.web.modules.controllers.platform.sys.SysWxController
[DEBUG] 2018-10-15 16:13:26,706 org.nutz.ioc.loader.annotation.AnnotationIocLoader.addClass(AnnotationIocLoader.java:76) - Found @IocBean : class cn.wizzer.app.web.modules.controllers.platform.sys.SysWxDeptController
[DEBUG] 2018-10-15 16:13:26,706 org.nutz.ioc.loader.annotation.AnnotationIocLoader.addClass(AnnotationIocLoader.java:76) - Found @IocBean : class cn.wizzer.app.web.modules.controllers.platform.sys.SysWxUserController
[DEBUG] 2018-10-15 16:13:26,706 org.nutz.ioc.loader.annotation.AnnotationIocLoader.addClass(AnnotationIocLoader.java:76) - Found @IocBean : class cn.wizzer.app.web.modules.controllers.platform.wx.WxConfigController
[DEBUG] 2018-10-15 16:13:26,706 org.nutz.ioc.loader.annotation.AnnotationIocLoader.addClass(AnnotationIocLoader.java:76) - Found @IocBean : class cn.wizzer.app.web.modules.controllers.platform.wx.WxMassController
[DEBUG] 2018-10-15 16:13:26,706 org.nutz.ioc.loader.annotation.AnnotationIocLoader.addClass(AnnotationIocLoader.java:76) - Found @IocBean : class cn.wizzer.app.web.modules.controllers.platform.wx.WxMenuController
[DEBUG] 2018-10-15 16:13:26,706 org.nutz.ioc.loader.annotation.AnnotationIocLoader.addClass(AnnotationIocLoader.java:76) - Found @IocBean : class cn.wizzer.app.web.modules.controllers.platform.wx.WxMsgUserController
[DEBUG] 2018-10-15 16:13:26,706 org.nutz.ioc.loader.annotation.AnnotationIocLoader.addClass(AnnotationIocLoader.java:76) - Found @IocBean : class cn.wizzer.app.web.modules.controllers.platform.wx.WxPayTestController
[DEBUG] 2018-10-15 16:13:26,706 org.nutz.ioc.loader.annotation.AnnotationIocLoader.addClass(AnnotationIocLoader.java:76) - Found @IocBean : class cn.wizzer.app.web.modules.controllers.platform.wx.WxReplyController
[DEBUG] 2018-10-15 16:13:26,707 org.nutz.ioc.loader.annotation.AnnotationIocLoader.addClass(AnnotationIocLoader.java:76) - Found @IocBean : class cn.wizzer.app.web.modules.controllers.platform.wx.WxReplyNewsController
[DEBUG] 2018-10-15 16:13:26,707 org.nutz.ioc.loader.annotation.AnnotationIocLoader.addClass(AnnotationIocLoader.java:76) - Found @IocBean : class cn.wizzer.app.web.modules.controllers.platform.wx.WxReplyTxtController
[DEBUG] 2018-10-15 16:13:26,707 org.nutz.ioc.loader.annotation.AnnotationIocLoader.addClass(AnnotationIocLoader.java:76) - Found @IocBean : class cn.wizzer.app.web.modules.controllers.platform.wx.WxTplIdController
[DEBUG] 2018-10-15 16:13:26,707 org.nutz.ioc.loader.annotation.AnnotationIocLoader.addClass(AnnotationIocLoader.java:76) - Found @IocBean : class cn.wizzer.app.web.modules.controllers.platform.wx.WxTplListController
[DEBUG] 2018-10-15 16:13:26,707 org.nutz.ioc.loader.annotation.AnnotationIocLoader.addClass(AnnotationIocLoader.java:76) - Found @IocBean : class cn.wizzer.app.web.modules.controllers.platform.wx.WxTplLogController
[DEBUG] 2018-10-15 16:13:26,707 org.nutz.ioc.loader.annotation.AnnotationIocLoader.addClass(AnnotationIocLoader.java:76) - Found @IocBean : class cn.wizzer.app.web.modules.controllers.platform.wx.WxUserController
[DEBUG] 2018-10-15 16:13:26,707 org.nutz.ioc.loader.annotation.AnnotationIocLoader.addClass(AnnotationIocLoader.java:76) - Found @IocBean : class cn.wizzer.app.wx.modules.services.impl.WxConfigServiceImpl
[DEBUG] 2018-10-15 16:13:26,707 org.nutz.ioc.loader.annotation.AnnotationIocLoader.addClass(AnnotationIocLoader.java:76) - Found @IocBean : class cn.wizzer.app.wx.modules.services.impl.WxMassNewsServiceImpl
[DEBUG] 2018-10-15 16:13:26,707 org.nutz.ioc.loader.annotation.AnnotationIocLoader.addClass(AnnotationIocLoader.java:76) - Found @IocBean : class cn.wizzer.app.wx.modules.services.impl.WxMassSendServiceImpl
[DEBUG] 2018-10-15 16:13:26,707 org.nutz.ioc.loader.annotation.AnnotationIocLoader.addClass(AnnotationIocLoader.java:76) - Found @IocBean : class cn.wizzer.app.wx.modules.services.impl.WxMassServiceImpl
[DEBUG] 2018-10-15 16:13:26,707 org.nutz.ioc.loader.annotation.AnnotationIocLoader.addClass(AnnotationIocLoader.java:76) - Found @IocBean : class cn.wizzer.app.wx.modules.services.impl.WxMenuServiceImpl
[DEBUG] 2018-10-15 16:13:26,708 org.nutz.ioc.loader.annotation.AnnotationIocLoader.addClass(AnnotationIocLoader.java:76) - Found @IocBean : class cn.wizzer.app.wx.modules.services.impl.WxMsgReplyServiceImpl
[DEBUG] 2018-10-15 16:13:26,708 org.nutz.ioc.loader.annotation.AnnotationIocLoader.addClass(AnnotationIocLoader.java:76) - Found @IocBean : class cn.wizzer.app.wx.modules.services.impl.WxMsgServiceImpl
[DEBUG] 2018-10-15 16:13:26,708 org.nutz.ioc.loader.annotation.AnnotationIocLoader.addClass(AnnotationIocLoader.java:76) - Found @IocBean : class cn.wizzer.app.wx.modules.services.impl.WxReplyNewsServiceImpl
[DEBUG] 2018-10-15 16:13:26,708 org.nutz.ioc.loader.annotation.AnnotationIocLoader.addClass(AnnotationIocLoader.java:76) - Found @IocBean : class cn.wizzer.app.wx.modules.services.impl.WxReplyServiceImpl
[DEBUG] 2018-10-15 16:13:26,708 org.nutz.ioc.loader.annotation.AnnotationIocLoader.addClass(AnnotationIocLoader.java:76) - Found @IocBean : class cn.wizzer.app.wx.modules.services.impl.WxReplyTxtServiceImpl
[DEBUG] 2018-10-15 16:13:26,708 org.nutz.ioc.loader.annotation.AnnotationIocLoader.addClass(AnnotationIocLoader.java:76) - Found @IocBean : class cn.wizzer.app.wx.modules.services.impl.WxTplIdServiceImpl
[DEBUG] 2018-10-15 16:13:26,708 org.nutz.ioc.loader.annotation.AnnotationIocLoader.addClass(AnnotationIocLoader.java:76) - Found @IocBean : class cn.wizzer.app.wx.modules.services.impl.WxTplListServiceImpl
[DEBUG] 2018-10-15 16:13:26,708 org.nutz.ioc.loader.annotation.AnnotationIocLoader.addClass(AnnotationIocLoader.java:76) - Found @IocBean : class cn.wizzer.app.wx.modules.services.impl.WxTplLogServiceImpl
[DEBUG] 2018-10-15 16:13:26,708 org.nutz.ioc.loader.annotation.AnnotationIocLoader.addClass(AnnotationIocLoader.java:76) - Found @IocBean : class cn.wizzer.app.wx.modules.services.impl.WxUserServiceImpl
[DEBUG] 2018-10-15 16:13:26,709 org.nutz.ioc.loader.annotation.AnnotationIocLoader.addClass(AnnotationIocLoader.java:76) - Found @IocBean : class cn.wizzer.test.SimpleTest
[DEBUG] 2018-10-15 16:13:26,710 org.nutz.resource.Scans.scan(Scans.java:274) - Found 0 resource by src( org/nutz/apidoc/ ) , regex( ^.+[.]class$ )
[INFO ] 2018-10-15 16:13:26,711 org.nutz.ioc.loader.annotation.AnnotationIocLoader.<init>(AnnotationIocLoader.java:52) - Found 204 classes in 2 base-packages!
beans = ["wxTplListController", "uploadController", "wxReplyTxtServiceImpl", "logisticsSendplanController", "baseJobServiceImpl", "dateUtil", "qrcodeService", "logisticsSendgoodsServiceImpl", "logisticsOrderentryController", "insLockController", "baseRowofficeentryServiceImpl", "cmsChannelServiceImpl", "insBaseinsServiceImpl", "orderExecute", "cmsArticleController", "basePostController", "baseAirmeterialServiceImpl", "basePersonController", "logisticsOrderplanServiceImpl", "cmsLinkClassController", "basePostServiceImpl", "baseRowofficeServiceImpl", "baseJobController", "baseRowofficeController", "wxReplyController", "insRepairController", "sysConfigServiceImpl", "basePersonpoolController", "baseVehicleController", "wxMsgServiceImpl", "wxPayBackController", "logisticsUnplanController", "mobileInsController", "sysTaskController", "sysBarcodeController", "insTransmitController", "sysDictServiceImpl", "wxConfigServiceImpl", "baseAirportServiceImpl", "apiTestController", "sysMenuController", "cmsSiteServiceImpl", "mobileSysController", "cmsLinkController", "insCommonController", "logisticsOrderplanentryServiceImpl", "insInstrumentController", "sysRegistauditServiceImpl", "insLockServiceImpl", "insOrderController", "wechatController", "wxMsgUserController", "sysDictController", "sysWxUserController", "logisticsDeliveryorderentryController", "basePersonServiceImpl", "insOrderentryServiceImpl", "insRepairtrackController", "insInstrumentServiceImpl", "logisticsSendapprovalServiceImpl", "logisticsOrderdeliveryController", "wxTplListServiceImpl", "tplService", "sysPluginServiceImpl", "insRfheadController", "logisticsSendgoodsController", "mobileBaseController", "baseCnctobjServiceImpl", "nutShiroMethodInterceptor", "insCabinetServiceImpl", "basePlaceServiceImpl", "baseVehicleServiceImpl", "cmsLinkClassServiceImpl", "sysHomeController", "insRfheadServiceImpl", "sysMobileController", "wxMassServiceImpl", "logisticsOrderentryServiceImpl", "logisticsSendplanServiceImpl", "logisticsOrderrejectServiceImpl", "wxHandler", "cmsChannelController", "wxController", "rabbitProducer", "sysTaskServiceImpl", "sysVersionController", "shiroUtil", "wxReplyTxtController", "sysPluginController", "logisticsSendtraceController", "sysApiServiceImpl", "logisticsEntourageServiceImpl", "sLogService", "baseAirportController", "sysApiController", "wxTplIdController", "insSpaceServiceImpl", "logisticsOrderController", "sysTempuserController", "sysUserController", "platformAuthorizingRealm", "testJob", "$aop_1_plugin", "sysRegistauditController", "wxReplyNewsServiceImpl", "insTransmitServiceImpl", "sysLoginController", "wxTplLogServiceImpl", "sysUserServiceImpl", "sysRoleServiceImpl", "sysRouteController", "idcardUtil", "basePlaceController", "sysWxDeptController", "logisticsOrderplanentryController", "userpermissionController", "sysWxServiceImpl", "cmsController", "logisticsSendtraceServiceImpl", "insOrderentryController", "logisticsSendapprovalController", "wxMenuController", "insOrderServiceImpl", "weixinController", "code128Util", "insRepairServiceImpl", "logisticsOrderplanController", "wxMsgReplyServiceImpl", "logisticsOrderdeliveryServiceImpl", "cmsArticleServiceImpl", "baseCnctobjController", "baseCustomerController", "insBaseinsController", "insRfidServiceImpl", "cookieUtil", "baseRowofficeentryController", "logisticsOrderstepServiceImpl", "wxReplyServiceImpl", "bdController", "redisIdGenerator", "insBaseinsSpaceServiceImpl", "cmsSiteController", "logisticsDeliveryorderServiceImpl", "insCabinetController", "logisticsOrderServiceImpl", "sysWxDeptServiceImpl", "sysWxController", "mobileOrderController", "sysRoleController", "logisticsEntourageController", "insCommonServiceImpl", "sysUnitController", "padInsController", "wxMassSendServiceImpl", "logisticsDeliveryorderController", "rSAUtil", "wxConfigController", "stringUtil", "baseCustomerServiceImpl", "basePersonpoolServiceImpl", "insBaseinsSpaceController", "wxUserServiceImpl", "insSpaceController", "sysTempuserServiceImpl", "baseWarehouseServiceImpl", "insToolcabinetController", "sysWxUserServiceImpl", "dynamicInterceptor", "sysLogController", "wxMassController", "emailService", "baseWarehouseController", "insToolcabinetServiceImpl", "wxMenuServiceImpl", "wxReplyNewsController", "baseDeptServiceImpl", "sysRouteServiceImpl", "insRepairtrackServiceImpl", "wxMassNewsServiceImpl", "baseAirmeterialController", "sysMenuServiceImpl", "sysMobileServiceImpl", "simpleTest", "logisticsOrderstepController", "sysLogServiceImpl", "logisticsUnplanServiceImpl", "wxTplIdServiceImpl", "logisticsDeliveryorderentryServiceImpl", "$aop_syslog", "padSysController", "baseDeptController", "logisticsOrderrejectController", "padOrderController", "sysBarcodeServiceImpl", "wxTplLogController", "wxUserController", "wxPayTestController", "tokenController", "sysVersionServiceImpl", "cmsLinkServiceImpl", "sysUnitServiceImpl", "insRfidController", "sysConfController", "pluginMaster"]
[DEBUG] 2018-10-15 16:13:26,711 org.nutz.ioc.loader.combo.ComboIocLoader.createIocLoader(ComboIocLoader.java:110) - found jedis -- org.nutz.integration.jedis.JedisIocLoader
[DEBUG] 2018-10-15 16:13:26,713 org.nutz.resource.Scans.scan(Scans.java:274) - Found 1 resource by src( org/nutz/integration/jedis/jedis.js ) , regex( ^(.+[.])(js|json)$ )
[DEBUG] 2018-10-15 16:13:26,713 org.nutz.ioc.loader.json.JsonLoader.<init>(JsonLoader.java:49) - loading [org/nutz/integration/jedis/jedis.js]
[DEBUG] 2018-10-15 16:13:26,714 org.nutz.ioc.loader.json.JsonLoader.<init>(JsonLoader.java:57) - Loaded 9 bean define from path=[org/nutz/integration/jedis/jedis.js] --> [redisService, jedisCluster, jedisClusterNodes, jedisClusterWrapper, pubSubService, jedisPoolConfig, jedisPool, jedisAgent, redis]
[DEBUG] 2018-10-15 16:13:26,714 org.nutz.ioc.loader.json.JsonLoader.<init>(JsonLoader.java:40) - Loaded 5 bean define from reader --
[txREPEATABLE_READ, txSERIALIZABLE, txNONE, txREAD_UNCOMMITTED, txREAD_COMMITTED]
[DEBUG] 2018-10-15 16:13:26,716 org.nutz.ioc.loader.combo.ComboIocLoader.createIocLoader(ComboIocLoader.java:110) - found quartz -- org.nutz.integration.quartz.QuartzIocLoader
[DEBUG] 2018-10-15 16:13:26,716 org.nutz.ioc.loader.json.JsonLoader.<init>(JsonLoader.java:57) - Loaded 0 bean define from path=[] --> []
[DEBUG] 2018-10-15 16:13:26,717 org.nutz.ioc.aop.SimpleAopMaker.<init>(SimpleAopMaker.java:79) - Load AopConfigure for anno=org.nutz.aop.interceptor.async.Async by type=org.nutz.aop.interceptor.async.AsyncAopIocLoader
[DEBUG] 2018-10-15 16:13:26,718 org.nutz.ioc.loader.combo.ComboIocLoader.createIocLoader(ComboIocLoader.java:110) - found rabbitmq -- org.nutz.integration.rabbitmq.RabbitmqIocLoader
[DEBUG] 2018-10-15 16:13:26,720 org.nutz.resource.Scans.scan(Scans.java:274) - Found 1 resource by src( org/nutz/integration/rabbitmq/rabbitmq.js ) , regex( ^(.+[.])(js|json)$ )
[DEBUG] 2018-10-15 16:13:26,720 org.nutz.ioc.loader.json.JsonLoader.<init>(JsonLoader.java:49) - loading [org/nutz/integration/rabbitmq/rabbitmq.js]
[DEBUG] 2018-10-15 16:13:26,720 org.nutz.ioc.loader.json.JsonLoader.<init>(JsonLoader.java:57) - Loaded 2 bean define from path=[org/nutz/integration/rabbitmq/rabbitmq.js] --> [rabbitmq, rabbitmq_cf]
[INFO ] 2018-10-15 16:13:26,721 org.nutz.ioc.impl.NutIoc.<init>(NutIoc.java:98) - NutIoc init begin ...
[INFO ] 2018-10-15 16:13:26,721 org.nutz.ioc.impl.NutIoc.<init>(NutIoc.java:115) - ... NutIoc init complete
[DEBUG] 2018-10-15 16:13:26,721 org.nutz.ioc.impl.NutIoc.get(NutIoc.java:151) - Get 'conf'<class org.nutz.ioc.impl.PropertiesProxy>
[DEBUG] 2018-10-15 16:13:26,721 org.nutz.ioc.impl.NutIoc.get(NutIoc.java:151) - Get '$aop_1_plugin'<interface org.nutz.ioc.aop.config.AopConfigration>
[DEBUG] 2018-10-15 16:13:26,722 org.nutz.ioc.impl.NutIoc.get(NutIoc.java:177) - 	 >> Load definition name=$aop_1_plugin
[DEBUG] 2018-10-15 16:13:26,722 org.nutz.ioc.loader.combo.ComboIocLoader.load(ComboIocLoader.java:161) - Found IocObject($aop_1_plugin) in AnnotationIocLoader(packages=[cn.wizzer, org.nutz.apidoc])
[DEBUG] 2018-10-15 16:13:26,722 org.nutz.ioc.impl.NutIoc.get(NutIoc.java:209) - 	 >> Make...'$aop_1_plugin'<interface org.nutz.ioc.aop.config.AopConfigration>
[DEBUG] 2018-10-15 16:13:26,722 org.nutz.ioc.impl.ScopeContext.save(ScopeContext.java:64) - Save object '$aop_1_plugin' to [app] 
[DEBUG] 2018-10-15 16:13:26,722 org.nutz.ioc.impl.NutIoc.get(NutIoc.java:151) - Get 'dynamicInterceptor'<class cn.wizzer.app.web.commons.plugin.DynamicInterceptor>
[DEBUG] 2018-10-15 16:13:26,722 org.nutz.ioc.impl.NutIoc.get(NutIoc.java:177) - 	 >> Load definition name=dynamicInterceptor
[DEBUG] 2018-10-15 16:13:26,723 org.nutz.ioc.loader.combo.ComboIocLoader.load(ComboIocLoader.java:161) - Found IocObject(dynamicInterceptor) in AnnotationIocLoader(packages=[cn.wizzer, org.nutz.apidoc])
[DEBUG] 2018-10-15 16:13:26,723 org.nutz.ioc.impl.NutIoc.get(NutIoc.java:209) - 	 >> Make...'dynamicInterceptor'<class cn.wizzer.app.web.commons.plugin.DynamicInterceptor>
[DEBUG] 2018-10-15 16:13:26,723 org.nutz.ioc.impl.ScopeContext.save(ScopeContext.java:64) - Save object 'dynamicInterceptor' to [app] 
[DEBUG] 2018-10-15 16:13:26,723 org.nutz.ioc.impl.NutIoc.get(NutIoc.java:151) - Get '$aop_async'<interface org.nutz.ioc.aop.config.AopConfigration>
[DEBUG] 2018-10-15 16:13:26,723 org.nutz.ioc.impl.NutIoc.get(NutIoc.java:177) - 	 >> Load definition name=$aop_async
[DEBUG] 2018-10-15 16:13:26,723 org.nutz.ioc.loader.combo.ComboIocLoader.load(ComboIocLoader.java:161) - Found IocObject($aop_async) in AsyncAopIocLoader@491273700
[DEBUG] 2018-10-15 16:13:26,723 org.nutz.ioc.impl.NutIoc.get(NutIoc.java:209) - 	 >> Make...'$aop_async'<interface org.nutz.ioc.aop.config.AopConfigration>
[DEBUG] 2018-10-15 16:13:26,724 org.nutz.ioc.impl.ScopeContext.save(ScopeContext.java:64) - Save object '$aop_async' to [app] 
[DEBUG] 2018-10-15 16:13:26,724 org.nutz.ioc.impl.NutIoc.get(NutIoc.java:151) - Get '$aop_syslog'<interface org.nutz.ioc.aop.config.AopConfigration>
[DEBUG] 2018-10-15 16:13:26,724 org.nutz.ioc.impl.NutIoc.get(NutIoc.java:177) - 	 >> Load definition name=$aop_syslog
[DEBUG] 2018-10-15 16:13:26,724 org.nutz.ioc.loader.combo.ComboIocLoader.load(ComboIocLoader.java:161) - Found IocObject($aop_syslog) in AnnotationIocLoader(packages=[cn.wizzer, org.nutz.apidoc])
[DEBUG] 2018-10-15 16:13:26,724 org.nutz.ioc.impl.NutIoc.get(NutIoc.java:209) - 	 >> Make...'$aop_syslog'<interface org.nutz.ioc.aop.config.AopConfigration>
[DEBUG] 2018-10-15 16:13:26,724 org.nutz.ioc.impl.ScopeContext.save(ScopeContext.java:64) - Save object '$aop_syslog' to [app] 
[DEBUG] 2018-10-15 16:13:26,724 org.nutz.ioc.aop.SimpleAopMaker.<init>(SimpleAopMaker.java:79) - Load AopConfigure for anno=cn.wizzer.app.web.commons.slog.annotation.SLog by type=cn.wizzer.app.web.commons.slog.SLogAopConfigration
[DEBUG] 2018-10-15 16:13:26,725 org.nutz.ioc.aop.SimpleAopMaker.<init>(SimpleAopMaker.java:79) - Load AopConfigure for anno=org.nutz.ioc.aop.Aop by type=org.nutz.ioc.aop.config.impl.AnnotationAopConfigration
[DEBUG] 2018-10-15 16:13:26,725 org.nutz.ioc.impl.NutIoc.get(NutIoc.java:177) - 	 >> Load definition name=conf
[DEBUG] 2018-10-15 16:13:26,725 org.nutz.ioc.loader.map.MapLoader.load(MapLoader.java:67) - Loading define for name=conf
[DEBUG] 2018-10-15 16:13:26,725 org.nutz.ioc.loader.combo.ComboIocLoader.load(ComboIocLoader.java:161) - Found IocObject(conf) in JsonLoader(paths=[config/ioc/])
[DEBUG] 2018-10-15 16:13:26,725 org.nutz.ioc.impl.NutIoc.get(NutIoc.java:209) - 	 >> Make...'conf'<class org.nutz.ioc.impl.PropertiesProxy>
[DEBUG] 2018-10-15 16:13:26,725 cn.wizzer.app.web.commons.plugin.PluginAopConfigure.getInterceptorPairList(PluginAopConfigure.java:33) - skip -- org.nutz.ioc.impl.PropertiesProxy
[DEBUG] 2018-10-15 16:13:26,725 org.nutz.ioc.aop.impl.DefaultMirrorFactory.getMirror(DefaultMirrorFactory.java:70) - Load class org.nutz.ioc.impl.PropertiesProxy without AOP
[DEBUG] 2018-10-15 16:13:26,725 org.nutz.ioc.impl.ScopeContext.save(ScopeContext.java:64) - Save object 'conf' to [app] 
[DEBUG] 2018-10-15 16:13:26,728 org.nutz.resource.Scans.scan(Scans.java:274) - Found 4 resource by src( config/custom/ ) , regex( ^.+[.]properties$ )
[DEBUG] 2018-10-15 16:13:26,728 org.nutz.ioc.impl.PropertiesProxy.setPaths(PropertiesProxy.java:113) - load properties from File[C:\Users\Administrator\IdeaProjects\XA-Instrument\wk-app\wk-web\target\classes\config\custom\db.properties]
[DEBUG] 2018-10-15 16:13:26,729 org.nutz.ioc.impl.PropertiesProxy.setPaths(PropertiesProxy.java:113) - load properties from File[C:\Users\Administrator\IdeaProjects\XA-Instrument\wk-app\wk-web\target\classes\config\custom\mail.properties]
[DEBUG] 2018-10-15 16:13:26,729 org.nutz.ioc.impl.PropertiesProxy.setPaths(PropertiesProxy.java:113) - load properties from File[C:\Users\Administrator\IdeaProjects\XA-Instrument\wk-app\wk-web\target\classes\config\custom\rabbit.properties]
[DEBUG] 2018-10-15 16:13:26,734 org.nutz.ioc.impl.PropertiesProxy.setPaths(PropertiesProxy.java:113) - load properties from File[C:\Users\Administrator\IdeaProjects\XA-Instrument\wk-app\wk-web\target\classes\config\custom\redis.properties]
[DEBUG] 2018-10-15 16:13:26,736 org.nutz.ioc.impl.NutIoc.get(NutIoc.java:151) - Get 'simpleTest'<class cn.wizzer.test.SimpleTest>
[DEBUG] 2018-10-15 16:13:26,737 org.nutz.ioc.impl.NutIoc.get(NutIoc.java:177) - 	 >> Load definition name=simpleTest
[DEBUG] 2018-10-15 16:13:26,737 org.nutz.ioc.loader.combo.ComboIocLoader.load(ComboIocLoader.java:161) - Found IocObject(simpleTest) in AnnotationIocLoader(packages=[cn.wizzer, org.nutz.apidoc])
[DEBUG] 2018-10-15 16:13:26,737 org.nutz.ioc.impl.NutIoc.get(NutIoc.java:209) - 	 >> Make...'simpleTest'<class cn.wizzer.test.SimpleTest>
[DEBUG] 2018-10-15 16:13:26,737 cn.wizzer.app.web.commons.plugin.PluginAopConfigure.getInterceptorPairList(PluginAopConfigure.java:33) - skip -- cn.wizzer.test.SimpleTest
[DEBUG] 2018-10-15 16:13:26,737 org.nutz.ioc.aop.impl.DefaultMirrorFactory.getMirror(DefaultMirrorFactory.java:70) - Load class cn.wizzer.test.SimpleTest without AOP
[DEBUG] 2018-10-15 16:13:26,737 org.nutz.ioc.impl.ScopeContext.save(ScopeContext.java:64) - Save object 'simpleTest' to [app] 
[DEBUG] 2018-10-15 16:13:26,742 org.nutz.ioc.impl.NutIoc.get(NutIoc.java:151) - Get 'dao'<interface org.nutz.dao.Dao>
[DEBUG] 2018-10-15 16:13:26,742 org.nutz.ioc.impl.NutIoc.get(NutIoc.java:177) - 	 >> Load definition name=dao
[DEBUG] 2018-10-15 16:13:26,742 org.nutz.ioc.loader.map.MapLoader.load(MapLoader.java:67) - Loading define for name=dao
[DEBUG] 2018-10-15 16:13:26,742 org.nutz.ioc.loader.combo.ComboIocLoader.load(ComboIocLoader.java:161) - Found IocObject(dao) in JsonLoader(paths=[config/ioc/])
[DEBUG] 2018-10-15 16:13:26,743 org.nutz.ioc.impl.NutIoc.get(NutIoc.java:209) - 	 >> Make...'dao'<interface org.nutz.dao.Dao>
[DEBUG] 2018-10-15 16:13:26,743 cn.wizzer.app.web.commons.plugin.PluginAopConfigure.getInterceptorPairList(PluginAopConfigure.java:33) - skip -- org.nutz.dao.impl.NutDao
[DEBUG] 2018-10-15 16:13:26,743 org.nutz.ioc.aop.impl.DefaultMirrorFactory.getMirror(DefaultMirrorFactory.java:70) - Load class org.nutz.dao.impl.NutDao without AOP
[DEBUG] 2018-10-15 16:13:26,743 org.nutz.ioc.impl.ScopeContext.save(ScopeContext.java:64) - Save object 'dao' to [app] 
[DEBUG] 2018-10-15 16:13:26,743 org.nutz.ioc.impl.NutIoc.get(NutIoc.java:151) - Get 'dataSource'<>
[DEBUG] 2018-10-15 16:13:26,744 org.nutz.ioc.impl.NutIoc.get(NutIoc.java:177) - 	 >> Load definition name=dataSource
[DEBUG] 2018-10-15 16:13:26,744 org.nutz.ioc.loader.map.MapLoader.load(MapLoader.java:67) - Loading define for name=dataSource
[DEBUG] 2018-10-15 16:13:26,744 org.nutz.ioc.loader.combo.ComboIocLoader.load(ComboIocLoader.java:161) - Found IocObject(dataSource) in JsonLoader(paths=[config/ioc/])
[DEBUG] 2018-10-15 16:13:26,744 org.nutz.ioc.impl.NutIoc.get(NutIoc.java:209) - 	 >> Make...'dataSource'<>
[DEBUG] 2018-10-15 16:13:26,744 cn.wizzer.app.web.commons.plugin.PluginAopConfigure.getInterceptorPairList(PluginAopConfigure.java:33) - skip -- com.alibaba.druid.pool.DruidDataSource
[DEBUG] 2018-10-15 16:13:26,745 org.nutz.ioc.aop.impl.DefaultMirrorFactory.getMirror(DefaultMirrorFactory.java:70) - Load class com.alibaba.druid.pool.DruidDataSource without AOP
[DEBUG] 2018-10-15 16:13:26,745 org.nutz.ioc.impl.ScopeContext.save(ScopeContext.java:64) - Save object 'dataSource' to [app] 
[DEBUG] 2018-10-15 16:13:26,745 org.nutz.ioc.impl.NutIoc.get(NutIoc.java:151) - Get 'conf'<>
[DEBUG] 2018-10-15 16:13:26,747 org.nutz.ioc.impl.ScopeContext.remove(ScopeContext.java:84) - Remove object 'dataSource' from [app] 
[DEBUG] 2018-10-15 16:13:26,748 org.nutz.ioc.impl.ScopeContext.remove(ScopeContext.java:84) - Remove object 'dao' from [app] 
[DEBUG] 2018-10-15 16:13:26,748 org.nutz.ioc.impl.ScopeContext.remove(ScopeContext.java:84) - Remove object 'simpleTest' from [app] 
]]></system-out>
  </testcase>
  <testcase name="testOrder8" classname="cn.wizzer.test.SimpleTest" time="0">
    <error message="IocBean[simpleTest] throw Exception when creating" type="org.nutz.ioc.IocException">org.nutz.ioc.IocException: IocBean[simpleTest] throw Exception when creating
Caused by: java.lang.RuntimeException: IocBean[simpleTest] fail at field=[dao]
Caused by: org.nutz.ioc.IocException: IocBean[dao -> dataSource] throw Exception when creating
Caused by: java.lang.IllegalArgumentException: Failed to decrypt.
Caused by: java.lang.IllegalArgumentException: String length must be a multiple of four.
</error>
    <system-out><![CDATA[[INFO ] 2018-10-15 16:13:26,749 org.nutz.ioc.impl.NutIoc.depose(NutIoc.java:255) - org.nutz.ioc.impl.NutIoc@1077072774 is closing. startup date [18-10-15 16:13:26.721]
[DEBUG] 2018-10-15 16:13:26,749 org.nutz.ioc.impl.ScopeContext.clear(ScopeContext.java:108) - Depose object 'conf' ...
[DEBUG] 2018-10-15 16:13:26,749 org.nutz.ioc.impl.ScopeContext.clear(ScopeContext.java:108) - Depose object '$aop_syslog' ...
[DEBUG] 2018-10-15 16:13:26,749 org.nutz.ioc.impl.ScopeContext.clear(ScopeContext.java:108) - Depose object '$aop_async' ...
[DEBUG] 2018-10-15 16:13:26,749 org.nutz.ioc.impl.ScopeContext.clear(ScopeContext.java:108) - Depose object 'dynamicInterceptor' ...
[DEBUG] 2018-10-15 16:13:26,749 org.nutz.ioc.impl.ScopeContext.clear(ScopeContext.java:108) - Depose object '$aop_1_plugin' ...
[INFO ] 2018-10-15 16:13:26,750 org.nutz.ioc.impl.NutIoc.depose(NutIoc.java:262) - org.nutz.ioc.impl.NutIoc@1077072774 is deposed. startup date [18-10-15 16:13:26.721]
[DEBUG] 2018-10-15 16:13:26,753 org.nutz.resource.Scans.scan(Scans.java:274) - Found 4 resource by src( config/ioc/ ) , regex( ^(.+[.])(js|json)$ )
[DEBUG] 2018-10-15 16:13:26,754 org.nutz.ioc.loader.json.JsonLoader.<init>(JsonLoader.java:49) - loading [dao.json]
[DEBUG] 2018-10-15 16:13:26,754 org.nutz.ioc.loader.json.JsonLoader.<init>(JsonLoader.java:49) - loading [ehcache.json]
[DEBUG] 2018-10-15 16:13:26,755 org.nutz.ioc.loader.json.JsonLoader.<init>(JsonLoader.java:49) - loading [mail.json]
[DEBUG] 2018-10-15 16:13:26,755 org.nutz.ioc.loader.json.JsonLoader.<init>(JsonLoader.java:49) - loading [upload.json]
[DEBUG] 2018-10-15 16:13:26,755 org.nutz.ioc.loader.json.JsonLoader.<init>(JsonLoader.java:57) - Loaded 15 bean define from path=[config/ioc/] --> [videoUpload, conf, uploadVideoContext, imageUpload, fileUpload, cacheManager, dao, cacheProvider, emailAuthenticator, uploadFileContext, htmlEmail, cacheExecutor, tmpFilePool, uploadImageContext, dataSource]
[DEBUG] 2018-10-15 16:13:26,918 org.nutz.resource.Scans.scan(Scans.java:274) - Found 452 resource by src( cn/wizzer/ ) , regex( ^.+[.]class$ )
[DEBUG] 2018-10-15 16:13:26,921 org.nutz.ioc.loader.annotation.AnnotationIocLoader.addClass(AnnotationIocLoader.java:76) - Found @IocBean : class cn.wizzer.framework.util.StringUtil
[DEBUG] 2018-10-15 16:13:26,921 org.nutz.ioc.loader.annotation.AnnotationIocLoader.addClass(AnnotationIocLoader.java:76) - Found @IocBean : class cn.wizzer.framework.util.CookieUtil
[DEBUG] 2018-10-15 16:13:26,921 org.nutz.ioc.loader.annotation.AnnotationIocLoader.addClass(AnnotationIocLoader.java:76) - Found @IocBean : class cn.wizzer.framework.ig.RedisIdGenerator
[DEBUG] 2018-10-15 16:13:26,921 org.nutz.ioc.loader.annotation.AnnotationIocLoader.addClass(AnnotationIocLoader.java:76) - Found @IocBean : class cn.wizzer.framework.util.DateUtil
[DEBUG] 2018-10-15 16:13:26,921 org.nutz.ioc.loader.annotation.AnnotationIocLoader.addClass(AnnotationIocLoader.java:76) - Found @IocBean : class cn.wizzer.framework.shiro.interceptor.NutShiroMethodInterceptor
[DEBUG] 2018-10-15 16:13:26,921 org.nutz.ioc.loader.annotation.AnnotationIocLoader.addClass(AnnotationIocLoader.java:76) - Found @IocBean : class cn.wizzer.framework.util.IdcardUtil
[DEBUG] 2018-10-15 16:13:26,921 org.nutz.ioc.loader.annotation.AnnotationIocLoader.addClass(AnnotationIocLoader.java:76) - Found @IocBean : class cn.wizzer.framework.rabbit.RabbitProducer
[DEBUG] 2018-10-15 16:13:26,921 org.nutz.ioc.loader.annotation.AnnotationIocLoader.addClass(AnnotationIocLoader.java:76) - Found @IocBean : class cn.wizzer.framework.util.RSAUtil
[DEBUG] 2018-10-15 16:13:26,921 org.nutz.ioc.loader.annotation.AnnotationIocLoader.addClass(AnnotationIocLoader.java:76) - Found @IocBean : class cn.wizzer.framework.util.ShiroUtil
[DEBUG] 2018-10-15 16:13:26,921 org.nutz.ioc.loader.annotation.AnnotationIocLoader.addClass(AnnotationIocLoader.java:76) - Found @IocBean : class cn.wizzer.framework.util.Code128Util
[DEBUG] 2018-10-15 16:13:26,921 org.nutz.ioc.loader.annotation.AnnotationIocLoader.addClass(AnnotationIocLoader.java:76) - Found @IocBean : class cn.wizzer.app.base.modules.services.impl.BaseAirmeterialServiceImpl
[DEBUG] 2018-10-15 16:13:26,921 org.nutz.ioc.loader.annotation.AnnotationIocLoader.addClass(AnnotationIocLoader.java:76) - Found @IocBean : class cn.wizzer.app.base.modules.services.impl.BaseAirportServiceImpl
[DEBUG] 2018-10-15 16:13:26,922 org.nutz.ioc.loader.annotation.AnnotationIocLoader.addClass(AnnotationIocLoader.java:76) - Found @IocBean : class cn.wizzer.app.base.modules.services.impl.BaseCnctobjServiceImpl
[DEBUG] 2018-10-15 16:13:26,922 org.nutz.ioc.loader.annotation.AnnotationIocLoader.addClass(AnnotationIocLoader.java:76) - Found @IocBean : class cn.wizzer.app.base.modules.services.impl.BaseCustomerServiceImpl
[DEBUG] 2018-10-15 16:13:26,922 org.nutz.ioc.loader.annotation.AnnotationIocLoader.addClass(AnnotationIocLoader.java:76) - Found @IocBean : class cn.wizzer.app.base.modules.services.impl.BaseDeptServiceImpl
[DEBUG] 2018-10-15 16:13:26,922 org.nutz.ioc.loader.annotation.AnnotationIocLoader.addClass(AnnotationIocLoader.java:76) - Found @IocBean : class cn.wizzer.app.base.modules.services.impl.BaseJobServiceImpl
[DEBUG] 2018-10-15 16:13:26,922 org.nutz.ioc.loader.annotation.AnnotationIocLoader.addClass(AnnotationIocLoader.java:76) - Found @IocBean : class cn.wizzer.app.base.modules.services.impl.BasePersonpoolServiceImpl
[DEBUG] 2018-10-15 16:13:26,922 org.nutz.ioc.loader.annotation.AnnotationIocLoader.addClass(AnnotationIocLoader.java:76) - Found @IocBean : class cn.wizzer.app.base.modules.services.impl.BasePersonServiceImpl
[DEBUG] 2018-10-15 16:13:26,922 org.nutz.ioc.loader.annotation.AnnotationIocLoader.addClass(AnnotationIocLoader.java:76) - Found @IocBean : class cn.wizzer.app.base.modules.services.impl.BasePlaceServiceImpl
[DEBUG] 2018-10-15 16:13:26,922 org.nutz.ioc.loader.annotation.AnnotationIocLoader.addClass(AnnotationIocLoader.java:76) - Found @IocBean : class cn.wizzer.app.base.modules.services.impl.BasePostServiceImpl
[DEBUG] 2018-10-15 16:13:26,922 org.nutz.ioc.loader.annotation.AnnotationIocLoader.addClass(AnnotationIocLoader.java:76) - Found @IocBean : class cn.wizzer.app.base.modules.services.impl.BaseRowofficeentryServiceImpl
[DEBUG] 2018-10-15 16:13:26,922 org.nutz.ioc.loader.annotation.AnnotationIocLoader.addClass(AnnotationIocLoader.java:76) - Found @IocBean : class cn.wizzer.app.base.modules.services.impl.BaseRowofficeServiceImpl
[DEBUG] 2018-10-15 16:13:26,922 org.nutz.ioc.loader.annotation.AnnotationIocLoader.addClass(AnnotationIocLoader.java:76) - Found @IocBean : class cn.wizzer.app.base.modules.services.impl.BaseVehicleServiceImpl
[DEBUG] 2018-10-15 16:13:26,922 org.nutz.ioc.loader.annotation.AnnotationIocLoader.addClass(AnnotationIocLoader.java:76) - Found @IocBean : class cn.wizzer.app.base.modules.services.impl.BaseWarehouseServiceImpl
[DEBUG] 2018-10-15 16:13:26,923 org.nutz.ioc.loader.annotation.AnnotationIocLoader.addClass(AnnotationIocLoader.java:76) - Found @IocBean : class cn.wizzer.app.cms.modules.services.impl.CmsArticleServiceImpl
[DEBUG] 2018-10-15 16:13:26,923 org.nutz.ioc.loader.annotation.AnnotationIocLoader.addClass(AnnotationIocLoader.java:76) - Found @IocBean : class cn.wizzer.app.cms.modules.services.impl.CmsChannelServiceImpl
[DEBUG] 2018-10-15 16:13:26,923 org.nutz.ioc.loader.annotation.AnnotationIocLoader.addClass(AnnotationIocLoader.java:76) - Found @IocBean : class cn.wizzer.app.cms.modules.services.impl.CmsLinkClassServiceImpl
[DEBUG] 2018-10-15 16:13:26,923 org.nutz.ioc.loader.annotation.AnnotationIocLoader.addClass(AnnotationIocLoader.java:76) - Found @IocBean : class cn.wizzer.app.cms.modules.services.impl.CmsLinkServiceImpl
[DEBUG] 2018-10-15 16:13:26,923 org.nutz.ioc.loader.annotation.AnnotationIocLoader.addClass(AnnotationIocLoader.java:76) - Found @IocBean : class cn.wizzer.app.cms.modules.services.impl.CmsSiteServiceImpl
[DEBUG] 2018-10-15 16:13:26,923 org.nutz.ioc.loader.annotation.AnnotationIocLoader.addClass(AnnotationIocLoader.java:76) - Found @IocBean : class cn.wizzer.app.ins.modules.services.impl.InsBaseinsServiceImpl
[DEBUG] 2018-10-15 16:13:26,923 org.nutz.ioc.loader.annotation.AnnotationIocLoader.addClass(AnnotationIocLoader.java:76) - Found @IocBean : class cn.wizzer.app.ins.modules.services.impl.InsBaseinsSpaceServiceImpl
[DEBUG] 2018-10-15 16:13:26,923 org.nutz.ioc.loader.annotation.AnnotationIocLoader.addClass(AnnotationIocLoader.java:76) - Found @IocBean : class cn.wizzer.app.ins.modules.services.impl.InsCabinetServiceImpl
[DEBUG] 2018-10-15 16:13:26,923 org.nutz.ioc.loader.annotation.AnnotationIocLoader.addClass(AnnotationIocLoader.java:76) - Found @IocBean : class cn.wizzer.app.ins.modules.services.impl.InsCommonServiceImpl
[DEBUG] 2018-10-15 16:13:26,923 org.nutz.ioc.loader.annotation.AnnotationIocLoader.addClass(AnnotationIocLoader.java:76) - Found @IocBean : class cn.wizzer.app.ins.modules.services.impl.InsInstrumentServiceImpl
[DEBUG] 2018-10-15 16:13:26,923 org.nutz.ioc.loader.annotation.AnnotationIocLoader.addClass(AnnotationIocLoader.java:76) - Found @IocBean : class cn.wizzer.app.ins.modules.services.impl.InsLockServiceImpl
[DEBUG] 2018-10-15 16:13:26,924 org.nutz.ioc.loader.annotation.AnnotationIocLoader.addClass(AnnotationIocLoader.java:76) - Found @IocBean : class cn.wizzer.app.ins.modules.services.impl.InsOrderentryServiceImpl
[DEBUG] 2018-10-15 16:13:26,924 org.nutz.ioc.loader.annotation.AnnotationIocLoader.addClass(AnnotationIocLoader.java:76) - Found @IocBean : class cn.wizzer.app.ins.modules.services.impl.InsOrderServiceImpl
[DEBUG] 2018-10-15 16:13:26,924 org.nutz.ioc.loader.annotation.AnnotationIocLoader.addClass(AnnotationIocLoader.java:76) - Found @IocBean : class cn.wizzer.app.ins.modules.services.impl.InsRepairServiceImpl
[DEBUG] 2018-10-15 16:13:26,924 org.nutz.ioc.loader.annotation.AnnotationIocLoader.addClass(AnnotationIocLoader.java:76) - Found @IocBean : class cn.wizzer.app.ins.modules.services.impl.InsRepairtrackServiceImpl
[DEBUG] 2018-10-15 16:13:26,924 org.nutz.ioc.loader.annotation.AnnotationIocLoader.addClass(AnnotationIocLoader.java:76) - Found @IocBean : class cn.wizzer.app.ins.modules.services.impl.InsRfheadServiceImpl
[DEBUG] 2018-10-15 16:13:26,924 org.nutz.ioc.loader.annotation.AnnotationIocLoader.addClass(AnnotationIocLoader.java:76) - Found @IocBean : class cn.wizzer.app.ins.modules.services.impl.InsRfidServiceImpl
[DEBUG] 2018-10-15 16:13:26,924 org.nutz.ioc.loader.annotation.AnnotationIocLoader.addClass(AnnotationIocLoader.java:76) - Found @IocBean : class cn.wizzer.app.ins.modules.services.impl.InsSpaceServiceImpl
[DEBUG] 2018-10-15 16:13:26,924 org.nutz.ioc.loader.annotation.AnnotationIocLoader.addClass(AnnotationIocLoader.java:76) - Found @IocBean : class cn.wizzer.app.ins.modules.services.impl.InsToolcabinetServiceImpl
[DEBUG] 2018-10-15 16:13:26,924 org.nutz.ioc.loader.annotation.AnnotationIocLoader.addClass(AnnotationIocLoader.java:76) - Found @IocBean : class cn.wizzer.app.ins.modules.services.impl.InsTransmitServiceImpl
[DEBUG] 2018-10-15 16:13:26,924 org.nutz.ioc.loader.annotation.AnnotationIocLoader.addClass(AnnotationIocLoader.java:76) - Found @IocBean : class cn.wizzer.app.logistics.modules.services.impl.LogisticsDeliveryorderentryServiceImpl
[DEBUG] 2018-10-15 16:13:26,925 org.nutz.ioc.loader.annotation.AnnotationIocLoader.addClass(AnnotationIocLoader.java:76) - Found @IocBean : class cn.wizzer.app.logistics.modules.services.impl.LogisticsDeliveryorderServiceImpl
[DEBUG] 2018-10-15 16:13:26,925 org.nutz.ioc.loader.annotation.AnnotationIocLoader.addClass(AnnotationIocLoader.java:76) - Found @IocBean : class cn.wizzer.app.logistics.modules.services.impl.LogisticsEntourageServiceImpl
[DEBUG] 2018-10-15 16:13:26,925 org.nutz.ioc.loader.annotation.AnnotationIocLoader.addClass(AnnotationIocLoader.java:76) - Found @IocBean : class cn.wizzer.app.logistics.modules.services.impl.LogisticsOrderdeliveryServiceImpl
[DEBUG] 2018-10-15 16:13:26,925 org.nutz.ioc.loader.annotation.AnnotationIocLoader.addClass(AnnotationIocLoader.java:76) - Found @IocBean : class cn.wizzer.app.logistics.modules.services.impl.LogisticsOrderentryServiceImpl
[DEBUG] 2018-10-15 16:13:26,925 org.nutz.ioc.loader.annotation.AnnotationIocLoader.addClass(AnnotationIocLoader.java:76) - Found @IocBean : class cn.wizzer.app.logistics.modules.services.impl.LogisticsOrderplanentryServiceImpl
[DEBUG] 2018-10-15 16:13:26,925 org.nutz.ioc.loader.annotation.AnnotationIocLoader.addClass(AnnotationIocLoader.java:76) - Found @IocBean : class cn.wizzer.app.logistics.modules.services.impl.LogisticsOrderplanServiceImpl
[DEBUG] 2018-10-15 16:13:26,925 org.nutz.ioc.loader.annotation.AnnotationIocLoader.addClass(AnnotationIocLoader.java:76) - Found @IocBean : class cn.wizzer.app.logistics.modules.services.impl.LogisticsOrderrejectServiceImpl
[DEBUG] 2018-10-15 16:13:26,925 org.nutz.ioc.loader.annotation.AnnotationIocLoader.addClass(AnnotationIocLoader.java:76) - Found @IocBean : class cn.wizzer.app.logistics.modules.services.impl.LogisticsOrderServiceImpl
[DEBUG] 2018-10-15 16:13:26,925 org.nutz.ioc.loader.annotation.AnnotationIocLoader.addClass(AnnotationIocLoader.java:76) - Found @IocBean : class cn.wizzer.app.logistics.modules.services.impl.LogisticsOrderstepServiceImpl
[DEBUG] 2018-10-15 16:13:26,925 org.nutz.ioc.loader.annotation.AnnotationIocLoader.addClass(AnnotationIocLoader.java:76) - Found @IocBean : class cn.wizzer.app.logistics.modules.services.impl.LogisticsSendapprovalServiceImpl
[DEBUG] 2018-10-15 16:13:26,925 org.nutz.ioc.loader.annotation.AnnotationIocLoader.addClass(AnnotationIocLoader.java:76) - Found @IocBean : class cn.wizzer.app.logistics.modules.services.impl.LogisticsSendgoodsServiceImpl
[DEBUG] 2018-10-15 16:13:26,926 org.nutz.ioc.loader.annotation.AnnotationIocLoader.addClass(AnnotationIocLoader.java:76) - Found @IocBean : class cn.wizzer.app.logistics.modules.services.impl.LogisticsSendplanServiceImpl
[DEBUG] 2018-10-15 16:13:26,926 org.nutz.ioc.loader.annotation.AnnotationIocLoader.addClass(AnnotationIocLoader.java:76) - Found @IocBean : class cn.wizzer.app.logistics.modules.services.impl.LogisticsSendtraceServiceImpl
[DEBUG] 2018-10-15 16:13:26,926 org.nutz.ioc.loader.annotation.AnnotationIocLoader.addClass(AnnotationIocLoader.java:76) - Found @IocBean : class cn.wizzer.app.logistics.modules.services.impl.LogisticsUnplanServiceImpl
[DEBUG] 2018-10-15 16:13:26,926 org.nutz.ioc.loader.annotation.AnnotationIocLoader.addClass(AnnotationIocLoader.java:76) - Found @IocBean : class cn.wizzer.app.sys.modules.services.impl.SysApiServiceImpl
[DEBUG] 2018-10-15 16:13:26,926 org.nutz.ioc.loader.annotation.AnnotationIocLoader.addClass(AnnotationIocLoader.java:76) - Found @IocBean : class cn.wizzer.app.sys.modules.services.impl.SysBarcodeServiceImpl
[DEBUG] 2018-10-15 16:13:26,926 org.nutz.ioc.loader.annotation.AnnotationIocLoader.addClass(AnnotationIocLoader.java:76) - Found @IocBean : class cn.wizzer.app.sys.modules.services.impl.SysConfigServiceImpl
[DEBUG] 2018-10-15 16:13:26,926 org.nutz.ioc.loader.annotation.AnnotationIocLoader.addClass(AnnotationIocLoader.java:76) - Found @IocBean : class cn.wizzer.app.sys.modules.services.impl.SysDictServiceImpl
[DEBUG] 2018-10-15 16:13:26,926 org.nutz.ioc.loader.annotation.AnnotationIocLoader.addClass(AnnotationIocLoader.java:76) - Found @IocBean : class cn.wizzer.app.sys.modules.services.impl.SysLogServiceImpl
[DEBUG] 2018-10-15 16:13:26,926 org.nutz.ioc.loader.annotation.AnnotationIocLoader.addClass(AnnotationIocLoader.java:76) - Found @IocBean : class cn.wizzer.app.sys.modules.services.impl.SysMenuServiceImpl
[DEBUG] 2018-10-15 16:13:26,926 org.nutz.ioc.loader.annotation.AnnotationIocLoader.addClass(AnnotationIocLoader.java:76) - Found @IocBean : class cn.wizzer.app.sys.modules.services.impl.SysMobileServiceImpl
[DEBUG] 2018-10-15 16:13:26,926 org.nutz.ioc.loader.annotation.AnnotationIocLoader.addClass(AnnotationIocLoader.java:76) - Found @IocBean : class cn.wizzer.app.sys.modules.services.impl.SysPluginServiceImpl
[DEBUG] 2018-10-15 16:13:26,926 org.nutz.ioc.loader.annotation.AnnotationIocLoader.addClass(AnnotationIocLoader.java:76) - Found @IocBean : class cn.wizzer.app.sys.modules.services.impl.SysRegistauditServiceImpl
[DEBUG] 2018-10-15 16:13:26,927 org.nutz.ioc.loader.annotation.AnnotationIocLoader.addClass(AnnotationIocLoader.java:76) - Found @IocBean : class cn.wizzer.app.sys.modules.services.impl.SysRoleServiceImpl
[DEBUG] 2018-10-15 16:13:26,927 org.nutz.ioc.loader.annotation.AnnotationIocLoader.addClass(AnnotationIocLoader.java:76) - Found @IocBean : class cn.wizzer.app.sys.modules.services.impl.SysRouteServiceImpl
[DEBUG] 2018-10-15 16:13:26,927 org.nutz.ioc.loader.annotation.AnnotationIocLoader.addClass(AnnotationIocLoader.java:76) - Found @IocBean : class cn.wizzer.app.sys.modules.services.impl.SysTaskServiceImpl
[DEBUG] 2018-10-15 16:13:26,927 org.nutz.ioc.loader.annotation.AnnotationIocLoader.addClass(AnnotationIocLoader.java:76) - Found @IocBean : class cn.wizzer.app.sys.modules.services.impl.SysTempuserServiceImpl
[DEBUG] 2018-10-15 16:13:26,927 org.nutz.ioc.loader.annotation.AnnotationIocLoader.addClass(AnnotationIocLoader.java:76) - Found @IocBean : class cn.wizzer.app.sys.modules.services.impl.SysUnitServiceImpl
[DEBUG] 2018-10-15 16:13:26,927 org.nutz.ioc.loader.annotation.AnnotationIocLoader.addClass(AnnotationIocLoader.java:76) - Found @IocBean : class cn.wizzer.app.sys.modules.services.impl.SysUserServiceImpl
[DEBUG] 2018-10-15 16:13:26,927 org.nutz.ioc.loader.annotation.AnnotationIocLoader.addClass(AnnotationIocLoader.java:76) - Found @IocBean : class cn.wizzer.app.sys.modules.services.impl.SysVersionServiceImpl
[DEBUG] 2018-10-15 16:13:26,927 org.nutz.ioc.loader.annotation.AnnotationIocLoader.addClass(AnnotationIocLoader.java:76) - Found @IocBean : class cn.wizzer.app.sys.modules.services.impl.SysWxDeptServiceImpl
[DEBUG] 2018-10-15 16:13:26,927 org.nutz.ioc.loader.annotation.AnnotationIocLoader.addClass(AnnotationIocLoader.java:76) - Found @IocBean : class cn.wizzer.app.sys.modules.services.impl.SysWxServiceImpl
[DEBUG] 2018-10-15 16:13:26,927 org.nutz.ioc.loader.annotation.AnnotationIocLoader.addClass(AnnotationIocLoader.java:76) - Found @IocBean : class cn.wizzer.app.sys.modules.services.impl.SysWxUserServiceImpl
[DEBUG] 2018-10-15 16:13:26,927 org.nutz.ioc.loader.annotation.AnnotationIocLoader.addClass(AnnotationIocLoader.java:76) - Found @IocBean : class cn.wizzer.app.web.commons.plugin.DynamicInterceptor
[DEBUG] 2018-10-15 16:13:26,927 org.nutz.ioc.loader.annotation.AnnotationIocLoader.addClass(AnnotationIocLoader.java:76) - Found @IocBean : class cn.wizzer.app.web.commons.plugin.PluginAopConfigure
[DEBUG] 2018-10-15 16:13:26,928 org.nutz.ioc.loader.annotation.AnnotationIocLoader.addClass(AnnotationIocLoader.java:76) - Found @IocBean : class cn.wizzer.app.web.commons.plugin.PluginMaster
[DEBUG] 2018-10-15 16:13:26,928 org.nutz.ioc.loader.annotation.AnnotationIocLoader.addClass(AnnotationIocLoader.java:76) - Found @IocBean : class cn.wizzer.app.web.commons.quartz.job.orderExecute
[DEBUG] 2018-10-15 16:13:26,928 org.nutz.ioc.loader.annotation.AnnotationIocLoader.addClass(AnnotationIocLoader.java:76) - Found @IocBean : class cn.wizzer.app.web.commons.quartz.job.TestJob
[DEBUG] 2018-10-15 16:13:26,928 org.nutz.ioc.loader.annotation.AnnotationIocLoader.addClass(AnnotationIocLoader.java:76) - Found @IocBean : class cn.wizzer.app.web.commons.services.email.EmailService
[DEBUG] 2018-10-15 16:13:26,928 org.nutz.ioc.loader.annotation.AnnotationIocLoader.addClass(AnnotationIocLoader.java:76) - Found @IocBean : class cn.wizzer.app.web.commons.services.qrcode.QrcodeService
[DEBUG] 2018-10-15 16:13:26,928 org.nutz.ioc.loader.annotation.AnnotationIocLoader.addClass(AnnotationIocLoader.java:76) - Found @IocBean : class cn.wizzer.app.web.commons.services.wx.TplService
[DEBUG] 2018-10-15 16:13:26,928 org.nutz.ioc.loader.annotation.AnnotationIocLoader.addClass(AnnotationIocLoader.java:76) - Found @IocBean : class cn.wizzer.app.web.commons.services.wx.WxHandler
[DEBUG] 2018-10-15 16:13:26,928 org.nutz.ioc.loader.annotation.AnnotationIocLoader.addClass(AnnotationIocLoader.java:76) - Found @IocBean : class cn.wizzer.app.web.commons.shiro.realm.PlatformAuthorizingRealm
[DEBUG] 2018-10-15 16:13:26,928 org.nutz.ioc.loader.annotation.AnnotationIocLoader.addClass(AnnotationIocLoader.java:76) - Found @IocBean : class cn.wizzer.app.web.commons.slog.SLogAopConfigration
[DEBUG] 2018-10-15 16:13:26,928 org.nutz.ioc.loader.annotation.AnnotationIocLoader.addClass(AnnotationIocLoader.java:76) - Found @IocBean : class cn.wizzer.app.web.commons.slog.SLogService
[DEBUG] 2018-10-15 16:13:26,928 org.nutz.ioc.loader.annotation.AnnotationIocLoader.addClass(AnnotationIocLoader.java:76) - Found @IocBean : class cn.wizzer.app.web.modules.controllers.front.wx.CmsController
[DEBUG] 2018-10-15 16:13:26,928 org.nutz.ioc.loader.annotation.AnnotationIocLoader.addClass(AnnotationIocLoader.java:76) - Found @IocBean : class cn.wizzer.app.web.modules.controllers.front.wx.WechatController
[DEBUG] 2018-10-15 16:13:26,929 org.nutz.ioc.loader.annotation.AnnotationIocLoader.addClass(AnnotationIocLoader.java:76) - Found @IocBean : class cn.wizzer.app.web.modules.controllers.open.api.mobile.MobileBaseController
[DEBUG] 2018-10-15 16:13:26,929 org.nutz.ioc.loader.annotation.AnnotationIocLoader.addClass(AnnotationIocLoader.java:76) - Found @IocBean : class cn.wizzer.app.web.modules.controllers.open.api.mobile.MobileInsController
[DEBUG] 2018-10-15 16:13:26,929 org.nutz.ioc.loader.annotation.AnnotationIocLoader.addClass(AnnotationIocLoader.java:76) - Found @IocBean : class cn.wizzer.app.web.modules.controllers.open.api.mobile.MobileOrderController
[DEBUG] 2018-10-15 16:13:26,929 org.nutz.ioc.loader.annotation.AnnotationIocLoader.addClass(AnnotationIocLoader.java:76) - Found @IocBean : class cn.wizzer.app.web.modules.controllers.open.api.mobile.MobileSysController
[DEBUG] 2018-10-15 16:13:26,929 org.nutz.ioc.loader.annotation.AnnotationIocLoader.addClass(AnnotationIocLoader.java:76) - Found @IocBean : class cn.wizzer.app.web.modules.controllers.open.api.pad.PadInsController
[DEBUG] 2018-10-15 16:13:26,929 org.nutz.ioc.loader.annotation.AnnotationIocLoader.addClass(AnnotationIocLoader.java:76) - Found @IocBean : class cn.wizzer.app.web.modules.controllers.open.api.pad.PadOrderController
[DEBUG] 2018-10-15 16:13:26,929 org.nutz.ioc.loader.annotation.AnnotationIocLoader.addClass(AnnotationIocLoader.java:76) - Found @IocBean : class cn.wizzer.app.web.modules.controllers.open.api.pad.PadSysController
[DEBUG] 2018-10-15 16:13:26,929 org.nutz.ioc.loader.annotation.AnnotationIocLoader.addClass(AnnotationIocLoader.java:76) - Found @IocBean : class cn.wizzer.app.web.modules.controllers.open.api.test.ApiTestController
[DEBUG] 2018-10-15 16:13:26,929 org.nutz.ioc.loader.annotation.AnnotationIocLoader.addClass(AnnotationIocLoader.java:76) - Found @IocBean : class cn.wizzer.app.web.modules.controllers.open.api.token.TokenController
[DEBUG] 2018-10-15 16:13:26,929 org.nutz.ioc.loader.annotation.AnnotationIocLoader.addClass(AnnotationIocLoader.java:76) - Found @IocBean : class cn.wizzer.app.web.modules.controllers.open.api.userpermission.UserpermissionController
[DEBUG] 2018-10-15 16:13:26,929 org.nutz.ioc.loader.annotation.AnnotationIocLoader.addClass(AnnotationIocLoader.java:76) - Found @IocBean : class cn.wizzer.app.web.modules.controllers.open.file.UploadController
[DEBUG] 2018-10-15 16:13:26,929 org.nutz.ioc.loader.annotation.AnnotationIocLoader.addClass(AnnotationIocLoader.java:76) - Found @IocBean : class cn.wizzer.app.web.modules.controllers.open.pay.WxPayBackController
[DEBUG] 2018-10-15 16:13:26,929 org.nutz.ioc.loader.annotation.AnnotationIocLoader.addClass(AnnotationIocLoader.java:76) - Found @IocBean : class cn.wizzer.app.web.modules.controllers.open.ueditor.BdController
[DEBUG] 2018-10-15 16:13:26,930 org.nutz.ioc.loader.annotation.AnnotationIocLoader.addClass(AnnotationIocLoader.java:76) - Found @IocBean : class cn.wizzer.app.web.modules.controllers.open.ueditor.WxController
[DEBUG] 2018-10-15 16:13:26,930 org.nutz.ioc.loader.annotation.AnnotationIocLoader.addClass(AnnotationIocLoader.java:76) - Found @IocBean : class cn.wizzer.app.web.modules.controllers.open.wx.WeixinController
[DEBUG] 2018-10-15 16:13:26,930 org.nutz.ioc.loader.annotation.AnnotationIocLoader.addClass(AnnotationIocLoader.java:76) - Found @IocBean : class cn.wizzer.app.web.modules.controllers.platform.base.BaseAirmeterialController
[DEBUG] 2018-10-15 16:13:26,930 org.nutz.ioc.loader.annotation.AnnotationIocLoader.addClass(AnnotationIocLoader.java:76) - Found @IocBean : class cn.wizzer.app.web.modules.controllers.platform.base.BaseAirportController
[DEBUG] 2018-10-15 16:13:26,930 org.nutz.ioc.loader.annotation.AnnotationIocLoader.addClass(AnnotationIocLoader.java:76) - Found @IocBean : class cn.wizzer.app.web.modules.controllers.platform.base.BaseCnctobjController
[DEBUG] 2018-10-15 16:13:26,930 org.nutz.ioc.loader.annotation.AnnotationIocLoader.addClass(AnnotationIocLoader.java:76) - Found @IocBean : class cn.wizzer.app.web.modules.controllers.platform.base.BaseCustomerController
[DEBUG] 2018-10-15 16:13:26,930 org.nutz.ioc.loader.annotation.AnnotationIocLoader.addClass(AnnotationIocLoader.java:76) - Found @IocBean : class cn.wizzer.app.web.modules.controllers.platform.base.BaseDeptController
[DEBUG] 2018-10-15 16:13:26,930 org.nutz.ioc.loader.annotation.AnnotationIocLoader.addClass(AnnotationIocLoader.java:76) - Found @IocBean : class cn.wizzer.app.web.modules.controllers.platform.base.BaseJobController
[DEBUG] 2018-10-15 16:13:26,930 org.nutz.ioc.loader.annotation.AnnotationIocLoader.addClass(AnnotationIocLoader.java:76) - Found @IocBean : class cn.wizzer.app.web.modules.controllers.platform.base.BasePersonController
[DEBUG] 2018-10-15 16:13:26,930 org.nutz.ioc.loader.annotation.AnnotationIocLoader.addClass(AnnotationIocLoader.java:76) - Found @IocBean : class cn.wizzer.app.web.modules.controllers.platform.base.BasePersonpoolController
[DEBUG] 2018-10-15 16:13:26,930 org.nutz.ioc.loader.annotation.AnnotationIocLoader.addClass(AnnotationIocLoader.java:76) - Found @IocBean : class cn.wizzer.app.web.modules.controllers.platform.base.BasePlaceController
[DEBUG] 2018-10-15 16:13:26,930 org.nutz.ioc.loader.annotation.AnnotationIocLoader.addClass(AnnotationIocLoader.java:76) - Found @IocBean : class cn.wizzer.app.web.modules.controllers.platform.base.BasePostController
[DEBUG] 2018-10-15 16:13:26,930 org.nutz.ioc.loader.annotation.AnnotationIocLoader.addClass(AnnotationIocLoader.java:76) - Found @IocBean : class cn.wizzer.app.web.modules.controllers.platform.base.BaseRowofficeController
[DEBUG] 2018-10-15 16:13:26,930 org.nutz.ioc.loader.annotation.AnnotationIocLoader.addClass(AnnotationIocLoader.java:76) - Found @IocBean : class cn.wizzer.app.web.modules.controllers.platform.base.BaseRowofficeentryController
[DEBUG] 2018-10-15 16:13:26,931 org.nutz.ioc.loader.annotation.AnnotationIocLoader.addClass(AnnotationIocLoader.java:76) - Found @IocBean : class cn.wizzer.app.web.modules.controllers.platform.base.BaseVehicleController
[DEBUG] 2018-10-15 16:13:26,931 org.nutz.ioc.loader.annotation.AnnotationIocLoader.addClass(AnnotationIocLoader.java:76) - Found @IocBean : class cn.wizzer.app.web.modules.controllers.platform.base.BaseWarehouseController
[DEBUG] 2018-10-15 16:13:26,931 org.nutz.ioc.loader.annotation.AnnotationIocLoader.addClass(AnnotationIocLoader.java:76) - Found @IocBean : class cn.wizzer.app.web.modules.controllers.platform.cms.CmsArticleController
[DEBUG] 2018-10-15 16:13:26,931 org.nutz.ioc.loader.annotation.AnnotationIocLoader.addClass(AnnotationIocLoader.java:76) - Found @IocBean : class cn.wizzer.app.web.modules.controllers.platform.cms.CmsChannelController
[DEBUG] 2018-10-15 16:13:26,931 org.nutz.ioc.loader.annotation.AnnotationIocLoader.addClass(AnnotationIocLoader.java:76) - Found @IocBean : class cn.wizzer.app.web.modules.controllers.platform.cms.CmsLinkClassController
[DEBUG] 2018-10-15 16:13:26,931 org.nutz.ioc.loader.annotation.AnnotationIocLoader.addClass(AnnotationIocLoader.java:76) - Found @IocBean : class cn.wizzer.app.web.modules.controllers.platform.cms.CmsLinkController
[DEBUG] 2018-10-15 16:13:26,931 org.nutz.ioc.loader.annotation.AnnotationIocLoader.addClass(AnnotationIocLoader.java:76) - Found @IocBean : class cn.wizzer.app.web.modules.controllers.platform.cms.CmsSiteController
[DEBUG] 2018-10-15 16:13:26,931 org.nutz.ioc.loader.annotation.AnnotationIocLoader.addClass(AnnotationIocLoader.java:76) - Found @IocBean : class cn.wizzer.app.web.modules.controllers.platform.ins.InsBaseinsController
[DEBUG] 2018-10-15 16:13:26,931 org.nutz.ioc.loader.annotation.AnnotationIocLoader.addClass(AnnotationIocLoader.java:76) - Found @IocBean : class cn.wizzer.app.web.modules.controllers.platform.ins.InsBaseinsSpaceController
[DEBUG] 2018-10-15 16:13:26,931 org.nutz.ioc.loader.annotation.AnnotationIocLoader.addClass(AnnotationIocLoader.java:76) - Found @IocBean : class cn.wizzer.app.web.modules.controllers.platform.ins.InsCabinetController
[DEBUG] 2018-10-15 16:13:26,931 org.nutz.ioc.loader.annotation.AnnotationIocLoader.addClass(AnnotationIocLoader.java:76) - Found @IocBean : class cn.wizzer.app.web.modules.controllers.platform.ins.InsCommonController
[DEBUG] 2018-10-15 16:13:26,931 org.nutz.ioc.loader.annotation.AnnotationIocLoader.addClass(AnnotationIocLoader.java:76) - Found @IocBean : class cn.wizzer.app.web.modules.controllers.platform.ins.InsInstrumentController
[DEBUG] 2018-10-15 16:13:26,931 org.nutz.ioc.loader.annotation.AnnotationIocLoader.addClass(AnnotationIocLoader.java:76) - Found @IocBean : class cn.wizzer.app.web.modules.controllers.platform.ins.InsLockController
[DEBUG] 2018-10-15 16:13:26,932 org.nutz.ioc.loader.annotation.AnnotationIocLoader.addClass(AnnotationIocLoader.java:76) - Found @IocBean : class cn.wizzer.app.web.modules.controllers.platform.ins.InsOrderController
[DEBUG] 2018-10-15 16:13:26,932 org.nutz.ioc.loader.annotation.AnnotationIocLoader.addClass(AnnotationIocLoader.java:76) - Found @IocBean : class cn.wizzer.app.web.modules.controllers.platform.ins.InsOrderentryController
[DEBUG] 2018-10-15 16:13:26,932 org.nutz.ioc.loader.annotation.AnnotationIocLoader.addClass(AnnotationIocLoader.java:76) - Found @IocBean : class cn.wizzer.app.web.modules.controllers.platform.ins.InsRepairController
[DEBUG] 2018-10-15 16:13:26,932 org.nutz.ioc.loader.annotation.AnnotationIocLoader.addClass(AnnotationIocLoader.java:76) - Found @IocBean : class cn.wizzer.app.web.modules.controllers.platform.ins.InsRepairtrackController
[DEBUG] 2018-10-15 16:13:26,932 org.nutz.ioc.loader.annotation.AnnotationIocLoader.addClass(AnnotationIocLoader.java:76) - Found @IocBean : class cn.wizzer.app.web.modules.controllers.platform.ins.InsRfheadController
[DEBUG] 2018-10-15 16:13:26,932 org.nutz.ioc.loader.annotation.AnnotationIocLoader.addClass(AnnotationIocLoader.java:76) - Found @IocBean : class cn.wizzer.app.web.modules.controllers.platform.ins.InsRfidController
[DEBUG] 2018-10-15 16:13:26,932 org.nutz.ioc.loader.annotation.AnnotationIocLoader.addClass(AnnotationIocLoader.java:76) - Found @IocBean : class cn.wizzer.app.web.modules.controllers.platform.ins.InsSpaceController
[DEBUG] 2018-10-15 16:13:26,932 org.nutz.ioc.loader.annotation.AnnotationIocLoader.addClass(AnnotationIocLoader.java:76) - Found @IocBean : class cn.wizzer.app.web.modules.controllers.platform.ins.InsToolcabinetController
[DEBUG] 2018-10-15 16:13:26,932 org.nutz.ioc.loader.annotation.AnnotationIocLoader.addClass(AnnotationIocLoader.java:76) - Found @IocBean : class cn.wizzer.app.web.modules.controllers.platform.ins.InsTransmitController
[DEBUG] 2018-10-15 16:13:26,932 org.nutz.ioc.loader.annotation.AnnotationIocLoader.addClass(AnnotationIocLoader.java:76) - Found @IocBean : class cn.wizzer.app.web.modules.controllers.platform.logistics.LogisticsDeliveryorderController
[DEBUG] 2018-10-15 16:13:26,932 org.nutz.ioc.loader.annotation.AnnotationIocLoader.addClass(AnnotationIocLoader.java:76) - Found @IocBean : class cn.wizzer.app.web.modules.controllers.platform.logistics.LogisticsDeliveryorderentryController
[DEBUG] 2018-10-15 16:13:26,932 org.nutz.ioc.loader.annotation.AnnotationIocLoader.addClass(AnnotationIocLoader.java:76) - Found @IocBean : class cn.wizzer.app.web.modules.controllers.platform.logistics.LogisticsEntourageController
[DEBUG] 2018-10-15 16:13:26,932 org.nutz.ioc.loader.annotation.AnnotationIocLoader.addClass(AnnotationIocLoader.java:76) - Found @IocBean : class cn.wizzer.app.web.modules.controllers.platform.logistics.LogisticsOrderController
[DEBUG] 2018-10-15 16:13:26,932 org.nutz.ioc.loader.annotation.AnnotationIocLoader.addClass(AnnotationIocLoader.java:76) - Found @IocBean : class cn.wizzer.app.web.modules.controllers.platform.logistics.LogisticsOrderdeliveryController
[DEBUG] 2018-10-15 16:13:26,933 org.nutz.ioc.loader.annotation.AnnotationIocLoader.addClass(AnnotationIocLoader.java:76) - Found @IocBean : class cn.wizzer.app.web.modules.controllers.platform.logistics.LogisticsOrderentryController
[DEBUG] 2018-10-15 16:13:26,933 org.nutz.ioc.loader.annotation.AnnotationIocLoader.addClass(AnnotationIocLoader.java:76) - Found @IocBean : class cn.wizzer.app.web.modules.controllers.platform.logistics.LogisticsOrderplanController
[DEBUG] 2018-10-15 16:13:26,933 org.nutz.ioc.loader.annotation.AnnotationIocLoader.addClass(AnnotationIocLoader.java:76) - Found @IocBean : class cn.wizzer.app.web.modules.controllers.platform.logistics.LogisticsOrderplanentryController
[DEBUG] 2018-10-15 16:13:26,933 org.nutz.ioc.loader.annotation.AnnotationIocLoader.addClass(AnnotationIocLoader.java:76) - Found @IocBean : class cn.wizzer.app.web.modules.controllers.platform.logistics.LogisticsOrderrejectController
[DEBUG] 2018-10-15 16:13:26,933 org.nutz.ioc.loader.annotation.AnnotationIocLoader.addClass(AnnotationIocLoader.java:76) - Found @IocBean : class cn.wizzer.app.web.modules.controllers.platform.logistics.LogisticsOrderstepController
[DEBUG] 2018-10-15 16:13:26,933 org.nutz.ioc.loader.annotation.AnnotationIocLoader.addClass(AnnotationIocLoader.java:76) - Found @IocBean : class cn.wizzer.app.web.modules.controllers.platform.logistics.LogisticsSendapprovalController
[DEBUG] 2018-10-15 16:13:26,933 org.nutz.ioc.loader.annotation.AnnotationIocLoader.addClass(AnnotationIocLoader.java:76) - Found @IocBean : class cn.wizzer.app.web.modules.controllers.platform.logistics.LogisticsSendgoodsController
[DEBUG] 2018-10-15 16:13:26,933 org.nutz.ioc.loader.annotation.AnnotationIocLoader.addClass(AnnotationIocLoader.java:76) - Found @IocBean : class cn.wizzer.app.web.modules.controllers.platform.logistics.LogisticsSendplanController
[DEBUG] 2018-10-15 16:13:26,933 org.nutz.ioc.loader.annotation.AnnotationIocLoader.addClass(AnnotationIocLoader.java:76) - Found @IocBean : class cn.wizzer.app.web.modules.controllers.platform.logistics.LogisticsSendtraceController
[DEBUG] 2018-10-15 16:13:26,933 org.nutz.ioc.loader.annotation.AnnotationIocLoader.addClass(AnnotationIocLoader.java:76) - Found @IocBean : class cn.wizzer.app.web.modules.controllers.platform.logistics.LogisticsUnplanController
[DEBUG] 2018-10-15 16:13:26,933 org.nutz.ioc.loader.annotation.AnnotationIocLoader.addClass(AnnotationIocLoader.java:76) - Found @IocBean : class cn.wizzer.app.web.modules.controllers.platform.sys.SysApiController
[DEBUG] 2018-10-15 16:13:26,933 org.nutz.ioc.loader.annotation.AnnotationIocLoader.addClass(AnnotationIocLoader.java:76) - Found @IocBean : class cn.wizzer.app.web.modules.controllers.platform.sys.SysBarcodeController
[DEBUG] 2018-10-15 16:13:26,933 org.nutz.ioc.loader.annotation.AnnotationIocLoader.addClass(AnnotationIocLoader.java:76) - Found @IocBean : class cn.wizzer.app.web.modules.controllers.platform.sys.SysConfController
[DEBUG] 2018-10-15 16:13:26,934 org.nutz.ioc.loader.annotation.AnnotationIocLoader.addClass(AnnotationIocLoader.java:76) - Found @IocBean : class cn.wizzer.app.web.modules.controllers.platform.sys.SysDictController
[DEBUG] 2018-10-15 16:13:26,934 org.nutz.ioc.loader.annotation.AnnotationIocLoader.addClass(AnnotationIocLoader.java:76) - Found @IocBean : class cn.wizzer.app.web.modules.controllers.platform.sys.SysHomeController
[DEBUG] 2018-10-15 16:13:26,934 org.nutz.ioc.loader.annotation.AnnotationIocLoader.addClass(AnnotationIocLoader.java:76) - Found @IocBean : class cn.wizzer.app.web.modules.controllers.platform.sys.SysLogController
[DEBUG] 2018-10-15 16:13:26,934 org.nutz.ioc.loader.annotation.AnnotationIocLoader.addClass(AnnotationIocLoader.java:76) - Found @IocBean : class cn.wizzer.app.web.modules.controllers.platform.sys.SysLoginController
[DEBUG] 2018-10-15 16:13:26,934 org.nutz.ioc.loader.annotation.AnnotationIocLoader.addClass(AnnotationIocLoader.java:76) - Found @IocBean : class cn.wizzer.app.web.modules.controllers.platform.sys.SysMenuController
[DEBUG] 2018-10-15 16:13:26,934 org.nutz.ioc.loader.annotation.AnnotationIocLoader.addClass(AnnotationIocLoader.java:76) - Found @IocBean : class cn.wizzer.app.web.modules.controllers.platform.sys.SysMobileController
[DEBUG] 2018-10-15 16:13:26,934 org.nutz.ioc.loader.annotation.AnnotationIocLoader.addClass(AnnotationIocLoader.java:76) - Found @IocBean : class cn.wizzer.app.web.modules.controllers.platform.sys.SysPluginController
[DEBUG] 2018-10-15 16:13:26,934 org.nutz.ioc.loader.annotation.AnnotationIocLoader.addClass(AnnotationIocLoader.java:76) - Found @IocBean : class cn.wizzer.app.web.modules.controllers.platform.sys.SysRegistauditController
[DEBUG] 2018-10-15 16:13:26,934 org.nutz.ioc.loader.annotation.AnnotationIocLoader.addClass(AnnotationIocLoader.java:76) - Found @IocBean : class cn.wizzer.app.web.modules.controllers.platform.sys.SysRoleController
[DEBUG] 2018-10-15 16:13:26,934 org.nutz.ioc.loader.annotation.AnnotationIocLoader.addClass(AnnotationIocLoader.java:76) - Found @IocBean : class cn.wizzer.app.web.modules.controllers.platform.sys.SysRouteController
[DEBUG] 2018-10-15 16:13:26,934 org.nutz.ioc.loader.annotation.AnnotationIocLoader.addClass(AnnotationIocLoader.java:76) - Found @IocBean : class cn.wizzer.app.web.modules.controllers.platform.sys.SysTaskController
[DEBUG] 2018-10-15 16:13:26,934 org.nutz.ioc.loader.annotation.AnnotationIocLoader.addClass(AnnotationIocLoader.java:76) - Found @IocBean : class cn.wizzer.app.web.modules.controllers.platform.sys.SysTempuserController
[DEBUG] 2018-10-15 16:13:26,934 org.nutz.ioc.loader.annotation.AnnotationIocLoader.addClass(AnnotationIocLoader.java:76) - Found @IocBean : class cn.wizzer.app.web.modules.controllers.platform.sys.SysUnitController
[DEBUG] 2018-10-15 16:13:26,935 org.nutz.ioc.loader.annotation.AnnotationIocLoader.addClass(AnnotationIocLoader.java:76) - Found @IocBean : class cn.wizzer.app.web.modules.controllers.platform.sys.SysUserController
[DEBUG] 2018-10-15 16:13:26,935 org.nutz.ioc.loader.annotation.AnnotationIocLoader.addClass(AnnotationIocLoader.java:76) - Found @IocBean : class cn.wizzer.app.web.modules.controllers.platform.sys.SysVersionController
[DEBUG] 2018-10-15 16:13:26,935 org.nutz.ioc.loader.annotation.AnnotationIocLoader.addClass(AnnotationIocLoader.java:76) - Found @IocBean : class cn.wizzer.app.web.modules.controllers.platform.sys.SysWxController
[DEBUG] 2018-10-15 16:13:26,935 org.nutz.ioc.loader.annotation.AnnotationIocLoader.addClass(AnnotationIocLoader.java:76) - Found @IocBean : class cn.wizzer.app.web.modules.controllers.platform.sys.SysWxDeptController
[DEBUG] 2018-10-15 16:13:26,935 org.nutz.ioc.loader.annotation.AnnotationIocLoader.addClass(AnnotationIocLoader.java:76) - Found @IocBean : class cn.wizzer.app.web.modules.controllers.platform.sys.SysWxUserController
[DEBUG] 2018-10-15 16:13:26,935 org.nutz.ioc.loader.annotation.AnnotationIocLoader.addClass(AnnotationIocLoader.java:76) - Found @IocBean : class cn.wizzer.app.web.modules.controllers.platform.wx.WxConfigController
[DEBUG] 2018-10-15 16:13:26,935 org.nutz.ioc.loader.annotation.AnnotationIocLoader.addClass(AnnotationIocLoader.java:76) - Found @IocBean : class cn.wizzer.app.web.modules.controllers.platform.wx.WxMassController
[DEBUG] 2018-10-15 16:13:26,935 org.nutz.ioc.loader.annotation.AnnotationIocLoader.addClass(AnnotationIocLoader.java:76) - Found @IocBean : class cn.wizzer.app.web.modules.controllers.platform.wx.WxMenuController
[DEBUG] 2018-10-15 16:13:26,935 org.nutz.ioc.loader.annotation.AnnotationIocLoader.addClass(AnnotationIocLoader.java:76) - Found @IocBean : class cn.wizzer.app.web.modules.controllers.platform.wx.WxMsgUserController
[DEBUG] 2018-10-15 16:13:26,935 org.nutz.ioc.loader.annotation.AnnotationIocLoader.addClass(AnnotationIocLoader.java:76) - Found @IocBean : class cn.wizzer.app.web.modules.controllers.platform.wx.WxPayTestController
[DEBUG] 2018-10-15 16:13:26,936 org.nutz.ioc.loader.annotation.AnnotationIocLoader.addClass(AnnotationIocLoader.java:76) - Found @IocBean : class cn.wizzer.app.web.modules.controllers.platform.wx.WxReplyController
[DEBUG] 2018-10-15 16:13:26,936 org.nutz.ioc.loader.annotation.AnnotationIocLoader.addClass(AnnotationIocLoader.java:76) - Found @IocBean : class cn.wizzer.app.web.modules.controllers.platform.wx.WxReplyNewsController
[DEBUG] 2018-10-15 16:13:26,936 org.nutz.ioc.loader.annotation.AnnotationIocLoader.addClass(AnnotationIocLoader.java:76) - Found @IocBean : class cn.wizzer.app.web.modules.controllers.platform.wx.WxReplyTxtController
[DEBUG] 2018-10-15 16:13:26,936 org.nutz.ioc.loader.annotation.AnnotationIocLoader.addClass(AnnotationIocLoader.java:76) - Found @IocBean : class cn.wizzer.app.web.modules.controllers.platform.wx.WxTplIdController
[DEBUG] 2018-10-15 16:13:26,936 org.nutz.ioc.loader.annotation.AnnotationIocLoader.addClass(AnnotationIocLoader.java:76) - Found @IocBean : class cn.wizzer.app.web.modules.controllers.platform.wx.WxTplListController
[DEBUG] 2018-10-15 16:13:26,936 org.nutz.ioc.loader.annotation.AnnotationIocLoader.addClass(AnnotationIocLoader.java:76) - Found @IocBean : class cn.wizzer.app.web.modules.controllers.platform.wx.WxTplLogController
[DEBUG] 2018-10-15 16:13:26,936 org.nutz.ioc.loader.annotation.AnnotationIocLoader.addClass(AnnotationIocLoader.java:76) - Found @IocBean : class cn.wizzer.app.web.modules.controllers.platform.wx.WxUserController
[DEBUG] 2018-10-15 16:13:26,936 org.nutz.ioc.loader.annotation.AnnotationIocLoader.addClass(AnnotationIocLoader.java:76) - Found @IocBean : class cn.wizzer.app.wx.modules.services.impl.WxConfigServiceImpl
[DEBUG] 2018-10-15 16:13:26,936 org.nutz.ioc.loader.annotation.AnnotationIocLoader.addClass(AnnotationIocLoader.java:76) - Found @IocBean : class cn.wizzer.app.wx.modules.services.impl.WxMassNewsServiceImpl
[DEBUG] 2018-10-15 16:13:26,936 org.nutz.ioc.loader.annotation.AnnotationIocLoader.addClass(AnnotationIocLoader.java:76) - Found @IocBean : class cn.wizzer.app.wx.modules.services.impl.WxMassSendServiceImpl
[DEBUG] 2018-10-15 16:13:26,936 org.nutz.ioc.loader.annotation.AnnotationIocLoader.addClass(AnnotationIocLoader.java:76) - Found @IocBean : class cn.wizzer.app.wx.modules.services.impl.WxMassServiceImpl
[DEBUG] 2018-10-15 16:13:26,937 org.nutz.ioc.loader.annotation.AnnotationIocLoader.addClass(AnnotationIocLoader.java:76) - Found @IocBean : class cn.wizzer.app.wx.modules.services.impl.WxMenuServiceImpl
[DEBUG] 2018-10-15 16:13:26,937 org.nutz.ioc.loader.annotation.AnnotationIocLoader.addClass(AnnotationIocLoader.java:76) - Found @IocBean : class cn.wizzer.app.wx.modules.services.impl.WxMsgReplyServiceImpl
[DEBUG] 2018-10-15 16:13:26,937 org.nutz.ioc.loader.annotation.AnnotationIocLoader.addClass(AnnotationIocLoader.java:76) - Found @IocBean : class cn.wizzer.app.wx.modules.services.impl.WxMsgServiceImpl
[DEBUG] 2018-10-15 16:13:26,937 org.nutz.ioc.loader.annotation.AnnotationIocLoader.addClass(AnnotationIocLoader.java:76) - Found @IocBean : class cn.wizzer.app.wx.modules.services.impl.WxReplyNewsServiceImpl
[DEBUG] 2018-10-15 16:13:26,937 org.nutz.ioc.loader.annotation.AnnotationIocLoader.addClass(AnnotationIocLoader.java:76) - Found @IocBean : class cn.wizzer.app.wx.modules.services.impl.WxReplyServiceImpl
[DEBUG] 2018-10-15 16:13:26,937 org.nutz.ioc.loader.annotation.AnnotationIocLoader.addClass(AnnotationIocLoader.java:76) - Found @IocBean : class cn.wizzer.app.wx.modules.services.impl.WxReplyTxtServiceImpl
[DEBUG] 2018-10-15 16:13:26,937 org.nutz.ioc.loader.annotation.AnnotationIocLoader.addClass(AnnotationIocLoader.java:76) - Found @IocBean : class cn.wizzer.app.wx.modules.services.impl.WxTplIdServiceImpl
[DEBUG] 2018-10-15 16:13:26,937 org.nutz.ioc.loader.annotation.AnnotationIocLoader.addClass(AnnotationIocLoader.java:76) - Found @IocBean : class cn.wizzer.app.wx.modules.services.impl.WxTplListServiceImpl
[DEBUG] 2018-10-15 16:13:26,937 org.nutz.ioc.loader.annotation.AnnotationIocLoader.addClass(AnnotationIocLoader.java:76) - Found @IocBean : class cn.wizzer.app.wx.modules.services.impl.WxTplLogServiceImpl
[DEBUG] 2018-10-15 16:13:26,937 org.nutz.ioc.loader.annotation.AnnotationIocLoader.addClass(AnnotationIocLoader.java:76) - Found @IocBean : class cn.wizzer.app.wx.modules.services.impl.WxUserServiceImpl
[DEBUG] 2018-10-15 16:13:26,937 org.nutz.ioc.loader.annotation.AnnotationIocLoader.addClass(AnnotationIocLoader.java:76) - Found @IocBean : class cn.wizzer.test.SimpleTest
[DEBUG] 2018-10-15 16:13:26,939 org.nutz.resource.Scans.scan(Scans.java:274) - Found 0 resource by src( org/nutz/apidoc/ ) , regex( ^.+[.]class$ )
[INFO ] 2018-10-15 16:13:26,939 org.nutz.ioc.loader.annotation.AnnotationIocLoader.<init>(AnnotationIocLoader.java:52) - Found 204 classes in 2 base-packages!
beans = ["wxTplListController", "uploadController", "wxReplyTxtServiceImpl", "logisticsSendplanController", "baseJobServiceImpl", "dateUtil", "qrcodeService", "logisticsSendgoodsServiceImpl", "logisticsOrderentryController", "insLockController", "baseRowofficeentryServiceImpl", "cmsChannelServiceImpl", "insBaseinsServiceImpl", "orderExecute", "cmsArticleController", "basePostController", "baseAirmeterialServiceImpl", "basePersonController", "logisticsOrderplanServiceImpl", "cmsLinkClassController", "basePostServiceImpl", "baseRowofficeServiceImpl", "baseJobController", "baseRowofficeController", "wxReplyController", "insRepairController", "sysConfigServiceImpl", "basePersonpoolController", "baseVehicleController", "wxMsgServiceImpl", "wxPayBackController", "logisticsUnplanController", "mobileInsController", "sysTaskController", "sysBarcodeController", "insTransmitController", "sysDictServiceImpl", "wxConfigServiceImpl", "baseAirportServiceImpl", "apiTestController", "sysMenuController", "cmsSiteServiceImpl", "mobileSysController", "cmsLinkController", "insCommonController", "logisticsOrderplanentryServiceImpl", "insInstrumentController", "sysRegistauditServiceImpl", "insLockServiceImpl", "insOrderController", "wechatController", "wxMsgUserController", "sysDictController", "sysWxUserController", "logisticsDeliveryorderentryController", "basePersonServiceImpl", "insOrderentryServiceImpl", "insRepairtrackController", "insInstrumentServiceImpl", "logisticsSendapprovalServiceImpl", "logisticsOrderdeliveryController", "wxTplListServiceImpl", "tplService", "sysPluginServiceImpl", "insRfheadController", "logisticsSendgoodsController", "mobileBaseController", "baseCnctobjServiceImpl", "nutShiroMethodInterceptor", "insCabinetServiceImpl", "basePlaceServiceImpl", "baseVehicleServiceImpl", "cmsLinkClassServiceImpl", "sysHomeController", "insRfheadServiceImpl", "sysMobileController", "wxMassServiceImpl", "logisticsOrderentryServiceImpl", "logisticsSendplanServiceImpl", "logisticsOrderrejectServiceImpl", "wxHandler", "cmsChannelController", "wxController", "rabbitProducer", "sysTaskServiceImpl", "sysVersionController", "shiroUtil", "wxReplyTxtController", "sysPluginController", "logisticsSendtraceController", "sysApiServiceImpl", "logisticsEntourageServiceImpl", "sLogService", "baseAirportController", "sysApiController", "wxTplIdController", "insSpaceServiceImpl", "logisticsOrderController", "sysTempuserController", "sysUserController", "platformAuthorizingRealm", "testJob", "$aop_1_plugin", "sysRegistauditController", "wxReplyNewsServiceImpl", "insTransmitServiceImpl", "sysLoginController", "wxTplLogServiceImpl", "sysUserServiceImpl", "sysRoleServiceImpl", "sysRouteController", "idcardUtil", "basePlaceController", "sysWxDeptController", "logisticsOrderplanentryController", "userpermissionController", "sysWxServiceImpl", "cmsController", "logisticsSendtraceServiceImpl", "insOrderentryController", "logisticsSendapprovalController", "wxMenuController", "insOrderServiceImpl", "weixinController", "code128Util", "insRepairServiceImpl", "logisticsOrderplanController", "wxMsgReplyServiceImpl", "logisticsOrderdeliveryServiceImpl", "cmsArticleServiceImpl", "baseCnctobjController", "baseCustomerController", "insBaseinsController", "insRfidServiceImpl", "cookieUtil", "baseRowofficeentryController", "logisticsOrderstepServiceImpl", "wxReplyServiceImpl", "bdController", "redisIdGenerator", "insBaseinsSpaceServiceImpl", "cmsSiteController", "logisticsDeliveryorderServiceImpl", "insCabinetController", "logisticsOrderServiceImpl", "sysWxDeptServiceImpl", "sysWxController", "mobileOrderController", "sysRoleController", "logisticsEntourageController", "insCommonServiceImpl", "sysUnitController", "padInsController", "wxMassSendServiceImpl", "logisticsDeliveryorderController", "rSAUtil", "wxConfigController", "stringUtil", "baseCustomerServiceImpl", "basePersonpoolServiceImpl", "insBaseinsSpaceController", "wxUserServiceImpl", "insSpaceController", "sysTempuserServiceImpl", "baseWarehouseServiceImpl", "insToolcabinetController", "sysWxUserServiceImpl", "dynamicInterceptor", "sysLogController", "wxMassController", "emailService", "baseWarehouseController", "insToolcabinetServiceImpl", "wxMenuServiceImpl", "wxReplyNewsController", "baseDeptServiceImpl", "sysRouteServiceImpl", "insRepairtrackServiceImpl", "wxMassNewsServiceImpl", "baseAirmeterialController", "sysMenuServiceImpl", "sysMobileServiceImpl", "simpleTest", "logisticsOrderstepController", "sysLogServiceImpl", "logisticsUnplanServiceImpl", "wxTplIdServiceImpl", "logisticsDeliveryorderentryServiceImpl", "$aop_syslog", "padSysController", "baseDeptController", "logisticsOrderrejectController", "padOrderController", "sysBarcodeServiceImpl", "wxTplLogController", "wxUserController", "wxPayTestController", "tokenController", "sysVersionServiceImpl", "cmsLinkServiceImpl", "sysUnitServiceImpl", "insRfidController", "sysConfController", "pluginMaster"]
[DEBUG] 2018-10-15 16:13:26,940 org.nutz.ioc.loader.combo.ComboIocLoader.createIocLoader(ComboIocLoader.java:110) - found jedis -- org.nutz.integration.jedis.JedisIocLoader
[DEBUG] 2018-10-15 16:13:26,941 org.nutz.resource.Scans.scan(Scans.java:274) - Found 1 resource by src( org/nutz/integration/jedis/jedis.js ) , regex( ^(.+[.])(js|json)$ )
[DEBUG] 2018-10-15 16:13:26,941 org.nutz.ioc.loader.json.JsonLoader.<init>(JsonLoader.java:49) - loading [org/nutz/integration/jedis/jedis.js]
[DEBUG] 2018-10-15 16:13:26,942 org.nutz.ioc.loader.json.JsonLoader.<init>(JsonLoader.java:57) - Loaded 9 bean define from path=[org/nutz/integration/jedis/jedis.js] --> [redisService, jedisCluster, jedisClusterNodes, jedisClusterWrapper, pubSubService, jedisPoolConfig, jedisPool, jedisAgent, redis]
[DEBUG] 2018-10-15 16:13:26,942 org.nutz.ioc.loader.json.JsonLoader.<init>(JsonLoader.java:40) - Loaded 5 bean define from reader --
[txREPEATABLE_READ, txSERIALIZABLE, txNONE, txREAD_UNCOMMITTED, txREAD_COMMITTED]
[DEBUG] 2018-10-15 16:13:26,943 org.nutz.ioc.loader.combo.ComboIocLoader.createIocLoader(ComboIocLoader.java:110) - found quartz -- org.nutz.integration.quartz.QuartzIocLoader
[DEBUG] 2018-10-15 16:13:26,943 org.nutz.ioc.loader.json.JsonLoader.<init>(JsonLoader.java:57) - Loaded 0 bean define from path=[] --> []
[DEBUG] 2018-10-15 16:13:26,944 org.nutz.ioc.aop.SimpleAopMaker.<init>(SimpleAopMaker.java:79) - Load AopConfigure for anno=org.nutz.aop.interceptor.async.Async by type=org.nutz.aop.interceptor.async.AsyncAopIocLoader
[DEBUG] 2018-10-15 16:13:26,945 org.nutz.ioc.loader.combo.ComboIocLoader.createIocLoader(ComboIocLoader.java:110) - found rabbitmq -- org.nutz.integration.rabbitmq.RabbitmqIocLoader
[DEBUG] 2018-10-15 16:13:26,946 org.nutz.resource.Scans.scan(Scans.java:274) - Found 1 resource by src( org/nutz/integration/rabbitmq/rabbitmq.js ) , regex( ^(.+[.])(js|json)$ )
[DEBUG] 2018-10-15 16:13:26,946 org.nutz.ioc.loader.json.JsonLoader.<init>(JsonLoader.java:49) - loading [org/nutz/integration/rabbitmq/rabbitmq.js]
[DEBUG] 2018-10-15 16:13:26,947 org.nutz.ioc.loader.json.JsonLoader.<init>(JsonLoader.java:57) - Loaded 2 bean define from path=[org/nutz/integration/rabbitmq/rabbitmq.js] --> [rabbitmq, rabbitmq_cf]
[INFO ] 2018-10-15 16:13:26,947 org.nutz.ioc.impl.NutIoc.<init>(NutIoc.java:98) - NutIoc init begin ...
[INFO ] 2018-10-15 16:13:26,947 org.nutz.ioc.impl.NutIoc.<init>(NutIoc.java:115) - ... NutIoc init complete
[DEBUG] 2018-10-15 16:13:26,947 org.nutz.ioc.impl.NutIoc.get(NutIoc.java:151) - Get 'conf'<class org.nutz.ioc.impl.PropertiesProxy>
[DEBUG] 2018-10-15 16:13:26,948 org.nutz.ioc.impl.NutIoc.get(NutIoc.java:151) - Get '$aop_1_plugin'<interface org.nutz.ioc.aop.config.AopConfigration>
[DEBUG] 2018-10-15 16:13:26,948 org.nutz.ioc.impl.NutIoc.get(NutIoc.java:177) - 	 >> Load definition name=$aop_1_plugin
[DEBUG] 2018-10-15 16:13:26,948 org.nutz.ioc.loader.combo.ComboIocLoader.load(ComboIocLoader.java:161) - Found IocObject($aop_1_plugin) in AnnotationIocLoader(packages=[cn.wizzer, org.nutz.apidoc])
[DEBUG] 2018-10-15 16:13:26,948 org.nutz.ioc.impl.NutIoc.get(NutIoc.java:209) - 	 >> Make...'$aop_1_plugin'<interface org.nutz.ioc.aop.config.AopConfigration>
[DEBUG] 2018-10-15 16:13:26,948 org.nutz.ioc.impl.ScopeContext.save(ScopeContext.java:64) - Save object '$aop_1_plugin' to [app] 
[DEBUG] 2018-10-15 16:13:26,948 org.nutz.ioc.impl.NutIoc.get(NutIoc.java:151) - Get 'dynamicInterceptor'<class cn.wizzer.app.web.commons.plugin.DynamicInterceptor>
[DEBUG] 2018-10-15 16:13:26,948 org.nutz.ioc.impl.NutIoc.get(NutIoc.java:177) - 	 >> Load definition name=dynamicInterceptor
[DEBUG] 2018-10-15 16:13:26,948 org.nutz.ioc.loader.combo.ComboIocLoader.load(ComboIocLoader.java:161) - Found IocObject(dynamicInterceptor) in AnnotationIocLoader(packages=[cn.wizzer, org.nutz.apidoc])
[DEBUG] 2018-10-15 16:13:26,948 org.nutz.ioc.impl.NutIoc.get(NutIoc.java:209) - 	 >> Make...'dynamicInterceptor'<class cn.wizzer.app.web.commons.plugin.DynamicInterceptor>
[DEBUG] 2018-10-15 16:13:26,948 org.nutz.ioc.impl.ScopeContext.save(ScopeContext.java:64) - Save object 'dynamicInterceptor' to [app] 
[DEBUG] 2018-10-15 16:13:26,948 org.nutz.ioc.impl.NutIoc.get(NutIoc.java:151) - Get '$aop_async'<interface org.nutz.ioc.aop.config.AopConfigration>
[DEBUG] 2018-10-15 16:13:26,949 org.nutz.ioc.impl.NutIoc.get(NutIoc.java:177) - 	 >> Load definition name=$aop_async
[DEBUG] 2018-10-15 16:13:26,949 org.nutz.ioc.loader.combo.ComboIocLoader.load(ComboIocLoader.java:161) - Found IocObject($aop_async) in AsyncAopIocLoader@638169719
[DEBUG] 2018-10-15 16:13:26,949 org.nutz.ioc.impl.NutIoc.get(NutIoc.java:209) - 	 >> Make...'$aop_async'<interface org.nutz.ioc.aop.config.AopConfigration>
[DEBUG] 2018-10-15 16:13:26,949 org.nutz.ioc.impl.ScopeContext.save(ScopeContext.java:64) - Save object '$aop_async' to [app] 
[DEBUG] 2018-10-15 16:13:26,949 org.nutz.ioc.impl.NutIoc.get(NutIoc.java:151) - Get '$aop_syslog'<interface org.nutz.ioc.aop.config.AopConfigration>
[DEBUG] 2018-10-15 16:13:26,949 org.nutz.ioc.impl.NutIoc.get(NutIoc.java:177) - 	 >> Load definition name=$aop_syslog
[DEBUG] 2018-10-15 16:13:26,949 org.nutz.ioc.loader.combo.ComboIocLoader.load(ComboIocLoader.java:161) - Found IocObject($aop_syslog) in AnnotationIocLoader(packages=[cn.wizzer, org.nutz.apidoc])
[DEBUG] 2018-10-15 16:13:26,949 org.nutz.ioc.impl.NutIoc.get(NutIoc.java:209) - 	 >> Make...'$aop_syslog'<interface org.nutz.ioc.aop.config.AopConfigration>
[DEBUG] 2018-10-15 16:13:26,949 org.nutz.ioc.impl.ScopeContext.save(ScopeContext.java:64) - Save object '$aop_syslog' to [app] 
[DEBUG] 2018-10-15 16:13:26,949 org.nutz.ioc.aop.SimpleAopMaker.<init>(SimpleAopMaker.java:79) - Load AopConfigure for anno=cn.wizzer.app.web.commons.slog.annotation.SLog by type=cn.wizzer.app.web.commons.slog.SLogAopConfigration
[DEBUG] 2018-10-15 16:13:26,949 org.nutz.ioc.aop.SimpleAopMaker.<init>(SimpleAopMaker.java:79) - Load AopConfigure for anno=org.nutz.ioc.aop.Aop by type=org.nutz.ioc.aop.config.impl.AnnotationAopConfigration
[DEBUG] 2018-10-15 16:13:26,949 org.nutz.ioc.impl.NutIoc.get(NutIoc.java:177) - 	 >> Load definition name=conf
[DEBUG] 2018-10-15 16:13:26,950 org.nutz.ioc.loader.map.MapLoader.load(MapLoader.java:67) - Loading define for name=conf
[DEBUG] 2018-10-15 16:13:26,950 org.nutz.ioc.loader.combo.ComboIocLoader.load(ComboIocLoader.java:161) - Found IocObject(conf) in JsonLoader(paths=[config/ioc/])
[DEBUG] 2018-10-15 16:13:26,950 org.nutz.ioc.impl.NutIoc.get(NutIoc.java:209) - 	 >> Make...'conf'<class org.nutz.ioc.impl.PropertiesProxy>
[DEBUG] 2018-10-15 16:13:26,950 cn.wizzer.app.web.commons.plugin.PluginAopConfigure.getInterceptorPairList(PluginAopConfigure.java:33) - skip -- org.nutz.ioc.impl.PropertiesProxy
[DEBUG] 2018-10-15 16:13:26,950 org.nutz.ioc.aop.impl.DefaultMirrorFactory.getMirror(DefaultMirrorFactory.java:70) - Load class org.nutz.ioc.impl.PropertiesProxy without AOP
[DEBUG] 2018-10-15 16:13:26,950 org.nutz.ioc.impl.ScopeContext.save(ScopeContext.java:64) - Save object 'conf' to [app] 
[DEBUG] 2018-10-15 16:13:26,952 org.nutz.resource.Scans.scan(Scans.java:274) - Found 4 resource by src( config/custom/ ) , regex( ^.+[.]properties$ )
[DEBUG] 2018-10-15 16:13:26,952 org.nutz.ioc.impl.PropertiesProxy.setPaths(PropertiesProxy.java:113) - load properties from File[C:\Users\Administrator\IdeaProjects\XA-Instrument\wk-app\wk-web\target\classes\config\custom\db.properties]
[DEBUG] 2018-10-15 16:13:26,953 org.nutz.ioc.impl.PropertiesProxy.setPaths(PropertiesProxy.java:113) - load properties from File[C:\Users\Administrator\IdeaProjects\XA-Instrument\wk-app\wk-web\target\classes\config\custom\mail.properties]
[DEBUG] 2018-10-15 16:13:26,953 org.nutz.ioc.impl.PropertiesProxy.setPaths(PropertiesProxy.java:113) - load properties from File[C:\Users\Administrator\IdeaProjects\XA-Instrument\wk-app\wk-web\target\classes\config\custom\rabbit.properties]
[DEBUG] 2018-10-15 16:13:26,954 org.nutz.ioc.impl.PropertiesProxy.setPaths(PropertiesProxy.java:113) - load properties from File[C:\Users\Administrator\IdeaProjects\XA-Instrument\wk-app\wk-web\target\classes\config\custom\redis.properties]
[DEBUG] 2018-10-15 16:13:26,954 org.nutz.ioc.impl.NutIoc.get(NutIoc.java:151) - Get 'simpleTest'<class cn.wizzer.test.SimpleTest>
[DEBUG] 2018-10-15 16:13:26,954 org.nutz.ioc.impl.NutIoc.get(NutIoc.java:177) - 	 >> Load definition name=simpleTest
[DEBUG] 2018-10-15 16:13:26,954 org.nutz.ioc.loader.combo.ComboIocLoader.load(ComboIocLoader.java:161) - Found IocObject(simpleTest) in AnnotationIocLoader(packages=[cn.wizzer, org.nutz.apidoc])
[DEBUG] 2018-10-15 16:13:26,954 org.nutz.ioc.impl.NutIoc.get(NutIoc.java:209) - 	 >> Make...'simpleTest'<class cn.wizzer.test.SimpleTest>
[DEBUG] 2018-10-15 16:13:26,954 cn.wizzer.app.web.commons.plugin.PluginAopConfigure.getInterceptorPairList(PluginAopConfigure.java:33) - skip -- cn.wizzer.test.SimpleTest
[DEBUG] 2018-10-15 16:13:26,954 org.nutz.ioc.aop.impl.DefaultMirrorFactory.getMirror(DefaultMirrorFactory.java:70) - Load class cn.wizzer.test.SimpleTest without AOP
[DEBUG] 2018-10-15 16:13:26,955 org.nutz.ioc.impl.ScopeContext.save(ScopeContext.java:64) - Save object 'simpleTest' to [app] 
[DEBUG] 2018-10-15 16:13:26,956 org.nutz.ioc.impl.NutIoc.get(NutIoc.java:151) - Get 'dao'<interface org.nutz.dao.Dao>
[DEBUG] 2018-10-15 16:13:26,957 org.nutz.ioc.impl.NutIoc.get(NutIoc.java:177) - 	 >> Load definition name=dao
[DEBUG] 2018-10-15 16:13:26,957 org.nutz.ioc.loader.map.MapLoader.load(MapLoader.java:67) - Loading define for name=dao
[DEBUG] 2018-10-15 16:13:26,957 org.nutz.ioc.loader.combo.ComboIocLoader.load(ComboIocLoader.java:161) - Found IocObject(dao) in JsonLoader(paths=[config/ioc/])
[DEBUG] 2018-10-15 16:13:26,957 org.nutz.ioc.impl.NutIoc.get(NutIoc.java:209) - 	 >> Make...'dao'<interface org.nutz.dao.Dao>
[DEBUG] 2018-10-15 16:13:26,957 cn.wizzer.app.web.commons.plugin.PluginAopConfigure.getInterceptorPairList(PluginAopConfigure.java:33) - skip -- org.nutz.dao.impl.NutDao
[DEBUG] 2018-10-15 16:13:26,957 org.nutz.ioc.aop.impl.DefaultMirrorFactory.getMirror(DefaultMirrorFactory.java:70) - Load class org.nutz.dao.impl.NutDao without AOP
[DEBUG] 2018-10-15 16:13:26,958 org.nutz.ioc.impl.ScopeContext.save(ScopeContext.java:64) - Save object 'dao' to [app] 
[DEBUG] 2018-10-15 16:13:26,958 org.nutz.ioc.impl.NutIoc.get(NutIoc.java:151) - Get 'dataSource'<>
[DEBUG] 2018-10-15 16:13:26,958 org.nutz.ioc.impl.NutIoc.get(NutIoc.java:177) - 	 >> Load definition name=dataSource
[DEBUG] 2018-10-15 16:13:26,958 org.nutz.ioc.loader.map.MapLoader.load(MapLoader.java:67) - Loading define for name=dataSource
[DEBUG] 2018-10-15 16:13:26,958 org.nutz.ioc.loader.combo.ComboIocLoader.load(ComboIocLoader.java:161) - Found IocObject(dataSource) in JsonLoader(paths=[config/ioc/])
[DEBUG] 2018-10-15 16:13:26,958 org.nutz.ioc.impl.NutIoc.get(NutIoc.java:209) - 	 >> Make...'dataSource'<>
[DEBUG] 2018-10-15 16:13:26,958 cn.wizzer.app.web.commons.plugin.PluginAopConfigure.getInterceptorPairList(PluginAopConfigure.java:33) - skip -- com.alibaba.druid.pool.DruidDataSource
[DEBUG] 2018-10-15 16:13:26,958 org.nutz.ioc.aop.impl.DefaultMirrorFactory.getMirror(DefaultMirrorFactory.java:70) - Load class com.alibaba.druid.pool.DruidDataSource without AOP
[DEBUG] 2018-10-15 16:13:26,958 org.nutz.ioc.impl.ScopeContext.save(ScopeContext.java:64) - Save object 'dataSource' to [app] 
[DEBUG] 2018-10-15 16:13:26,958 org.nutz.ioc.impl.NutIoc.get(NutIoc.java:151) - Get 'conf'<>
[DEBUG] 2018-10-15 16:13:26,960 org.nutz.ioc.impl.ScopeContext.remove(ScopeContext.java:84) - Remove object 'dataSource' from [app] 
[DEBUG] 2018-10-15 16:13:26,960 org.nutz.ioc.impl.ScopeContext.remove(ScopeContext.java:84) - Remove object 'dao' from [app] 
[DEBUG] 2018-10-15 16:13:26,960 org.nutz.ioc.impl.ScopeContext.remove(ScopeContext.java:84) - Remove object 'simpleTest' from [app] 
]]></system-out>
  </testcase>
  <testcase name="testOrder9" classname="cn.wizzer.test.SimpleTest" time="0">
    <error message="IocBean[simpleTest] throw Exception when creating" type="org.nutz.ioc.IocException">org.nutz.ioc.IocException: IocBean[simpleTest] throw Exception when creating
Caused by: java.lang.RuntimeException: IocBean[simpleTest] fail at field=[dao]
Caused by: org.nutz.ioc.IocException: IocBean[dao -> dataSource] throw Exception when creating
Caused by: java.lang.IllegalArgumentException: Failed to decrypt.
Caused by: java.lang.IllegalArgumentException: String length must be a multiple of four.
</error>
    <system-out><![CDATA[[INFO ] 2018-10-15 16:13:26,961 org.nutz.ioc.impl.NutIoc.depose(NutIoc.java:255) - org.nutz.ioc.impl.NutIoc@533810548 is closing. startup date [18-10-15 16:13:26.947]
[DEBUG] 2018-10-15 16:13:26,961 org.nutz.ioc.impl.ScopeContext.clear(ScopeContext.java:108) - Depose object 'conf' ...
[DEBUG] 2018-10-15 16:13:26,961 org.nutz.ioc.impl.ScopeContext.clear(ScopeContext.java:108) - Depose object '$aop_syslog' ...
[DEBUG] 2018-10-15 16:13:26,961 org.nutz.ioc.impl.ScopeContext.clear(ScopeContext.java:108) - Depose object '$aop_async' ...
[DEBUG] 2018-10-15 16:13:26,961 org.nutz.ioc.impl.ScopeContext.clear(ScopeContext.java:108) - Depose object 'dynamicInterceptor' ...
[DEBUG] 2018-10-15 16:13:26,961 org.nutz.ioc.impl.ScopeContext.clear(ScopeContext.java:108) - Depose object '$aop_1_plugin' ...
[INFO ] 2018-10-15 16:13:26,961 org.nutz.ioc.impl.NutIoc.depose(NutIoc.java:262) - org.nutz.ioc.impl.NutIoc@533810548 is deposed. startup date [18-10-15 16:13:26.947]
[DEBUG] 2018-10-15 16:13:26,964 org.nutz.resource.Scans.scan(Scans.java:274) - Found 4 resource by src( config/ioc/ ) , regex( ^(.+[.])(js|json)$ )
[DEBUG] 2018-10-15 16:13:26,964 org.nutz.ioc.loader.json.JsonLoader.<init>(JsonLoader.java:49) - loading [dao.json]
[DEBUG] 2018-10-15 16:13:26,964 org.nutz.ioc.loader.json.JsonLoader.<init>(JsonLoader.java:49) - loading [ehcache.json]
[DEBUG] 2018-10-15 16:13:26,964 org.nutz.ioc.loader.json.JsonLoader.<init>(JsonLoader.java:49) - loading [mail.json]
[DEBUG] 2018-10-15 16:13:26,965 org.nutz.ioc.loader.json.JsonLoader.<init>(JsonLoader.java:49) - loading [upload.json]
[DEBUG] 2018-10-15 16:13:26,965 org.nutz.ioc.loader.json.JsonLoader.<init>(JsonLoader.java:57) - Loaded 15 bean define from path=[config/ioc/] --> [videoUpload, conf, uploadVideoContext, imageUpload, fileUpload, cacheManager, dao, cacheProvider, emailAuthenticator, uploadFileContext, htmlEmail, cacheExecutor, tmpFilePool, uploadImageContext, dataSource]
[DEBUG] 2018-10-15 16:13:27,122 org.nutz.resource.Scans.scan(Scans.java:274) - Found 452 resource by src( cn/wizzer/ ) , regex( ^.+[.]class$ )
[DEBUG] 2018-10-15 16:13:27,124 org.nutz.ioc.loader.annotation.AnnotationIocLoader.addClass(AnnotationIocLoader.java:76) - Found @IocBean : class cn.wizzer.framework.util.StringUtil
[DEBUG] 2018-10-15 16:13:27,124 org.nutz.ioc.loader.annotation.AnnotationIocLoader.addClass(AnnotationIocLoader.java:76) - Found @IocBean : class cn.wizzer.framework.util.CookieUtil
[DEBUG] 2018-10-15 16:13:27,124 org.nutz.ioc.loader.annotation.AnnotationIocLoader.addClass(AnnotationIocLoader.java:76) - Found @IocBean : class cn.wizzer.framework.ig.RedisIdGenerator
[DEBUG] 2018-10-15 16:13:27,124 org.nutz.ioc.loader.annotation.AnnotationIocLoader.addClass(AnnotationIocLoader.java:76) - Found @IocBean : class cn.wizzer.framework.util.DateUtil
[DEBUG] 2018-10-15 16:13:27,124 org.nutz.ioc.loader.annotation.AnnotationIocLoader.addClass(AnnotationIocLoader.java:76) - Found @IocBean : class cn.wizzer.framework.shiro.interceptor.NutShiroMethodInterceptor
[DEBUG] 2018-10-15 16:13:27,125 org.nutz.ioc.loader.annotation.AnnotationIocLoader.addClass(AnnotationIocLoader.java:76) - Found @IocBean : class cn.wizzer.framework.util.IdcardUtil
[DEBUG] 2018-10-15 16:13:27,125 org.nutz.ioc.loader.annotation.AnnotationIocLoader.addClass(AnnotationIocLoader.java:76) - Found @IocBean : class cn.wizzer.framework.rabbit.RabbitProducer
[DEBUG] 2018-10-15 16:13:27,125 org.nutz.ioc.loader.annotation.AnnotationIocLoader.addClass(AnnotationIocLoader.java:76) - Found @IocBean : class cn.wizzer.framework.util.RSAUtil
[DEBUG] 2018-10-15 16:13:27,125 org.nutz.ioc.loader.annotation.AnnotationIocLoader.addClass(AnnotationIocLoader.java:76) - Found @IocBean : class cn.wizzer.framework.util.ShiroUtil
[DEBUG] 2018-10-15 16:13:27,125 org.nutz.ioc.loader.annotation.AnnotationIocLoader.addClass(AnnotationIocLoader.java:76) - Found @IocBean : class cn.wizzer.framework.util.Code128Util
[DEBUG] 2018-10-15 16:13:27,125 org.nutz.ioc.loader.annotation.AnnotationIocLoader.addClass(AnnotationIocLoader.java:76) - Found @IocBean : class cn.wizzer.app.base.modules.services.impl.BaseAirmeterialServiceImpl
[DEBUG] 2018-10-15 16:13:27,125 org.nutz.ioc.loader.annotation.AnnotationIocLoader.addClass(AnnotationIocLoader.java:76) - Found @IocBean : class cn.wizzer.app.base.modules.services.impl.BaseAirportServiceImpl
[DEBUG] 2018-10-15 16:13:27,125 org.nutz.ioc.loader.annotation.AnnotationIocLoader.addClass(AnnotationIocLoader.java:76) - Found @IocBean : class cn.wizzer.app.base.modules.services.impl.BaseCnctobjServiceImpl
[DEBUG] 2018-10-15 16:13:27,125 org.nutz.ioc.loader.annotation.AnnotationIocLoader.addClass(AnnotationIocLoader.java:76) - Found @IocBean : class cn.wizzer.app.base.modules.services.impl.BaseCustomerServiceImpl
[DEBUG] 2018-10-15 16:13:27,126 org.nutz.ioc.loader.annotation.AnnotationIocLoader.addClass(AnnotationIocLoader.java:76) - Found @IocBean : class cn.wizzer.app.base.modules.services.impl.BaseDeptServiceImpl
[DEBUG] 2018-10-15 16:13:27,126 org.nutz.ioc.loader.annotation.AnnotationIocLoader.addClass(AnnotationIocLoader.java:76) - Found @IocBean : class cn.wizzer.app.base.modules.services.impl.BaseJobServiceImpl
[DEBUG] 2018-10-15 16:13:27,126 org.nutz.ioc.loader.annotation.AnnotationIocLoader.addClass(AnnotationIocLoader.java:76) - Found @IocBean : class cn.wizzer.app.base.modules.services.impl.BasePersonpoolServiceImpl
[DEBUG] 2018-10-15 16:13:27,126 org.nutz.ioc.loader.annotation.AnnotationIocLoader.addClass(AnnotationIocLoader.java:76) - Found @IocBean : class cn.wizzer.app.base.modules.services.impl.BasePersonServiceImpl
[DEBUG] 2018-10-15 16:13:27,126 org.nutz.ioc.loader.annotation.AnnotationIocLoader.addClass(AnnotationIocLoader.java:76) - Found @IocBean : class cn.wizzer.app.base.modules.services.impl.BasePlaceServiceImpl
[DEBUG] 2018-10-15 16:13:27,126 org.nutz.ioc.loader.annotation.AnnotationIocLoader.addClass(AnnotationIocLoader.java:76) - Found @IocBean : class cn.wizzer.app.base.modules.services.impl.BasePostServiceImpl
[DEBUG] 2018-10-15 16:13:27,126 org.nutz.ioc.loader.annotation.AnnotationIocLoader.addClass(AnnotationIocLoader.java:76) - Found @IocBean : class cn.wizzer.app.base.modules.services.impl.BaseRowofficeentryServiceImpl
[DEBUG] 2018-10-15 16:13:27,126 org.nutz.ioc.loader.annotation.AnnotationIocLoader.addClass(AnnotationIocLoader.java:76) - Found @IocBean : class cn.wizzer.app.base.modules.services.impl.BaseRowofficeServiceImpl
[DEBUG] 2018-10-15 16:13:27,126 org.nutz.ioc.loader.annotation.AnnotationIocLoader.addClass(AnnotationIocLoader.java:76) - Found @IocBean : class cn.wizzer.app.base.modules.services.impl.BaseVehicleServiceImpl
[DEBUG] 2018-10-15 16:13:27,127 org.nutz.ioc.loader.annotation.AnnotationIocLoader.addClass(AnnotationIocLoader.java:76) - Found @IocBean : class cn.wizzer.app.base.modules.services.impl.BaseWarehouseServiceImpl
[DEBUG] 2018-10-15 16:13:27,127 org.nutz.ioc.loader.annotation.AnnotationIocLoader.addClass(AnnotationIocLoader.java:76) - Found @IocBean : class cn.wizzer.app.cms.modules.services.impl.CmsArticleServiceImpl
[DEBUG] 2018-10-15 16:13:27,127 org.nutz.ioc.loader.annotation.AnnotationIocLoader.addClass(AnnotationIocLoader.java:76) - Found @IocBean : class cn.wizzer.app.cms.modules.services.impl.CmsChannelServiceImpl
[DEBUG] 2018-10-15 16:13:27,127 org.nutz.ioc.loader.annotation.AnnotationIocLoader.addClass(AnnotationIocLoader.java:76) - Found @IocBean : class cn.wizzer.app.cms.modules.services.impl.CmsLinkClassServiceImpl
[DEBUG] 2018-10-15 16:13:27,127 org.nutz.ioc.loader.annotation.AnnotationIocLoader.addClass(AnnotationIocLoader.java:76) - Found @IocBean : class cn.wizzer.app.cms.modules.services.impl.CmsLinkServiceImpl
[DEBUG] 2018-10-15 16:13:27,127 org.nutz.ioc.loader.annotation.AnnotationIocLoader.addClass(AnnotationIocLoader.java:76) - Found @IocBean : class cn.wizzer.app.cms.modules.services.impl.CmsSiteServiceImpl
[DEBUG] 2018-10-15 16:13:27,127 org.nutz.ioc.loader.annotation.AnnotationIocLoader.addClass(AnnotationIocLoader.java:76) - Found @IocBean : class cn.wizzer.app.ins.modules.services.impl.InsBaseinsServiceImpl
[DEBUG] 2018-10-15 16:13:27,127 org.nutz.ioc.loader.annotation.AnnotationIocLoader.addClass(AnnotationIocLoader.java:76) - Found @IocBean : class cn.wizzer.app.ins.modules.services.impl.InsBaseinsSpaceServiceImpl
[DEBUG] 2018-10-15 16:13:27,127 org.nutz.ioc.loader.annotation.AnnotationIocLoader.addClass(AnnotationIocLoader.java:76) - Found @IocBean : class cn.wizzer.app.ins.modules.services.impl.InsCabinetServiceImpl
[DEBUG] 2018-10-15 16:13:27,128 org.nutz.ioc.loader.annotation.AnnotationIocLoader.addClass(AnnotationIocLoader.java:76) - Found @IocBean : class cn.wizzer.app.ins.modules.services.impl.InsCommonServiceImpl
[DEBUG] 2018-10-15 16:13:27,128 org.nutz.ioc.loader.annotation.AnnotationIocLoader.addClass(AnnotationIocLoader.java:76) - Found @IocBean : class cn.wizzer.app.ins.modules.services.impl.InsInstrumentServiceImpl
[DEBUG] 2018-10-15 16:13:27,128 org.nutz.ioc.loader.annotation.AnnotationIocLoader.addClass(AnnotationIocLoader.java:76) - Found @IocBean : class cn.wizzer.app.ins.modules.services.impl.InsLockServiceImpl
[DEBUG] 2018-10-15 16:13:27,128 org.nutz.ioc.loader.annotation.AnnotationIocLoader.addClass(AnnotationIocLoader.java:76) - Found @IocBean : class cn.wizzer.app.ins.modules.services.impl.InsOrderentryServiceImpl
[DEBUG] 2018-10-15 16:13:27,128 org.nutz.ioc.loader.annotation.AnnotationIocLoader.addClass(AnnotationIocLoader.java:76) - Found @IocBean : class cn.wizzer.app.ins.modules.services.impl.InsOrderServiceImpl
[DEBUG] 2018-10-15 16:13:27,128 org.nutz.ioc.loader.annotation.AnnotationIocLoader.addClass(AnnotationIocLoader.java:76) - Found @IocBean : class cn.wizzer.app.ins.modules.services.impl.InsRepairServiceImpl
[DEBUG] 2018-10-15 16:13:27,128 org.nutz.ioc.loader.annotation.AnnotationIocLoader.addClass(AnnotationIocLoader.java:76) - Found @IocBean : class cn.wizzer.app.ins.modules.services.impl.InsRepairtrackServiceImpl
[DEBUG] 2018-10-15 16:13:27,128 org.nutz.ioc.loader.annotation.AnnotationIocLoader.addClass(AnnotationIocLoader.java:76) - Found @IocBean : class cn.wizzer.app.ins.modules.services.impl.InsRfheadServiceImpl
[DEBUG] 2018-10-15 16:13:27,128 org.nutz.ioc.loader.annotation.AnnotationIocLoader.addClass(AnnotationIocLoader.java:76) - Found @IocBean : class cn.wizzer.app.ins.modules.services.impl.InsRfidServiceImpl
[DEBUG] 2018-10-15 16:13:27,129 org.nutz.ioc.loader.annotation.AnnotationIocLoader.addClass(AnnotationIocLoader.java:76) - Found @IocBean : class cn.wizzer.app.ins.modules.services.impl.InsSpaceServiceImpl
[DEBUG] 2018-10-15 16:13:27,129 org.nutz.ioc.loader.annotation.AnnotationIocLoader.addClass(AnnotationIocLoader.java:76) - Found @IocBean : class cn.wizzer.app.ins.modules.services.impl.InsToolcabinetServiceImpl
[DEBUG] 2018-10-15 16:13:27,129 org.nutz.ioc.loader.annotation.AnnotationIocLoader.addClass(AnnotationIocLoader.java:76) - Found @IocBean : class cn.wizzer.app.ins.modules.services.impl.InsTransmitServiceImpl
[DEBUG] 2018-10-15 16:13:27,129 org.nutz.ioc.loader.annotation.AnnotationIocLoader.addClass(AnnotationIocLoader.java:76) - Found @IocBean : class cn.wizzer.app.logistics.modules.services.impl.LogisticsDeliveryorderentryServiceImpl
[DEBUG] 2018-10-15 16:13:27,129 org.nutz.ioc.loader.annotation.AnnotationIocLoader.addClass(AnnotationIocLoader.java:76) - Found @IocBean : class cn.wizzer.app.logistics.modules.services.impl.LogisticsDeliveryorderServiceImpl
[DEBUG] 2018-10-15 16:13:27,129 org.nutz.ioc.loader.annotation.AnnotationIocLoader.addClass(AnnotationIocLoader.java:76) - Found @IocBean : class cn.wizzer.app.logistics.modules.services.impl.LogisticsEntourageServiceImpl
[DEBUG] 2018-10-15 16:13:27,129 org.nutz.ioc.loader.annotation.AnnotationIocLoader.addClass(AnnotationIocLoader.java:76) - Found @IocBean : class cn.wizzer.app.logistics.modules.services.impl.LogisticsOrderdeliveryServiceImpl
[DEBUG] 2018-10-15 16:13:27,129 org.nutz.ioc.loader.annotation.AnnotationIocLoader.addClass(AnnotationIocLoader.java:76) - Found @IocBean : class cn.wizzer.app.logistics.modules.services.impl.LogisticsOrderentryServiceImpl
[DEBUG] 2018-10-15 16:13:27,129 org.nutz.ioc.loader.annotation.AnnotationIocLoader.addClass(AnnotationIocLoader.java:76) - Found @IocBean : class cn.wizzer.app.logistics.modules.services.impl.LogisticsOrderplanentryServiceImpl
[DEBUG] 2018-10-15 16:13:27,129 org.nutz.ioc.loader.annotation.AnnotationIocLoader.addClass(AnnotationIocLoader.java:76) - Found @IocBean : class cn.wizzer.app.logistics.modules.services.impl.LogisticsOrderplanServiceImpl
[DEBUG] 2018-10-15 16:13:27,129 org.nutz.ioc.loader.annotation.AnnotationIocLoader.addClass(AnnotationIocLoader.java:76) - Found @IocBean : class cn.wizzer.app.logistics.modules.services.impl.LogisticsOrderrejectServiceImpl
[DEBUG] 2018-10-15 16:13:27,130 org.nutz.ioc.loader.annotation.AnnotationIocLoader.addClass(AnnotationIocLoader.java:76) - Found @IocBean : class cn.wizzer.app.logistics.modules.services.impl.LogisticsOrderServiceImpl
[DEBUG] 2018-10-15 16:13:27,130 org.nutz.ioc.loader.annotation.AnnotationIocLoader.addClass(AnnotationIocLoader.java:76) - Found @IocBean : class cn.wizzer.app.logistics.modules.services.impl.LogisticsOrderstepServiceImpl
[DEBUG] 2018-10-15 16:13:27,130 org.nutz.ioc.loader.annotation.AnnotationIocLoader.addClass(AnnotationIocLoader.java:76) - Found @IocBean : class cn.wizzer.app.logistics.modules.services.impl.LogisticsSendapprovalServiceImpl
[DEBUG] 2018-10-15 16:13:27,130 org.nutz.ioc.loader.annotation.AnnotationIocLoader.addClass(AnnotationIocLoader.java:76) - Found @IocBean : class cn.wizzer.app.logistics.modules.services.impl.LogisticsSendgoodsServiceImpl
[DEBUG] 2018-10-15 16:13:27,130 org.nutz.ioc.loader.annotation.AnnotationIocLoader.addClass(AnnotationIocLoader.java:76) - Found @IocBean : class cn.wizzer.app.logistics.modules.services.impl.LogisticsSendplanServiceImpl
[DEBUG] 2018-10-15 16:13:27,130 org.nutz.ioc.loader.annotation.AnnotationIocLoader.addClass(AnnotationIocLoader.java:76) - Found @IocBean : class cn.wizzer.app.logistics.modules.services.impl.LogisticsSendtraceServiceImpl
[DEBUG] 2018-10-15 16:13:27,130 org.nutz.ioc.loader.annotation.AnnotationIocLoader.addClass(AnnotationIocLoader.java:76) - Found @IocBean : class cn.wizzer.app.logistics.modules.services.impl.LogisticsUnplanServiceImpl
[DEBUG] 2018-10-15 16:13:27,130 org.nutz.ioc.loader.annotation.AnnotationIocLoader.addClass(AnnotationIocLoader.java:76) - Found @IocBean : class cn.wizzer.app.sys.modules.services.impl.SysApiServiceImpl
[DEBUG] 2018-10-15 16:13:27,130 org.nutz.ioc.loader.annotation.AnnotationIocLoader.addClass(AnnotationIocLoader.java:76) - Found @IocBean : class cn.wizzer.app.sys.modules.services.impl.SysBarcodeServiceImpl
[DEBUG] 2018-10-15 16:13:27,130 org.nutz.ioc.loader.annotation.AnnotationIocLoader.addClass(AnnotationIocLoader.java:76) - Found @IocBean : class cn.wizzer.app.sys.modules.services.impl.SysConfigServiceImpl
[DEBUG] 2018-10-15 16:13:27,130 org.nutz.ioc.loader.annotation.AnnotationIocLoader.addClass(AnnotationIocLoader.java:76) - Found @IocBean : class cn.wizzer.app.sys.modules.services.impl.SysDictServiceImpl
[DEBUG] 2018-10-15 16:13:27,130 org.nutz.ioc.loader.annotation.AnnotationIocLoader.addClass(AnnotationIocLoader.java:76) - Found @IocBean : class cn.wizzer.app.sys.modules.services.impl.SysLogServiceImpl
[DEBUG] 2018-10-15 16:13:27,131 org.nutz.ioc.loader.annotation.AnnotationIocLoader.addClass(AnnotationIocLoader.java:76) - Found @IocBean : class cn.wizzer.app.sys.modules.services.impl.SysMenuServiceImpl
[DEBUG] 2018-10-15 16:13:27,131 org.nutz.ioc.loader.annotation.AnnotationIocLoader.addClass(AnnotationIocLoader.java:76) - Found @IocBean : class cn.wizzer.app.sys.modules.services.impl.SysMobileServiceImpl
[DEBUG] 2018-10-15 16:13:27,131 org.nutz.ioc.loader.annotation.AnnotationIocLoader.addClass(AnnotationIocLoader.java:76) - Found @IocBean : class cn.wizzer.app.sys.modules.services.impl.SysPluginServiceImpl
[DEBUG] 2018-10-15 16:13:27,131 org.nutz.ioc.loader.annotation.AnnotationIocLoader.addClass(AnnotationIocLoader.java:76) - Found @IocBean : class cn.wizzer.app.sys.modules.services.impl.SysRegistauditServiceImpl
[DEBUG] 2018-10-15 16:13:27,131 org.nutz.ioc.loader.annotation.AnnotationIocLoader.addClass(AnnotationIocLoader.java:76) - Found @IocBean : class cn.wizzer.app.sys.modules.services.impl.SysRoleServiceImpl
[DEBUG] 2018-10-15 16:13:27,131 org.nutz.ioc.loader.annotation.AnnotationIocLoader.addClass(AnnotationIocLoader.java:76) - Found @IocBean : class cn.wizzer.app.sys.modules.services.impl.SysRouteServiceImpl
[DEBUG] 2018-10-15 16:13:27,131 org.nutz.ioc.loader.annotation.AnnotationIocLoader.addClass(AnnotationIocLoader.java:76) - Found @IocBean : class cn.wizzer.app.sys.modules.services.impl.SysTaskServiceImpl
[DEBUG] 2018-10-15 16:13:27,131 org.nutz.ioc.loader.annotation.AnnotationIocLoader.addClass(AnnotationIocLoader.java:76) - Found @IocBean : class cn.wizzer.app.sys.modules.services.impl.SysTempuserServiceImpl
[DEBUG] 2018-10-15 16:13:27,131 org.nutz.ioc.loader.annotation.AnnotationIocLoader.addClass(AnnotationIocLoader.java:76) - Found @IocBean : class cn.wizzer.app.sys.modules.services.impl.SysUnitServiceImpl
[DEBUG] 2018-10-15 16:13:27,131 org.nutz.ioc.loader.annotation.AnnotationIocLoader.addClass(AnnotationIocLoader.java:76) - Found @IocBean : class cn.wizzer.app.sys.modules.services.impl.SysUserServiceImpl
[DEBUG] 2018-10-15 16:13:27,131 org.nutz.ioc.loader.annotation.AnnotationIocLoader.addClass(AnnotationIocLoader.java:76) - Found @IocBean : class cn.wizzer.app.sys.modules.services.impl.SysVersionServiceImpl
[DEBUG] 2018-10-15 16:13:27,131 org.nutz.ioc.loader.annotation.AnnotationIocLoader.addClass(AnnotationIocLoader.java:76) - Found @IocBean : class cn.wizzer.app.sys.modules.services.impl.SysWxDeptServiceImpl
[DEBUG] 2018-10-15 16:13:27,132 org.nutz.ioc.loader.annotation.AnnotationIocLoader.addClass(AnnotationIocLoader.java:76) - Found @IocBean : class cn.wizzer.app.sys.modules.services.impl.SysWxServiceImpl
[DEBUG] 2018-10-15 16:13:27,132 org.nutz.ioc.loader.annotation.AnnotationIocLoader.addClass(AnnotationIocLoader.java:76) - Found @IocBean : class cn.wizzer.app.sys.modules.services.impl.SysWxUserServiceImpl
[DEBUG] 2018-10-15 16:13:27,132 org.nutz.ioc.loader.annotation.AnnotationIocLoader.addClass(AnnotationIocLoader.java:76) - Found @IocBean : class cn.wizzer.app.web.commons.plugin.DynamicInterceptor
[DEBUG] 2018-10-15 16:13:27,132 org.nutz.ioc.loader.annotation.AnnotationIocLoader.addClass(AnnotationIocLoader.java:76) - Found @IocBean : class cn.wizzer.app.web.commons.plugin.PluginAopConfigure
[DEBUG] 2018-10-15 16:13:27,132 org.nutz.ioc.loader.annotation.AnnotationIocLoader.addClass(AnnotationIocLoader.java:76) - Found @IocBean : class cn.wizzer.app.web.commons.plugin.PluginMaster
[DEBUG] 2018-10-15 16:13:27,132 org.nutz.ioc.loader.annotation.AnnotationIocLoader.addClass(AnnotationIocLoader.java:76) - Found @IocBean : class cn.wizzer.app.web.commons.quartz.job.orderExecute
[DEBUG] 2018-10-15 16:13:27,132 org.nutz.ioc.loader.annotation.AnnotationIocLoader.addClass(AnnotationIocLoader.java:76) - Found @IocBean : class cn.wizzer.app.web.commons.quartz.job.TestJob
[DEBUG] 2018-10-15 16:13:27,132 org.nutz.ioc.loader.annotation.AnnotationIocLoader.addClass(AnnotationIocLoader.java:76) - Found @IocBean : class cn.wizzer.app.web.commons.services.email.EmailService
[DEBUG] 2018-10-15 16:13:27,132 org.nutz.ioc.loader.annotation.AnnotationIocLoader.addClass(AnnotationIocLoader.java:76) - Found @IocBean : class cn.wizzer.app.web.commons.services.qrcode.QrcodeService
[DEBUG] 2018-10-15 16:13:27,132 org.nutz.ioc.loader.annotation.AnnotationIocLoader.addClass(AnnotationIocLoader.java:76) - Found @IocBean : class cn.wizzer.app.web.commons.services.wx.TplService
[DEBUG] 2018-10-15 16:13:27,132 org.nutz.ioc.loader.annotation.AnnotationIocLoader.addClass(AnnotationIocLoader.java:76) - Found @IocBean : class cn.wizzer.app.web.commons.services.wx.WxHandler
[DEBUG] 2018-10-15 16:13:27,132 org.nutz.ioc.loader.annotation.AnnotationIocLoader.addClass(AnnotationIocLoader.java:76) - Found @IocBean : class cn.wizzer.app.web.commons.shiro.realm.PlatformAuthorizingRealm
[DEBUG] 2018-10-15 16:13:27,132 org.nutz.ioc.loader.annotation.AnnotationIocLoader.addClass(AnnotationIocLoader.java:76) - Found @IocBean : class cn.wizzer.app.web.commons.slog.SLogAopConfigration
[DEBUG] 2018-10-15 16:13:27,133 org.nutz.ioc.loader.annotation.AnnotationIocLoader.addClass(AnnotationIocLoader.java:76) - Found @IocBean : class cn.wizzer.app.web.commons.slog.SLogService
[DEBUG] 2018-10-15 16:13:27,133 org.nutz.ioc.loader.annotation.AnnotationIocLoader.addClass(AnnotationIocLoader.java:76) - Found @IocBean : class cn.wizzer.app.web.modules.controllers.front.wx.CmsController
[DEBUG] 2018-10-15 16:13:27,133 org.nutz.ioc.loader.annotation.AnnotationIocLoader.addClass(AnnotationIocLoader.java:76) - Found @IocBean : class cn.wizzer.app.web.modules.controllers.front.wx.WechatController
[DEBUG] 2018-10-15 16:13:27,133 org.nutz.ioc.loader.annotation.AnnotationIocLoader.addClass(AnnotationIocLoader.java:76) - Found @IocBean : class cn.wizzer.app.web.modules.controllers.open.api.mobile.MobileBaseController
[DEBUG] 2018-10-15 16:13:27,133 org.nutz.ioc.loader.annotation.AnnotationIocLoader.addClass(AnnotationIocLoader.java:76) - Found @IocBean : class cn.wizzer.app.web.modules.controllers.open.api.mobile.MobileInsController
[DEBUG] 2018-10-15 16:13:27,133 org.nutz.ioc.loader.annotation.AnnotationIocLoader.addClass(AnnotationIocLoader.java:76) - Found @IocBean : class cn.wizzer.app.web.modules.controllers.open.api.mobile.MobileOrderController
[DEBUG] 2018-10-15 16:13:27,133 org.nutz.ioc.loader.annotation.AnnotationIocLoader.addClass(AnnotationIocLoader.java:76) - Found @IocBean : class cn.wizzer.app.web.modules.controllers.open.api.mobile.MobileSysController
[DEBUG] 2018-10-15 16:13:27,133 org.nutz.ioc.loader.annotation.AnnotationIocLoader.addClass(AnnotationIocLoader.java:76) - Found @IocBean : class cn.wizzer.app.web.modules.controllers.open.api.pad.PadInsController
[DEBUG] 2018-10-15 16:13:27,133 org.nutz.ioc.loader.annotation.AnnotationIocLoader.addClass(AnnotationIocLoader.java:76) - Found @IocBean : class cn.wizzer.app.web.modules.controllers.open.api.pad.PadOrderController
[DEBUG] 2018-10-15 16:13:27,133 org.nutz.ioc.loader.annotation.AnnotationIocLoader.addClass(AnnotationIocLoader.java:76) - Found @IocBean : class cn.wizzer.app.web.modules.controllers.open.api.pad.PadSysController
[DEBUG] 2018-10-15 16:13:27,133 org.nutz.ioc.loader.annotation.AnnotationIocLoader.addClass(AnnotationIocLoader.java:76) - Found @IocBean : class cn.wizzer.app.web.modules.controllers.open.api.test.ApiTestController
[DEBUG] 2018-10-15 16:13:27,133 org.nutz.ioc.loader.annotation.AnnotationIocLoader.addClass(AnnotationIocLoader.java:76) - Found @IocBean : class cn.wizzer.app.web.modules.controllers.open.api.token.TokenController
[DEBUG] 2018-10-15 16:13:27,133 org.nutz.ioc.loader.annotation.AnnotationIocLoader.addClass(AnnotationIocLoader.java:76) - Found @IocBean : class cn.wizzer.app.web.modules.controllers.open.api.userpermission.UserpermissionController
[DEBUG] 2018-10-15 16:13:27,133 org.nutz.ioc.loader.annotation.AnnotationIocLoader.addClass(AnnotationIocLoader.java:76) - Found @IocBean : class cn.wizzer.app.web.modules.controllers.open.file.UploadController
[DEBUG] 2018-10-15 16:13:27,134 org.nutz.ioc.loader.annotation.AnnotationIocLoader.addClass(AnnotationIocLoader.java:76) - Found @IocBean : class cn.wizzer.app.web.modules.controllers.open.pay.WxPayBackController
[DEBUG] 2018-10-15 16:13:27,134 org.nutz.ioc.loader.annotation.AnnotationIocLoader.addClass(AnnotationIocLoader.java:76) - Found @IocBean : class cn.wizzer.app.web.modules.controllers.open.ueditor.BdController
[DEBUG] 2018-10-15 16:13:27,134 org.nutz.ioc.loader.annotation.AnnotationIocLoader.addClass(AnnotationIocLoader.java:76) - Found @IocBean : class cn.wizzer.app.web.modules.controllers.open.ueditor.WxController
[DEBUG] 2018-10-15 16:13:27,134 org.nutz.ioc.loader.annotation.AnnotationIocLoader.addClass(AnnotationIocLoader.java:76) - Found @IocBean : class cn.wizzer.app.web.modules.controllers.open.wx.WeixinController
[DEBUG] 2018-10-15 16:13:27,134 org.nutz.ioc.loader.annotation.AnnotationIocLoader.addClass(AnnotationIocLoader.java:76) - Found @IocBean : class cn.wizzer.app.web.modules.controllers.platform.base.BaseAirmeterialController
[DEBUG] 2018-10-15 16:13:27,134 org.nutz.ioc.loader.annotation.AnnotationIocLoader.addClass(AnnotationIocLoader.java:76) - Found @IocBean : class cn.wizzer.app.web.modules.controllers.platform.base.BaseAirportController
[DEBUG] 2018-10-15 16:13:27,134 org.nutz.ioc.loader.annotation.AnnotationIocLoader.addClass(AnnotationIocLoader.java:76) - Found @IocBean : class cn.wizzer.app.web.modules.controllers.platform.base.BaseCnctobjController
[DEBUG] 2018-10-15 16:13:27,134 org.nutz.ioc.loader.annotation.AnnotationIocLoader.addClass(AnnotationIocLoader.java:76) - Found @IocBean : class cn.wizzer.app.web.modules.controllers.platform.base.BaseCustomerController
[DEBUG] 2018-10-15 16:13:27,134 org.nutz.ioc.loader.annotation.AnnotationIocLoader.addClass(AnnotationIocLoader.java:76) - Found @IocBean : class cn.wizzer.app.web.modules.controllers.platform.base.BaseDeptController
[DEBUG] 2018-10-15 16:13:27,134 org.nutz.ioc.loader.annotation.AnnotationIocLoader.addClass(AnnotationIocLoader.java:76) - Found @IocBean : class cn.wizzer.app.web.modules.controllers.platform.base.BaseJobController
[DEBUG] 2018-10-15 16:13:27,134 org.nutz.ioc.loader.annotation.AnnotationIocLoader.addClass(AnnotationIocLoader.java:76) - Found @IocBean : class cn.wizzer.app.web.modules.controllers.platform.base.BasePersonController
[DEBUG] 2018-10-15 16:13:27,134 org.nutz.ioc.loader.annotation.AnnotationIocLoader.addClass(AnnotationIocLoader.java:76) - Found @IocBean : class cn.wizzer.app.web.modules.controllers.platform.base.BasePersonpoolController
[DEBUG] 2018-10-15 16:13:27,134 org.nutz.ioc.loader.annotation.AnnotationIocLoader.addClass(AnnotationIocLoader.java:76) - Found @IocBean : class cn.wizzer.app.web.modules.controllers.platform.base.BasePlaceController
[DEBUG] 2018-10-15 16:13:27,134 org.nutz.ioc.loader.annotation.AnnotationIocLoader.addClass(AnnotationIocLoader.java:76) - Found @IocBean : class cn.wizzer.app.web.modules.controllers.platform.base.BasePostController
[DEBUG] 2018-10-15 16:13:27,135 org.nutz.ioc.loader.annotation.AnnotationIocLoader.addClass(AnnotationIocLoader.java:76) - Found @IocBean : class cn.wizzer.app.web.modules.controllers.platform.base.BaseRowofficeController
[DEBUG] 2018-10-15 16:13:27,135 org.nutz.ioc.loader.annotation.AnnotationIocLoader.addClass(AnnotationIocLoader.java:76) - Found @IocBean : class cn.wizzer.app.web.modules.controllers.platform.base.BaseRowofficeentryController
[DEBUG] 2018-10-15 16:13:27,135 org.nutz.ioc.loader.annotation.AnnotationIocLoader.addClass(AnnotationIocLoader.java:76) - Found @IocBean : class cn.wizzer.app.web.modules.controllers.platform.base.BaseVehicleController
[DEBUG] 2018-10-15 16:13:27,135 org.nutz.ioc.loader.annotation.AnnotationIocLoader.addClass(AnnotationIocLoader.java:76) - Found @IocBean : class cn.wizzer.app.web.modules.controllers.platform.base.BaseWarehouseController
[DEBUG] 2018-10-15 16:13:27,135 org.nutz.ioc.loader.annotation.AnnotationIocLoader.addClass(AnnotationIocLoader.java:76) - Found @IocBean : class cn.wizzer.app.web.modules.controllers.platform.cms.CmsArticleController
[DEBUG] 2018-10-15 16:13:27,135 org.nutz.ioc.loader.annotation.AnnotationIocLoader.addClass(AnnotationIocLoader.java:76) - Found @IocBean : class cn.wizzer.app.web.modules.controllers.platform.cms.CmsChannelController
[DEBUG] 2018-10-15 16:13:27,135 org.nutz.ioc.loader.annotation.AnnotationIocLoader.addClass(AnnotationIocLoader.java:76) - Found @IocBean : class cn.wizzer.app.web.modules.controllers.platform.cms.CmsLinkClassController
[DEBUG] 2018-10-15 16:13:27,135 org.nutz.ioc.loader.annotation.AnnotationIocLoader.addClass(AnnotationIocLoader.java:76) - Found @IocBean : class cn.wizzer.app.web.modules.controllers.platform.cms.CmsLinkController
[DEBUG] 2018-10-15 16:13:27,135 org.nutz.ioc.loader.annotation.AnnotationIocLoader.addClass(AnnotationIocLoader.java:76) - Found @IocBean : class cn.wizzer.app.web.modules.controllers.platform.cms.CmsSiteController
[DEBUG] 2018-10-15 16:13:27,135 org.nutz.ioc.loader.annotation.AnnotationIocLoader.addClass(AnnotationIocLoader.java:76) - Found @IocBean : class cn.wizzer.app.web.modules.controllers.platform.ins.InsBaseinsController
[DEBUG] 2018-10-15 16:13:27,135 org.nutz.ioc.loader.annotation.AnnotationIocLoader.addClass(AnnotationIocLoader.java:76) - Found @IocBean : class cn.wizzer.app.web.modules.controllers.platform.ins.InsBaseinsSpaceController
[DEBUG] 2018-10-15 16:13:27,135 org.nutz.ioc.loader.annotation.AnnotationIocLoader.addClass(AnnotationIocLoader.java:76) - Found @IocBean : class cn.wizzer.app.web.modules.controllers.platform.ins.InsCabinetController
[DEBUG] 2018-10-15 16:13:27,135 org.nutz.ioc.loader.annotation.AnnotationIocLoader.addClass(AnnotationIocLoader.java:76) - Found @IocBean : class cn.wizzer.app.web.modules.controllers.platform.ins.InsCommonController
[DEBUG] 2018-10-15 16:13:27,135 org.nutz.ioc.loader.annotation.AnnotationIocLoader.addClass(AnnotationIocLoader.java:76) - Found @IocBean : class cn.wizzer.app.web.modules.controllers.platform.ins.InsInstrumentController
[DEBUG] 2018-10-15 16:13:27,135 org.nutz.ioc.loader.annotation.AnnotationIocLoader.addClass(AnnotationIocLoader.java:76) - Found @IocBean : class cn.wizzer.app.web.modules.controllers.platform.ins.InsLockController
[DEBUG] 2018-10-15 16:13:27,136 org.nutz.ioc.loader.annotation.AnnotationIocLoader.addClass(AnnotationIocLoader.java:76) - Found @IocBean : class cn.wizzer.app.web.modules.controllers.platform.ins.InsOrderController
[DEBUG] 2018-10-15 16:13:27,136 org.nutz.ioc.loader.annotation.AnnotationIocLoader.addClass(AnnotationIocLoader.java:76) - Found @IocBean : class cn.wizzer.app.web.modules.controllers.platform.ins.InsOrderentryController
[DEBUG] 2018-10-15 16:13:27,136 org.nutz.ioc.loader.annotation.AnnotationIocLoader.addClass(AnnotationIocLoader.java:76) - Found @IocBean : class cn.wizzer.app.web.modules.controllers.platform.ins.InsRepairController
[DEBUG] 2018-10-15 16:13:27,136 org.nutz.ioc.loader.annotation.AnnotationIocLoader.addClass(AnnotationIocLoader.java:76) - Found @IocBean : class cn.wizzer.app.web.modules.controllers.platform.ins.InsRepairtrackController
[DEBUG] 2018-10-15 16:13:27,136 org.nutz.ioc.loader.annotation.AnnotationIocLoader.addClass(AnnotationIocLoader.java:76) - Found @IocBean : class cn.wizzer.app.web.modules.controllers.platform.ins.InsRfheadController
[DEBUG] 2018-10-15 16:13:27,136 org.nutz.ioc.loader.annotation.AnnotationIocLoader.addClass(AnnotationIocLoader.java:76) - Found @IocBean : class cn.wizzer.app.web.modules.controllers.platform.ins.InsRfidController
[DEBUG] 2018-10-15 16:13:27,136 org.nutz.ioc.loader.annotation.AnnotationIocLoader.addClass(AnnotationIocLoader.java:76) - Found @IocBean : class cn.wizzer.app.web.modules.controllers.platform.ins.InsSpaceController
[DEBUG] 2018-10-15 16:13:27,136 org.nutz.ioc.loader.annotation.AnnotationIocLoader.addClass(AnnotationIocLoader.java:76) - Found @IocBean : class cn.wizzer.app.web.modules.controllers.platform.ins.InsToolcabinetController
[DEBUG] 2018-10-15 16:13:27,136 org.nutz.ioc.loader.annotation.AnnotationIocLoader.addClass(AnnotationIocLoader.java:76) - Found @IocBean : class cn.wizzer.app.web.modules.controllers.platform.ins.InsTransmitController
[DEBUG] 2018-10-15 16:13:27,136 org.nutz.ioc.loader.annotation.AnnotationIocLoader.addClass(AnnotationIocLoader.java:76) - Found @IocBean : class cn.wizzer.app.web.modules.controllers.platform.logistics.LogisticsDeliveryorderController
[DEBUG] 2018-10-15 16:13:27,136 org.nutz.ioc.loader.annotation.AnnotationIocLoader.addClass(AnnotationIocLoader.java:76) - Found @IocBean : class cn.wizzer.app.web.modules.controllers.platform.logistics.LogisticsDeliveryorderentryController
[DEBUG] 2018-10-15 16:13:27,136 org.nutz.ioc.loader.annotation.AnnotationIocLoader.addClass(AnnotationIocLoader.java:76) - Found @IocBean : class cn.wizzer.app.web.modules.controllers.platform.logistics.LogisticsEntourageController
[DEBUG] 2018-10-15 16:13:27,136 org.nutz.ioc.loader.annotation.AnnotationIocLoader.addClass(AnnotationIocLoader.java:76) - Found @IocBean : class cn.wizzer.app.web.modules.controllers.platform.logistics.LogisticsOrderController
[DEBUG] 2018-10-15 16:13:27,137 org.nutz.ioc.loader.annotation.AnnotationIocLoader.addClass(AnnotationIocLoader.java:76) - Found @IocBean : class cn.wizzer.app.web.modules.controllers.platform.logistics.LogisticsOrderdeliveryController
[DEBUG] 2018-10-15 16:13:27,137 org.nutz.ioc.loader.annotation.AnnotationIocLoader.addClass(AnnotationIocLoader.java:76) - Found @IocBean : class cn.wizzer.app.web.modules.controllers.platform.logistics.LogisticsOrderentryController
[DEBUG] 2018-10-15 16:13:27,137 org.nutz.ioc.loader.annotation.AnnotationIocLoader.addClass(AnnotationIocLoader.java:76) - Found @IocBean : class cn.wizzer.app.web.modules.controllers.platform.logistics.LogisticsOrderplanController
[DEBUG] 2018-10-15 16:13:27,137 org.nutz.ioc.loader.annotation.AnnotationIocLoader.addClass(AnnotationIocLoader.java:76) - Found @IocBean : class cn.wizzer.app.web.modules.controllers.platform.logistics.LogisticsOrderplanentryController
[DEBUG] 2018-10-15 16:13:27,137 org.nutz.ioc.loader.annotation.AnnotationIocLoader.addClass(AnnotationIocLoader.java:76) - Found @IocBean : class cn.wizzer.app.web.modules.controllers.platform.logistics.LogisticsOrderrejectController
[DEBUG] 2018-10-15 16:13:27,137 org.nutz.ioc.loader.annotation.AnnotationIocLoader.addClass(AnnotationIocLoader.java:76) - Found @IocBean : class cn.wizzer.app.web.modules.controllers.platform.logistics.LogisticsOrderstepController
[DEBUG] 2018-10-15 16:13:27,137 org.nutz.ioc.loader.annotation.AnnotationIocLoader.addClass(AnnotationIocLoader.java:76) - Found @IocBean : class cn.wizzer.app.web.modules.controllers.platform.logistics.LogisticsSendapprovalController
[DEBUG] 2018-10-15 16:13:27,137 org.nutz.ioc.loader.annotation.AnnotationIocLoader.addClass(AnnotationIocLoader.java:76) - Found @IocBean : class cn.wizzer.app.web.modules.controllers.platform.logistics.LogisticsSendgoodsController
[DEBUG] 2018-10-15 16:13:27,137 org.nutz.ioc.loader.annotation.AnnotationIocLoader.addClass(AnnotationIocLoader.java:76) - Found @IocBean : class cn.wizzer.app.web.modules.controllers.platform.logistics.LogisticsSendplanController
[DEBUG] 2018-10-15 16:13:27,137 org.nutz.ioc.loader.annotation.AnnotationIocLoader.addClass(AnnotationIocLoader.java:76) - Found @IocBean : class cn.wizzer.app.web.modules.controllers.platform.logistics.LogisticsSendtraceController
[DEBUG] 2018-10-15 16:13:27,137 org.nutz.ioc.loader.annotation.AnnotationIocLoader.addClass(AnnotationIocLoader.java:76) - Found @IocBean : class cn.wizzer.app.web.modules.controllers.platform.logistics.LogisticsUnplanController
[DEBUG] 2018-10-15 16:13:27,137 org.nutz.ioc.loader.annotation.AnnotationIocLoader.addClass(AnnotationIocLoader.java:76) - Found @IocBean : class cn.wizzer.app.web.modules.controllers.platform.sys.SysApiController
[DEBUG] 2018-10-15 16:13:27,137 org.nutz.ioc.loader.annotation.AnnotationIocLoader.addClass(AnnotationIocLoader.java:76) - Found @IocBean : class cn.wizzer.app.web.modules.controllers.platform.sys.SysBarcodeController
[DEBUG] 2018-10-15 16:13:27,137 org.nutz.ioc.loader.annotation.AnnotationIocLoader.addClass(AnnotationIocLoader.java:76) - Found @IocBean : class cn.wizzer.app.web.modules.controllers.platform.sys.SysConfController
[DEBUG] 2018-10-15 16:13:27,137 org.nutz.ioc.loader.annotation.AnnotationIocLoader.addClass(AnnotationIocLoader.java:76) - Found @IocBean : class cn.wizzer.app.web.modules.controllers.platform.sys.SysDictController
[DEBUG] 2018-10-15 16:13:27,138 org.nutz.ioc.loader.annotation.AnnotationIocLoader.addClass(AnnotationIocLoader.java:76) - Found @IocBean : class cn.wizzer.app.web.modules.controllers.platform.sys.SysHomeController
[DEBUG] 2018-10-15 16:13:27,138 org.nutz.ioc.loader.annotation.AnnotationIocLoader.addClass(AnnotationIocLoader.java:76) - Found @IocBean : class cn.wizzer.app.web.modules.controllers.platform.sys.SysLogController
[DEBUG] 2018-10-15 16:13:27,138 org.nutz.ioc.loader.annotation.AnnotationIocLoader.addClass(AnnotationIocLoader.java:76) - Found @IocBean : class cn.wizzer.app.web.modules.controllers.platform.sys.SysLoginController
[DEBUG] 2018-10-15 16:13:27,138 org.nutz.ioc.loader.annotation.AnnotationIocLoader.addClass(AnnotationIocLoader.java:76) - Found @IocBean : class cn.wizzer.app.web.modules.controllers.platform.sys.SysMenuController
[DEBUG] 2018-10-15 16:13:27,138 org.nutz.ioc.loader.annotation.AnnotationIocLoader.addClass(AnnotationIocLoader.java:76) - Found @IocBean : class cn.wizzer.app.web.modules.controllers.platform.sys.SysMobileController
[DEBUG] 2018-10-15 16:13:27,138 org.nutz.ioc.loader.annotation.AnnotationIocLoader.addClass(AnnotationIocLoader.java:76) - Found @IocBean : class cn.wizzer.app.web.modules.controllers.platform.sys.SysPluginController
[DEBUG] 2018-10-15 16:13:27,138 org.nutz.ioc.loader.annotation.AnnotationIocLoader.addClass(AnnotationIocLoader.java:76) - Found @IocBean : class cn.wizzer.app.web.modules.controllers.platform.sys.SysRegistauditController
[DEBUG] 2018-10-15 16:13:27,138 org.nutz.ioc.loader.annotation.AnnotationIocLoader.addClass(AnnotationIocLoader.java:76) - Found @IocBean : class cn.wizzer.app.web.modules.controllers.platform.sys.SysRoleController
[DEBUG] 2018-10-15 16:13:27,138 org.nutz.ioc.loader.annotation.AnnotationIocLoader.addClass(AnnotationIocLoader.java:76) - Found @IocBean : class cn.wizzer.app.web.modules.controllers.platform.sys.SysRouteController
[DEBUG] 2018-10-15 16:13:27,138 org.nutz.ioc.loader.annotation.AnnotationIocLoader.addClass(AnnotationIocLoader.java:76) - Found @IocBean : class cn.wizzer.app.web.modules.controllers.platform.sys.SysTaskController
[DEBUG] 2018-10-15 16:13:27,138 org.nutz.ioc.loader.annotation.AnnotationIocLoader.addClass(AnnotationIocLoader.java:76) - Found @IocBean : class cn.wizzer.app.web.modules.controllers.platform.sys.SysTempuserController
[DEBUG] 2018-10-15 16:13:27,138 org.nutz.ioc.loader.annotation.AnnotationIocLoader.addClass(AnnotationIocLoader.java:76) - Found @IocBean : class cn.wizzer.app.web.modules.controllers.platform.sys.SysUnitController
[DEBUG] 2018-10-15 16:13:27,138 org.nutz.ioc.loader.annotation.AnnotationIocLoader.addClass(AnnotationIocLoader.java:76) - Found @IocBean : class cn.wizzer.app.web.modules.controllers.platform.sys.SysUserController
[DEBUG] 2018-10-15 16:13:27,139 org.nutz.ioc.loader.annotation.AnnotationIocLoader.addClass(AnnotationIocLoader.java:76) - Found @IocBean : class cn.wizzer.app.web.modules.controllers.platform.sys.SysVersionController
[DEBUG] 2018-10-15 16:13:27,139 org.nutz.ioc.loader.annotation.AnnotationIocLoader.addClass(AnnotationIocLoader.java:76) - Found @IocBean : class cn.wizzer.app.web.modules.controllers.platform.sys.SysWxController
[DEBUG] 2018-10-15 16:13:27,139 org.nutz.ioc.loader.annotation.AnnotationIocLoader.addClass(AnnotationIocLoader.java:76) - Found @IocBean : class cn.wizzer.app.web.modules.controllers.platform.sys.SysWxDeptController
[DEBUG] 2018-10-15 16:13:27,139 org.nutz.ioc.loader.annotation.AnnotationIocLoader.addClass(AnnotationIocLoader.java:76) - Found @IocBean : class cn.wizzer.app.web.modules.controllers.platform.sys.SysWxUserController
[DEBUG] 2018-10-15 16:13:27,139 org.nutz.ioc.loader.annotation.AnnotationIocLoader.addClass(AnnotationIocLoader.java:76) - Found @IocBean : class cn.wizzer.app.web.modules.controllers.platform.wx.WxConfigController
[DEBUG] 2018-10-15 16:13:27,139 org.nutz.ioc.loader.annotation.AnnotationIocLoader.addClass(AnnotationIocLoader.java:76) - Found @IocBean : class cn.wizzer.app.web.modules.controllers.platform.wx.WxMassController
[DEBUG] 2018-10-15 16:13:27,139 org.nutz.ioc.loader.annotation.AnnotationIocLoader.addClass(AnnotationIocLoader.java:76) - Found @IocBean : class cn.wizzer.app.web.modules.controllers.platform.wx.WxMenuController
[DEBUG] 2018-10-15 16:13:27,139 org.nutz.ioc.loader.annotation.AnnotationIocLoader.addClass(AnnotationIocLoader.java:76) - Found @IocBean : class cn.wizzer.app.web.modules.controllers.platform.wx.WxMsgUserController
[DEBUG] 2018-10-15 16:13:27,139 org.nutz.ioc.loader.annotation.AnnotationIocLoader.addClass(AnnotationIocLoader.java:76) - Found @IocBean : class cn.wizzer.app.web.modules.controllers.platform.wx.WxPayTestController
[DEBUG] 2018-10-15 16:13:27,139 org.nutz.ioc.loader.annotation.AnnotationIocLoader.addClass(AnnotationIocLoader.java:76) - Found @IocBean : class cn.wizzer.app.web.modules.controllers.platform.wx.WxReplyController
[DEBUG] 2018-10-15 16:13:27,139 org.nutz.ioc.loader.annotation.AnnotationIocLoader.addClass(AnnotationIocLoader.java:76) - Found @IocBean : class cn.wizzer.app.web.modules.controllers.platform.wx.WxReplyNewsController
[DEBUG] 2018-10-15 16:13:27,139 org.nutz.ioc.loader.annotation.AnnotationIocLoader.addClass(AnnotationIocLoader.java:76) - Found @IocBean : class cn.wizzer.app.web.modules.controllers.platform.wx.WxReplyTxtController
[DEBUG] 2018-10-15 16:13:27,140 org.nutz.ioc.loader.annotation.AnnotationIocLoader.addClass(AnnotationIocLoader.java:76) - Found @IocBean : class cn.wizzer.app.web.modules.controllers.platform.wx.WxTplIdController
[DEBUG] 2018-10-15 16:13:27,140 org.nutz.ioc.loader.annotation.AnnotationIocLoader.addClass(AnnotationIocLoader.java:76) - Found @IocBean : class cn.wizzer.app.web.modules.controllers.platform.wx.WxTplListController
[DEBUG] 2018-10-15 16:13:27,140 org.nutz.ioc.loader.annotation.AnnotationIocLoader.addClass(AnnotationIocLoader.java:76) - Found @IocBean : class cn.wizzer.app.web.modules.controllers.platform.wx.WxTplLogController
[DEBUG] 2018-10-15 16:13:27,140 org.nutz.ioc.loader.annotation.AnnotationIocLoader.addClass(AnnotationIocLoader.java:76) - Found @IocBean : class cn.wizzer.app.web.modules.controllers.platform.wx.WxUserController
[DEBUG] 2018-10-15 16:13:27,140 org.nutz.ioc.loader.annotation.AnnotationIocLoader.addClass(AnnotationIocLoader.java:76) - Found @IocBean : class cn.wizzer.app.wx.modules.services.impl.WxConfigServiceImpl
[DEBUG] 2018-10-15 16:13:27,140 org.nutz.ioc.loader.annotation.AnnotationIocLoader.addClass(AnnotationIocLoader.java:76) - Found @IocBean : class cn.wizzer.app.wx.modules.services.impl.WxMassNewsServiceImpl
[DEBUG] 2018-10-15 16:13:27,140 org.nutz.ioc.loader.annotation.AnnotationIocLoader.addClass(AnnotationIocLoader.java:76) - Found @IocBean : class cn.wizzer.app.wx.modules.services.impl.WxMassSendServiceImpl
[DEBUG] 2018-10-15 16:13:27,140 org.nutz.ioc.loader.annotation.AnnotationIocLoader.addClass(AnnotationIocLoader.java:76) - Found @IocBean : class cn.wizzer.app.wx.modules.services.impl.WxMassServiceImpl
[DEBUG] 2018-10-15 16:13:27,140 org.nutz.ioc.loader.annotation.AnnotationIocLoader.addClass(AnnotationIocLoader.java:76) - Found @IocBean : class cn.wizzer.app.wx.modules.services.impl.WxMenuServiceImpl
[DEBUG] 2018-10-15 16:13:27,140 org.nutz.ioc.loader.annotation.AnnotationIocLoader.addClass(AnnotationIocLoader.java:76) - Found @IocBean : class cn.wizzer.app.wx.modules.services.impl.WxMsgReplyServiceImpl
[DEBUG] 2018-10-15 16:13:27,140 org.nutz.ioc.loader.annotation.AnnotationIocLoader.addClass(AnnotationIocLoader.java:76) - Found @IocBean : class cn.wizzer.app.wx.modules.services.impl.WxMsgServiceImpl
[DEBUG] 2018-10-15 16:13:27,140 org.nutz.ioc.loader.annotation.AnnotationIocLoader.addClass(AnnotationIocLoader.java:76) - Found @IocBean : class cn.wizzer.app.wx.modules.services.impl.WxReplyNewsServiceImpl
[DEBUG] 2018-10-15 16:13:27,141 org.nutz.ioc.loader.annotation.AnnotationIocLoader.addClass(AnnotationIocLoader.java:76) - Found @IocBean : class cn.wizzer.app.wx.modules.services.impl.WxReplyServiceImpl
[DEBUG] 2018-10-15 16:13:27,141 org.nutz.ioc.loader.annotation.AnnotationIocLoader.addClass(AnnotationIocLoader.java:76) - Found @IocBean : class cn.wizzer.app.wx.modules.services.impl.WxReplyTxtServiceImpl
[DEBUG] 2018-10-15 16:13:27,141 org.nutz.ioc.loader.annotation.AnnotationIocLoader.addClass(AnnotationIocLoader.java:76) - Found @IocBean : class cn.wizzer.app.wx.modules.services.impl.WxTplIdServiceImpl
[DEBUG] 2018-10-15 16:13:27,141 org.nutz.ioc.loader.annotation.AnnotationIocLoader.addClass(AnnotationIocLoader.java:76) - Found @IocBean : class cn.wizzer.app.wx.modules.services.impl.WxTplListServiceImpl
[DEBUG] 2018-10-15 16:13:27,141 org.nutz.ioc.loader.annotation.AnnotationIocLoader.addClass(AnnotationIocLoader.java:76) - Found @IocBean : class cn.wizzer.app.wx.modules.services.impl.WxTplLogServiceImpl
[DEBUG] 2018-10-15 16:13:27,141 org.nutz.ioc.loader.annotation.AnnotationIocLoader.addClass(AnnotationIocLoader.java:76) - Found @IocBean : class cn.wizzer.app.wx.modules.services.impl.WxUserServiceImpl
[DEBUG] 2018-10-15 16:13:27,141 org.nutz.ioc.loader.annotation.AnnotationIocLoader.addClass(AnnotationIocLoader.java:76) - Found @IocBean : class cn.wizzer.test.SimpleTest
[DEBUG] 2018-10-15 16:13:27,143 org.nutz.resource.Scans.scan(Scans.java:274) - Found 0 resource by src( org/nutz/apidoc/ ) , regex( ^.+[.]class$ )
[INFO ] 2018-10-15 16:13:27,143 org.nutz.ioc.loader.annotation.AnnotationIocLoader.<init>(AnnotationIocLoader.java:52) - Found 204 classes in 2 base-packages!
beans = ["wxTplListController", "uploadController", "wxReplyTxtServiceImpl", "logisticsSendplanController", "baseJobServiceImpl", "dateUtil", "qrcodeService", "logisticsSendgoodsServiceImpl", "logisticsOrderentryController", "insLockController", "baseRowofficeentryServiceImpl", "cmsChannelServiceImpl", "insBaseinsServiceImpl", "orderExecute", "cmsArticleController", "basePostController", "baseAirmeterialServiceImpl", "basePersonController", "logisticsOrderplanServiceImpl", "cmsLinkClassController", "basePostServiceImpl", "baseRowofficeServiceImpl", "baseJobController", "baseRowofficeController", "wxReplyController", "insRepairController", "sysConfigServiceImpl", "basePersonpoolController", "baseVehicleController", "wxMsgServiceImpl", "wxPayBackController", "logisticsUnplanController", "mobileInsController", "sysTaskController", "sysBarcodeController", "insTransmitController", "sysDictServiceImpl", "wxConfigServiceImpl", "baseAirportServiceImpl", "apiTestController", "sysMenuController", "cmsSiteServiceImpl", "mobileSysController", "cmsLinkController", "insCommonController", "logisticsOrderplanentryServiceImpl", "insInstrumentController", "sysRegistauditServiceImpl", "insLockServiceImpl", "insOrderController", "wechatController", "wxMsgUserController", "sysDictController", "sysWxUserController", "logisticsDeliveryorderentryController", "basePersonServiceImpl", "insOrderentryServiceImpl", "insRepairtrackController", "insInstrumentServiceImpl", "logisticsSendapprovalServiceImpl", "logisticsOrderdeliveryController", "wxTplListServiceImpl", "tplService", "sysPluginServiceImpl", "insRfheadController", "logisticsSendgoodsController", "mobileBaseController", "baseCnctobjServiceImpl", "nutShiroMethodInterceptor", "insCabinetServiceImpl", "basePlaceServiceImpl", "baseVehicleServiceImpl", "cmsLinkClassServiceImpl", "sysHomeController", "insRfheadServiceImpl", "sysMobileController", "wxMassServiceImpl", "logisticsOrderentryServiceImpl", "logisticsSendplanServiceImpl", "logisticsOrderrejectServiceImpl", "wxHandler", "cmsChannelController", "wxController", "rabbitProducer", "sysTaskServiceImpl", "sysVersionController", "shiroUtil", "wxReplyTxtController", "sysPluginController", "logisticsSendtraceController", "sysApiServiceImpl", "logisticsEntourageServiceImpl", "sLogService", "baseAirportController", "sysApiController", "wxTplIdController", "insSpaceServiceImpl", "logisticsOrderController", "sysTempuserController", "sysUserController", "platformAuthorizingRealm", "testJob", "$aop_1_plugin", "sysRegistauditController", "wxReplyNewsServiceImpl", "insTransmitServiceImpl", "sysLoginController", "wxTplLogServiceImpl", "sysUserServiceImpl", "sysRoleServiceImpl", "sysRouteController", "idcardUtil", "basePlaceController", "sysWxDeptController", "logisticsOrderplanentryController", "userpermissionController", "sysWxServiceImpl", "cmsController", "logisticsSendtraceServiceImpl", "insOrderentryController", "logisticsSendapprovalController", "wxMenuController", "insOrderServiceImpl", "weixinController", "code128Util", "insRepairServiceImpl", "logisticsOrderplanController", "wxMsgReplyServiceImpl", "logisticsOrderdeliveryServiceImpl", "cmsArticleServiceImpl", "baseCnctobjController", "baseCustomerController", "insBaseinsController", "insRfidServiceImpl", "cookieUtil", "baseRowofficeentryController", "logisticsOrderstepServiceImpl", "wxReplyServiceImpl", "bdController", "redisIdGenerator", "insBaseinsSpaceServiceImpl", "cmsSiteController", "logisticsDeliveryorderServiceImpl", "insCabinetController", "logisticsOrderServiceImpl", "sysWxDeptServiceImpl", "sysWxController", "mobileOrderController", "sysRoleController", "logisticsEntourageController", "insCommonServiceImpl", "sysUnitController", "padInsController", "wxMassSendServiceImpl", "logisticsDeliveryorderController", "rSAUtil", "wxConfigController", "stringUtil", "baseCustomerServiceImpl", "basePersonpoolServiceImpl", "insBaseinsSpaceController", "wxUserServiceImpl", "insSpaceController", "sysTempuserServiceImpl", "baseWarehouseServiceImpl", "insToolcabinetController", "sysWxUserServiceImpl", "dynamicInterceptor", "sysLogController", "wxMassController", "emailService", "baseWarehouseController", "insToolcabinetServiceImpl", "wxMenuServiceImpl", "wxReplyNewsController", "baseDeptServiceImpl", "sysRouteServiceImpl", "insRepairtrackServiceImpl", "wxMassNewsServiceImpl", "baseAirmeterialController", "sysMenuServiceImpl", "sysMobileServiceImpl", "simpleTest", "logisticsOrderstepController", "sysLogServiceImpl", "logisticsUnplanServiceImpl", "wxTplIdServiceImpl", "logisticsDeliveryorderentryServiceImpl", "$aop_syslog", "padSysController", "baseDeptController", "logisticsOrderrejectController", "padOrderController", "sysBarcodeServiceImpl", "wxTplLogController", "wxUserController", "wxPayTestController", "tokenController", "sysVersionServiceImpl", "cmsLinkServiceImpl", "sysUnitServiceImpl", "insRfidController", "sysConfController", "pluginMaster"]
[DEBUG] 2018-10-15 16:13:27,144 org.nutz.ioc.loader.combo.ComboIocLoader.createIocLoader(ComboIocLoader.java:110) - found jedis -- org.nutz.integration.jedis.JedisIocLoader
[DEBUG] 2018-10-15 16:13:27,145 org.nutz.resource.Scans.scan(Scans.java:274) - Found 1 resource by src( org/nutz/integration/jedis/jedis.js ) , regex( ^(.+[.])(js|json)$ )
[DEBUG] 2018-10-15 16:13:27,145 org.nutz.ioc.loader.json.JsonLoader.<init>(JsonLoader.java:49) - loading [org/nutz/integration/jedis/jedis.js]
[DEBUG] 2018-10-15 16:13:27,145 org.nutz.ioc.loader.json.JsonLoader.<init>(JsonLoader.java:57) - Loaded 9 bean define from path=[org/nutz/integration/jedis/jedis.js] --> [redisService, jedisCluster, jedisClusterNodes, jedisClusterWrapper, pubSubService, jedisPoolConfig, jedisPool, jedisAgent, redis]
[DEBUG] 2018-10-15 16:13:27,146 org.nutz.ioc.loader.json.JsonLoader.<init>(JsonLoader.java:40) - Loaded 5 bean define from reader --
[txREPEATABLE_READ, txSERIALIZABLE, txNONE, txREAD_UNCOMMITTED, txREAD_COMMITTED]
[DEBUG] 2018-10-15 16:13:27,147 org.nutz.ioc.loader.combo.ComboIocLoader.createIocLoader(ComboIocLoader.java:110) - found quartz -- org.nutz.integration.quartz.QuartzIocLoader
[DEBUG] 2018-10-15 16:13:27,148 org.nutz.ioc.loader.json.JsonLoader.<init>(JsonLoader.java:57) - Loaded 0 bean define from path=[] --> []
[DEBUG] 2018-10-15 16:13:27,148 org.nutz.ioc.aop.SimpleAopMaker.<init>(SimpleAopMaker.java:79) - Load AopConfigure for anno=org.nutz.aop.interceptor.async.Async by type=org.nutz.aop.interceptor.async.AsyncAopIocLoader
[DEBUG] 2018-10-15 16:13:27,149 org.nutz.ioc.loader.combo.ComboIocLoader.createIocLoader(ComboIocLoader.java:110) - found rabbitmq -- org.nutz.integration.rabbitmq.RabbitmqIocLoader
[DEBUG] 2018-10-15 16:13:27,151 org.nutz.resource.Scans.scan(Scans.java:274) - Found 1 resource by src( org/nutz/integration/rabbitmq/rabbitmq.js ) , regex( ^(.+[.])(js|json)$ )
[DEBUG] 2018-10-15 16:13:27,151 org.nutz.ioc.loader.json.JsonLoader.<init>(JsonLoader.java:49) - loading [org/nutz/integration/rabbitmq/rabbitmq.js]
[DEBUG] 2018-10-15 16:13:27,151 org.nutz.ioc.loader.json.JsonLoader.<init>(JsonLoader.java:57) - Loaded 2 bean define from path=[org/nutz/integration/rabbitmq/rabbitmq.js] --> [rabbitmq, rabbitmq_cf]
[INFO ] 2018-10-15 16:13:27,151 org.nutz.ioc.impl.NutIoc.<init>(NutIoc.java:98) - NutIoc init begin ...
[INFO ] 2018-10-15 16:13:27,151 org.nutz.ioc.impl.NutIoc.<init>(NutIoc.java:115) - ... NutIoc init complete
[DEBUG] 2018-10-15 16:13:27,151 org.nutz.ioc.impl.NutIoc.get(NutIoc.java:151) - Get 'conf'<class org.nutz.ioc.impl.PropertiesProxy>
[DEBUG] 2018-10-15 16:13:27,151 org.nutz.ioc.impl.NutIoc.get(NutIoc.java:151) - Get '$aop_1_plugin'<interface org.nutz.ioc.aop.config.AopConfigration>
[DEBUG] 2018-10-15 16:13:27,151 org.nutz.ioc.impl.NutIoc.get(NutIoc.java:177) - 	 >> Load definition name=$aop_1_plugin
[DEBUG] 2018-10-15 16:13:27,151 org.nutz.ioc.loader.combo.ComboIocLoader.load(ComboIocLoader.java:161) - Found IocObject($aop_1_plugin) in AnnotationIocLoader(packages=[cn.wizzer, org.nutz.apidoc])
[DEBUG] 2018-10-15 16:13:27,152 org.nutz.ioc.impl.NutIoc.get(NutIoc.java:209) - 	 >> Make...'$aop_1_plugin'<interface org.nutz.ioc.aop.config.AopConfigration>
[DEBUG] 2018-10-15 16:13:27,152 org.nutz.ioc.impl.ScopeContext.save(ScopeContext.java:64) - Save object '$aop_1_plugin' to [app] 
[DEBUG] 2018-10-15 16:13:27,152 org.nutz.ioc.impl.NutIoc.get(NutIoc.java:151) - Get 'dynamicInterceptor'<class cn.wizzer.app.web.commons.plugin.DynamicInterceptor>
[DEBUG] 2018-10-15 16:13:27,152 org.nutz.ioc.impl.NutIoc.get(NutIoc.java:177) - 	 >> Load definition name=dynamicInterceptor
[DEBUG] 2018-10-15 16:13:27,152 org.nutz.ioc.loader.combo.ComboIocLoader.load(ComboIocLoader.java:161) - Found IocObject(dynamicInterceptor) in AnnotationIocLoader(packages=[cn.wizzer, org.nutz.apidoc])
[DEBUG] 2018-10-15 16:13:27,152 org.nutz.ioc.impl.NutIoc.get(NutIoc.java:209) - 	 >> Make...'dynamicInterceptor'<class cn.wizzer.app.web.commons.plugin.DynamicInterceptor>
[DEBUG] 2018-10-15 16:13:27,152 org.nutz.ioc.impl.ScopeContext.save(ScopeContext.java:64) - Save object 'dynamicInterceptor' to [app] 
[DEBUG] 2018-10-15 16:13:27,152 org.nutz.ioc.impl.NutIoc.get(NutIoc.java:151) - Get '$aop_async'<interface org.nutz.ioc.aop.config.AopConfigration>
[DEBUG] 2018-10-15 16:13:27,152 org.nutz.ioc.impl.NutIoc.get(NutIoc.java:177) - 	 >> Load definition name=$aop_async
[DEBUG] 2018-10-15 16:13:27,152 org.nutz.ioc.loader.combo.ComboIocLoader.load(ComboIocLoader.java:161) - Found IocObject($aop_async) in AsyncAopIocLoader@2101153819
[DEBUG] 2018-10-15 16:13:27,152 org.nutz.ioc.impl.NutIoc.get(NutIoc.java:209) - 	 >> Make...'$aop_async'<interface org.nutz.ioc.aop.config.AopConfigration>
[DEBUG] 2018-10-15 16:13:27,152 org.nutz.ioc.impl.ScopeContext.save(ScopeContext.java:64) - Save object '$aop_async' to [app] 
[DEBUG] 2018-10-15 16:13:27,153 org.nutz.ioc.impl.NutIoc.get(NutIoc.java:151) - Get '$aop_syslog'<interface org.nutz.ioc.aop.config.AopConfigration>
[DEBUG] 2018-10-15 16:13:27,153 org.nutz.ioc.impl.NutIoc.get(NutIoc.java:177) - 	 >> Load definition name=$aop_syslog
[DEBUG] 2018-10-15 16:13:27,153 org.nutz.ioc.loader.combo.ComboIocLoader.load(ComboIocLoader.java:161) - Found IocObject($aop_syslog) in AnnotationIocLoader(packages=[cn.wizzer, org.nutz.apidoc])
[DEBUG] 2018-10-15 16:13:27,153 org.nutz.ioc.impl.NutIoc.get(NutIoc.java:209) - 	 >> Make...'$aop_syslog'<interface org.nutz.ioc.aop.config.AopConfigration>
[DEBUG] 2018-10-15 16:13:27,153 org.nutz.ioc.impl.ScopeContext.save(ScopeContext.java:64) - Save object '$aop_syslog' to [app] 
[DEBUG] 2018-10-15 16:13:27,153 org.nutz.ioc.aop.SimpleAopMaker.<init>(SimpleAopMaker.java:79) - Load AopConfigure for anno=cn.wizzer.app.web.commons.slog.annotation.SLog by type=cn.wizzer.app.web.commons.slog.SLogAopConfigration
[DEBUG] 2018-10-15 16:13:27,153 org.nutz.ioc.aop.SimpleAopMaker.<init>(SimpleAopMaker.java:79) - Load AopConfigure for anno=org.nutz.ioc.aop.Aop by type=org.nutz.ioc.aop.config.impl.AnnotationAopConfigration
[DEBUG] 2018-10-15 16:13:27,153 org.nutz.ioc.impl.NutIoc.get(NutIoc.java:177) - 	 >> Load definition name=conf
[DEBUG] 2018-10-15 16:13:27,153 org.nutz.ioc.loader.map.MapLoader.load(MapLoader.java:67) - Loading define for name=conf
[DEBUG] 2018-10-15 16:13:27,153 org.nutz.ioc.loader.combo.ComboIocLoader.load(ComboIocLoader.java:161) - Found IocObject(conf) in JsonLoader(paths=[config/ioc/])
[DEBUG] 2018-10-15 16:13:27,153 org.nutz.ioc.impl.NutIoc.get(NutIoc.java:209) - 	 >> Make...'conf'<class org.nutz.ioc.impl.PropertiesProxy>
[DEBUG] 2018-10-15 16:13:27,153 cn.wizzer.app.web.commons.plugin.PluginAopConfigure.getInterceptorPairList(PluginAopConfigure.java:33) - skip -- org.nutz.ioc.impl.PropertiesProxy
[DEBUG] 2018-10-15 16:13:27,153 org.nutz.ioc.aop.impl.DefaultMirrorFactory.getMirror(DefaultMirrorFactory.java:70) - Load class org.nutz.ioc.impl.PropertiesProxy without AOP
[DEBUG] 2018-10-15 16:13:27,154 org.nutz.ioc.impl.ScopeContext.save(ScopeContext.java:64) - Save object 'conf' to [app] 
[DEBUG] 2018-10-15 16:13:27,156 org.nutz.resource.Scans.scan(Scans.java:274) - Found 4 resource by src( config/custom/ ) , regex( ^.+[.]properties$ )
[DEBUG] 2018-10-15 16:13:27,156 org.nutz.ioc.impl.PropertiesProxy.setPaths(PropertiesProxy.java:113) - load properties from File[C:\Users\Administrator\IdeaProjects\XA-Instrument\wk-app\wk-web\target\classes\config\custom\db.properties]
[DEBUG] 2018-10-15 16:13:27,157 org.nutz.ioc.impl.PropertiesProxy.setPaths(PropertiesProxy.java:113) - load properties from File[C:\Users\Administrator\IdeaProjects\XA-Instrument\wk-app\wk-web\target\classes\config\custom\mail.properties]
[DEBUG] 2018-10-15 16:13:27,158 org.nutz.ioc.impl.PropertiesProxy.setPaths(PropertiesProxy.java:113) - load properties from File[C:\Users\Administrator\IdeaProjects\XA-Instrument\wk-app\wk-web\target\classes\config\custom\rabbit.properties]
[DEBUG] 2018-10-15 16:13:27,158 org.nutz.ioc.impl.PropertiesProxy.setPaths(PropertiesProxy.java:113) - load properties from File[C:\Users\Administrator\IdeaProjects\XA-Instrument\wk-app\wk-web\target\classes\config\custom\redis.properties]
[DEBUG] 2018-10-15 16:13:27,159 org.nutz.ioc.impl.NutIoc.get(NutIoc.java:151) - Get 'simpleTest'<class cn.wizzer.test.SimpleTest>
[DEBUG] 2018-10-15 16:13:27,159 org.nutz.ioc.impl.NutIoc.get(NutIoc.java:177) - 	 >> Load definition name=simpleTest
[DEBUG] 2018-10-15 16:13:27,159 org.nutz.ioc.loader.combo.ComboIocLoader.load(ComboIocLoader.java:161) - Found IocObject(simpleTest) in AnnotationIocLoader(packages=[cn.wizzer, org.nutz.apidoc])
[DEBUG] 2018-10-15 16:13:27,159 org.nutz.ioc.impl.NutIoc.get(NutIoc.java:209) - 	 >> Make...'simpleTest'<class cn.wizzer.test.SimpleTest>
[DEBUG] 2018-10-15 16:13:27,159 cn.wizzer.app.web.commons.plugin.PluginAopConfigure.getInterceptorPairList(PluginAopConfigure.java:33) - skip -- cn.wizzer.test.SimpleTest
[DEBUG] 2018-10-15 16:13:27,159 org.nutz.ioc.aop.impl.DefaultMirrorFactory.getMirror(DefaultMirrorFactory.java:70) - Load class cn.wizzer.test.SimpleTest without AOP
[DEBUG] 2018-10-15 16:13:27,159 org.nutz.ioc.impl.ScopeContext.save(ScopeContext.java:64) - Save object 'simpleTest' to [app] 
[DEBUG] 2018-10-15 16:13:27,161 org.nutz.ioc.impl.NutIoc.get(NutIoc.java:151) - Get 'dao'<interface org.nutz.dao.Dao>
[DEBUG] 2018-10-15 16:13:27,161 org.nutz.ioc.impl.NutIoc.get(NutIoc.java:177) - 	 >> Load definition name=dao
[DEBUG] 2018-10-15 16:13:27,161 org.nutz.ioc.loader.map.MapLoader.load(MapLoader.java:67) - Loading define for name=dao
[DEBUG] 2018-10-15 16:13:27,161 org.nutz.ioc.loader.combo.ComboIocLoader.load(ComboIocLoader.java:161) - Found IocObject(dao) in JsonLoader(paths=[config/ioc/])
[DEBUG] 2018-10-15 16:13:27,161 org.nutz.ioc.impl.NutIoc.get(NutIoc.java:209) - 	 >> Make...'dao'<interface org.nutz.dao.Dao>
[DEBUG] 2018-10-15 16:13:27,161 cn.wizzer.app.web.commons.plugin.PluginAopConfigure.getInterceptorPairList(PluginAopConfigure.java:33) - skip -- org.nutz.dao.impl.NutDao
[DEBUG] 2018-10-15 16:13:27,161 org.nutz.ioc.aop.impl.DefaultMirrorFactory.getMirror(DefaultMirrorFactory.java:70) - Load class org.nutz.dao.impl.NutDao without AOP
[DEBUG] 2018-10-15 16:13:27,161 org.nutz.ioc.impl.ScopeContext.save(ScopeContext.java:64) - Save object 'dao' to [app] 
[DEBUG] 2018-10-15 16:13:27,161 org.nutz.ioc.impl.NutIoc.get(NutIoc.java:151) - Get 'dataSource'<>
[DEBUG] 2018-10-15 16:13:27,161 org.nutz.ioc.impl.NutIoc.get(NutIoc.java:177) - 	 >> Load definition name=dataSource
[DEBUG] 2018-10-15 16:13:27,161 org.nutz.ioc.loader.map.MapLoader.load(MapLoader.java:67) - Loading define for name=dataSource
[DEBUG] 2018-10-15 16:13:27,161 org.nutz.ioc.loader.combo.ComboIocLoader.load(ComboIocLoader.java:161) - Found IocObject(dataSource) in JsonLoader(paths=[config/ioc/])
[DEBUG] 2018-10-15 16:13:27,162 org.nutz.ioc.impl.NutIoc.get(NutIoc.java:209) - 	 >> Make...'dataSource'<>
[DEBUG] 2018-10-15 16:13:27,162 cn.wizzer.app.web.commons.plugin.PluginAopConfigure.getInterceptorPairList(PluginAopConfigure.java:33) - skip -- com.alibaba.druid.pool.DruidDataSource
[DEBUG] 2018-10-15 16:13:27,162 org.nutz.ioc.aop.impl.DefaultMirrorFactory.getMirror(DefaultMirrorFactory.java:70) - Load class com.alibaba.druid.pool.DruidDataSource without AOP
[DEBUG] 2018-10-15 16:13:27,162 org.nutz.ioc.impl.ScopeContext.save(ScopeContext.java:64) - Save object 'dataSource' to [app] 
[DEBUG] 2018-10-15 16:13:27,162 org.nutz.ioc.impl.NutIoc.get(NutIoc.java:151) - Get 'conf'<>
[DEBUG] 2018-10-15 16:13:27,163 org.nutz.ioc.impl.ScopeContext.remove(ScopeContext.java:84) - Remove object 'dataSource' from [app] 
[DEBUG] 2018-10-15 16:13:27,163 org.nutz.ioc.impl.ScopeContext.remove(ScopeContext.java:84) - Remove object 'dao' from [app] 
[DEBUG] 2018-10-15 16:13:27,163 org.nutz.ioc.impl.ScopeContext.remove(ScopeContext.java:84) - Remove object 'simpleTest' from [app] 
]]></system-out>
  </testcase>
</testsuite>